[2024-02-19T04:57:02.116+0000] {taskinstance.py:1957} INFO - Dependencies all met for dep_context=non-requeueable deps ti=<TaskInstance: final_project.create_staging_songs_table manual__2024-02-19T04:56:30.950941+00:00 [queued]>
[2024-02-19T04:57:02.121+0000] {taskinstance.py:1957} INFO - Dependencies all met for dep_context=requeueable deps ti=<TaskInstance: final_project.create_staging_songs_table manual__2024-02-19T04:56:30.950941+00:00 [queued]>
[2024-02-19T04:57:02.122+0000] {taskinstance.py:2171} INFO - Starting attempt 1 of 4
[2024-02-19T04:57:02.129+0000] {taskinstance.py:2192} INFO - Executing <Task(PostgresOperator): create_staging_songs_table> on 2024-02-19 04:56:30.950941+00:00
[2024-02-19T04:57:02.133+0000] {standard_task_runner.py:60} INFO - Started process 29379 to run task
[2024-02-19T04:57:02.137+0000] {standard_task_runner.py:87} INFO - Running: ['***', 'tasks', 'run', 'final_project', 'create_staging_songs_table', 'manual__2024-02-19T04:56:30.950941+00:00', '--job-id', '133', '--raw', '--subdir', 'DAGS_FOLDER/final_project.py', '--cfg-path', '/tmp/tmpa28uypk8']
[2024-02-19T04:57:02.139+0000] {standard_task_runner.py:88} INFO - Job 133: Subtask create_staging_songs_table
[2024-02-19T04:57:02.168+0000] {task_command.py:423} INFO - Running <TaskInstance: final_project.create_staging_songs_table manual__2024-02-19T04:56:30.950941+00:00 [running]> on host 6b28116ad14a
[2024-02-19T04:57:02.213+0000] {taskinstance.py:2481} INFO - Exporting env vars: AIRFLOW_CTX_DAG_OWNER='udacity' AIRFLOW_CTX_DAG_ID='final_project' AIRFLOW_CTX_TASK_ID='create_staging_songs_table' AIRFLOW_CTX_EXECUTION_DATE='2024-02-19T04:56:30.950941+00:00' AIRFLOW_CTX_TRY_NUMBER='1' AIRFLOW_CTX_DAG_RUN_ID='manual__2024-02-19T04:56:30.950941+00:00'
[2024-02-19T04:57:02.215+0000] {sql.py:276} INFO - Executing: 
    create table if not exists staging.staging_songs (
        artist_id varchar(200) not null,
        artist_latitude double precision,
        artist_location varchar(max),
        artist_longitude double precision,
        artist_name text,
        duration double precision,
        num_songs int,
        song_id varchar(200) not null distkey,        
        title text,  
        year int
    )
    
[2024-02-19T04:57:02.220+0000] {base.py:83} INFO - Using connection ID 'redshift' for task execution.
[2024-02-19T04:57:02.243+0000] {base.py:83} INFO - Using connection ID 'redshift' for task execution.
[2024-02-19T04:57:07.608+0000] {sql.py:432} INFO - Running statement: 
    create table if not exists staging.staging_songs (
        artist_id varchar(200) not null,
        artist_latitude double precision,
        artist_location varchar(max),
        artist_longitude double precision,
        artist_name text,
        duration double precision,
        num_songs int,
        song_id varchar(200) not null distkey,        
        title text,  
        year int
    )
    , parameters: None
[2024-02-19T04:57:14.666+0000] {taskinstance.py:1138} INFO - Marking task as SUCCESS. dag_id=final_project, task_id=create_staging_songs_table, execution_date=20240219T045630, start_date=20240219T045702, end_date=20240219T045714
[2024-02-19T04:57:14.727+0000] {local_task_job_runner.py:234} INFO - Task exited with return code 0
[2024-02-19T04:57:14.751+0000] {taskinstance.py:3281} INFO - 1 downstream tasks scheduled from follow-on schedule check
