[2024-02-19T09:27:24.410+0000] {taskinstance.py:1957} INFO - Dependencies all met for dep_context=non-requeueable deps ti=<TaskInstance: final_project.Load_songplays_fact_table manual__2024-02-19T09:25:05.177058+00:00 [queued]>
[2024-02-19T09:27:24.414+0000] {taskinstance.py:1957} INFO - Dependencies all met for dep_context=requeueable deps ti=<TaskInstance: final_project.Load_songplays_fact_table manual__2024-02-19T09:25:05.177058+00:00 [queued]>
[2024-02-19T09:27:24.414+0000] {taskinstance.py:2171} INFO - Starting attempt 1 of 4
[2024-02-19T09:27:24.420+0000] {taskinstance.py:2192} INFO - Executing <Task(LoadFactOperator): Load_songplays_fact_table> on 2024-02-19 09:25:05.177058+00:00
[2024-02-19T09:27:24.424+0000] {standard_task_runner.py:60} INFO - Started process 680 to run task
[2024-02-19T09:27:24.426+0000] {standard_task_runner.py:87} INFO - Running: ['***', 'tasks', 'run', 'final_project', 'Load_songplays_fact_table', 'manual__2024-02-19T09:25:05.177058+00:00', '--job-id', '157', '--raw', '--subdir', 'DAGS_FOLDER/final_project.py', '--cfg-path', '/tmp/tmpt5vbgcul']
[2024-02-19T09:27:24.428+0000] {standard_task_runner.py:88} INFO - Job 157: Subtask Load_songplays_fact_table
[2024-02-19T09:27:24.453+0000] {task_command.py:423} INFO - Running <TaskInstance: final_project.Load_songplays_fact_table manual__2024-02-19T09:25:05.177058+00:00 [running]> on host b8bde2aaf906
[2024-02-19T09:27:24.488+0000] {taskinstance.py:2481} INFO - Exporting env vars: AIRFLOW_CTX_DAG_OWNER='udacity' AIRFLOW_CTX_DAG_ID='final_project' AIRFLOW_CTX_TASK_ID='Load_songplays_fact_table' AIRFLOW_CTX_EXECUTION_DATE='2024-02-19T09:25:05.177058+00:00' AIRFLOW_CTX_TRY_NUMBER='1' AIRFLOW_CTX_DAG_RUN_ID='manual__2024-02-19T09:25:05.177058+00:00'
[2024-02-19T09:27:24.494+0000] {base.py:83} INFO - Using connection ID 'aws_credentials' for task execution.
[2024-02-19T09:27:24.494+0000] {connection_wrapper.py:378} INFO - AWS Connection (conn_id='aws_credentials', conn_type='aws') credentials retrieved from login and password.
[2024-02-19T09:27:24.500+0000] {load_fact.py:34} INFO - fact.fact_song_plays is being inserted
[2024-02-19T09:27:24.504+0000] {base.py:83} INFO - Using connection ID 'redshift' for task execution.
[2024-02-19T09:27:29.121+0000] {sql.py:432} INFO - Running statement: drop table if exists fact.fact_song_plays, parameters: None
[2024-02-19T09:27:31.332+0000] {base.py:83} INFO - Using connection ID 'redshift' for task execution.
[2024-02-19T09:27:35.065+0000] {sql.py:432} INFO - Running statement: 
        SELECT
            md5(events.sessionid || events.start_time) songplay_id,
            events.start_time, 
            events.userid, 
            events.level, 
            songs.song_id, 
            songs.artist_id, 
            events.sessionid, 
            events.location, 
            events.useragent
        into fact.fact_song_plays
        FROM (
            SELECT TIMESTAMP 'epoch' + ts/1000 * interval '1 second' AS start_time, *
            FROM staging.staging_events
            WHERE page='NextSong'
        ) events
        LEFT JOIN staging.staging_songs songs
        ON events.song = songs.title
            AND events.artist = songs.artist_name
            AND events.length = songs.duration
    , parameters: None
[2024-02-19T09:27:38.282+0000] {taskinstance.py:1138} INFO - Marking task as SUCCESS. dag_id=final_project, task_id=Load_songplays_fact_table, execution_date=20240219T092505, start_date=20240219T092724, end_date=20240219T092738
[2024-02-19T09:27:38.310+0000] {local_task_job_runner.py:234} INFO - Task exited with return code 0
[2024-02-19T09:27:38.323+0000] {taskinstance.py:3281} INFO - 1 downstream tasks scheduled from follow-on schedule check
