[2024-02-19T09:25:50.857+0000] {taskinstance.py:1957} INFO - Dependencies all met for dep_context=non-requeueable deps ti=<TaskInstance: final_project.create_staging_events_table manual__2024-02-19T09:25:05.177058+00:00 [queued]>
[2024-02-19T09:25:50.862+0000] {taskinstance.py:1957} INFO - Dependencies all met for dep_context=requeueable deps ti=<TaskInstance: final_project.create_staging_events_table manual__2024-02-19T09:25:05.177058+00:00 [queued]>
[2024-02-19T09:25:50.862+0000] {taskinstance.py:2171} INFO - Starting attempt 1 of 4
[2024-02-19T09:25:50.869+0000] {taskinstance.py:2192} INFO - Executing <Task(PostgresOperator): create_staging_events_table> on 2024-02-19 09:25:05.177058+00:00
[2024-02-19T09:25:50.872+0000] {standard_task_runner.py:60} INFO - Started process 643 to run task
[2024-02-19T09:25:50.875+0000] {standard_task_runner.py:87} INFO - Running: ['***', 'tasks', 'run', 'final_project', 'create_staging_events_table', 'manual__2024-02-19T09:25:05.177058+00:00', '--job-id', '152', '--raw', '--subdir', 'DAGS_FOLDER/final_project.py', '--cfg-path', '/tmp/tmphi235ods']
[2024-02-19T09:25:50.877+0000] {standard_task_runner.py:88} INFO - Job 152: Subtask create_staging_events_table
[2024-02-19T09:25:50.904+0000] {task_command.py:423} INFO - Running <TaskInstance: final_project.create_staging_events_table manual__2024-02-19T09:25:05.177058+00:00 [running]> on host b8bde2aaf906
[2024-02-19T09:25:50.943+0000] {taskinstance.py:2481} INFO - Exporting env vars: AIRFLOW_CTX_DAG_OWNER='udacity' AIRFLOW_CTX_DAG_ID='final_project' AIRFLOW_CTX_TASK_ID='create_staging_events_table' AIRFLOW_CTX_EXECUTION_DATE='2024-02-19T09:25:05.177058+00:00' AIRFLOW_CTX_TRY_NUMBER='1' AIRFLOW_CTX_DAG_RUN_ID='manual__2024-02-19T09:25:05.177058+00:00'
[2024-02-19T09:25:50.944+0000] {sql.py:276} INFO - Executing: 
    create table if not exists staging.staging_events (
        artist text,
        auth text,
        firstname text,
        gender text,
        iteminsession int,
        lastname text,
        length double precision,
        level text,
        location text,
        method text,
        page text,
        registration bigint,
        sessionid int,
        song text,
        status int,
        ts bigint,
        useragent varchar(1000),
        userid text
    )
    
[2024-02-19T09:25:50.948+0000] {base.py:83} INFO - Using connection ID 'redshift' for task execution.
[2024-02-19T09:25:50.969+0000] {base.py:83} INFO - Using connection ID 'redshift' for task execution.
[2024-02-19T09:25:54.343+0000] {sql.py:432} INFO - Running statement: 
    create table if not exists staging.staging_events (
        artist text,
        auth text,
        firstname text,
        gender text,
        iteminsession int,
        lastname text,
        length double precision,
        level text,
        location text,
        method text,
        page text,
        registration bigint,
        sessionid int,
        song text,
        status int,
        ts bigint,
        useragent varchar(1000),
        userid text
    )
    , parameters: None
[2024-02-19T09:25:58.633+0000] {taskinstance.py:1138} INFO - Marking task as SUCCESS. dag_id=final_project, task_id=create_staging_events_table, execution_date=20240219T092505, start_date=20240219T092550, end_date=20240219T092558
[2024-02-19T09:25:58.682+0000] {local_task_job_runner.py:234} INFO - Task exited with return code 0
[2024-02-19T09:25:58.697+0000] {taskinstance.py:3281} INFO - 1 downstream tasks scheduled from follow-on schedule check
