[2024-02-19T04:23:38.438+0000] {taskinstance.py:1957} INFO - Dependencies all met for dep_context=non-requeueable deps ti=<TaskInstance: final_project.Load_user_dim_table scheduled__2024-02-19T03:00:00+00:00 [queued]>
[2024-02-19T04:23:38.443+0000] {taskinstance.py:1957} INFO - Dependencies all met for dep_context=requeueable deps ti=<TaskInstance: final_project.Load_user_dim_table scheduled__2024-02-19T03:00:00+00:00 [queued]>
[2024-02-19T04:23:38.444+0000] {taskinstance.py:2171} INFO - Starting attempt 1 of 4
[2024-02-19T04:23:38.451+0000] {taskinstance.py:2192} INFO - Executing <Task(LoadDimensionOperator): Load_user_dim_table> on 2024-02-19 03:00:00+00:00
[2024-02-19T04:23:38.455+0000] {standard_task_runner.py:60} INFO - Started process 29061 to run task
[2024-02-19T04:23:38.458+0000] {standard_task_runner.py:87} INFO - Running: ['***', 'tasks', 'run', 'final_project', 'Load_user_dim_table', 'scheduled__2024-02-19T03:00:00+00:00', '--job-id', '125', '--raw', '--subdir', 'DAGS_FOLDER/final_project.py', '--cfg-path', '/tmp/tmpww0zix1t']
[2024-02-19T04:23:38.461+0000] {standard_task_runner.py:88} INFO - Job 125: Subtask Load_user_dim_table
[2024-02-19T04:23:38.497+0000] {task_command.py:423} INFO - Running <TaskInstance: final_project.Load_user_dim_table scheduled__2024-02-19T03:00:00+00:00 [running]> on host 6b28116ad14a
[2024-02-19T04:23:38.552+0000] {taskinstance.py:2481} INFO - Exporting env vars: AIRFLOW_CTX_DAG_OWNER='udacity' AIRFLOW_CTX_DAG_ID='final_project' AIRFLOW_CTX_TASK_ID='Load_user_dim_table' AIRFLOW_CTX_EXECUTION_DATE='2024-02-19T03:00:00+00:00' AIRFLOW_CTX_TRY_NUMBER='1' AIRFLOW_CTX_DAG_RUN_ID='scheduled__2024-02-19T03:00:00+00:00'
[2024-02-19T04:23:38.561+0000] {base.py:83} INFO - Using connection ID 'aws_credentials' for task execution.
[2024-02-19T04:23:38.561+0000] {connection_wrapper.py:378} INFO - AWS Connection (conn_id='aws_credentials', conn_type='aws') credentials retrieved from login and password.
[2024-02-19T04:23:38.569+0000] {load_dimension.py:34} INFO - dim.dim_users is being inserted
[2024-02-19T04:23:38.574+0000] {base.py:83} INFO - Using connection ID 'redshift' for task execution.
[2024-02-19T04:23:44.148+0000] {sql.py:432} INFO - Running statement: drop table if exists dim.dim_users, parameters: None
[2024-02-19T04:23:47.427+0000] {base.py:83} INFO - Using connection ID 'redshift' for task execution.
[2024-02-19T04:23:52.831+0000] {sql.py:432} INFO - Running statement: 
        SELECT distinct userid, firstname, lastname, gender, level
        into dim.dim_users
        FROM staging.staging_events
        WHERE page='NextSong'
    , parameters: None
[2024-02-19T04:23:57.160+0000] {taskinstance.py:1138} INFO - Marking task as SUCCESS. dag_id=final_project, task_id=Load_user_dim_table, execution_date=20240219T030000, start_date=20240219T042338, end_date=20240219T042357
[2024-02-19T04:23:57.222+0000] {local_task_job_runner.py:234} INFO - Task exited with return code 0
[2024-02-19T04:23:57.238+0000] {taskinstance.py:3281} INFO - 1 downstream tasks scheduled from follow-on schedule check
