[2024-02-19T04:23:38.442+0000] {taskinstance.py:1957} INFO - Dependencies all met for dep_context=non-requeueable deps ti=<TaskInstance: final_project.Load_artist_dim_table scheduled__2024-02-19T03:00:00+00:00 [queued]>
[2024-02-19T04:23:38.448+0000] {taskinstance.py:1957} INFO - Dependencies all met for dep_context=requeueable deps ti=<TaskInstance: final_project.Load_artist_dim_table scheduled__2024-02-19T03:00:00+00:00 [queued]>
[2024-02-19T04:23:38.448+0000] {taskinstance.py:2171} INFO - Starting attempt 1 of 4
[2024-02-19T04:23:38.456+0000] {taskinstance.py:2192} INFO - Executing <Task(LoadDimensionOperator): Load_artist_dim_table> on 2024-02-19 03:00:00+00:00
[2024-02-19T04:23:38.459+0000] {standard_task_runner.py:60} INFO - Started process 29062 to run task
[2024-02-19T04:23:38.463+0000] {standard_task_runner.py:87} INFO - Running: ['***', 'tasks', 'run', 'final_project', 'Load_artist_dim_table', 'scheduled__2024-02-19T03:00:00+00:00', '--job-id', '126', '--raw', '--subdir', 'DAGS_FOLDER/final_project.py', '--cfg-path', '/tmp/tmpy2jawtin']
[2024-02-19T04:23:38.467+0000] {standard_task_runner.py:88} INFO - Job 126: Subtask Load_artist_dim_table
[2024-02-19T04:23:38.502+0000] {task_command.py:423} INFO - Running <TaskInstance: final_project.Load_artist_dim_table scheduled__2024-02-19T03:00:00+00:00 [running]> on host 6b28116ad14a
[2024-02-19T04:23:38.559+0000] {taskinstance.py:2481} INFO - Exporting env vars: AIRFLOW_CTX_DAG_OWNER='udacity' AIRFLOW_CTX_DAG_ID='final_project' AIRFLOW_CTX_TASK_ID='Load_artist_dim_table' AIRFLOW_CTX_EXECUTION_DATE='2024-02-19T03:00:00+00:00' AIRFLOW_CTX_TRY_NUMBER='1' AIRFLOW_CTX_DAG_RUN_ID='scheduled__2024-02-19T03:00:00+00:00'
[2024-02-19T04:23:38.566+0000] {base.py:83} INFO - Using connection ID 'aws_credentials' for task execution.
[2024-02-19T04:23:38.567+0000] {connection_wrapper.py:378} INFO - AWS Connection (conn_id='aws_credentials', conn_type='aws') credentials retrieved from login and password.
[2024-02-19T04:23:38.576+0000] {load_dimension.py:34} INFO - dim.dim_artists is being inserted
[2024-02-19T04:23:38.580+0000] {base.py:83} INFO - Using connection ID 'redshift' for task execution.
[2024-02-19T04:23:44.466+0000] {sql.py:432} INFO - Running statement: drop table if exists dim.dim_artists, parameters: None
[2024-02-19T04:23:47.433+0000] {base.py:83} INFO - Using connection ID 'redshift' for task execution.
[2024-02-19T04:23:52.194+0000] {sql.py:432} INFO - Running statement: 
        SELECT distinct artist_id, artist_name, artist_location, artist_latitude, artist_longitude
        into dim.dim_artists
        FROM staging.staging_songs
    , parameters: None
[2024-02-19T04:23:56.225+0000] {taskinstance.py:1138} INFO - Marking task as SUCCESS. dag_id=final_project, task_id=Load_artist_dim_table, execution_date=20240219T030000, start_date=20240219T042338, end_date=20240219T042356
[2024-02-19T04:23:56.274+0000] {local_task_job_runner.py:234} INFO - Task exited with return code 0
[2024-02-19T04:23:56.289+0000] {taskinstance.py:3281} INFO - 0 downstream tasks scheduled from follow-on schedule check
