[2024-02-18T09:35:30.412+0000] {taskinstance.py:1957} INFO - Dependencies all met for dep_context=non-requeueable deps ti=<TaskInstance: final_project.create_staging_songs_table manual__2024-02-18T09:35:04.108286+00:00 [queued]>
[2024-02-18T09:35:30.417+0000] {taskinstance.py:1957} INFO - Dependencies all met for dep_context=requeueable deps ti=<TaskInstance: final_project.create_staging_songs_table manual__2024-02-18T09:35:04.108286+00:00 [queued]>
[2024-02-18T09:35:30.417+0000] {taskinstance.py:2171} INFO - Starting attempt 1 of 1
[2024-02-18T09:35:30.424+0000] {taskinstance.py:2192} INFO - Executing <Task(PostgresOperator): create_staging_songs_table> on 2024-02-18 09:35:04.108286+00:00
[2024-02-18T09:35:30.428+0000] {standard_task_runner.py:60} INFO - Started process 23947 to run task
[2024-02-18T09:35:30.430+0000] {standard_task_runner.py:87} INFO - Running: ['***', 'tasks', 'run', 'final_project', 'create_staging_songs_table', 'manual__2024-02-18T09:35:04.108286+00:00', '--job-id', '83', '--raw', '--subdir', 'DAGS_FOLDER/final_project.py', '--cfg-path', '/tmp/tmpnyaucisw']
[2024-02-18T09:35:30.432+0000] {standard_task_runner.py:88} INFO - Job 83: Subtask create_staging_songs_table
[2024-02-18T09:35:30.458+0000] {task_command.py:423} INFO - Running <TaskInstance: final_project.create_staging_songs_table manual__2024-02-18T09:35:04.108286+00:00 [running]> on host 6b28116ad14a
[2024-02-18T09:35:30.497+0000] {taskinstance.py:2481} INFO - Exporting env vars: AIRFLOW_CTX_DAG_OWNER='udacity' AIRFLOW_CTX_DAG_ID='final_project' AIRFLOW_CTX_TASK_ID='create_staging_songs_table' AIRFLOW_CTX_EXECUTION_DATE='2024-02-18T09:35:04.108286+00:00' AIRFLOW_CTX_TRY_NUMBER='1' AIRFLOW_CTX_DAG_RUN_ID='manual__2024-02-18T09:35:04.108286+00:00'
[2024-02-18T09:35:30.498+0000] {sql.py:276} INFO - Executing: 
    create table if not exists staging.staging_songs (
        artist_id varchar(200) not null,
        artist_latitude double precision,
        artist_location varchar(max),
        artist_longitude double precision,
        artist_name text,
        duration double precision,
        num_songs int,
        song_id varchar(200) not null distkey,        
        title text,  
        year int
    )
    
[2024-02-18T09:35:30.502+0000] {base.py:83} INFO - Using connection ID 'redshift' for task execution.
[2024-02-18T09:35:30.524+0000] {base.py:83} INFO - Using connection ID 'redshift' for task execution.
[2024-02-18T09:35:35.695+0000] {sql.py:432} INFO - Running statement: 
    create table if not exists staging.staging_songs (
        artist_id varchar(200) not null,
        artist_latitude double precision,
        artist_location varchar(max),
        artist_longitude double precision,
        artist_name text,
        duration double precision,
        num_songs int,
        song_id varchar(200) not null distkey,        
        title text,  
        year int
    )
    , parameters: None
[2024-02-18T09:35:41.843+0000] {taskinstance.py:1138} INFO - Marking task as SUCCESS. dag_id=final_project, task_id=create_staging_songs_table, execution_date=20240218T093504, start_date=20240218T093530, end_date=20240218T093541
[2024-02-18T09:35:41.885+0000] {local_task_job_runner.py:234} INFO - Task exited with return code 0
[2024-02-18T09:35:41.900+0000] {taskinstance.py:3281} INFO - 1 downstream tasks scheduled from follow-on schedule check
