[2024-02-19T04:23:09.598+0000] {taskinstance.py:1957} INFO - Dependencies all met for dep_context=non-requeueable deps ti=<TaskInstance: final_project.Load_songplays_fact_table scheduled__2024-02-19T03:00:00+00:00 [queued]>
[2024-02-19T04:23:09.603+0000] {taskinstance.py:1957} INFO - Dependencies all met for dep_context=requeueable deps ti=<TaskInstance: final_project.Load_songplays_fact_table scheduled__2024-02-19T03:00:00+00:00 [queued]>
[2024-02-19T04:23:09.603+0000] {taskinstance.py:2171} INFO - Starting attempt 1 of 4
[2024-02-19T04:23:09.610+0000] {taskinstance.py:2192} INFO - Executing <Task(LoadFactOperator): Load_songplays_fact_table> on 2024-02-19 03:00:00+00:00
[2024-02-19T04:23:09.613+0000] {standard_task_runner.py:60} INFO - Started process 29041 to run task
[2024-02-19T04:23:09.615+0000] {standard_task_runner.py:87} INFO - Running: ['***', 'tasks', 'run', 'final_project', 'Load_songplays_fact_table', 'scheduled__2024-02-19T03:00:00+00:00', '--job-id', '123', '--raw', '--subdir', 'DAGS_FOLDER/final_project.py', '--cfg-path', '/tmp/tmpbib7he2w']
[2024-02-19T04:23:09.618+0000] {standard_task_runner.py:88} INFO - Job 123: Subtask Load_songplays_fact_table
[2024-02-19T04:23:09.642+0000] {task_command.py:423} INFO - Running <TaskInstance: final_project.Load_songplays_fact_table scheduled__2024-02-19T03:00:00+00:00 [running]> on host 6b28116ad14a
[2024-02-19T04:23:09.678+0000] {taskinstance.py:2481} INFO - Exporting env vars: AIRFLOW_CTX_DAG_OWNER='udacity' AIRFLOW_CTX_DAG_ID='final_project' AIRFLOW_CTX_TASK_ID='Load_songplays_fact_table' AIRFLOW_CTX_EXECUTION_DATE='2024-02-19T03:00:00+00:00' AIRFLOW_CTX_TRY_NUMBER='1' AIRFLOW_CTX_DAG_RUN_ID='scheduled__2024-02-19T03:00:00+00:00'
[2024-02-19T04:23:09.683+0000] {base.py:83} INFO - Using connection ID 'aws_credentials' for task execution.
[2024-02-19T04:23:09.684+0000] {connection_wrapper.py:378} INFO - AWS Connection (conn_id='aws_credentials', conn_type='aws') credentials retrieved from login and password.
[2024-02-19T04:23:09.689+0000] {load_fact.py:34} INFO - fact.fact_song_plays is being inserted
[2024-02-19T04:23:09.693+0000] {base.py:83} INFO - Using connection ID 'redshift' for task execution.
[2024-02-19T04:23:15.333+0000] {sql.py:432} INFO - Running statement: drop table if exists fact.fact_song_plays, parameters: None
[2024-02-19T04:23:18.038+0000] {base.py:83} INFO - Using connection ID 'redshift' for task execution.
[2024-02-19T04:23:22.606+0000] {sql.py:432} INFO - Running statement: 
        SELECT
            md5(events.sessionid || events.start_time) songplay_id,
            events.start_time, 
            events.userid, 
            events.level, 
            songs.song_id, 
            songs.artist_id, 
            events.sessionid, 
            events.location, 
            events.useragent
        into fact.fact_song_plays
        FROM (
            SELECT TIMESTAMP 'epoch' + ts/1000 * interval '1 second' AS start_time, *
            FROM staging.staging_events
            WHERE page='NextSong'
        ) events
        LEFT JOIN staging.staging_songs songs
        ON events.song = songs.title
            AND events.artist = songs.artist_name
            AND events.length = songs.duration
    , parameters: None
[2024-02-19T04:23:25.698+0000] {taskinstance.py:1138} INFO - Marking task as SUCCESS. dag_id=final_project, task_id=Load_songplays_fact_table, execution_date=20240219T030000, start_date=20240219T042309, end_date=20240219T042325
[2024-02-19T04:23:25.734+0000] {local_task_job_runner.py:234} INFO - Task exited with return code 0
[2024-02-19T04:23:25.750+0000] {taskinstance.py:3281} INFO - 1 downstream tasks scheduled from follow-on schedule check
