[2024-02-19T09:27:50.441+0000] {taskinstance.py:1957} INFO - Dependencies all met for dep_context=non-requeueable deps ti=<TaskInstance: final_project.Load_artist_dim_table manual__2024-02-19T09:25:05.177058+00:00 [queued]>
[2024-02-19T09:27:50.446+0000] {taskinstance.py:1957} INFO - Dependencies all met for dep_context=requeueable deps ti=<TaskInstance: final_project.Load_artist_dim_table manual__2024-02-19T09:25:05.177058+00:00 [queued]>
[2024-02-19T09:27:50.447+0000] {taskinstance.py:2171} INFO - Starting attempt 1 of 4
[2024-02-19T09:27:50.455+0000] {taskinstance.py:2192} INFO - Executing <Task(LoadDimensionOperator): Load_artist_dim_table> on 2024-02-19 09:25:05.177058+00:00
[2024-02-19T09:27:50.458+0000] {standard_task_runner.py:60} INFO - Started process 700 to run task
[2024-02-19T09:27:50.462+0000] {standard_task_runner.py:87} INFO - Running: ['***', 'tasks', 'run', 'final_project', 'Load_artist_dim_table', 'manual__2024-02-19T09:25:05.177058+00:00', '--job-id', '159', '--raw', '--subdir', 'DAGS_FOLDER/final_project.py', '--cfg-path', '/tmp/tmpufcen3yb']
[2024-02-19T09:27:50.465+0000] {standard_task_runner.py:88} INFO - Job 159: Subtask Load_artist_dim_table
[2024-02-19T09:27:50.498+0000] {task_command.py:423} INFO - Running <TaskInstance: final_project.Load_artist_dim_table manual__2024-02-19T09:25:05.177058+00:00 [running]> on host b8bde2aaf906
[2024-02-19T09:27:50.551+0000] {taskinstance.py:2481} INFO - Exporting env vars: AIRFLOW_CTX_DAG_OWNER='udacity' AIRFLOW_CTX_DAG_ID='final_project' AIRFLOW_CTX_TASK_ID='Load_artist_dim_table' AIRFLOW_CTX_EXECUTION_DATE='2024-02-19T09:25:05.177058+00:00' AIRFLOW_CTX_TRY_NUMBER='1' AIRFLOW_CTX_DAG_RUN_ID='manual__2024-02-19T09:25:05.177058+00:00'
[2024-02-19T09:27:50.558+0000] {base.py:83} INFO - Using connection ID 'aws_credentials' for task execution.
[2024-02-19T09:27:50.558+0000] {connection_wrapper.py:378} INFO - AWS Connection (conn_id='aws_credentials', conn_type='aws') credentials retrieved from login and password.
[2024-02-19T09:27:50.566+0000] {load_dimension.py:36} INFO - dim.dim_artists is being inserted
[2024-02-19T09:27:50.571+0000] {base.py:83} INFO - Using connection ID 'redshift' for task execution.
[2024-02-19T09:27:54.431+0000] {sql.py:432} INFO - Running statement: delete from dim.dim_artists, parameters: None
[2024-02-19T09:27:55.520+0000] {sql.py:441} INFO - Rows affected: 10025
[2024-02-19T09:27:57.450+0000] {base.py:83} INFO - Using connection ID 'redshift' for task execution.
[2024-02-19T09:28:01.176+0000] {sql.py:432} INFO - Running statement: 
    insert into dim.dim_artists (artist_id, artist_name, artist_location, artist_latitude, artist_longitude)
        SELECT distinct artist_id, artist_name, artist_location, artist_latitude, artist_longitude
        FROM staging.staging_songs
    , parameters: None
[2024-02-19T09:28:02.413+0000] {sql.py:441} INFO - Rows affected: 10025
[2024-02-19T09:28:04.648+0000] {taskinstance.py:1138} INFO - Marking task as SUCCESS. dag_id=final_project, task_id=Load_artist_dim_table, execution_date=20240219T092505, start_date=20240219T092750, end_date=20240219T092804
[2024-02-19T09:28:04.699+0000] {local_task_job_runner.py:234} INFO - Task exited with return code 0
[2024-02-19T09:28:04.712+0000] {taskinstance.py:3281} INFO - 0 downstream tasks scheduled from follow-on schedule check
