[2024-02-14T16:03:07.684+0000] {processor.py:161} INFO - Started process (PID=63) to work on /home/airflow/.local/lib/python3.8/site-packages/airflow/example_dags/example_short_circuit_decorator.py
[2024-02-14T16:03:07.685+0000] {processor.py:830} INFO - Processing file /home/airflow/.local/lib/python3.8/site-packages/airflow/example_dags/example_short_circuit_decorator.py for tasks to queue
[2024-02-14T16:03:07.687+0000] {logging_mixin.py:188} INFO - [2024-02-14T16:03:07.686+0000] {dagbag.py:538} INFO - Filling up the DagBag from /home/airflow/.local/lib/python3.8/site-packages/airflow/example_dags/example_short_circuit_decorator.py
[2024-02-14T16:03:07.695+0000] {processor.py:840} INFO - DAG(s) 'example_short_circuit_decorator' retrieved from /home/airflow/.local/lib/python3.8/site-packages/airflow/example_dags/example_short_circuit_decorator.py
[2024-02-14T16:03:07.708+0000] {logging_mixin.py:188} INFO - [2024-02-14T16:03:07.708+0000] {dag.py:3033} INFO - Sync 1 DAGs
[2024-02-14T16:03:07.726+0000] {logging_mixin.py:188} INFO - [2024-02-14T16:03:07.725+0000] {dag.py:3820} INFO - Setting next_dagrun for example_short_circuit_decorator to 2024-02-13T00:00:00+00:00, run_after=2024-02-14T00:00:00+00:00
[2024-02-14T16:03:07.738+0000] {processor.py:183} INFO - Processing /home/airflow/.local/lib/python3.8/site-packages/airflow/example_dags/example_short_circuit_decorator.py took 0.058 seconds
[2024-02-14T16:03:37.928+0000] {processor.py:161} INFO - Started process (PID=120) to work on /home/airflow/.local/lib/python3.8/site-packages/airflow/example_dags/example_short_circuit_decorator.py
[2024-02-14T16:03:37.928+0000] {processor.py:830} INFO - Processing file /home/airflow/.local/lib/python3.8/site-packages/airflow/example_dags/example_short_circuit_decorator.py for tasks to queue
[2024-02-14T16:03:37.930+0000] {logging_mixin.py:188} INFO - [2024-02-14T16:03:37.930+0000] {dagbag.py:538} INFO - Filling up the DagBag from /home/airflow/.local/lib/python3.8/site-packages/airflow/example_dags/example_short_circuit_decorator.py
[2024-02-14T16:03:37.935+0000] {processor.py:840} INFO - DAG(s) 'example_short_circuit_decorator' retrieved from /home/airflow/.local/lib/python3.8/site-packages/airflow/example_dags/example_short_circuit_decorator.py
[2024-02-14T16:03:37.987+0000] {logging_mixin.py:188} INFO - [2024-02-14T16:03:37.987+0000] {dag.py:3033} INFO - Sync 1 DAGs
[2024-02-14T16:03:37.997+0000] {logging_mixin.py:188} INFO - [2024-02-14T16:03:37.997+0000] {dag.py:3820} INFO - Setting next_dagrun for example_short_circuit_decorator to 2024-02-13T00:00:00+00:00, run_after=2024-02-14T00:00:00+00:00
[2024-02-14T16:03:38.007+0000] {processor.py:183} INFO - Processing /home/airflow/.local/lib/python3.8/site-packages/airflow/example_dags/example_short_circuit_decorator.py took 0.081 seconds
[2024-02-14T16:04:08.611+0000] {processor.py:161} INFO - Started process (PID=177) to work on /home/airflow/.local/lib/python3.8/site-packages/airflow/example_dags/example_short_circuit_decorator.py
[2024-02-14T16:04:08.612+0000] {processor.py:830} INFO - Processing file /home/airflow/.local/lib/python3.8/site-packages/airflow/example_dags/example_short_circuit_decorator.py for tasks to queue
[2024-02-14T16:04:08.613+0000] {logging_mixin.py:188} INFO - [2024-02-14T16:04:08.613+0000] {dagbag.py:538} INFO - Filling up the DagBag from /home/airflow/.local/lib/python3.8/site-packages/airflow/example_dags/example_short_circuit_decorator.py
[2024-02-14T16:04:08.619+0000] {processor.py:840} INFO - DAG(s) 'example_short_circuit_decorator' retrieved from /home/airflow/.local/lib/python3.8/site-packages/airflow/example_dags/example_short_circuit_decorator.py
[2024-02-14T16:04:08.633+0000] {logging_mixin.py:188} INFO - [2024-02-14T16:04:08.633+0000] {dag.py:3033} INFO - Sync 1 DAGs
[2024-02-14T16:04:08.645+0000] {logging_mixin.py:188} INFO - [2024-02-14T16:04:08.645+0000] {dag.py:3820} INFO - Setting next_dagrun for example_short_circuit_decorator to 2024-02-13T00:00:00+00:00, run_after=2024-02-14T00:00:00+00:00
[2024-02-14T16:04:08.655+0000] {processor.py:183} INFO - Processing /home/airflow/.local/lib/python3.8/site-packages/airflow/example_dags/example_short_circuit_decorator.py took 0.046 seconds
[2024-02-14T16:04:38.823+0000] {processor.py:161} INFO - Started process (PID=234) to work on /home/airflow/.local/lib/python3.8/site-packages/airflow/example_dags/example_short_circuit_decorator.py
[2024-02-14T16:04:38.824+0000] {processor.py:830} INFO - Processing file /home/airflow/.local/lib/python3.8/site-packages/airflow/example_dags/example_short_circuit_decorator.py for tasks to queue
[2024-02-14T16:04:38.825+0000] {logging_mixin.py:188} INFO - [2024-02-14T16:04:38.825+0000] {dagbag.py:538} INFO - Filling up the DagBag from /home/airflow/.local/lib/python3.8/site-packages/airflow/example_dags/example_short_circuit_decorator.py
[2024-02-14T16:04:38.830+0000] {processor.py:840} INFO - DAG(s) 'example_short_circuit_decorator' retrieved from /home/airflow/.local/lib/python3.8/site-packages/airflow/example_dags/example_short_circuit_decorator.py
[2024-02-14T16:04:38.844+0000] {logging_mixin.py:188} INFO - [2024-02-14T16:04:38.844+0000] {dag.py:3033} INFO - Sync 1 DAGs
[2024-02-14T16:04:38.856+0000] {logging_mixin.py:188} INFO - [2024-02-14T16:04:38.856+0000] {dag.py:3820} INFO - Setting next_dagrun for example_short_circuit_decorator to 2024-02-13T00:00:00+00:00, run_after=2024-02-14T00:00:00+00:00
[2024-02-14T16:04:38.867+0000] {processor.py:183} INFO - Processing /home/airflow/.local/lib/python3.8/site-packages/airflow/example_dags/example_short_circuit_decorator.py took 0.046 seconds
[2024-02-14T16:05:09.177+0000] {processor.py:161} INFO - Started process (PID=291) to work on /home/airflow/.local/lib/python3.8/site-packages/airflow/example_dags/example_short_circuit_decorator.py
[2024-02-14T16:05:09.177+0000] {processor.py:830} INFO - Processing file /home/airflow/.local/lib/python3.8/site-packages/airflow/example_dags/example_short_circuit_decorator.py for tasks to queue
[2024-02-14T16:05:09.179+0000] {logging_mixin.py:188} INFO - [2024-02-14T16:05:09.178+0000] {dagbag.py:538} INFO - Filling up the DagBag from /home/airflow/.local/lib/python3.8/site-packages/airflow/example_dags/example_short_circuit_decorator.py
[2024-02-14T16:05:09.184+0000] {processor.py:840} INFO - DAG(s) 'example_short_circuit_decorator' retrieved from /home/airflow/.local/lib/python3.8/site-packages/airflow/example_dags/example_short_circuit_decorator.py
[2024-02-14T16:05:09.199+0000] {logging_mixin.py:188} INFO - [2024-02-14T16:05:09.199+0000] {dag.py:3033} INFO - Sync 1 DAGs
[2024-02-14T16:05:09.211+0000] {logging_mixin.py:188} INFO - [2024-02-14T16:05:09.211+0000] {dag.py:3820} INFO - Setting next_dagrun for example_short_circuit_decorator to 2024-02-13T00:00:00+00:00, run_after=2024-02-14T00:00:00+00:00
[2024-02-14T16:05:09.221+0000] {processor.py:183} INFO - Processing /home/airflow/.local/lib/python3.8/site-packages/airflow/example_dags/example_short_circuit_decorator.py took 0.046 seconds
[2024-02-14T16:05:39.322+0000] {processor.py:161} INFO - Started process (PID=348) to work on /home/airflow/.local/lib/python3.8/site-packages/airflow/example_dags/example_short_circuit_decorator.py
[2024-02-14T16:05:39.323+0000] {processor.py:830} INFO - Processing file /home/airflow/.local/lib/python3.8/site-packages/airflow/example_dags/example_short_circuit_decorator.py for tasks to queue
[2024-02-14T16:05:39.324+0000] {logging_mixin.py:188} INFO - [2024-02-14T16:05:39.324+0000] {dagbag.py:538} INFO - Filling up the DagBag from /home/airflow/.local/lib/python3.8/site-packages/airflow/example_dags/example_short_circuit_decorator.py
[2024-02-14T16:05:39.329+0000] {processor.py:840} INFO - DAG(s) 'example_short_circuit_decorator' retrieved from /home/airflow/.local/lib/python3.8/site-packages/airflow/example_dags/example_short_circuit_decorator.py
[2024-02-14T16:05:39.344+0000] {logging_mixin.py:188} INFO - [2024-02-14T16:05:39.344+0000] {dag.py:3033} INFO - Sync 1 DAGs
[2024-02-14T16:05:39.356+0000] {logging_mixin.py:188} INFO - [2024-02-14T16:05:39.356+0000] {dag.py:3820} INFO - Setting next_dagrun for example_short_circuit_decorator to 2024-02-13T00:00:00+00:00, run_after=2024-02-14T00:00:00+00:00
[2024-02-14T16:05:39.367+0000] {processor.py:183} INFO - Processing /home/airflow/.local/lib/python3.8/site-packages/airflow/example_dags/example_short_circuit_decorator.py took 0.047 seconds
[2024-02-14T16:06:09.475+0000] {processor.py:161} INFO - Started process (PID=405) to work on /home/airflow/.local/lib/python3.8/site-packages/airflow/example_dags/example_short_circuit_decorator.py
[2024-02-14T16:06:09.476+0000] {processor.py:830} INFO - Processing file /home/airflow/.local/lib/python3.8/site-packages/airflow/example_dags/example_short_circuit_decorator.py for tasks to queue
[2024-02-14T16:06:09.478+0000] {logging_mixin.py:188} INFO - [2024-02-14T16:06:09.477+0000] {dagbag.py:538} INFO - Filling up the DagBag from /home/airflow/.local/lib/python3.8/site-packages/airflow/example_dags/example_short_circuit_decorator.py
[2024-02-14T16:06:09.483+0000] {processor.py:840} INFO - DAG(s) 'example_short_circuit_decorator' retrieved from /home/airflow/.local/lib/python3.8/site-packages/airflow/example_dags/example_short_circuit_decorator.py
[2024-02-14T16:06:09.496+0000] {logging_mixin.py:188} INFO - [2024-02-14T16:06:09.496+0000] {dag.py:3033} INFO - Sync 1 DAGs
[2024-02-14T16:06:09.506+0000] {logging_mixin.py:188} INFO - [2024-02-14T16:06:09.506+0000] {dag.py:3820} INFO - Setting next_dagrun for example_short_circuit_decorator to 2024-02-13T00:00:00+00:00, run_after=2024-02-14T00:00:00+00:00
[2024-02-14T16:06:09.515+0000] {processor.py:183} INFO - Processing /home/airflow/.local/lib/python3.8/site-packages/airflow/example_dags/example_short_circuit_decorator.py took 0.042 seconds
[2024-02-14T16:06:39.618+0000] {processor.py:161} INFO - Started process (PID=462) to work on /home/airflow/.local/lib/python3.8/site-packages/airflow/example_dags/example_short_circuit_decorator.py
[2024-02-14T16:06:39.618+0000] {processor.py:830} INFO - Processing file /home/airflow/.local/lib/python3.8/site-packages/airflow/example_dags/example_short_circuit_decorator.py for tasks to queue
[2024-02-14T16:06:39.620+0000] {logging_mixin.py:188} INFO - [2024-02-14T16:06:39.620+0000] {dagbag.py:538} INFO - Filling up the DagBag from /home/airflow/.local/lib/python3.8/site-packages/airflow/example_dags/example_short_circuit_decorator.py
[2024-02-14T16:06:39.626+0000] {processor.py:840} INFO - DAG(s) 'example_short_circuit_decorator' retrieved from /home/airflow/.local/lib/python3.8/site-packages/airflow/example_dags/example_short_circuit_decorator.py
[2024-02-14T16:06:39.640+0000] {logging_mixin.py:188} INFO - [2024-02-14T16:06:39.640+0000] {dag.py:3033} INFO - Sync 1 DAGs
[2024-02-14T16:06:39.651+0000] {logging_mixin.py:188} INFO - [2024-02-14T16:06:39.651+0000] {dag.py:3820} INFO - Setting next_dagrun for example_short_circuit_decorator to 2024-02-13T00:00:00+00:00, run_after=2024-02-14T00:00:00+00:00
[2024-02-14T16:06:39.661+0000] {processor.py:183} INFO - Processing /home/airflow/.local/lib/python3.8/site-packages/airflow/example_dags/example_short_circuit_decorator.py took 0.046 seconds
[2024-02-14T16:07:09.690+0000] {processor.py:161} INFO - Started process (PID=518) to work on /home/airflow/.local/lib/python3.8/site-packages/airflow/example_dags/example_short_circuit_decorator.py
[2024-02-14T16:07:09.691+0000] {processor.py:830} INFO - Processing file /home/airflow/.local/lib/python3.8/site-packages/airflow/example_dags/example_short_circuit_decorator.py for tasks to queue
[2024-02-14T16:07:09.692+0000] {logging_mixin.py:188} INFO - [2024-02-14T16:07:09.692+0000] {dagbag.py:538} INFO - Filling up the DagBag from /home/airflow/.local/lib/python3.8/site-packages/airflow/example_dags/example_short_circuit_decorator.py
[2024-02-14T16:07:09.697+0000] {processor.py:840} INFO - DAG(s) 'example_short_circuit_decorator' retrieved from /home/airflow/.local/lib/python3.8/site-packages/airflow/example_dags/example_short_circuit_decorator.py
[2024-02-14T16:07:09.710+0000] {logging_mixin.py:188} INFO - [2024-02-14T16:07:09.710+0000] {dag.py:3033} INFO - Sync 1 DAGs
[2024-02-14T16:07:09.721+0000] {logging_mixin.py:188} INFO - [2024-02-14T16:07:09.721+0000] {dag.py:3820} INFO - Setting next_dagrun for example_short_circuit_decorator to 2024-02-13T00:00:00+00:00, run_after=2024-02-14T00:00:00+00:00
[2024-02-14T16:07:09.729+0000] {processor.py:183} INFO - Processing /home/airflow/.local/lib/python3.8/site-packages/airflow/example_dags/example_short_circuit_decorator.py took 0.041 seconds
[2024-02-14T16:07:39.887+0000] {processor.py:161} INFO - Started process (PID=575) to work on /home/airflow/.local/lib/python3.8/site-packages/airflow/example_dags/example_short_circuit_decorator.py
[2024-02-14T16:07:39.888+0000] {processor.py:830} INFO - Processing file /home/airflow/.local/lib/python3.8/site-packages/airflow/example_dags/example_short_circuit_decorator.py for tasks to queue
[2024-02-14T16:07:39.890+0000] {logging_mixin.py:188} INFO - [2024-02-14T16:07:39.890+0000] {dagbag.py:538} INFO - Filling up the DagBag from /home/airflow/.local/lib/python3.8/site-packages/airflow/example_dags/example_short_circuit_decorator.py
[2024-02-14T16:07:39.895+0000] {processor.py:840} INFO - DAG(s) 'example_short_circuit_decorator' retrieved from /home/airflow/.local/lib/python3.8/site-packages/airflow/example_dags/example_short_circuit_decorator.py
[2024-02-14T16:07:39.909+0000] {logging_mixin.py:188} INFO - [2024-02-14T16:07:39.909+0000] {dag.py:3033} INFO - Sync 1 DAGs
[2024-02-14T16:07:39.923+0000] {logging_mixin.py:188} INFO - [2024-02-14T16:07:39.923+0000] {dag.py:3820} INFO - Setting next_dagrun for example_short_circuit_decorator to 2024-02-13T00:00:00+00:00, run_after=2024-02-14T00:00:00+00:00
[2024-02-14T16:07:39.946+0000] {processor.py:183} INFO - Processing /home/airflow/.local/lib/python3.8/site-packages/airflow/example_dags/example_short_circuit_decorator.py took 0.061 seconds
[2024-02-14T16:08:10.186+0000] {processor.py:161} INFO - Started process (PID=632) to work on /home/airflow/.local/lib/python3.8/site-packages/airflow/example_dags/example_short_circuit_decorator.py
[2024-02-14T16:08:10.187+0000] {processor.py:830} INFO - Processing file /home/airflow/.local/lib/python3.8/site-packages/airflow/example_dags/example_short_circuit_decorator.py for tasks to queue
[2024-02-14T16:08:10.188+0000] {logging_mixin.py:188} INFO - [2024-02-14T16:08:10.188+0000] {dagbag.py:538} INFO - Filling up the DagBag from /home/airflow/.local/lib/python3.8/site-packages/airflow/example_dags/example_short_circuit_decorator.py
[2024-02-14T16:08:10.194+0000] {processor.py:840} INFO - DAG(s) 'example_short_circuit_decorator' retrieved from /home/airflow/.local/lib/python3.8/site-packages/airflow/example_dags/example_short_circuit_decorator.py
[2024-02-14T16:08:10.206+0000] {logging_mixin.py:188} INFO - [2024-02-14T16:08:10.206+0000] {dag.py:3033} INFO - Sync 1 DAGs
[2024-02-14T16:08:10.218+0000] {logging_mixin.py:188} INFO - [2024-02-14T16:08:10.218+0000] {dag.py:3820} INFO - Setting next_dagrun for example_short_circuit_decorator to 2024-02-13T00:00:00+00:00, run_after=2024-02-14T00:00:00+00:00
[2024-02-14T16:08:10.226+0000] {processor.py:183} INFO - Processing /home/airflow/.local/lib/python3.8/site-packages/airflow/example_dags/example_short_circuit_decorator.py took 0.042 seconds
[2024-02-14T16:08:40.416+0000] {processor.py:161} INFO - Started process (PID=689) to work on /home/airflow/.local/lib/python3.8/site-packages/airflow/example_dags/example_short_circuit_decorator.py
[2024-02-14T16:08:40.416+0000] {processor.py:830} INFO - Processing file /home/airflow/.local/lib/python3.8/site-packages/airflow/example_dags/example_short_circuit_decorator.py for tasks to queue
[2024-02-14T16:08:40.418+0000] {logging_mixin.py:188} INFO - [2024-02-14T16:08:40.418+0000] {dagbag.py:538} INFO - Filling up the DagBag from /home/airflow/.local/lib/python3.8/site-packages/airflow/example_dags/example_short_circuit_decorator.py
[2024-02-14T16:08:40.423+0000] {processor.py:840} INFO - DAG(s) 'example_short_circuit_decorator' retrieved from /home/airflow/.local/lib/python3.8/site-packages/airflow/example_dags/example_short_circuit_decorator.py
[2024-02-14T16:08:40.435+0000] {logging_mixin.py:188} INFO - [2024-02-14T16:08:40.435+0000] {dag.py:3033} INFO - Sync 1 DAGs
[2024-02-14T16:08:40.446+0000] {logging_mixin.py:188} INFO - [2024-02-14T16:08:40.446+0000] {dag.py:3820} INFO - Setting next_dagrun for example_short_circuit_decorator to 2024-02-13T00:00:00+00:00, run_after=2024-02-14T00:00:00+00:00
[2024-02-14T16:08:40.454+0000] {processor.py:183} INFO - Processing /home/airflow/.local/lib/python3.8/site-packages/airflow/example_dags/example_short_circuit_decorator.py took 0.040 seconds
[2024-02-14T16:09:10.569+0000] {processor.py:161} INFO - Started process (PID=746) to work on /home/airflow/.local/lib/python3.8/site-packages/airflow/example_dags/example_short_circuit_decorator.py
[2024-02-14T16:09:10.569+0000] {processor.py:830} INFO - Processing file /home/airflow/.local/lib/python3.8/site-packages/airflow/example_dags/example_short_circuit_decorator.py for tasks to queue
[2024-02-14T16:09:10.571+0000] {logging_mixin.py:188} INFO - [2024-02-14T16:09:10.571+0000] {dagbag.py:538} INFO - Filling up the DagBag from /home/airflow/.local/lib/python3.8/site-packages/airflow/example_dags/example_short_circuit_decorator.py
[2024-02-14T16:09:10.576+0000] {processor.py:840} INFO - DAG(s) 'example_short_circuit_decorator' retrieved from /home/airflow/.local/lib/python3.8/site-packages/airflow/example_dags/example_short_circuit_decorator.py
[2024-02-14T16:09:10.590+0000] {logging_mixin.py:188} INFO - [2024-02-14T16:09:10.589+0000] {dag.py:3033} INFO - Sync 1 DAGs
[2024-02-14T16:09:10.601+0000] {logging_mixin.py:188} INFO - [2024-02-14T16:09:10.601+0000] {dag.py:3820} INFO - Setting next_dagrun for example_short_circuit_decorator to 2024-02-13T00:00:00+00:00, run_after=2024-02-14T00:00:00+00:00
[2024-02-14T16:09:10.613+0000] {processor.py:183} INFO - Processing /home/airflow/.local/lib/python3.8/site-packages/airflow/example_dags/example_short_circuit_decorator.py took 0.047 seconds
[2024-02-14T16:09:40.638+0000] {processor.py:161} INFO - Started process (PID=803) to work on /home/airflow/.local/lib/python3.8/site-packages/airflow/example_dags/example_short_circuit_decorator.py
[2024-02-14T16:09:40.639+0000] {processor.py:830} INFO - Processing file /home/airflow/.local/lib/python3.8/site-packages/airflow/example_dags/example_short_circuit_decorator.py for tasks to queue
[2024-02-14T16:09:40.640+0000] {logging_mixin.py:188} INFO - [2024-02-14T16:09:40.640+0000] {dagbag.py:538} INFO - Filling up the DagBag from /home/airflow/.local/lib/python3.8/site-packages/airflow/example_dags/example_short_circuit_decorator.py
[2024-02-14T16:09:40.646+0000] {processor.py:840} INFO - DAG(s) 'example_short_circuit_decorator' retrieved from /home/airflow/.local/lib/python3.8/site-packages/airflow/example_dags/example_short_circuit_decorator.py
[2024-02-14T16:09:40.660+0000] {logging_mixin.py:188} INFO - [2024-02-14T16:09:40.660+0000] {dag.py:3033} INFO - Sync 1 DAGs
[2024-02-14T16:09:40.671+0000] {logging_mixin.py:188} INFO - [2024-02-14T16:09:40.671+0000] {dag.py:3820} INFO - Setting next_dagrun for example_short_circuit_decorator to 2024-02-13T00:00:00+00:00, run_after=2024-02-14T00:00:00+00:00
[2024-02-14T16:09:40.680+0000] {processor.py:183} INFO - Processing /home/airflow/.local/lib/python3.8/site-packages/airflow/example_dags/example_short_circuit_decorator.py took 0.043 seconds
[2024-02-14T16:10:10.840+0000] {processor.py:161} INFO - Started process (PID=860) to work on /home/airflow/.local/lib/python3.8/site-packages/airflow/example_dags/example_short_circuit_decorator.py
[2024-02-14T16:10:10.840+0000] {processor.py:830} INFO - Processing file /home/airflow/.local/lib/python3.8/site-packages/airflow/example_dags/example_short_circuit_decorator.py for tasks to queue
[2024-02-14T16:10:10.842+0000] {logging_mixin.py:188} INFO - [2024-02-14T16:10:10.842+0000] {dagbag.py:538} INFO - Filling up the DagBag from /home/airflow/.local/lib/python3.8/site-packages/airflow/example_dags/example_short_circuit_decorator.py
[2024-02-14T16:10:10.848+0000] {processor.py:840} INFO - DAG(s) 'example_short_circuit_decorator' retrieved from /home/airflow/.local/lib/python3.8/site-packages/airflow/example_dags/example_short_circuit_decorator.py
[2024-02-14T16:10:10.862+0000] {logging_mixin.py:188} INFO - [2024-02-14T16:10:10.861+0000] {dag.py:3033} INFO - Sync 1 DAGs
[2024-02-14T16:10:10.873+0000] {logging_mixin.py:188} INFO - [2024-02-14T16:10:10.873+0000] {dag.py:3820} INFO - Setting next_dagrun for example_short_circuit_decorator to 2024-02-13T00:00:00+00:00, run_after=2024-02-14T00:00:00+00:00
[2024-02-14T16:10:10.882+0000] {processor.py:183} INFO - Processing /home/airflow/.local/lib/python3.8/site-packages/airflow/example_dags/example_short_circuit_decorator.py took 0.045 seconds
[2024-02-14T16:10:41.113+0000] {processor.py:161} INFO - Started process (PID=917) to work on /home/airflow/.local/lib/python3.8/site-packages/airflow/example_dags/example_short_circuit_decorator.py
[2024-02-14T16:10:41.114+0000] {processor.py:830} INFO - Processing file /home/airflow/.local/lib/python3.8/site-packages/airflow/example_dags/example_short_circuit_decorator.py for tasks to queue
[2024-02-14T16:10:41.115+0000] {logging_mixin.py:188} INFO - [2024-02-14T16:10:41.115+0000] {dagbag.py:538} INFO - Filling up the DagBag from /home/airflow/.local/lib/python3.8/site-packages/airflow/example_dags/example_short_circuit_decorator.py
[2024-02-14T16:10:41.120+0000] {processor.py:840} INFO - DAG(s) 'example_short_circuit_decorator' retrieved from /home/airflow/.local/lib/python3.8/site-packages/airflow/example_dags/example_short_circuit_decorator.py
[2024-02-14T16:10:41.133+0000] {logging_mixin.py:188} INFO - [2024-02-14T16:10:41.133+0000] {dag.py:3033} INFO - Sync 1 DAGs
[2024-02-14T16:10:41.144+0000] {logging_mixin.py:188} INFO - [2024-02-14T16:10:41.144+0000] {dag.py:3820} INFO - Setting next_dagrun for example_short_circuit_decorator to 2024-02-13T00:00:00+00:00, run_after=2024-02-14T00:00:00+00:00
[2024-02-14T16:10:41.154+0000] {processor.py:183} INFO - Processing /home/airflow/.local/lib/python3.8/site-packages/airflow/example_dags/example_short_circuit_decorator.py took 0.043 seconds
[2024-02-14T16:11:11.264+0000] {processor.py:161} INFO - Started process (PID=974) to work on /home/airflow/.local/lib/python3.8/site-packages/airflow/example_dags/example_short_circuit_decorator.py
[2024-02-14T16:11:11.265+0000] {processor.py:830} INFO - Processing file /home/airflow/.local/lib/python3.8/site-packages/airflow/example_dags/example_short_circuit_decorator.py for tasks to queue
[2024-02-14T16:11:11.266+0000] {logging_mixin.py:188} INFO - [2024-02-14T16:11:11.266+0000] {dagbag.py:538} INFO - Filling up the DagBag from /home/airflow/.local/lib/python3.8/site-packages/airflow/example_dags/example_short_circuit_decorator.py
[2024-02-14T16:11:11.271+0000] {processor.py:840} INFO - DAG(s) 'example_short_circuit_decorator' retrieved from /home/airflow/.local/lib/python3.8/site-packages/airflow/example_dags/example_short_circuit_decorator.py
[2024-02-14T16:11:11.285+0000] {logging_mixin.py:188} INFO - [2024-02-14T16:11:11.285+0000] {dag.py:3033} INFO - Sync 1 DAGs
[2024-02-14T16:11:11.296+0000] {logging_mixin.py:188} INFO - [2024-02-14T16:11:11.296+0000] {dag.py:3820} INFO - Setting next_dagrun for example_short_circuit_decorator to 2024-02-13T00:00:00+00:00, run_after=2024-02-14T00:00:00+00:00
[2024-02-14T16:11:11.306+0000] {processor.py:183} INFO - Processing /home/airflow/.local/lib/python3.8/site-packages/airflow/example_dags/example_short_circuit_decorator.py took 0.044 seconds
[2024-02-14T16:11:41.501+0000] {processor.py:161} INFO - Started process (PID=1031) to work on /home/airflow/.local/lib/python3.8/site-packages/airflow/example_dags/example_short_circuit_decorator.py
[2024-02-14T16:11:41.502+0000] {processor.py:830} INFO - Processing file /home/airflow/.local/lib/python3.8/site-packages/airflow/example_dags/example_short_circuit_decorator.py for tasks to queue
[2024-02-14T16:11:41.504+0000] {logging_mixin.py:188} INFO - [2024-02-14T16:11:41.503+0000] {dagbag.py:538} INFO - Filling up the DagBag from /home/airflow/.local/lib/python3.8/site-packages/airflow/example_dags/example_short_circuit_decorator.py
[2024-02-14T16:11:41.509+0000] {processor.py:840} INFO - DAG(s) 'example_short_circuit_decorator' retrieved from /home/airflow/.local/lib/python3.8/site-packages/airflow/example_dags/example_short_circuit_decorator.py
[2024-02-14T16:11:41.523+0000] {logging_mixin.py:188} INFO - [2024-02-14T16:11:41.523+0000] {dag.py:3033} INFO - Sync 1 DAGs
[2024-02-14T16:11:41.535+0000] {logging_mixin.py:188} INFO - [2024-02-14T16:11:41.535+0000] {dag.py:3820} INFO - Setting next_dagrun for example_short_circuit_decorator to 2024-02-13T00:00:00+00:00, run_after=2024-02-14T00:00:00+00:00
[2024-02-14T16:11:41.543+0000] {processor.py:183} INFO - Processing /home/airflow/.local/lib/python3.8/site-packages/airflow/example_dags/example_short_circuit_decorator.py took 0.045 seconds
[2024-02-14T16:12:11.660+0000] {processor.py:161} INFO - Started process (PID=1087) to work on /home/airflow/.local/lib/python3.8/site-packages/airflow/example_dags/example_short_circuit_decorator.py
[2024-02-14T16:12:11.661+0000] {processor.py:830} INFO - Processing file /home/airflow/.local/lib/python3.8/site-packages/airflow/example_dags/example_short_circuit_decorator.py for tasks to queue
[2024-02-14T16:12:11.662+0000] {logging_mixin.py:188} INFO - [2024-02-14T16:12:11.662+0000] {dagbag.py:538} INFO - Filling up the DagBag from /home/airflow/.local/lib/python3.8/site-packages/airflow/example_dags/example_short_circuit_decorator.py
[2024-02-14T16:12:11.668+0000] {processor.py:840} INFO - DAG(s) 'example_short_circuit_decorator' retrieved from /home/airflow/.local/lib/python3.8/site-packages/airflow/example_dags/example_short_circuit_decorator.py
[2024-02-14T16:12:11.680+0000] {logging_mixin.py:188} INFO - [2024-02-14T16:12:11.680+0000] {dag.py:3033} INFO - Sync 1 DAGs
[2024-02-14T16:12:11.690+0000] {logging_mixin.py:188} INFO - [2024-02-14T16:12:11.690+0000] {dag.py:3820} INFO - Setting next_dagrun for example_short_circuit_decorator to 2024-02-13T00:00:00+00:00, run_after=2024-02-14T00:00:00+00:00
[2024-02-14T16:12:11.698+0000] {processor.py:183} INFO - Processing /home/airflow/.local/lib/python3.8/site-packages/airflow/example_dags/example_short_circuit_decorator.py took 0.041 seconds
[2024-02-14T16:12:41.835+0000] {processor.py:161} INFO - Started process (PID=1144) to work on /home/airflow/.local/lib/python3.8/site-packages/airflow/example_dags/example_short_circuit_decorator.py
[2024-02-14T16:12:41.836+0000] {processor.py:830} INFO - Processing file /home/airflow/.local/lib/python3.8/site-packages/airflow/example_dags/example_short_circuit_decorator.py for tasks to queue
[2024-02-14T16:12:41.837+0000] {logging_mixin.py:188} INFO - [2024-02-14T16:12:41.837+0000] {dagbag.py:538} INFO - Filling up the DagBag from /home/airflow/.local/lib/python3.8/site-packages/airflow/example_dags/example_short_circuit_decorator.py
[2024-02-14T16:12:41.843+0000] {processor.py:840} INFO - DAG(s) 'example_short_circuit_decorator' retrieved from /home/airflow/.local/lib/python3.8/site-packages/airflow/example_dags/example_short_circuit_decorator.py
[2024-02-14T16:12:41.858+0000] {logging_mixin.py:188} INFO - [2024-02-14T16:12:41.858+0000] {dag.py:3033} INFO - Sync 1 DAGs
[2024-02-14T16:12:41.871+0000] {logging_mixin.py:188} INFO - [2024-02-14T16:12:41.870+0000] {dag.py:3820} INFO - Setting next_dagrun for example_short_circuit_decorator to 2024-02-13T00:00:00+00:00, run_after=2024-02-14T00:00:00+00:00
[2024-02-14T16:12:41.882+0000] {processor.py:183} INFO - Processing /home/airflow/.local/lib/python3.8/site-packages/airflow/example_dags/example_short_circuit_decorator.py took 0.050 seconds
[2024-02-14T16:13:12.000+0000] {processor.py:161} INFO - Started process (PID=1201) to work on /home/airflow/.local/lib/python3.8/site-packages/airflow/example_dags/example_short_circuit_decorator.py
[2024-02-14T16:13:12.001+0000] {processor.py:830} INFO - Processing file /home/airflow/.local/lib/python3.8/site-packages/airflow/example_dags/example_short_circuit_decorator.py for tasks to queue
[2024-02-14T16:13:12.002+0000] {logging_mixin.py:188} INFO - [2024-02-14T16:13:12.002+0000] {dagbag.py:538} INFO - Filling up the DagBag from /home/airflow/.local/lib/python3.8/site-packages/airflow/example_dags/example_short_circuit_decorator.py
[2024-02-14T16:13:12.007+0000] {processor.py:840} INFO - DAG(s) 'example_short_circuit_decorator' retrieved from /home/airflow/.local/lib/python3.8/site-packages/airflow/example_dags/example_short_circuit_decorator.py
[2024-02-14T16:13:12.021+0000] {logging_mixin.py:188} INFO - [2024-02-14T16:13:12.021+0000] {dag.py:3033} INFO - Sync 1 DAGs
[2024-02-14T16:13:12.033+0000] {logging_mixin.py:188} INFO - [2024-02-14T16:13:12.033+0000] {dag.py:3820} INFO - Setting next_dagrun for example_short_circuit_decorator to 2024-02-13T00:00:00+00:00, run_after=2024-02-14T00:00:00+00:00
[2024-02-14T16:13:12.043+0000] {processor.py:183} INFO - Processing /home/airflow/.local/lib/python3.8/site-packages/airflow/example_dags/example_short_circuit_decorator.py took 0.046 seconds
[2024-02-14T16:13:42.219+0000] {processor.py:161} INFO - Started process (PID=1258) to work on /home/airflow/.local/lib/python3.8/site-packages/airflow/example_dags/example_short_circuit_decorator.py
[2024-02-14T16:13:42.220+0000] {processor.py:830} INFO - Processing file /home/airflow/.local/lib/python3.8/site-packages/airflow/example_dags/example_short_circuit_decorator.py for tasks to queue
[2024-02-14T16:13:42.221+0000] {logging_mixin.py:188} INFO - [2024-02-14T16:13:42.221+0000] {dagbag.py:538} INFO - Filling up the DagBag from /home/airflow/.local/lib/python3.8/site-packages/airflow/example_dags/example_short_circuit_decorator.py
[2024-02-14T16:13:42.227+0000] {processor.py:840} INFO - DAG(s) 'example_short_circuit_decorator' retrieved from /home/airflow/.local/lib/python3.8/site-packages/airflow/example_dags/example_short_circuit_decorator.py
[2024-02-14T16:13:42.240+0000] {logging_mixin.py:188} INFO - [2024-02-14T16:13:42.240+0000] {dag.py:3033} INFO - Sync 1 DAGs
[2024-02-14T16:13:42.251+0000] {logging_mixin.py:188} INFO - [2024-02-14T16:13:42.251+0000] {dag.py:3820} INFO - Setting next_dagrun for example_short_circuit_decorator to 2024-02-13T00:00:00+00:00, run_after=2024-02-14T00:00:00+00:00
[2024-02-14T16:13:42.261+0000] {processor.py:183} INFO - Processing /home/airflow/.local/lib/python3.8/site-packages/airflow/example_dags/example_short_circuit_decorator.py took 0.045 seconds
[2024-02-14T16:14:12.384+0000] {processor.py:161} INFO - Started process (PID=1315) to work on /home/airflow/.local/lib/python3.8/site-packages/airflow/example_dags/example_short_circuit_decorator.py
[2024-02-14T16:14:12.385+0000] {processor.py:830} INFO - Processing file /home/airflow/.local/lib/python3.8/site-packages/airflow/example_dags/example_short_circuit_decorator.py for tasks to queue
[2024-02-14T16:14:12.387+0000] {logging_mixin.py:188} INFO - [2024-02-14T16:14:12.386+0000] {dagbag.py:538} INFO - Filling up the DagBag from /home/airflow/.local/lib/python3.8/site-packages/airflow/example_dags/example_short_circuit_decorator.py
[2024-02-14T16:14:12.392+0000] {processor.py:840} INFO - DAG(s) 'example_short_circuit_decorator' retrieved from /home/airflow/.local/lib/python3.8/site-packages/airflow/example_dags/example_short_circuit_decorator.py
[2024-02-14T16:14:12.405+0000] {logging_mixin.py:188} INFO - [2024-02-14T16:14:12.405+0000] {dag.py:3033} INFO - Sync 1 DAGs
[2024-02-14T16:14:12.418+0000] {logging_mixin.py:188} INFO - [2024-02-14T16:14:12.418+0000] {dag.py:3820} INFO - Setting next_dagrun for example_short_circuit_decorator to 2024-02-13T00:00:00+00:00, run_after=2024-02-14T00:00:00+00:00
[2024-02-14T16:14:12.428+0000] {processor.py:183} INFO - Processing /home/airflow/.local/lib/python3.8/site-packages/airflow/example_dags/example_short_circuit_decorator.py took 0.046 seconds
[2024-02-14T16:14:42.642+0000] {processor.py:161} INFO - Started process (PID=1372) to work on /home/airflow/.local/lib/python3.8/site-packages/airflow/example_dags/example_short_circuit_decorator.py
[2024-02-14T16:14:42.643+0000] {processor.py:830} INFO - Processing file /home/airflow/.local/lib/python3.8/site-packages/airflow/example_dags/example_short_circuit_decorator.py for tasks to queue
[2024-02-14T16:14:42.644+0000] {logging_mixin.py:188} INFO - [2024-02-14T16:14:42.644+0000] {dagbag.py:538} INFO - Filling up the DagBag from /home/airflow/.local/lib/python3.8/site-packages/airflow/example_dags/example_short_circuit_decorator.py
[2024-02-14T16:14:42.650+0000] {processor.py:840} INFO - DAG(s) 'example_short_circuit_decorator' retrieved from /home/airflow/.local/lib/python3.8/site-packages/airflow/example_dags/example_short_circuit_decorator.py
[2024-02-14T16:14:42.663+0000] {logging_mixin.py:188} INFO - [2024-02-14T16:14:42.663+0000] {dag.py:3033} INFO - Sync 1 DAGs
[2024-02-14T16:14:42.674+0000] {logging_mixin.py:188} INFO - [2024-02-14T16:14:42.674+0000] {dag.py:3820} INFO - Setting next_dagrun for example_short_circuit_decorator to 2024-02-13T00:00:00+00:00, run_after=2024-02-14T00:00:00+00:00
[2024-02-14T16:14:42.682+0000] {processor.py:183} INFO - Processing /home/airflow/.local/lib/python3.8/site-packages/airflow/example_dags/example_short_circuit_decorator.py took 0.042 seconds
[2024-02-14T16:15:12.846+0000] {processor.py:161} INFO - Started process (PID=1428) to work on /home/airflow/.local/lib/python3.8/site-packages/airflow/example_dags/example_short_circuit_decorator.py
[2024-02-14T16:15:12.847+0000] {processor.py:830} INFO - Processing file /home/airflow/.local/lib/python3.8/site-packages/airflow/example_dags/example_short_circuit_decorator.py for tasks to queue
[2024-02-14T16:15:12.848+0000] {logging_mixin.py:188} INFO - [2024-02-14T16:15:12.848+0000] {dagbag.py:538} INFO - Filling up the DagBag from /home/airflow/.local/lib/python3.8/site-packages/airflow/example_dags/example_short_circuit_decorator.py
[2024-02-14T16:15:12.854+0000] {processor.py:840} INFO - DAG(s) 'example_short_circuit_decorator' retrieved from /home/airflow/.local/lib/python3.8/site-packages/airflow/example_dags/example_short_circuit_decorator.py
[2024-02-14T16:15:12.866+0000] {logging_mixin.py:188} INFO - [2024-02-14T16:15:12.866+0000] {dag.py:3033} INFO - Sync 1 DAGs
[2024-02-14T16:15:12.878+0000] {logging_mixin.py:188} INFO - [2024-02-14T16:15:12.878+0000] {dag.py:3820} INFO - Setting next_dagrun for example_short_circuit_decorator to 2024-02-13T00:00:00+00:00, run_after=2024-02-14T00:00:00+00:00
[2024-02-14T16:15:12.886+0000] {processor.py:183} INFO - Processing /home/airflow/.local/lib/python3.8/site-packages/airflow/example_dags/example_short_circuit_decorator.py took 0.042 seconds
[2024-02-14T16:15:43.061+0000] {processor.py:161} INFO - Started process (PID=1484) to work on /home/airflow/.local/lib/python3.8/site-packages/airflow/example_dags/example_short_circuit_decorator.py
[2024-02-14T16:15:43.062+0000] {processor.py:830} INFO - Processing file /home/airflow/.local/lib/python3.8/site-packages/airflow/example_dags/example_short_circuit_decorator.py for tasks to queue
[2024-02-14T16:15:43.063+0000] {logging_mixin.py:188} INFO - [2024-02-14T16:15:43.063+0000] {dagbag.py:538} INFO - Filling up the DagBag from /home/airflow/.local/lib/python3.8/site-packages/airflow/example_dags/example_short_circuit_decorator.py
[2024-02-14T16:15:43.068+0000] {processor.py:840} INFO - DAG(s) 'example_short_circuit_decorator' retrieved from /home/airflow/.local/lib/python3.8/site-packages/airflow/example_dags/example_short_circuit_decorator.py
[2024-02-14T16:15:43.082+0000] {logging_mixin.py:188} INFO - [2024-02-14T16:15:43.082+0000] {dag.py:3033} INFO - Sync 1 DAGs
[2024-02-14T16:15:43.092+0000] {logging_mixin.py:188} INFO - [2024-02-14T16:15:43.092+0000] {dag.py:3820} INFO - Setting next_dagrun for example_short_circuit_decorator to 2024-02-13T00:00:00+00:00, run_after=2024-02-14T00:00:00+00:00
[2024-02-14T16:15:43.102+0000] {processor.py:183} INFO - Processing /home/airflow/.local/lib/python3.8/site-packages/airflow/example_dags/example_short_circuit_decorator.py took 0.043 seconds
[2024-02-14T16:16:13.188+0000] {processor.py:161} INFO - Started process (PID=1541) to work on /home/airflow/.local/lib/python3.8/site-packages/airflow/example_dags/example_short_circuit_decorator.py
[2024-02-14T16:16:13.189+0000] {processor.py:830} INFO - Processing file /home/airflow/.local/lib/python3.8/site-packages/airflow/example_dags/example_short_circuit_decorator.py for tasks to queue
[2024-02-14T16:16:13.190+0000] {logging_mixin.py:188} INFO - [2024-02-14T16:16:13.190+0000] {dagbag.py:538} INFO - Filling up the DagBag from /home/airflow/.local/lib/python3.8/site-packages/airflow/example_dags/example_short_circuit_decorator.py
[2024-02-14T16:16:13.196+0000] {processor.py:840} INFO - DAG(s) 'example_short_circuit_decorator' retrieved from /home/airflow/.local/lib/python3.8/site-packages/airflow/example_dags/example_short_circuit_decorator.py
[2024-02-14T16:16:13.210+0000] {logging_mixin.py:188} INFO - [2024-02-14T16:16:13.210+0000] {dag.py:3033} INFO - Sync 1 DAGs
[2024-02-14T16:16:13.223+0000] {logging_mixin.py:188} INFO - [2024-02-14T16:16:13.223+0000] {dag.py:3820} INFO - Setting next_dagrun for example_short_circuit_decorator to 2024-02-13T00:00:00+00:00, run_after=2024-02-14T00:00:00+00:00
[2024-02-14T16:16:13.234+0000] {processor.py:183} INFO - Processing /home/airflow/.local/lib/python3.8/site-packages/airflow/example_dags/example_short_circuit_decorator.py took 0.048 seconds
[2024-02-14T16:16:44.264+0000] {processor.py:161} INFO - Started process (PID=1598) to work on /home/airflow/.local/lib/python3.8/site-packages/airflow/example_dags/example_short_circuit_decorator.py
[2024-02-14T16:16:44.265+0000] {processor.py:830} INFO - Processing file /home/airflow/.local/lib/python3.8/site-packages/airflow/example_dags/example_short_circuit_decorator.py for tasks to queue
[2024-02-14T16:16:44.266+0000] {logging_mixin.py:188} INFO - [2024-02-14T16:16:44.266+0000] {dagbag.py:538} INFO - Filling up the DagBag from /home/airflow/.local/lib/python3.8/site-packages/airflow/example_dags/example_short_circuit_decorator.py
[2024-02-14T16:16:44.272+0000] {processor.py:840} INFO - DAG(s) 'example_short_circuit_decorator' retrieved from /home/airflow/.local/lib/python3.8/site-packages/airflow/example_dags/example_short_circuit_decorator.py
[2024-02-14T16:16:44.287+0000] {logging_mixin.py:188} INFO - [2024-02-14T16:16:44.287+0000] {dag.py:3033} INFO - Sync 1 DAGs
[2024-02-14T16:16:44.298+0000] {logging_mixin.py:188} INFO - [2024-02-14T16:16:44.298+0000] {dag.py:3820} INFO - Setting next_dagrun for example_short_circuit_decorator to 2024-02-13T00:00:00+00:00, run_after=2024-02-14T00:00:00+00:00
[2024-02-14T16:16:44.307+0000] {processor.py:183} INFO - Processing /home/airflow/.local/lib/python3.8/site-packages/airflow/example_dags/example_short_circuit_decorator.py took 0.045 seconds
[2024-02-14T16:17:14.490+0000] {processor.py:161} INFO - Started process (PID=1655) to work on /home/airflow/.local/lib/python3.8/site-packages/airflow/example_dags/example_short_circuit_decorator.py
[2024-02-14T16:17:14.491+0000] {processor.py:830} INFO - Processing file /home/airflow/.local/lib/python3.8/site-packages/airflow/example_dags/example_short_circuit_decorator.py for tasks to queue
[2024-02-14T16:17:14.492+0000] {logging_mixin.py:188} INFO - [2024-02-14T16:17:14.492+0000] {dagbag.py:538} INFO - Filling up the DagBag from /home/airflow/.local/lib/python3.8/site-packages/airflow/example_dags/example_short_circuit_decorator.py
[2024-02-14T16:17:14.498+0000] {processor.py:840} INFO - DAG(s) 'example_short_circuit_decorator' retrieved from /home/airflow/.local/lib/python3.8/site-packages/airflow/example_dags/example_short_circuit_decorator.py
[2024-02-14T16:17:14.511+0000] {logging_mixin.py:188} INFO - [2024-02-14T16:17:14.511+0000] {dag.py:3033} INFO - Sync 1 DAGs
[2024-02-14T16:17:14.522+0000] {logging_mixin.py:188} INFO - [2024-02-14T16:17:14.522+0000] {dag.py:3820} INFO - Setting next_dagrun for example_short_circuit_decorator to 2024-02-13T00:00:00+00:00, run_after=2024-02-14T00:00:00+00:00
[2024-02-14T16:17:14.531+0000] {processor.py:183} INFO - Processing /home/airflow/.local/lib/python3.8/site-packages/airflow/example_dags/example_short_circuit_decorator.py took 0.043 seconds
[2024-02-14T16:17:44.665+0000] {processor.py:161} INFO - Started process (PID=1712) to work on /home/airflow/.local/lib/python3.8/site-packages/airflow/example_dags/example_short_circuit_decorator.py
[2024-02-14T16:17:44.666+0000] {processor.py:830} INFO - Processing file /home/airflow/.local/lib/python3.8/site-packages/airflow/example_dags/example_short_circuit_decorator.py for tasks to queue
[2024-02-14T16:17:44.667+0000] {logging_mixin.py:188} INFO - [2024-02-14T16:17:44.667+0000] {dagbag.py:538} INFO - Filling up the DagBag from /home/airflow/.local/lib/python3.8/site-packages/airflow/example_dags/example_short_circuit_decorator.py
[2024-02-14T16:17:44.673+0000] {processor.py:840} INFO - DAG(s) 'example_short_circuit_decorator' retrieved from /home/airflow/.local/lib/python3.8/site-packages/airflow/example_dags/example_short_circuit_decorator.py
[2024-02-14T16:17:44.687+0000] {logging_mixin.py:188} INFO - [2024-02-14T16:17:44.687+0000] {dag.py:3033} INFO - Sync 1 DAGs
[2024-02-14T16:17:44.699+0000] {logging_mixin.py:188} INFO - [2024-02-14T16:17:44.699+0000] {dag.py:3820} INFO - Setting next_dagrun for example_short_circuit_decorator to 2024-02-13T00:00:00+00:00, run_after=2024-02-14T00:00:00+00:00
[2024-02-14T16:17:44.709+0000] {processor.py:183} INFO - Processing /home/airflow/.local/lib/python3.8/site-packages/airflow/example_dags/example_short_circuit_decorator.py took 0.046 seconds
[2024-02-14T16:18:14.977+0000] {processor.py:161} INFO - Started process (PID=1769) to work on /home/airflow/.local/lib/python3.8/site-packages/airflow/example_dags/example_short_circuit_decorator.py
[2024-02-14T16:18:14.978+0000] {processor.py:830} INFO - Processing file /home/airflow/.local/lib/python3.8/site-packages/airflow/example_dags/example_short_circuit_decorator.py for tasks to queue
[2024-02-14T16:18:14.980+0000] {logging_mixin.py:188} INFO - [2024-02-14T16:18:14.979+0000] {dagbag.py:538} INFO - Filling up the DagBag from /home/airflow/.local/lib/python3.8/site-packages/airflow/example_dags/example_short_circuit_decorator.py
[2024-02-14T16:18:14.987+0000] {processor.py:840} INFO - DAG(s) 'example_short_circuit_decorator' retrieved from /home/airflow/.local/lib/python3.8/site-packages/airflow/example_dags/example_short_circuit_decorator.py
[2024-02-14T16:18:15.008+0000] {logging_mixin.py:188} INFO - [2024-02-14T16:18:15.008+0000] {dag.py:3033} INFO - Sync 1 DAGs
[2024-02-14T16:18:15.025+0000] {logging_mixin.py:188} INFO - [2024-02-14T16:18:15.025+0000] {dag.py:3820} INFO - Setting next_dagrun for example_short_circuit_decorator to 2024-02-13T00:00:00+00:00, run_after=2024-02-14T00:00:00+00:00
[2024-02-14T16:18:15.040+0000] {processor.py:183} INFO - Processing /home/airflow/.local/lib/python3.8/site-packages/airflow/example_dags/example_short_circuit_decorator.py took 0.067 seconds
[2024-02-14T16:18:45.084+0000] {processor.py:161} INFO - Started process (PID=1825) to work on /home/airflow/.local/lib/python3.8/site-packages/airflow/example_dags/example_short_circuit_decorator.py
[2024-02-14T16:18:45.085+0000] {processor.py:830} INFO - Processing file /home/airflow/.local/lib/python3.8/site-packages/airflow/example_dags/example_short_circuit_decorator.py for tasks to queue
[2024-02-14T16:18:45.087+0000] {logging_mixin.py:188} INFO - [2024-02-14T16:18:45.086+0000] {dagbag.py:538} INFO - Filling up the DagBag from /home/airflow/.local/lib/python3.8/site-packages/airflow/example_dags/example_short_circuit_decorator.py
[2024-02-14T16:18:45.092+0000] {processor.py:840} INFO - DAG(s) 'example_short_circuit_decorator' retrieved from /home/airflow/.local/lib/python3.8/site-packages/airflow/example_dags/example_short_circuit_decorator.py
[2024-02-14T16:18:45.107+0000] {logging_mixin.py:188} INFO - [2024-02-14T16:18:45.107+0000] {dag.py:3033} INFO - Sync 1 DAGs
[2024-02-14T16:18:45.119+0000] {logging_mixin.py:188} INFO - [2024-02-14T16:18:45.118+0000] {dag.py:3820} INFO - Setting next_dagrun for example_short_circuit_decorator to 2024-02-13T00:00:00+00:00, run_after=2024-02-14T00:00:00+00:00
[2024-02-14T16:18:45.129+0000] {processor.py:183} INFO - Processing /home/airflow/.local/lib/python3.8/site-packages/airflow/example_dags/example_short_circuit_decorator.py took 0.047 seconds
[2024-02-14T16:19:15.523+0000] {processor.py:161} INFO - Started process (PID=1883) to work on /home/airflow/.local/lib/python3.8/site-packages/airflow/example_dags/example_short_circuit_decorator.py
[2024-02-14T16:19:15.524+0000] {processor.py:830} INFO - Processing file /home/airflow/.local/lib/python3.8/site-packages/airflow/example_dags/example_short_circuit_decorator.py for tasks to queue
[2024-02-14T16:19:15.526+0000] {logging_mixin.py:188} INFO - [2024-02-14T16:19:15.526+0000] {dagbag.py:538} INFO - Filling up the DagBag from /home/airflow/.local/lib/python3.8/site-packages/airflow/example_dags/example_short_circuit_decorator.py
[2024-02-14T16:19:15.531+0000] {processor.py:840} INFO - DAG(s) 'example_short_circuit_decorator' retrieved from /home/airflow/.local/lib/python3.8/site-packages/airflow/example_dags/example_short_circuit_decorator.py
[2024-02-14T16:19:15.546+0000] {logging_mixin.py:188} INFO - [2024-02-14T16:19:15.546+0000] {dag.py:3033} INFO - Sync 1 DAGs
[2024-02-14T16:19:15.559+0000] {logging_mixin.py:188} INFO - [2024-02-14T16:19:15.559+0000] {dag.py:3820} INFO - Setting next_dagrun for example_short_circuit_decorator to 2024-02-13T00:00:00+00:00, run_after=2024-02-14T00:00:00+00:00
[2024-02-14T16:19:15.569+0000] {processor.py:183} INFO - Processing /home/airflow/.local/lib/python3.8/site-packages/airflow/example_dags/example_short_circuit_decorator.py took 0.049 seconds
[2024-02-14T16:19:45.643+0000] {processor.py:161} INFO - Started process (PID=1939) to work on /home/airflow/.local/lib/python3.8/site-packages/airflow/example_dags/example_short_circuit_decorator.py
[2024-02-14T16:19:45.644+0000] {processor.py:830} INFO - Processing file /home/airflow/.local/lib/python3.8/site-packages/airflow/example_dags/example_short_circuit_decorator.py for tasks to queue
[2024-02-14T16:19:45.646+0000] {logging_mixin.py:188} INFO - [2024-02-14T16:19:45.646+0000] {dagbag.py:538} INFO - Filling up the DagBag from /home/airflow/.local/lib/python3.8/site-packages/airflow/example_dags/example_short_circuit_decorator.py
[2024-02-14T16:19:45.651+0000] {processor.py:840} INFO - DAG(s) 'example_short_circuit_decorator' retrieved from /home/airflow/.local/lib/python3.8/site-packages/airflow/example_dags/example_short_circuit_decorator.py
[2024-02-14T16:19:45.666+0000] {logging_mixin.py:188} INFO - [2024-02-14T16:19:45.666+0000] {dag.py:3033} INFO - Sync 1 DAGs
[2024-02-14T16:19:45.678+0000] {logging_mixin.py:188} INFO - [2024-02-14T16:19:45.678+0000] {dag.py:3820} INFO - Setting next_dagrun for example_short_circuit_decorator to 2024-02-13T00:00:00+00:00, run_after=2024-02-14T00:00:00+00:00
[2024-02-14T16:19:45.688+0000] {processor.py:183} INFO - Processing /home/airflow/.local/lib/python3.8/site-packages/airflow/example_dags/example_short_circuit_decorator.py took 0.046 seconds
[2024-02-14T16:20:15.796+0000] {processor.py:161} INFO - Started process (PID=1996) to work on /home/airflow/.local/lib/python3.8/site-packages/airflow/example_dags/example_short_circuit_decorator.py
[2024-02-14T16:20:15.797+0000] {processor.py:830} INFO - Processing file /home/airflow/.local/lib/python3.8/site-packages/airflow/example_dags/example_short_circuit_decorator.py for tasks to queue
[2024-02-14T16:20:15.800+0000] {logging_mixin.py:188} INFO - [2024-02-14T16:20:15.799+0000] {dagbag.py:538} INFO - Filling up the DagBag from /home/airflow/.local/lib/python3.8/site-packages/airflow/example_dags/example_short_circuit_decorator.py
[2024-02-14T16:20:15.807+0000] {processor.py:840} INFO - DAG(s) 'example_short_circuit_decorator' retrieved from /home/airflow/.local/lib/python3.8/site-packages/airflow/example_dags/example_short_circuit_decorator.py
[2024-02-14T16:20:15.823+0000] {logging_mixin.py:188} INFO - [2024-02-14T16:20:15.823+0000] {dag.py:3033} INFO - Sync 1 DAGs
[2024-02-14T16:20:15.836+0000] {logging_mixin.py:188} INFO - [2024-02-14T16:20:15.836+0000] {dag.py:3820} INFO - Setting next_dagrun for example_short_circuit_decorator to 2024-02-13T00:00:00+00:00, run_after=2024-02-14T00:00:00+00:00
[2024-02-14T16:20:15.846+0000] {processor.py:183} INFO - Processing /home/airflow/.local/lib/python3.8/site-packages/airflow/example_dags/example_short_circuit_decorator.py took 0.053 seconds
[2024-02-14T16:20:46.105+0000] {processor.py:161} INFO - Started process (PID=2053) to work on /home/airflow/.local/lib/python3.8/site-packages/airflow/example_dags/example_short_circuit_decorator.py
[2024-02-14T16:20:46.107+0000] {processor.py:830} INFO - Processing file /home/airflow/.local/lib/python3.8/site-packages/airflow/example_dags/example_short_circuit_decorator.py for tasks to queue
[2024-02-14T16:20:46.109+0000] {logging_mixin.py:188} INFO - [2024-02-14T16:20:46.109+0000] {dagbag.py:538} INFO - Filling up the DagBag from /home/airflow/.local/lib/python3.8/site-packages/airflow/example_dags/example_short_circuit_decorator.py
[2024-02-14T16:20:46.119+0000] {processor.py:840} INFO - DAG(s) 'example_short_circuit_decorator' retrieved from /home/airflow/.local/lib/python3.8/site-packages/airflow/example_dags/example_short_circuit_decorator.py
[2024-02-14T16:20:46.135+0000] {logging_mixin.py:188} INFO - [2024-02-14T16:20:46.135+0000] {dag.py:3033} INFO - Sync 1 DAGs
[2024-02-14T16:20:46.262+0000] {logging_mixin.py:188} INFO - [2024-02-14T16:20:46.262+0000] {dag.py:3820} INFO - Setting next_dagrun for example_short_circuit_decorator to 2024-02-13T00:00:00+00:00, run_after=2024-02-14T00:00:00+00:00
[2024-02-14T16:20:46.275+0000] {processor.py:183} INFO - Processing /home/airflow/.local/lib/python3.8/site-packages/airflow/example_dags/example_short_circuit_decorator.py took 0.174 seconds
[2024-02-14T16:21:16.479+0000] {processor.py:161} INFO - Started process (PID=2110) to work on /home/airflow/.local/lib/python3.8/site-packages/airflow/example_dags/example_short_circuit_decorator.py
[2024-02-14T16:21:16.480+0000] {processor.py:830} INFO - Processing file /home/airflow/.local/lib/python3.8/site-packages/airflow/example_dags/example_short_circuit_decorator.py for tasks to queue
[2024-02-14T16:21:16.482+0000] {logging_mixin.py:188} INFO - [2024-02-14T16:21:16.482+0000] {dagbag.py:538} INFO - Filling up the DagBag from /home/airflow/.local/lib/python3.8/site-packages/airflow/example_dags/example_short_circuit_decorator.py
[2024-02-14T16:21:16.490+0000] {processor.py:840} INFO - DAG(s) 'example_short_circuit_decorator' retrieved from /home/airflow/.local/lib/python3.8/site-packages/airflow/example_dags/example_short_circuit_decorator.py
[2024-02-14T16:21:16.506+0000] {logging_mixin.py:188} INFO - [2024-02-14T16:21:16.506+0000] {dag.py:3033} INFO - Sync 1 DAGs
[2024-02-14T16:21:16.614+0000] {logging_mixin.py:188} INFO - [2024-02-14T16:21:16.614+0000] {dag.py:3820} INFO - Setting next_dagrun for example_short_circuit_decorator to 2024-02-13T00:00:00+00:00, run_after=2024-02-14T00:00:00+00:00
[2024-02-14T16:21:16.623+0000] {processor.py:183} INFO - Processing /home/airflow/.local/lib/python3.8/site-packages/airflow/example_dags/example_short_circuit_decorator.py took 0.148 seconds
[2024-02-14T16:21:46.890+0000] {processor.py:161} INFO - Started process (PID=2166) to work on /home/airflow/.local/lib/python3.8/site-packages/airflow/example_dags/example_short_circuit_decorator.py
[2024-02-14T16:21:46.891+0000] {processor.py:830} INFO - Processing file /home/airflow/.local/lib/python3.8/site-packages/airflow/example_dags/example_short_circuit_decorator.py for tasks to queue
[2024-02-14T16:21:46.892+0000] {logging_mixin.py:188} INFO - [2024-02-14T16:21:46.892+0000] {dagbag.py:538} INFO - Filling up the DagBag from /home/airflow/.local/lib/python3.8/site-packages/airflow/example_dags/example_short_circuit_decorator.py
[2024-02-14T16:21:46.898+0000] {processor.py:840} INFO - DAG(s) 'example_short_circuit_decorator' retrieved from /home/airflow/.local/lib/python3.8/site-packages/airflow/example_dags/example_short_circuit_decorator.py
[2024-02-14T16:21:46.914+0000] {logging_mixin.py:188} INFO - [2024-02-14T16:21:46.914+0000] {dag.py:3033} INFO - Sync 1 DAGs
[2024-02-14T16:21:47.027+0000] {logging_mixin.py:188} INFO - [2024-02-14T16:21:47.027+0000] {dag.py:3820} INFO - Setting next_dagrun for example_short_circuit_decorator to 2024-02-13T00:00:00+00:00, run_after=2024-02-14T00:00:00+00:00
[2024-02-14T16:21:47.038+0000] {processor.py:183} INFO - Processing /home/airflow/.local/lib/python3.8/site-packages/airflow/example_dags/example_short_circuit_decorator.py took 0.150 seconds
[2024-02-14T16:22:17.272+0000] {processor.py:161} INFO - Started process (PID=2223) to work on /home/airflow/.local/lib/python3.8/site-packages/airflow/example_dags/example_short_circuit_decorator.py
[2024-02-14T16:22:17.276+0000] {processor.py:830} INFO - Processing file /home/airflow/.local/lib/python3.8/site-packages/airflow/example_dags/example_short_circuit_decorator.py for tasks to queue
[2024-02-14T16:22:17.278+0000] {logging_mixin.py:188} INFO - [2024-02-14T16:22:17.278+0000] {dagbag.py:538} INFO - Filling up the DagBag from /home/airflow/.local/lib/python3.8/site-packages/airflow/example_dags/example_short_circuit_decorator.py
[2024-02-14T16:22:17.286+0000] {processor.py:840} INFO - DAG(s) 'example_short_circuit_decorator' retrieved from /home/airflow/.local/lib/python3.8/site-packages/airflow/example_dags/example_short_circuit_decorator.py
[2024-02-14T16:22:17.302+0000] {logging_mixin.py:188} INFO - [2024-02-14T16:22:17.302+0000] {dag.py:3033} INFO - Sync 1 DAGs
[2024-02-14T16:22:17.410+0000] {logging_mixin.py:188} INFO - [2024-02-14T16:22:17.409+0000] {dag.py:3820} INFO - Setting next_dagrun for example_short_circuit_decorator to 2024-02-13T00:00:00+00:00, run_after=2024-02-14T00:00:00+00:00
[2024-02-14T16:22:17.420+0000] {processor.py:183} INFO - Processing /home/airflow/.local/lib/python3.8/site-packages/airflow/example_dags/example_short_circuit_decorator.py took 0.152 seconds
[2024-02-14T16:22:48.319+0000] {processor.py:161} INFO - Started process (PID=2280) to work on /home/airflow/.local/lib/python3.8/site-packages/airflow/example_dags/example_short_circuit_decorator.py
[2024-02-14T16:22:48.320+0000] {processor.py:830} INFO - Processing file /home/airflow/.local/lib/python3.8/site-packages/airflow/example_dags/example_short_circuit_decorator.py for tasks to queue
[2024-02-14T16:22:48.322+0000] {logging_mixin.py:188} INFO - [2024-02-14T16:22:48.322+0000] {dagbag.py:538} INFO - Filling up the DagBag from /home/airflow/.local/lib/python3.8/site-packages/airflow/example_dags/example_short_circuit_decorator.py
[2024-02-14T16:22:48.329+0000] {processor.py:840} INFO - DAG(s) 'example_short_circuit_decorator' retrieved from /home/airflow/.local/lib/python3.8/site-packages/airflow/example_dags/example_short_circuit_decorator.py
[2024-02-14T16:22:48.346+0000] {logging_mixin.py:188} INFO - [2024-02-14T16:22:48.346+0000] {dag.py:3033} INFO - Sync 1 DAGs
[2024-02-14T16:22:48.359+0000] {logging_mixin.py:188} INFO - [2024-02-14T16:22:48.359+0000] {dag.py:3820} INFO - Setting next_dagrun for example_short_circuit_decorator to 2024-02-13T00:00:00+00:00, run_after=2024-02-14T00:00:00+00:00
[2024-02-14T16:22:48.462+0000] {processor.py:183} INFO - Processing /home/airflow/.local/lib/python3.8/site-packages/airflow/example_dags/example_short_circuit_decorator.py took 0.147 seconds
[2024-02-14T16:23:18.792+0000] {processor.py:161} INFO - Started process (PID=2337) to work on /home/airflow/.local/lib/python3.8/site-packages/airflow/example_dags/example_short_circuit_decorator.py
[2024-02-14T16:23:18.793+0000] {processor.py:830} INFO - Processing file /home/airflow/.local/lib/python3.8/site-packages/airflow/example_dags/example_short_circuit_decorator.py for tasks to queue
[2024-02-14T16:23:18.795+0000] {logging_mixin.py:188} INFO - [2024-02-14T16:23:18.795+0000] {dagbag.py:538} INFO - Filling up the DagBag from /home/airflow/.local/lib/python3.8/site-packages/airflow/example_dags/example_short_circuit_decorator.py
[2024-02-14T16:23:18.802+0000] {processor.py:840} INFO - DAG(s) 'example_short_circuit_decorator' retrieved from /home/airflow/.local/lib/python3.8/site-packages/airflow/example_dags/example_short_circuit_decorator.py
[2024-02-14T16:23:18.820+0000] {logging_mixin.py:188} INFO - [2024-02-14T16:23:18.820+0000] {dag.py:3033} INFO - Sync 1 DAGs
[2024-02-14T16:23:18.833+0000] {logging_mixin.py:188} INFO - [2024-02-14T16:23:18.833+0000] {dag.py:3820} INFO - Setting next_dagrun for example_short_circuit_decorator to 2024-02-13T00:00:00+00:00, run_after=2024-02-14T00:00:00+00:00
[2024-02-14T16:23:18.843+0000] {processor.py:183} INFO - Processing /home/airflow/.local/lib/python3.8/site-packages/airflow/example_dags/example_short_circuit_decorator.py took 0.055 seconds
[2024-02-14T16:23:48.891+0000] {processor.py:161} INFO - Started process (PID=2394) to work on /home/airflow/.local/lib/python3.8/site-packages/airflow/example_dags/example_short_circuit_decorator.py
[2024-02-14T16:23:48.892+0000] {processor.py:830} INFO - Processing file /home/airflow/.local/lib/python3.8/site-packages/airflow/example_dags/example_short_circuit_decorator.py for tasks to queue
[2024-02-14T16:23:48.894+0000] {logging_mixin.py:188} INFO - [2024-02-14T16:23:48.894+0000] {dagbag.py:538} INFO - Filling up the DagBag from /home/airflow/.local/lib/python3.8/site-packages/airflow/example_dags/example_short_circuit_decorator.py
[2024-02-14T16:23:48.900+0000] {processor.py:840} INFO - DAG(s) 'example_short_circuit_decorator' retrieved from /home/airflow/.local/lib/python3.8/site-packages/airflow/example_dags/example_short_circuit_decorator.py
[2024-02-14T16:23:48.915+0000] {logging_mixin.py:188} INFO - [2024-02-14T16:23:48.915+0000] {dag.py:3033} INFO - Sync 1 DAGs
[2024-02-14T16:23:48.926+0000] {logging_mixin.py:188} INFO - [2024-02-14T16:23:48.926+0000] {dag.py:3820} INFO - Setting next_dagrun for example_short_circuit_decorator to 2024-02-13T00:00:00+00:00, run_after=2024-02-14T00:00:00+00:00
[2024-02-14T16:23:48.936+0000] {processor.py:183} INFO - Processing /home/airflow/.local/lib/python3.8/site-packages/airflow/example_dags/example_short_circuit_decorator.py took 0.048 seconds
[2024-02-14T16:24:19.239+0000] {processor.py:161} INFO - Started process (PID=2451) to work on /home/airflow/.local/lib/python3.8/site-packages/airflow/example_dags/example_short_circuit_decorator.py
[2024-02-14T16:24:19.240+0000] {processor.py:830} INFO - Processing file /home/airflow/.local/lib/python3.8/site-packages/airflow/example_dags/example_short_circuit_decorator.py for tasks to queue
[2024-02-14T16:24:19.243+0000] {logging_mixin.py:188} INFO - [2024-02-14T16:24:19.243+0000] {dagbag.py:538} INFO - Filling up the DagBag from /home/airflow/.local/lib/python3.8/site-packages/airflow/example_dags/example_short_circuit_decorator.py
[2024-02-14T16:24:19.252+0000] {processor.py:840} INFO - DAG(s) 'example_short_circuit_decorator' retrieved from /home/airflow/.local/lib/python3.8/site-packages/airflow/example_dags/example_short_circuit_decorator.py
[2024-02-14T16:24:19.269+0000] {logging_mixin.py:188} INFO - [2024-02-14T16:24:19.269+0000] {dag.py:3033} INFO - Sync 1 DAGs
[2024-02-14T16:24:19.281+0000] {logging_mixin.py:188} INFO - [2024-02-14T16:24:19.281+0000] {dag.py:3820} INFO - Setting next_dagrun for example_short_circuit_decorator to 2024-02-13T00:00:00+00:00, run_after=2024-02-14T00:00:00+00:00
[2024-02-14T16:24:19.291+0000] {processor.py:183} INFO - Processing /home/airflow/.local/lib/python3.8/site-packages/airflow/example_dags/example_short_circuit_decorator.py took 0.057 seconds
