[2024-02-14T16:03:08.567+0000] {processor.py:161} INFO - Started process (PID=88) to work on /home/airflow/.local/lib/python3.8/site-packages/airflow/example_dags/example_short_circuit_operator.py
[2024-02-14T16:03:08.568+0000] {processor.py:830} INFO - Processing file /home/airflow/.local/lib/python3.8/site-packages/airflow/example_dags/example_short_circuit_operator.py for tasks to queue
[2024-02-14T16:03:08.570+0000] {logging_mixin.py:188} INFO - [2024-02-14T16:03:08.570+0000] {dagbag.py:538} INFO - Filling up the DagBag from /home/airflow/.local/lib/python3.8/site-packages/airflow/example_dags/example_short_circuit_operator.py
[2024-02-14T16:03:08.577+0000] {processor.py:840} INFO - DAG(s) 'example_short_circuit_operator' retrieved from /home/airflow/.local/lib/python3.8/site-packages/airflow/example_dags/example_short_circuit_operator.py
[2024-02-14T16:03:08.593+0000] {logging_mixin.py:188} INFO - [2024-02-14T16:03:08.593+0000] {dag.py:3033} INFO - Sync 1 DAGs
[2024-02-14T16:03:08.608+0000] {logging_mixin.py:188} INFO - [2024-02-14T16:03:08.607+0000] {dag.py:3820} INFO - Setting next_dagrun for example_short_circuit_operator to 2024-02-13T00:00:00+00:00, run_after=2024-02-14T00:00:00+00:00
[2024-02-14T16:03:08.620+0000] {processor.py:183} INFO - Processing /home/airflow/.local/lib/python3.8/site-packages/airflow/example_dags/example_short_circuit_operator.py took 0.057 seconds
[2024-02-14T16:03:39.236+0000] {processor.py:161} INFO - Started process (PID=145) to work on /home/airflow/.local/lib/python3.8/site-packages/airflow/example_dags/example_short_circuit_operator.py
[2024-02-14T16:03:39.237+0000] {processor.py:830} INFO - Processing file /home/airflow/.local/lib/python3.8/site-packages/airflow/example_dags/example_short_circuit_operator.py for tasks to queue
[2024-02-14T16:03:39.238+0000] {logging_mixin.py:188} INFO - [2024-02-14T16:03:39.238+0000] {dagbag.py:538} INFO - Filling up the DagBag from /home/airflow/.local/lib/python3.8/site-packages/airflow/example_dags/example_short_circuit_operator.py
[2024-02-14T16:03:39.243+0000] {processor.py:840} INFO - DAG(s) 'example_short_circuit_operator' retrieved from /home/airflow/.local/lib/python3.8/site-packages/airflow/example_dags/example_short_circuit_operator.py
[2024-02-14T16:03:39.296+0000] {logging_mixin.py:188} INFO - [2024-02-14T16:03:39.296+0000] {dag.py:3033} INFO - Sync 1 DAGs
[2024-02-14T16:03:39.306+0000] {logging_mixin.py:188} INFO - [2024-02-14T16:03:39.306+0000] {dag.py:3820} INFO - Setting next_dagrun for example_short_circuit_operator to 2024-02-13T00:00:00+00:00, run_after=2024-02-14T00:00:00+00:00
[2024-02-14T16:03:39.316+0000] {processor.py:183} INFO - Processing /home/airflow/.local/lib/python3.8/site-packages/airflow/example_dags/example_short_circuit_operator.py took 0.082 seconds
[2024-02-14T16:04:09.419+0000] {processor.py:161} INFO - Started process (PID=202) to work on /home/airflow/.local/lib/python3.8/site-packages/airflow/example_dags/example_short_circuit_operator.py
[2024-02-14T16:04:09.420+0000] {processor.py:830} INFO - Processing file /home/airflow/.local/lib/python3.8/site-packages/airflow/example_dags/example_short_circuit_operator.py for tasks to queue
[2024-02-14T16:04:09.421+0000] {logging_mixin.py:188} INFO - [2024-02-14T16:04:09.421+0000] {dagbag.py:538} INFO - Filling up the DagBag from /home/airflow/.local/lib/python3.8/site-packages/airflow/example_dags/example_short_circuit_operator.py
[2024-02-14T16:04:09.426+0000] {processor.py:840} INFO - DAG(s) 'example_short_circuit_operator' retrieved from /home/airflow/.local/lib/python3.8/site-packages/airflow/example_dags/example_short_circuit_operator.py
[2024-02-14T16:04:09.440+0000] {logging_mixin.py:188} INFO - [2024-02-14T16:04:09.440+0000] {dag.py:3033} INFO - Sync 1 DAGs
[2024-02-14T16:04:09.451+0000] {logging_mixin.py:188} INFO - [2024-02-14T16:04:09.451+0000] {dag.py:3820} INFO - Setting next_dagrun for example_short_circuit_operator to 2024-02-13T00:00:00+00:00, run_after=2024-02-14T00:00:00+00:00
[2024-02-14T16:04:09.461+0000] {processor.py:183} INFO - Processing /home/airflow/.local/lib/python3.8/site-packages/airflow/example_dags/example_short_circuit_operator.py took 0.044 seconds
[2024-02-14T16:04:39.775+0000] {processor.py:161} INFO - Started process (PID=259) to work on /home/airflow/.local/lib/python3.8/site-packages/airflow/example_dags/example_short_circuit_operator.py
[2024-02-14T16:04:39.776+0000] {processor.py:830} INFO - Processing file /home/airflow/.local/lib/python3.8/site-packages/airflow/example_dags/example_short_circuit_operator.py for tasks to queue
[2024-02-14T16:04:39.778+0000] {logging_mixin.py:188} INFO - [2024-02-14T16:04:39.777+0000] {dagbag.py:538} INFO - Filling up the DagBag from /home/airflow/.local/lib/python3.8/site-packages/airflow/example_dags/example_short_circuit_operator.py
[2024-02-14T16:04:39.782+0000] {processor.py:840} INFO - DAG(s) 'example_short_circuit_operator' retrieved from /home/airflow/.local/lib/python3.8/site-packages/airflow/example_dags/example_short_circuit_operator.py
[2024-02-14T16:04:39.795+0000] {logging_mixin.py:188} INFO - [2024-02-14T16:04:39.795+0000] {dag.py:3033} INFO - Sync 1 DAGs
[2024-02-14T16:04:39.807+0000] {logging_mixin.py:188} INFO - [2024-02-14T16:04:39.807+0000] {dag.py:3820} INFO - Setting next_dagrun for example_short_circuit_operator to 2024-02-13T00:00:00+00:00, run_after=2024-02-14T00:00:00+00:00
[2024-02-14T16:04:39.819+0000] {processor.py:183} INFO - Processing /home/airflow/.local/lib/python3.8/site-packages/airflow/example_dags/example_short_circuit_operator.py took 0.046 seconds
[2024-02-14T16:05:09.993+0000] {processor.py:161} INFO - Started process (PID=316) to work on /home/airflow/.local/lib/python3.8/site-packages/airflow/example_dags/example_short_circuit_operator.py
[2024-02-14T16:05:09.994+0000] {processor.py:830} INFO - Processing file /home/airflow/.local/lib/python3.8/site-packages/airflow/example_dags/example_short_circuit_operator.py for tasks to queue
[2024-02-14T16:05:09.995+0000] {logging_mixin.py:188} INFO - [2024-02-14T16:05:09.995+0000] {dagbag.py:538} INFO - Filling up the DagBag from /home/airflow/.local/lib/python3.8/site-packages/airflow/example_dags/example_short_circuit_operator.py
[2024-02-14T16:05:10.000+0000] {processor.py:840} INFO - DAG(s) 'example_short_circuit_operator' retrieved from /home/airflow/.local/lib/python3.8/site-packages/airflow/example_dags/example_short_circuit_operator.py
[2024-02-14T16:05:10.013+0000] {logging_mixin.py:188} INFO - [2024-02-14T16:05:10.013+0000] {dag.py:3033} INFO - Sync 1 DAGs
[2024-02-14T16:05:10.026+0000] {logging_mixin.py:188} INFO - [2024-02-14T16:05:10.026+0000] {dag.py:3820} INFO - Setting next_dagrun for example_short_circuit_operator to 2024-02-13T00:00:00+00:00, run_after=2024-02-14T00:00:00+00:00
[2024-02-14T16:05:10.037+0000] {processor.py:183} INFO - Processing /home/airflow/.local/lib/python3.8/site-packages/airflow/example_dags/example_short_circuit_operator.py took 0.046 seconds
[2024-02-14T16:05:40.148+0000] {processor.py:161} INFO - Started process (PID=373) to work on /home/airflow/.local/lib/python3.8/site-packages/airflow/example_dags/example_short_circuit_operator.py
[2024-02-14T16:05:40.148+0000] {processor.py:830} INFO - Processing file /home/airflow/.local/lib/python3.8/site-packages/airflow/example_dags/example_short_circuit_operator.py for tasks to queue
[2024-02-14T16:05:40.150+0000] {logging_mixin.py:188} INFO - [2024-02-14T16:05:40.150+0000] {dagbag.py:538} INFO - Filling up the DagBag from /home/airflow/.local/lib/python3.8/site-packages/airflow/example_dags/example_short_circuit_operator.py
[2024-02-14T16:05:40.154+0000] {processor.py:840} INFO - DAG(s) 'example_short_circuit_operator' retrieved from /home/airflow/.local/lib/python3.8/site-packages/airflow/example_dags/example_short_circuit_operator.py
[2024-02-14T16:05:40.168+0000] {logging_mixin.py:188} INFO - [2024-02-14T16:05:40.168+0000] {dag.py:3033} INFO - Sync 1 DAGs
[2024-02-14T16:05:40.180+0000] {logging_mixin.py:188} INFO - [2024-02-14T16:05:40.180+0000] {dag.py:3820} INFO - Setting next_dagrun for example_short_circuit_operator to 2024-02-13T00:00:00+00:00, run_after=2024-02-14T00:00:00+00:00
[2024-02-14T16:05:40.189+0000] {processor.py:183} INFO - Processing /home/airflow/.local/lib/python3.8/site-packages/airflow/example_dags/example_short_circuit_operator.py took 0.044 seconds
[2024-02-14T16:06:10.419+0000] {processor.py:161} INFO - Started process (PID=430) to work on /home/airflow/.local/lib/python3.8/site-packages/airflow/example_dags/example_short_circuit_operator.py
[2024-02-14T16:06:10.419+0000] {processor.py:830} INFO - Processing file /home/airflow/.local/lib/python3.8/site-packages/airflow/example_dags/example_short_circuit_operator.py for tasks to queue
[2024-02-14T16:06:10.421+0000] {logging_mixin.py:188} INFO - [2024-02-14T16:06:10.421+0000] {dagbag.py:538} INFO - Filling up the DagBag from /home/airflow/.local/lib/python3.8/site-packages/airflow/example_dags/example_short_circuit_operator.py
[2024-02-14T16:06:10.425+0000] {processor.py:840} INFO - DAG(s) 'example_short_circuit_operator' retrieved from /home/airflow/.local/lib/python3.8/site-packages/airflow/example_dags/example_short_circuit_operator.py
[2024-02-14T16:06:10.439+0000] {logging_mixin.py:188} INFO - [2024-02-14T16:06:10.438+0000] {dag.py:3033} INFO - Sync 1 DAGs
[2024-02-14T16:06:10.450+0000] {logging_mixin.py:188} INFO - [2024-02-14T16:06:10.449+0000] {dag.py:3820} INFO - Setting next_dagrun for example_short_circuit_operator to 2024-02-13T00:00:00+00:00, run_after=2024-02-14T00:00:00+00:00
[2024-02-14T16:06:10.458+0000] {processor.py:183} INFO - Processing /home/airflow/.local/lib/python3.8/site-packages/airflow/example_dags/example_short_circuit_operator.py took 0.042 seconds
[2024-02-14T16:06:40.504+0000] {processor.py:161} INFO - Started process (PID=487) to work on /home/airflow/.local/lib/python3.8/site-packages/airflow/example_dags/example_short_circuit_operator.py
[2024-02-14T16:06:40.505+0000] {processor.py:830} INFO - Processing file /home/airflow/.local/lib/python3.8/site-packages/airflow/example_dags/example_short_circuit_operator.py for tasks to queue
[2024-02-14T16:06:40.506+0000] {logging_mixin.py:188} INFO - [2024-02-14T16:06:40.506+0000] {dagbag.py:538} INFO - Filling up the DagBag from /home/airflow/.local/lib/python3.8/site-packages/airflow/example_dags/example_short_circuit_operator.py
[2024-02-14T16:06:40.510+0000] {processor.py:840} INFO - DAG(s) 'example_short_circuit_operator' retrieved from /home/airflow/.local/lib/python3.8/site-packages/airflow/example_dags/example_short_circuit_operator.py
[2024-02-14T16:06:40.523+0000] {logging_mixin.py:188} INFO - [2024-02-14T16:06:40.523+0000] {dag.py:3033} INFO - Sync 1 DAGs
[2024-02-14T16:06:40.534+0000] {logging_mixin.py:188} INFO - [2024-02-14T16:06:40.534+0000] {dag.py:3820} INFO - Setting next_dagrun for example_short_circuit_operator to 2024-02-13T00:00:00+00:00, run_after=2024-02-14T00:00:00+00:00
[2024-02-14T16:06:40.543+0000] {processor.py:183} INFO - Processing /home/airflow/.local/lib/python3.8/site-packages/airflow/example_dags/example_short_circuit_operator.py took 0.041 seconds
[2024-02-14T16:07:10.716+0000] {processor.py:161} INFO - Started process (PID=544) to work on /home/airflow/.local/lib/python3.8/site-packages/airflow/example_dags/example_short_circuit_operator.py
[2024-02-14T16:07:10.717+0000] {processor.py:830} INFO - Processing file /home/airflow/.local/lib/python3.8/site-packages/airflow/example_dags/example_short_circuit_operator.py for tasks to queue
[2024-02-14T16:07:10.718+0000] {logging_mixin.py:188} INFO - [2024-02-14T16:07:10.718+0000] {dagbag.py:538} INFO - Filling up the DagBag from /home/airflow/.local/lib/python3.8/site-packages/airflow/example_dags/example_short_circuit_operator.py
[2024-02-14T16:07:10.722+0000] {processor.py:840} INFO - DAG(s) 'example_short_circuit_operator' retrieved from /home/airflow/.local/lib/python3.8/site-packages/airflow/example_dags/example_short_circuit_operator.py
[2024-02-14T16:07:10.735+0000] {logging_mixin.py:188} INFO - [2024-02-14T16:07:10.734+0000] {dag.py:3033} INFO - Sync 1 DAGs
[2024-02-14T16:07:10.746+0000] {logging_mixin.py:188} INFO - [2024-02-14T16:07:10.746+0000] {dag.py:3820} INFO - Setting next_dagrun for example_short_circuit_operator to 2024-02-13T00:00:00+00:00, run_after=2024-02-14T00:00:00+00:00
[2024-02-14T16:07:10.755+0000] {processor.py:183} INFO - Processing /home/airflow/.local/lib/python3.8/site-packages/airflow/example_dags/example_short_circuit_operator.py took 0.041 seconds
[2024-02-14T16:07:41.026+0000] {processor.py:161} INFO - Started process (PID=601) to work on /home/airflow/.local/lib/python3.8/site-packages/airflow/example_dags/example_short_circuit_operator.py
[2024-02-14T16:07:41.027+0000] {processor.py:830} INFO - Processing file /home/airflow/.local/lib/python3.8/site-packages/airflow/example_dags/example_short_circuit_operator.py for tasks to queue
[2024-02-14T16:07:41.029+0000] {logging_mixin.py:188} INFO - [2024-02-14T16:07:41.028+0000] {dagbag.py:538} INFO - Filling up the DagBag from /home/airflow/.local/lib/python3.8/site-packages/airflow/example_dags/example_short_circuit_operator.py
[2024-02-14T16:07:41.033+0000] {processor.py:840} INFO - DAG(s) 'example_short_circuit_operator' retrieved from /home/airflow/.local/lib/python3.8/site-packages/airflow/example_dags/example_short_circuit_operator.py
[2024-02-14T16:07:41.046+0000] {logging_mixin.py:188} INFO - [2024-02-14T16:07:41.046+0000] {dag.py:3033} INFO - Sync 1 DAGs
[2024-02-14T16:07:41.058+0000] {logging_mixin.py:188} INFO - [2024-02-14T16:07:41.058+0000] {dag.py:3820} INFO - Setting next_dagrun for example_short_circuit_operator to 2024-02-13T00:00:00+00:00, run_after=2024-02-14T00:00:00+00:00
[2024-02-14T16:07:41.067+0000] {processor.py:183} INFO - Processing /home/airflow/.local/lib/python3.8/site-packages/airflow/example_dags/example_short_circuit_operator.py took 0.043 seconds
[2024-02-14T16:08:11.272+0000] {processor.py:161} INFO - Started process (PID=658) to work on /home/airflow/.local/lib/python3.8/site-packages/airflow/example_dags/example_short_circuit_operator.py
[2024-02-14T16:08:11.273+0000] {processor.py:830} INFO - Processing file /home/airflow/.local/lib/python3.8/site-packages/airflow/example_dags/example_short_circuit_operator.py for tasks to queue
[2024-02-14T16:08:11.275+0000] {logging_mixin.py:188} INFO - [2024-02-14T16:08:11.274+0000] {dagbag.py:538} INFO - Filling up the DagBag from /home/airflow/.local/lib/python3.8/site-packages/airflow/example_dags/example_short_circuit_operator.py
[2024-02-14T16:08:11.280+0000] {processor.py:840} INFO - DAG(s) 'example_short_circuit_operator' retrieved from /home/airflow/.local/lib/python3.8/site-packages/airflow/example_dags/example_short_circuit_operator.py
[2024-02-14T16:08:11.296+0000] {logging_mixin.py:188} INFO - [2024-02-14T16:08:11.296+0000] {dag.py:3033} INFO - Sync 1 DAGs
[2024-02-14T16:08:11.307+0000] {logging_mixin.py:188} INFO - [2024-02-14T16:08:11.307+0000] {dag.py:3820} INFO - Setting next_dagrun for example_short_circuit_operator to 2024-02-13T00:00:00+00:00, run_after=2024-02-14T00:00:00+00:00
[2024-02-14T16:08:11.317+0000] {processor.py:183} INFO - Processing /home/airflow/.local/lib/python3.8/site-packages/airflow/example_dags/example_short_circuit_operator.py took 0.048 seconds
[2024-02-14T16:08:41.437+0000] {processor.py:161} INFO - Started process (PID=715) to work on /home/airflow/.local/lib/python3.8/site-packages/airflow/example_dags/example_short_circuit_operator.py
[2024-02-14T16:08:41.438+0000] {processor.py:830} INFO - Processing file /home/airflow/.local/lib/python3.8/site-packages/airflow/example_dags/example_short_circuit_operator.py for tasks to queue
[2024-02-14T16:08:41.439+0000] {logging_mixin.py:188} INFO - [2024-02-14T16:08:41.439+0000] {dagbag.py:538} INFO - Filling up the DagBag from /home/airflow/.local/lib/python3.8/site-packages/airflow/example_dags/example_short_circuit_operator.py
[2024-02-14T16:08:41.444+0000] {processor.py:840} INFO - DAG(s) 'example_short_circuit_operator' retrieved from /home/airflow/.local/lib/python3.8/site-packages/airflow/example_dags/example_short_circuit_operator.py
[2024-02-14T16:08:41.458+0000] {logging_mixin.py:188} INFO - [2024-02-14T16:08:41.458+0000] {dag.py:3033} INFO - Sync 1 DAGs
[2024-02-14T16:08:41.470+0000] {logging_mixin.py:188} INFO - [2024-02-14T16:08:41.470+0000] {dag.py:3820} INFO - Setting next_dagrun for example_short_circuit_operator to 2024-02-13T00:00:00+00:00, run_after=2024-02-14T00:00:00+00:00
[2024-02-14T16:08:41.480+0000] {processor.py:183} INFO - Processing /home/airflow/.local/lib/python3.8/site-packages/airflow/example_dags/example_short_circuit_operator.py took 0.046 seconds
[2024-02-14T16:09:12.578+0000] {processor.py:161} INFO - Started process (PID=772) to work on /home/airflow/.local/lib/python3.8/site-packages/airflow/example_dags/example_short_circuit_operator.py
[2024-02-14T16:09:12.579+0000] {processor.py:830} INFO - Processing file /home/airflow/.local/lib/python3.8/site-packages/airflow/example_dags/example_short_circuit_operator.py for tasks to queue
[2024-02-14T16:09:12.581+0000] {logging_mixin.py:188} INFO - [2024-02-14T16:09:12.580+0000] {dagbag.py:538} INFO - Filling up the DagBag from /home/airflow/.local/lib/python3.8/site-packages/airflow/example_dags/example_short_circuit_operator.py
[2024-02-14T16:09:12.585+0000] {processor.py:840} INFO - DAG(s) 'example_short_circuit_operator' retrieved from /home/airflow/.local/lib/python3.8/site-packages/airflow/example_dags/example_short_circuit_operator.py
[2024-02-14T16:09:12.598+0000] {logging_mixin.py:188} INFO - [2024-02-14T16:09:12.598+0000] {dag.py:3033} INFO - Sync 1 DAGs
[2024-02-14T16:09:12.610+0000] {logging_mixin.py:188} INFO - [2024-02-14T16:09:12.610+0000] {dag.py:3820} INFO - Setting next_dagrun for example_short_circuit_operator to 2024-02-13T00:00:00+00:00, run_after=2024-02-14T00:00:00+00:00
[2024-02-14T16:09:12.619+0000] {processor.py:183} INFO - Processing /home/airflow/.local/lib/python3.8/site-packages/airflow/example_dags/example_short_circuit_operator.py took 0.043 seconds
[2024-02-14T16:09:43.541+0000] {processor.py:161} INFO - Started process (PID=829) to work on /home/airflow/.local/lib/python3.8/site-packages/airflow/example_dags/example_short_circuit_operator.py
[2024-02-14T16:09:43.541+0000] {processor.py:830} INFO - Processing file /home/airflow/.local/lib/python3.8/site-packages/airflow/example_dags/example_short_circuit_operator.py for tasks to queue
[2024-02-14T16:09:43.543+0000] {logging_mixin.py:188} INFO - [2024-02-14T16:09:43.543+0000] {dagbag.py:538} INFO - Filling up the DagBag from /home/airflow/.local/lib/python3.8/site-packages/airflow/example_dags/example_short_circuit_operator.py
[2024-02-14T16:09:43.548+0000] {processor.py:840} INFO - DAG(s) 'example_short_circuit_operator' retrieved from /home/airflow/.local/lib/python3.8/site-packages/airflow/example_dags/example_short_circuit_operator.py
[2024-02-14T16:09:43.561+0000] {logging_mixin.py:188} INFO - [2024-02-14T16:09:43.561+0000] {dag.py:3033} INFO - Sync 1 DAGs
[2024-02-14T16:09:43.572+0000] {logging_mixin.py:188} INFO - [2024-02-14T16:09:43.572+0000] {dag.py:3820} INFO - Setting next_dagrun for example_short_circuit_operator to 2024-02-13T00:00:00+00:00, run_after=2024-02-14T00:00:00+00:00
[2024-02-14T16:09:43.581+0000] {processor.py:183} INFO - Processing /home/airflow/.local/lib/python3.8/site-packages/airflow/example_dags/example_short_circuit_operator.py took 0.043 seconds
[2024-02-14T16:10:13.856+0000] {processor.py:161} INFO - Started process (PID=886) to work on /home/airflow/.local/lib/python3.8/site-packages/airflow/example_dags/example_short_circuit_operator.py
[2024-02-14T16:10:13.857+0000] {processor.py:830} INFO - Processing file /home/airflow/.local/lib/python3.8/site-packages/airflow/example_dags/example_short_circuit_operator.py for tasks to queue
[2024-02-14T16:10:13.858+0000] {logging_mixin.py:188} INFO - [2024-02-14T16:10:13.858+0000] {dagbag.py:538} INFO - Filling up the DagBag from /home/airflow/.local/lib/python3.8/site-packages/airflow/example_dags/example_short_circuit_operator.py
[2024-02-14T16:10:13.863+0000] {processor.py:840} INFO - DAG(s) 'example_short_circuit_operator' retrieved from /home/airflow/.local/lib/python3.8/site-packages/airflow/example_dags/example_short_circuit_operator.py
[2024-02-14T16:10:13.876+0000] {logging_mixin.py:188} INFO - [2024-02-14T16:10:13.876+0000] {dag.py:3033} INFO - Sync 1 DAGs
[2024-02-14T16:10:13.888+0000] {logging_mixin.py:188} INFO - [2024-02-14T16:10:13.888+0000] {dag.py:3820} INFO - Setting next_dagrun for example_short_circuit_operator to 2024-02-13T00:00:00+00:00, run_after=2024-02-14T00:00:00+00:00
[2024-02-14T16:10:13.897+0000] {processor.py:183} INFO - Processing /home/airflow/.local/lib/python3.8/site-packages/airflow/example_dags/example_short_circuit_operator.py took 0.043 seconds
[2024-02-14T16:10:44.078+0000] {processor.py:161} INFO - Started process (PID=943) to work on /home/airflow/.local/lib/python3.8/site-packages/airflow/example_dags/example_short_circuit_operator.py
[2024-02-14T16:10:44.078+0000] {processor.py:830} INFO - Processing file /home/airflow/.local/lib/python3.8/site-packages/airflow/example_dags/example_short_circuit_operator.py for tasks to queue
[2024-02-14T16:10:44.080+0000] {logging_mixin.py:188} INFO - [2024-02-14T16:10:44.080+0000] {dagbag.py:538} INFO - Filling up the DagBag from /home/airflow/.local/lib/python3.8/site-packages/airflow/example_dags/example_short_circuit_operator.py
[2024-02-14T16:10:44.084+0000] {processor.py:840} INFO - DAG(s) 'example_short_circuit_operator' retrieved from /home/airflow/.local/lib/python3.8/site-packages/airflow/example_dags/example_short_circuit_operator.py
[2024-02-14T16:10:44.097+0000] {logging_mixin.py:188} INFO - [2024-02-14T16:10:44.097+0000] {dag.py:3033} INFO - Sync 1 DAGs
[2024-02-14T16:10:44.110+0000] {logging_mixin.py:188} INFO - [2024-02-14T16:10:44.109+0000] {dag.py:3820} INFO - Setting next_dagrun for example_short_circuit_operator to 2024-02-13T00:00:00+00:00, run_after=2024-02-14T00:00:00+00:00
[2024-02-14T16:10:44.119+0000] {processor.py:183} INFO - Processing /home/airflow/.local/lib/python3.8/site-packages/airflow/example_dags/example_short_circuit_operator.py took 0.044 seconds
[2024-02-14T16:11:14.214+0000] {processor.py:161} INFO - Started process (PID=1000) to work on /home/airflow/.local/lib/python3.8/site-packages/airflow/example_dags/example_short_circuit_operator.py
[2024-02-14T16:11:14.214+0000] {processor.py:830} INFO - Processing file /home/airflow/.local/lib/python3.8/site-packages/airflow/example_dags/example_short_circuit_operator.py for tasks to queue
[2024-02-14T16:11:14.216+0000] {logging_mixin.py:188} INFO - [2024-02-14T16:11:14.216+0000] {dagbag.py:538} INFO - Filling up the DagBag from /home/airflow/.local/lib/python3.8/site-packages/airflow/example_dags/example_short_circuit_operator.py
[2024-02-14T16:11:14.220+0000] {processor.py:840} INFO - DAG(s) 'example_short_circuit_operator' retrieved from /home/airflow/.local/lib/python3.8/site-packages/airflow/example_dags/example_short_circuit_operator.py
[2024-02-14T16:11:14.233+0000] {logging_mixin.py:188} INFO - [2024-02-14T16:11:14.233+0000] {dag.py:3033} INFO - Sync 1 DAGs
[2024-02-14T16:11:14.245+0000] {logging_mixin.py:188} INFO - [2024-02-14T16:11:14.244+0000] {dag.py:3820} INFO - Setting next_dagrun for example_short_circuit_operator to 2024-02-13T00:00:00+00:00, run_after=2024-02-14T00:00:00+00:00
[2024-02-14T16:11:14.258+0000] {processor.py:183} INFO - Processing /home/airflow/.local/lib/python3.8/site-packages/airflow/example_dags/example_short_circuit_operator.py took 0.047 seconds
[2024-02-14T16:11:44.512+0000] {processor.py:161} INFO - Started process (PID=1057) to work on /home/airflow/.local/lib/python3.8/site-packages/airflow/example_dags/example_short_circuit_operator.py
[2024-02-14T16:11:44.513+0000] {processor.py:830} INFO - Processing file /home/airflow/.local/lib/python3.8/site-packages/airflow/example_dags/example_short_circuit_operator.py for tasks to queue
[2024-02-14T16:11:44.514+0000] {logging_mixin.py:188} INFO - [2024-02-14T16:11:44.514+0000] {dagbag.py:538} INFO - Filling up the DagBag from /home/airflow/.local/lib/python3.8/site-packages/airflow/example_dags/example_short_circuit_operator.py
[2024-02-14T16:11:44.519+0000] {processor.py:840} INFO - DAG(s) 'example_short_circuit_operator' retrieved from /home/airflow/.local/lib/python3.8/site-packages/airflow/example_dags/example_short_circuit_operator.py
[2024-02-14T16:11:44.533+0000] {logging_mixin.py:188} INFO - [2024-02-14T16:11:44.533+0000] {dag.py:3033} INFO - Sync 1 DAGs
[2024-02-14T16:11:44.545+0000] {logging_mixin.py:188} INFO - [2024-02-14T16:11:44.545+0000] {dag.py:3820} INFO - Setting next_dagrun for example_short_circuit_operator to 2024-02-13T00:00:00+00:00, run_after=2024-02-14T00:00:00+00:00
[2024-02-14T16:11:44.555+0000] {processor.py:183} INFO - Processing /home/airflow/.local/lib/python3.8/site-packages/airflow/example_dags/example_short_circuit_operator.py took 0.046 seconds
[2024-02-14T16:12:14.693+0000] {processor.py:161} INFO - Started process (PID=1113) to work on /home/airflow/.local/lib/python3.8/site-packages/airflow/example_dags/example_short_circuit_operator.py
[2024-02-14T16:12:14.694+0000] {processor.py:830} INFO - Processing file /home/airflow/.local/lib/python3.8/site-packages/airflow/example_dags/example_short_circuit_operator.py for tasks to queue
[2024-02-14T16:12:14.696+0000] {logging_mixin.py:188} INFO - [2024-02-14T16:12:14.696+0000] {dagbag.py:538} INFO - Filling up the DagBag from /home/airflow/.local/lib/python3.8/site-packages/airflow/example_dags/example_short_circuit_operator.py
[2024-02-14T16:12:14.701+0000] {processor.py:840} INFO - DAG(s) 'example_short_circuit_operator' retrieved from /home/airflow/.local/lib/python3.8/site-packages/airflow/example_dags/example_short_circuit_operator.py
[2024-02-14T16:12:14.716+0000] {logging_mixin.py:188} INFO - [2024-02-14T16:12:14.716+0000] {dag.py:3033} INFO - Sync 1 DAGs
[2024-02-14T16:12:14.730+0000] {logging_mixin.py:188} INFO - [2024-02-14T16:12:14.730+0000] {dag.py:3820} INFO - Setting next_dagrun for example_short_circuit_operator to 2024-02-13T00:00:00+00:00, run_after=2024-02-14T00:00:00+00:00
[2024-02-14T16:12:14.747+0000] {processor.py:183} INFO - Processing /home/airflow/.local/lib/python3.8/site-packages/airflow/example_dags/example_short_circuit_operator.py took 0.056 seconds
[2024-02-14T16:12:44.915+0000] {processor.py:161} INFO - Started process (PID=1170) to work on /home/airflow/.local/lib/python3.8/site-packages/airflow/example_dags/example_short_circuit_operator.py
[2024-02-14T16:12:44.916+0000] {processor.py:830} INFO - Processing file /home/airflow/.local/lib/python3.8/site-packages/airflow/example_dags/example_short_circuit_operator.py for tasks to queue
[2024-02-14T16:12:44.918+0000] {logging_mixin.py:188} INFO - [2024-02-14T16:12:44.918+0000] {dagbag.py:538} INFO - Filling up the DagBag from /home/airflow/.local/lib/python3.8/site-packages/airflow/example_dags/example_short_circuit_operator.py
[2024-02-14T16:12:44.923+0000] {processor.py:840} INFO - DAG(s) 'example_short_circuit_operator' retrieved from /home/airflow/.local/lib/python3.8/site-packages/airflow/example_dags/example_short_circuit_operator.py
[2024-02-14T16:12:44.936+0000] {logging_mixin.py:188} INFO - [2024-02-14T16:12:44.936+0000] {dag.py:3033} INFO - Sync 1 DAGs
[2024-02-14T16:12:44.947+0000] {logging_mixin.py:188} INFO - [2024-02-14T16:12:44.947+0000] {dag.py:3820} INFO - Setting next_dagrun for example_short_circuit_operator to 2024-02-13T00:00:00+00:00, run_after=2024-02-14T00:00:00+00:00
[2024-02-14T16:12:44.956+0000] {processor.py:183} INFO - Processing /home/airflow/.local/lib/python3.8/site-packages/airflow/example_dags/example_short_circuit_operator.py took 0.043 seconds
[2024-02-14T16:13:15.954+0000] {processor.py:161} INFO - Started process (PID=1227) to work on /home/airflow/.local/lib/python3.8/site-packages/airflow/example_dags/example_short_circuit_operator.py
[2024-02-14T16:13:15.955+0000] {processor.py:830} INFO - Processing file /home/airflow/.local/lib/python3.8/site-packages/airflow/example_dags/example_short_circuit_operator.py for tasks to queue
[2024-02-14T16:13:15.956+0000] {logging_mixin.py:188} INFO - [2024-02-14T16:13:15.956+0000] {dagbag.py:538} INFO - Filling up the DagBag from /home/airflow/.local/lib/python3.8/site-packages/airflow/example_dags/example_short_circuit_operator.py
[2024-02-14T16:13:15.960+0000] {processor.py:840} INFO - DAG(s) 'example_short_circuit_operator' retrieved from /home/airflow/.local/lib/python3.8/site-packages/airflow/example_dags/example_short_circuit_operator.py
[2024-02-14T16:13:15.974+0000] {logging_mixin.py:188} INFO - [2024-02-14T16:13:15.974+0000] {dag.py:3033} INFO - Sync 1 DAGs
[2024-02-14T16:13:15.986+0000] {logging_mixin.py:188} INFO - [2024-02-14T16:13:15.986+0000] {dag.py:3820} INFO - Setting next_dagrun for example_short_circuit_operator to 2024-02-13T00:00:00+00:00, run_after=2024-02-14T00:00:00+00:00
[2024-02-14T16:13:15.995+0000] {processor.py:183} INFO - Processing /home/airflow/.local/lib/python3.8/site-packages/airflow/example_dags/example_short_circuit_operator.py took 0.043 seconds
[2024-02-14T16:13:46.331+0000] {processor.py:161} INFO - Started process (PID=1284) to work on /home/airflow/.local/lib/python3.8/site-packages/airflow/example_dags/example_short_circuit_operator.py
[2024-02-14T16:13:46.331+0000] {processor.py:830} INFO - Processing file /home/airflow/.local/lib/python3.8/site-packages/airflow/example_dags/example_short_circuit_operator.py for tasks to queue
[2024-02-14T16:13:46.333+0000] {logging_mixin.py:188} INFO - [2024-02-14T16:13:46.333+0000] {dagbag.py:538} INFO - Filling up the DagBag from /home/airflow/.local/lib/python3.8/site-packages/airflow/example_dags/example_short_circuit_operator.py
[2024-02-14T16:13:46.337+0000] {processor.py:840} INFO - DAG(s) 'example_short_circuit_operator' retrieved from /home/airflow/.local/lib/python3.8/site-packages/airflow/example_dags/example_short_circuit_operator.py
[2024-02-14T16:13:46.352+0000] {logging_mixin.py:188} INFO - [2024-02-14T16:13:46.351+0000] {dag.py:3033} INFO - Sync 1 DAGs
[2024-02-14T16:13:46.363+0000] {logging_mixin.py:188} INFO - [2024-02-14T16:13:46.363+0000] {dag.py:3820} INFO - Setting next_dagrun for example_short_circuit_operator to 2024-02-13T00:00:00+00:00, run_after=2024-02-14T00:00:00+00:00
[2024-02-14T16:13:46.373+0000] {processor.py:183} INFO - Processing /home/airflow/.local/lib/python3.8/site-packages/airflow/example_dags/example_short_circuit_operator.py took 0.045 seconds
[2024-02-14T16:14:17.400+0000] {processor.py:161} INFO - Started process (PID=1341) to work on /home/airflow/.local/lib/python3.8/site-packages/airflow/example_dags/example_short_circuit_operator.py
[2024-02-14T16:14:17.400+0000] {processor.py:830} INFO - Processing file /home/airflow/.local/lib/python3.8/site-packages/airflow/example_dags/example_short_circuit_operator.py for tasks to queue
[2024-02-14T16:14:17.402+0000] {logging_mixin.py:188} INFO - [2024-02-14T16:14:17.402+0000] {dagbag.py:538} INFO - Filling up the DagBag from /home/airflow/.local/lib/python3.8/site-packages/airflow/example_dags/example_short_circuit_operator.py
[2024-02-14T16:14:17.406+0000] {processor.py:840} INFO - DAG(s) 'example_short_circuit_operator' retrieved from /home/airflow/.local/lib/python3.8/site-packages/airflow/example_dags/example_short_circuit_operator.py
[2024-02-14T16:14:17.419+0000] {logging_mixin.py:188} INFO - [2024-02-14T16:14:17.418+0000] {dag.py:3033} INFO - Sync 1 DAGs
[2024-02-14T16:14:17.430+0000] {logging_mixin.py:188} INFO - [2024-02-14T16:14:17.430+0000] {dag.py:3820} INFO - Setting next_dagrun for example_short_circuit_operator to 2024-02-13T00:00:00+00:00, run_after=2024-02-14T00:00:00+00:00
[2024-02-14T16:14:17.439+0000] {processor.py:183} INFO - Processing /home/airflow/.local/lib/python3.8/site-packages/airflow/example_dags/example_short_circuit_operator.py took 0.042 seconds
[2024-02-14T16:14:47.629+0000] {processor.py:161} INFO - Started process (PID=1398) to work on /home/airflow/.local/lib/python3.8/site-packages/airflow/example_dags/example_short_circuit_operator.py
[2024-02-14T16:14:47.630+0000] {processor.py:830} INFO - Processing file /home/airflow/.local/lib/python3.8/site-packages/airflow/example_dags/example_short_circuit_operator.py for tasks to queue
[2024-02-14T16:14:47.631+0000] {logging_mixin.py:188} INFO - [2024-02-14T16:14:47.631+0000] {dagbag.py:538} INFO - Filling up the DagBag from /home/airflow/.local/lib/python3.8/site-packages/airflow/example_dags/example_short_circuit_operator.py
[2024-02-14T16:14:47.636+0000] {processor.py:840} INFO - DAG(s) 'example_short_circuit_operator' retrieved from /home/airflow/.local/lib/python3.8/site-packages/airflow/example_dags/example_short_circuit_operator.py
[2024-02-14T16:14:47.649+0000] {logging_mixin.py:188} INFO - [2024-02-14T16:14:47.649+0000] {dag.py:3033} INFO - Sync 1 DAGs
[2024-02-14T16:14:47.661+0000] {logging_mixin.py:188} INFO - [2024-02-14T16:14:47.660+0000] {dag.py:3820} INFO - Setting next_dagrun for example_short_circuit_operator to 2024-02-13T00:00:00+00:00, run_after=2024-02-14T00:00:00+00:00
[2024-02-14T16:14:47.669+0000] {processor.py:183} INFO - Processing /home/airflow/.local/lib/python3.8/site-packages/airflow/example_dags/example_short_circuit_operator.py took 0.042 seconds
[2024-02-14T16:15:18.810+0000] {processor.py:161} INFO - Started process (PID=1454) to work on /home/airflow/.local/lib/python3.8/site-packages/airflow/example_dags/example_short_circuit_operator.py
[2024-02-14T16:15:18.811+0000] {processor.py:830} INFO - Processing file /home/airflow/.local/lib/python3.8/site-packages/airflow/example_dags/example_short_circuit_operator.py for tasks to queue
[2024-02-14T16:15:18.812+0000] {logging_mixin.py:188} INFO - [2024-02-14T16:15:18.812+0000] {dagbag.py:538} INFO - Filling up the DagBag from /home/airflow/.local/lib/python3.8/site-packages/airflow/example_dags/example_short_circuit_operator.py
[2024-02-14T16:15:18.817+0000] {processor.py:840} INFO - DAG(s) 'example_short_circuit_operator' retrieved from /home/airflow/.local/lib/python3.8/site-packages/airflow/example_dags/example_short_circuit_operator.py
[2024-02-14T16:15:18.830+0000] {logging_mixin.py:188} INFO - [2024-02-14T16:15:18.830+0000] {dag.py:3033} INFO - Sync 1 DAGs
[2024-02-14T16:15:18.842+0000] {logging_mixin.py:188} INFO - [2024-02-14T16:15:18.841+0000] {dag.py:3820} INFO - Setting next_dagrun for example_short_circuit_operator to 2024-02-13T00:00:00+00:00, run_after=2024-02-14T00:00:00+00:00
[2024-02-14T16:15:18.851+0000] {processor.py:183} INFO - Processing /home/airflow/.local/lib/python3.8/site-packages/airflow/example_dags/example_short_circuit_operator.py took 0.043 seconds
[2024-02-14T16:15:49.120+0000] {processor.py:161} INFO - Started process (PID=1510) to work on /home/airflow/.local/lib/python3.8/site-packages/airflow/example_dags/example_short_circuit_operator.py
[2024-02-14T16:15:49.121+0000] {processor.py:830} INFO - Processing file /home/airflow/.local/lib/python3.8/site-packages/airflow/example_dags/example_short_circuit_operator.py for tasks to queue
[2024-02-14T16:15:49.123+0000] {logging_mixin.py:188} INFO - [2024-02-14T16:15:49.122+0000] {dagbag.py:538} INFO - Filling up the DagBag from /home/airflow/.local/lib/python3.8/site-packages/airflow/example_dags/example_short_circuit_operator.py
[2024-02-14T16:15:49.127+0000] {processor.py:840} INFO - DAG(s) 'example_short_circuit_operator' retrieved from /home/airflow/.local/lib/python3.8/site-packages/airflow/example_dags/example_short_circuit_operator.py
[2024-02-14T16:15:49.141+0000] {logging_mixin.py:188} INFO - [2024-02-14T16:15:49.141+0000] {dag.py:3033} INFO - Sync 1 DAGs
[2024-02-14T16:15:49.153+0000] {logging_mixin.py:188} INFO - [2024-02-14T16:15:49.153+0000] {dag.py:3820} INFO - Setting next_dagrun for example_short_circuit_operator to 2024-02-13T00:00:00+00:00, run_after=2024-02-14T00:00:00+00:00
[2024-02-14T16:15:49.162+0000] {processor.py:183} INFO - Processing /home/airflow/.local/lib/python3.8/site-packages/airflow/example_dags/example_short_circuit_operator.py took 0.044 seconds
[2024-02-14T16:16:20.265+0000] {processor.py:161} INFO - Started process (PID=1567) to work on /home/airflow/.local/lib/python3.8/site-packages/airflow/example_dags/example_short_circuit_operator.py
[2024-02-14T16:16:20.266+0000] {processor.py:830} INFO - Processing file /home/airflow/.local/lib/python3.8/site-packages/airflow/example_dags/example_short_circuit_operator.py for tasks to queue
[2024-02-14T16:16:20.267+0000] {logging_mixin.py:188} INFO - [2024-02-14T16:16:20.267+0000] {dagbag.py:538} INFO - Filling up the DagBag from /home/airflow/.local/lib/python3.8/site-packages/airflow/example_dags/example_short_circuit_operator.py
[2024-02-14T16:16:20.272+0000] {processor.py:840} INFO - DAG(s) 'example_short_circuit_operator' retrieved from /home/airflow/.local/lib/python3.8/site-packages/airflow/example_dags/example_short_circuit_operator.py
[2024-02-14T16:16:20.288+0000] {logging_mixin.py:188} INFO - [2024-02-14T16:16:20.288+0000] {dag.py:3033} INFO - Sync 1 DAGs
[2024-02-14T16:16:20.300+0000] {logging_mixin.py:188} INFO - [2024-02-14T16:16:20.300+0000] {dag.py:3820} INFO - Setting next_dagrun for example_short_circuit_operator to 2024-02-13T00:00:00+00:00, run_after=2024-02-14T00:00:00+00:00
[2024-02-14T16:16:20.310+0000] {processor.py:183} INFO - Processing /home/airflow/.local/lib/python3.8/site-packages/airflow/example_dags/example_short_circuit_operator.py took 0.047 seconds
[2024-02-14T16:16:51.263+0000] {processor.py:161} INFO - Started process (PID=1624) to work on /home/airflow/.local/lib/python3.8/site-packages/airflow/example_dags/example_short_circuit_operator.py
[2024-02-14T16:16:51.264+0000] {processor.py:830} INFO - Processing file /home/airflow/.local/lib/python3.8/site-packages/airflow/example_dags/example_short_circuit_operator.py for tasks to queue
[2024-02-14T16:16:51.266+0000] {logging_mixin.py:188} INFO - [2024-02-14T16:16:51.266+0000] {dagbag.py:538} INFO - Filling up the DagBag from /home/airflow/.local/lib/python3.8/site-packages/airflow/example_dags/example_short_circuit_operator.py
[2024-02-14T16:16:51.270+0000] {processor.py:840} INFO - DAG(s) 'example_short_circuit_operator' retrieved from /home/airflow/.local/lib/python3.8/site-packages/airflow/example_dags/example_short_circuit_operator.py
[2024-02-14T16:16:51.284+0000] {logging_mixin.py:188} INFO - [2024-02-14T16:16:51.284+0000] {dag.py:3033} INFO - Sync 1 DAGs
[2024-02-14T16:16:51.296+0000] {logging_mixin.py:188} INFO - [2024-02-14T16:16:51.296+0000] {dag.py:3820} INFO - Setting next_dagrun for example_short_circuit_operator to 2024-02-13T00:00:00+00:00, run_after=2024-02-14T00:00:00+00:00
[2024-02-14T16:16:51.305+0000] {processor.py:183} INFO - Processing /home/airflow/.local/lib/python3.8/site-packages/airflow/example_dags/example_short_circuit_operator.py took 0.044 seconds
[2024-02-14T16:17:21.567+0000] {processor.py:161} INFO - Started process (PID=1681) to work on /home/airflow/.local/lib/python3.8/site-packages/airflow/example_dags/example_short_circuit_operator.py
[2024-02-14T16:17:21.567+0000] {processor.py:830} INFO - Processing file /home/airflow/.local/lib/python3.8/site-packages/airflow/example_dags/example_short_circuit_operator.py for tasks to queue
[2024-02-14T16:17:21.569+0000] {logging_mixin.py:188} INFO - [2024-02-14T16:17:21.569+0000] {dagbag.py:538} INFO - Filling up the DagBag from /home/airflow/.local/lib/python3.8/site-packages/airflow/example_dags/example_short_circuit_operator.py
[2024-02-14T16:17:21.574+0000] {processor.py:840} INFO - DAG(s) 'example_short_circuit_operator' retrieved from /home/airflow/.local/lib/python3.8/site-packages/airflow/example_dags/example_short_circuit_operator.py
[2024-02-14T16:17:21.587+0000] {logging_mixin.py:188} INFO - [2024-02-14T16:17:21.587+0000] {dag.py:3033} INFO - Sync 1 DAGs
[2024-02-14T16:17:21.598+0000] {logging_mixin.py:188} INFO - [2024-02-14T16:17:21.598+0000] {dag.py:3820} INFO - Setting next_dagrun for example_short_circuit_operator to 2024-02-13T00:00:00+00:00, run_after=2024-02-14T00:00:00+00:00
[2024-02-14T16:17:21.608+0000] {processor.py:183} INFO - Processing /home/airflow/.local/lib/python3.8/site-packages/airflow/example_dags/example_short_circuit_operator.py took 0.044 seconds
[2024-02-14T16:17:51.812+0000] {processor.py:161} INFO - Started process (PID=1738) to work on /home/airflow/.local/lib/python3.8/site-packages/airflow/example_dags/example_short_circuit_operator.py
[2024-02-14T16:17:51.812+0000] {processor.py:830} INFO - Processing file /home/airflow/.local/lib/python3.8/site-packages/airflow/example_dags/example_short_circuit_operator.py for tasks to queue
[2024-02-14T16:17:51.814+0000] {logging_mixin.py:188} INFO - [2024-02-14T16:17:51.814+0000] {dagbag.py:538} INFO - Filling up the DagBag from /home/airflow/.local/lib/python3.8/site-packages/airflow/example_dags/example_short_circuit_operator.py
[2024-02-14T16:17:51.818+0000] {processor.py:840} INFO - DAG(s) 'example_short_circuit_operator' retrieved from /home/airflow/.local/lib/python3.8/site-packages/airflow/example_dags/example_short_circuit_operator.py
[2024-02-14T16:17:51.831+0000] {logging_mixin.py:188} INFO - [2024-02-14T16:17:51.831+0000] {dag.py:3033} INFO - Sync 1 DAGs
[2024-02-14T16:17:51.842+0000] {logging_mixin.py:188} INFO - [2024-02-14T16:17:51.842+0000] {dag.py:3820} INFO - Setting next_dagrun for example_short_circuit_operator to 2024-02-13T00:00:00+00:00, run_after=2024-02-14T00:00:00+00:00
[2024-02-14T16:17:51.851+0000] {processor.py:183} INFO - Processing /home/airflow/.local/lib/python3.8/site-packages/airflow/example_dags/example_short_circuit_operator.py took 0.042 seconds
[2024-02-14T16:18:22.017+0000] {processor.py:161} INFO - Started process (PID=1795) to work on /home/airflow/.local/lib/python3.8/site-packages/airflow/example_dags/example_short_circuit_operator.py
[2024-02-14T16:18:22.018+0000] {processor.py:830} INFO - Processing file /home/airflow/.local/lib/python3.8/site-packages/airflow/example_dags/example_short_circuit_operator.py for tasks to queue
[2024-02-14T16:18:22.019+0000] {logging_mixin.py:188} INFO - [2024-02-14T16:18:22.019+0000] {dagbag.py:538} INFO - Filling up the DagBag from /home/airflow/.local/lib/python3.8/site-packages/airflow/example_dags/example_short_circuit_operator.py
[2024-02-14T16:18:22.024+0000] {processor.py:840} INFO - DAG(s) 'example_short_circuit_operator' retrieved from /home/airflow/.local/lib/python3.8/site-packages/airflow/example_dags/example_short_circuit_operator.py
[2024-02-14T16:18:22.037+0000] {logging_mixin.py:188} INFO - [2024-02-14T16:18:22.037+0000] {dag.py:3033} INFO - Sync 1 DAGs
[2024-02-14T16:18:22.048+0000] {logging_mixin.py:188} INFO - [2024-02-14T16:18:22.048+0000] {dag.py:3820} INFO - Setting next_dagrun for example_short_circuit_operator to 2024-02-13T00:00:00+00:00, run_after=2024-02-14T00:00:00+00:00
[2024-02-14T16:18:22.057+0000] {processor.py:183} INFO - Processing /home/airflow/.local/lib/python3.8/site-packages/airflow/example_dags/example_short_circuit_operator.py took 0.042 seconds
[2024-02-14T16:18:52.227+0000] {processor.py:161} INFO - Started process (PID=1852) to work on /home/airflow/.local/lib/python3.8/site-packages/airflow/example_dags/example_short_circuit_operator.py
[2024-02-14T16:18:52.228+0000] {processor.py:830} INFO - Processing file /home/airflow/.local/lib/python3.8/site-packages/airflow/example_dags/example_short_circuit_operator.py for tasks to queue
[2024-02-14T16:18:52.230+0000] {logging_mixin.py:188} INFO - [2024-02-14T16:18:52.229+0000] {dagbag.py:538} INFO - Filling up the DagBag from /home/airflow/.local/lib/python3.8/site-packages/airflow/example_dags/example_short_circuit_operator.py
[2024-02-14T16:18:52.234+0000] {processor.py:840} INFO - DAG(s) 'example_short_circuit_operator' retrieved from /home/airflow/.local/lib/python3.8/site-packages/airflow/example_dags/example_short_circuit_operator.py
[2024-02-14T16:18:52.249+0000] {logging_mixin.py:188} INFO - [2024-02-14T16:18:52.249+0000] {dag.py:3033} INFO - Sync 1 DAGs
[2024-02-14T16:18:52.262+0000] {logging_mixin.py:188} INFO - [2024-02-14T16:18:52.262+0000] {dag.py:3820} INFO - Setting next_dagrun for example_short_circuit_operator to 2024-02-13T00:00:00+00:00, run_after=2024-02-14T00:00:00+00:00
[2024-02-14T16:18:52.275+0000] {processor.py:183} INFO - Processing /home/airflow/.local/lib/python3.8/site-packages/airflow/example_dags/example_short_circuit_operator.py took 0.051 seconds
[2024-02-14T16:19:22.673+0000] {processor.py:161} INFO - Started process (PID=1909) to work on /home/airflow/.local/lib/python3.8/site-packages/airflow/example_dags/example_short_circuit_operator.py
[2024-02-14T16:19:22.674+0000] {processor.py:830} INFO - Processing file /home/airflow/.local/lib/python3.8/site-packages/airflow/example_dags/example_short_circuit_operator.py for tasks to queue
[2024-02-14T16:19:22.675+0000] {logging_mixin.py:188} INFO - [2024-02-14T16:19:22.675+0000] {dagbag.py:538} INFO - Filling up the DagBag from /home/airflow/.local/lib/python3.8/site-packages/airflow/example_dags/example_short_circuit_operator.py
[2024-02-14T16:19:22.680+0000] {processor.py:840} INFO - DAG(s) 'example_short_circuit_operator' retrieved from /home/airflow/.local/lib/python3.8/site-packages/airflow/example_dags/example_short_circuit_operator.py
[2024-02-14T16:19:22.694+0000] {logging_mixin.py:188} INFO - [2024-02-14T16:19:22.694+0000] {dag.py:3033} INFO - Sync 1 DAGs
[2024-02-14T16:19:22.706+0000] {logging_mixin.py:188} INFO - [2024-02-14T16:19:22.706+0000] {dag.py:3820} INFO - Setting next_dagrun for example_short_circuit_operator to 2024-02-13T00:00:00+00:00, run_after=2024-02-14T00:00:00+00:00
[2024-02-14T16:19:22.715+0000] {processor.py:183} INFO - Processing /home/airflow/.local/lib/python3.8/site-packages/airflow/example_dags/example_short_circuit_operator.py took 0.045 seconds
[2024-02-14T16:19:52.818+0000] {processor.py:161} INFO - Started process (PID=1966) to work on /home/airflow/.local/lib/python3.8/site-packages/airflow/example_dags/example_short_circuit_operator.py
[2024-02-14T16:19:52.818+0000] {processor.py:830} INFO - Processing file /home/airflow/.local/lib/python3.8/site-packages/airflow/example_dags/example_short_circuit_operator.py for tasks to queue
[2024-02-14T16:19:52.820+0000] {logging_mixin.py:188} INFO - [2024-02-14T16:19:52.820+0000] {dagbag.py:538} INFO - Filling up the DagBag from /home/airflow/.local/lib/python3.8/site-packages/airflow/example_dags/example_short_circuit_operator.py
[2024-02-14T16:19:52.825+0000] {processor.py:840} INFO - DAG(s) 'example_short_circuit_operator' retrieved from /home/airflow/.local/lib/python3.8/site-packages/airflow/example_dags/example_short_circuit_operator.py
[2024-02-14T16:19:52.838+0000] {logging_mixin.py:188} INFO - [2024-02-14T16:19:52.838+0000] {dag.py:3033} INFO - Sync 1 DAGs
[2024-02-14T16:19:52.850+0000] {logging_mixin.py:188} INFO - [2024-02-14T16:19:52.850+0000] {dag.py:3820} INFO - Setting next_dagrun for example_short_circuit_operator to 2024-02-13T00:00:00+00:00, run_after=2024-02-14T00:00:00+00:00
[2024-02-14T16:19:52.860+0000] {processor.py:183} INFO - Processing /home/airflow/.local/lib/python3.8/site-packages/airflow/example_dags/example_short_circuit_operator.py took 0.045 seconds
[2024-02-14T16:20:23.046+0000] {processor.py:161} INFO - Started process (PID=2023) to work on /home/airflow/.local/lib/python3.8/site-packages/airflow/example_dags/example_short_circuit_operator.py
[2024-02-14T16:20:23.046+0000] {processor.py:830} INFO - Processing file /home/airflow/.local/lib/python3.8/site-packages/airflow/example_dags/example_short_circuit_operator.py for tasks to queue
[2024-02-14T16:20:23.048+0000] {logging_mixin.py:188} INFO - [2024-02-14T16:20:23.048+0000] {dagbag.py:538} INFO - Filling up the DagBag from /home/airflow/.local/lib/python3.8/site-packages/airflow/example_dags/example_short_circuit_operator.py
[2024-02-14T16:20:23.053+0000] {processor.py:840} INFO - DAG(s) 'example_short_circuit_operator' retrieved from /home/airflow/.local/lib/python3.8/site-packages/airflow/example_dags/example_short_circuit_operator.py
[2024-02-14T16:20:23.067+0000] {logging_mixin.py:188} INFO - [2024-02-14T16:20:23.067+0000] {dag.py:3033} INFO - Sync 1 DAGs
[2024-02-14T16:20:23.079+0000] {logging_mixin.py:188} INFO - [2024-02-14T16:20:23.079+0000] {dag.py:3820} INFO - Setting next_dagrun for example_short_circuit_operator to 2024-02-13T00:00:00+00:00, run_after=2024-02-14T00:00:00+00:00
[2024-02-14T16:20:23.088+0000] {processor.py:183} INFO - Processing /home/airflow/.local/lib/python3.8/site-packages/airflow/example_dags/example_short_circuit_operator.py took 0.045 seconds
[2024-02-14T16:20:53.432+0000] {processor.py:161} INFO - Started process (PID=2080) to work on /home/airflow/.local/lib/python3.8/site-packages/airflow/example_dags/example_short_circuit_operator.py
[2024-02-14T16:20:53.432+0000] {processor.py:830} INFO - Processing file /home/airflow/.local/lib/python3.8/site-packages/airflow/example_dags/example_short_circuit_operator.py for tasks to queue
[2024-02-14T16:20:53.434+0000] {logging_mixin.py:188} INFO - [2024-02-14T16:20:53.434+0000] {dagbag.py:538} INFO - Filling up the DagBag from /home/airflow/.local/lib/python3.8/site-packages/airflow/example_dags/example_short_circuit_operator.py
[2024-02-14T16:20:53.439+0000] {processor.py:840} INFO - DAG(s) 'example_short_circuit_operator' retrieved from /home/airflow/.local/lib/python3.8/site-packages/airflow/example_dags/example_short_circuit_operator.py
[2024-02-14T16:20:53.453+0000] {logging_mixin.py:188} INFO - [2024-02-14T16:20:53.453+0000] {dag.py:3033} INFO - Sync 1 DAGs
[2024-02-14T16:20:53.465+0000] {logging_mixin.py:188} INFO - [2024-02-14T16:20:53.465+0000] {dag.py:3820} INFO - Setting next_dagrun for example_short_circuit_operator to 2024-02-13T00:00:00+00:00, run_after=2024-02-14T00:00:00+00:00
[2024-02-14T16:20:53.475+0000] {processor.py:183} INFO - Processing /home/airflow/.local/lib/python3.8/site-packages/airflow/example_dags/example_short_circuit_operator.py took 0.046 seconds
[2024-02-14T16:21:23.808+0000] {processor.py:161} INFO - Started process (PID=2137) to work on /home/airflow/.local/lib/python3.8/site-packages/airflow/example_dags/example_short_circuit_operator.py
[2024-02-14T16:21:23.809+0000] {processor.py:830} INFO - Processing file /home/airflow/.local/lib/python3.8/site-packages/airflow/example_dags/example_short_circuit_operator.py for tasks to queue
[2024-02-14T16:21:23.811+0000] {logging_mixin.py:188} INFO - [2024-02-14T16:21:23.811+0000] {dagbag.py:538} INFO - Filling up the DagBag from /home/airflow/.local/lib/python3.8/site-packages/airflow/example_dags/example_short_circuit_operator.py
[2024-02-14T16:21:23.815+0000] {processor.py:840} INFO - DAG(s) 'example_short_circuit_operator' retrieved from /home/airflow/.local/lib/python3.8/site-packages/airflow/example_dags/example_short_circuit_operator.py
[2024-02-14T16:21:23.829+0000] {logging_mixin.py:188} INFO - [2024-02-14T16:21:23.829+0000] {dag.py:3033} INFO - Sync 1 DAGs
[2024-02-14T16:21:23.840+0000] {logging_mixin.py:188} INFO - [2024-02-14T16:21:23.840+0000] {dag.py:3820} INFO - Setting next_dagrun for example_short_circuit_operator to 2024-02-13T00:00:00+00:00, run_after=2024-02-14T00:00:00+00:00
[2024-02-14T16:21:23.849+0000] {processor.py:183} INFO - Processing /home/airflow/.local/lib/python3.8/site-packages/airflow/example_dags/example_short_circuit_operator.py took 0.043 seconds
[2024-02-14T16:21:54.301+0000] {processor.py:161} INFO - Started process (PID=2193) to work on /home/airflow/.local/lib/python3.8/site-packages/airflow/example_dags/example_short_circuit_operator.py
[2024-02-14T16:21:54.302+0000] {processor.py:830} INFO - Processing file /home/airflow/.local/lib/python3.8/site-packages/airflow/example_dags/example_short_circuit_operator.py for tasks to queue
[2024-02-14T16:21:54.304+0000] {logging_mixin.py:188} INFO - [2024-02-14T16:21:54.304+0000] {dagbag.py:538} INFO - Filling up the DagBag from /home/airflow/.local/lib/python3.8/site-packages/airflow/example_dags/example_short_circuit_operator.py
[2024-02-14T16:21:54.308+0000] {processor.py:840} INFO - DAG(s) 'example_short_circuit_operator' retrieved from /home/airflow/.local/lib/python3.8/site-packages/airflow/example_dags/example_short_circuit_operator.py
[2024-02-14T16:21:54.322+0000] {logging_mixin.py:188} INFO - [2024-02-14T16:21:54.322+0000] {dag.py:3033} INFO - Sync 1 DAGs
[2024-02-14T16:21:54.334+0000] {logging_mixin.py:188} INFO - [2024-02-14T16:21:54.334+0000] {dag.py:3820} INFO - Setting next_dagrun for example_short_circuit_operator to 2024-02-13T00:00:00+00:00, run_after=2024-02-14T00:00:00+00:00
[2024-02-14T16:21:54.343+0000] {processor.py:183} INFO - Processing /home/airflow/.local/lib/python3.8/site-packages/airflow/example_dags/example_short_circuit_operator.py took 0.045 seconds
[2024-02-14T16:22:25.389+0000] {processor.py:161} INFO - Started process (PID=2250) to work on /home/airflow/.local/lib/python3.8/site-packages/airflow/example_dags/example_short_circuit_operator.py
[2024-02-14T16:22:25.390+0000] {processor.py:830} INFO - Processing file /home/airflow/.local/lib/python3.8/site-packages/airflow/example_dags/example_short_circuit_operator.py for tasks to queue
[2024-02-14T16:22:25.392+0000] {logging_mixin.py:188} INFO - [2024-02-14T16:22:25.391+0000] {dagbag.py:538} INFO - Filling up the DagBag from /home/airflow/.local/lib/python3.8/site-packages/airflow/example_dags/example_short_circuit_operator.py
[2024-02-14T16:22:25.397+0000] {processor.py:840} INFO - DAG(s) 'example_short_circuit_operator' retrieved from /home/airflow/.local/lib/python3.8/site-packages/airflow/example_dags/example_short_circuit_operator.py
[2024-02-14T16:22:25.411+0000] {logging_mixin.py:188} INFO - [2024-02-14T16:22:25.411+0000] {dag.py:3033} INFO - Sync 1 DAGs
[2024-02-14T16:22:25.423+0000] {logging_mixin.py:188} INFO - [2024-02-14T16:22:25.423+0000] {dag.py:3820} INFO - Setting next_dagrun for example_short_circuit_operator to 2024-02-13T00:00:00+00:00, run_after=2024-02-14T00:00:00+00:00
[2024-02-14T16:22:25.434+0000] {processor.py:183} INFO - Processing /home/airflow/.local/lib/python3.8/site-packages/airflow/example_dags/example_short_circuit_operator.py took 0.047 seconds
[2024-02-14T16:22:55.942+0000] {processor.py:161} INFO - Started process (PID=2307) to work on /home/airflow/.local/lib/python3.8/site-packages/airflow/example_dags/example_short_circuit_operator.py
[2024-02-14T16:22:55.943+0000] {processor.py:830} INFO - Processing file /home/airflow/.local/lib/python3.8/site-packages/airflow/example_dags/example_short_circuit_operator.py for tasks to queue
[2024-02-14T16:22:55.944+0000] {logging_mixin.py:188} INFO - [2024-02-14T16:22:55.944+0000] {dagbag.py:538} INFO - Filling up the DagBag from /home/airflow/.local/lib/python3.8/site-packages/airflow/example_dags/example_short_circuit_operator.py
[2024-02-14T16:22:55.948+0000] {processor.py:840} INFO - DAG(s) 'example_short_circuit_operator' retrieved from /home/airflow/.local/lib/python3.8/site-packages/airflow/example_dags/example_short_circuit_operator.py
[2024-02-14T16:22:56.053+0000] {logging_mixin.py:188} INFO - [2024-02-14T16:22:56.053+0000] {dag.py:3033} INFO - Sync 1 DAGs
[2024-02-14T16:22:56.063+0000] {logging_mixin.py:188} INFO - [2024-02-14T16:22:56.063+0000] {dag.py:3820} INFO - Setting next_dagrun for example_short_circuit_operator to 2024-02-13T00:00:00+00:00, run_after=2024-02-14T00:00:00+00:00
[2024-02-14T16:22:56.072+0000] {processor.py:183} INFO - Processing /home/airflow/.local/lib/python3.8/site-packages/airflow/example_dags/example_short_circuit_operator.py took 0.132 seconds
[2024-02-14T16:23:26.852+0000] {processor.py:161} INFO - Started process (PID=2364) to work on /home/airflow/.local/lib/python3.8/site-packages/airflow/example_dags/example_short_circuit_operator.py
[2024-02-14T16:23:26.853+0000] {processor.py:830} INFO - Processing file /home/airflow/.local/lib/python3.8/site-packages/airflow/example_dags/example_short_circuit_operator.py for tasks to queue
[2024-02-14T16:23:26.854+0000] {logging_mixin.py:188} INFO - [2024-02-14T16:23:26.854+0000] {dagbag.py:538} INFO - Filling up the DagBag from /home/airflow/.local/lib/python3.8/site-packages/airflow/example_dags/example_short_circuit_operator.py
[2024-02-14T16:23:26.859+0000] {processor.py:840} INFO - DAG(s) 'example_short_circuit_operator' retrieved from /home/airflow/.local/lib/python3.8/site-packages/airflow/example_dags/example_short_circuit_operator.py
[2024-02-14T16:23:26.873+0000] {logging_mixin.py:188} INFO - [2024-02-14T16:23:26.872+0000] {dag.py:3033} INFO - Sync 1 DAGs
[2024-02-14T16:23:26.885+0000] {logging_mixin.py:188} INFO - [2024-02-14T16:23:26.885+0000] {dag.py:3820} INFO - Setting next_dagrun for example_short_circuit_operator to 2024-02-13T00:00:00+00:00, run_after=2024-02-14T00:00:00+00:00
[2024-02-14T16:23:26.896+0000] {processor.py:183} INFO - Processing /home/airflow/.local/lib/python3.8/site-packages/airflow/example_dags/example_short_circuit_operator.py took 0.046 seconds
[2024-02-14T16:23:57.125+0000] {processor.py:161} INFO - Started process (PID=2421) to work on /home/airflow/.local/lib/python3.8/site-packages/airflow/example_dags/example_short_circuit_operator.py
[2024-02-14T16:23:57.125+0000] {processor.py:830} INFO - Processing file /home/airflow/.local/lib/python3.8/site-packages/airflow/example_dags/example_short_circuit_operator.py for tasks to queue
[2024-02-14T16:23:57.127+0000] {logging_mixin.py:188} INFO - [2024-02-14T16:23:57.127+0000] {dagbag.py:538} INFO - Filling up the DagBag from /home/airflow/.local/lib/python3.8/site-packages/airflow/example_dags/example_short_circuit_operator.py
[2024-02-14T16:23:57.131+0000] {processor.py:840} INFO - DAG(s) 'example_short_circuit_operator' retrieved from /home/airflow/.local/lib/python3.8/site-packages/airflow/example_dags/example_short_circuit_operator.py
[2024-02-14T16:23:57.145+0000] {logging_mixin.py:188} INFO - [2024-02-14T16:23:57.145+0000] {dag.py:3033} INFO - Sync 1 DAGs
[2024-02-14T16:23:57.156+0000] {logging_mixin.py:188} INFO - [2024-02-14T16:23:57.156+0000] {dag.py:3820} INFO - Setting next_dagrun for example_short_circuit_operator to 2024-02-13T00:00:00+00:00, run_after=2024-02-14T00:00:00+00:00
[2024-02-14T16:23:57.165+0000] {processor.py:183} INFO - Processing /home/airflow/.local/lib/python3.8/site-packages/airflow/example_dags/example_short_circuit_operator.py took 0.043 seconds
[2024-02-14T16:24:27.334+0000] {processor.py:161} INFO - Started process (PID=2478) to work on /home/airflow/.local/lib/python3.8/site-packages/airflow/example_dags/example_short_circuit_operator.py
[2024-02-14T16:24:27.335+0000] {processor.py:830} INFO - Processing file /home/airflow/.local/lib/python3.8/site-packages/airflow/example_dags/example_short_circuit_operator.py for tasks to queue
[2024-02-14T16:24:27.336+0000] {logging_mixin.py:188} INFO - [2024-02-14T16:24:27.336+0000] {dagbag.py:538} INFO - Filling up the DagBag from /home/airflow/.local/lib/python3.8/site-packages/airflow/example_dags/example_short_circuit_operator.py
[2024-02-14T16:24:27.340+0000] {processor.py:840} INFO - DAG(s) 'example_short_circuit_operator' retrieved from /home/airflow/.local/lib/python3.8/site-packages/airflow/example_dags/example_short_circuit_operator.py
[2024-02-14T16:24:27.355+0000] {logging_mixin.py:188} INFO - [2024-02-14T16:24:27.354+0000] {dag.py:3033} INFO - Sync 1 DAGs
[2024-02-14T16:24:27.366+0000] {logging_mixin.py:188} INFO - [2024-02-14T16:24:27.366+0000] {dag.py:3820} INFO - Setting next_dagrun for example_short_circuit_operator to 2024-02-13T00:00:00+00:00, run_after=2024-02-14T00:00:00+00:00
[2024-02-14T16:24:27.375+0000] {processor.py:183} INFO - Processing /home/airflow/.local/lib/python3.8/site-packages/airflow/example_dags/example_short_circuit_operator.py took 0.043 seconds
