[2024-02-14T16:03:07.689+0000] {processor.py:161} INFO - Started process (PID=64) to work on /home/airflow/.local/lib/python3.8/site-packages/airflow/example_dags/example_dag_decorator.py
[2024-02-14T16:03:07.690+0000] {processor.py:830} INFO - Processing file /home/airflow/.local/lib/python3.8/site-packages/airflow/example_dags/example_dag_decorator.py for tasks to queue
[2024-02-14T16:03:07.691+0000] {logging_mixin.py:188} INFO - [2024-02-14T16:03:07.691+0000] {dagbag.py:538} INFO - Filling up the DagBag from /home/airflow/.local/lib/python3.8/site-packages/airflow/example_dags/example_dag_decorator.py
[2024-02-14T16:03:07.753+0000] {processor.py:840} INFO - DAG(s) 'example_dag_decorator' retrieved from /home/airflow/.local/lib/python3.8/site-packages/airflow/example_dags/example_dag_decorator.py
[2024-02-14T16:03:07.763+0000] {logging_mixin.py:188} INFO - [2024-02-14T16:03:07.763+0000] {dag.py:3033} INFO - Sync 1 DAGs
[2024-02-14T16:03:07.773+0000] {logging_mixin.py:188} INFO - [2024-02-14T16:03:07.773+0000] {dag.py:3820} INFO - Setting next_dagrun for example_dag_decorator to None, run_after=None
[2024-02-14T16:03:07.785+0000] {processor.py:183} INFO - Processing /home/airflow/.local/lib/python3.8/site-packages/airflow/example_dags/example_dag_decorator.py took 0.099 seconds
[2024-02-14T16:03:37.981+0000] {processor.py:161} INFO - Started process (PID=121) to work on /home/airflow/.local/lib/python3.8/site-packages/airflow/example_dags/example_dag_decorator.py
[2024-02-14T16:03:37.981+0000] {processor.py:830} INFO - Processing file /home/airflow/.local/lib/python3.8/site-packages/airflow/example_dags/example_dag_decorator.py for tasks to queue
[2024-02-14T16:03:37.983+0000] {logging_mixin.py:188} INFO - [2024-02-14T16:03:37.983+0000] {dagbag.py:538} INFO - Filling up the DagBag from /home/airflow/.local/lib/python3.8/site-packages/airflow/example_dags/example_dag_decorator.py
[2024-02-14T16:03:38.026+0000] {processor.py:840} INFO - DAG(s) 'example_dag_decorator' retrieved from /home/airflow/.local/lib/python3.8/site-packages/airflow/example_dags/example_dag_decorator.py
[2024-02-14T16:03:38.079+0000] {logging_mixin.py:188} INFO - [2024-02-14T16:03:38.079+0000] {dag.py:3033} INFO - Sync 1 DAGs
[2024-02-14T16:03:38.085+0000] {logging_mixin.py:188} INFO - [2024-02-14T16:03:38.085+0000] {dag.py:3820} INFO - Setting next_dagrun for example_dag_decorator to None, run_after=None
[2024-02-14T16:03:38.096+0000] {processor.py:183} INFO - Processing /home/airflow/.local/lib/python3.8/site-packages/airflow/example_dags/example_dag_decorator.py took 0.118 seconds
[2024-02-14T16:04:08.669+0000] {processor.py:161} INFO - Started process (PID=178) to work on /home/airflow/.local/lib/python3.8/site-packages/airflow/example_dags/example_dag_decorator.py
[2024-02-14T16:04:08.669+0000] {processor.py:830} INFO - Processing file /home/airflow/.local/lib/python3.8/site-packages/airflow/example_dags/example_dag_decorator.py for tasks to queue
[2024-02-14T16:04:08.671+0000] {logging_mixin.py:188} INFO - [2024-02-14T16:04:08.671+0000] {dagbag.py:538} INFO - Filling up the DagBag from /home/airflow/.local/lib/python3.8/site-packages/airflow/example_dags/example_dag_decorator.py
[2024-02-14T16:04:08.717+0000] {processor.py:840} INFO - DAG(s) 'example_dag_decorator' retrieved from /home/airflow/.local/lib/python3.8/site-packages/airflow/example_dags/example_dag_decorator.py
[2024-02-14T16:04:08.769+0000] {logging_mixin.py:188} INFO - [2024-02-14T16:04:08.769+0000] {dag.py:3033} INFO - Sync 1 DAGs
[2024-02-14T16:04:08.775+0000] {logging_mixin.py:188} INFO - [2024-02-14T16:04:08.774+0000] {dag.py:3820} INFO - Setting next_dagrun for example_dag_decorator to None, run_after=None
[2024-02-14T16:04:08.786+0000] {processor.py:183} INFO - Processing /home/airflow/.local/lib/python3.8/site-packages/airflow/example_dags/example_dag_decorator.py took 0.119 seconds
[2024-02-14T16:04:38.882+0000] {processor.py:161} INFO - Started process (PID=235) to work on /home/airflow/.local/lib/python3.8/site-packages/airflow/example_dags/example_dag_decorator.py
[2024-02-14T16:04:38.883+0000] {processor.py:830} INFO - Processing file /home/airflow/.local/lib/python3.8/site-packages/airflow/example_dags/example_dag_decorator.py for tasks to queue
[2024-02-14T16:04:38.885+0000] {logging_mixin.py:188} INFO - [2024-02-14T16:04:38.884+0000] {dagbag.py:538} INFO - Filling up the DagBag from /home/airflow/.local/lib/python3.8/site-packages/airflow/example_dags/example_dag_decorator.py
[2024-02-14T16:04:38.928+0000] {processor.py:840} INFO - DAG(s) 'example_dag_decorator' retrieved from /home/airflow/.local/lib/python3.8/site-packages/airflow/example_dags/example_dag_decorator.py
[2024-02-14T16:04:38.979+0000] {logging_mixin.py:188} INFO - [2024-02-14T16:04:38.979+0000] {dag.py:3033} INFO - Sync 1 DAGs
[2024-02-14T16:04:38.985+0000] {logging_mixin.py:188} INFO - [2024-02-14T16:04:38.985+0000] {dag.py:3820} INFO - Setting next_dagrun for example_dag_decorator to None, run_after=None
[2024-02-14T16:04:38.995+0000] {processor.py:183} INFO - Processing /home/airflow/.local/lib/python3.8/site-packages/airflow/example_dags/example_dag_decorator.py took 0.115 seconds
[2024-02-14T16:05:09.236+0000] {processor.py:161} INFO - Started process (PID=292) to work on /home/airflow/.local/lib/python3.8/site-packages/airflow/example_dags/example_dag_decorator.py
[2024-02-14T16:05:09.237+0000] {processor.py:830} INFO - Processing file /home/airflow/.local/lib/python3.8/site-packages/airflow/example_dags/example_dag_decorator.py for tasks to queue
[2024-02-14T16:05:09.238+0000] {logging_mixin.py:188} INFO - [2024-02-14T16:05:09.238+0000] {dagbag.py:538} INFO - Filling up the DagBag from /home/airflow/.local/lib/python3.8/site-packages/airflow/example_dags/example_dag_decorator.py
[2024-02-14T16:05:09.283+0000] {processor.py:840} INFO - DAG(s) 'example_dag_decorator' retrieved from /home/airflow/.local/lib/python3.8/site-packages/airflow/example_dags/example_dag_decorator.py
[2024-02-14T16:05:09.342+0000] {logging_mixin.py:188} INFO - [2024-02-14T16:05:09.342+0000] {dag.py:3033} INFO - Sync 1 DAGs
[2024-02-14T16:05:09.348+0000] {logging_mixin.py:188} INFO - [2024-02-14T16:05:09.348+0000] {dag.py:3820} INFO - Setting next_dagrun for example_dag_decorator to None, run_after=None
[2024-02-14T16:05:09.358+0000] {processor.py:183} INFO - Processing /home/airflow/.local/lib/python3.8/site-packages/airflow/example_dags/example_dag_decorator.py took 0.125 seconds
[2024-02-14T16:05:39.382+0000] {processor.py:161} INFO - Started process (PID=350) to work on /home/airflow/.local/lib/python3.8/site-packages/airflow/example_dags/example_dag_decorator.py
[2024-02-14T16:05:39.382+0000] {processor.py:830} INFO - Processing file /home/airflow/.local/lib/python3.8/site-packages/airflow/example_dags/example_dag_decorator.py for tasks to queue
[2024-02-14T16:05:39.384+0000] {logging_mixin.py:188} INFO - [2024-02-14T16:05:39.384+0000] {dagbag.py:538} INFO - Filling up the DagBag from /home/airflow/.local/lib/python3.8/site-packages/airflow/example_dags/example_dag_decorator.py
[2024-02-14T16:05:39.430+0000] {processor.py:840} INFO - DAG(s) 'example_dag_decorator' retrieved from /home/airflow/.local/lib/python3.8/site-packages/airflow/example_dags/example_dag_decorator.py
[2024-02-14T16:05:39.485+0000] {logging_mixin.py:188} INFO - [2024-02-14T16:05:39.485+0000] {dag.py:3033} INFO - Sync 1 DAGs
[2024-02-14T16:05:39.491+0000] {logging_mixin.py:188} INFO - [2024-02-14T16:05:39.491+0000] {dag.py:3820} INFO - Setting next_dagrun for example_dag_decorator to None, run_after=None
[2024-02-14T16:05:39.502+0000] {processor.py:183} INFO - Processing /home/airflow/.local/lib/python3.8/site-packages/airflow/example_dags/example_dag_decorator.py took 0.123 seconds
[2024-02-14T16:06:09.525+0000] {processor.py:161} INFO - Started process (PID=406) to work on /home/airflow/.local/lib/python3.8/site-packages/airflow/example_dags/example_dag_decorator.py
[2024-02-14T16:06:09.525+0000] {processor.py:830} INFO - Processing file /home/airflow/.local/lib/python3.8/site-packages/airflow/example_dags/example_dag_decorator.py for tasks to queue
[2024-02-14T16:06:09.526+0000] {logging_mixin.py:188} INFO - [2024-02-14T16:06:09.526+0000] {dagbag.py:538} INFO - Filling up the DagBag from /home/airflow/.local/lib/python3.8/site-packages/airflow/example_dags/example_dag_decorator.py
[2024-02-14T16:06:09.568+0000] {processor.py:840} INFO - DAG(s) 'example_dag_decorator' retrieved from /home/airflow/.local/lib/python3.8/site-packages/airflow/example_dags/example_dag_decorator.py
[2024-02-14T16:06:09.616+0000] {logging_mixin.py:188} INFO - [2024-02-14T16:06:09.616+0000] {dag.py:3033} INFO - Sync 1 DAGs
[2024-02-14T16:06:09.621+0000] {logging_mixin.py:188} INFO - [2024-02-14T16:06:09.621+0000] {dag.py:3820} INFO - Setting next_dagrun for example_dag_decorator to None, run_after=None
[2024-02-14T16:06:09.630+0000] {processor.py:183} INFO - Processing /home/airflow/.local/lib/python3.8/site-packages/airflow/example_dags/example_dag_decorator.py took 0.107 seconds
[2024-02-14T16:06:39.677+0000] {processor.py:161} INFO - Started process (PID=463) to work on /home/airflow/.local/lib/python3.8/site-packages/airflow/example_dags/example_dag_decorator.py
[2024-02-14T16:06:39.678+0000] {processor.py:830} INFO - Processing file /home/airflow/.local/lib/python3.8/site-packages/airflow/example_dags/example_dag_decorator.py for tasks to queue
[2024-02-14T16:06:39.679+0000] {logging_mixin.py:188} INFO - [2024-02-14T16:06:39.679+0000] {dagbag.py:538} INFO - Filling up the DagBag from /home/airflow/.local/lib/python3.8/site-packages/airflow/example_dags/example_dag_decorator.py
[2024-02-14T16:06:39.723+0000] {processor.py:840} INFO - DAG(s) 'example_dag_decorator' retrieved from /home/airflow/.local/lib/python3.8/site-packages/airflow/example_dags/example_dag_decorator.py
[2024-02-14T16:06:39.775+0000] {logging_mixin.py:188} INFO - [2024-02-14T16:06:39.774+0000] {dag.py:3033} INFO - Sync 1 DAGs
[2024-02-14T16:06:39.780+0000] {logging_mixin.py:188} INFO - [2024-02-14T16:06:39.780+0000] {dag.py:3820} INFO - Setting next_dagrun for example_dag_decorator to None, run_after=None
[2024-02-14T16:06:39.789+0000] {processor.py:183} INFO - Processing /home/airflow/.local/lib/python3.8/site-packages/airflow/example_dags/example_dag_decorator.py took 0.115 seconds
[2024-02-14T16:07:09.963+0000] {processor.py:161} INFO - Started process (PID=520) to work on /home/airflow/.local/lib/python3.8/site-packages/airflow/example_dags/example_dag_decorator.py
[2024-02-14T16:07:09.963+0000] {processor.py:830} INFO - Processing file /home/airflow/.local/lib/python3.8/site-packages/airflow/example_dags/example_dag_decorator.py for tasks to queue
[2024-02-14T16:07:09.965+0000] {logging_mixin.py:188} INFO - [2024-02-14T16:07:09.965+0000] {dagbag.py:538} INFO - Filling up the DagBag from /home/airflow/.local/lib/python3.8/site-packages/airflow/example_dags/example_dag_decorator.py
[2024-02-14T16:07:10.008+0000] {processor.py:840} INFO - DAG(s) 'example_dag_decorator' retrieved from /home/airflow/.local/lib/python3.8/site-packages/airflow/example_dags/example_dag_decorator.py
[2024-02-14T16:07:10.060+0000] {logging_mixin.py:188} INFO - [2024-02-14T16:07:10.060+0000] {dag.py:3033} INFO - Sync 1 DAGs
[2024-02-14T16:07:10.066+0000] {logging_mixin.py:188} INFO - [2024-02-14T16:07:10.066+0000] {dag.py:3820} INFO - Setting next_dagrun for example_dag_decorator to None, run_after=None
[2024-02-14T16:07:10.076+0000] {processor.py:183} INFO - Processing /home/airflow/.local/lib/python3.8/site-packages/airflow/example_dags/example_dag_decorator.py took 0.116 seconds
[2024-02-14T16:07:40.227+0000] {processor.py:161} INFO - Started process (PID=577) to work on /home/airflow/.local/lib/python3.8/site-packages/airflow/example_dags/example_dag_decorator.py
[2024-02-14T16:07:40.228+0000] {processor.py:830} INFO - Processing file /home/airflow/.local/lib/python3.8/site-packages/airflow/example_dags/example_dag_decorator.py for tasks to queue
[2024-02-14T16:07:40.230+0000] {logging_mixin.py:188} INFO - [2024-02-14T16:07:40.230+0000] {dagbag.py:538} INFO - Filling up the DagBag from /home/airflow/.local/lib/python3.8/site-packages/airflow/example_dags/example_dag_decorator.py
[2024-02-14T16:07:40.279+0000] {processor.py:840} INFO - DAG(s) 'example_dag_decorator' retrieved from /home/airflow/.local/lib/python3.8/site-packages/airflow/example_dags/example_dag_decorator.py
[2024-02-14T16:07:40.335+0000] {logging_mixin.py:188} INFO - [2024-02-14T16:07:40.335+0000] {dag.py:3033} INFO - Sync 1 DAGs
[2024-02-14T16:07:40.341+0000] {logging_mixin.py:188} INFO - [2024-02-14T16:07:40.341+0000] {dag.py:3820} INFO - Setting next_dagrun for example_dag_decorator to None, run_after=None
[2024-02-14T16:07:40.352+0000] {processor.py:183} INFO - Processing /home/airflow/.local/lib/python3.8/site-packages/airflow/example_dags/example_dag_decorator.py took 0.127 seconds
[2024-02-14T16:08:10.467+0000] {processor.py:161} INFO - Started process (PID=634) to work on /home/airflow/.local/lib/python3.8/site-packages/airflow/example_dags/example_dag_decorator.py
[2024-02-14T16:08:10.467+0000] {processor.py:830} INFO - Processing file /home/airflow/.local/lib/python3.8/site-packages/airflow/example_dags/example_dag_decorator.py for tasks to queue
[2024-02-14T16:08:10.469+0000] {logging_mixin.py:188} INFO - [2024-02-14T16:08:10.469+0000] {dagbag.py:538} INFO - Filling up the DagBag from /home/airflow/.local/lib/python3.8/site-packages/airflow/example_dags/example_dag_decorator.py
[2024-02-14T16:08:10.513+0000] {processor.py:840} INFO - DAG(s) 'example_dag_decorator' retrieved from /home/airflow/.local/lib/python3.8/site-packages/airflow/example_dags/example_dag_decorator.py
[2024-02-14T16:08:10.564+0000] {logging_mixin.py:188} INFO - [2024-02-14T16:08:10.564+0000] {dag.py:3033} INFO - Sync 1 DAGs
[2024-02-14T16:08:10.570+0000] {logging_mixin.py:188} INFO - [2024-02-14T16:08:10.570+0000] {dag.py:3820} INFO - Setting next_dagrun for example_dag_decorator to None, run_after=None
[2024-02-14T16:08:10.581+0000] {processor.py:183} INFO - Processing /home/airflow/.local/lib/python3.8/site-packages/airflow/example_dags/example_dag_decorator.py took 0.117 seconds
[2024-02-14T16:08:40.695+0000] {processor.py:161} INFO - Started process (PID=691) to work on /home/airflow/.local/lib/python3.8/site-packages/airflow/example_dags/example_dag_decorator.py
[2024-02-14T16:08:40.696+0000] {processor.py:830} INFO - Processing file /home/airflow/.local/lib/python3.8/site-packages/airflow/example_dags/example_dag_decorator.py for tasks to queue
[2024-02-14T16:08:40.697+0000] {logging_mixin.py:188} INFO - [2024-02-14T16:08:40.697+0000] {dagbag.py:538} INFO - Filling up the DagBag from /home/airflow/.local/lib/python3.8/site-packages/airflow/example_dags/example_dag_decorator.py
[2024-02-14T16:08:40.743+0000] {processor.py:840} INFO - DAG(s) 'example_dag_decorator' retrieved from /home/airflow/.local/lib/python3.8/site-packages/airflow/example_dags/example_dag_decorator.py
[2024-02-14T16:08:40.796+0000] {logging_mixin.py:188} INFO - [2024-02-14T16:08:40.796+0000] {dag.py:3033} INFO - Sync 1 DAGs
[2024-02-14T16:08:40.802+0000] {logging_mixin.py:188} INFO - [2024-02-14T16:08:40.802+0000] {dag.py:3820} INFO - Setting next_dagrun for example_dag_decorator to None, run_after=None
[2024-02-14T16:08:40.812+0000] {processor.py:183} INFO - Processing /home/airflow/.local/lib/python3.8/site-packages/airflow/example_dags/example_dag_decorator.py took 0.120 seconds
[2024-02-14T16:09:11.607+0000] {processor.py:161} INFO - Started process (PID=748) to work on /home/airflow/.local/lib/python3.8/site-packages/airflow/example_dags/example_dag_decorator.py
[2024-02-14T16:09:11.608+0000] {processor.py:830} INFO - Processing file /home/airflow/.local/lib/python3.8/site-packages/airflow/example_dags/example_dag_decorator.py for tasks to queue
[2024-02-14T16:09:11.610+0000] {logging_mixin.py:188} INFO - [2024-02-14T16:09:11.610+0000] {dagbag.py:538} INFO - Filling up the DagBag from /home/airflow/.local/lib/python3.8/site-packages/airflow/example_dags/example_dag_decorator.py
[2024-02-14T16:09:11.667+0000] {processor.py:840} INFO - DAG(s) 'example_dag_decorator' retrieved from /home/airflow/.local/lib/python3.8/site-packages/airflow/example_dags/example_dag_decorator.py
[2024-02-14T16:09:11.723+0000] {logging_mixin.py:188} INFO - [2024-02-14T16:09:11.722+0000] {dag.py:3033} INFO - Sync 1 DAGs
[2024-02-14T16:09:11.730+0000] {logging_mixin.py:188} INFO - [2024-02-14T16:09:11.729+0000] {dag.py:3820} INFO - Setting next_dagrun for example_dag_decorator to None, run_after=None
[2024-02-14T16:09:11.834+0000] {processor.py:183} INFO - Processing /home/airflow/.local/lib/python3.8/site-packages/airflow/example_dags/example_dag_decorator.py took 0.229 seconds
[2024-02-14T16:09:42.681+0000] {processor.py:161} INFO - Started process (PID=805) to work on /home/airflow/.local/lib/python3.8/site-packages/airflow/example_dags/example_dag_decorator.py
[2024-02-14T16:09:42.682+0000] {processor.py:830} INFO - Processing file /home/airflow/.local/lib/python3.8/site-packages/airflow/example_dags/example_dag_decorator.py for tasks to queue
[2024-02-14T16:09:42.685+0000] {logging_mixin.py:188} INFO - [2024-02-14T16:09:42.685+0000] {dagbag.py:538} INFO - Filling up the DagBag from /home/airflow/.local/lib/python3.8/site-packages/airflow/example_dags/example_dag_decorator.py
[2024-02-14T16:09:42.737+0000] {processor.py:840} INFO - DAG(s) 'example_dag_decorator' retrieved from /home/airflow/.local/lib/python3.8/site-packages/airflow/example_dags/example_dag_decorator.py
[2024-02-14T16:09:42.789+0000] {logging_mixin.py:188} INFO - [2024-02-14T16:09:42.789+0000] {dag.py:3033} INFO - Sync 1 DAGs
[2024-02-14T16:09:42.795+0000] {logging_mixin.py:188} INFO - [2024-02-14T16:09:42.795+0000] {dag.py:3820} INFO - Setting next_dagrun for example_dag_decorator to None, run_after=None
[2024-02-14T16:09:42.806+0000] {processor.py:183} INFO - Processing /home/airflow/.local/lib/python3.8/site-packages/airflow/example_dags/example_dag_decorator.py took 0.130 seconds
[2024-02-14T16:10:12.869+0000] {processor.py:161} INFO - Started process (PID=861) to work on /home/airflow/.local/lib/python3.8/site-packages/airflow/example_dags/example_dag_decorator.py
[2024-02-14T16:10:12.870+0000] {processor.py:830} INFO - Processing file /home/airflow/.local/lib/python3.8/site-packages/airflow/example_dags/example_dag_decorator.py for tasks to queue
[2024-02-14T16:10:12.871+0000] {logging_mixin.py:188} INFO - [2024-02-14T16:10:12.871+0000] {dagbag.py:538} INFO - Filling up the DagBag from /home/airflow/.local/lib/python3.8/site-packages/airflow/example_dags/example_dag_decorator.py
[2024-02-14T16:10:12.914+0000] {processor.py:840} INFO - DAG(s) 'example_dag_decorator' retrieved from /home/airflow/.local/lib/python3.8/site-packages/airflow/example_dags/example_dag_decorator.py
[2024-02-14T16:10:12.966+0000] {logging_mixin.py:188} INFO - [2024-02-14T16:10:12.966+0000] {dag.py:3033} INFO - Sync 1 DAGs
[2024-02-14T16:10:12.972+0000] {logging_mixin.py:188} INFO - [2024-02-14T16:10:12.972+0000] {dag.py:3820} INFO - Setting next_dagrun for example_dag_decorator to None, run_after=None
[2024-02-14T16:10:12.982+0000] {processor.py:183} INFO - Processing /home/airflow/.local/lib/python3.8/site-packages/airflow/example_dags/example_dag_decorator.py took 0.115 seconds
[2024-02-14T16:10:43.129+0000] {processor.py:161} INFO - Started process (PID=918) to work on /home/airflow/.local/lib/python3.8/site-packages/airflow/example_dags/example_dag_decorator.py
[2024-02-14T16:10:43.130+0000] {processor.py:830} INFO - Processing file /home/airflow/.local/lib/python3.8/site-packages/airflow/example_dags/example_dag_decorator.py for tasks to queue
[2024-02-14T16:10:43.131+0000] {logging_mixin.py:188} INFO - [2024-02-14T16:10:43.131+0000] {dagbag.py:538} INFO - Filling up the DagBag from /home/airflow/.local/lib/python3.8/site-packages/airflow/example_dags/example_dag_decorator.py
[2024-02-14T16:10:43.174+0000] {processor.py:840} INFO - DAG(s) 'example_dag_decorator' retrieved from /home/airflow/.local/lib/python3.8/site-packages/airflow/example_dags/example_dag_decorator.py
[2024-02-14T16:10:43.225+0000] {logging_mixin.py:188} INFO - [2024-02-14T16:10:43.224+0000] {dag.py:3033} INFO - Sync 1 DAGs
[2024-02-14T16:10:43.230+0000] {logging_mixin.py:188} INFO - [2024-02-14T16:10:43.230+0000] {dag.py:3820} INFO - Setting next_dagrun for example_dag_decorator to None, run_after=None
[2024-02-14T16:10:43.239+0000] {processor.py:183} INFO - Processing /home/airflow/.local/lib/python3.8/site-packages/airflow/example_dags/example_dag_decorator.py took 0.113 seconds
[2024-02-14T16:11:13.317+0000] {processor.py:161} INFO - Started process (PID=975) to work on /home/airflow/.local/lib/python3.8/site-packages/airflow/example_dags/example_dag_decorator.py
[2024-02-14T16:11:13.318+0000] {processor.py:830} INFO - Processing file /home/airflow/.local/lib/python3.8/site-packages/airflow/example_dags/example_dag_decorator.py for tasks to queue
[2024-02-14T16:11:13.322+0000] {logging_mixin.py:188} INFO - [2024-02-14T16:11:13.321+0000] {dagbag.py:538} INFO - Filling up the DagBag from /home/airflow/.local/lib/python3.8/site-packages/airflow/example_dags/example_dag_decorator.py
[2024-02-14T16:11:13.378+0000] {processor.py:840} INFO - DAG(s) 'example_dag_decorator' retrieved from /home/airflow/.local/lib/python3.8/site-packages/airflow/example_dags/example_dag_decorator.py
[2024-02-14T16:11:13.429+0000] {logging_mixin.py:188} INFO - [2024-02-14T16:11:13.429+0000] {dag.py:3033} INFO - Sync 1 DAGs
[2024-02-14T16:11:13.435+0000] {logging_mixin.py:188} INFO - [2024-02-14T16:11:13.435+0000] {dag.py:3820} INFO - Setting next_dagrun for example_dag_decorator to None, run_after=None
[2024-02-14T16:11:13.444+0000] {processor.py:183} INFO - Processing /home/airflow/.local/lib/python3.8/site-packages/airflow/example_dags/example_dag_decorator.py took 0.134 seconds
[2024-02-14T16:11:43.569+0000] {processor.py:161} INFO - Started process (PID=1032) to work on /home/airflow/.local/lib/python3.8/site-packages/airflow/example_dags/example_dag_decorator.py
[2024-02-14T16:11:43.570+0000] {processor.py:830} INFO - Processing file /home/airflow/.local/lib/python3.8/site-packages/airflow/example_dags/example_dag_decorator.py for tasks to queue
[2024-02-14T16:11:43.574+0000] {logging_mixin.py:188} INFO - [2024-02-14T16:11:43.574+0000] {dagbag.py:538} INFO - Filling up the DagBag from /home/airflow/.local/lib/python3.8/site-packages/airflow/example_dags/example_dag_decorator.py
[2024-02-14T16:11:43.634+0000] {processor.py:840} INFO - DAG(s) 'example_dag_decorator' retrieved from /home/airflow/.local/lib/python3.8/site-packages/airflow/example_dags/example_dag_decorator.py
[2024-02-14T16:11:43.685+0000] {logging_mixin.py:188} INFO - [2024-02-14T16:11:43.685+0000] {dag.py:3033} INFO - Sync 1 DAGs
[2024-02-14T16:11:43.691+0000] {logging_mixin.py:188} INFO - [2024-02-14T16:11:43.690+0000] {dag.py:3820} INFO - Setting next_dagrun for example_dag_decorator to None, run_after=None
[2024-02-14T16:11:43.700+0000] {processor.py:183} INFO - Processing /home/airflow/.local/lib/python3.8/site-packages/airflow/example_dags/example_dag_decorator.py took 0.137 seconds
[2024-02-14T16:12:13.723+0000] {processor.py:161} INFO - Started process (PID=1089) to work on /home/airflow/.local/lib/python3.8/site-packages/airflow/example_dags/example_dag_decorator.py
[2024-02-14T16:12:13.723+0000] {processor.py:830} INFO - Processing file /home/airflow/.local/lib/python3.8/site-packages/airflow/example_dags/example_dag_decorator.py for tasks to queue
[2024-02-14T16:12:13.724+0000] {logging_mixin.py:188} INFO - [2024-02-14T16:12:13.724+0000] {dagbag.py:538} INFO - Filling up the DagBag from /home/airflow/.local/lib/python3.8/site-packages/airflow/example_dags/example_dag_decorator.py
[2024-02-14T16:12:13.768+0000] {processor.py:840} INFO - DAG(s) 'example_dag_decorator' retrieved from /home/airflow/.local/lib/python3.8/site-packages/airflow/example_dags/example_dag_decorator.py
[2024-02-14T16:12:13.819+0000] {logging_mixin.py:188} INFO - [2024-02-14T16:12:13.819+0000] {dag.py:3033} INFO - Sync 1 DAGs
[2024-02-14T16:12:13.824+0000] {logging_mixin.py:188} INFO - [2024-02-14T16:12:13.824+0000] {dag.py:3820} INFO - Setting next_dagrun for example_dag_decorator to None, run_after=None
[2024-02-14T16:12:13.833+0000] {processor.py:183} INFO - Processing /home/airflow/.local/lib/python3.8/site-packages/airflow/example_dags/example_dag_decorator.py took 0.113 seconds
[2024-02-14T16:12:43.892+0000] {processor.py:161} INFO - Started process (PID=1145) to work on /home/airflow/.local/lib/python3.8/site-packages/airflow/example_dags/example_dag_decorator.py
[2024-02-14T16:12:43.893+0000] {processor.py:830} INFO - Processing file /home/airflow/.local/lib/python3.8/site-packages/airflow/example_dags/example_dag_decorator.py for tasks to queue
[2024-02-14T16:12:43.896+0000] {logging_mixin.py:188} INFO - [2024-02-14T16:12:43.895+0000] {dagbag.py:538} INFO - Filling up the DagBag from /home/airflow/.local/lib/python3.8/site-packages/airflow/example_dags/example_dag_decorator.py
[2024-02-14T16:12:43.959+0000] {processor.py:840} INFO - DAG(s) 'example_dag_decorator' retrieved from /home/airflow/.local/lib/python3.8/site-packages/airflow/example_dags/example_dag_decorator.py
[2024-02-14T16:12:44.110+0000] {logging_mixin.py:188} INFO - [2024-02-14T16:12:44.109+0000] {dag.py:3033} INFO - Sync 1 DAGs
[2024-02-14T16:12:44.115+0000] {logging_mixin.py:188} INFO - [2024-02-14T16:12:44.115+0000] {dag.py:3820} INFO - Setting next_dagrun for example_dag_decorator to None, run_after=None
[2024-02-14T16:12:44.124+0000] {processor.py:183} INFO - Processing /home/airflow/.local/lib/python3.8/site-packages/airflow/example_dags/example_dag_decorator.py took 0.237 seconds
[2024-02-14T16:13:15.140+0000] {processor.py:161} INFO - Started process (PID=1206) to work on /home/airflow/.local/lib/python3.8/site-packages/airflow/example_dags/example_dag_decorator.py
[2024-02-14T16:13:15.141+0000] {processor.py:830} INFO - Processing file /home/airflow/.local/lib/python3.8/site-packages/airflow/example_dags/example_dag_decorator.py for tasks to queue
[2024-02-14T16:13:15.143+0000] {logging_mixin.py:188} INFO - [2024-02-14T16:13:15.143+0000] {dagbag.py:538} INFO - Filling up the DagBag from /home/airflow/.local/lib/python3.8/site-packages/airflow/example_dags/example_dag_decorator.py
[2024-02-14T16:13:15.189+0000] {processor.py:840} INFO - DAG(s) 'example_dag_decorator' retrieved from /home/airflow/.local/lib/python3.8/site-packages/airflow/example_dags/example_dag_decorator.py
[2024-02-14T16:13:15.326+0000] {logging_mixin.py:188} INFO - [2024-02-14T16:13:15.326+0000] {dag.py:3033} INFO - Sync 1 DAGs
[2024-02-14T16:13:15.331+0000] {logging_mixin.py:188} INFO - [2024-02-14T16:13:15.331+0000] {dag.py:3820} INFO - Setting next_dagrun for example_dag_decorator to None, run_after=None
[2024-02-14T16:13:15.340+0000] {processor.py:183} INFO - Processing /home/airflow/.local/lib/python3.8/site-packages/airflow/example_dags/example_dag_decorator.py took 0.203 seconds
[2024-02-14T16:13:45.370+0000] {processor.py:161} INFO - Started process (PID=1262) to work on /home/airflow/.local/lib/python3.8/site-packages/airflow/example_dags/example_dag_decorator.py
[2024-02-14T16:13:45.371+0000] {processor.py:830} INFO - Processing file /home/airflow/.local/lib/python3.8/site-packages/airflow/example_dags/example_dag_decorator.py for tasks to queue
[2024-02-14T16:13:45.374+0000] {logging_mixin.py:188} INFO - [2024-02-14T16:13:45.373+0000] {dagbag.py:538} INFO - Filling up the DagBag from /home/airflow/.local/lib/python3.8/site-packages/airflow/example_dags/example_dag_decorator.py
[2024-02-14T16:13:45.431+0000] {processor.py:840} INFO - DAG(s) 'example_dag_decorator' retrieved from /home/airflow/.local/lib/python3.8/site-packages/airflow/example_dags/example_dag_decorator.py
[2024-02-14T16:13:45.563+0000] {logging_mixin.py:188} INFO - [2024-02-14T16:13:45.563+0000] {dag.py:3033} INFO - Sync 1 DAGs
[2024-02-14T16:13:45.568+0000] {logging_mixin.py:188} INFO - [2024-02-14T16:13:45.568+0000] {dag.py:3820} INFO - Setting next_dagrun for example_dag_decorator to None, run_after=None
[2024-02-14T16:13:45.577+0000] {processor.py:183} INFO - Processing /home/airflow/.local/lib/python3.8/site-packages/airflow/example_dags/example_dag_decorator.py took 0.210 seconds
[2024-02-14T16:14:16.534+0000] {processor.py:161} INFO - Started process (PID=1320) to work on /home/airflow/.local/lib/python3.8/site-packages/airflow/example_dags/example_dag_decorator.py
[2024-02-14T16:14:16.535+0000] {processor.py:830} INFO - Processing file /home/airflow/.local/lib/python3.8/site-packages/airflow/example_dags/example_dag_decorator.py for tasks to queue
[2024-02-14T16:14:16.537+0000] {logging_mixin.py:188} INFO - [2024-02-14T16:14:16.537+0000] {dagbag.py:538} INFO - Filling up the DagBag from /home/airflow/.local/lib/python3.8/site-packages/airflow/example_dags/example_dag_decorator.py
[2024-02-14T16:14:16.591+0000] {processor.py:840} INFO - DAG(s) 'example_dag_decorator' retrieved from /home/airflow/.local/lib/python3.8/site-packages/airflow/example_dags/example_dag_decorator.py
[2024-02-14T16:14:16.646+0000] {logging_mixin.py:188} INFO - [2024-02-14T16:14:16.646+0000] {dag.py:3033} INFO - Sync 1 DAGs
[2024-02-14T16:14:16.745+0000] {logging_mixin.py:188} INFO - [2024-02-14T16:14:16.745+0000] {dag.py:3820} INFO - Setting next_dagrun for example_dag_decorator to None, run_after=None
[2024-02-14T16:14:16.755+0000] {processor.py:183} INFO - Processing /home/airflow/.local/lib/python3.8/site-packages/airflow/example_dags/example_dag_decorator.py took 0.225 seconds
[2024-02-14T16:14:46.805+0000] {processor.py:161} INFO - Started process (PID=1376) to work on /home/airflow/.local/lib/python3.8/site-packages/airflow/example_dags/example_dag_decorator.py
[2024-02-14T16:14:46.807+0000] {processor.py:830} INFO - Processing file /home/airflow/.local/lib/python3.8/site-packages/airflow/example_dags/example_dag_decorator.py for tasks to queue
[2024-02-14T16:14:46.810+0000] {logging_mixin.py:188} INFO - [2024-02-14T16:14:46.809+0000] {dagbag.py:538} INFO - Filling up the DagBag from /home/airflow/.local/lib/python3.8/site-packages/airflow/example_dags/example_dag_decorator.py
[2024-02-14T16:14:46.868+0000] {processor.py:840} INFO - DAG(s) 'example_dag_decorator' retrieved from /home/airflow/.local/lib/python3.8/site-packages/airflow/example_dags/example_dag_decorator.py
[2024-02-14T16:14:46.918+0000] {logging_mixin.py:188} INFO - [2024-02-14T16:14:46.918+0000] {dag.py:3033} INFO - Sync 1 DAGs
[2024-02-14T16:14:47.011+0000] {logging_mixin.py:188} INFO - [2024-02-14T16:14:47.011+0000] {dag.py:3820} INFO - Setting next_dagrun for example_dag_decorator to None, run_after=None
[2024-02-14T16:14:47.020+0000] {processor.py:183} INFO - Processing /home/airflow/.local/lib/python3.8/site-packages/airflow/example_dags/example_dag_decorator.py took 0.221 seconds
[2024-02-14T16:15:17.993+0000] {processor.py:161} INFO - Started process (PID=1433) to work on /home/airflow/.local/lib/python3.8/site-packages/airflow/example_dags/example_dag_decorator.py
[2024-02-14T16:15:17.994+0000] {processor.py:830} INFO - Processing file /home/airflow/.local/lib/python3.8/site-packages/airflow/example_dags/example_dag_decorator.py for tasks to queue
[2024-02-14T16:15:17.997+0000] {logging_mixin.py:188} INFO - [2024-02-14T16:15:17.996+0000] {dagbag.py:538} INFO - Filling up the DagBag from /home/airflow/.local/lib/python3.8/site-packages/airflow/example_dags/example_dag_decorator.py
[2024-02-14T16:15:18.054+0000] {processor.py:840} INFO - DAG(s) 'example_dag_decorator' retrieved from /home/airflow/.local/lib/python3.8/site-packages/airflow/example_dags/example_dag_decorator.py
[2024-02-14T16:15:18.190+0000] {logging_mixin.py:188} INFO - [2024-02-14T16:15:18.190+0000] {dag.py:3033} INFO - Sync 1 DAGs
[2024-02-14T16:15:18.195+0000] {logging_mixin.py:188} INFO - [2024-02-14T16:15:18.195+0000] {dag.py:3820} INFO - Setting next_dagrun for example_dag_decorator to None, run_after=None
[2024-02-14T16:15:18.204+0000] {processor.py:183} INFO - Processing /home/airflow/.local/lib/python3.8/site-packages/airflow/example_dags/example_dag_decorator.py took 0.216 seconds
[2024-02-14T16:15:48.264+0000] {processor.py:161} INFO - Started process (PID=1488) to work on /home/airflow/.local/lib/python3.8/site-packages/airflow/example_dags/example_dag_decorator.py
[2024-02-14T16:15:48.265+0000] {processor.py:830} INFO - Processing file /home/airflow/.local/lib/python3.8/site-packages/airflow/example_dags/example_dag_decorator.py for tasks to queue
[2024-02-14T16:15:48.269+0000] {logging_mixin.py:188} INFO - [2024-02-14T16:15:48.268+0000] {dagbag.py:538} INFO - Filling up the DagBag from /home/airflow/.local/lib/python3.8/site-packages/airflow/example_dags/example_dag_decorator.py
[2024-02-14T16:15:48.325+0000] {processor.py:840} INFO - DAG(s) 'example_dag_decorator' retrieved from /home/airflow/.local/lib/python3.8/site-packages/airflow/example_dags/example_dag_decorator.py
[2024-02-14T16:15:48.463+0000] {logging_mixin.py:188} INFO - [2024-02-14T16:15:48.463+0000] {dag.py:3033} INFO - Sync 1 DAGs
[2024-02-14T16:15:48.469+0000] {logging_mixin.py:188} INFO - [2024-02-14T16:15:48.469+0000] {dag.py:3820} INFO - Setting next_dagrun for example_dag_decorator to None, run_after=None
[2024-02-14T16:15:48.478+0000] {processor.py:183} INFO - Processing /home/airflow/.local/lib/python3.8/site-packages/airflow/example_dags/example_dag_decorator.py took 0.220 seconds
[2024-02-14T16:16:19.438+0000] {processor.py:161} INFO - Started process (PID=1546) to work on /home/airflow/.local/lib/python3.8/site-packages/airflow/example_dags/example_dag_decorator.py
[2024-02-14T16:16:19.440+0000] {processor.py:830} INFO - Processing file /home/airflow/.local/lib/python3.8/site-packages/airflow/example_dags/example_dag_decorator.py for tasks to queue
[2024-02-14T16:16:19.442+0000] {logging_mixin.py:188} INFO - [2024-02-14T16:16:19.442+0000] {dagbag.py:538} INFO - Filling up the DagBag from /home/airflow/.local/lib/python3.8/site-packages/airflow/example_dags/example_dag_decorator.py
[2024-02-14T16:16:19.493+0000] {processor.py:840} INFO - DAG(s) 'example_dag_decorator' retrieved from /home/airflow/.local/lib/python3.8/site-packages/airflow/example_dags/example_dag_decorator.py
[2024-02-14T16:16:19.631+0000] {logging_mixin.py:188} INFO - [2024-02-14T16:16:19.631+0000] {dag.py:3033} INFO - Sync 1 DAGs
[2024-02-14T16:16:19.636+0000] {logging_mixin.py:188} INFO - [2024-02-14T16:16:19.636+0000] {dag.py:3820} INFO - Setting next_dagrun for example_dag_decorator to None, run_after=None
[2024-02-14T16:16:19.646+0000] {processor.py:183} INFO - Processing /home/airflow/.local/lib/python3.8/site-packages/airflow/example_dags/example_dag_decorator.py took 0.213 seconds
[2024-02-14T16:16:50.493+0000] {processor.py:161} INFO - Started process (PID=1603) to work on /home/airflow/.local/lib/python3.8/site-packages/airflow/example_dags/example_dag_decorator.py
[2024-02-14T16:16:50.494+0000] {processor.py:830} INFO - Processing file /home/airflow/.local/lib/python3.8/site-packages/airflow/example_dags/example_dag_decorator.py for tasks to queue
[2024-02-14T16:16:50.497+0000] {logging_mixin.py:188} INFO - [2024-02-14T16:16:50.497+0000] {dagbag.py:538} INFO - Filling up the DagBag from /home/airflow/.local/lib/python3.8/site-packages/airflow/example_dags/example_dag_decorator.py
[2024-02-14T16:16:50.549+0000] {processor.py:840} INFO - DAG(s) 'example_dag_decorator' retrieved from /home/airflow/.local/lib/python3.8/site-packages/airflow/example_dags/example_dag_decorator.py
[2024-02-14T16:16:50.564+0000] {logging_mixin.py:188} INFO - [2024-02-14T16:16:50.564+0000] {dag.py:3033} INFO - Sync 1 DAGs
[2024-02-14T16:16:50.571+0000] {logging_mixin.py:188} INFO - [2024-02-14T16:16:50.571+0000] {dag.py:3820} INFO - Setting next_dagrun for example_dag_decorator to None, run_after=None
[2024-02-14T16:16:50.581+0000] {processor.py:183} INFO - Processing /home/airflow/.local/lib/python3.8/site-packages/airflow/example_dags/example_dag_decorator.py took 0.094 seconds
[2024-02-14T16:17:20.701+0000] {processor.py:161} INFO - Started process (PID=1659) to work on /home/airflow/.local/lib/python3.8/site-packages/airflow/example_dags/example_dag_decorator.py
[2024-02-14T16:17:20.702+0000] {processor.py:830} INFO - Processing file /home/airflow/.local/lib/python3.8/site-packages/airflow/example_dags/example_dag_decorator.py for tasks to queue
[2024-02-14T16:17:20.705+0000] {logging_mixin.py:188} INFO - [2024-02-14T16:17:20.705+0000] {dagbag.py:538} INFO - Filling up the DagBag from /home/airflow/.local/lib/python3.8/site-packages/airflow/example_dags/example_dag_decorator.py
[2024-02-14T16:17:20.756+0000] {processor.py:840} INFO - DAG(s) 'example_dag_decorator' retrieved from /home/airflow/.local/lib/python3.8/site-packages/airflow/example_dags/example_dag_decorator.py
[2024-02-14T16:17:20.897+0000] {logging_mixin.py:188} INFO - [2024-02-14T16:17:20.897+0000] {dag.py:3033} INFO - Sync 1 DAGs
[2024-02-14T16:17:20.902+0000] {logging_mixin.py:188} INFO - [2024-02-14T16:17:20.902+0000] {dag.py:3820} INFO - Setting next_dagrun for example_dag_decorator to None, run_after=None
[2024-02-14T16:17:20.913+0000] {processor.py:183} INFO - Processing /home/airflow/.local/lib/python3.8/site-packages/airflow/example_dags/example_dag_decorator.py took 0.217 seconds
[2024-02-14T16:17:50.953+0000] {processor.py:161} INFO - Started process (PID=1717) to work on /home/airflow/.local/lib/python3.8/site-packages/airflow/example_dags/example_dag_decorator.py
[2024-02-14T16:17:50.954+0000] {processor.py:830} INFO - Processing file /home/airflow/.local/lib/python3.8/site-packages/airflow/example_dags/example_dag_decorator.py for tasks to queue
[2024-02-14T16:17:50.956+0000] {logging_mixin.py:188} INFO - [2024-02-14T16:17:50.956+0000] {dagbag.py:538} INFO - Filling up the DagBag from /home/airflow/.local/lib/python3.8/site-packages/airflow/example_dags/example_dag_decorator.py
[2024-02-14T16:17:51.005+0000] {processor.py:840} INFO - DAG(s) 'example_dag_decorator' retrieved from /home/airflow/.local/lib/python3.8/site-packages/airflow/example_dags/example_dag_decorator.py
[2024-02-14T16:17:51.148+0000] {logging_mixin.py:188} INFO - [2024-02-14T16:17:51.147+0000] {dag.py:3033} INFO - Sync 1 DAGs
[2024-02-14T16:17:51.153+0000] {logging_mixin.py:188} INFO - [2024-02-14T16:17:51.153+0000] {dag.py:3820} INFO - Setting next_dagrun for example_dag_decorator to None, run_after=None
[2024-02-14T16:17:51.163+0000] {processor.py:183} INFO - Processing /home/airflow/.local/lib/python3.8/site-packages/airflow/example_dags/example_dag_decorator.py took 0.214 seconds
[2024-02-14T16:18:21.208+0000] {processor.py:161} INFO - Started process (PID=1774) to work on /home/airflow/.local/lib/python3.8/site-packages/airflow/example_dags/example_dag_decorator.py
[2024-02-14T16:18:21.209+0000] {processor.py:830} INFO - Processing file /home/airflow/.local/lib/python3.8/site-packages/airflow/example_dags/example_dag_decorator.py for tasks to queue
[2024-02-14T16:18:21.211+0000] {logging_mixin.py:188} INFO - [2024-02-14T16:18:21.211+0000] {dagbag.py:538} INFO - Filling up the DagBag from /home/airflow/.local/lib/python3.8/site-packages/airflow/example_dags/example_dag_decorator.py
[2024-02-14T16:18:21.262+0000] {processor.py:840} INFO - DAG(s) 'example_dag_decorator' retrieved from /home/airflow/.local/lib/python3.8/site-packages/airflow/example_dags/example_dag_decorator.py
[2024-02-14T16:18:21.275+0000] {logging_mixin.py:188} INFO - [2024-02-14T16:18:21.275+0000] {dag.py:3033} INFO - Sync 1 DAGs
[2024-02-14T16:18:21.282+0000] {logging_mixin.py:188} INFO - [2024-02-14T16:18:21.282+0000] {dag.py:3820} INFO - Setting next_dagrun for example_dag_decorator to None, run_after=None
[2024-02-14T16:18:21.291+0000] {processor.py:183} INFO - Processing /home/airflow/.local/lib/python3.8/site-packages/airflow/example_dags/example_dag_decorator.py took 0.086 seconds
[2024-02-14T16:18:51.351+0000] {processor.py:161} INFO - Started process (PID=1830) to work on /home/airflow/.local/lib/python3.8/site-packages/airflow/example_dags/example_dag_decorator.py
[2024-02-14T16:18:51.353+0000] {processor.py:830} INFO - Processing file /home/airflow/.local/lib/python3.8/site-packages/airflow/example_dags/example_dag_decorator.py for tasks to queue
[2024-02-14T16:18:51.356+0000] {logging_mixin.py:188} INFO - [2024-02-14T16:18:51.356+0000] {dagbag.py:538} INFO - Filling up the DagBag from /home/airflow/.local/lib/python3.8/site-packages/airflow/example_dags/example_dag_decorator.py
[2024-02-14T16:18:51.414+0000] {processor.py:840} INFO - DAG(s) 'example_dag_decorator' retrieved from /home/airflow/.local/lib/python3.8/site-packages/airflow/example_dags/example_dag_decorator.py
[2024-02-14T16:18:51.563+0000] {logging_mixin.py:188} INFO - [2024-02-14T16:18:51.563+0000] {dag.py:3033} INFO - Sync 1 DAGs
[2024-02-14T16:18:51.568+0000] {logging_mixin.py:188} INFO - [2024-02-14T16:18:51.568+0000] {dag.py:3820} INFO - Setting next_dagrun for example_dag_decorator to None, run_after=None
[2024-02-14T16:18:51.580+0000] {processor.py:183} INFO - Processing /home/airflow/.local/lib/python3.8/site-packages/airflow/example_dags/example_dag_decorator.py took 0.234 seconds
[2024-02-14T16:19:21.763+0000] {processor.py:161} INFO - Started process (PID=1887) to work on /home/airflow/.local/lib/python3.8/site-packages/airflow/example_dags/example_dag_decorator.py
[2024-02-14T16:19:21.765+0000] {processor.py:830} INFO - Processing file /home/airflow/.local/lib/python3.8/site-packages/airflow/example_dags/example_dag_decorator.py for tasks to queue
[2024-02-14T16:19:21.766+0000] {logging_mixin.py:188} INFO - [2024-02-14T16:19:21.766+0000] {dagbag.py:538} INFO - Filling up the DagBag from /home/airflow/.local/lib/python3.8/site-packages/airflow/example_dags/example_dag_decorator.py
[2024-02-14T16:19:21.823+0000] {processor.py:840} INFO - DAG(s) 'example_dag_decorator' retrieved from /home/airflow/.local/lib/python3.8/site-packages/airflow/example_dags/example_dag_decorator.py
[2024-02-14T16:19:21.974+0000] {logging_mixin.py:188} INFO - [2024-02-14T16:19:21.974+0000] {dag.py:3033} INFO - Sync 1 DAGs
[2024-02-14T16:19:21.980+0000] {logging_mixin.py:188} INFO - [2024-02-14T16:19:21.980+0000] {dag.py:3820} INFO - Setting next_dagrun for example_dag_decorator to None, run_after=None
[2024-02-14T16:19:21.991+0000] {processor.py:183} INFO - Processing /home/airflow/.local/lib/python3.8/site-packages/airflow/example_dags/example_dag_decorator.py took 0.233 seconds
[2024-02-14T16:19:52.047+0000] {processor.py:161} INFO - Started process (PID=1947) to work on /home/airflow/.local/lib/python3.8/site-packages/airflow/example_dags/example_dag_decorator.py
[2024-02-14T16:19:52.048+0000] {processor.py:830} INFO - Processing file /home/airflow/.local/lib/python3.8/site-packages/airflow/example_dags/example_dag_decorator.py for tasks to queue
[2024-02-14T16:19:52.050+0000] {logging_mixin.py:188} INFO - [2024-02-14T16:19:52.050+0000] {dagbag.py:538} INFO - Filling up the DagBag from /home/airflow/.local/lib/python3.8/site-packages/airflow/example_dags/example_dag_decorator.py
[2024-02-14T16:19:52.095+0000] {processor.py:840} INFO - DAG(s) 'example_dag_decorator' retrieved from /home/airflow/.local/lib/python3.8/site-packages/airflow/example_dags/example_dag_decorator.py
[2024-02-14T16:19:52.240+0000] {logging_mixin.py:188} INFO - [2024-02-14T16:19:52.240+0000] {dag.py:3033} INFO - Sync 1 DAGs
[2024-02-14T16:19:52.246+0000] {logging_mixin.py:188} INFO - [2024-02-14T16:19:52.246+0000] {dag.py:3820} INFO - Setting next_dagrun for example_dag_decorator to None, run_after=None
[2024-02-14T16:19:52.256+0000] {processor.py:183} INFO - Processing /home/airflow/.local/lib/python3.8/site-packages/airflow/example_dags/example_dag_decorator.py took 0.211 seconds
[2024-02-14T16:20:22.336+0000] {processor.py:161} INFO - Started process (PID=2007) to work on /home/airflow/.local/lib/python3.8/site-packages/airflow/example_dags/example_dag_decorator.py
[2024-02-14T16:20:22.336+0000] {processor.py:830} INFO - Processing file /home/airflow/.local/lib/python3.8/site-packages/airflow/example_dags/example_dag_decorator.py for tasks to queue
[2024-02-14T16:20:22.338+0000] {logging_mixin.py:188} INFO - [2024-02-14T16:20:22.338+0000] {dagbag.py:538} INFO - Filling up the DagBag from /home/airflow/.local/lib/python3.8/site-packages/airflow/example_dags/example_dag_decorator.py
[2024-02-14T16:20:22.381+0000] {processor.py:840} INFO - DAG(s) 'example_dag_decorator' retrieved from /home/airflow/.local/lib/python3.8/site-packages/airflow/example_dags/example_dag_decorator.py
[2024-02-14T16:20:22.518+0000] {logging_mixin.py:188} INFO - [2024-02-14T16:20:22.518+0000] {dag.py:3033} INFO - Sync 1 DAGs
[2024-02-14T16:20:22.523+0000] {logging_mixin.py:188} INFO - [2024-02-14T16:20:22.523+0000] {dag.py:3820} INFO - Setting next_dagrun for example_dag_decorator to None, run_after=None
[2024-02-14T16:20:22.532+0000] {processor.py:183} INFO - Processing /home/airflow/.local/lib/python3.8/site-packages/airflow/example_dags/example_dag_decorator.py took 0.199 seconds
[2024-02-14T16:20:52.748+0000] {processor.py:161} INFO - Started process (PID=2066) to work on /home/airflow/.local/lib/python3.8/site-packages/airflow/example_dags/example_dag_decorator.py
[2024-02-14T16:20:52.749+0000] {processor.py:830} INFO - Processing file /home/airflow/.local/lib/python3.8/site-packages/airflow/example_dags/example_dag_decorator.py for tasks to queue
[2024-02-14T16:20:52.751+0000] {logging_mixin.py:188} INFO - [2024-02-14T16:20:52.751+0000] {dagbag.py:538} INFO - Filling up the DagBag from /home/airflow/.local/lib/python3.8/site-packages/airflow/example_dags/example_dag_decorator.py
[2024-02-14T16:20:52.801+0000] {processor.py:840} INFO - DAG(s) 'example_dag_decorator' retrieved from /home/airflow/.local/lib/python3.8/site-packages/airflow/example_dags/example_dag_decorator.py
[2024-02-14T16:20:52.961+0000] {logging_mixin.py:188} INFO - [2024-02-14T16:20:52.961+0000] {dag.py:3033} INFO - Sync 1 DAGs
[2024-02-14T16:20:52.967+0000] {logging_mixin.py:188} INFO - [2024-02-14T16:20:52.967+0000] {dag.py:3820} INFO - Setting next_dagrun for example_dag_decorator to None, run_after=None
[2024-02-14T16:20:52.979+0000] {processor.py:183} INFO - Processing /home/airflow/.local/lib/python3.8/site-packages/airflow/example_dags/example_dag_decorator.py took 0.233 seconds
[2024-02-14T16:21:23.319+0000] {processor.py:161} INFO - Started process (PID=2126) to work on /home/airflow/.local/lib/python3.8/site-packages/airflow/example_dags/example_dag_decorator.py
[2024-02-14T16:21:23.320+0000] {processor.py:830} INFO - Processing file /home/airflow/.local/lib/python3.8/site-packages/airflow/example_dags/example_dag_decorator.py for tasks to queue
[2024-02-14T16:21:23.321+0000] {logging_mixin.py:188} INFO - [2024-02-14T16:21:23.321+0000] {dagbag.py:538} INFO - Filling up the DagBag from /home/airflow/.local/lib/python3.8/site-packages/airflow/example_dags/example_dag_decorator.py
[2024-02-14T16:21:23.367+0000] {processor.py:840} INFO - DAG(s) 'example_dag_decorator' retrieved from /home/airflow/.local/lib/python3.8/site-packages/airflow/example_dags/example_dag_decorator.py
[2024-02-14T16:21:23.517+0000] {logging_mixin.py:188} INFO - [2024-02-14T16:21:23.516+0000] {dag.py:3033} INFO - Sync 1 DAGs
[2024-02-14T16:21:23.522+0000] {logging_mixin.py:188} INFO - [2024-02-14T16:21:23.522+0000] {dag.py:3820} INFO - Setting next_dagrun for example_dag_decorator to None, run_after=None
[2024-02-14T16:21:23.532+0000] {processor.py:183} INFO - Processing /home/airflow/.local/lib/python3.8/site-packages/airflow/example_dags/example_dag_decorator.py took 0.215 seconds
[2024-02-14T16:21:53.785+0000] {processor.py:161} INFO - Started process (PID=2182) to work on /home/airflow/.local/lib/python3.8/site-packages/airflow/example_dags/example_dag_decorator.py
[2024-02-14T16:21:53.786+0000] {processor.py:830} INFO - Processing file /home/airflow/.local/lib/python3.8/site-packages/airflow/example_dags/example_dag_decorator.py for tasks to queue
[2024-02-14T16:21:53.787+0000] {logging_mixin.py:188} INFO - [2024-02-14T16:21:53.787+0000] {dagbag.py:538} INFO - Filling up the DagBag from /home/airflow/.local/lib/python3.8/site-packages/airflow/example_dags/example_dag_decorator.py
[2024-02-14T16:21:53.832+0000] {processor.py:840} INFO - DAG(s) 'example_dag_decorator' retrieved from /home/airflow/.local/lib/python3.8/site-packages/airflow/example_dags/example_dag_decorator.py
[2024-02-14T16:21:53.948+0000] {logging_mixin.py:188} INFO - [2024-02-14T16:21:53.948+0000] {dag.py:3033} INFO - Sync 1 DAGs
[2024-02-14T16:21:53.953+0000] {logging_mixin.py:188} INFO - [2024-02-14T16:21:53.953+0000] {dag.py:3820} INFO - Setting next_dagrun for example_dag_decorator to None, run_after=None
[2024-02-14T16:21:53.963+0000] {processor.py:183} INFO - Processing /home/airflow/.local/lib/python3.8/site-packages/airflow/example_dags/example_dag_decorator.py took 0.180 seconds
[2024-02-14T16:22:24.364+0000] {processor.py:161} INFO - Started process (PID=2236) to work on /home/airflow/.local/lib/python3.8/site-packages/airflow/example_dags/example_dag_decorator.py
[2024-02-14T16:22:24.365+0000] {processor.py:830} INFO - Processing file /home/airflow/.local/lib/python3.8/site-packages/airflow/example_dags/example_dag_decorator.py for tasks to queue
[2024-02-14T16:22:24.367+0000] {logging_mixin.py:188} INFO - [2024-02-14T16:22:24.367+0000] {dagbag.py:538} INFO - Filling up the DagBag from /home/airflow/.local/lib/python3.8/site-packages/airflow/example_dags/example_dag_decorator.py
[2024-02-14T16:22:24.509+0000] {processor.py:840} INFO - DAG(s) 'example_dag_decorator' retrieved from /home/airflow/.local/lib/python3.8/site-packages/airflow/example_dags/example_dag_decorator.py
[2024-02-14T16:22:24.566+0000] {logging_mixin.py:188} INFO - [2024-02-14T16:22:24.565+0000] {dag.py:3033} INFO - Sync 1 DAGs
[2024-02-14T16:22:24.571+0000] {logging_mixin.py:188} INFO - [2024-02-14T16:22:24.571+0000] {dag.py:3820} INFO - Setting next_dagrun for example_dag_decorator to None, run_after=None
[2024-02-14T16:22:24.582+0000] {processor.py:183} INFO - Processing /home/airflow/.local/lib/python3.8/site-packages/airflow/example_dags/example_dag_decorator.py took 0.221 seconds
[2024-02-14T16:22:54.679+0000] {processor.py:161} INFO - Started process (PID=2293) to work on /home/airflow/.local/lib/python3.8/site-packages/airflow/example_dags/example_dag_decorator.py
[2024-02-14T16:22:54.680+0000] {processor.py:830} INFO - Processing file /home/airflow/.local/lib/python3.8/site-packages/airflow/example_dags/example_dag_decorator.py for tasks to queue
[2024-02-14T16:22:54.681+0000] {logging_mixin.py:188} INFO - [2024-02-14T16:22:54.681+0000] {dagbag.py:538} INFO - Filling up the DagBag from /home/airflow/.local/lib/python3.8/site-packages/airflow/example_dags/example_dag_decorator.py
[2024-02-14T16:22:54.809+0000] {processor.py:840} INFO - DAG(s) 'example_dag_decorator' retrieved from /home/airflow/.local/lib/python3.8/site-packages/airflow/example_dags/example_dag_decorator.py
[2024-02-14T16:22:54.854+0000] {logging_mixin.py:188} INFO - [2024-02-14T16:22:54.853+0000] {dag.py:3033} INFO - Sync 1 DAGs
[2024-02-14T16:22:54.858+0000] {logging_mixin.py:188} INFO - [2024-02-14T16:22:54.858+0000] {dag.py:3820} INFO - Setting next_dagrun for example_dag_decorator to None, run_after=None
[2024-02-14T16:22:54.868+0000] {processor.py:183} INFO - Processing /home/airflow/.local/lib/python3.8/site-packages/airflow/example_dags/example_dag_decorator.py took 0.191 seconds
[2024-02-14T16:23:25.135+0000] {processor.py:161} INFO - Started process (PID=2344) to work on /home/airflow/.local/lib/python3.8/site-packages/airflow/example_dags/example_dag_decorator.py
[2024-02-14T16:23:25.136+0000] {processor.py:830} INFO - Processing file /home/airflow/.local/lib/python3.8/site-packages/airflow/example_dags/example_dag_decorator.py for tasks to queue
[2024-02-14T16:23:25.137+0000] {logging_mixin.py:188} INFO - [2024-02-14T16:23:25.137+0000] {dagbag.py:538} INFO - Filling up the DagBag from /home/airflow/.local/lib/python3.8/site-packages/airflow/example_dags/example_dag_decorator.py
[2024-02-14T16:23:25.184+0000] {processor.py:840} INFO - DAG(s) 'example_dag_decorator' retrieved from /home/airflow/.local/lib/python3.8/site-packages/airflow/example_dags/example_dag_decorator.py
[2024-02-14T16:23:25.235+0000] {logging_mixin.py:188} INFO - [2024-02-14T16:23:25.235+0000] {dag.py:3033} INFO - Sync 1 DAGs
[2024-02-14T16:23:25.240+0000] {logging_mixin.py:188} INFO - [2024-02-14T16:23:25.240+0000] {dag.py:3820} INFO - Setting next_dagrun for example_dag_decorator to None, run_after=None
[2024-02-14T16:23:25.250+0000] {processor.py:183} INFO - Processing /home/airflow/.local/lib/python3.8/site-packages/airflow/example_dags/example_dag_decorator.py took 0.117 seconds
[2024-02-14T16:23:55.362+0000] {processor.py:161} INFO - Started process (PID=2401) to work on /home/airflow/.local/lib/python3.8/site-packages/airflow/example_dags/example_dag_decorator.py
[2024-02-14T16:23:55.363+0000] {processor.py:830} INFO - Processing file /home/airflow/.local/lib/python3.8/site-packages/airflow/example_dags/example_dag_decorator.py for tasks to queue
[2024-02-14T16:23:55.365+0000] {logging_mixin.py:188} INFO - [2024-02-14T16:23:55.365+0000] {dagbag.py:538} INFO - Filling up the DagBag from /home/airflow/.local/lib/python3.8/site-packages/airflow/example_dags/example_dag_decorator.py
[2024-02-14T16:23:55.414+0000] {processor.py:840} INFO - DAG(s) 'example_dag_decorator' retrieved from /home/airflow/.local/lib/python3.8/site-packages/airflow/example_dags/example_dag_decorator.py
[2024-02-14T16:23:55.471+0000] {logging_mixin.py:188} INFO - [2024-02-14T16:23:55.471+0000] {dag.py:3033} INFO - Sync 1 DAGs
[2024-02-14T16:23:55.476+0000] {logging_mixin.py:188} INFO - [2024-02-14T16:23:55.476+0000] {dag.py:3820} INFO - Setting next_dagrun for example_dag_decorator to None, run_after=None
[2024-02-14T16:23:55.488+0000] {processor.py:183} INFO - Processing /home/airflow/.local/lib/python3.8/site-packages/airflow/example_dags/example_dag_decorator.py took 0.129 seconds
[2024-02-14T16:24:25.596+0000] {processor.py:161} INFO - Started process (PID=2458) to work on /home/airflow/.local/lib/python3.8/site-packages/airflow/example_dags/example_dag_decorator.py
[2024-02-14T16:24:25.597+0000] {processor.py:830} INFO - Processing file /home/airflow/.local/lib/python3.8/site-packages/airflow/example_dags/example_dag_decorator.py for tasks to queue
[2024-02-14T16:24:25.599+0000] {logging_mixin.py:188} INFO - [2024-02-14T16:24:25.599+0000] {dagbag.py:538} INFO - Filling up the DagBag from /home/airflow/.local/lib/python3.8/site-packages/airflow/example_dags/example_dag_decorator.py
[2024-02-14T16:24:25.653+0000] {processor.py:840} INFO - DAG(s) 'example_dag_decorator' retrieved from /home/airflow/.local/lib/python3.8/site-packages/airflow/example_dags/example_dag_decorator.py
[2024-02-14T16:24:25.705+0000] {logging_mixin.py:188} INFO - [2024-02-14T16:24:25.705+0000] {dag.py:3033} INFO - Sync 1 DAGs
[2024-02-14T16:24:25.711+0000] {logging_mixin.py:188} INFO - [2024-02-14T16:24:25.711+0000] {dag.py:3820} INFO - Setting next_dagrun for example_dag_decorator to None, run_after=None
[2024-02-14T16:24:25.721+0000] {processor.py:183} INFO - Processing /home/airflow/.local/lib/python3.8/site-packages/airflow/example_dags/example_dag_decorator.py took 0.128 seconds
