[2024-02-14T16:03:07.458+0000] {processor.py:161} INFO - Started process (PID=59) to work on /home/airflow/.local/lib/python3.8/site-packages/airflow/example_dags/example_bash_operator.py
[2024-02-14T16:03:07.459+0000] {processor.py:830} INFO - Processing file /home/airflow/.local/lib/python3.8/site-packages/airflow/example_dags/example_bash_operator.py for tasks to queue
[2024-02-14T16:03:07.460+0000] {logging_mixin.py:188} INFO - [2024-02-14T16:03:07.460+0000] {dagbag.py:538} INFO - Filling up the DagBag from /home/airflow/.local/lib/python3.8/site-packages/airflow/example_dags/example_bash_operator.py
[2024-02-14T16:03:07.469+0000] {processor.py:840} INFO - DAG(s) 'example_bash_operator' retrieved from /home/airflow/.local/lib/python3.8/site-packages/airflow/example_dags/example_bash_operator.py
[2024-02-14T16:03:07.477+0000] {logging_mixin.py:188} INFO - [2024-02-14T16:03:07.477+0000] {dag.py:3033} INFO - Sync 1 DAGs
[2024-02-14T16:03:07.490+0000] {logging_mixin.py:188} INFO - [2024-02-14T16:03:07.489+0000] {dag.py:3820} INFO - Setting next_dagrun for example_bash_operator to 2024-02-13T00:00:00+00:00, run_after=2024-02-14T00:00:00+00:00
[2024-02-14T16:03:07.499+0000] {processor.py:183} INFO - Processing /home/airflow/.local/lib/python3.8/site-packages/airflow/example_dags/example_bash_operator.py took 0.043 seconds
[2024-02-14T16:03:37.734+0000] {processor.py:161} INFO - Started process (PID=116) to work on /home/airflow/.local/lib/python3.8/site-packages/airflow/example_dags/example_bash_operator.py
[2024-02-14T16:03:37.735+0000] {processor.py:830} INFO - Processing file /home/airflow/.local/lib/python3.8/site-packages/airflow/example_dags/example_bash_operator.py for tasks to queue
[2024-02-14T16:03:37.736+0000] {logging_mixin.py:188} INFO - [2024-02-14T16:03:37.736+0000] {dagbag.py:538} INFO - Filling up the DagBag from /home/airflow/.local/lib/python3.8/site-packages/airflow/example_dags/example_bash_operator.py
[2024-02-14T16:03:37.742+0000] {processor.py:840} INFO - DAG(s) 'example_bash_operator' retrieved from /home/airflow/.local/lib/python3.8/site-packages/airflow/example_dags/example_bash_operator.py
[2024-02-14T16:03:37.798+0000] {logging_mixin.py:188} INFO - [2024-02-14T16:03:37.798+0000] {dag.py:3033} INFO - Sync 1 DAGs
[2024-02-14T16:03:37.809+0000] {logging_mixin.py:188} INFO - [2024-02-14T16:03:37.809+0000] {dag.py:3820} INFO - Setting next_dagrun for example_bash_operator to 2024-02-13T00:00:00+00:00, run_after=2024-02-14T00:00:00+00:00
[2024-02-14T16:03:37.819+0000] {processor.py:183} INFO - Processing /home/airflow/.local/lib/python3.8/site-packages/airflow/example_dags/example_bash_operator.py took 0.087 seconds
[2024-02-14T16:04:08.480+0000] {processor.py:161} INFO - Started process (PID=173) to work on /home/airflow/.local/lib/python3.8/site-packages/airflow/example_dags/example_bash_operator.py
[2024-02-14T16:04:08.481+0000] {processor.py:830} INFO - Processing file /home/airflow/.local/lib/python3.8/site-packages/airflow/example_dags/example_bash_operator.py for tasks to queue
[2024-02-14T16:04:08.483+0000] {logging_mixin.py:188} INFO - [2024-02-14T16:04:08.483+0000] {dagbag.py:538} INFO - Filling up the DagBag from /home/airflow/.local/lib/python3.8/site-packages/airflow/example_dags/example_bash_operator.py
[2024-02-14T16:04:08.490+0000] {processor.py:840} INFO - DAG(s) 'example_bash_operator' retrieved from /home/airflow/.local/lib/python3.8/site-packages/airflow/example_dags/example_bash_operator.py
[2024-02-14T16:04:08.506+0000] {logging_mixin.py:188} INFO - [2024-02-14T16:04:08.506+0000] {dag.py:3033} INFO - Sync 1 DAGs
[2024-02-14T16:04:08.525+0000] {logging_mixin.py:188} INFO - [2024-02-14T16:04:08.525+0000] {dag.py:3820} INFO - Setting next_dagrun for example_bash_operator to 2024-02-13T00:00:00+00:00, run_after=2024-02-14T00:00:00+00:00
[2024-02-14T16:04:08.534+0000] {processor.py:183} INFO - Processing /home/airflow/.local/lib/python3.8/site-packages/airflow/example_dags/example_bash_operator.py took 0.056 seconds
[2024-02-14T16:04:38.708+0000] {processor.py:161} INFO - Started process (PID=230) to work on /home/airflow/.local/lib/python3.8/site-packages/airflow/example_dags/example_bash_operator.py
[2024-02-14T16:04:38.709+0000] {processor.py:830} INFO - Processing file /home/airflow/.local/lib/python3.8/site-packages/airflow/example_dags/example_bash_operator.py for tasks to queue
[2024-02-14T16:04:38.711+0000] {logging_mixin.py:188} INFO - [2024-02-14T16:04:38.710+0000] {dagbag.py:538} INFO - Filling up the DagBag from /home/airflow/.local/lib/python3.8/site-packages/airflow/example_dags/example_bash_operator.py
[2024-02-14T16:04:38.718+0000] {processor.py:840} INFO - DAG(s) 'example_bash_operator' retrieved from /home/airflow/.local/lib/python3.8/site-packages/airflow/example_dags/example_bash_operator.py
[2024-02-14T16:04:38.734+0000] {logging_mixin.py:188} INFO - [2024-02-14T16:04:38.734+0000] {dag.py:3033} INFO - Sync 1 DAGs
[2024-02-14T16:04:38.746+0000] {logging_mixin.py:188} INFO - [2024-02-14T16:04:38.746+0000] {dag.py:3820} INFO - Setting next_dagrun for example_bash_operator to 2024-02-13T00:00:00+00:00, run_after=2024-02-14T00:00:00+00:00
[2024-02-14T16:04:38.755+0000] {processor.py:183} INFO - Processing /home/airflow/.local/lib/python3.8/site-packages/airflow/example_dags/example_bash_operator.py took 0.050 seconds
[2024-02-14T16:05:09.006+0000] {processor.py:161} INFO - Started process (PID=287) to work on /home/airflow/.local/lib/python3.8/site-packages/airflow/example_dags/example_bash_operator.py
[2024-02-14T16:05:09.006+0000] {processor.py:830} INFO - Processing file /home/airflow/.local/lib/python3.8/site-packages/airflow/example_dags/example_bash_operator.py for tasks to queue
[2024-02-14T16:05:09.008+0000] {logging_mixin.py:188} INFO - [2024-02-14T16:05:09.007+0000] {dagbag.py:538} INFO - Filling up the DagBag from /home/airflow/.local/lib/python3.8/site-packages/airflow/example_dags/example_bash_operator.py
[2024-02-14T16:05:09.014+0000] {processor.py:840} INFO - DAG(s) 'example_bash_operator' retrieved from /home/airflow/.local/lib/python3.8/site-packages/airflow/example_dags/example_bash_operator.py
[2024-02-14T16:05:09.028+0000] {logging_mixin.py:188} INFO - [2024-02-14T16:05:09.028+0000] {dag.py:3033} INFO - Sync 1 DAGs
[2024-02-14T16:05:09.039+0000] {logging_mixin.py:188} INFO - [2024-02-14T16:05:09.039+0000] {dag.py:3820} INFO - Setting next_dagrun for example_bash_operator to 2024-02-13T00:00:00+00:00, run_after=2024-02-14T00:00:00+00:00
[2024-02-14T16:05:09.047+0000] {processor.py:183} INFO - Processing /home/airflow/.local/lib/python3.8/site-packages/airflow/example_dags/example_bash_operator.py took 0.043 seconds
[2024-02-14T16:05:39.201+0000] {processor.py:161} INFO - Started process (PID=344) to work on /home/airflow/.local/lib/python3.8/site-packages/airflow/example_dags/example_bash_operator.py
[2024-02-14T16:05:39.202+0000] {processor.py:830} INFO - Processing file /home/airflow/.local/lib/python3.8/site-packages/airflow/example_dags/example_bash_operator.py for tasks to queue
[2024-02-14T16:05:39.203+0000] {logging_mixin.py:188} INFO - [2024-02-14T16:05:39.203+0000] {dagbag.py:538} INFO - Filling up the DagBag from /home/airflow/.local/lib/python3.8/site-packages/airflow/example_dags/example_bash_operator.py
[2024-02-14T16:05:39.210+0000] {processor.py:840} INFO - DAG(s) 'example_bash_operator' retrieved from /home/airflow/.local/lib/python3.8/site-packages/airflow/example_dags/example_bash_operator.py
[2024-02-14T16:05:39.227+0000] {logging_mixin.py:188} INFO - [2024-02-14T16:05:39.226+0000] {dag.py:3033} INFO - Sync 1 DAGs
[2024-02-14T16:05:39.239+0000] {logging_mixin.py:188} INFO - [2024-02-14T16:05:39.239+0000] {dag.py:3820} INFO - Setting next_dagrun for example_bash_operator to 2024-02-13T00:00:00+00:00, run_after=2024-02-14T00:00:00+00:00
[2024-02-14T16:05:39.250+0000] {processor.py:183} INFO - Processing /home/airflow/.local/lib/python3.8/site-packages/airflow/example_dags/example_bash_operator.py took 0.051 seconds
[2024-02-14T16:06:09.287+0000] {processor.py:161} INFO - Started process (PID=401) to work on /home/airflow/.local/lib/python3.8/site-packages/airflow/example_dags/example_bash_operator.py
[2024-02-14T16:06:09.288+0000] {processor.py:830} INFO - Processing file /home/airflow/.local/lib/python3.8/site-packages/airflow/example_dags/example_bash_operator.py for tasks to queue
[2024-02-14T16:06:09.290+0000] {logging_mixin.py:188} INFO - [2024-02-14T16:06:09.290+0000] {dagbag.py:538} INFO - Filling up the DagBag from /home/airflow/.local/lib/python3.8/site-packages/airflow/example_dags/example_bash_operator.py
[2024-02-14T16:06:09.297+0000] {processor.py:840} INFO - DAG(s) 'example_bash_operator' retrieved from /home/airflow/.local/lib/python3.8/site-packages/airflow/example_dags/example_bash_operator.py
[2024-02-14T16:06:09.312+0000] {logging_mixin.py:188} INFO - [2024-02-14T16:06:09.312+0000] {dag.py:3033} INFO - Sync 1 DAGs
[2024-02-14T16:06:09.324+0000] {logging_mixin.py:188} INFO - [2024-02-14T16:06:09.324+0000] {dag.py:3820} INFO - Setting next_dagrun for example_bash_operator to 2024-02-13T00:00:00+00:00, run_after=2024-02-14T00:00:00+00:00
[2024-02-14T16:06:09.333+0000] {processor.py:183} INFO - Processing /home/airflow/.local/lib/python3.8/site-packages/airflow/example_dags/example_bash_operator.py took 0.048 seconds
[2024-02-14T16:06:39.391+0000] {processor.py:161} INFO - Started process (PID=457) to work on /home/airflow/.local/lib/python3.8/site-packages/airflow/example_dags/example_bash_operator.py
[2024-02-14T16:06:39.392+0000] {processor.py:830} INFO - Processing file /home/airflow/.local/lib/python3.8/site-packages/airflow/example_dags/example_bash_operator.py for tasks to queue
[2024-02-14T16:06:39.393+0000] {logging_mixin.py:188} INFO - [2024-02-14T16:06:39.393+0000] {dagbag.py:538} INFO - Filling up the DagBag from /home/airflow/.local/lib/python3.8/site-packages/airflow/example_dags/example_bash_operator.py
[2024-02-14T16:06:39.400+0000] {processor.py:840} INFO - DAG(s) 'example_bash_operator' retrieved from /home/airflow/.local/lib/python3.8/site-packages/airflow/example_dags/example_bash_operator.py
[2024-02-14T16:06:39.415+0000] {logging_mixin.py:188} INFO - [2024-02-14T16:06:39.415+0000] {dag.py:3033} INFO - Sync 1 DAGs
[2024-02-14T16:06:39.427+0000] {logging_mixin.py:188} INFO - [2024-02-14T16:06:39.427+0000] {dag.py:3820} INFO - Setting next_dagrun for example_bash_operator to 2024-02-13T00:00:00+00:00, run_after=2024-02-14T00:00:00+00:00
[2024-02-14T16:06:39.435+0000] {processor.py:183} INFO - Processing /home/airflow/.local/lib/python3.8/site-packages/airflow/example_dags/example_bash_operator.py took 0.046 seconds
[2024-02-14T16:07:09.528+0000] {processor.py:161} INFO - Started process (PID=514) to work on /home/airflow/.local/lib/python3.8/site-packages/airflow/example_dags/example_bash_operator.py
[2024-02-14T16:07:09.529+0000] {processor.py:830} INFO - Processing file /home/airflow/.local/lib/python3.8/site-packages/airflow/example_dags/example_bash_operator.py for tasks to queue
[2024-02-14T16:07:09.530+0000] {logging_mixin.py:188} INFO - [2024-02-14T16:07:09.530+0000] {dagbag.py:538} INFO - Filling up the DagBag from /home/airflow/.local/lib/python3.8/site-packages/airflow/example_dags/example_bash_operator.py
[2024-02-14T16:07:09.536+0000] {processor.py:840} INFO - DAG(s) 'example_bash_operator' retrieved from /home/airflow/.local/lib/python3.8/site-packages/airflow/example_dags/example_bash_operator.py
[2024-02-14T16:07:09.550+0000] {logging_mixin.py:188} INFO - [2024-02-14T16:07:09.550+0000] {dag.py:3033} INFO - Sync 1 DAGs
[2024-02-14T16:07:09.562+0000] {logging_mixin.py:188} INFO - [2024-02-14T16:07:09.562+0000] {dag.py:3820} INFO - Setting next_dagrun for example_bash_operator to 2024-02-13T00:00:00+00:00, run_after=2024-02-14T00:00:00+00:00
[2024-02-14T16:07:09.572+0000] {processor.py:183} INFO - Processing /home/airflow/.local/lib/python3.8/site-packages/airflow/example_dags/example_bash_operator.py took 0.046 seconds
[2024-02-14T16:07:39.757+0000] {processor.py:161} INFO - Started process (PID=571) to work on /home/airflow/.local/lib/python3.8/site-packages/airflow/example_dags/example_bash_operator.py
[2024-02-14T16:07:39.758+0000] {processor.py:830} INFO - Processing file /home/airflow/.local/lib/python3.8/site-packages/airflow/example_dags/example_bash_operator.py for tasks to queue
[2024-02-14T16:07:39.759+0000] {logging_mixin.py:188} INFO - [2024-02-14T16:07:39.759+0000] {dagbag.py:538} INFO - Filling up the DagBag from /home/airflow/.local/lib/python3.8/site-packages/airflow/example_dags/example_bash_operator.py
[2024-02-14T16:07:39.766+0000] {processor.py:840} INFO - DAG(s) 'example_bash_operator' retrieved from /home/airflow/.local/lib/python3.8/site-packages/airflow/example_dags/example_bash_operator.py
[2024-02-14T16:07:39.782+0000] {logging_mixin.py:188} INFO - [2024-02-14T16:07:39.781+0000] {dag.py:3033} INFO - Sync 1 DAGs
[2024-02-14T16:07:39.794+0000] {logging_mixin.py:188} INFO - [2024-02-14T16:07:39.794+0000] {dag.py:3820} INFO - Setting next_dagrun for example_bash_operator to 2024-02-13T00:00:00+00:00, run_after=2024-02-14T00:00:00+00:00
[2024-02-14T16:07:39.804+0000] {processor.py:183} INFO - Processing /home/airflow/.local/lib/python3.8/site-packages/airflow/example_dags/example_bash_operator.py took 0.049 seconds
[2024-02-14T16:08:10.068+0000] {processor.py:161} INFO - Started process (PID=628) to work on /home/airflow/.local/lib/python3.8/site-packages/airflow/example_dags/example_bash_operator.py
[2024-02-14T16:08:10.069+0000] {processor.py:830} INFO - Processing file /home/airflow/.local/lib/python3.8/site-packages/airflow/example_dags/example_bash_operator.py for tasks to queue
[2024-02-14T16:08:10.070+0000] {logging_mixin.py:188} INFO - [2024-02-14T16:08:10.070+0000] {dagbag.py:538} INFO - Filling up the DagBag from /home/airflow/.local/lib/python3.8/site-packages/airflow/example_dags/example_bash_operator.py
[2024-02-14T16:08:10.077+0000] {processor.py:840} INFO - DAG(s) 'example_bash_operator' retrieved from /home/airflow/.local/lib/python3.8/site-packages/airflow/example_dags/example_bash_operator.py
[2024-02-14T16:08:10.092+0000] {logging_mixin.py:188} INFO - [2024-02-14T16:08:10.092+0000] {dag.py:3033} INFO - Sync 1 DAGs
[2024-02-14T16:08:10.106+0000] {logging_mixin.py:188} INFO - [2024-02-14T16:08:10.105+0000] {dag.py:3820} INFO - Setting next_dagrun for example_bash_operator to 2024-02-13T00:00:00+00:00, run_after=2024-02-14T00:00:00+00:00
[2024-02-14T16:08:10.115+0000] {processor.py:183} INFO - Processing /home/airflow/.local/lib/python3.8/site-packages/airflow/example_dags/example_bash_operator.py took 0.049 seconds
[2024-02-14T16:08:40.254+0000] {processor.py:161} INFO - Started process (PID=685) to work on /home/airflow/.local/lib/python3.8/site-packages/airflow/example_dags/example_bash_operator.py
[2024-02-14T16:08:40.255+0000] {processor.py:830} INFO - Processing file /home/airflow/.local/lib/python3.8/site-packages/airflow/example_dags/example_bash_operator.py for tasks to queue
[2024-02-14T16:08:40.256+0000] {logging_mixin.py:188} INFO - [2024-02-14T16:08:40.256+0000] {dagbag.py:538} INFO - Filling up the DagBag from /home/airflow/.local/lib/python3.8/site-packages/airflow/example_dags/example_bash_operator.py
[2024-02-14T16:08:40.263+0000] {processor.py:840} INFO - DAG(s) 'example_bash_operator' retrieved from /home/airflow/.local/lib/python3.8/site-packages/airflow/example_dags/example_bash_operator.py
[2024-02-14T16:08:40.276+0000] {logging_mixin.py:188} INFO - [2024-02-14T16:08:40.276+0000] {dag.py:3033} INFO - Sync 1 DAGs
[2024-02-14T16:08:40.287+0000] {logging_mixin.py:188} INFO - [2024-02-14T16:08:40.287+0000] {dag.py:3820} INFO - Setting next_dagrun for example_bash_operator to 2024-02-13T00:00:00+00:00, run_after=2024-02-14T00:00:00+00:00
[2024-02-14T16:08:40.297+0000] {processor.py:183} INFO - Processing /home/airflow/.local/lib/python3.8/site-packages/airflow/example_dags/example_bash_operator.py took 0.045 seconds
[2024-02-14T16:09:10.389+0000] {processor.py:161} INFO - Started process (PID=742) to work on /home/airflow/.local/lib/python3.8/site-packages/airflow/example_dags/example_bash_operator.py
[2024-02-14T16:09:10.390+0000] {processor.py:830} INFO - Processing file /home/airflow/.local/lib/python3.8/site-packages/airflow/example_dags/example_bash_operator.py for tasks to queue
[2024-02-14T16:09:10.392+0000] {logging_mixin.py:188} INFO - [2024-02-14T16:09:10.392+0000] {dagbag.py:538} INFO - Filling up the DagBag from /home/airflow/.local/lib/python3.8/site-packages/airflow/example_dags/example_bash_operator.py
[2024-02-14T16:09:10.399+0000] {processor.py:840} INFO - DAG(s) 'example_bash_operator' retrieved from /home/airflow/.local/lib/python3.8/site-packages/airflow/example_dags/example_bash_operator.py
[2024-02-14T16:09:10.415+0000] {logging_mixin.py:188} INFO - [2024-02-14T16:09:10.415+0000] {dag.py:3033} INFO - Sync 1 DAGs
[2024-02-14T16:09:10.428+0000] {logging_mixin.py:188} INFO - [2024-02-14T16:09:10.427+0000] {dag.py:3820} INFO - Setting next_dagrun for example_bash_operator to 2024-02-13T00:00:00+00:00, run_after=2024-02-14T00:00:00+00:00
[2024-02-14T16:09:10.436+0000] {processor.py:183} INFO - Processing /home/airflow/.local/lib/python3.8/site-packages/airflow/example_dags/example_bash_operator.py took 0.050 seconds
[2024-02-14T16:09:40.463+0000] {processor.py:161} INFO - Started process (PID=799) to work on /home/airflow/.local/lib/python3.8/site-packages/airflow/example_dags/example_bash_operator.py
[2024-02-14T16:09:40.463+0000] {processor.py:830} INFO - Processing file /home/airflow/.local/lib/python3.8/site-packages/airflow/example_dags/example_bash_operator.py for tasks to queue
[2024-02-14T16:09:40.465+0000] {logging_mixin.py:188} INFO - [2024-02-14T16:09:40.465+0000] {dagbag.py:538} INFO - Filling up the DagBag from /home/airflow/.local/lib/python3.8/site-packages/airflow/example_dags/example_bash_operator.py
[2024-02-14T16:09:40.471+0000] {processor.py:840} INFO - DAG(s) 'example_bash_operator' retrieved from /home/airflow/.local/lib/python3.8/site-packages/airflow/example_dags/example_bash_operator.py
[2024-02-14T16:09:40.488+0000] {logging_mixin.py:188} INFO - [2024-02-14T16:09:40.488+0000] {dag.py:3033} INFO - Sync 1 DAGs
[2024-02-14T16:09:40.500+0000] {logging_mixin.py:188} INFO - [2024-02-14T16:09:40.500+0000] {dag.py:3820} INFO - Setting next_dagrun for example_bash_operator to 2024-02-13T00:00:00+00:00, run_after=2024-02-14T00:00:00+00:00
[2024-02-14T16:09:40.509+0000] {processor.py:183} INFO - Processing /home/airflow/.local/lib/python3.8/site-packages/airflow/example_dags/example_bash_operator.py took 0.049 seconds
[2024-02-14T16:10:10.733+0000] {processor.py:161} INFO - Started process (PID=856) to work on /home/airflow/.local/lib/python3.8/site-packages/airflow/example_dags/example_bash_operator.py
[2024-02-14T16:10:10.734+0000] {processor.py:830} INFO - Processing file /home/airflow/.local/lib/python3.8/site-packages/airflow/example_dags/example_bash_operator.py for tasks to queue
[2024-02-14T16:10:10.736+0000] {logging_mixin.py:188} INFO - [2024-02-14T16:10:10.735+0000] {dagbag.py:538} INFO - Filling up the DagBag from /home/airflow/.local/lib/python3.8/site-packages/airflow/example_dags/example_bash_operator.py
[2024-02-14T16:10:10.743+0000] {processor.py:840} INFO - DAG(s) 'example_bash_operator' retrieved from /home/airflow/.local/lib/python3.8/site-packages/airflow/example_dags/example_bash_operator.py
[2024-02-14T16:10:10.758+0000] {logging_mixin.py:188} INFO - [2024-02-14T16:10:10.758+0000] {dag.py:3033} INFO - Sync 1 DAGs
[2024-02-14T16:10:10.770+0000] {logging_mixin.py:188} INFO - [2024-02-14T16:10:10.770+0000] {dag.py:3820} INFO - Setting next_dagrun for example_bash_operator to 2024-02-13T00:00:00+00:00, run_after=2024-02-14T00:00:00+00:00
[2024-02-14T16:10:10.780+0000] {processor.py:183} INFO - Processing /home/airflow/.local/lib/python3.8/site-packages/airflow/example_dags/example_bash_operator.py took 0.049 seconds
[2024-02-14T16:10:41.002+0000] {processor.py:161} INFO - Started process (PID=913) to work on /home/airflow/.local/lib/python3.8/site-packages/airflow/example_dags/example_bash_operator.py
[2024-02-14T16:10:41.003+0000] {processor.py:830} INFO - Processing file /home/airflow/.local/lib/python3.8/site-packages/airflow/example_dags/example_bash_operator.py for tasks to queue
[2024-02-14T16:10:41.005+0000] {logging_mixin.py:188} INFO - [2024-02-14T16:10:41.005+0000] {dagbag.py:538} INFO - Filling up the DagBag from /home/airflow/.local/lib/python3.8/site-packages/airflow/example_dags/example_bash_operator.py
[2024-02-14T16:10:41.011+0000] {processor.py:840} INFO - DAG(s) 'example_bash_operator' retrieved from /home/airflow/.local/lib/python3.8/site-packages/airflow/example_dags/example_bash_operator.py
[2024-02-14T16:10:41.026+0000] {logging_mixin.py:188} INFO - [2024-02-14T16:10:41.025+0000] {dag.py:3033} INFO - Sync 1 DAGs
[2024-02-14T16:10:41.037+0000] {logging_mixin.py:188} INFO - [2024-02-14T16:10:41.037+0000] {dag.py:3820} INFO - Setting next_dagrun for example_bash_operator to 2024-02-13T00:00:00+00:00, run_after=2024-02-14T00:00:00+00:00
[2024-02-14T16:10:41.047+0000] {processor.py:183} INFO - Processing /home/airflow/.local/lib/python3.8/site-packages/airflow/example_dags/example_bash_operator.py took 0.046 seconds
[2024-02-14T16:11:11.157+0000] {processor.py:161} INFO - Started process (PID=970) to work on /home/airflow/.local/lib/python3.8/site-packages/airflow/example_dags/example_bash_operator.py
[2024-02-14T16:11:11.157+0000] {processor.py:830} INFO - Processing file /home/airflow/.local/lib/python3.8/site-packages/airflow/example_dags/example_bash_operator.py for tasks to queue
[2024-02-14T16:11:11.159+0000] {logging_mixin.py:188} INFO - [2024-02-14T16:11:11.159+0000] {dagbag.py:538} INFO - Filling up the DagBag from /home/airflow/.local/lib/python3.8/site-packages/airflow/example_dags/example_bash_operator.py
[2024-02-14T16:11:11.165+0000] {processor.py:840} INFO - DAG(s) 'example_bash_operator' retrieved from /home/airflow/.local/lib/python3.8/site-packages/airflow/example_dags/example_bash_operator.py
[2024-02-14T16:11:11.180+0000] {logging_mixin.py:188} INFO - [2024-02-14T16:11:11.180+0000] {dag.py:3033} INFO - Sync 1 DAGs
[2024-02-14T16:11:11.191+0000] {logging_mixin.py:188} INFO - [2024-02-14T16:11:11.191+0000] {dag.py:3820} INFO - Setting next_dagrun for example_bash_operator to 2024-02-13T00:00:00+00:00, run_after=2024-02-14T00:00:00+00:00
[2024-02-14T16:11:11.200+0000] {processor.py:183} INFO - Processing /home/airflow/.local/lib/python3.8/site-packages/airflow/example_dags/example_bash_operator.py took 0.045 seconds
[2024-02-14T16:11:41.334+0000] {processor.py:161} INFO - Started process (PID=1027) to work on /home/airflow/.local/lib/python3.8/site-packages/airflow/example_dags/example_bash_operator.py
[2024-02-14T16:11:41.334+0000] {processor.py:830} INFO - Processing file /home/airflow/.local/lib/python3.8/site-packages/airflow/example_dags/example_bash_operator.py for tasks to queue
[2024-02-14T16:11:41.336+0000] {logging_mixin.py:188} INFO - [2024-02-14T16:11:41.335+0000] {dagbag.py:538} INFO - Filling up the DagBag from /home/airflow/.local/lib/python3.8/site-packages/airflow/example_dags/example_bash_operator.py
[2024-02-14T16:11:41.343+0000] {processor.py:840} INFO - DAG(s) 'example_bash_operator' retrieved from /home/airflow/.local/lib/python3.8/site-packages/airflow/example_dags/example_bash_operator.py
[2024-02-14T16:11:41.358+0000] {logging_mixin.py:188} INFO - [2024-02-14T16:11:41.358+0000] {dag.py:3033} INFO - Sync 1 DAGs
[2024-02-14T16:11:41.370+0000] {logging_mixin.py:188} INFO - [2024-02-14T16:11:41.370+0000] {dag.py:3820} INFO - Setting next_dagrun for example_bash_operator to 2024-02-13T00:00:00+00:00, run_after=2024-02-14T00:00:00+00:00
[2024-02-14T16:11:41.379+0000] {processor.py:183} INFO - Processing /home/airflow/.local/lib/python3.8/site-packages/airflow/example_dags/example_bash_operator.py took 0.048 seconds
[2024-02-14T16:12:11.477+0000] {processor.py:161} INFO - Started process (PID=1083) to work on /home/airflow/.local/lib/python3.8/site-packages/airflow/example_dags/example_bash_operator.py
[2024-02-14T16:12:11.477+0000] {processor.py:830} INFO - Processing file /home/airflow/.local/lib/python3.8/site-packages/airflow/example_dags/example_bash_operator.py for tasks to queue
[2024-02-14T16:12:11.479+0000] {logging_mixin.py:188} INFO - [2024-02-14T16:12:11.479+0000] {dagbag.py:538} INFO - Filling up the DagBag from /home/airflow/.local/lib/python3.8/site-packages/airflow/example_dags/example_bash_operator.py
[2024-02-14T16:12:11.486+0000] {processor.py:840} INFO - DAG(s) 'example_bash_operator' retrieved from /home/airflow/.local/lib/python3.8/site-packages/airflow/example_dags/example_bash_operator.py
[2024-02-14T16:12:11.507+0000] {logging_mixin.py:188} INFO - [2024-02-14T16:12:11.507+0000] {dag.py:3033} INFO - Sync 1 DAGs
[2024-02-14T16:12:11.520+0000] {logging_mixin.py:188} INFO - [2024-02-14T16:12:11.520+0000] {dag.py:3820} INFO - Setting next_dagrun for example_bash_operator to 2024-02-13T00:00:00+00:00, run_after=2024-02-14T00:00:00+00:00
[2024-02-14T16:12:11.531+0000] {processor.py:183} INFO - Processing /home/airflow/.local/lib/python3.8/site-packages/airflow/example_dags/example_bash_operator.py took 0.056 seconds
[2024-02-14T16:12:41.728+0000] {processor.py:161} INFO - Started process (PID=1140) to work on /home/airflow/.local/lib/python3.8/site-packages/airflow/example_dags/example_bash_operator.py
[2024-02-14T16:12:41.729+0000] {processor.py:830} INFO - Processing file /home/airflow/.local/lib/python3.8/site-packages/airflow/example_dags/example_bash_operator.py for tasks to queue
[2024-02-14T16:12:41.730+0000] {logging_mixin.py:188} INFO - [2024-02-14T16:12:41.730+0000] {dagbag.py:538} INFO - Filling up the DagBag from /home/airflow/.local/lib/python3.8/site-packages/airflow/example_dags/example_bash_operator.py
[2024-02-14T16:12:41.737+0000] {processor.py:840} INFO - DAG(s) 'example_bash_operator' retrieved from /home/airflow/.local/lib/python3.8/site-packages/airflow/example_dags/example_bash_operator.py
[2024-02-14T16:12:41.752+0000] {logging_mixin.py:188} INFO - [2024-02-14T16:12:41.752+0000] {dag.py:3033} INFO - Sync 1 DAGs
[2024-02-14T16:12:41.764+0000] {logging_mixin.py:188} INFO - [2024-02-14T16:12:41.764+0000] {dag.py:3820} INFO - Setting next_dagrun for example_bash_operator to 2024-02-13T00:00:00+00:00, run_after=2024-02-14T00:00:00+00:00
[2024-02-14T16:12:41.773+0000] {processor.py:183} INFO - Processing /home/airflow/.local/lib/python3.8/site-packages/airflow/example_dags/example_bash_operator.py took 0.047 seconds
[2024-02-14T16:13:11.892+0000] {processor.py:161} INFO - Started process (PID=1197) to work on /home/airflow/.local/lib/python3.8/site-packages/airflow/example_dags/example_bash_operator.py
[2024-02-14T16:13:11.893+0000] {processor.py:830} INFO - Processing file /home/airflow/.local/lib/python3.8/site-packages/airflow/example_dags/example_bash_operator.py for tasks to queue
[2024-02-14T16:13:11.895+0000] {logging_mixin.py:188} INFO - [2024-02-14T16:13:11.894+0000] {dagbag.py:538} INFO - Filling up the DagBag from /home/airflow/.local/lib/python3.8/site-packages/airflow/example_dags/example_bash_operator.py
[2024-02-14T16:13:11.901+0000] {processor.py:840} INFO - DAG(s) 'example_bash_operator' retrieved from /home/airflow/.local/lib/python3.8/site-packages/airflow/example_dags/example_bash_operator.py
[2024-02-14T16:13:11.915+0000] {logging_mixin.py:188} INFO - [2024-02-14T16:13:11.915+0000] {dag.py:3033} INFO - Sync 1 DAGs
[2024-02-14T16:13:11.926+0000] {logging_mixin.py:188} INFO - [2024-02-14T16:13:11.926+0000] {dag.py:3820} INFO - Setting next_dagrun for example_bash_operator to 2024-02-13T00:00:00+00:00, run_after=2024-02-14T00:00:00+00:00
[2024-02-14T16:13:11.935+0000] {processor.py:183} INFO - Processing /home/airflow/.local/lib/python3.8/site-packages/airflow/example_dags/example_bash_operator.py took 0.045 seconds
[2024-02-14T16:13:42.092+0000] {processor.py:161} INFO - Started process (PID=1254) to work on /home/airflow/.local/lib/python3.8/site-packages/airflow/example_dags/example_bash_operator.py
[2024-02-14T16:13:42.093+0000] {processor.py:830} INFO - Processing file /home/airflow/.local/lib/python3.8/site-packages/airflow/example_dags/example_bash_operator.py for tasks to queue
[2024-02-14T16:13:42.094+0000] {logging_mixin.py:188} INFO - [2024-02-14T16:13:42.094+0000] {dagbag.py:538} INFO - Filling up the DagBag from /home/airflow/.local/lib/python3.8/site-packages/airflow/example_dags/example_bash_operator.py
[2024-02-14T16:13:42.101+0000] {processor.py:840} INFO - DAG(s) 'example_bash_operator' retrieved from /home/airflow/.local/lib/python3.8/site-packages/airflow/example_dags/example_bash_operator.py
[2024-02-14T16:13:42.116+0000] {logging_mixin.py:188} INFO - [2024-02-14T16:13:42.116+0000] {dag.py:3033} INFO - Sync 1 DAGs
[2024-02-14T16:13:42.128+0000] {logging_mixin.py:188} INFO - [2024-02-14T16:13:42.128+0000] {dag.py:3820} INFO - Setting next_dagrun for example_bash_operator to 2024-02-13T00:00:00+00:00, run_after=2024-02-14T00:00:00+00:00
[2024-02-14T16:13:42.140+0000] {processor.py:183} INFO - Processing /home/airflow/.local/lib/python3.8/site-packages/airflow/example_dags/example_bash_operator.py took 0.050 seconds
[2024-02-14T16:14:12.280+0000] {processor.py:161} INFO - Started process (PID=1311) to work on /home/airflow/.local/lib/python3.8/site-packages/airflow/example_dags/example_bash_operator.py
[2024-02-14T16:14:12.281+0000] {processor.py:830} INFO - Processing file /home/airflow/.local/lib/python3.8/site-packages/airflow/example_dags/example_bash_operator.py for tasks to queue
[2024-02-14T16:14:12.282+0000] {logging_mixin.py:188} INFO - [2024-02-14T16:14:12.282+0000] {dagbag.py:538} INFO - Filling up the DagBag from /home/airflow/.local/lib/python3.8/site-packages/airflow/example_dags/example_bash_operator.py
[2024-02-14T16:14:12.289+0000] {processor.py:840} INFO - DAG(s) 'example_bash_operator' retrieved from /home/airflow/.local/lib/python3.8/site-packages/airflow/example_dags/example_bash_operator.py
[2024-02-14T16:14:12.304+0000] {logging_mixin.py:188} INFO - [2024-02-14T16:14:12.304+0000] {dag.py:3033} INFO - Sync 1 DAGs
[2024-02-14T16:14:12.316+0000] {logging_mixin.py:188} INFO - [2024-02-14T16:14:12.316+0000] {dag.py:3820} INFO - Setting next_dagrun for example_bash_operator to 2024-02-13T00:00:00+00:00, run_after=2024-02-14T00:00:00+00:00
[2024-02-14T16:14:12.325+0000] {processor.py:183} INFO - Processing /home/airflow/.local/lib/python3.8/site-packages/airflow/example_dags/example_bash_operator.py took 0.047 seconds
[2024-02-14T16:14:42.525+0000] {processor.py:161} INFO - Started process (PID=1368) to work on /home/airflow/.local/lib/python3.8/site-packages/airflow/example_dags/example_bash_operator.py
[2024-02-14T16:14:42.526+0000] {processor.py:830} INFO - Processing file /home/airflow/.local/lib/python3.8/site-packages/airflow/example_dags/example_bash_operator.py for tasks to queue
[2024-02-14T16:14:42.527+0000] {logging_mixin.py:188} INFO - [2024-02-14T16:14:42.527+0000] {dagbag.py:538} INFO - Filling up the DagBag from /home/airflow/.local/lib/python3.8/site-packages/airflow/example_dags/example_bash_operator.py
[2024-02-14T16:14:42.534+0000] {processor.py:840} INFO - DAG(s) 'example_bash_operator' retrieved from /home/airflow/.local/lib/python3.8/site-packages/airflow/example_dags/example_bash_operator.py
[2024-02-14T16:14:42.552+0000] {logging_mixin.py:188} INFO - [2024-02-14T16:14:42.552+0000] {dag.py:3033} INFO - Sync 1 DAGs
[2024-02-14T16:14:42.565+0000] {logging_mixin.py:188} INFO - [2024-02-14T16:14:42.565+0000] {dag.py:3820} INFO - Setting next_dagrun for example_bash_operator to 2024-02-13T00:00:00+00:00, run_after=2024-02-14T00:00:00+00:00
[2024-02-14T16:14:42.576+0000] {processor.py:183} INFO - Processing /home/airflow/.local/lib/python3.8/site-packages/airflow/example_dags/example_bash_operator.py took 0.053 seconds
[2024-02-14T16:15:12.678+0000] {processor.py:161} INFO - Started process (PID=1424) to work on /home/airflow/.local/lib/python3.8/site-packages/airflow/example_dags/example_bash_operator.py
[2024-02-14T16:15:12.678+0000] {processor.py:830} INFO - Processing file /home/airflow/.local/lib/python3.8/site-packages/airflow/example_dags/example_bash_operator.py for tasks to queue
[2024-02-14T16:15:12.680+0000] {logging_mixin.py:188} INFO - [2024-02-14T16:15:12.680+0000] {dagbag.py:538} INFO - Filling up the DagBag from /home/airflow/.local/lib/python3.8/site-packages/airflow/example_dags/example_bash_operator.py
[2024-02-14T16:15:12.686+0000] {processor.py:840} INFO - DAG(s) 'example_bash_operator' retrieved from /home/airflow/.local/lib/python3.8/site-packages/airflow/example_dags/example_bash_operator.py
[2024-02-14T16:15:12.702+0000] {logging_mixin.py:188} INFO - [2024-02-14T16:15:12.702+0000] {dag.py:3033} INFO - Sync 1 DAGs
[2024-02-14T16:15:12.713+0000] {logging_mixin.py:188} INFO - [2024-02-14T16:15:12.713+0000] {dag.py:3820} INFO - Setting next_dagrun for example_bash_operator to 2024-02-13T00:00:00+00:00, run_after=2024-02-14T00:00:00+00:00
[2024-02-14T16:15:12.724+0000] {processor.py:183} INFO - Processing /home/airflow/.local/lib/python3.8/site-packages/airflow/example_dags/example_bash_operator.py took 0.048 seconds
[2024-02-14T16:15:42.865+0000] {processor.py:161} INFO - Started process (PID=1480) to work on /home/airflow/.local/lib/python3.8/site-packages/airflow/example_dags/example_bash_operator.py
[2024-02-14T16:15:42.865+0000] {processor.py:830} INFO - Processing file /home/airflow/.local/lib/python3.8/site-packages/airflow/example_dags/example_bash_operator.py for tasks to queue
[2024-02-14T16:15:42.867+0000] {logging_mixin.py:188} INFO - [2024-02-14T16:15:42.867+0000] {dagbag.py:538} INFO - Filling up the DagBag from /home/airflow/.local/lib/python3.8/site-packages/airflow/example_dags/example_bash_operator.py
[2024-02-14T16:15:42.873+0000] {processor.py:840} INFO - DAG(s) 'example_bash_operator' retrieved from /home/airflow/.local/lib/python3.8/site-packages/airflow/example_dags/example_bash_operator.py
[2024-02-14T16:15:42.891+0000] {logging_mixin.py:188} INFO - [2024-02-14T16:15:42.891+0000] {dag.py:3033} INFO - Sync 1 DAGs
[2024-02-14T16:15:42.903+0000] {logging_mixin.py:188} INFO - [2024-02-14T16:15:42.903+0000] {dag.py:3820} INFO - Setting next_dagrun for example_bash_operator to 2024-02-13T00:00:00+00:00, run_after=2024-02-14T00:00:00+00:00
[2024-02-14T16:15:42.913+0000] {processor.py:183} INFO - Processing /home/airflow/.local/lib/python3.8/site-packages/airflow/example_dags/example_bash_operator.py took 0.051 seconds
[2024-02-14T16:16:12.968+0000] {processor.py:161} INFO - Started process (PID=1536) to work on /home/airflow/.local/lib/python3.8/site-packages/airflow/example_dags/example_bash_operator.py
[2024-02-14T16:16:12.969+0000] {processor.py:830} INFO - Processing file /home/airflow/.local/lib/python3.8/site-packages/airflow/example_dags/example_bash_operator.py for tasks to queue
[2024-02-14T16:16:12.970+0000] {logging_mixin.py:188} INFO - [2024-02-14T16:16:12.970+0000] {dagbag.py:538} INFO - Filling up the DagBag from /home/airflow/.local/lib/python3.8/site-packages/airflow/example_dags/example_bash_operator.py
[2024-02-14T16:16:12.976+0000] {processor.py:840} INFO - DAG(s) 'example_bash_operator' retrieved from /home/airflow/.local/lib/python3.8/site-packages/airflow/example_dags/example_bash_operator.py
[2024-02-14T16:16:12.991+0000] {logging_mixin.py:188} INFO - [2024-02-14T16:16:12.990+0000] {dag.py:3033} INFO - Sync 1 DAGs
[2024-02-14T16:16:13.001+0000] {logging_mixin.py:188} INFO - [2024-02-14T16:16:13.001+0000] {dag.py:3820} INFO - Setting next_dagrun for example_bash_operator to 2024-02-13T00:00:00+00:00, run_after=2024-02-14T00:00:00+00:00
[2024-02-14T16:16:13.009+0000] {processor.py:183} INFO - Processing /home/airflow/.local/lib/python3.8/site-packages/airflow/example_dags/example_bash_operator.py took 0.043 seconds
[2024-02-14T16:16:43.029+0000] {processor.py:161} INFO - Started process (PID=1593) to work on /home/airflow/.local/lib/python3.8/site-packages/airflow/example_dags/example_bash_operator.py
[2024-02-14T16:16:43.030+0000] {processor.py:830} INFO - Processing file /home/airflow/.local/lib/python3.8/site-packages/airflow/example_dags/example_bash_operator.py for tasks to queue
[2024-02-14T16:16:43.031+0000] {logging_mixin.py:188} INFO - [2024-02-14T16:16:43.031+0000] {dagbag.py:538} INFO - Filling up the DagBag from /home/airflow/.local/lib/python3.8/site-packages/airflow/example_dags/example_bash_operator.py
[2024-02-14T16:16:43.038+0000] {processor.py:840} INFO - DAG(s) 'example_bash_operator' retrieved from /home/airflow/.local/lib/python3.8/site-packages/airflow/example_dags/example_bash_operator.py
[2024-02-14T16:16:43.053+0000] {logging_mixin.py:188} INFO - [2024-02-14T16:16:43.052+0000] {dag.py:3033} INFO - Sync 1 DAGs
[2024-02-14T16:16:43.064+0000] {logging_mixin.py:188} INFO - [2024-02-14T16:16:43.064+0000] {dag.py:3820} INFO - Setting next_dagrun for example_bash_operator to 2024-02-13T00:00:00+00:00, run_after=2024-02-14T00:00:00+00:00
[2024-02-14T16:16:43.073+0000] {processor.py:183} INFO - Processing /home/airflow/.local/lib/python3.8/site-packages/airflow/example_dags/example_bash_operator.py took 0.046 seconds
[2024-02-14T16:17:13.316+0000] {processor.py:161} INFO - Started process (PID=1650) to work on /home/airflow/.local/lib/python3.8/site-packages/airflow/example_dags/example_bash_operator.py
[2024-02-14T16:17:13.317+0000] {processor.py:830} INFO - Processing file /home/airflow/.local/lib/python3.8/site-packages/airflow/example_dags/example_bash_operator.py for tasks to queue
[2024-02-14T16:17:13.318+0000] {logging_mixin.py:188} INFO - [2024-02-14T16:17:13.318+0000] {dagbag.py:538} INFO - Filling up the DagBag from /home/airflow/.local/lib/python3.8/site-packages/airflow/example_dags/example_bash_operator.py
[2024-02-14T16:17:13.324+0000] {processor.py:840} INFO - DAG(s) 'example_bash_operator' retrieved from /home/airflow/.local/lib/python3.8/site-packages/airflow/example_dags/example_bash_operator.py
[2024-02-14T16:17:13.339+0000] {logging_mixin.py:188} INFO - [2024-02-14T16:17:13.339+0000] {dag.py:3033} INFO - Sync 1 DAGs
[2024-02-14T16:17:13.350+0000] {logging_mixin.py:188} INFO - [2024-02-14T16:17:13.350+0000] {dag.py:3820} INFO - Setting next_dagrun for example_bash_operator to 2024-02-13T00:00:00+00:00, run_after=2024-02-14T00:00:00+00:00
[2024-02-14T16:17:13.358+0000] {processor.py:183} INFO - Processing /home/airflow/.local/lib/python3.8/site-packages/airflow/example_dags/example_bash_operator.py took 0.044 seconds
[2024-02-14T16:17:43.480+0000] {processor.py:161} INFO - Started process (PID=1707) to work on /home/airflow/.local/lib/python3.8/site-packages/airflow/example_dags/example_bash_operator.py
[2024-02-14T16:17:43.481+0000] {processor.py:830} INFO - Processing file /home/airflow/.local/lib/python3.8/site-packages/airflow/example_dags/example_bash_operator.py for tasks to queue
[2024-02-14T16:17:43.483+0000] {logging_mixin.py:188} INFO - [2024-02-14T16:17:43.482+0000] {dagbag.py:538} INFO - Filling up the DagBag from /home/airflow/.local/lib/python3.8/site-packages/airflow/example_dags/example_bash_operator.py
[2024-02-14T16:17:43.489+0000] {processor.py:840} INFO - DAG(s) 'example_bash_operator' retrieved from /home/airflow/.local/lib/python3.8/site-packages/airflow/example_dags/example_bash_operator.py
[2024-02-14T16:17:43.504+0000] {logging_mixin.py:188} INFO - [2024-02-14T16:17:43.504+0000] {dag.py:3033} INFO - Sync 1 DAGs
[2024-02-14T16:17:43.515+0000] {logging_mixin.py:188} INFO - [2024-02-14T16:17:43.515+0000] {dag.py:3820} INFO - Setting next_dagrun for example_bash_operator to 2024-02-13T00:00:00+00:00, run_after=2024-02-14T00:00:00+00:00
[2024-02-14T16:17:43.523+0000] {processor.py:183} INFO - Processing /home/airflow/.local/lib/python3.8/site-packages/airflow/example_dags/example_bash_operator.py took 0.045 seconds
[2024-02-14T16:18:13.779+0000] {processor.py:161} INFO - Started process (PID=1764) to work on /home/airflow/.local/lib/python3.8/site-packages/airflow/example_dags/example_bash_operator.py
[2024-02-14T16:18:13.780+0000] {processor.py:830} INFO - Processing file /home/airflow/.local/lib/python3.8/site-packages/airflow/example_dags/example_bash_operator.py for tasks to queue
[2024-02-14T16:18:13.782+0000] {logging_mixin.py:188} INFO - [2024-02-14T16:18:13.782+0000] {dagbag.py:538} INFO - Filling up the DagBag from /home/airflow/.local/lib/python3.8/site-packages/airflow/example_dags/example_bash_operator.py
[2024-02-14T16:18:13.789+0000] {processor.py:840} INFO - DAG(s) 'example_bash_operator' retrieved from /home/airflow/.local/lib/python3.8/site-packages/airflow/example_dags/example_bash_operator.py
[2024-02-14T16:18:13.807+0000] {logging_mixin.py:188} INFO - [2024-02-14T16:18:13.807+0000] {dag.py:3033} INFO - Sync 1 DAGs
[2024-02-14T16:18:13.820+0000] {logging_mixin.py:188} INFO - [2024-02-14T16:18:13.820+0000] {dag.py:3820} INFO - Setting next_dagrun for example_bash_operator to 2024-02-13T00:00:00+00:00, run_after=2024-02-14T00:00:00+00:00
[2024-02-14T16:18:13.830+0000] {processor.py:183} INFO - Processing /home/airflow/.local/lib/python3.8/site-packages/airflow/example_dags/example_bash_operator.py took 0.053 seconds
[2024-02-14T16:18:44.011+0000] {processor.py:161} INFO - Started process (PID=1821) to work on /home/airflow/.local/lib/python3.8/site-packages/airflow/example_dags/example_bash_operator.py
[2024-02-14T16:18:44.012+0000] {processor.py:830} INFO - Processing file /home/airflow/.local/lib/python3.8/site-packages/airflow/example_dags/example_bash_operator.py for tasks to queue
[2024-02-14T16:18:44.013+0000] {logging_mixin.py:188} INFO - [2024-02-14T16:18:44.013+0000] {dagbag.py:538} INFO - Filling up the DagBag from /home/airflow/.local/lib/python3.8/site-packages/airflow/example_dags/example_bash_operator.py
[2024-02-14T16:18:44.019+0000] {processor.py:840} INFO - DAG(s) 'example_bash_operator' retrieved from /home/airflow/.local/lib/python3.8/site-packages/airflow/example_dags/example_bash_operator.py
[2024-02-14T16:18:44.034+0000] {logging_mixin.py:188} INFO - [2024-02-14T16:18:44.034+0000] {dag.py:3033} INFO - Sync 1 DAGs
[2024-02-14T16:18:44.045+0000] {logging_mixin.py:188} INFO - [2024-02-14T16:18:44.045+0000] {dag.py:3820} INFO - Setting next_dagrun for example_bash_operator to 2024-02-13T00:00:00+00:00, run_after=2024-02-14T00:00:00+00:00
[2024-02-14T16:18:44.054+0000] {processor.py:183} INFO - Processing /home/airflow/.local/lib/python3.8/site-packages/airflow/example_dags/example_bash_operator.py took 0.045 seconds
[2024-02-14T16:19:14.288+0000] {processor.py:161} INFO - Started process (PID=1878) to work on /home/airflow/.local/lib/python3.8/site-packages/airflow/example_dags/example_bash_operator.py
[2024-02-14T16:19:14.288+0000] {processor.py:830} INFO - Processing file /home/airflow/.local/lib/python3.8/site-packages/airflow/example_dags/example_bash_operator.py for tasks to queue
[2024-02-14T16:19:14.290+0000] {logging_mixin.py:188} INFO - [2024-02-14T16:19:14.290+0000] {dagbag.py:538} INFO - Filling up the DagBag from /home/airflow/.local/lib/python3.8/site-packages/airflow/example_dags/example_bash_operator.py
[2024-02-14T16:19:14.298+0000] {processor.py:840} INFO - DAG(s) 'example_bash_operator' retrieved from /home/airflow/.local/lib/python3.8/site-packages/airflow/example_dags/example_bash_operator.py
[2024-02-14T16:19:14.319+0000] {logging_mixin.py:188} INFO - [2024-02-14T16:19:14.319+0000] {dag.py:3033} INFO - Sync 1 DAGs
[2024-02-14T16:19:14.333+0000] {logging_mixin.py:188} INFO - [2024-02-14T16:19:14.332+0000] {dag.py:3820} INFO - Setting next_dagrun for example_bash_operator to 2024-02-13T00:00:00+00:00, run_after=2024-02-14T00:00:00+00:00
[2024-02-14T16:19:14.345+0000] {processor.py:183} INFO - Processing /home/airflow/.local/lib/python3.8/site-packages/airflow/example_dags/example_bash_operator.py took 0.060 seconds
[2024-02-14T16:19:44.439+0000] {processor.py:161} INFO - Started process (PID=1935) to work on /home/airflow/.local/lib/python3.8/site-packages/airflow/example_dags/example_bash_operator.py
[2024-02-14T16:19:44.440+0000] {processor.py:830} INFO - Processing file /home/airflow/.local/lib/python3.8/site-packages/airflow/example_dags/example_bash_operator.py for tasks to queue
[2024-02-14T16:19:44.441+0000] {logging_mixin.py:188} INFO - [2024-02-14T16:19:44.441+0000] {dagbag.py:538} INFO - Filling up the DagBag from /home/airflow/.local/lib/python3.8/site-packages/airflow/example_dags/example_bash_operator.py
[2024-02-14T16:19:44.448+0000] {processor.py:840} INFO - DAG(s) 'example_bash_operator' retrieved from /home/airflow/.local/lib/python3.8/site-packages/airflow/example_dags/example_bash_operator.py
[2024-02-14T16:19:44.464+0000] {logging_mixin.py:188} INFO - [2024-02-14T16:19:44.464+0000] {dag.py:3033} INFO - Sync 1 DAGs
[2024-02-14T16:19:44.476+0000] {logging_mixin.py:188} INFO - [2024-02-14T16:19:44.476+0000] {dag.py:3820} INFO - Setting next_dagrun for example_bash_operator to 2024-02-13T00:00:00+00:00, run_after=2024-02-14T00:00:00+00:00
[2024-02-14T16:19:44.487+0000] {processor.py:183} INFO - Processing /home/airflow/.local/lib/python3.8/site-packages/airflow/example_dags/example_bash_operator.py took 0.050 seconds
[2024-02-14T16:20:14.567+0000] {processor.py:161} INFO - Started process (PID=1992) to work on /home/airflow/.local/lib/python3.8/site-packages/airflow/example_dags/example_bash_operator.py
[2024-02-14T16:20:14.568+0000] {processor.py:830} INFO - Processing file /home/airflow/.local/lib/python3.8/site-packages/airflow/example_dags/example_bash_operator.py for tasks to queue
[2024-02-14T16:20:14.569+0000] {logging_mixin.py:188} INFO - [2024-02-14T16:20:14.569+0000] {dagbag.py:538} INFO - Filling up the DagBag from /home/airflow/.local/lib/python3.8/site-packages/airflow/example_dags/example_bash_operator.py
[2024-02-14T16:20:14.576+0000] {processor.py:840} INFO - DAG(s) 'example_bash_operator' retrieved from /home/airflow/.local/lib/python3.8/site-packages/airflow/example_dags/example_bash_operator.py
[2024-02-14T16:20:14.590+0000] {logging_mixin.py:188} INFO - [2024-02-14T16:20:14.590+0000] {dag.py:3033} INFO - Sync 1 DAGs
[2024-02-14T16:20:14.602+0000] {logging_mixin.py:188} INFO - [2024-02-14T16:20:14.602+0000] {dag.py:3820} INFO - Setting next_dagrun for example_bash_operator to 2024-02-13T00:00:00+00:00, run_after=2024-02-14T00:00:00+00:00
[2024-02-14T16:20:14.699+0000] {processor.py:183} INFO - Processing /home/airflow/.local/lib/python3.8/site-packages/airflow/example_dags/example_bash_operator.py took 0.135 seconds
[2024-02-14T16:20:44.839+0000] {processor.py:161} INFO - Started process (PID=2049) to work on /home/airflow/.local/lib/python3.8/site-packages/airflow/example_dags/example_bash_operator.py
[2024-02-14T16:20:44.839+0000] {processor.py:830} INFO - Processing file /home/airflow/.local/lib/python3.8/site-packages/airflow/example_dags/example_bash_operator.py for tasks to queue
[2024-02-14T16:20:44.841+0000] {logging_mixin.py:188} INFO - [2024-02-14T16:20:44.840+0000] {dagbag.py:538} INFO - Filling up the DagBag from /home/airflow/.local/lib/python3.8/site-packages/airflow/example_dags/example_bash_operator.py
[2024-02-14T16:20:44.847+0000] {processor.py:840} INFO - DAG(s) 'example_bash_operator' retrieved from /home/airflow/.local/lib/python3.8/site-packages/airflow/example_dags/example_bash_operator.py
[2024-02-14T16:20:44.862+0000] {logging_mixin.py:188} INFO - [2024-02-14T16:20:44.862+0000] {dag.py:3033} INFO - Sync 1 DAGs
[2024-02-14T16:20:44.874+0000] {logging_mixin.py:188} INFO - [2024-02-14T16:20:44.874+0000] {dag.py:3820} INFO - Setting next_dagrun for example_bash_operator to 2024-02-13T00:00:00+00:00, run_after=2024-02-14T00:00:00+00:00
[2024-02-14T16:20:44.987+0000] {processor.py:183} INFO - Processing /home/airflow/.local/lib/python3.8/site-packages/airflow/example_dags/example_bash_operator.py took 0.151 seconds
[2024-02-14T16:21:15.226+0000] {processor.py:161} INFO - Started process (PID=2106) to work on /home/airflow/.local/lib/python3.8/site-packages/airflow/example_dags/example_bash_operator.py
[2024-02-14T16:21:15.227+0000] {processor.py:830} INFO - Processing file /home/airflow/.local/lib/python3.8/site-packages/airflow/example_dags/example_bash_operator.py for tasks to queue
[2024-02-14T16:21:15.228+0000] {logging_mixin.py:188} INFO - [2024-02-14T16:21:15.228+0000] {dagbag.py:538} INFO - Filling up the DagBag from /home/airflow/.local/lib/python3.8/site-packages/airflow/example_dags/example_bash_operator.py
[2024-02-14T16:21:15.235+0000] {processor.py:840} INFO - DAG(s) 'example_bash_operator' retrieved from /home/airflow/.local/lib/python3.8/site-packages/airflow/example_dags/example_bash_operator.py
[2024-02-14T16:21:15.250+0000] {logging_mixin.py:188} INFO - [2024-02-14T16:21:15.250+0000] {dag.py:3033} INFO - Sync 1 DAGs
[2024-02-14T16:21:15.263+0000] {logging_mixin.py:188} INFO - [2024-02-14T16:21:15.263+0000] {dag.py:3820} INFO - Setting next_dagrun for example_bash_operator to 2024-02-13T00:00:00+00:00, run_after=2024-02-14T00:00:00+00:00
[2024-02-14T16:21:15.361+0000] {processor.py:183} INFO - Processing /home/airflow/.local/lib/python3.8/site-packages/airflow/example_dags/example_bash_operator.py took 0.137 seconds
[2024-02-14T16:21:45.662+0000] {processor.py:161} INFO - Started process (PID=2162) to work on /home/airflow/.local/lib/python3.8/site-packages/airflow/example_dags/example_bash_operator.py
[2024-02-14T16:21:45.662+0000] {processor.py:830} INFO - Processing file /home/airflow/.local/lib/python3.8/site-packages/airflow/example_dags/example_bash_operator.py for tasks to queue
[2024-02-14T16:21:45.664+0000] {logging_mixin.py:188} INFO - [2024-02-14T16:21:45.664+0000] {dagbag.py:538} INFO - Filling up the DagBag from /home/airflow/.local/lib/python3.8/site-packages/airflow/example_dags/example_bash_operator.py
[2024-02-14T16:21:45.671+0000] {processor.py:840} INFO - DAG(s) 'example_bash_operator' retrieved from /home/airflow/.local/lib/python3.8/site-packages/airflow/example_dags/example_bash_operator.py
[2024-02-14T16:21:45.686+0000] {logging_mixin.py:188} INFO - [2024-02-14T16:21:45.685+0000] {dag.py:3033} INFO - Sync 1 DAGs
[2024-02-14T16:21:45.698+0000] {logging_mixin.py:188} INFO - [2024-02-14T16:21:45.698+0000] {dag.py:3820} INFO - Setting next_dagrun for example_bash_operator to 2024-02-13T00:00:00+00:00, run_after=2024-02-14T00:00:00+00:00
[2024-02-14T16:21:45.806+0000] {processor.py:183} INFO - Processing /home/airflow/.local/lib/python3.8/site-packages/airflow/example_dags/example_bash_operator.py took 0.147 seconds
[2024-02-14T16:22:16.074+0000] {processor.py:161} INFO - Started process (PID=2219) to work on /home/airflow/.local/lib/python3.8/site-packages/airflow/example_dags/example_bash_operator.py
[2024-02-14T16:22:16.074+0000] {processor.py:830} INFO - Processing file /home/airflow/.local/lib/python3.8/site-packages/airflow/example_dags/example_bash_operator.py for tasks to queue
[2024-02-14T16:22:16.076+0000] {logging_mixin.py:188} INFO - [2024-02-14T16:22:16.076+0000] {dagbag.py:538} INFO - Filling up the DagBag from /home/airflow/.local/lib/python3.8/site-packages/airflow/example_dags/example_bash_operator.py
[2024-02-14T16:22:16.083+0000] {processor.py:840} INFO - DAG(s) 'example_bash_operator' retrieved from /home/airflow/.local/lib/python3.8/site-packages/airflow/example_dags/example_bash_operator.py
[2024-02-14T16:22:16.100+0000] {logging_mixin.py:188} INFO - [2024-02-14T16:22:16.099+0000] {dag.py:3033} INFO - Sync 1 DAGs
[2024-02-14T16:22:16.112+0000] {logging_mixin.py:188} INFO - [2024-02-14T16:22:16.112+0000] {dag.py:3820} INFO - Setting next_dagrun for example_bash_operator to 2024-02-13T00:00:00+00:00, run_after=2024-02-14T00:00:00+00:00
[2024-02-14T16:22:16.226+0000] {processor.py:183} INFO - Processing /home/airflow/.local/lib/python3.8/site-packages/airflow/example_dags/example_bash_operator.py took 0.155 seconds
[2024-02-14T16:22:47.214+0000] {processor.py:161} INFO - Started process (PID=2276) to work on /home/airflow/.local/lib/python3.8/site-packages/airflow/example_dags/example_bash_operator.py
[2024-02-14T16:22:47.216+0000] {processor.py:830} INFO - Processing file /home/airflow/.local/lib/python3.8/site-packages/airflow/example_dags/example_bash_operator.py for tasks to queue
[2024-02-14T16:22:47.220+0000] {logging_mixin.py:188} INFO - [2024-02-14T16:22:47.219+0000] {dagbag.py:538} INFO - Filling up the DagBag from /home/airflow/.local/lib/python3.8/site-packages/airflow/example_dags/example_bash_operator.py
[2024-02-14T16:22:47.235+0000] {processor.py:840} INFO - DAG(s) 'example_bash_operator' retrieved from /home/airflow/.local/lib/python3.8/site-packages/airflow/example_dags/example_bash_operator.py
[2024-02-14T16:22:47.255+0000] {logging_mixin.py:188} INFO - [2024-02-14T16:22:47.255+0000] {dag.py:3033} INFO - Sync 1 DAGs
[2024-02-14T16:22:47.268+0000] {logging_mixin.py:188} INFO - [2024-02-14T16:22:47.268+0000] {dag.py:3820} INFO - Setting next_dagrun for example_bash_operator to 2024-02-13T00:00:00+00:00, run_after=2024-02-14T00:00:00+00:00
[2024-02-14T16:22:47.279+0000] {processor.py:183} INFO - Processing /home/airflow/.local/lib/python3.8/site-packages/airflow/example_dags/example_bash_operator.py took 0.072 seconds
[2024-02-14T16:23:17.673+0000] {processor.py:161} INFO - Started process (PID=2333) to work on /home/airflow/.local/lib/python3.8/site-packages/airflow/example_dags/example_bash_operator.py
[2024-02-14T16:23:17.674+0000] {processor.py:830} INFO - Processing file /home/airflow/.local/lib/python3.8/site-packages/airflow/example_dags/example_bash_operator.py for tasks to queue
[2024-02-14T16:23:17.677+0000] {logging_mixin.py:188} INFO - [2024-02-14T16:23:17.677+0000] {dagbag.py:538} INFO - Filling up the DagBag from /home/airflow/.local/lib/python3.8/site-packages/airflow/example_dags/example_bash_operator.py
[2024-02-14T16:23:17.688+0000] {processor.py:840} INFO - DAG(s) 'example_bash_operator' retrieved from /home/airflow/.local/lib/python3.8/site-packages/airflow/example_dags/example_bash_operator.py
[2024-02-14T16:23:17.707+0000] {logging_mixin.py:188} INFO - [2024-02-14T16:23:17.707+0000] {dag.py:3033} INFO - Sync 1 DAGs
[2024-02-14T16:23:17.720+0000] {logging_mixin.py:188} INFO - [2024-02-14T16:23:17.720+0000] {dag.py:3820} INFO - Setting next_dagrun for example_bash_operator to 2024-02-13T00:00:00+00:00, run_after=2024-02-14T00:00:00+00:00
[2024-02-14T16:23:17.729+0000] {processor.py:183} INFO - Processing /home/airflow/.local/lib/python3.8/site-packages/airflow/example_dags/example_bash_operator.py took 0.062 seconds
[2024-02-14T16:23:47.764+0000] {processor.py:161} INFO - Started process (PID=2390) to work on /home/airflow/.local/lib/python3.8/site-packages/airflow/example_dags/example_bash_operator.py
[2024-02-14T16:23:47.765+0000] {processor.py:830} INFO - Processing file /home/airflow/.local/lib/python3.8/site-packages/airflow/example_dags/example_bash_operator.py for tasks to queue
[2024-02-14T16:23:47.768+0000] {logging_mixin.py:188} INFO - [2024-02-14T16:23:47.768+0000] {dagbag.py:538} INFO - Filling up the DagBag from /home/airflow/.local/lib/python3.8/site-packages/airflow/example_dags/example_bash_operator.py
[2024-02-14T16:23:47.777+0000] {processor.py:840} INFO - DAG(s) 'example_bash_operator' retrieved from /home/airflow/.local/lib/python3.8/site-packages/airflow/example_dags/example_bash_operator.py
[2024-02-14T16:23:47.796+0000] {logging_mixin.py:188} INFO - [2024-02-14T16:23:47.796+0000] {dag.py:3033} INFO - Sync 1 DAGs
[2024-02-14T16:23:47.807+0000] {logging_mixin.py:188} INFO - [2024-02-14T16:23:47.807+0000] {dag.py:3820} INFO - Setting next_dagrun for example_bash_operator to 2024-02-13T00:00:00+00:00, run_after=2024-02-14T00:00:00+00:00
[2024-02-14T16:23:47.818+0000] {processor.py:183} INFO - Processing /home/airflow/.local/lib/python3.8/site-packages/airflow/example_dags/example_bash_operator.py took 0.058 seconds
[2024-02-14T16:24:18.112+0000] {processor.py:161} INFO - Started process (PID=2447) to work on /home/airflow/.local/lib/python3.8/site-packages/airflow/example_dags/example_bash_operator.py
[2024-02-14T16:24:18.113+0000] {processor.py:830} INFO - Processing file /home/airflow/.local/lib/python3.8/site-packages/airflow/example_dags/example_bash_operator.py for tasks to queue
[2024-02-14T16:24:18.117+0000] {logging_mixin.py:188} INFO - [2024-02-14T16:24:18.117+0000] {dagbag.py:538} INFO - Filling up the DagBag from /home/airflow/.local/lib/python3.8/site-packages/airflow/example_dags/example_bash_operator.py
[2024-02-14T16:24:18.132+0000] {processor.py:840} INFO - DAG(s) 'example_bash_operator' retrieved from /home/airflow/.local/lib/python3.8/site-packages/airflow/example_dags/example_bash_operator.py
[2024-02-14T16:24:18.153+0000] {logging_mixin.py:188} INFO - [2024-02-14T16:24:18.153+0000] {dag.py:3033} INFO - Sync 1 DAGs
[2024-02-14T16:24:18.165+0000] {logging_mixin.py:188} INFO - [2024-02-14T16:24:18.165+0000] {dag.py:3820} INFO - Setting next_dagrun for example_bash_operator to 2024-02-13T00:00:00+00:00, run_after=2024-02-14T00:00:00+00:00
[2024-02-14T16:24:18.175+0000] {processor.py:183} INFO - Processing /home/airflow/.local/lib/python3.8/site-packages/airflow/example_dags/example_bash_operator.py took 0.070 seconds
