[2024-02-14T16:03:07.828+0000] {processor.py:161} INFO - Started process (PID=67) to work on /home/airflow/.local/lib/python3.8/site-packages/airflow/example_dags/example_skip_dag.py
[2024-02-14T16:03:07.829+0000] {processor.py:830} INFO - Processing file /home/airflow/.local/lib/python3.8/site-packages/airflow/example_dags/example_skip_dag.py for tasks to queue
[2024-02-14T16:03:07.830+0000] {logging_mixin.py:188} INFO - [2024-02-14T16:03:07.830+0000] {dagbag.py:538} INFO - Filling up the DagBag from /home/airflow/.local/lib/python3.8/site-packages/airflow/example_dags/example_skip_dag.py
[2024-02-14T16:03:07.839+0000] {processor.py:840} INFO - DAG(s) 'example_skip_dag' retrieved from /home/airflow/.local/lib/python3.8/site-packages/airflow/example_dags/example_skip_dag.py
[2024-02-14T16:03:07.851+0000] {logging_mixin.py:188} INFO - [2024-02-14T16:03:07.850+0000] {dag.py:3033} INFO - Sync 1 DAGs
[2024-02-14T16:03:07.867+0000] {logging_mixin.py:188} INFO - [2024-02-14T16:03:07.867+0000] {dag.py:3820} INFO - Setting next_dagrun for example_skip_dag to 2024-02-13T00:00:00+00:00, run_after=2024-02-14T00:00:00+00:00
[2024-02-14T16:03:07.878+0000] {processor.py:183} INFO - Processing /home/airflow/.local/lib/python3.8/site-packages/airflow/example_dags/example_skip_dag.py took 0.053 seconds
[2024-02-14T16:03:38.117+0000] {processor.py:161} INFO - Started process (PID=124) to work on /home/airflow/.local/lib/python3.8/site-packages/airflow/example_dags/example_skip_dag.py
[2024-02-14T16:03:38.118+0000] {processor.py:830} INFO - Processing file /home/airflow/.local/lib/python3.8/site-packages/airflow/example_dags/example_skip_dag.py for tasks to queue
[2024-02-14T16:03:38.119+0000] {logging_mixin.py:188} INFO - [2024-02-14T16:03:38.119+0000] {dagbag.py:538} INFO - Filling up the DagBag from /home/airflow/.local/lib/python3.8/site-packages/airflow/example_dags/example_skip_dag.py
[2024-02-14T16:03:38.123+0000] {processor.py:840} INFO - DAG(s) 'example_skip_dag' retrieved from /home/airflow/.local/lib/python3.8/site-packages/airflow/example_dags/example_skip_dag.py
[2024-02-14T16:03:38.170+0000] {logging_mixin.py:188} INFO - [2024-02-14T16:03:38.170+0000] {dag.py:3033} INFO - Sync 1 DAGs
[2024-02-14T16:03:38.180+0000] {logging_mixin.py:188} INFO - [2024-02-14T16:03:38.180+0000] {dag.py:3820} INFO - Setting next_dagrun for example_skip_dag to 2024-02-13T00:00:00+00:00, run_after=2024-02-14T00:00:00+00:00
[2024-02-14T16:03:38.189+0000] {processor.py:183} INFO - Processing /home/airflow/.local/lib/python3.8/site-packages/airflow/example_dags/example_skip_dag.py took 0.074 seconds
[2024-02-14T16:04:08.789+0000] {processor.py:161} INFO - Started process (PID=181) to work on /home/airflow/.local/lib/python3.8/site-packages/airflow/example_dags/example_skip_dag.py
[2024-02-14T16:04:08.789+0000] {processor.py:830} INFO - Processing file /home/airflow/.local/lib/python3.8/site-packages/airflow/example_dags/example_skip_dag.py for tasks to queue
[2024-02-14T16:04:08.791+0000] {logging_mixin.py:188} INFO - [2024-02-14T16:04:08.791+0000] {dagbag.py:538} INFO - Filling up the DagBag from /home/airflow/.local/lib/python3.8/site-packages/airflow/example_dags/example_skip_dag.py
[2024-02-14T16:04:08.795+0000] {processor.py:840} INFO - DAG(s) 'example_skip_dag' retrieved from /home/airflow/.local/lib/python3.8/site-packages/airflow/example_dags/example_skip_dag.py
[2024-02-14T16:04:08.808+0000] {logging_mixin.py:188} INFO - [2024-02-14T16:04:08.808+0000] {dag.py:3033} INFO - Sync 1 DAGs
[2024-02-14T16:04:08.821+0000] {logging_mixin.py:188} INFO - [2024-02-14T16:04:08.820+0000] {dag.py:3820} INFO - Setting next_dagrun for example_skip_dag to 2024-02-13T00:00:00+00:00, run_after=2024-02-14T00:00:00+00:00
[2024-02-14T16:04:08.830+0000] {processor.py:183} INFO - Processing /home/airflow/.local/lib/python3.8/site-packages/airflow/example_dags/example_skip_dag.py took 0.044 seconds
[2024-02-14T16:04:39.067+0000] {processor.py:161} INFO - Started process (PID=238) to work on /home/airflow/.local/lib/python3.8/site-packages/airflow/example_dags/example_skip_dag.py
[2024-02-14T16:04:39.068+0000] {processor.py:830} INFO - Processing file /home/airflow/.local/lib/python3.8/site-packages/airflow/example_dags/example_skip_dag.py for tasks to queue
[2024-02-14T16:04:39.069+0000] {logging_mixin.py:188} INFO - [2024-02-14T16:04:39.069+0000] {dagbag.py:538} INFO - Filling up the DagBag from /home/airflow/.local/lib/python3.8/site-packages/airflow/example_dags/example_skip_dag.py
[2024-02-14T16:04:39.073+0000] {processor.py:840} INFO - DAG(s) 'example_skip_dag' retrieved from /home/airflow/.local/lib/python3.8/site-packages/airflow/example_dags/example_skip_dag.py
[2024-02-14T16:04:39.086+0000] {logging_mixin.py:188} INFO - [2024-02-14T16:04:39.086+0000] {dag.py:3033} INFO - Sync 1 DAGs
[2024-02-14T16:04:39.098+0000] {logging_mixin.py:188} INFO - [2024-02-14T16:04:39.098+0000] {dag.py:3820} INFO - Setting next_dagrun for example_skip_dag to 2024-02-13T00:00:00+00:00, run_after=2024-02-14T00:00:00+00:00
[2024-02-14T16:04:39.108+0000] {processor.py:183} INFO - Processing /home/airflow/.local/lib/python3.8/site-packages/airflow/example_dags/example_skip_dag.py took 0.044 seconds
[2024-02-14T16:05:09.359+0000] {processor.py:161} INFO - Started process (PID=295) to work on /home/airflow/.local/lib/python3.8/site-packages/airflow/example_dags/example_skip_dag.py
[2024-02-14T16:05:09.359+0000] {processor.py:830} INFO - Processing file /home/airflow/.local/lib/python3.8/site-packages/airflow/example_dags/example_skip_dag.py for tasks to queue
[2024-02-14T16:05:09.361+0000] {logging_mixin.py:188} INFO - [2024-02-14T16:05:09.361+0000] {dagbag.py:538} INFO - Filling up the DagBag from /home/airflow/.local/lib/python3.8/site-packages/airflow/example_dags/example_skip_dag.py
[2024-02-14T16:05:09.366+0000] {processor.py:840} INFO - DAG(s) 'example_skip_dag' retrieved from /home/airflow/.local/lib/python3.8/site-packages/airflow/example_dags/example_skip_dag.py
[2024-02-14T16:05:09.378+0000] {logging_mixin.py:188} INFO - [2024-02-14T16:05:09.378+0000] {dag.py:3033} INFO - Sync 1 DAGs
[2024-02-14T16:05:09.391+0000] {logging_mixin.py:188} INFO - [2024-02-14T16:05:09.390+0000] {dag.py:3820} INFO - Setting next_dagrun for example_skip_dag to 2024-02-13T00:00:00+00:00, run_after=2024-02-14T00:00:00+00:00
[2024-02-14T16:05:09.401+0000] {processor.py:183} INFO - Processing /home/airflow/.local/lib/python3.8/site-packages/airflow/example_dags/example_skip_dag.py took 0.044 seconds
[2024-02-14T16:05:39.478+0000] {processor.py:161} INFO - Started process (PID=352) to work on /home/airflow/.local/lib/python3.8/site-packages/airflow/example_dags/example_skip_dag.py
[2024-02-14T16:05:39.478+0000] {processor.py:830} INFO - Processing file /home/airflow/.local/lib/python3.8/site-packages/airflow/example_dags/example_skip_dag.py for tasks to queue
[2024-02-14T16:05:39.480+0000] {logging_mixin.py:188} INFO - [2024-02-14T16:05:39.480+0000] {dagbag.py:538} INFO - Filling up the DagBag from /home/airflow/.local/lib/python3.8/site-packages/airflow/example_dags/example_skip_dag.py
[2024-02-14T16:05:39.485+0000] {processor.py:840} INFO - DAG(s) 'example_skip_dag' retrieved from /home/airflow/.local/lib/python3.8/site-packages/airflow/example_dags/example_skip_dag.py
[2024-02-14T16:05:39.498+0000] {logging_mixin.py:188} INFO - [2024-02-14T16:05:39.498+0000] {dag.py:3033} INFO - Sync 1 DAGs
[2024-02-14T16:05:39.510+0000] {logging_mixin.py:188} INFO - [2024-02-14T16:05:39.510+0000] {dag.py:3820} INFO - Setting next_dagrun for example_skip_dag to 2024-02-13T00:00:00+00:00, run_after=2024-02-14T00:00:00+00:00
[2024-02-14T16:05:39.521+0000] {processor.py:183} INFO - Processing /home/airflow/.local/lib/python3.8/site-packages/airflow/example_dags/example_skip_dag.py took 0.045 seconds
[2024-02-14T16:06:09.697+0000] {processor.py:161} INFO - Started process (PID=409) to work on /home/airflow/.local/lib/python3.8/site-packages/airflow/example_dags/example_skip_dag.py
[2024-02-14T16:06:09.698+0000] {processor.py:830} INFO - Processing file /home/airflow/.local/lib/python3.8/site-packages/airflow/example_dags/example_skip_dag.py for tasks to queue
[2024-02-14T16:06:09.700+0000] {logging_mixin.py:188} INFO - [2024-02-14T16:06:09.699+0000] {dagbag.py:538} INFO - Filling up the DagBag from /home/airflow/.local/lib/python3.8/site-packages/airflow/example_dags/example_skip_dag.py
[2024-02-14T16:06:09.704+0000] {processor.py:840} INFO - DAG(s) 'example_skip_dag' retrieved from /home/airflow/.local/lib/python3.8/site-packages/airflow/example_dags/example_skip_dag.py
[2024-02-14T16:06:09.717+0000] {logging_mixin.py:188} INFO - [2024-02-14T16:06:09.717+0000] {dag.py:3033} INFO - Sync 1 DAGs
[2024-02-14T16:06:09.727+0000] {logging_mixin.py:188} INFO - [2024-02-14T16:06:09.727+0000] {dag.py:3820} INFO - Setting next_dagrun for example_skip_dag to 2024-02-13T00:00:00+00:00, run_after=2024-02-14T00:00:00+00:00
[2024-02-14T16:06:09.736+0000] {processor.py:183} INFO - Processing /home/airflow/.local/lib/python3.8/site-packages/airflow/example_dags/example_skip_dag.py took 0.041 seconds
[2024-02-14T16:06:39.803+0000] {processor.py:161} INFO - Started process (PID=466) to work on /home/airflow/.local/lib/python3.8/site-packages/airflow/example_dags/example_skip_dag.py
[2024-02-14T16:06:39.804+0000] {processor.py:830} INFO - Processing file /home/airflow/.local/lib/python3.8/site-packages/airflow/example_dags/example_skip_dag.py for tasks to queue
[2024-02-14T16:06:39.806+0000] {logging_mixin.py:188} INFO - [2024-02-14T16:06:39.805+0000] {dagbag.py:538} INFO - Filling up the DagBag from /home/airflow/.local/lib/python3.8/site-packages/airflow/example_dags/example_skip_dag.py
[2024-02-14T16:06:39.810+0000] {processor.py:840} INFO - DAG(s) 'example_skip_dag' retrieved from /home/airflow/.local/lib/python3.8/site-packages/airflow/example_dags/example_skip_dag.py
[2024-02-14T16:06:39.823+0000] {logging_mixin.py:188} INFO - [2024-02-14T16:06:39.823+0000] {dag.py:3033} INFO - Sync 1 DAGs
[2024-02-14T16:06:39.836+0000] {logging_mixin.py:188} INFO - [2024-02-14T16:06:39.836+0000] {dag.py:3820} INFO - Setting next_dagrun for example_skip_dag to 2024-02-13T00:00:00+00:00, run_after=2024-02-14T00:00:00+00:00
[2024-02-14T16:06:39.847+0000] {processor.py:183} INFO - Processing /home/airflow/.local/lib/python3.8/site-packages/airflow/example_dags/example_skip_dag.py took 0.045 seconds
[2024-02-14T16:07:10.075+0000] {processor.py:161} INFO - Started process (PID=523) to work on /home/airflow/.local/lib/python3.8/site-packages/airflow/example_dags/example_skip_dag.py
[2024-02-14T16:07:10.076+0000] {processor.py:830} INFO - Processing file /home/airflow/.local/lib/python3.8/site-packages/airflow/example_dags/example_skip_dag.py for tasks to queue
[2024-02-14T16:07:10.077+0000] {logging_mixin.py:188} INFO - [2024-02-14T16:07:10.077+0000] {dagbag.py:538} INFO - Filling up the DagBag from /home/airflow/.local/lib/python3.8/site-packages/airflow/example_dags/example_skip_dag.py
[2024-02-14T16:07:10.082+0000] {processor.py:840} INFO - DAG(s) 'example_skip_dag' retrieved from /home/airflow/.local/lib/python3.8/site-packages/airflow/example_dags/example_skip_dag.py
[2024-02-14T16:07:10.094+0000] {logging_mixin.py:188} INFO - [2024-02-14T16:07:10.094+0000] {dag.py:3033} INFO - Sync 1 DAGs
[2024-02-14T16:07:10.105+0000] {logging_mixin.py:188} INFO - [2024-02-14T16:07:10.105+0000] {dag.py:3820} INFO - Setting next_dagrun for example_skip_dag to 2024-02-13T00:00:00+00:00, run_after=2024-02-14T00:00:00+00:00
[2024-02-14T16:07:10.116+0000] {processor.py:183} INFO - Processing /home/airflow/.local/lib/python3.8/site-packages/airflow/example_dags/example_skip_dag.py took 0.043 seconds
[2024-02-14T16:07:40.350+0000] {processor.py:161} INFO - Started process (PID=580) to work on /home/airflow/.local/lib/python3.8/site-packages/airflow/example_dags/example_skip_dag.py
[2024-02-14T16:07:40.351+0000] {processor.py:830} INFO - Processing file /home/airflow/.local/lib/python3.8/site-packages/airflow/example_dags/example_skip_dag.py for tasks to queue
[2024-02-14T16:07:40.352+0000] {logging_mixin.py:188} INFO - [2024-02-14T16:07:40.352+0000] {dagbag.py:538} INFO - Filling up the DagBag from /home/airflow/.local/lib/python3.8/site-packages/airflow/example_dags/example_skip_dag.py
[2024-02-14T16:07:40.357+0000] {processor.py:840} INFO - DAG(s) 'example_skip_dag' retrieved from /home/airflow/.local/lib/python3.8/site-packages/airflow/example_dags/example_skip_dag.py
[2024-02-14T16:07:40.370+0000] {logging_mixin.py:188} INFO - [2024-02-14T16:07:40.370+0000] {dag.py:3033} INFO - Sync 1 DAGs
[2024-02-14T16:07:40.382+0000] {logging_mixin.py:188} INFO - [2024-02-14T16:07:40.382+0000] {dag.py:3820} INFO - Setting next_dagrun for example_skip_dag to 2024-02-13T00:00:00+00:00, run_after=2024-02-14T00:00:00+00:00
[2024-02-14T16:07:40.393+0000] {processor.py:183} INFO - Processing /home/airflow/.local/lib/python3.8/site-packages/airflow/example_dags/example_skip_dag.py took 0.045 seconds
[2024-02-14T16:08:10.579+0000] {processor.py:161} INFO - Started process (PID=637) to work on /home/airflow/.local/lib/python3.8/site-packages/airflow/example_dags/example_skip_dag.py
[2024-02-14T16:08:10.579+0000] {processor.py:830} INFO - Processing file /home/airflow/.local/lib/python3.8/site-packages/airflow/example_dags/example_skip_dag.py for tasks to queue
[2024-02-14T16:08:10.581+0000] {logging_mixin.py:188} INFO - [2024-02-14T16:08:10.581+0000] {dagbag.py:538} INFO - Filling up the DagBag from /home/airflow/.local/lib/python3.8/site-packages/airflow/example_dags/example_skip_dag.py
[2024-02-14T16:08:10.585+0000] {processor.py:840} INFO - DAG(s) 'example_skip_dag' retrieved from /home/airflow/.local/lib/python3.8/site-packages/airflow/example_dags/example_skip_dag.py
[2024-02-14T16:08:10.598+0000] {logging_mixin.py:188} INFO - [2024-02-14T16:08:10.597+0000] {dag.py:3033} INFO - Sync 1 DAGs
[2024-02-14T16:08:10.611+0000] {logging_mixin.py:188} INFO - [2024-02-14T16:08:10.610+0000] {dag.py:3820} INFO - Setting next_dagrun for example_skip_dag to 2024-02-13T00:00:00+00:00, run_after=2024-02-14T00:00:00+00:00
[2024-02-14T16:08:10.621+0000] {processor.py:183} INFO - Processing /home/airflow/.local/lib/python3.8/site-packages/airflow/example_dags/example_skip_dag.py took 0.045 seconds
[2024-02-14T16:08:40.816+0000] {processor.py:161} INFO - Started process (PID=694) to work on /home/airflow/.local/lib/python3.8/site-packages/airflow/example_dags/example_skip_dag.py
[2024-02-14T16:08:40.817+0000] {processor.py:830} INFO - Processing file /home/airflow/.local/lib/python3.8/site-packages/airflow/example_dags/example_skip_dag.py for tasks to queue
[2024-02-14T16:08:40.819+0000] {logging_mixin.py:188} INFO - [2024-02-14T16:08:40.819+0000] {dagbag.py:538} INFO - Filling up the DagBag from /home/airflow/.local/lib/python3.8/site-packages/airflow/example_dags/example_skip_dag.py
[2024-02-14T16:08:40.824+0000] {processor.py:840} INFO - DAG(s) 'example_skip_dag' retrieved from /home/airflow/.local/lib/python3.8/site-packages/airflow/example_dags/example_skip_dag.py
[2024-02-14T16:08:40.837+0000] {logging_mixin.py:188} INFO - [2024-02-14T16:08:40.837+0000] {dag.py:3033} INFO - Sync 1 DAGs
[2024-02-14T16:08:40.849+0000] {logging_mixin.py:188} INFO - [2024-02-14T16:08:40.849+0000] {dag.py:3820} INFO - Setting next_dagrun for example_skip_dag to 2024-02-13T00:00:00+00:00, run_after=2024-02-14T00:00:00+00:00
[2024-02-14T16:08:40.859+0000] {processor.py:183} INFO - Processing /home/airflow/.local/lib/python3.8/site-packages/airflow/example_dags/example_skip_dag.py took 0.044 seconds
[2024-02-14T16:09:11.913+0000] {processor.py:161} INFO - Started process (PID=751) to work on /home/airflow/.local/lib/python3.8/site-packages/airflow/example_dags/example_skip_dag.py
[2024-02-14T16:09:11.914+0000] {processor.py:830} INFO - Processing file /home/airflow/.local/lib/python3.8/site-packages/airflow/example_dags/example_skip_dag.py for tasks to queue
[2024-02-14T16:09:11.915+0000] {logging_mixin.py:188} INFO - [2024-02-14T16:09:11.915+0000] {dagbag.py:538} INFO - Filling up the DagBag from /home/airflow/.local/lib/python3.8/site-packages/airflow/example_dags/example_skip_dag.py
[2024-02-14T16:09:11.919+0000] {processor.py:840} INFO - DAG(s) 'example_skip_dag' retrieved from /home/airflow/.local/lib/python3.8/site-packages/airflow/example_dags/example_skip_dag.py
[2024-02-14T16:09:11.932+0000] {logging_mixin.py:188} INFO - [2024-02-14T16:09:11.932+0000] {dag.py:3033} INFO - Sync 1 DAGs
[2024-02-14T16:09:11.945+0000] {logging_mixin.py:188} INFO - [2024-02-14T16:09:11.945+0000] {dag.py:3820} INFO - Setting next_dagrun for example_skip_dag to 2024-02-13T00:00:00+00:00, run_after=2024-02-14T00:00:00+00:00
[2024-02-14T16:09:11.954+0000] {processor.py:183} INFO - Processing /home/airflow/.local/lib/python3.8/site-packages/airflow/example_dags/example_skip_dag.py took 0.044 seconds
[2024-02-14T16:09:42.929+0000] {processor.py:161} INFO - Started process (PID=808) to work on /home/airflow/.local/lib/python3.8/site-packages/airflow/example_dags/example_skip_dag.py
[2024-02-14T16:09:42.930+0000] {processor.py:830} INFO - Processing file /home/airflow/.local/lib/python3.8/site-packages/airflow/example_dags/example_skip_dag.py for tasks to queue
[2024-02-14T16:09:42.931+0000] {logging_mixin.py:188} INFO - [2024-02-14T16:09:42.931+0000] {dagbag.py:538} INFO - Filling up the DagBag from /home/airflow/.local/lib/python3.8/site-packages/airflow/example_dags/example_skip_dag.py
[2024-02-14T16:09:42.936+0000] {processor.py:840} INFO - DAG(s) 'example_skip_dag' retrieved from /home/airflow/.local/lib/python3.8/site-packages/airflow/example_dags/example_skip_dag.py
[2024-02-14T16:09:42.950+0000] {logging_mixin.py:188} INFO - [2024-02-14T16:09:42.950+0000] {dag.py:3033} INFO - Sync 1 DAGs
[2024-02-14T16:09:42.962+0000] {logging_mixin.py:188} INFO - [2024-02-14T16:09:42.962+0000] {dag.py:3820} INFO - Setting next_dagrun for example_skip_dag to 2024-02-13T00:00:00+00:00, run_after=2024-02-14T00:00:00+00:00
[2024-02-14T16:09:42.972+0000] {processor.py:183} INFO - Processing /home/airflow/.local/lib/python3.8/site-packages/airflow/example_dags/example_skip_dag.py took 0.045 seconds
[2024-02-14T16:10:13.049+0000] {processor.py:161} INFO - Started process (PID=865) to work on /home/airflow/.local/lib/python3.8/site-packages/airflow/example_dags/example_skip_dag.py
[2024-02-14T16:10:13.050+0000] {processor.py:830} INFO - Processing file /home/airflow/.local/lib/python3.8/site-packages/airflow/example_dags/example_skip_dag.py for tasks to queue
[2024-02-14T16:10:13.051+0000] {logging_mixin.py:188} INFO - [2024-02-14T16:10:13.051+0000] {dagbag.py:538} INFO - Filling up the DagBag from /home/airflow/.local/lib/python3.8/site-packages/airflow/example_dags/example_skip_dag.py
[2024-02-14T16:10:13.055+0000] {processor.py:840} INFO - DAG(s) 'example_skip_dag' retrieved from /home/airflow/.local/lib/python3.8/site-packages/airflow/example_dags/example_skip_dag.py
[2024-02-14T16:10:13.069+0000] {logging_mixin.py:188} INFO - [2024-02-14T16:10:13.069+0000] {dag.py:3033} INFO - Sync 1 DAGs
[2024-02-14T16:10:13.082+0000] {logging_mixin.py:188} INFO - [2024-02-14T16:10:13.082+0000] {dag.py:3820} INFO - Setting next_dagrun for example_skip_dag to 2024-02-13T00:00:00+00:00, run_after=2024-02-14T00:00:00+00:00
[2024-02-14T16:10:13.092+0000] {processor.py:183} INFO - Processing /home/airflow/.local/lib/python3.8/site-packages/airflow/example_dags/example_skip_dag.py took 0.044 seconds
[2024-02-14T16:10:43.239+0000] {processor.py:161} INFO - Started process (PID=921) to work on /home/airflow/.local/lib/python3.8/site-packages/airflow/example_dags/example_skip_dag.py
[2024-02-14T16:10:43.240+0000] {processor.py:830} INFO - Processing file /home/airflow/.local/lib/python3.8/site-packages/airflow/example_dags/example_skip_dag.py for tasks to queue
[2024-02-14T16:10:43.241+0000] {logging_mixin.py:188} INFO - [2024-02-14T16:10:43.241+0000] {dagbag.py:538} INFO - Filling up the DagBag from /home/airflow/.local/lib/python3.8/site-packages/airflow/example_dags/example_skip_dag.py
[2024-02-14T16:10:43.246+0000] {processor.py:840} INFO - DAG(s) 'example_skip_dag' retrieved from /home/airflow/.local/lib/python3.8/site-packages/airflow/example_dags/example_skip_dag.py
[2024-02-14T16:10:43.260+0000] {logging_mixin.py:188} INFO - [2024-02-14T16:10:43.260+0000] {dag.py:3033} INFO - Sync 1 DAGs
[2024-02-14T16:10:43.273+0000] {logging_mixin.py:188} INFO - [2024-02-14T16:10:43.273+0000] {dag.py:3820} INFO - Setting next_dagrun for example_skip_dag to 2024-02-13T00:00:00+00:00, run_after=2024-02-14T00:00:00+00:00
[2024-02-14T16:10:43.286+0000] {processor.py:183} INFO - Processing /home/airflow/.local/lib/python3.8/site-packages/airflow/example_dags/example_skip_dag.py took 0.049 seconds
[2024-02-14T16:11:13.444+0000] {processor.py:161} INFO - Started process (PID=978) to work on /home/airflow/.local/lib/python3.8/site-packages/airflow/example_dags/example_skip_dag.py
[2024-02-14T16:11:13.445+0000] {processor.py:830} INFO - Processing file /home/airflow/.local/lib/python3.8/site-packages/airflow/example_dags/example_skip_dag.py for tasks to queue
[2024-02-14T16:11:13.446+0000] {logging_mixin.py:188} INFO - [2024-02-14T16:11:13.446+0000] {dagbag.py:538} INFO - Filling up the DagBag from /home/airflow/.local/lib/python3.8/site-packages/airflow/example_dags/example_skip_dag.py
[2024-02-14T16:11:13.451+0000] {processor.py:840} INFO - DAG(s) 'example_skip_dag' retrieved from /home/airflow/.local/lib/python3.8/site-packages/airflow/example_dags/example_skip_dag.py
[2024-02-14T16:11:13.464+0000] {logging_mixin.py:188} INFO - [2024-02-14T16:11:13.464+0000] {dag.py:3033} INFO - Sync 1 DAGs
[2024-02-14T16:11:13.475+0000] {logging_mixin.py:188} INFO - [2024-02-14T16:11:13.475+0000] {dag.py:3820} INFO - Setting next_dagrun for example_skip_dag to 2024-02-13T00:00:00+00:00, run_after=2024-02-14T00:00:00+00:00
[2024-02-14T16:11:13.485+0000] {processor.py:183} INFO - Processing /home/airflow/.local/lib/python3.8/site-packages/airflow/example_dags/example_skip_dag.py took 0.043 seconds
[2024-02-14T16:11:43.697+0000] {processor.py:161} INFO - Started process (PID=1035) to work on /home/airflow/.local/lib/python3.8/site-packages/airflow/example_dags/example_skip_dag.py
[2024-02-14T16:11:43.697+0000] {processor.py:830} INFO - Processing file /home/airflow/.local/lib/python3.8/site-packages/airflow/example_dags/example_skip_dag.py for tasks to queue
[2024-02-14T16:11:43.699+0000] {logging_mixin.py:188} INFO - [2024-02-14T16:11:43.698+0000] {dagbag.py:538} INFO - Filling up the DagBag from /home/airflow/.local/lib/python3.8/site-packages/airflow/example_dags/example_skip_dag.py
[2024-02-14T16:11:43.703+0000] {processor.py:840} INFO - DAG(s) 'example_skip_dag' retrieved from /home/airflow/.local/lib/python3.8/site-packages/airflow/example_dags/example_skip_dag.py
[2024-02-14T16:11:43.715+0000] {logging_mixin.py:188} INFO - [2024-02-14T16:11:43.715+0000] {dag.py:3033} INFO - Sync 1 DAGs
[2024-02-14T16:11:43.726+0000] {logging_mixin.py:188} INFO - [2024-02-14T16:11:43.726+0000] {dag.py:3820} INFO - Setting next_dagrun for example_skip_dag to 2024-02-13T00:00:00+00:00, run_after=2024-02-14T00:00:00+00:00
[2024-02-14T16:11:43.735+0000] {processor.py:183} INFO - Processing /home/airflow/.local/lib/python3.8/site-packages/airflow/example_dags/example_skip_dag.py took 0.041 seconds
[2024-02-14T16:12:13.799+0000] {processor.py:161} INFO - Started process (PID=1091) to work on /home/airflow/.local/lib/python3.8/site-packages/airflow/example_dags/example_skip_dag.py
[2024-02-14T16:12:13.800+0000] {processor.py:830} INFO - Processing file /home/airflow/.local/lib/python3.8/site-packages/airflow/example_dags/example_skip_dag.py for tasks to queue
[2024-02-14T16:12:13.801+0000] {logging_mixin.py:188} INFO - [2024-02-14T16:12:13.801+0000] {dagbag.py:538} INFO - Filling up the DagBag from /home/airflow/.local/lib/python3.8/site-packages/airflow/example_dags/example_skip_dag.py
[2024-02-14T16:12:13.806+0000] {processor.py:840} INFO - DAG(s) 'example_skip_dag' retrieved from /home/airflow/.local/lib/python3.8/site-packages/airflow/example_dags/example_skip_dag.py
[2024-02-14T16:12:13.819+0000] {logging_mixin.py:188} INFO - [2024-02-14T16:12:13.819+0000] {dag.py:3033} INFO - Sync 1 DAGs
[2024-02-14T16:12:13.829+0000] {logging_mixin.py:188} INFO - [2024-02-14T16:12:13.829+0000] {dag.py:3820} INFO - Setting next_dagrun for example_skip_dag to 2024-02-13T00:00:00+00:00, run_after=2024-02-14T00:00:00+00:00
[2024-02-14T16:12:13.839+0000] {processor.py:183} INFO - Processing /home/airflow/.local/lib/python3.8/site-packages/airflow/example_dags/example_skip_dag.py took 0.042 seconds
[2024-02-14T16:12:44.023+0000] {processor.py:161} INFO - Started process (PID=1148) to work on /home/airflow/.local/lib/python3.8/site-packages/airflow/example_dags/example_skip_dag.py
[2024-02-14T16:12:44.024+0000] {processor.py:830} INFO - Processing file /home/airflow/.local/lib/python3.8/site-packages/airflow/example_dags/example_skip_dag.py for tasks to queue
[2024-02-14T16:12:44.025+0000] {logging_mixin.py:188} INFO - [2024-02-14T16:12:44.025+0000] {dagbag.py:538} INFO - Filling up the DagBag from /home/airflow/.local/lib/python3.8/site-packages/airflow/example_dags/example_skip_dag.py
[2024-02-14T16:12:44.030+0000] {processor.py:840} INFO - DAG(s) 'example_skip_dag' retrieved from /home/airflow/.local/lib/python3.8/site-packages/airflow/example_dags/example_skip_dag.py
[2024-02-14T16:12:44.044+0000] {logging_mixin.py:188} INFO - [2024-02-14T16:12:44.044+0000] {dag.py:3033} INFO - Sync 1 DAGs
[2024-02-14T16:12:44.057+0000] {logging_mixin.py:188} INFO - [2024-02-14T16:12:44.056+0000] {dag.py:3820} INFO - Setting next_dagrun for example_skip_dag to 2024-02-13T00:00:00+00:00, run_after=2024-02-14T00:00:00+00:00
[2024-02-14T16:12:44.068+0000] {processor.py:183} INFO - Processing /home/airflow/.local/lib/python3.8/site-packages/airflow/example_dags/example_skip_dag.py took 0.048 seconds
[2024-02-14T16:13:14.087+0000] {processor.py:161} INFO - Started process (PID=1204) to work on /home/airflow/.local/lib/python3.8/site-packages/airflow/example_dags/example_skip_dag.py
[2024-02-14T16:13:14.088+0000] {processor.py:830} INFO - Processing file /home/airflow/.local/lib/python3.8/site-packages/airflow/example_dags/example_skip_dag.py for tasks to queue
[2024-02-14T16:13:14.089+0000] {logging_mixin.py:188} INFO - [2024-02-14T16:13:14.089+0000] {dagbag.py:538} INFO - Filling up the DagBag from /home/airflow/.local/lib/python3.8/site-packages/airflow/example_dags/example_skip_dag.py
[2024-02-14T16:13:14.094+0000] {processor.py:840} INFO - DAG(s) 'example_skip_dag' retrieved from /home/airflow/.local/lib/python3.8/site-packages/airflow/example_dags/example_skip_dag.py
[2024-02-14T16:13:14.106+0000] {logging_mixin.py:188} INFO - [2024-02-14T16:13:14.106+0000] {dag.py:3033} INFO - Sync 1 DAGs
[2024-02-14T16:13:14.117+0000] {logging_mixin.py:188} INFO - [2024-02-14T16:13:14.117+0000] {dag.py:3820} INFO - Setting next_dagrun for example_skip_dag to 2024-02-13T00:00:00+00:00, run_after=2024-02-14T00:00:00+00:00
[2024-02-14T16:13:14.125+0000] {processor.py:183} INFO - Processing /home/airflow/.local/lib/python3.8/site-packages/airflow/example_dags/example_skip_dag.py took 0.041 seconds
[2024-02-14T16:13:44.297+0000] {processor.py:161} INFO - Started process (PID=1261) to work on /home/airflow/.local/lib/python3.8/site-packages/airflow/example_dags/example_skip_dag.py
[2024-02-14T16:13:44.298+0000] {processor.py:830} INFO - Processing file /home/airflow/.local/lib/python3.8/site-packages/airflow/example_dags/example_skip_dag.py for tasks to queue
[2024-02-14T16:13:44.299+0000] {logging_mixin.py:188} INFO - [2024-02-14T16:13:44.299+0000] {dagbag.py:538} INFO - Filling up the DagBag from /home/airflow/.local/lib/python3.8/site-packages/airflow/example_dags/example_skip_dag.py
[2024-02-14T16:13:44.304+0000] {processor.py:840} INFO - DAG(s) 'example_skip_dag' retrieved from /home/airflow/.local/lib/python3.8/site-packages/airflow/example_dags/example_skip_dag.py
[2024-02-14T16:13:44.317+0000] {logging_mixin.py:188} INFO - [2024-02-14T16:13:44.317+0000] {dag.py:3033} INFO - Sync 1 DAGs
[2024-02-14T16:13:44.329+0000] {logging_mixin.py:188} INFO - [2024-02-14T16:13:44.329+0000] {dag.py:3820} INFO - Setting next_dagrun for example_skip_dag to 2024-02-13T00:00:00+00:00, run_after=2024-02-14T00:00:00+00:00
[2024-02-14T16:13:44.340+0000] {processor.py:183} INFO - Processing /home/airflow/.local/lib/python3.8/site-packages/airflow/example_dags/example_skip_dag.py took 0.045 seconds
[2024-02-14T16:14:14.477+0000] {processor.py:161} INFO - Started process (PID=1318) to work on /home/airflow/.local/lib/python3.8/site-packages/airflow/example_dags/example_skip_dag.py
[2024-02-14T16:14:14.477+0000] {processor.py:830} INFO - Processing file /home/airflow/.local/lib/python3.8/site-packages/airflow/example_dags/example_skip_dag.py for tasks to queue
[2024-02-14T16:14:14.479+0000] {logging_mixin.py:188} INFO - [2024-02-14T16:14:14.478+0000] {dagbag.py:538} INFO - Filling up the DagBag from /home/airflow/.local/lib/python3.8/site-packages/airflow/example_dags/example_skip_dag.py
[2024-02-14T16:14:14.483+0000] {processor.py:840} INFO - DAG(s) 'example_skip_dag' retrieved from /home/airflow/.local/lib/python3.8/site-packages/airflow/example_dags/example_skip_dag.py
[2024-02-14T16:14:14.495+0000] {logging_mixin.py:188} INFO - [2024-02-14T16:14:14.495+0000] {dag.py:3033} INFO - Sync 1 DAGs
[2024-02-14T16:14:14.506+0000] {logging_mixin.py:188} INFO - [2024-02-14T16:14:14.506+0000] {dag.py:3820} INFO - Setting next_dagrun for example_skip_dag to 2024-02-13T00:00:00+00:00, run_after=2024-02-14T00:00:00+00:00
[2024-02-14T16:14:14.514+0000] {processor.py:183} INFO - Processing /home/airflow/.local/lib/python3.8/site-packages/airflow/example_dags/example_skip_dag.py took 0.039 seconds
[2024-02-14T16:14:44.748+0000] {processor.py:161} INFO - Started process (PID=1375) to work on /home/airflow/.local/lib/python3.8/site-packages/airflow/example_dags/example_skip_dag.py
[2024-02-14T16:14:44.749+0000] {processor.py:830} INFO - Processing file /home/airflow/.local/lib/python3.8/site-packages/airflow/example_dags/example_skip_dag.py for tasks to queue
[2024-02-14T16:14:44.750+0000] {logging_mixin.py:188} INFO - [2024-02-14T16:14:44.750+0000] {dagbag.py:538} INFO - Filling up the DagBag from /home/airflow/.local/lib/python3.8/site-packages/airflow/example_dags/example_skip_dag.py
[2024-02-14T16:14:44.754+0000] {processor.py:840} INFO - DAG(s) 'example_skip_dag' retrieved from /home/airflow/.local/lib/python3.8/site-packages/airflow/example_dags/example_skip_dag.py
[2024-02-14T16:14:44.766+0000] {logging_mixin.py:188} INFO - [2024-02-14T16:14:44.766+0000] {dag.py:3033} INFO - Sync 1 DAGs
[2024-02-14T16:14:44.780+0000] {logging_mixin.py:188} INFO - [2024-02-14T16:14:44.780+0000] {dag.py:3820} INFO - Setting next_dagrun for example_skip_dag to 2024-02-13T00:00:00+00:00, run_after=2024-02-14T00:00:00+00:00
[2024-02-14T16:14:44.793+0000] {processor.py:183} INFO - Processing /home/airflow/.local/lib/python3.8/site-packages/airflow/example_dags/example_skip_dag.py took 0.047 seconds
[2024-02-14T16:15:14.946+0000] {processor.py:161} INFO - Started process (PID=1431) to work on /home/airflow/.local/lib/python3.8/site-packages/airflow/example_dags/example_skip_dag.py
[2024-02-14T16:15:14.947+0000] {processor.py:830} INFO - Processing file /home/airflow/.local/lib/python3.8/site-packages/airflow/example_dags/example_skip_dag.py for tasks to queue
[2024-02-14T16:15:14.948+0000] {logging_mixin.py:188} INFO - [2024-02-14T16:15:14.948+0000] {dagbag.py:538} INFO - Filling up the DagBag from /home/airflow/.local/lib/python3.8/site-packages/airflow/example_dags/example_skip_dag.py
[2024-02-14T16:15:14.952+0000] {processor.py:840} INFO - DAG(s) 'example_skip_dag' retrieved from /home/airflow/.local/lib/python3.8/site-packages/airflow/example_dags/example_skip_dag.py
[2024-02-14T16:15:14.965+0000] {logging_mixin.py:188} INFO - [2024-02-14T16:15:14.965+0000] {dag.py:3033} INFO - Sync 1 DAGs
[2024-02-14T16:15:14.978+0000] {logging_mixin.py:188} INFO - [2024-02-14T16:15:14.978+0000] {dag.py:3820} INFO - Setting next_dagrun for example_skip_dag to 2024-02-13T00:00:00+00:00, run_after=2024-02-14T00:00:00+00:00
[2024-02-14T16:15:14.988+0000] {processor.py:183} INFO - Processing /home/airflow/.local/lib/python3.8/site-packages/airflow/example_dags/example_skip_dag.py took 0.044 seconds
[2024-02-14T16:15:45.194+0000] {processor.py:161} INFO - Started process (PID=1487) to work on /home/airflow/.local/lib/python3.8/site-packages/airflow/example_dags/example_skip_dag.py
[2024-02-14T16:15:45.194+0000] {processor.py:830} INFO - Processing file /home/airflow/.local/lib/python3.8/site-packages/airflow/example_dags/example_skip_dag.py for tasks to queue
[2024-02-14T16:15:45.196+0000] {logging_mixin.py:188} INFO - [2024-02-14T16:15:45.196+0000] {dagbag.py:538} INFO - Filling up the DagBag from /home/airflow/.local/lib/python3.8/site-packages/airflow/example_dags/example_skip_dag.py
[2024-02-14T16:15:45.200+0000] {processor.py:840} INFO - DAG(s) 'example_skip_dag' retrieved from /home/airflow/.local/lib/python3.8/site-packages/airflow/example_dags/example_skip_dag.py
[2024-02-14T16:15:45.213+0000] {logging_mixin.py:188} INFO - [2024-02-14T16:15:45.213+0000] {dag.py:3033} INFO - Sync 1 DAGs
[2024-02-14T16:15:45.226+0000] {logging_mixin.py:188} INFO - [2024-02-14T16:15:45.226+0000] {dag.py:3820} INFO - Setting next_dagrun for example_skip_dag to 2024-02-13T00:00:00+00:00, run_after=2024-02-14T00:00:00+00:00
[2024-02-14T16:15:45.237+0000] {processor.py:183} INFO - Processing /home/airflow/.local/lib/python3.8/site-packages/airflow/example_dags/example_skip_dag.py took 0.046 seconds
[2024-02-14T16:16:15.342+0000] {processor.py:161} INFO - Started process (PID=1544) to work on /home/airflow/.local/lib/python3.8/site-packages/airflow/example_dags/example_skip_dag.py
[2024-02-14T16:16:15.343+0000] {processor.py:830} INFO - Processing file /home/airflow/.local/lib/python3.8/site-packages/airflow/example_dags/example_skip_dag.py for tasks to queue
[2024-02-14T16:16:15.344+0000] {logging_mixin.py:188} INFO - [2024-02-14T16:16:15.344+0000] {dagbag.py:538} INFO - Filling up the DagBag from /home/airflow/.local/lib/python3.8/site-packages/airflow/example_dags/example_skip_dag.py
[2024-02-14T16:16:15.349+0000] {processor.py:840} INFO - DAG(s) 'example_skip_dag' retrieved from /home/airflow/.local/lib/python3.8/site-packages/airflow/example_dags/example_skip_dag.py
[2024-02-14T16:16:15.362+0000] {logging_mixin.py:188} INFO - [2024-02-14T16:16:15.362+0000] {dag.py:3033} INFO - Sync 1 DAGs
[2024-02-14T16:16:15.374+0000] {logging_mixin.py:188} INFO - [2024-02-14T16:16:15.374+0000] {dag.py:3820} INFO - Setting next_dagrun for example_skip_dag to 2024-02-13T00:00:00+00:00, run_after=2024-02-14T00:00:00+00:00
[2024-02-14T16:16:15.384+0000] {processor.py:183} INFO - Processing /home/airflow/.local/lib/python3.8/site-packages/airflow/example_dags/example_skip_dag.py took 0.045 seconds
[2024-02-14T16:16:46.411+0000] {processor.py:161} INFO - Started process (PID=1601) to work on /home/airflow/.local/lib/python3.8/site-packages/airflow/example_dags/example_skip_dag.py
[2024-02-14T16:16:46.411+0000] {processor.py:830} INFO - Processing file /home/airflow/.local/lib/python3.8/site-packages/airflow/example_dags/example_skip_dag.py for tasks to queue
[2024-02-14T16:16:46.413+0000] {logging_mixin.py:188} INFO - [2024-02-14T16:16:46.413+0000] {dagbag.py:538} INFO - Filling up the DagBag from /home/airflow/.local/lib/python3.8/site-packages/airflow/example_dags/example_skip_dag.py
[2024-02-14T16:16:46.417+0000] {processor.py:840} INFO - DAG(s) 'example_skip_dag' retrieved from /home/airflow/.local/lib/python3.8/site-packages/airflow/example_dags/example_skip_dag.py
[2024-02-14T16:16:46.431+0000] {logging_mixin.py:188} INFO - [2024-02-14T16:16:46.431+0000] {dag.py:3033} INFO - Sync 1 DAGs
[2024-02-14T16:16:46.442+0000] {logging_mixin.py:188} INFO - [2024-02-14T16:16:46.442+0000] {dag.py:3820} INFO - Setting next_dagrun for example_skip_dag to 2024-02-13T00:00:00+00:00, run_after=2024-02-14T00:00:00+00:00
[2024-02-14T16:16:46.451+0000] {processor.py:183} INFO - Processing /home/airflow/.local/lib/python3.8/site-packages/airflow/example_dags/example_skip_dag.py took 0.043 seconds
[2024-02-14T16:17:16.619+0000] {processor.py:161} INFO - Started process (PID=1658) to work on /home/airflow/.local/lib/python3.8/site-packages/airflow/example_dags/example_skip_dag.py
[2024-02-14T16:17:16.619+0000] {processor.py:830} INFO - Processing file /home/airflow/.local/lib/python3.8/site-packages/airflow/example_dags/example_skip_dag.py for tasks to queue
[2024-02-14T16:17:16.621+0000] {logging_mixin.py:188} INFO - [2024-02-14T16:17:16.620+0000] {dagbag.py:538} INFO - Filling up the DagBag from /home/airflow/.local/lib/python3.8/site-packages/airflow/example_dags/example_skip_dag.py
[2024-02-14T16:17:16.624+0000] {processor.py:840} INFO - DAG(s) 'example_skip_dag' retrieved from /home/airflow/.local/lib/python3.8/site-packages/airflow/example_dags/example_skip_dag.py
[2024-02-14T16:17:16.636+0000] {logging_mixin.py:188} INFO - [2024-02-14T16:17:16.636+0000] {dag.py:3033} INFO - Sync 1 DAGs
[2024-02-14T16:17:16.647+0000] {logging_mixin.py:188} INFO - [2024-02-14T16:17:16.647+0000] {dag.py:3820} INFO - Setting next_dagrun for example_skip_dag to 2024-02-13T00:00:00+00:00, run_after=2024-02-14T00:00:00+00:00
[2024-02-14T16:17:16.655+0000] {processor.py:183} INFO - Processing /home/airflow/.local/lib/python3.8/site-packages/airflow/example_dags/example_skip_dag.py took 0.039 seconds
[2024-02-14T16:17:46.841+0000] {processor.py:161} INFO - Started process (PID=1715) to work on /home/airflow/.local/lib/python3.8/site-packages/airflow/example_dags/example_skip_dag.py
[2024-02-14T16:17:46.842+0000] {processor.py:830} INFO - Processing file /home/airflow/.local/lib/python3.8/site-packages/airflow/example_dags/example_skip_dag.py for tasks to queue
[2024-02-14T16:17:46.843+0000] {logging_mixin.py:188} INFO - [2024-02-14T16:17:46.843+0000] {dagbag.py:538} INFO - Filling up the DagBag from /home/airflow/.local/lib/python3.8/site-packages/airflow/example_dags/example_skip_dag.py
[2024-02-14T16:17:46.847+0000] {processor.py:840} INFO - DAG(s) 'example_skip_dag' retrieved from /home/airflow/.local/lib/python3.8/site-packages/airflow/example_dags/example_skip_dag.py
[2024-02-14T16:17:46.859+0000] {logging_mixin.py:188} INFO - [2024-02-14T16:17:46.859+0000] {dag.py:3033} INFO - Sync 1 DAGs
[2024-02-14T16:17:46.870+0000] {logging_mixin.py:188} INFO - [2024-02-14T16:17:46.870+0000] {dag.py:3820} INFO - Setting next_dagrun for example_skip_dag to 2024-02-13T00:00:00+00:00, run_after=2024-02-14T00:00:00+00:00
[2024-02-14T16:17:46.878+0000] {processor.py:183} INFO - Processing /home/airflow/.local/lib/python3.8/site-packages/airflow/example_dags/example_skip_dag.py took 0.039 seconds
[2024-02-14T16:18:17.133+0000] {processor.py:161} INFO - Started process (PID=1772) to work on /home/airflow/.local/lib/python3.8/site-packages/airflow/example_dags/example_skip_dag.py
[2024-02-14T16:18:17.134+0000] {processor.py:830} INFO - Processing file /home/airflow/.local/lib/python3.8/site-packages/airflow/example_dags/example_skip_dag.py for tasks to queue
[2024-02-14T16:18:17.135+0000] {logging_mixin.py:188} INFO - [2024-02-14T16:18:17.135+0000] {dagbag.py:538} INFO - Filling up the DagBag from /home/airflow/.local/lib/python3.8/site-packages/airflow/example_dags/example_skip_dag.py
[2024-02-14T16:18:17.139+0000] {processor.py:840} INFO - DAG(s) 'example_skip_dag' retrieved from /home/airflow/.local/lib/python3.8/site-packages/airflow/example_dags/example_skip_dag.py
[2024-02-14T16:18:17.151+0000] {logging_mixin.py:188} INFO - [2024-02-14T16:18:17.151+0000] {dag.py:3033} INFO - Sync 1 DAGs
[2024-02-14T16:18:17.162+0000] {logging_mixin.py:188} INFO - [2024-02-14T16:18:17.161+0000] {dag.py:3820} INFO - Setting next_dagrun for example_skip_dag to 2024-02-13T00:00:00+00:00, run_after=2024-02-14T00:00:00+00:00
[2024-02-14T16:18:17.170+0000] {processor.py:183} INFO - Processing /home/airflow/.local/lib/python3.8/site-packages/airflow/example_dags/example_skip_dag.py took 0.039 seconds
[2024-02-14T16:18:47.255+0000] {processor.py:161} INFO - Started process (PID=1829) to work on /home/airflow/.local/lib/python3.8/site-packages/airflow/example_dags/example_skip_dag.py
[2024-02-14T16:18:47.256+0000] {processor.py:830} INFO - Processing file /home/airflow/.local/lib/python3.8/site-packages/airflow/example_dags/example_skip_dag.py for tasks to queue
[2024-02-14T16:18:47.258+0000] {logging_mixin.py:188} INFO - [2024-02-14T16:18:47.257+0000] {dagbag.py:538} INFO - Filling up the DagBag from /home/airflow/.local/lib/python3.8/site-packages/airflow/example_dags/example_skip_dag.py
[2024-02-14T16:18:47.262+0000] {processor.py:840} INFO - DAG(s) 'example_skip_dag' retrieved from /home/airflow/.local/lib/python3.8/site-packages/airflow/example_dags/example_skip_dag.py
[2024-02-14T16:18:47.274+0000] {logging_mixin.py:188} INFO - [2024-02-14T16:18:47.274+0000] {dag.py:3033} INFO - Sync 1 DAGs
[2024-02-14T16:18:47.285+0000] {logging_mixin.py:188} INFO - [2024-02-14T16:18:47.285+0000] {dag.py:3820} INFO - Setting next_dagrun for example_skip_dag to 2024-02-13T00:00:00+00:00, run_after=2024-02-14T00:00:00+00:00
[2024-02-14T16:18:47.293+0000] {processor.py:183} INFO - Processing /home/airflow/.local/lib/python3.8/site-packages/airflow/example_dags/example_skip_dag.py took 0.040 seconds
[2024-02-14T16:19:17.685+0000] {processor.py:161} INFO - Started process (PID=1886) to work on /home/airflow/.local/lib/python3.8/site-packages/airflow/example_dags/example_skip_dag.py
[2024-02-14T16:19:17.685+0000] {processor.py:830} INFO - Processing file /home/airflow/.local/lib/python3.8/site-packages/airflow/example_dags/example_skip_dag.py for tasks to queue
[2024-02-14T16:19:17.686+0000] {logging_mixin.py:188} INFO - [2024-02-14T16:19:17.686+0000] {dagbag.py:538} INFO - Filling up the DagBag from /home/airflow/.local/lib/python3.8/site-packages/airflow/example_dags/example_skip_dag.py
[2024-02-14T16:19:17.690+0000] {processor.py:840} INFO - DAG(s) 'example_skip_dag' retrieved from /home/airflow/.local/lib/python3.8/site-packages/airflow/example_dags/example_skip_dag.py
[2024-02-14T16:19:17.703+0000] {logging_mixin.py:188} INFO - [2024-02-14T16:19:17.702+0000] {dag.py:3033} INFO - Sync 1 DAGs
[2024-02-14T16:19:17.713+0000] {logging_mixin.py:188} INFO - [2024-02-14T16:19:17.713+0000] {dag.py:3820} INFO - Setting next_dagrun for example_skip_dag to 2024-02-13T00:00:00+00:00, run_after=2024-02-14T00:00:00+00:00
[2024-02-14T16:19:17.722+0000] {processor.py:183} INFO - Processing /home/airflow/.local/lib/python3.8/site-packages/airflow/example_dags/example_skip_dag.py took 0.039 seconds
[2024-02-14T16:19:47.846+0000] {processor.py:161} INFO - Started process (PID=1943) to work on /home/airflow/.local/lib/python3.8/site-packages/airflow/example_dags/example_skip_dag.py
[2024-02-14T16:19:47.846+0000] {processor.py:830} INFO - Processing file /home/airflow/.local/lib/python3.8/site-packages/airflow/example_dags/example_skip_dag.py for tasks to queue
[2024-02-14T16:19:47.848+0000] {logging_mixin.py:188} INFO - [2024-02-14T16:19:47.848+0000] {dagbag.py:538} INFO - Filling up the DagBag from /home/airflow/.local/lib/python3.8/site-packages/airflow/example_dags/example_skip_dag.py
[2024-02-14T16:19:47.852+0000] {processor.py:840} INFO - DAG(s) 'example_skip_dag' retrieved from /home/airflow/.local/lib/python3.8/site-packages/airflow/example_dags/example_skip_dag.py
[2024-02-14T16:19:47.866+0000] {logging_mixin.py:188} INFO - [2024-02-14T16:19:47.866+0000] {dag.py:3033} INFO - Sync 1 DAGs
[2024-02-14T16:19:47.879+0000] {logging_mixin.py:188} INFO - [2024-02-14T16:19:47.878+0000] {dag.py:3820} INFO - Setting next_dagrun for example_skip_dag to 2024-02-13T00:00:00+00:00, run_after=2024-02-14T00:00:00+00:00
[2024-02-14T16:19:47.889+0000] {processor.py:183} INFO - Processing /home/airflow/.local/lib/python3.8/site-packages/airflow/example_dags/example_skip_dag.py took 0.045 seconds
[2024-02-14T16:20:17.960+0000] {processor.py:161} INFO - Started process (PID=2000) to work on /home/airflow/.local/lib/python3.8/site-packages/airflow/example_dags/example_skip_dag.py
[2024-02-14T16:20:17.961+0000] {processor.py:830} INFO - Processing file /home/airflow/.local/lib/python3.8/site-packages/airflow/example_dags/example_skip_dag.py for tasks to queue
[2024-02-14T16:20:17.962+0000] {logging_mixin.py:188} INFO - [2024-02-14T16:20:17.962+0000] {dagbag.py:538} INFO - Filling up the DagBag from /home/airflow/.local/lib/python3.8/site-packages/airflow/example_dags/example_skip_dag.py
[2024-02-14T16:20:17.967+0000] {processor.py:840} INFO - DAG(s) 'example_skip_dag' retrieved from /home/airflow/.local/lib/python3.8/site-packages/airflow/example_dags/example_skip_dag.py
[2024-02-14T16:20:17.979+0000] {logging_mixin.py:188} INFO - [2024-02-14T16:20:17.979+0000] {dag.py:3033} INFO - Sync 1 DAGs
[2024-02-14T16:20:17.991+0000] {logging_mixin.py:188} INFO - [2024-02-14T16:20:17.991+0000] {dag.py:3820} INFO - Setting next_dagrun for example_skip_dag to 2024-02-13T00:00:00+00:00, run_after=2024-02-14T00:00:00+00:00
[2024-02-14T16:20:18.000+0000] {processor.py:183} INFO - Processing /home/airflow/.local/lib/python3.8/site-packages/airflow/example_dags/example_skip_dag.py took 0.041 seconds
[2024-02-14T16:20:48.384+0000] {processor.py:161} INFO - Started process (PID=2057) to work on /home/airflow/.local/lib/python3.8/site-packages/airflow/example_dags/example_skip_dag.py
[2024-02-14T16:20:48.385+0000] {processor.py:830} INFO - Processing file /home/airflow/.local/lib/python3.8/site-packages/airflow/example_dags/example_skip_dag.py for tasks to queue
[2024-02-14T16:20:48.387+0000] {logging_mixin.py:188} INFO - [2024-02-14T16:20:48.387+0000] {dagbag.py:538} INFO - Filling up the DagBag from /home/airflow/.local/lib/python3.8/site-packages/airflow/example_dags/example_skip_dag.py
[2024-02-14T16:20:48.392+0000] {processor.py:840} INFO - DAG(s) 'example_skip_dag' retrieved from /home/airflow/.local/lib/python3.8/site-packages/airflow/example_dags/example_skip_dag.py
[2024-02-14T16:20:48.406+0000] {logging_mixin.py:188} INFO - [2024-02-14T16:20:48.406+0000] {dag.py:3033} INFO - Sync 1 DAGs
[2024-02-14T16:20:48.418+0000] {logging_mixin.py:188} INFO - [2024-02-14T16:20:48.418+0000] {dag.py:3820} INFO - Setting next_dagrun for example_skip_dag to 2024-02-13T00:00:00+00:00, run_after=2024-02-14T00:00:00+00:00
[2024-02-14T16:20:48.430+0000] {processor.py:183} INFO - Processing /home/airflow/.local/lib/python3.8/site-packages/airflow/example_dags/example_skip_dag.py took 0.048 seconds
[2024-02-14T16:21:18.880+0000] {processor.py:161} INFO - Started process (PID=2114) to work on /home/airflow/.local/lib/python3.8/site-packages/airflow/example_dags/example_skip_dag.py
[2024-02-14T16:21:18.881+0000] {processor.py:830} INFO - Processing file /home/airflow/.local/lib/python3.8/site-packages/airflow/example_dags/example_skip_dag.py for tasks to queue
[2024-02-14T16:21:18.883+0000] {logging_mixin.py:188} INFO - [2024-02-14T16:21:18.883+0000] {dagbag.py:538} INFO - Filling up the DagBag from /home/airflow/.local/lib/python3.8/site-packages/airflow/example_dags/example_skip_dag.py
[2024-02-14T16:21:18.888+0000] {processor.py:840} INFO - DAG(s) 'example_skip_dag' retrieved from /home/airflow/.local/lib/python3.8/site-packages/airflow/example_dags/example_skip_dag.py
[2024-02-14T16:21:18.905+0000] {logging_mixin.py:188} INFO - [2024-02-14T16:21:18.905+0000] {dag.py:3033} INFO - Sync 1 DAGs
[2024-02-14T16:21:19.039+0000] {logging_mixin.py:188} INFO - [2024-02-14T16:21:19.039+0000] {dag.py:3820} INFO - Setting next_dagrun for example_skip_dag to 2024-02-13T00:00:00+00:00, run_after=2024-02-14T00:00:00+00:00
[2024-02-14T16:21:19.049+0000] {processor.py:183} INFO - Processing /home/airflow/.local/lib/python3.8/site-packages/airflow/example_dags/example_skip_dag.py took 0.172 seconds
[2024-02-14T16:21:49.296+0000] {processor.py:161} INFO - Started process (PID=2170) to work on /home/airflow/.local/lib/python3.8/site-packages/airflow/example_dags/example_skip_dag.py
[2024-02-14T16:21:49.297+0000] {processor.py:830} INFO - Processing file /home/airflow/.local/lib/python3.8/site-packages/airflow/example_dags/example_skip_dag.py for tasks to queue
[2024-02-14T16:21:49.299+0000] {logging_mixin.py:188} INFO - [2024-02-14T16:21:49.298+0000] {dagbag.py:538} INFO - Filling up the DagBag from /home/airflow/.local/lib/python3.8/site-packages/airflow/example_dags/example_skip_dag.py
[2024-02-14T16:21:49.303+0000] {processor.py:840} INFO - DAG(s) 'example_skip_dag' retrieved from /home/airflow/.local/lib/python3.8/site-packages/airflow/example_dags/example_skip_dag.py
[2024-02-14T16:21:49.317+0000] {logging_mixin.py:188} INFO - [2024-02-14T16:21:49.317+0000] {dag.py:3033} INFO - Sync 1 DAGs
[2024-02-14T16:21:49.428+0000] {logging_mixin.py:188} INFO - [2024-02-14T16:21:49.427+0000] {dag.py:3820} INFO - Setting next_dagrun for example_skip_dag to 2024-02-13T00:00:00+00:00, run_after=2024-02-14T00:00:00+00:00
[2024-02-14T16:21:49.438+0000] {processor.py:183} INFO - Processing /home/airflow/.local/lib/python3.8/site-packages/airflow/example_dags/example_skip_dag.py took 0.144 seconds
[2024-02-14T16:22:19.689+0000] {processor.py:161} INFO - Started process (PID=2227) to work on /home/airflow/.local/lib/python3.8/site-packages/airflow/example_dags/example_skip_dag.py
[2024-02-14T16:22:19.689+0000] {processor.py:830} INFO - Processing file /home/airflow/.local/lib/python3.8/site-packages/airflow/example_dags/example_skip_dag.py for tasks to queue
[2024-02-14T16:22:19.691+0000] {logging_mixin.py:188} INFO - [2024-02-14T16:22:19.691+0000] {dagbag.py:538} INFO - Filling up the DagBag from /home/airflow/.local/lib/python3.8/site-packages/airflow/example_dags/example_skip_dag.py
[2024-02-14T16:22:19.695+0000] {processor.py:840} INFO - DAG(s) 'example_skip_dag' retrieved from /home/airflow/.local/lib/python3.8/site-packages/airflow/example_dags/example_skip_dag.py
[2024-02-14T16:22:19.707+0000] {logging_mixin.py:188} INFO - [2024-02-14T16:22:19.707+0000] {dag.py:3033} INFO - Sync 1 DAGs
[2024-02-14T16:22:19.798+0000] {logging_mixin.py:188} INFO - [2024-02-14T16:22:19.798+0000] {dag.py:3820} INFO - Setting next_dagrun for example_skip_dag to 2024-02-13T00:00:00+00:00, run_after=2024-02-14T00:00:00+00:00
[2024-02-14T16:22:19.805+0000] {processor.py:183} INFO - Processing /home/airflow/.local/lib/python3.8/site-packages/airflow/example_dags/example_skip_dag.py took 0.119 seconds
[2024-02-14T16:22:50.694+0000] {processor.py:161} INFO - Started process (PID=2284) to work on /home/airflow/.local/lib/python3.8/site-packages/airflow/example_dags/example_skip_dag.py
[2024-02-14T16:22:50.694+0000] {processor.py:830} INFO - Processing file /home/airflow/.local/lib/python3.8/site-packages/airflow/example_dags/example_skip_dag.py for tasks to queue
[2024-02-14T16:22:50.696+0000] {logging_mixin.py:188} INFO - [2024-02-14T16:22:50.696+0000] {dagbag.py:538} INFO - Filling up the DagBag from /home/airflow/.local/lib/python3.8/site-packages/airflow/example_dags/example_skip_dag.py
[2024-02-14T16:22:50.701+0000] {processor.py:840} INFO - DAG(s) 'example_skip_dag' retrieved from /home/airflow/.local/lib/python3.8/site-packages/airflow/example_dags/example_skip_dag.py
[2024-02-14T16:22:50.716+0000] {logging_mixin.py:188} INFO - [2024-02-14T16:22:50.716+0000] {dag.py:3033} INFO - Sync 1 DAGs
[2024-02-14T16:22:50.823+0000] {logging_mixin.py:188} INFO - [2024-02-14T16:22:50.823+0000] {dag.py:3820} INFO - Setting next_dagrun for example_skip_dag to 2024-02-13T00:00:00+00:00, run_after=2024-02-14T00:00:00+00:00
[2024-02-14T16:22:50.834+0000] {processor.py:183} INFO - Processing /home/airflow/.local/lib/python3.8/site-packages/airflow/example_dags/example_skip_dag.py took 0.143 seconds
[2024-02-14T16:23:21.019+0000] {processor.py:161} INFO - Started process (PID=2341) to work on /home/airflow/.local/lib/python3.8/site-packages/airflow/example_dags/example_skip_dag.py
[2024-02-14T16:23:21.019+0000] {processor.py:830} INFO - Processing file /home/airflow/.local/lib/python3.8/site-packages/airflow/example_dags/example_skip_dag.py for tasks to queue
[2024-02-14T16:23:21.020+0000] {logging_mixin.py:188} INFO - [2024-02-14T16:23:21.020+0000] {dagbag.py:538} INFO - Filling up the DagBag from /home/airflow/.local/lib/python3.8/site-packages/airflow/example_dags/example_skip_dag.py
[2024-02-14T16:23:21.024+0000] {processor.py:840} INFO - DAG(s) 'example_skip_dag' retrieved from /home/airflow/.local/lib/python3.8/site-packages/airflow/example_dags/example_skip_dag.py
[2024-02-14T16:23:21.036+0000] {logging_mixin.py:188} INFO - [2024-02-14T16:23:21.036+0000] {dag.py:3033} INFO - Sync 1 DAGs
[2024-02-14T16:23:21.047+0000] {logging_mixin.py:188} INFO - [2024-02-14T16:23:21.047+0000] {dag.py:3820} INFO - Setting next_dagrun for example_skip_dag to 2024-02-13T00:00:00+00:00, run_after=2024-02-14T00:00:00+00:00
[2024-02-14T16:23:21.055+0000] {processor.py:183} INFO - Processing /home/airflow/.local/lib/python3.8/site-packages/airflow/example_dags/example_skip_dag.py took 0.039 seconds
[2024-02-14T16:23:51.157+0000] {processor.py:161} INFO - Started process (PID=2398) to work on /home/airflow/.local/lib/python3.8/site-packages/airflow/example_dags/example_skip_dag.py
[2024-02-14T16:23:51.157+0000] {processor.py:830} INFO - Processing file /home/airflow/.local/lib/python3.8/site-packages/airflow/example_dags/example_skip_dag.py for tasks to queue
[2024-02-14T16:23:51.159+0000] {logging_mixin.py:188} INFO - [2024-02-14T16:23:51.159+0000] {dagbag.py:538} INFO - Filling up the DagBag from /home/airflow/.local/lib/python3.8/site-packages/airflow/example_dags/example_skip_dag.py
[2024-02-14T16:23:51.163+0000] {processor.py:840} INFO - DAG(s) 'example_skip_dag' retrieved from /home/airflow/.local/lib/python3.8/site-packages/airflow/example_dags/example_skip_dag.py
[2024-02-14T16:23:51.176+0000] {logging_mixin.py:188} INFO - [2024-02-14T16:23:51.176+0000] {dag.py:3033} INFO - Sync 1 DAGs
[2024-02-14T16:23:51.187+0000] {logging_mixin.py:188} INFO - [2024-02-14T16:23:51.187+0000] {dag.py:3820} INFO - Setting next_dagrun for example_skip_dag to 2024-02-13T00:00:00+00:00, run_after=2024-02-14T00:00:00+00:00
[2024-02-14T16:23:51.195+0000] {processor.py:183} INFO - Processing /home/airflow/.local/lib/python3.8/site-packages/airflow/example_dags/example_skip_dag.py took 0.041 seconds
[2024-02-14T16:24:21.487+0000] {processor.py:161} INFO - Started process (PID=2455) to work on /home/airflow/.local/lib/python3.8/site-packages/airflow/example_dags/example_skip_dag.py
[2024-02-14T16:24:21.488+0000] {processor.py:830} INFO - Processing file /home/airflow/.local/lib/python3.8/site-packages/airflow/example_dags/example_skip_dag.py for tasks to queue
[2024-02-14T16:24:21.489+0000] {logging_mixin.py:188} INFO - [2024-02-14T16:24:21.489+0000] {dagbag.py:538} INFO - Filling up the DagBag from /home/airflow/.local/lib/python3.8/site-packages/airflow/example_dags/example_skip_dag.py
[2024-02-14T16:24:21.493+0000] {processor.py:840} INFO - DAG(s) 'example_skip_dag' retrieved from /home/airflow/.local/lib/python3.8/site-packages/airflow/example_dags/example_skip_dag.py
[2024-02-14T16:24:21.505+0000] {logging_mixin.py:188} INFO - [2024-02-14T16:24:21.505+0000] {dag.py:3033} INFO - Sync 1 DAGs
[2024-02-14T16:24:21.515+0000] {logging_mixin.py:188} INFO - [2024-02-14T16:24:21.515+0000] {dag.py:3820} INFO - Setting next_dagrun for example_skip_dag to 2024-02-13T00:00:00+00:00, run_after=2024-02-14T00:00:00+00:00
[2024-02-14T16:24:21.524+0000] {processor.py:183} INFO - Processing /home/airflow/.local/lib/python3.8/site-packages/airflow/example_dags/example_skip_dag.py took 0.040 seconds
