[2024-02-14T16:03:07.578+0000] {processor.py:161} INFO - Started process (PID=62) to work on /home/airflow/.local/lib/python3.8/site-packages/airflow/example_dags/example_params_trigger_ui.py
[2024-02-14T16:03:07.578+0000] {processor.py:830} INFO - Processing file /home/airflow/.local/lib/python3.8/site-packages/airflow/example_dags/example_params_trigger_ui.py for tasks to queue
[2024-02-14T16:03:07.580+0000] {logging_mixin.py:188} INFO - [2024-02-14T16:03:07.579+0000] {dagbag.py:538} INFO - Filling up the DagBag from /home/airflow/.local/lib/python3.8/site-packages/airflow/example_dags/example_params_trigger_ui.py
[2024-02-14T16:03:07.589+0000] {processor.py:840} INFO - DAG(s) 'example_params_trigger_ui' retrieved from /home/airflow/.local/lib/python3.8/site-packages/airflow/example_dags/example_params_trigger_ui.py
[2024-02-14T16:03:07.599+0000] {logging_mixin.py:188} INFO - [2024-02-14T16:03:07.599+0000] {dag.py:3033} INFO - Sync 1 DAGs
[2024-02-14T16:03:07.621+0000] {logging_mixin.py:188} INFO - [2024-02-14T16:03:07.621+0000] {dag.py:3820} INFO - Setting next_dagrun for example_params_trigger_ui to None, run_after=None
[2024-02-14T16:03:07.653+0000] {processor.py:183} INFO - Processing /home/airflow/.local/lib/python3.8/site-packages/airflow/example_dags/example_params_trigger_ui.py took 0.078 seconds
[2024-02-14T16:03:37.877+0000] {processor.py:161} INFO - Started process (PID=119) to work on /home/airflow/.local/lib/python3.8/site-packages/airflow/example_dags/example_params_trigger_ui.py
[2024-02-14T16:03:37.878+0000] {processor.py:830} INFO - Processing file /home/airflow/.local/lib/python3.8/site-packages/airflow/example_dags/example_params_trigger_ui.py for tasks to queue
[2024-02-14T16:03:37.880+0000] {logging_mixin.py:188} INFO - [2024-02-14T16:03:37.880+0000] {dagbag.py:538} INFO - Filling up the DagBag from /home/airflow/.local/lib/python3.8/site-packages/airflow/example_dags/example_params_trigger_ui.py
[2024-02-14T16:03:37.888+0000] {processor.py:840} INFO - DAG(s) 'example_params_trigger_ui' retrieved from /home/airflow/.local/lib/python3.8/site-packages/airflow/example_dags/example_params_trigger_ui.py
[2024-02-14T16:03:37.951+0000] {logging_mixin.py:188} INFO - [2024-02-14T16:03:37.951+0000] {dag.py:3033} INFO - Sync 1 DAGs
[2024-02-14T16:03:37.957+0000] {logging_mixin.py:188} INFO - [2024-02-14T16:03:37.957+0000] {dag.py:3820} INFO - Setting next_dagrun for example_params_trigger_ui to None, run_after=None
[2024-02-14T16:03:37.966+0000] {processor.py:183} INFO - Processing /home/airflow/.local/lib/python3.8/site-packages/airflow/example_dags/example_params_trigger_ui.py took 0.091 seconds
[2024-02-14T16:04:08.608+0000] {processor.py:161} INFO - Started process (PID=176) to work on /home/airflow/.local/lib/python3.8/site-packages/airflow/example_dags/example_params_trigger_ui.py
[2024-02-14T16:04:08.609+0000] {processor.py:830} INFO - Processing file /home/airflow/.local/lib/python3.8/site-packages/airflow/example_dags/example_params_trigger_ui.py for tasks to queue
[2024-02-14T16:04:08.610+0000] {logging_mixin.py:188} INFO - [2024-02-14T16:04:08.610+0000] {dagbag.py:538} INFO - Filling up the DagBag from /home/airflow/.local/lib/python3.8/site-packages/airflow/example_dags/example_params_trigger_ui.py
[2024-02-14T16:04:08.619+0000] {processor.py:840} INFO - DAG(s) 'example_params_trigger_ui' retrieved from /home/airflow/.local/lib/python3.8/site-packages/airflow/example_dags/example_params_trigger_ui.py
[2024-02-14T16:04:08.643+0000] {logging_mixin.py:188} INFO - [2024-02-14T16:04:08.643+0000] {dag.py:3033} INFO - Sync 1 DAGs
[2024-02-14T16:04:08.650+0000] {logging_mixin.py:188} INFO - [2024-02-14T16:04:08.650+0000] {dag.py:3820} INFO - Setting next_dagrun for example_params_trigger_ui to None, run_after=None
[2024-02-14T16:04:08.660+0000] {processor.py:183} INFO - Processing /home/airflow/.local/lib/python3.8/site-packages/airflow/example_dags/example_params_trigger_ui.py took 0.055 seconds
[2024-02-14T16:04:38.820+0000] {processor.py:161} INFO - Started process (PID=233) to work on /home/airflow/.local/lib/python3.8/site-packages/airflow/example_dags/example_params_trigger_ui.py
[2024-02-14T16:04:38.821+0000] {processor.py:830} INFO - Processing file /home/airflow/.local/lib/python3.8/site-packages/airflow/example_dags/example_params_trigger_ui.py for tasks to queue
[2024-02-14T16:04:38.822+0000] {logging_mixin.py:188} INFO - [2024-02-14T16:04:38.822+0000] {dagbag.py:538} INFO - Filling up the DagBag from /home/airflow/.local/lib/python3.8/site-packages/airflow/example_dags/example_params_trigger_ui.py
[2024-02-14T16:04:38.830+0000] {processor.py:840} INFO - DAG(s) 'example_params_trigger_ui' retrieved from /home/airflow/.local/lib/python3.8/site-packages/airflow/example_dags/example_params_trigger_ui.py
[2024-02-14T16:04:38.856+0000] {logging_mixin.py:188} INFO - [2024-02-14T16:04:38.855+0000] {dag.py:3033} INFO - Sync 1 DAGs
[2024-02-14T16:04:38.862+0000] {logging_mixin.py:188} INFO - [2024-02-14T16:04:38.862+0000] {dag.py:3820} INFO - Setting next_dagrun for example_params_trigger_ui to None, run_after=None
[2024-02-14T16:04:38.871+0000] {processor.py:183} INFO - Processing /home/airflow/.local/lib/python3.8/site-packages/airflow/example_dags/example_params_trigger_ui.py took 0.054 seconds
[2024-02-14T16:05:09.112+0000] {processor.py:161} INFO - Started process (PID=290) to work on /home/airflow/.local/lib/python3.8/site-packages/airflow/example_dags/example_params_trigger_ui.py
[2024-02-14T16:05:09.112+0000] {processor.py:830} INFO - Processing file /home/airflow/.local/lib/python3.8/site-packages/airflow/example_dags/example_params_trigger_ui.py for tasks to queue
[2024-02-14T16:05:09.114+0000] {logging_mixin.py:188} INFO - [2024-02-14T16:05:09.114+0000] {dagbag.py:538} INFO - Filling up the DagBag from /home/airflow/.local/lib/python3.8/site-packages/airflow/example_dags/example_params_trigger_ui.py
[2024-02-14T16:05:09.122+0000] {processor.py:840} INFO - DAG(s) 'example_params_trigger_ui' retrieved from /home/airflow/.local/lib/python3.8/site-packages/airflow/example_dags/example_params_trigger_ui.py
[2024-02-14T16:05:09.147+0000] {logging_mixin.py:188} INFO - [2024-02-14T16:05:09.147+0000] {dag.py:3033} INFO - Sync 1 DAGs
[2024-02-14T16:05:09.153+0000] {logging_mixin.py:188} INFO - [2024-02-14T16:05:09.153+0000] {dag.py:3820} INFO - Setting next_dagrun for example_params_trigger_ui to None, run_after=None
[2024-02-14T16:05:09.163+0000] {processor.py:183} INFO - Processing /home/airflow/.local/lib/python3.8/site-packages/airflow/example_dags/example_params_trigger_ui.py took 0.054 seconds
[2024-02-14T16:05:39.288+0000] {processor.py:161} INFO - Started process (PID=347) to work on /home/airflow/.local/lib/python3.8/site-packages/airflow/example_dags/example_params_trigger_ui.py
[2024-02-14T16:05:39.288+0000] {processor.py:830} INFO - Processing file /home/airflow/.local/lib/python3.8/site-packages/airflow/example_dags/example_params_trigger_ui.py for tasks to queue
[2024-02-14T16:05:39.290+0000] {logging_mixin.py:188} INFO - [2024-02-14T16:05:39.290+0000] {dagbag.py:538} INFO - Filling up the DagBag from /home/airflow/.local/lib/python3.8/site-packages/airflow/example_dags/example_params_trigger_ui.py
[2024-02-14T16:05:39.298+0000] {processor.py:840} INFO - DAG(s) 'example_params_trigger_ui' retrieved from /home/airflow/.local/lib/python3.8/site-packages/airflow/example_dags/example_params_trigger_ui.py
[2024-02-14T16:05:39.324+0000] {logging_mixin.py:188} INFO - [2024-02-14T16:05:39.324+0000] {dag.py:3033} INFO - Sync 1 DAGs
[2024-02-14T16:05:39.331+0000] {logging_mixin.py:188} INFO - [2024-02-14T16:05:39.331+0000] {dag.py:3820} INFO - Setting next_dagrun for example_params_trigger_ui to None, run_after=None
[2024-02-14T16:05:39.340+0000] {processor.py:183} INFO - Processing /home/airflow/.local/lib/python3.8/site-packages/airflow/example_dags/example_params_trigger_ui.py took 0.055 seconds
[2024-02-14T16:06:09.460+0000] {processor.py:161} INFO - Started process (PID=404) to work on /home/airflow/.local/lib/python3.8/site-packages/airflow/example_dags/example_params_trigger_ui.py
[2024-02-14T16:06:09.460+0000] {processor.py:830} INFO - Processing file /home/airflow/.local/lib/python3.8/site-packages/airflow/example_dags/example_params_trigger_ui.py for tasks to queue
[2024-02-14T16:06:09.462+0000] {logging_mixin.py:188} INFO - [2024-02-14T16:06:09.462+0000] {dagbag.py:538} INFO - Filling up the DagBag from /home/airflow/.local/lib/python3.8/site-packages/airflow/example_dags/example_params_trigger_ui.py
[2024-02-14T16:06:09.470+0000] {processor.py:840} INFO - DAG(s) 'example_params_trigger_ui' retrieved from /home/airflow/.local/lib/python3.8/site-packages/airflow/example_dags/example_params_trigger_ui.py
[2024-02-14T16:06:09.495+0000] {logging_mixin.py:188} INFO - [2024-02-14T16:06:09.495+0000] {dag.py:3033} INFO - Sync 1 DAGs
[2024-02-14T16:06:09.502+0000] {logging_mixin.py:188} INFO - [2024-02-14T16:06:09.502+0000] {dag.py:3820} INFO - Setting next_dagrun for example_params_trigger_ui to None, run_after=None
[2024-02-14T16:06:09.511+0000] {processor.py:183} INFO - Processing /home/airflow/.local/lib/python3.8/site-packages/airflow/example_dags/example_params_trigger_ui.py took 0.053 seconds
[2024-02-14T16:06:39.556+0000] {processor.py:161} INFO - Started process (PID=461) to work on /home/airflow/.local/lib/python3.8/site-packages/airflow/example_dags/example_params_trigger_ui.py
[2024-02-14T16:06:39.556+0000] {processor.py:830} INFO - Processing file /home/airflow/.local/lib/python3.8/site-packages/airflow/example_dags/example_params_trigger_ui.py for tasks to queue
[2024-02-14T16:06:39.558+0000] {logging_mixin.py:188} INFO - [2024-02-14T16:06:39.558+0000] {dagbag.py:538} INFO - Filling up the DagBag from /home/airflow/.local/lib/python3.8/site-packages/airflow/example_dags/example_params_trigger_ui.py
[2024-02-14T16:06:39.565+0000] {processor.py:840} INFO - DAG(s) 'example_params_trigger_ui' retrieved from /home/airflow/.local/lib/python3.8/site-packages/airflow/example_dags/example_params_trigger_ui.py
[2024-02-14T16:06:39.588+0000] {logging_mixin.py:188} INFO - [2024-02-14T16:06:39.588+0000] {dag.py:3033} INFO - Sync 1 DAGs
[2024-02-14T16:06:39.594+0000] {logging_mixin.py:188} INFO - [2024-02-14T16:06:39.594+0000] {dag.py:3820} INFO - Setting next_dagrun for example_params_trigger_ui to None, run_after=None
[2024-02-14T16:06:39.603+0000] {processor.py:183} INFO - Processing /home/airflow/.local/lib/python3.8/site-packages/airflow/example_dags/example_params_trigger_ui.py took 0.050 seconds
[2024-02-14T16:07:09.629+0000] {processor.py:161} INFO - Started process (PID=517) to work on /home/airflow/.local/lib/python3.8/site-packages/airflow/example_dags/example_params_trigger_ui.py
[2024-02-14T16:07:09.630+0000] {processor.py:830} INFO - Processing file /home/airflow/.local/lib/python3.8/site-packages/airflow/example_dags/example_params_trigger_ui.py for tasks to queue
[2024-02-14T16:07:09.631+0000] {logging_mixin.py:188} INFO - [2024-02-14T16:07:09.631+0000] {dagbag.py:538} INFO - Filling up the DagBag from /home/airflow/.local/lib/python3.8/site-packages/airflow/example_dags/example_params_trigger_ui.py
[2024-02-14T16:07:09.639+0000] {processor.py:840} INFO - DAG(s) 'example_params_trigger_ui' retrieved from /home/airflow/.local/lib/python3.8/site-packages/airflow/example_dags/example_params_trigger_ui.py
[2024-02-14T16:07:09.662+0000] {logging_mixin.py:188} INFO - [2024-02-14T16:07:09.662+0000] {dag.py:3033} INFO - Sync 1 DAGs
[2024-02-14T16:07:09.668+0000] {logging_mixin.py:188} INFO - [2024-02-14T16:07:09.668+0000] {dag.py:3820} INFO - Setting next_dagrun for example_params_trigger_ui to None, run_after=None
[2024-02-14T16:07:09.677+0000] {processor.py:183} INFO - Processing /home/airflow/.local/lib/python3.8/site-packages/airflow/example_dags/example_params_trigger_ui.py took 0.050 seconds
[2024-02-14T16:07:39.864+0000] {processor.py:161} INFO - Started process (PID=574) to work on /home/airflow/.local/lib/python3.8/site-packages/airflow/example_dags/example_params_trigger_ui.py
[2024-02-14T16:07:39.865+0000] {processor.py:830} INFO - Processing file /home/airflow/.local/lib/python3.8/site-packages/airflow/example_dags/example_params_trigger_ui.py for tasks to queue
[2024-02-14T16:07:39.867+0000] {logging_mixin.py:188} INFO - [2024-02-14T16:07:39.867+0000] {dagbag.py:538} INFO - Filling up the DagBag from /home/airflow/.local/lib/python3.8/site-packages/airflow/example_dags/example_params_trigger_ui.py
[2024-02-14T16:07:39.888+0000] {processor.py:840} INFO - DAG(s) 'example_params_trigger_ui' retrieved from /home/airflow/.local/lib/python3.8/site-packages/airflow/example_dags/example_params_trigger_ui.py
[2024-02-14T16:07:39.915+0000] {logging_mixin.py:188} INFO - [2024-02-14T16:07:39.915+0000] {dag.py:3033} INFO - Sync 1 DAGs
[2024-02-14T16:07:39.923+0000] {logging_mixin.py:188} INFO - [2024-02-14T16:07:39.923+0000] {dag.py:3820} INFO - Setting next_dagrun for example_params_trigger_ui to None, run_after=None
[2024-02-14T16:07:39.946+0000] {processor.py:183} INFO - Processing /home/airflow/.local/lib/python3.8/site-packages/airflow/example_dags/example_params_trigger_ui.py took 0.085 seconds
[2024-02-14T16:08:10.176+0000] {processor.py:161} INFO - Started process (PID=631) to work on /home/airflow/.local/lib/python3.8/site-packages/airflow/example_dags/example_params_trigger_ui.py
[2024-02-14T16:08:10.177+0000] {processor.py:830} INFO - Processing file /home/airflow/.local/lib/python3.8/site-packages/airflow/example_dags/example_params_trigger_ui.py for tasks to queue
[2024-02-14T16:08:10.178+0000] {logging_mixin.py:188} INFO - [2024-02-14T16:08:10.178+0000] {dagbag.py:538} INFO - Filling up the DagBag from /home/airflow/.local/lib/python3.8/site-packages/airflow/example_dags/example_params_trigger_ui.py
[2024-02-14T16:08:10.186+0000] {processor.py:840} INFO - DAG(s) 'example_params_trigger_ui' retrieved from /home/airflow/.local/lib/python3.8/site-packages/airflow/example_dags/example_params_trigger_ui.py
[2024-02-14T16:08:10.211+0000] {logging_mixin.py:188} INFO - [2024-02-14T16:08:10.210+0000] {dag.py:3033} INFO - Sync 1 DAGs
[2024-02-14T16:08:10.217+0000] {logging_mixin.py:188} INFO - [2024-02-14T16:08:10.217+0000] {dag.py:3820} INFO - Setting next_dagrun for example_params_trigger_ui to None, run_after=None
[2024-02-14T16:08:10.226+0000] {processor.py:183} INFO - Processing /home/airflow/.local/lib/python3.8/site-packages/airflow/example_dags/example_params_trigger_ui.py took 0.053 seconds
[2024-02-14T16:08:40.352+0000] {processor.py:161} INFO - Started process (PID=688) to work on /home/airflow/.local/lib/python3.8/site-packages/airflow/example_dags/example_params_trigger_ui.py
[2024-02-14T16:08:40.353+0000] {processor.py:830} INFO - Processing file /home/airflow/.local/lib/python3.8/site-packages/airflow/example_dags/example_params_trigger_ui.py for tasks to queue
[2024-02-14T16:08:40.354+0000] {logging_mixin.py:188} INFO - [2024-02-14T16:08:40.354+0000] {dagbag.py:538} INFO - Filling up the DagBag from /home/airflow/.local/lib/python3.8/site-packages/airflow/example_dags/example_params_trigger_ui.py
[2024-02-14T16:08:40.362+0000] {processor.py:840} INFO - DAG(s) 'example_params_trigger_ui' retrieved from /home/airflow/.local/lib/python3.8/site-packages/airflow/example_dags/example_params_trigger_ui.py
[2024-02-14T16:08:40.388+0000] {logging_mixin.py:188} INFO - [2024-02-14T16:08:40.388+0000] {dag.py:3033} INFO - Sync 1 DAGs
[2024-02-14T16:08:40.395+0000] {logging_mixin.py:188} INFO - [2024-02-14T16:08:40.395+0000] {dag.py:3820} INFO - Setting next_dagrun for example_params_trigger_ui to None, run_after=None
[2024-02-14T16:08:40.404+0000] {processor.py:183} INFO - Processing /home/airflow/.local/lib/python3.8/site-packages/airflow/example_dags/example_params_trigger_ui.py took 0.054 seconds
[2024-02-14T16:09:10.503+0000] {processor.py:161} INFO - Started process (PID=745) to work on /home/airflow/.local/lib/python3.8/site-packages/airflow/example_dags/example_params_trigger_ui.py
[2024-02-14T16:09:10.504+0000] {processor.py:830} INFO - Processing file /home/airflow/.local/lib/python3.8/site-packages/airflow/example_dags/example_params_trigger_ui.py for tasks to queue
[2024-02-14T16:09:10.505+0000] {logging_mixin.py:188} INFO - [2024-02-14T16:09:10.505+0000] {dagbag.py:538} INFO - Filling up the DagBag from /home/airflow/.local/lib/python3.8/site-packages/airflow/example_dags/example_params_trigger_ui.py
[2024-02-14T16:09:10.513+0000] {processor.py:840} INFO - DAG(s) 'example_params_trigger_ui' retrieved from /home/airflow/.local/lib/python3.8/site-packages/airflow/example_dags/example_params_trigger_ui.py
[2024-02-14T16:09:10.537+0000] {logging_mixin.py:188} INFO - [2024-02-14T16:09:10.537+0000] {dag.py:3033} INFO - Sync 1 DAGs
[2024-02-14T16:09:10.544+0000] {logging_mixin.py:188} INFO - [2024-02-14T16:09:10.544+0000] {dag.py:3820} INFO - Setting next_dagrun for example_params_trigger_ui to None, run_after=None
[2024-02-14T16:09:10.554+0000] {processor.py:183} INFO - Processing /home/airflow/.local/lib/python3.8/site-packages/airflow/example_dags/example_params_trigger_ui.py took 0.053 seconds
[2024-02-14T16:09:40.575+0000] {processor.py:161} INFO - Started process (PID=802) to work on /home/airflow/.local/lib/python3.8/site-packages/airflow/example_dags/example_params_trigger_ui.py
[2024-02-14T16:09:40.576+0000] {processor.py:830} INFO - Processing file /home/airflow/.local/lib/python3.8/site-packages/airflow/example_dags/example_params_trigger_ui.py for tasks to queue
[2024-02-14T16:09:40.577+0000] {logging_mixin.py:188} INFO - [2024-02-14T16:09:40.577+0000] {dagbag.py:538} INFO - Filling up the DagBag from /home/airflow/.local/lib/python3.8/site-packages/airflow/example_dags/example_params_trigger_ui.py
[2024-02-14T16:09:40.585+0000] {processor.py:840} INFO - DAG(s) 'example_params_trigger_ui' retrieved from /home/airflow/.local/lib/python3.8/site-packages/airflow/example_dags/example_params_trigger_ui.py
[2024-02-14T16:09:40.609+0000] {logging_mixin.py:188} INFO - [2024-02-14T16:09:40.609+0000] {dag.py:3033} INFO - Sync 1 DAGs
[2024-02-14T16:09:40.615+0000] {logging_mixin.py:188} INFO - [2024-02-14T16:09:40.615+0000] {dag.py:3820} INFO - Setting next_dagrun for example_params_trigger_ui to None, run_after=None
[2024-02-14T16:09:40.624+0000] {processor.py:183} INFO - Processing /home/airflow/.local/lib/python3.8/site-packages/airflow/example_dags/example_params_trigger_ui.py took 0.052 seconds
[2024-02-14T16:10:10.795+0000] {processor.py:161} INFO - Started process (PID=859) to work on /home/airflow/.local/lib/python3.8/site-packages/airflow/example_dags/example_params_trigger_ui.py
[2024-02-14T16:10:10.795+0000] {processor.py:830} INFO - Processing file /home/airflow/.local/lib/python3.8/site-packages/airflow/example_dags/example_params_trigger_ui.py for tasks to queue
[2024-02-14T16:10:10.797+0000] {logging_mixin.py:188} INFO - [2024-02-14T16:10:10.797+0000] {dagbag.py:538} INFO - Filling up the DagBag from /home/airflow/.local/lib/python3.8/site-packages/airflow/example_dags/example_params_trigger_ui.py
[2024-02-14T16:10:10.805+0000] {processor.py:840} INFO - DAG(s) 'example_params_trigger_ui' retrieved from /home/airflow/.local/lib/python3.8/site-packages/airflow/example_dags/example_params_trigger_ui.py
[2024-02-14T16:10:10.830+0000] {logging_mixin.py:188} INFO - [2024-02-14T16:10:10.830+0000] {dag.py:3033} INFO - Sync 1 DAGs
[2024-02-14T16:10:10.837+0000] {logging_mixin.py:188} INFO - [2024-02-14T16:10:10.837+0000] {dag.py:3820} INFO - Setting next_dagrun for example_params_trigger_ui to None, run_after=None
[2024-02-14T16:10:10.847+0000] {processor.py:183} INFO - Processing /home/airflow/.local/lib/python3.8/site-packages/airflow/example_dags/example_params_trigger_ui.py took 0.055 seconds
[2024-02-14T16:10:41.105+0000] {processor.py:161} INFO - Started process (PID=916) to work on /home/airflow/.local/lib/python3.8/site-packages/airflow/example_dags/example_params_trigger_ui.py
[2024-02-14T16:10:41.106+0000] {processor.py:830} INFO - Processing file /home/airflow/.local/lib/python3.8/site-packages/airflow/example_dags/example_params_trigger_ui.py for tasks to queue
[2024-02-14T16:10:41.108+0000] {logging_mixin.py:188} INFO - [2024-02-14T16:10:41.107+0000] {dagbag.py:538} INFO - Filling up the DagBag from /home/airflow/.local/lib/python3.8/site-packages/airflow/example_dags/example_params_trigger_ui.py
[2024-02-14T16:10:41.116+0000] {processor.py:840} INFO - DAG(s) 'example_params_trigger_ui' retrieved from /home/airflow/.local/lib/python3.8/site-packages/airflow/example_dags/example_params_trigger_ui.py
[2024-02-14T16:10:41.140+0000] {logging_mixin.py:188} INFO - [2024-02-14T16:10:41.140+0000] {dag.py:3033} INFO - Sync 1 DAGs
[2024-02-14T16:10:41.146+0000] {logging_mixin.py:188} INFO - [2024-02-14T16:10:41.146+0000] {dag.py:3820} INFO - Setting next_dagrun for example_params_trigger_ui to None, run_after=None
[2024-02-14T16:10:41.154+0000] {processor.py:183} INFO - Processing /home/airflow/.local/lib/python3.8/site-packages/airflow/example_dags/example_params_trigger_ui.py took 0.051 seconds
[2024-02-14T16:11:11.257+0000] {processor.py:161} INFO - Started process (PID=973) to work on /home/airflow/.local/lib/python3.8/site-packages/airflow/example_dags/example_params_trigger_ui.py
[2024-02-14T16:11:11.258+0000] {processor.py:830} INFO - Processing file /home/airflow/.local/lib/python3.8/site-packages/airflow/example_dags/example_params_trigger_ui.py for tasks to queue
[2024-02-14T16:11:11.259+0000] {logging_mixin.py:188} INFO - [2024-02-14T16:11:11.259+0000] {dagbag.py:538} INFO - Filling up the DagBag from /home/airflow/.local/lib/python3.8/site-packages/airflow/example_dags/example_params_trigger_ui.py
[2024-02-14T16:11:11.267+0000] {processor.py:840} INFO - DAG(s) 'example_params_trigger_ui' retrieved from /home/airflow/.local/lib/python3.8/site-packages/airflow/example_dags/example_params_trigger_ui.py
[2024-02-14T16:11:11.291+0000] {logging_mixin.py:188} INFO - [2024-02-14T16:11:11.291+0000] {dag.py:3033} INFO - Sync 1 DAGs
[2024-02-14T16:11:11.298+0000] {logging_mixin.py:188} INFO - [2024-02-14T16:11:11.298+0000] {dag.py:3820} INFO - Setting next_dagrun for example_params_trigger_ui to None, run_after=None
[2024-02-14T16:11:11.307+0000] {processor.py:183} INFO - Processing /home/airflow/.local/lib/python3.8/site-packages/airflow/example_dags/example_params_trigger_ui.py took 0.052 seconds
[2024-02-14T16:11:41.446+0000] {processor.py:161} INFO - Started process (PID=1030) to work on /home/airflow/.local/lib/python3.8/site-packages/airflow/example_dags/example_params_trigger_ui.py
[2024-02-14T16:11:41.446+0000] {processor.py:830} INFO - Processing file /home/airflow/.local/lib/python3.8/site-packages/airflow/example_dags/example_params_trigger_ui.py for tasks to queue
[2024-02-14T16:11:41.448+0000] {logging_mixin.py:188} INFO - [2024-02-14T16:11:41.448+0000] {dagbag.py:538} INFO - Filling up the DagBag from /home/airflow/.local/lib/python3.8/site-packages/airflow/example_dags/example_params_trigger_ui.py
[2024-02-14T16:11:41.456+0000] {processor.py:840} INFO - DAG(s) 'example_params_trigger_ui' retrieved from /home/airflow/.local/lib/python3.8/site-packages/airflow/example_dags/example_params_trigger_ui.py
[2024-02-14T16:11:41.483+0000] {logging_mixin.py:188} INFO - [2024-02-14T16:11:41.483+0000] {dag.py:3033} INFO - Sync 1 DAGs
[2024-02-14T16:11:41.489+0000] {logging_mixin.py:188} INFO - [2024-02-14T16:11:41.489+0000] {dag.py:3820} INFO - Setting next_dagrun for example_params_trigger_ui to None, run_after=None
[2024-02-14T16:11:41.501+0000] {processor.py:183} INFO - Processing /home/airflow/.local/lib/python3.8/site-packages/airflow/example_dags/example_params_trigger_ui.py took 0.057 seconds
[2024-02-14T16:12:11.596+0000] {processor.py:161} INFO - Started process (PID=1086) to work on /home/airflow/.local/lib/python3.8/site-packages/airflow/example_dags/example_params_trigger_ui.py
[2024-02-14T16:12:11.597+0000] {processor.py:830} INFO - Processing file /home/airflow/.local/lib/python3.8/site-packages/airflow/example_dags/example_params_trigger_ui.py for tasks to queue
[2024-02-14T16:12:11.598+0000] {logging_mixin.py:188} INFO - [2024-02-14T16:12:11.598+0000] {dagbag.py:538} INFO - Filling up the DagBag from /home/airflow/.local/lib/python3.8/site-packages/airflow/example_dags/example_params_trigger_ui.py
[2024-02-14T16:12:11.606+0000] {processor.py:840} INFO - DAG(s) 'example_params_trigger_ui' retrieved from /home/airflow/.local/lib/python3.8/site-packages/airflow/example_dags/example_params_trigger_ui.py
[2024-02-14T16:12:11.631+0000] {logging_mixin.py:188} INFO - [2024-02-14T16:12:11.630+0000] {dag.py:3033} INFO - Sync 1 DAGs
[2024-02-14T16:12:11.637+0000] {logging_mixin.py:188} INFO - [2024-02-14T16:12:11.637+0000] {dag.py:3820} INFO - Setting next_dagrun for example_params_trigger_ui to None, run_after=None
[2024-02-14T16:12:11.646+0000] {processor.py:183} INFO - Processing /home/airflow/.local/lib/python3.8/site-packages/airflow/example_dags/example_params_trigger_ui.py took 0.052 seconds
[2024-02-14T16:12:41.787+0000] {processor.py:161} INFO - Started process (PID=1143) to work on /home/airflow/.local/lib/python3.8/site-packages/airflow/example_dags/example_params_trigger_ui.py
[2024-02-14T16:12:41.788+0000] {processor.py:830} INFO - Processing file /home/airflow/.local/lib/python3.8/site-packages/airflow/example_dags/example_params_trigger_ui.py for tasks to queue
[2024-02-14T16:12:41.789+0000] {logging_mixin.py:188} INFO - [2024-02-14T16:12:41.789+0000] {dagbag.py:538} INFO - Filling up the DagBag from /home/airflow/.local/lib/python3.8/site-packages/airflow/example_dags/example_params_trigger_ui.py
[2024-02-14T16:12:41.797+0000] {processor.py:840} INFO - DAG(s) 'example_params_trigger_ui' retrieved from /home/airflow/.local/lib/python3.8/site-packages/airflow/example_dags/example_params_trigger_ui.py
[2024-02-14T16:12:41.822+0000] {logging_mixin.py:188} INFO - [2024-02-14T16:12:41.822+0000] {dag.py:3033} INFO - Sync 1 DAGs
[2024-02-14T16:12:41.830+0000] {logging_mixin.py:188} INFO - [2024-02-14T16:12:41.830+0000] {dag.py:3820} INFO - Setting next_dagrun for example_params_trigger_ui to None, run_after=None
[2024-02-14T16:12:41.842+0000] {processor.py:183} INFO - Processing /home/airflow/.local/lib/python3.8/site-packages/airflow/example_dags/example_params_trigger_ui.py took 0.057 seconds
[2024-02-14T16:13:11.993+0000] {processor.py:161} INFO - Started process (PID=1200) to work on /home/airflow/.local/lib/python3.8/site-packages/airflow/example_dags/example_params_trigger_ui.py
[2024-02-14T16:13:11.994+0000] {processor.py:830} INFO - Processing file /home/airflow/.local/lib/python3.8/site-packages/airflow/example_dags/example_params_trigger_ui.py for tasks to queue
[2024-02-14T16:13:11.995+0000] {logging_mixin.py:188} INFO - [2024-02-14T16:13:11.995+0000] {dagbag.py:538} INFO - Filling up the DagBag from /home/airflow/.local/lib/python3.8/site-packages/airflow/example_dags/example_params_trigger_ui.py
[2024-02-14T16:13:12.004+0000] {processor.py:840} INFO - DAG(s) 'example_params_trigger_ui' retrieved from /home/airflow/.local/lib/python3.8/site-packages/airflow/example_dags/example_params_trigger_ui.py
[2024-02-14T16:13:12.029+0000] {logging_mixin.py:188} INFO - [2024-02-14T16:13:12.029+0000] {dag.py:3033} INFO - Sync 1 DAGs
[2024-02-14T16:13:12.036+0000] {logging_mixin.py:188} INFO - [2024-02-14T16:13:12.036+0000] {dag.py:3820} INFO - Setting next_dagrun for example_params_trigger_ui to None, run_after=None
[2024-02-14T16:13:12.045+0000] {processor.py:183} INFO - Processing /home/airflow/.local/lib/python3.8/site-packages/airflow/example_dags/example_params_trigger_ui.py took 0.054 seconds
[2024-02-14T16:13:42.210+0000] {processor.py:161} INFO - Started process (PID=1257) to work on /home/airflow/.local/lib/python3.8/site-packages/airflow/example_dags/example_params_trigger_ui.py
[2024-02-14T16:13:42.211+0000] {processor.py:830} INFO - Processing file /home/airflow/.local/lib/python3.8/site-packages/airflow/example_dags/example_params_trigger_ui.py for tasks to queue
[2024-02-14T16:13:42.213+0000] {logging_mixin.py:188} INFO - [2024-02-14T16:13:42.212+0000] {dagbag.py:538} INFO - Filling up the DagBag from /home/airflow/.local/lib/python3.8/site-packages/airflow/example_dags/example_params_trigger_ui.py
[2024-02-14T16:13:42.221+0000] {processor.py:840} INFO - DAG(s) 'example_params_trigger_ui' retrieved from /home/airflow/.local/lib/python3.8/site-packages/airflow/example_dags/example_params_trigger_ui.py
[2024-02-14T16:13:42.248+0000] {logging_mixin.py:188} INFO - [2024-02-14T16:13:42.248+0000] {dag.py:3033} INFO - Sync 1 DAGs
[2024-02-14T16:13:42.255+0000] {logging_mixin.py:188} INFO - [2024-02-14T16:13:42.255+0000] {dag.py:3820} INFO - Setting next_dagrun for example_params_trigger_ui to None, run_after=None
[2024-02-14T16:13:42.264+0000] {processor.py:183} INFO - Processing /home/airflow/.local/lib/python3.8/site-packages/airflow/example_dags/example_params_trigger_ui.py took 0.057 seconds
[2024-02-14T16:14:12.340+0000] {processor.py:161} INFO - Started process (PID=1314) to work on /home/airflow/.local/lib/python3.8/site-packages/airflow/example_dags/example_params_trigger_ui.py
[2024-02-14T16:14:12.340+0000] {processor.py:830} INFO - Processing file /home/airflow/.local/lib/python3.8/site-packages/airflow/example_dags/example_params_trigger_ui.py for tasks to queue
[2024-02-14T16:14:12.342+0000] {logging_mixin.py:188} INFO - [2024-02-14T16:14:12.342+0000] {dagbag.py:538} INFO - Filling up the DagBag from /home/airflow/.local/lib/python3.8/site-packages/airflow/example_dags/example_params_trigger_ui.py
[2024-02-14T16:14:12.350+0000] {processor.py:840} INFO - DAG(s) 'example_params_trigger_ui' retrieved from /home/airflow/.local/lib/python3.8/site-packages/airflow/example_dags/example_params_trigger_ui.py
[2024-02-14T16:14:12.375+0000] {logging_mixin.py:188} INFO - [2024-02-14T16:14:12.374+0000] {dag.py:3033} INFO - Sync 1 DAGs
[2024-02-14T16:14:12.381+0000] {logging_mixin.py:188} INFO - [2024-02-14T16:14:12.381+0000] {dag.py:3820} INFO - Setting next_dagrun for example_params_trigger_ui to None, run_after=None
[2024-02-14T16:14:12.392+0000] {processor.py:183} INFO - Processing /home/airflow/.local/lib/python3.8/site-packages/airflow/example_dags/example_params_trigger_ui.py took 0.054 seconds
[2024-02-14T16:14:42.602+0000] {processor.py:161} INFO - Started process (PID=1371) to work on /home/airflow/.local/lib/python3.8/site-packages/airflow/example_dags/example_params_trigger_ui.py
[2024-02-14T16:14:42.602+0000] {processor.py:830} INFO - Processing file /home/airflow/.local/lib/python3.8/site-packages/airflow/example_dags/example_params_trigger_ui.py for tasks to queue
[2024-02-14T16:14:42.604+0000] {logging_mixin.py:188} INFO - [2024-02-14T16:14:42.604+0000] {dagbag.py:538} INFO - Filling up the DagBag from /home/airflow/.local/lib/python3.8/site-packages/airflow/example_dags/example_params_trigger_ui.py
[2024-02-14T16:14:42.611+0000] {processor.py:840} INFO - DAG(s) 'example_params_trigger_ui' retrieved from /home/airflow/.local/lib/python3.8/site-packages/airflow/example_dags/example_params_trigger_ui.py
[2024-02-14T16:14:42.635+0000] {logging_mixin.py:188} INFO - [2024-02-14T16:14:42.635+0000] {dag.py:3033} INFO - Sync 1 DAGs
[2024-02-14T16:14:42.642+0000] {logging_mixin.py:188} INFO - [2024-02-14T16:14:42.642+0000] {dag.py:3820} INFO - Setting next_dagrun for example_params_trigger_ui to None, run_after=None
[2024-02-14T16:14:42.652+0000] {processor.py:183} INFO - Processing /home/airflow/.local/lib/python3.8/site-packages/airflow/example_dags/example_params_trigger_ui.py took 0.052 seconds
[2024-02-14T16:15:12.814+0000] {processor.py:161} INFO - Started process (PID=1427) to work on /home/airflow/.local/lib/python3.8/site-packages/airflow/example_dags/example_params_trigger_ui.py
[2024-02-14T16:15:12.815+0000] {processor.py:830} INFO - Processing file /home/airflow/.local/lib/python3.8/site-packages/airflow/example_dags/example_params_trigger_ui.py for tasks to queue
[2024-02-14T16:15:12.817+0000] {logging_mixin.py:188} INFO - [2024-02-14T16:15:12.816+0000] {dagbag.py:538} INFO - Filling up the DagBag from /home/airflow/.local/lib/python3.8/site-packages/airflow/example_dags/example_params_trigger_ui.py
[2024-02-14T16:15:12.825+0000] {processor.py:840} INFO - DAG(s) 'example_params_trigger_ui' retrieved from /home/airflow/.local/lib/python3.8/site-packages/airflow/example_dags/example_params_trigger_ui.py
[2024-02-14T16:15:12.849+0000] {logging_mixin.py:188} INFO - [2024-02-14T16:15:12.849+0000] {dag.py:3033} INFO - Sync 1 DAGs
[2024-02-14T16:15:12.856+0000] {logging_mixin.py:188} INFO - [2024-02-14T16:15:12.856+0000] {dag.py:3820} INFO - Setting next_dagrun for example_params_trigger_ui to None, run_after=None
[2024-02-14T16:15:12.866+0000] {processor.py:183} INFO - Processing /home/airflow/.local/lib/python3.8/site-packages/airflow/example_dags/example_params_trigger_ui.py took 0.054 seconds
[2024-02-14T16:15:43.041+0000] {processor.py:161} INFO - Started process (PID=1483) to work on /home/airflow/.local/lib/python3.8/site-packages/airflow/example_dags/example_params_trigger_ui.py
[2024-02-14T16:15:43.041+0000] {processor.py:830} INFO - Processing file /home/airflow/.local/lib/python3.8/site-packages/airflow/example_dags/example_params_trigger_ui.py for tasks to queue
[2024-02-14T16:15:43.043+0000] {logging_mixin.py:188} INFO - [2024-02-14T16:15:43.042+0000] {dagbag.py:538} INFO - Filling up the DagBag from /home/airflow/.local/lib/python3.8/site-packages/airflow/example_dags/example_params_trigger_ui.py
[2024-02-14T16:15:43.051+0000] {processor.py:840} INFO - DAG(s) 'example_params_trigger_ui' retrieved from /home/airflow/.local/lib/python3.8/site-packages/airflow/example_dags/example_params_trigger_ui.py
[2024-02-14T16:15:43.076+0000] {logging_mixin.py:188} INFO - [2024-02-14T16:15:43.076+0000] {dag.py:3033} INFO - Sync 1 DAGs
[2024-02-14T16:15:43.083+0000] {logging_mixin.py:188} INFO - [2024-02-14T16:15:43.083+0000] {dag.py:3820} INFO - Setting next_dagrun for example_params_trigger_ui to None, run_after=None
[2024-02-14T16:15:43.093+0000] {processor.py:183} INFO - Processing /home/airflow/.local/lib/python3.8/site-packages/airflow/example_dags/example_params_trigger_ui.py took 0.055 seconds
[2024-02-14T16:16:13.121+0000] {processor.py:161} INFO - Started process (PID=1540) to work on /home/airflow/.local/lib/python3.8/site-packages/airflow/example_dags/example_params_trigger_ui.py
[2024-02-14T16:16:13.122+0000] {processor.py:830} INFO - Processing file /home/airflow/.local/lib/python3.8/site-packages/airflow/example_dags/example_params_trigger_ui.py for tasks to queue
[2024-02-14T16:16:13.123+0000] {logging_mixin.py:188} INFO - [2024-02-14T16:16:13.123+0000] {dagbag.py:538} INFO - Filling up the DagBag from /home/airflow/.local/lib/python3.8/site-packages/airflow/example_dags/example_params_trigger_ui.py
[2024-02-14T16:16:13.131+0000] {processor.py:840} INFO - DAG(s) 'example_params_trigger_ui' retrieved from /home/airflow/.local/lib/python3.8/site-packages/airflow/example_dags/example_params_trigger_ui.py
[2024-02-14T16:16:13.156+0000] {logging_mixin.py:188} INFO - [2024-02-14T16:16:13.156+0000] {dag.py:3033} INFO - Sync 1 DAGs
[2024-02-14T16:16:13.163+0000] {logging_mixin.py:188} INFO - [2024-02-14T16:16:13.163+0000] {dag.py:3820} INFO - Setting next_dagrun for example_params_trigger_ui to None, run_after=None
[2024-02-14T16:16:13.173+0000] {processor.py:183} INFO - Processing /home/airflow/.local/lib/python3.8/site-packages/airflow/example_dags/example_params_trigger_ui.py took 0.054 seconds
[2024-02-14T16:16:44.185+0000] {processor.py:161} INFO - Started process (PID=1597) to work on /home/airflow/.local/lib/python3.8/site-packages/airflow/example_dags/example_params_trigger_ui.py
[2024-02-14T16:16:44.186+0000] {processor.py:830} INFO - Processing file /home/airflow/.local/lib/python3.8/site-packages/airflow/example_dags/example_params_trigger_ui.py for tasks to queue
[2024-02-14T16:16:44.190+0000] {logging_mixin.py:188} INFO - [2024-02-14T16:16:44.189+0000] {dagbag.py:538} INFO - Filling up the DagBag from /home/airflow/.local/lib/python3.8/site-packages/airflow/example_dags/example_params_trigger_ui.py
[2024-02-14T16:16:44.205+0000] {processor.py:840} INFO - DAG(s) 'example_params_trigger_ui' retrieved from /home/airflow/.local/lib/python3.8/site-packages/airflow/example_dags/example_params_trigger_ui.py
[2024-02-14T16:16:44.234+0000] {logging_mixin.py:188} INFO - [2024-02-14T16:16:44.234+0000] {dag.py:3033} INFO - Sync 1 DAGs
[2024-02-14T16:16:44.240+0000] {logging_mixin.py:188} INFO - [2024-02-14T16:16:44.240+0000] {dag.py:3820} INFO - Setting next_dagrun for example_params_trigger_ui to None, run_after=None
[2024-02-14T16:16:44.250+0000] {processor.py:183} INFO - Processing /home/airflow/.local/lib/python3.8/site-packages/airflow/example_dags/example_params_trigger_ui.py took 0.070 seconds
[2024-02-14T16:17:14.410+0000] {processor.py:161} INFO - Started process (PID=1654) to work on /home/airflow/.local/lib/python3.8/site-packages/airflow/example_dags/example_params_trigger_ui.py
[2024-02-14T16:17:14.411+0000] {processor.py:830} INFO - Processing file /home/airflow/.local/lib/python3.8/site-packages/airflow/example_dags/example_params_trigger_ui.py for tasks to queue
[2024-02-14T16:17:14.413+0000] {logging_mixin.py:188} INFO - [2024-02-14T16:17:14.413+0000] {dagbag.py:538} INFO - Filling up the DagBag from /home/airflow/.local/lib/python3.8/site-packages/airflow/example_dags/example_params_trigger_ui.py
[2024-02-14T16:17:14.427+0000] {processor.py:840} INFO - DAG(s) 'example_params_trigger_ui' retrieved from /home/airflow/.local/lib/python3.8/site-packages/airflow/example_dags/example_params_trigger_ui.py
[2024-02-14T16:17:14.460+0000] {logging_mixin.py:188} INFO - [2024-02-14T16:17:14.460+0000] {dag.py:3033} INFO - Sync 1 DAGs
[2024-02-14T16:17:14.467+0000] {logging_mixin.py:188} INFO - [2024-02-14T16:17:14.467+0000] {dag.py:3820} INFO - Setting next_dagrun for example_params_trigger_ui to None, run_after=None
[2024-02-14T16:17:14.477+0000] {processor.py:183} INFO - Processing /home/airflow/.local/lib/python3.8/site-packages/airflow/example_dags/example_params_trigger_ui.py took 0.070 seconds
[2024-02-14T16:17:44.590+0000] {processor.py:161} INFO - Started process (PID=1711) to work on /home/airflow/.local/lib/python3.8/site-packages/airflow/example_dags/example_params_trigger_ui.py
[2024-02-14T16:17:44.591+0000] {processor.py:830} INFO - Processing file /home/airflow/.local/lib/python3.8/site-packages/airflow/example_dags/example_params_trigger_ui.py for tasks to queue
[2024-02-14T16:17:44.593+0000] {logging_mixin.py:188} INFO - [2024-02-14T16:17:44.593+0000] {dagbag.py:538} INFO - Filling up the DagBag from /home/airflow/.local/lib/python3.8/site-packages/airflow/example_dags/example_params_trigger_ui.py
[2024-02-14T16:17:44.604+0000] {processor.py:840} INFO - DAG(s) 'example_params_trigger_ui' retrieved from /home/airflow/.local/lib/python3.8/site-packages/airflow/example_dags/example_params_trigger_ui.py
[2024-02-14T16:17:44.634+0000] {logging_mixin.py:188} INFO - [2024-02-14T16:17:44.634+0000] {dag.py:3033} INFO - Sync 1 DAGs
[2024-02-14T16:17:44.641+0000] {logging_mixin.py:188} INFO - [2024-02-14T16:17:44.641+0000] {dag.py:3820} INFO - Setting next_dagrun for example_params_trigger_ui to None, run_after=None
[2024-02-14T16:17:44.651+0000] {processor.py:183} INFO - Processing /home/airflow/.local/lib/python3.8/site-packages/airflow/example_dags/example_params_trigger_ui.py took 0.064 seconds
[2024-02-14T16:18:14.897+0000] {processor.py:161} INFO - Started process (PID=1768) to work on /home/airflow/.local/lib/python3.8/site-packages/airflow/example_dags/example_params_trigger_ui.py
[2024-02-14T16:18:14.898+0000] {processor.py:830} INFO - Processing file /home/airflow/.local/lib/python3.8/site-packages/airflow/example_dags/example_params_trigger_ui.py for tasks to queue
[2024-02-14T16:18:14.899+0000] {logging_mixin.py:188} INFO - [2024-02-14T16:18:14.899+0000] {dagbag.py:538} INFO - Filling up the DagBag from /home/airflow/.local/lib/python3.8/site-packages/airflow/example_dags/example_params_trigger_ui.py
[2024-02-14T16:18:14.909+0000] {processor.py:840} INFO - DAG(s) 'example_params_trigger_ui' retrieved from /home/airflow/.local/lib/python3.8/site-packages/airflow/example_dags/example_params_trigger_ui.py
[2024-02-14T16:18:14.940+0000] {logging_mixin.py:188} INFO - [2024-02-14T16:18:14.940+0000] {dag.py:3033} INFO - Sync 1 DAGs
[2024-02-14T16:18:14.947+0000] {logging_mixin.py:188} INFO - [2024-02-14T16:18:14.947+0000] {dag.py:3820} INFO - Setting next_dagrun for example_params_trigger_ui to None, run_after=None
[2024-02-14T16:18:14.959+0000] {processor.py:183} INFO - Processing /home/airflow/.local/lib/python3.8/site-packages/airflow/example_dags/example_params_trigger_ui.py took 0.064 seconds
[2024-02-14T16:18:45.082+0000] {processor.py:161} INFO - Started process (PID=1824) to work on /home/airflow/.local/lib/python3.8/site-packages/airflow/example_dags/example_params_trigger_ui.py
[2024-02-14T16:18:45.082+0000] {processor.py:830} INFO - Processing file /home/airflow/.local/lib/python3.8/site-packages/airflow/example_dags/example_params_trigger_ui.py for tasks to queue
[2024-02-14T16:18:45.084+0000] {logging_mixin.py:188} INFO - [2024-02-14T16:18:45.084+0000] {dagbag.py:538} INFO - Filling up the DagBag from /home/airflow/.local/lib/python3.8/site-packages/airflow/example_dags/example_params_trigger_ui.py
[2024-02-14T16:18:45.093+0000] {processor.py:840} INFO - DAG(s) 'example_params_trigger_ui' retrieved from /home/airflow/.local/lib/python3.8/site-packages/airflow/example_dags/example_params_trigger_ui.py
[2024-02-14T16:18:45.120+0000] {logging_mixin.py:188} INFO - [2024-02-14T16:18:45.120+0000] {dag.py:3033} INFO - Sync 1 DAGs
[2024-02-14T16:18:45.127+0000] {logging_mixin.py:188} INFO - [2024-02-14T16:18:45.127+0000] {dag.py:3820} INFO - Setting next_dagrun for example_params_trigger_ui to None, run_after=None
[2024-02-14T16:18:45.137+0000] {processor.py:183} INFO - Processing /home/airflow/.local/lib/python3.8/site-packages/airflow/example_dags/example_params_trigger_ui.py took 0.058 seconds
[2024-02-14T16:19:15.445+0000] {processor.py:161} INFO - Started process (PID=1882) to work on /home/airflow/.local/lib/python3.8/site-packages/airflow/example_dags/example_params_trigger_ui.py
[2024-02-14T16:19:15.446+0000] {processor.py:830} INFO - Processing file /home/airflow/.local/lib/python3.8/site-packages/airflow/example_dags/example_params_trigger_ui.py for tasks to queue
[2024-02-14T16:19:15.449+0000] {logging_mixin.py:188} INFO - [2024-02-14T16:19:15.449+0000] {dagbag.py:538} INFO - Filling up the DagBag from /home/airflow/.local/lib/python3.8/site-packages/airflow/example_dags/example_params_trigger_ui.py
[2024-02-14T16:19:15.463+0000] {processor.py:840} INFO - DAG(s) 'example_params_trigger_ui' retrieved from /home/airflow/.local/lib/python3.8/site-packages/airflow/example_dags/example_params_trigger_ui.py
[2024-02-14T16:19:15.492+0000] {logging_mixin.py:188} INFO - [2024-02-14T16:19:15.492+0000] {dag.py:3033} INFO - Sync 1 DAGs
[2024-02-14T16:19:15.498+0000] {logging_mixin.py:188} INFO - [2024-02-14T16:19:15.498+0000] {dag.py:3820} INFO - Setting next_dagrun for example_params_trigger_ui to None, run_after=None
[2024-02-14T16:19:15.508+0000] {processor.py:183} INFO - Processing /home/airflow/.local/lib/python3.8/site-packages/airflow/example_dags/example_params_trigger_ui.py took 0.068 seconds
[2024-02-14T16:19:45.570+0000] {processor.py:161} INFO - Started process (PID=1938) to work on /home/airflow/.local/lib/python3.8/site-packages/airflow/example_dags/example_params_trigger_ui.py
[2024-02-14T16:19:45.571+0000] {processor.py:830} INFO - Processing file /home/airflow/.local/lib/python3.8/site-packages/airflow/example_dags/example_params_trigger_ui.py for tasks to queue
[2024-02-14T16:19:45.573+0000] {logging_mixin.py:188} INFO - [2024-02-14T16:19:45.573+0000] {dagbag.py:538} INFO - Filling up the DagBag from /home/airflow/.local/lib/python3.8/site-packages/airflow/example_dags/example_params_trigger_ui.py
[2024-02-14T16:19:45.582+0000] {processor.py:840} INFO - DAG(s) 'example_params_trigger_ui' retrieved from /home/airflow/.local/lib/python3.8/site-packages/airflow/example_dags/example_params_trigger_ui.py
[2024-02-14T16:19:45.611+0000] {logging_mixin.py:188} INFO - [2024-02-14T16:19:45.611+0000] {dag.py:3033} INFO - Sync 1 DAGs
[2024-02-14T16:19:45.618+0000] {logging_mixin.py:188} INFO - [2024-02-14T16:19:45.617+0000] {dag.py:3820} INFO - Setting next_dagrun for example_params_trigger_ui to None, run_after=None
[2024-02-14T16:19:45.629+0000] {processor.py:183} INFO - Processing /home/airflow/.local/lib/python3.8/site-packages/airflow/example_dags/example_params_trigger_ui.py took 0.061 seconds
[2024-02-14T16:20:15.791+0000] {processor.py:161} INFO - Started process (PID=1995) to work on /home/airflow/.local/lib/python3.8/site-packages/airflow/example_dags/example_params_trigger_ui.py
[2024-02-14T16:20:15.793+0000] {processor.py:830} INFO - Processing file /home/airflow/.local/lib/python3.8/site-packages/airflow/example_dags/example_params_trigger_ui.py for tasks to queue
[2024-02-14T16:20:15.795+0000] {logging_mixin.py:188} INFO - [2024-02-14T16:20:15.795+0000] {dagbag.py:538} INFO - Filling up the DagBag from /home/airflow/.local/lib/python3.8/site-packages/airflow/example_dags/example_params_trigger_ui.py
[2024-02-14T16:20:15.807+0000] {processor.py:840} INFO - DAG(s) 'example_params_trigger_ui' retrieved from /home/airflow/.local/lib/python3.8/site-packages/airflow/example_dags/example_params_trigger_ui.py
[2024-02-14T16:20:15.837+0000] {logging_mixin.py:188} INFO - [2024-02-14T16:20:15.837+0000] {dag.py:3033} INFO - Sync 1 DAGs
[2024-02-14T16:20:15.844+0000] {logging_mixin.py:188} INFO - [2024-02-14T16:20:15.844+0000] {dag.py:3820} INFO - Setting next_dagrun for example_params_trigger_ui to None, run_after=None
[2024-02-14T16:20:15.853+0000] {processor.py:183} INFO - Processing /home/airflow/.local/lib/python3.8/site-packages/airflow/example_dags/example_params_trigger_ui.py took 0.067 seconds
[2024-02-14T16:20:46.099+0000] {processor.py:161} INFO - Started process (PID=2052) to work on /home/airflow/.local/lib/python3.8/site-packages/airflow/example_dags/example_params_trigger_ui.py
[2024-02-14T16:20:46.100+0000] {processor.py:830} INFO - Processing file /home/airflow/.local/lib/python3.8/site-packages/airflow/example_dags/example_params_trigger_ui.py for tasks to queue
[2024-02-14T16:20:46.104+0000] {logging_mixin.py:188} INFO - [2024-02-14T16:20:46.103+0000] {dagbag.py:538} INFO - Filling up the DagBag from /home/airflow/.local/lib/python3.8/site-packages/airflow/example_dags/example_params_trigger_ui.py
[2024-02-14T16:20:46.120+0000] {processor.py:840} INFO - DAG(s) 'example_params_trigger_ui' retrieved from /home/airflow/.local/lib/python3.8/site-packages/airflow/example_dags/example_params_trigger_ui.py
[2024-02-14T16:20:46.149+0000] {logging_mixin.py:188} INFO - [2024-02-14T16:20:46.149+0000] {dag.py:3033} INFO - Sync 1 DAGs
[2024-02-14T16:20:46.267+0000] {logging_mixin.py:188} INFO - [2024-02-14T16:20:46.267+0000] {dag.py:3820} INFO - Setting next_dagrun for example_params_trigger_ui to None, run_after=None
[2024-02-14T16:20:46.279+0000] {processor.py:183} INFO - Processing /home/airflow/.local/lib/python3.8/site-packages/airflow/example_dags/example_params_trigger_ui.py took 0.187 seconds
[2024-02-14T16:21:16.474+0000] {processor.py:161} INFO - Started process (PID=2109) to work on /home/airflow/.local/lib/python3.8/site-packages/airflow/example_dags/example_params_trigger_ui.py
[2024-02-14T16:21:16.475+0000] {processor.py:830} INFO - Processing file /home/airflow/.local/lib/python3.8/site-packages/airflow/example_dags/example_params_trigger_ui.py for tasks to queue
[2024-02-14T16:21:16.478+0000] {logging_mixin.py:188} INFO - [2024-02-14T16:21:16.478+0000] {dagbag.py:538} INFO - Filling up the DagBag from /home/airflow/.local/lib/python3.8/site-packages/airflow/example_dags/example_params_trigger_ui.py
[2024-02-14T16:21:16.490+0000] {processor.py:840} INFO - DAG(s) 'example_params_trigger_ui' retrieved from /home/airflow/.local/lib/python3.8/site-packages/airflow/example_dags/example_params_trigger_ui.py
[2024-02-14T16:21:16.520+0000] {logging_mixin.py:188} INFO - [2024-02-14T16:21:16.520+0000] {dag.py:3033} INFO - Sync 1 DAGs
[2024-02-14T16:21:16.618+0000] {logging_mixin.py:188} INFO - [2024-02-14T16:21:16.618+0000] {dag.py:3820} INFO - Setting next_dagrun for example_params_trigger_ui to None, run_after=None
[2024-02-14T16:21:16.627+0000] {processor.py:183} INFO - Processing /home/airflow/.local/lib/python3.8/site-packages/airflow/example_dags/example_params_trigger_ui.py took 0.159 seconds
[2024-02-14T16:21:46.886+0000] {processor.py:161} INFO - Started process (PID=2165) to work on /home/airflow/.local/lib/python3.8/site-packages/airflow/example_dags/example_params_trigger_ui.py
[2024-02-14T16:21:46.887+0000] {processor.py:830} INFO - Processing file /home/airflow/.local/lib/python3.8/site-packages/airflow/example_dags/example_params_trigger_ui.py for tasks to queue
[2024-02-14T16:21:46.889+0000] {logging_mixin.py:188} INFO - [2024-02-14T16:21:46.888+0000] {dagbag.py:538} INFO - Filling up the DagBag from /home/airflow/.local/lib/python3.8/site-packages/airflow/example_dags/example_params_trigger_ui.py
[2024-02-14T16:21:46.898+0000] {processor.py:840} INFO - DAG(s) 'example_params_trigger_ui' retrieved from /home/airflow/.local/lib/python3.8/site-packages/airflow/example_dags/example_params_trigger_ui.py
[2024-02-14T16:21:46.929+0000] {logging_mixin.py:188} INFO - [2024-02-14T16:21:46.929+0000] {dag.py:3033} INFO - Sync 1 DAGs
[2024-02-14T16:21:47.032+0000] {logging_mixin.py:188} INFO - [2024-02-14T16:21:47.032+0000] {dag.py:3820} INFO - Setting next_dagrun for example_params_trigger_ui to None, run_after=None
[2024-02-14T16:21:47.041+0000] {processor.py:183} INFO - Processing /home/airflow/.local/lib/python3.8/site-packages/airflow/example_dags/example_params_trigger_ui.py took 0.158 seconds
[2024-02-14T16:22:17.267+0000] {processor.py:161} INFO - Started process (PID=2222) to work on /home/airflow/.local/lib/python3.8/site-packages/airflow/example_dags/example_params_trigger_ui.py
[2024-02-14T16:22:17.269+0000] {processor.py:830} INFO - Processing file /home/airflow/.local/lib/python3.8/site-packages/airflow/example_dags/example_params_trigger_ui.py for tasks to queue
[2024-02-14T16:22:17.276+0000] {logging_mixin.py:188} INFO - [2024-02-14T16:22:17.276+0000] {dagbag.py:538} INFO - Filling up the DagBag from /home/airflow/.local/lib/python3.8/site-packages/airflow/example_dags/example_params_trigger_ui.py
[2024-02-14T16:22:17.289+0000] {processor.py:840} INFO - DAG(s) 'example_params_trigger_ui' retrieved from /home/airflow/.local/lib/python3.8/site-packages/airflow/example_dags/example_params_trigger_ui.py
[2024-02-14T16:22:17.316+0000] {logging_mixin.py:188} INFO - [2024-02-14T16:22:17.316+0000] {dag.py:3033} INFO - Sync 1 DAGs
[2024-02-14T16:22:17.416+0000] {logging_mixin.py:188} INFO - [2024-02-14T16:22:17.416+0000] {dag.py:3820} INFO - Setting next_dagrun for example_params_trigger_ui to None, run_after=None
[2024-02-14T16:22:17.425+0000] {processor.py:183} INFO - Processing /home/airflow/.local/lib/python3.8/site-packages/airflow/example_dags/example_params_trigger_ui.py took 0.164 seconds
[2024-02-14T16:22:48.314+0000] {processor.py:161} INFO - Started process (PID=2279) to work on /home/airflow/.local/lib/python3.8/site-packages/airflow/example_dags/example_params_trigger_ui.py
[2024-02-14T16:22:48.316+0000] {processor.py:830} INFO - Processing file /home/airflow/.local/lib/python3.8/site-packages/airflow/example_dags/example_params_trigger_ui.py for tasks to queue
[2024-02-14T16:22:48.318+0000] {logging_mixin.py:188} INFO - [2024-02-14T16:22:48.317+0000] {dagbag.py:538} INFO - Filling up the DagBag from /home/airflow/.local/lib/python3.8/site-packages/airflow/example_dags/example_params_trigger_ui.py
[2024-02-14T16:22:48.329+0000] {processor.py:840} INFO - DAG(s) 'example_params_trigger_ui' retrieved from /home/airflow/.local/lib/python3.8/site-packages/airflow/example_dags/example_params_trigger_ui.py
[2024-02-14T16:22:48.358+0000] {logging_mixin.py:188} INFO - [2024-02-14T16:22:48.358+0000] {dag.py:3033} INFO - Sync 1 DAGs
[2024-02-14T16:22:48.365+0000] {logging_mixin.py:188} INFO - [2024-02-14T16:22:48.365+0000] {dag.py:3820} INFO - Setting next_dagrun for example_params_trigger_ui to None, run_after=None
[2024-02-14T16:22:48.462+0000] {processor.py:183} INFO - Processing /home/airflow/.local/lib/python3.8/site-packages/airflow/example_dags/example_params_trigger_ui.py took 0.152 seconds
[2024-02-14T16:23:18.787+0000] {processor.py:161} INFO - Started process (PID=2336) to work on /home/airflow/.local/lib/python3.8/site-packages/airflow/example_dags/example_params_trigger_ui.py
[2024-02-14T16:23:18.789+0000] {processor.py:830} INFO - Processing file /home/airflow/.local/lib/python3.8/site-packages/airflow/example_dags/example_params_trigger_ui.py for tasks to queue
[2024-02-14T16:23:18.791+0000] {logging_mixin.py:188} INFO - [2024-02-14T16:23:18.791+0000] {dagbag.py:538} INFO - Filling up the DagBag from /home/airflow/.local/lib/python3.8/site-packages/airflow/example_dags/example_params_trigger_ui.py
[2024-02-14T16:23:18.804+0000] {processor.py:840} INFO - DAG(s) 'example_params_trigger_ui' retrieved from /home/airflow/.local/lib/python3.8/site-packages/airflow/example_dags/example_params_trigger_ui.py
[2024-02-14T16:23:18.832+0000] {logging_mixin.py:188} INFO - [2024-02-14T16:23:18.832+0000] {dag.py:3033} INFO - Sync 1 DAGs
[2024-02-14T16:23:18.839+0000] {logging_mixin.py:188} INFO - [2024-02-14T16:23:18.839+0000] {dag.py:3820} INFO - Setting next_dagrun for example_params_trigger_ui to None, run_after=None
[2024-02-14T16:23:18.848+0000] {processor.py:183} INFO - Processing /home/airflow/.local/lib/python3.8/site-packages/airflow/example_dags/example_params_trigger_ui.py took 0.067 seconds
[2024-02-14T16:23:48.887+0000] {processor.py:161} INFO - Started process (PID=2393) to work on /home/airflow/.local/lib/python3.8/site-packages/airflow/example_dags/example_params_trigger_ui.py
[2024-02-14T16:23:48.888+0000] {processor.py:830} INFO - Processing file /home/airflow/.local/lib/python3.8/site-packages/airflow/example_dags/example_params_trigger_ui.py for tasks to queue
[2024-02-14T16:23:48.890+0000] {logging_mixin.py:188} INFO - [2024-02-14T16:23:48.890+0000] {dagbag.py:538} INFO - Filling up the DagBag from /home/airflow/.local/lib/python3.8/site-packages/airflow/example_dags/example_params_trigger_ui.py
[2024-02-14T16:23:48.900+0000] {processor.py:840} INFO - DAG(s) 'example_params_trigger_ui' retrieved from /home/airflow/.local/lib/python3.8/site-packages/airflow/example_dags/example_params_trigger_ui.py
[2024-02-14T16:23:48.925+0000] {logging_mixin.py:188} INFO - [2024-02-14T16:23:48.925+0000] {dag.py:3033} INFO - Sync 1 DAGs
[2024-02-14T16:23:48.933+0000] {logging_mixin.py:188} INFO - [2024-02-14T16:23:48.932+0000] {dag.py:3820} INFO - Setting next_dagrun for example_params_trigger_ui to None, run_after=None
[2024-02-14T16:23:48.951+0000] {processor.py:183} INFO - Processing /home/airflow/.local/lib/python3.8/site-packages/airflow/example_dags/example_params_trigger_ui.py took 0.068 seconds
[2024-02-14T16:24:19.233+0000] {processor.py:161} INFO - Started process (PID=2450) to work on /home/airflow/.local/lib/python3.8/site-packages/airflow/example_dags/example_params_trigger_ui.py
[2024-02-14T16:24:19.234+0000] {processor.py:830} INFO - Processing file /home/airflow/.local/lib/python3.8/site-packages/airflow/example_dags/example_params_trigger_ui.py for tasks to queue
[2024-02-14T16:24:19.238+0000] {logging_mixin.py:188} INFO - [2024-02-14T16:24:19.238+0000] {dagbag.py:538} INFO - Filling up the DagBag from /home/airflow/.local/lib/python3.8/site-packages/airflow/example_dags/example_params_trigger_ui.py
[2024-02-14T16:24:19.253+0000] {processor.py:840} INFO - DAG(s) 'example_params_trigger_ui' retrieved from /home/airflow/.local/lib/python3.8/site-packages/airflow/example_dags/example_params_trigger_ui.py
[2024-02-14T16:24:19.281+0000] {logging_mixin.py:188} INFO - [2024-02-14T16:24:19.281+0000] {dag.py:3033} INFO - Sync 1 DAGs
[2024-02-14T16:24:19.287+0000] {logging_mixin.py:188} INFO - [2024-02-14T16:24:19.287+0000] {dag.py:3820} INFO - Setting next_dagrun for example_params_trigger_ui to None, run_after=None
[2024-02-14T16:24:19.297+0000] {processor.py:183} INFO - Processing /home/airflow/.local/lib/python3.8/site-packages/airflow/example_dags/example_params_trigger_ui.py took 0.070 seconds
