[2024-02-14T16:03:08.682+0000] {processor.py:161} INFO - Started process (PID=91) to work on /home/airflow/.local/lib/python3.8/site-packages/airflow/example_dags/example_sla_dag.py
[2024-02-14T16:03:08.683+0000] {processor.py:830} INFO - Processing file /home/airflow/.local/lib/python3.8/site-packages/airflow/example_dags/example_sla_dag.py for tasks to queue
[2024-02-14T16:03:08.684+0000] {logging_mixin.py:188} INFO - [2024-02-14T16:03:08.684+0000] {dagbag.py:538} INFO - Filling up the DagBag from /home/airflow/.local/lib/python3.8/site-packages/airflow/example_dags/example_sla_dag.py
[2024-02-14T16:03:08.695+0000] {processor.py:840} INFO - DAG(s) 'example_sla_dag' retrieved from /home/airflow/.local/lib/python3.8/site-packages/airflow/example_dags/example_sla_dag.py
[2024-02-14T16:03:08.703+0000] {logging_mixin.py:188} INFO - [2024-02-14T16:03:08.703+0000] {dag.py:3033} INFO - Sync 1 DAGs
[2024-02-14T16:03:08.719+0000] {logging_mixin.py:188} INFO - [2024-02-14T16:03:08.719+0000] {dag.py:3820} INFO - Setting next_dagrun for example_sla_dag to 2024-02-14T16:00:00+00:00, run_after=2024-02-14T16:02:00+00:00
[2024-02-14T16:03:08.732+0000] {processor.py:183} INFO - Processing /home/airflow/.local/lib/python3.8/site-packages/airflow/example_dags/example_sla_dag.py took 0.052 seconds
[2024-02-14T16:03:39.383+0000] {processor.py:161} INFO - Started process (PID=148) to work on /home/airflow/.local/lib/python3.8/site-packages/airflow/example_dags/example_sla_dag.py
[2024-02-14T16:03:39.384+0000] {processor.py:830} INFO - Processing file /home/airflow/.local/lib/python3.8/site-packages/airflow/example_dags/example_sla_dag.py for tasks to queue
[2024-02-14T16:03:39.385+0000] {logging_mixin.py:188} INFO - [2024-02-14T16:03:39.385+0000] {dagbag.py:538} INFO - Filling up the DagBag from /home/airflow/.local/lib/python3.8/site-packages/airflow/example_dags/example_sla_dag.py
[2024-02-14T16:03:39.390+0000] {processor.py:840} INFO - DAG(s) 'example_sla_dag' retrieved from /home/airflow/.local/lib/python3.8/site-packages/airflow/example_dags/example_sla_dag.py
[2024-02-14T16:03:39.442+0000] {logging_mixin.py:188} INFO - [2024-02-14T16:03:39.442+0000] {dag.py:3033} INFO - Sync 1 DAGs
[2024-02-14T16:03:39.454+0000] {logging_mixin.py:188} INFO - [2024-02-14T16:03:39.454+0000] {dag.py:3820} INFO - Setting next_dagrun for example_sla_dag to 2024-02-14T16:00:00+00:00, run_after=2024-02-14T16:02:00+00:00
[2024-02-14T16:03:39.463+0000] {processor.py:183} INFO - Processing /home/airflow/.local/lib/python3.8/site-packages/airflow/example_dags/example_sla_dag.py took 0.083 seconds
[2024-02-14T16:04:09.512+0000] {processor.py:161} INFO - Started process (PID=205) to work on /home/airflow/.local/lib/python3.8/site-packages/airflow/example_dags/example_sla_dag.py
[2024-02-14T16:04:09.513+0000] {processor.py:830} INFO - Processing file /home/airflow/.local/lib/python3.8/site-packages/airflow/example_dags/example_sla_dag.py for tasks to queue
[2024-02-14T16:04:09.515+0000] {logging_mixin.py:188} INFO - [2024-02-14T16:04:09.514+0000] {dagbag.py:538} INFO - Filling up the DagBag from /home/airflow/.local/lib/python3.8/site-packages/airflow/example_dags/example_sla_dag.py
[2024-02-14T16:04:09.520+0000] {processor.py:840} INFO - DAG(s) 'example_sla_dag' retrieved from /home/airflow/.local/lib/python3.8/site-packages/airflow/example_dags/example_sla_dag.py
[2024-02-14T16:04:09.531+0000] {logging_mixin.py:188} INFO - [2024-02-14T16:04:09.531+0000] {dag.py:3033} INFO - Sync 1 DAGs
[2024-02-14T16:04:09.544+0000] {logging_mixin.py:188} INFO - [2024-02-14T16:04:09.544+0000] {dag.py:3820} INFO - Setting next_dagrun for example_sla_dag to 2024-02-14T16:02:00+00:00, run_after=2024-02-14T16:04:00+00:00
[2024-02-14T16:04:09.553+0000] {processor.py:183} INFO - Processing /home/airflow/.local/lib/python3.8/site-packages/airflow/example_dags/example_sla_dag.py took 0.043 seconds
[2024-02-14T16:04:39.842+0000] {processor.py:161} INFO - Started process (PID=262) to work on /home/airflow/.local/lib/python3.8/site-packages/airflow/example_dags/example_sla_dag.py
[2024-02-14T16:04:39.843+0000] {processor.py:830} INFO - Processing file /home/airflow/.local/lib/python3.8/site-packages/airflow/example_dags/example_sla_dag.py for tasks to queue
[2024-02-14T16:04:39.844+0000] {logging_mixin.py:188} INFO - [2024-02-14T16:04:39.844+0000] {dagbag.py:538} INFO - Filling up the DagBag from /home/airflow/.local/lib/python3.8/site-packages/airflow/example_dags/example_sla_dag.py
[2024-02-14T16:04:39.850+0000] {processor.py:840} INFO - DAG(s) 'example_sla_dag' retrieved from /home/airflow/.local/lib/python3.8/site-packages/airflow/example_dags/example_sla_dag.py
[2024-02-14T16:04:39.861+0000] {logging_mixin.py:188} INFO - [2024-02-14T16:04:39.861+0000] {dag.py:3033} INFO - Sync 1 DAGs
[2024-02-14T16:04:39.873+0000] {logging_mixin.py:188} INFO - [2024-02-14T16:04:39.873+0000] {dag.py:3820} INFO - Setting next_dagrun for example_sla_dag to 2024-02-14T16:02:00+00:00, run_after=2024-02-14T16:04:00+00:00
[2024-02-14T16:04:39.883+0000] {processor.py:183} INFO - Processing /home/airflow/.local/lib/python3.8/site-packages/airflow/example_dags/example_sla_dag.py took 0.043 seconds
[2024-02-14T16:05:10.085+0000] {processor.py:161} INFO - Started process (PID=319) to work on /home/airflow/.local/lib/python3.8/site-packages/airflow/example_dags/example_sla_dag.py
[2024-02-14T16:05:10.085+0000] {processor.py:830} INFO - Processing file /home/airflow/.local/lib/python3.8/site-packages/airflow/example_dags/example_sla_dag.py for tasks to queue
[2024-02-14T16:05:10.087+0000] {logging_mixin.py:188} INFO - [2024-02-14T16:05:10.087+0000] {dagbag.py:538} INFO - Filling up the DagBag from /home/airflow/.local/lib/python3.8/site-packages/airflow/example_dags/example_sla_dag.py
[2024-02-14T16:05:10.092+0000] {processor.py:840} INFO - DAG(s) 'example_sla_dag' retrieved from /home/airflow/.local/lib/python3.8/site-packages/airflow/example_dags/example_sla_dag.py
[2024-02-14T16:05:10.107+0000] {logging_mixin.py:188} INFO - [2024-02-14T16:05:10.107+0000] {dag.py:3033} INFO - Sync 1 DAGs
[2024-02-14T16:05:10.121+0000] {logging_mixin.py:188} INFO - [2024-02-14T16:05:10.121+0000] {dag.py:3820} INFO - Setting next_dagrun for example_sla_dag to 2024-02-14T16:02:00+00:00, run_after=2024-02-14T16:04:00+00:00
[2024-02-14T16:05:10.131+0000] {processor.py:183} INFO - Processing /home/airflow/.local/lib/python3.8/site-packages/airflow/example_dags/example_sla_dag.py took 0.048 seconds
[2024-02-14T16:05:40.241+0000] {processor.py:161} INFO - Started process (PID=376) to work on /home/airflow/.local/lib/python3.8/site-packages/airflow/example_dags/example_sla_dag.py
[2024-02-14T16:05:40.241+0000] {processor.py:830} INFO - Processing file /home/airflow/.local/lib/python3.8/site-packages/airflow/example_dags/example_sla_dag.py for tasks to queue
[2024-02-14T16:05:40.243+0000] {logging_mixin.py:188} INFO - [2024-02-14T16:05:40.243+0000] {dagbag.py:538} INFO - Filling up the DagBag from /home/airflow/.local/lib/python3.8/site-packages/airflow/example_dags/example_sla_dag.py
[2024-02-14T16:05:40.248+0000] {processor.py:840} INFO - DAG(s) 'example_sla_dag' retrieved from /home/airflow/.local/lib/python3.8/site-packages/airflow/example_dags/example_sla_dag.py
[2024-02-14T16:05:40.260+0000] {logging_mixin.py:188} INFO - [2024-02-14T16:05:40.260+0000] {dag.py:3033} INFO - Sync 1 DAGs
[2024-02-14T16:05:40.273+0000] {logging_mixin.py:188} INFO - [2024-02-14T16:05:40.272+0000] {dag.py:3820} INFO - Setting next_dagrun for example_sla_dag to 2024-02-14T16:02:00+00:00, run_after=2024-02-14T16:04:00+00:00
[2024-02-14T16:05:40.282+0000] {processor.py:183} INFO - Processing /home/airflow/.local/lib/python3.8/site-packages/airflow/example_dags/example_sla_dag.py took 0.044 seconds
[2024-02-14T16:06:10.525+0000] {processor.py:161} INFO - Started process (PID=433) to work on /home/airflow/.local/lib/python3.8/site-packages/airflow/example_dags/example_sla_dag.py
[2024-02-14T16:06:10.526+0000] {processor.py:830} INFO - Processing file /home/airflow/.local/lib/python3.8/site-packages/airflow/example_dags/example_sla_dag.py for tasks to queue
[2024-02-14T16:06:10.527+0000] {logging_mixin.py:188} INFO - [2024-02-14T16:06:10.527+0000] {dagbag.py:538} INFO - Filling up the DagBag from /home/airflow/.local/lib/python3.8/site-packages/airflow/example_dags/example_sla_dag.py
[2024-02-14T16:06:10.532+0000] {processor.py:840} INFO - DAG(s) 'example_sla_dag' retrieved from /home/airflow/.local/lib/python3.8/site-packages/airflow/example_dags/example_sla_dag.py
[2024-02-14T16:06:10.544+0000] {logging_mixin.py:188} INFO - [2024-02-14T16:06:10.544+0000] {dag.py:3033} INFO - Sync 1 DAGs
[2024-02-14T16:06:10.556+0000] {logging_mixin.py:188} INFO - [2024-02-14T16:06:10.556+0000] {dag.py:3820} INFO - Setting next_dagrun for example_sla_dag to 2024-02-14T16:04:00+00:00, run_after=2024-02-14T16:06:00+00:00
[2024-02-14T16:06:10.567+0000] {processor.py:183} INFO - Processing /home/airflow/.local/lib/python3.8/site-packages/airflow/example_dags/example_sla_dag.py took 0.044 seconds
[2024-02-14T16:06:40.606+0000] {processor.py:161} INFO - Started process (PID=490) to work on /home/airflow/.local/lib/python3.8/site-packages/airflow/example_dags/example_sla_dag.py
[2024-02-14T16:06:40.607+0000] {processor.py:830} INFO - Processing file /home/airflow/.local/lib/python3.8/site-packages/airflow/example_dags/example_sla_dag.py for tasks to queue
[2024-02-14T16:06:40.608+0000] {logging_mixin.py:188} INFO - [2024-02-14T16:06:40.608+0000] {dagbag.py:538} INFO - Filling up the DagBag from /home/airflow/.local/lib/python3.8/site-packages/airflow/example_dags/example_sla_dag.py
[2024-02-14T16:06:40.613+0000] {processor.py:840} INFO - DAG(s) 'example_sla_dag' retrieved from /home/airflow/.local/lib/python3.8/site-packages/airflow/example_dags/example_sla_dag.py
[2024-02-14T16:06:40.624+0000] {logging_mixin.py:188} INFO - [2024-02-14T16:06:40.623+0000] {dag.py:3033} INFO - Sync 1 DAGs
[2024-02-14T16:06:40.635+0000] {logging_mixin.py:188} INFO - [2024-02-14T16:06:40.635+0000] {dag.py:3820} INFO - Setting next_dagrun for example_sla_dag to 2024-02-14T16:04:00+00:00, run_after=2024-02-14T16:06:00+00:00
[2024-02-14T16:06:40.644+0000] {processor.py:183} INFO - Processing /home/airflow/.local/lib/python3.8/site-packages/airflow/example_dags/example_sla_dag.py took 0.039 seconds
[2024-02-14T16:07:10.809+0000] {processor.py:161} INFO - Started process (PID=547) to work on /home/airflow/.local/lib/python3.8/site-packages/airflow/example_dags/example_sla_dag.py
[2024-02-14T16:07:10.809+0000] {processor.py:830} INFO - Processing file /home/airflow/.local/lib/python3.8/site-packages/airflow/example_dags/example_sla_dag.py for tasks to queue
[2024-02-14T16:07:10.811+0000] {logging_mixin.py:188} INFO - [2024-02-14T16:07:10.810+0000] {dagbag.py:538} INFO - Filling up the DagBag from /home/airflow/.local/lib/python3.8/site-packages/airflow/example_dags/example_sla_dag.py
[2024-02-14T16:07:10.816+0000] {processor.py:840} INFO - DAG(s) 'example_sla_dag' retrieved from /home/airflow/.local/lib/python3.8/site-packages/airflow/example_dags/example_sla_dag.py
[2024-02-14T16:07:10.828+0000] {logging_mixin.py:188} INFO - [2024-02-14T16:07:10.828+0000] {dag.py:3033} INFO - Sync 1 DAGs
[2024-02-14T16:07:10.841+0000] {logging_mixin.py:188} INFO - [2024-02-14T16:07:10.841+0000] {dag.py:3820} INFO - Setting next_dagrun for example_sla_dag to 2024-02-14T16:04:00+00:00, run_after=2024-02-14T16:06:00+00:00
[2024-02-14T16:07:10.850+0000] {processor.py:183} INFO - Processing /home/airflow/.local/lib/python3.8/site-packages/airflow/example_dags/example_sla_dag.py took 0.043 seconds
[2024-02-14T16:07:41.123+0000] {processor.py:161} INFO - Started process (PID=604) to work on /home/airflow/.local/lib/python3.8/site-packages/airflow/example_dags/example_sla_dag.py
[2024-02-14T16:07:41.124+0000] {processor.py:830} INFO - Processing file /home/airflow/.local/lib/python3.8/site-packages/airflow/example_dags/example_sla_dag.py for tasks to queue
[2024-02-14T16:07:41.125+0000] {logging_mixin.py:188} INFO - [2024-02-14T16:07:41.125+0000] {dagbag.py:538} INFO - Filling up the DagBag from /home/airflow/.local/lib/python3.8/site-packages/airflow/example_dags/example_sla_dag.py
[2024-02-14T16:07:41.131+0000] {processor.py:840} INFO - DAG(s) 'example_sla_dag' retrieved from /home/airflow/.local/lib/python3.8/site-packages/airflow/example_dags/example_sla_dag.py
[2024-02-14T16:07:41.143+0000] {logging_mixin.py:188} INFO - [2024-02-14T16:07:41.143+0000] {dag.py:3033} INFO - Sync 1 DAGs
[2024-02-14T16:07:41.156+0000] {logging_mixin.py:188} INFO - [2024-02-14T16:07:41.156+0000] {dag.py:3820} INFO - Setting next_dagrun for example_sla_dag to 2024-02-14T16:04:00+00:00, run_after=2024-02-14T16:06:00+00:00
[2024-02-14T16:07:41.165+0000] {processor.py:183} INFO - Processing /home/airflow/.local/lib/python3.8/site-packages/airflow/example_dags/example_sla_dag.py took 0.044 seconds
[2024-02-14T16:08:11.384+0000] {processor.py:161} INFO - Started process (PID=661) to work on /home/airflow/.local/lib/python3.8/site-packages/airflow/example_dags/example_sla_dag.py
[2024-02-14T16:08:11.385+0000] {processor.py:830} INFO - Processing file /home/airflow/.local/lib/python3.8/site-packages/airflow/example_dags/example_sla_dag.py for tasks to queue
[2024-02-14T16:08:11.386+0000] {logging_mixin.py:188} INFO - [2024-02-14T16:08:11.386+0000] {dagbag.py:538} INFO - Filling up the DagBag from /home/airflow/.local/lib/python3.8/site-packages/airflow/example_dags/example_sla_dag.py
[2024-02-14T16:08:11.391+0000] {processor.py:840} INFO - DAG(s) 'example_sla_dag' retrieved from /home/airflow/.local/lib/python3.8/site-packages/airflow/example_dags/example_sla_dag.py
[2024-02-14T16:08:11.404+0000] {logging_mixin.py:188} INFO - [2024-02-14T16:08:11.404+0000] {dag.py:3033} INFO - Sync 1 DAGs
[2024-02-14T16:08:11.417+0000] {logging_mixin.py:188} INFO - [2024-02-14T16:08:11.417+0000] {dag.py:3820} INFO - Setting next_dagrun for example_sla_dag to 2024-02-14T16:06:00+00:00, run_after=2024-02-14T16:08:00+00:00
[2024-02-14T16:08:11.427+0000] {processor.py:183} INFO - Processing /home/airflow/.local/lib/python3.8/site-packages/airflow/example_dags/example_sla_dag.py took 0.045 seconds
[2024-02-14T16:08:41.532+0000] {processor.py:161} INFO - Started process (PID=718) to work on /home/airflow/.local/lib/python3.8/site-packages/airflow/example_dags/example_sla_dag.py
[2024-02-14T16:08:41.533+0000] {processor.py:830} INFO - Processing file /home/airflow/.local/lib/python3.8/site-packages/airflow/example_dags/example_sla_dag.py for tasks to queue
[2024-02-14T16:08:41.534+0000] {logging_mixin.py:188} INFO - [2024-02-14T16:08:41.534+0000] {dagbag.py:538} INFO - Filling up the DagBag from /home/airflow/.local/lib/python3.8/site-packages/airflow/example_dags/example_sla_dag.py
[2024-02-14T16:08:41.540+0000] {processor.py:840} INFO - DAG(s) 'example_sla_dag' retrieved from /home/airflow/.local/lib/python3.8/site-packages/airflow/example_dags/example_sla_dag.py
[2024-02-14T16:08:41.552+0000] {logging_mixin.py:188} INFO - [2024-02-14T16:08:41.552+0000] {dag.py:3033} INFO - Sync 1 DAGs
[2024-02-14T16:08:41.565+0000] {logging_mixin.py:188} INFO - [2024-02-14T16:08:41.565+0000] {dag.py:3820} INFO - Setting next_dagrun for example_sla_dag to 2024-02-14T16:06:00+00:00, run_after=2024-02-14T16:08:00+00:00
[2024-02-14T16:08:41.575+0000] {processor.py:183} INFO - Processing /home/airflow/.local/lib/python3.8/site-packages/airflow/example_dags/example_sla_dag.py took 0.045 seconds
[2024-02-14T16:09:12.651+0000] {processor.py:161} INFO - Started process (PID=775) to work on /home/airflow/.local/lib/python3.8/site-packages/airflow/example_dags/example_sla_dag.py
[2024-02-14T16:09:12.652+0000] {processor.py:830} INFO - Processing file /home/airflow/.local/lib/python3.8/site-packages/airflow/example_dags/example_sla_dag.py for tasks to queue
[2024-02-14T16:09:12.653+0000] {logging_mixin.py:188} INFO - [2024-02-14T16:09:12.653+0000] {dagbag.py:538} INFO - Filling up the DagBag from /home/airflow/.local/lib/python3.8/site-packages/airflow/example_dags/example_sla_dag.py
[2024-02-14T16:09:12.659+0000] {processor.py:840} INFO - DAG(s) 'example_sla_dag' retrieved from /home/airflow/.local/lib/python3.8/site-packages/airflow/example_dags/example_sla_dag.py
[2024-02-14T16:09:12.671+0000] {logging_mixin.py:188} INFO - [2024-02-14T16:09:12.671+0000] {dag.py:3033} INFO - Sync 1 DAGs
[2024-02-14T16:09:12.685+0000] {logging_mixin.py:188} INFO - [2024-02-14T16:09:12.684+0000] {dag.py:3820} INFO - Setting next_dagrun for example_sla_dag to 2024-02-14T16:06:00+00:00, run_after=2024-02-14T16:08:00+00:00
[2024-02-14T16:09:12.696+0000] {processor.py:183} INFO - Processing /home/airflow/.local/lib/python3.8/site-packages/airflow/example_dags/example_sla_dag.py took 0.047 seconds
[2024-02-14T16:09:43.641+0000] {processor.py:161} INFO - Started process (PID=832) to work on /home/airflow/.local/lib/python3.8/site-packages/airflow/example_dags/example_sla_dag.py
[2024-02-14T16:09:43.641+0000] {processor.py:830} INFO - Processing file /home/airflow/.local/lib/python3.8/site-packages/airflow/example_dags/example_sla_dag.py for tasks to queue
[2024-02-14T16:09:43.643+0000] {logging_mixin.py:188} INFO - [2024-02-14T16:09:43.643+0000] {dagbag.py:538} INFO - Filling up the DagBag from /home/airflow/.local/lib/python3.8/site-packages/airflow/example_dags/example_sla_dag.py
[2024-02-14T16:09:43.649+0000] {processor.py:840} INFO - DAG(s) 'example_sla_dag' retrieved from /home/airflow/.local/lib/python3.8/site-packages/airflow/example_dags/example_sla_dag.py
[2024-02-14T16:09:43.662+0000] {logging_mixin.py:188} INFO - [2024-02-14T16:09:43.662+0000] {dag.py:3033} INFO - Sync 1 DAGs
[2024-02-14T16:09:43.675+0000] {logging_mixin.py:188} INFO - [2024-02-14T16:09:43.675+0000] {dag.py:3820} INFO - Setting next_dagrun for example_sla_dag to 2024-02-14T16:06:00+00:00, run_after=2024-02-14T16:08:00+00:00
[2024-02-14T16:09:43.685+0000] {processor.py:183} INFO - Processing /home/airflow/.local/lib/python3.8/site-packages/airflow/example_dags/example_sla_dag.py took 0.047 seconds
[2024-02-14T16:10:13.941+0000] {processor.py:161} INFO - Started process (PID=889) to work on /home/airflow/.local/lib/python3.8/site-packages/airflow/example_dags/example_sla_dag.py
[2024-02-14T16:10:13.941+0000] {processor.py:830} INFO - Processing file /home/airflow/.local/lib/python3.8/site-packages/airflow/example_dags/example_sla_dag.py for tasks to queue
[2024-02-14T16:10:13.943+0000] {logging_mixin.py:188} INFO - [2024-02-14T16:10:13.943+0000] {dagbag.py:538} INFO - Filling up the DagBag from /home/airflow/.local/lib/python3.8/site-packages/airflow/example_dags/example_sla_dag.py
[2024-02-14T16:10:13.948+0000] {processor.py:840} INFO - DAG(s) 'example_sla_dag' retrieved from /home/airflow/.local/lib/python3.8/site-packages/airflow/example_dags/example_sla_dag.py
[2024-02-14T16:10:13.960+0000] {logging_mixin.py:188} INFO - [2024-02-14T16:10:13.960+0000] {dag.py:3033} INFO - Sync 1 DAGs
[2024-02-14T16:10:13.973+0000] {logging_mixin.py:188} INFO - [2024-02-14T16:10:13.973+0000] {dag.py:3820} INFO - Setting next_dagrun for example_sla_dag to 2024-02-14T16:08:00+00:00, run_after=2024-02-14T16:10:00+00:00
[2024-02-14T16:10:13.982+0000] {processor.py:183} INFO - Processing /home/airflow/.local/lib/python3.8/site-packages/airflow/example_dags/example_sla_dag.py took 0.043 seconds
[2024-02-14T16:10:44.150+0000] {processor.py:161} INFO - Started process (PID=946) to work on /home/airflow/.local/lib/python3.8/site-packages/airflow/example_dags/example_sla_dag.py
[2024-02-14T16:10:44.151+0000] {processor.py:830} INFO - Processing file /home/airflow/.local/lib/python3.8/site-packages/airflow/example_dags/example_sla_dag.py for tasks to queue
[2024-02-14T16:10:44.152+0000] {logging_mixin.py:188} INFO - [2024-02-14T16:10:44.152+0000] {dagbag.py:538} INFO - Filling up the DagBag from /home/airflow/.local/lib/python3.8/site-packages/airflow/example_dags/example_sla_dag.py
[2024-02-14T16:10:44.158+0000] {processor.py:840} INFO - DAG(s) 'example_sla_dag' retrieved from /home/airflow/.local/lib/python3.8/site-packages/airflow/example_dags/example_sla_dag.py
[2024-02-14T16:10:44.170+0000] {logging_mixin.py:188} INFO - [2024-02-14T16:10:44.170+0000] {dag.py:3033} INFO - Sync 1 DAGs
[2024-02-14T16:10:44.183+0000] {logging_mixin.py:188} INFO - [2024-02-14T16:10:44.183+0000] {dag.py:3820} INFO - Setting next_dagrun for example_sla_dag to 2024-02-14T16:08:00+00:00, run_after=2024-02-14T16:10:00+00:00
[2024-02-14T16:10:44.193+0000] {processor.py:183} INFO - Processing /home/airflow/.local/lib/python3.8/site-packages/airflow/example_dags/example_sla_dag.py took 0.046 seconds
[2024-02-14T16:11:14.309+0000] {processor.py:161} INFO - Started process (PID=1003) to work on /home/airflow/.local/lib/python3.8/site-packages/airflow/example_dags/example_sla_dag.py
[2024-02-14T16:11:14.309+0000] {processor.py:830} INFO - Processing file /home/airflow/.local/lib/python3.8/site-packages/airflow/example_dags/example_sla_dag.py for tasks to queue
[2024-02-14T16:11:14.311+0000] {logging_mixin.py:188} INFO - [2024-02-14T16:11:14.311+0000] {dagbag.py:538} INFO - Filling up the DagBag from /home/airflow/.local/lib/python3.8/site-packages/airflow/example_dags/example_sla_dag.py
[2024-02-14T16:11:14.316+0000] {processor.py:840} INFO - DAG(s) 'example_sla_dag' retrieved from /home/airflow/.local/lib/python3.8/site-packages/airflow/example_dags/example_sla_dag.py
[2024-02-14T16:11:14.328+0000] {logging_mixin.py:188} INFO - [2024-02-14T16:11:14.328+0000] {dag.py:3033} INFO - Sync 1 DAGs
[2024-02-14T16:11:14.342+0000] {logging_mixin.py:188} INFO - [2024-02-14T16:11:14.342+0000] {dag.py:3820} INFO - Setting next_dagrun for example_sla_dag to 2024-02-14T16:08:00+00:00, run_after=2024-02-14T16:10:00+00:00
[2024-02-14T16:11:14.351+0000] {processor.py:183} INFO - Processing /home/airflow/.local/lib/python3.8/site-packages/airflow/example_dags/example_sla_dag.py took 0.044 seconds
[2024-02-14T16:11:44.583+0000] {processor.py:161} INFO - Started process (PID=1060) to work on /home/airflow/.local/lib/python3.8/site-packages/airflow/example_dags/example_sla_dag.py
[2024-02-14T16:11:44.584+0000] {processor.py:830} INFO - Processing file /home/airflow/.local/lib/python3.8/site-packages/airflow/example_dags/example_sla_dag.py for tasks to queue
[2024-02-14T16:11:44.586+0000] {logging_mixin.py:188} INFO - [2024-02-14T16:11:44.585+0000] {dagbag.py:538} INFO - Filling up the DagBag from /home/airflow/.local/lib/python3.8/site-packages/airflow/example_dags/example_sla_dag.py
[2024-02-14T16:11:44.591+0000] {processor.py:840} INFO - DAG(s) 'example_sla_dag' retrieved from /home/airflow/.local/lib/python3.8/site-packages/airflow/example_dags/example_sla_dag.py
[2024-02-14T16:11:44.603+0000] {logging_mixin.py:188} INFO - [2024-02-14T16:11:44.603+0000] {dag.py:3033} INFO - Sync 1 DAGs
[2024-02-14T16:11:44.615+0000] {logging_mixin.py:188} INFO - [2024-02-14T16:11:44.615+0000] {dag.py:3820} INFO - Setting next_dagrun for example_sla_dag to 2024-02-14T16:08:00+00:00, run_after=2024-02-14T16:10:00+00:00
[2024-02-14T16:11:44.625+0000] {processor.py:183} INFO - Processing /home/airflow/.local/lib/python3.8/site-packages/airflow/example_dags/example_sla_dag.py took 0.044 seconds
[2024-02-14T16:12:14.788+0000] {processor.py:161} INFO - Started process (PID=1116) to work on /home/airflow/.local/lib/python3.8/site-packages/airflow/example_dags/example_sla_dag.py
[2024-02-14T16:12:14.789+0000] {processor.py:830} INFO - Processing file /home/airflow/.local/lib/python3.8/site-packages/airflow/example_dags/example_sla_dag.py for tasks to queue
[2024-02-14T16:12:14.791+0000] {logging_mixin.py:188} INFO - [2024-02-14T16:12:14.791+0000] {dagbag.py:538} INFO - Filling up the DagBag from /home/airflow/.local/lib/python3.8/site-packages/airflow/example_dags/example_sla_dag.py
[2024-02-14T16:12:14.797+0000] {processor.py:840} INFO - DAG(s) 'example_sla_dag' retrieved from /home/airflow/.local/lib/python3.8/site-packages/airflow/example_dags/example_sla_dag.py
[2024-02-14T16:12:14.811+0000] {logging_mixin.py:188} INFO - [2024-02-14T16:12:14.811+0000] {dag.py:3033} INFO - Sync 1 DAGs
[2024-02-14T16:12:14.825+0000] {logging_mixin.py:188} INFO - [2024-02-14T16:12:14.825+0000] {dag.py:3820} INFO - Setting next_dagrun for example_sla_dag to 2024-02-14T16:10:00+00:00, run_after=2024-02-14T16:12:00+00:00
[2024-02-14T16:12:14.836+0000] {processor.py:183} INFO - Processing /home/airflow/.local/lib/python3.8/site-packages/airflow/example_dags/example_sla_dag.py took 0.050 seconds
[2024-02-14T16:12:44.984+0000] {processor.py:161} INFO - Started process (PID=1173) to work on /home/airflow/.local/lib/python3.8/site-packages/airflow/example_dags/example_sla_dag.py
[2024-02-14T16:12:44.985+0000] {processor.py:830} INFO - Processing file /home/airflow/.local/lib/python3.8/site-packages/airflow/example_dags/example_sla_dag.py for tasks to queue
[2024-02-14T16:12:44.986+0000] {logging_mixin.py:188} INFO - [2024-02-14T16:12:44.986+0000] {dagbag.py:538} INFO - Filling up the DagBag from /home/airflow/.local/lib/python3.8/site-packages/airflow/example_dags/example_sla_dag.py
[2024-02-14T16:12:44.992+0000] {processor.py:840} INFO - DAG(s) 'example_sla_dag' retrieved from /home/airflow/.local/lib/python3.8/site-packages/airflow/example_dags/example_sla_dag.py
[2024-02-14T16:12:45.003+0000] {logging_mixin.py:188} INFO - [2024-02-14T16:12:45.003+0000] {dag.py:3033} INFO - Sync 1 DAGs
[2024-02-14T16:12:45.016+0000] {logging_mixin.py:188} INFO - [2024-02-14T16:12:45.016+0000] {dag.py:3820} INFO - Setting next_dagrun for example_sla_dag to 2024-02-14T16:10:00+00:00, run_after=2024-02-14T16:12:00+00:00
[2024-02-14T16:12:45.025+0000] {processor.py:183} INFO - Processing /home/airflow/.local/lib/python3.8/site-packages/airflow/example_dags/example_sla_dag.py took 0.043 seconds
[2024-02-14T16:13:16.047+0000] {processor.py:161} INFO - Started process (PID=1230) to work on /home/airflow/.local/lib/python3.8/site-packages/airflow/example_dags/example_sla_dag.py
[2024-02-14T16:13:16.047+0000] {processor.py:830} INFO - Processing file /home/airflow/.local/lib/python3.8/site-packages/airflow/example_dags/example_sla_dag.py for tasks to queue
[2024-02-14T16:13:16.049+0000] {logging_mixin.py:188} INFO - [2024-02-14T16:13:16.049+0000] {dagbag.py:538} INFO - Filling up the DagBag from /home/airflow/.local/lib/python3.8/site-packages/airflow/example_dags/example_sla_dag.py
[2024-02-14T16:13:16.054+0000] {processor.py:840} INFO - DAG(s) 'example_sla_dag' retrieved from /home/airflow/.local/lib/python3.8/site-packages/airflow/example_dags/example_sla_dag.py
[2024-02-14T16:13:16.065+0000] {logging_mixin.py:188} INFO - [2024-02-14T16:13:16.065+0000] {dag.py:3033} INFO - Sync 1 DAGs
[2024-02-14T16:13:16.078+0000] {logging_mixin.py:188} INFO - [2024-02-14T16:13:16.078+0000] {dag.py:3820} INFO - Setting next_dagrun for example_sla_dag to 2024-02-14T16:10:00+00:00, run_after=2024-02-14T16:12:00+00:00
[2024-02-14T16:13:16.087+0000] {processor.py:183} INFO - Processing /home/airflow/.local/lib/python3.8/site-packages/airflow/example_dags/example_sla_dag.py took 0.043 seconds
[2024-02-14T16:13:46.427+0000] {processor.py:161} INFO - Started process (PID=1287) to work on /home/airflow/.local/lib/python3.8/site-packages/airflow/example_dags/example_sla_dag.py
[2024-02-14T16:13:46.428+0000] {processor.py:830} INFO - Processing file /home/airflow/.local/lib/python3.8/site-packages/airflow/example_dags/example_sla_dag.py for tasks to queue
[2024-02-14T16:13:46.429+0000] {logging_mixin.py:188} INFO - [2024-02-14T16:13:46.429+0000] {dagbag.py:538} INFO - Filling up the DagBag from /home/airflow/.local/lib/python3.8/site-packages/airflow/example_dags/example_sla_dag.py
[2024-02-14T16:13:46.434+0000] {processor.py:840} INFO - DAG(s) 'example_sla_dag' retrieved from /home/airflow/.local/lib/python3.8/site-packages/airflow/example_dags/example_sla_dag.py
[2024-02-14T16:13:46.446+0000] {logging_mixin.py:188} INFO - [2024-02-14T16:13:46.446+0000] {dag.py:3033} INFO - Sync 1 DAGs
[2024-02-14T16:13:46.459+0000] {logging_mixin.py:188} INFO - [2024-02-14T16:13:46.459+0000] {dag.py:3820} INFO - Setting next_dagrun for example_sla_dag to 2024-02-14T16:10:00+00:00, run_after=2024-02-14T16:12:00+00:00
[2024-02-14T16:13:46.467+0000] {processor.py:183} INFO - Processing /home/airflow/.local/lib/python3.8/site-packages/airflow/example_dags/example_sla_dag.py took 0.043 seconds
[2024-02-14T16:14:17.498+0000] {processor.py:161} INFO - Started process (PID=1344) to work on /home/airflow/.local/lib/python3.8/site-packages/airflow/example_dags/example_sla_dag.py
[2024-02-14T16:14:17.498+0000] {processor.py:830} INFO - Processing file /home/airflow/.local/lib/python3.8/site-packages/airflow/example_dags/example_sla_dag.py for tasks to queue
[2024-02-14T16:14:17.500+0000] {logging_mixin.py:188} INFO - [2024-02-14T16:14:17.499+0000] {dagbag.py:538} INFO - Filling up the DagBag from /home/airflow/.local/lib/python3.8/site-packages/airflow/example_dags/example_sla_dag.py
[2024-02-14T16:14:17.505+0000] {processor.py:840} INFO - DAG(s) 'example_sla_dag' retrieved from /home/airflow/.local/lib/python3.8/site-packages/airflow/example_dags/example_sla_dag.py
[2024-02-14T16:14:17.517+0000] {logging_mixin.py:188} INFO - [2024-02-14T16:14:17.516+0000] {dag.py:3033} INFO - Sync 1 DAGs
[2024-02-14T16:14:17.528+0000] {logging_mixin.py:188} INFO - [2024-02-14T16:14:17.528+0000] {dag.py:3820} INFO - Setting next_dagrun for example_sla_dag to 2024-02-14T16:12:00+00:00, run_after=2024-02-14T16:14:00+00:00
[2024-02-14T16:14:17.537+0000] {processor.py:183} INFO - Processing /home/airflow/.local/lib/python3.8/site-packages/airflow/example_dags/example_sla_dag.py took 0.041 seconds
[2024-02-14T16:14:47.725+0000] {processor.py:161} INFO - Started process (PID=1401) to work on /home/airflow/.local/lib/python3.8/site-packages/airflow/example_dags/example_sla_dag.py
[2024-02-14T16:14:47.725+0000] {processor.py:830} INFO - Processing file /home/airflow/.local/lib/python3.8/site-packages/airflow/example_dags/example_sla_dag.py for tasks to queue
[2024-02-14T16:14:47.727+0000] {logging_mixin.py:188} INFO - [2024-02-14T16:14:47.727+0000] {dagbag.py:538} INFO - Filling up the DagBag from /home/airflow/.local/lib/python3.8/site-packages/airflow/example_dags/example_sla_dag.py
[2024-02-14T16:14:47.733+0000] {processor.py:840} INFO - DAG(s) 'example_sla_dag' retrieved from /home/airflow/.local/lib/python3.8/site-packages/airflow/example_dags/example_sla_dag.py
[2024-02-14T16:14:47.745+0000] {logging_mixin.py:188} INFO - [2024-02-14T16:14:47.745+0000] {dag.py:3033} INFO - Sync 1 DAGs
[2024-02-14T16:14:47.758+0000] {logging_mixin.py:188} INFO - [2024-02-14T16:14:47.758+0000] {dag.py:3820} INFO - Setting next_dagrun for example_sla_dag to 2024-02-14T16:12:00+00:00, run_after=2024-02-14T16:14:00+00:00
[2024-02-14T16:14:47.768+0000] {processor.py:183} INFO - Processing /home/airflow/.local/lib/python3.8/site-packages/airflow/example_dags/example_sla_dag.py took 0.046 seconds
[2024-02-14T16:15:18.878+0000] {processor.py:161} INFO - Started process (PID=1457) to work on /home/airflow/.local/lib/python3.8/site-packages/airflow/example_dags/example_sla_dag.py
[2024-02-14T16:15:18.878+0000] {processor.py:830} INFO - Processing file /home/airflow/.local/lib/python3.8/site-packages/airflow/example_dags/example_sla_dag.py for tasks to queue
[2024-02-14T16:15:18.880+0000] {logging_mixin.py:188} INFO - [2024-02-14T16:15:18.880+0000] {dagbag.py:538} INFO - Filling up the DagBag from /home/airflow/.local/lib/python3.8/site-packages/airflow/example_dags/example_sla_dag.py
[2024-02-14T16:15:18.885+0000] {processor.py:840} INFO - DAG(s) 'example_sla_dag' retrieved from /home/airflow/.local/lib/python3.8/site-packages/airflow/example_dags/example_sla_dag.py
[2024-02-14T16:15:18.897+0000] {logging_mixin.py:188} INFO - [2024-02-14T16:15:18.897+0000] {dag.py:3033} INFO - Sync 1 DAGs
[2024-02-14T16:15:18.909+0000] {logging_mixin.py:188} INFO - [2024-02-14T16:15:18.909+0000] {dag.py:3820} INFO - Setting next_dagrun for example_sla_dag to 2024-02-14T16:12:00+00:00, run_after=2024-02-14T16:14:00+00:00
[2024-02-14T16:15:18.919+0000] {processor.py:183} INFO - Processing /home/airflow/.local/lib/python3.8/site-packages/airflow/example_dags/example_sla_dag.py took 0.044 seconds
[2024-02-14T16:15:49.229+0000] {processor.py:161} INFO - Started process (PID=1513) to work on /home/airflow/.local/lib/python3.8/site-packages/airflow/example_dags/example_sla_dag.py
[2024-02-14T16:15:49.230+0000] {processor.py:830} INFO - Processing file /home/airflow/.local/lib/python3.8/site-packages/airflow/example_dags/example_sla_dag.py for tasks to queue
[2024-02-14T16:15:49.231+0000] {logging_mixin.py:188} INFO - [2024-02-14T16:15:49.231+0000] {dagbag.py:538} INFO - Filling up the DagBag from /home/airflow/.local/lib/python3.8/site-packages/airflow/example_dags/example_sla_dag.py
[2024-02-14T16:15:49.236+0000] {processor.py:840} INFO - DAG(s) 'example_sla_dag' retrieved from /home/airflow/.local/lib/python3.8/site-packages/airflow/example_dags/example_sla_dag.py
[2024-02-14T16:15:49.248+0000] {logging_mixin.py:188} INFO - [2024-02-14T16:15:49.247+0000] {dag.py:3033} INFO - Sync 1 DAGs
[2024-02-14T16:15:49.259+0000] {logging_mixin.py:188} INFO - [2024-02-14T16:15:49.259+0000] {dag.py:3820} INFO - Setting next_dagrun for example_sla_dag to 2024-02-14T16:12:00+00:00, run_after=2024-02-14T16:14:00+00:00
[2024-02-14T16:15:49.268+0000] {processor.py:183} INFO - Processing /home/airflow/.local/lib/python3.8/site-packages/airflow/example_dags/example_sla_dag.py took 0.041 seconds
[2024-02-14T16:16:20.333+0000] {processor.py:161} INFO - Started process (PID=1570) to work on /home/airflow/.local/lib/python3.8/site-packages/airflow/example_dags/example_sla_dag.py
[2024-02-14T16:16:20.334+0000] {processor.py:830} INFO - Processing file /home/airflow/.local/lib/python3.8/site-packages/airflow/example_dags/example_sla_dag.py for tasks to queue
[2024-02-14T16:16:20.336+0000] {logging_mixin.py:188} INFO - [2024-02-14T16:16:20.335+0000] {dagbag.py:538} INFO - Filling up the DagBag from /home/airflow/.local/lib/python3.8/site-packages/airflow/example_dags/example_sla_dag.py
[2024-02-14T16:16:20.341+0000] {processor.py:840} INFO - DAG(s) 'example_sla_dag' retrieved from /home/airflow/.local/lib/python3.8/site-packages/airflow/example_dags/example_sla_dag.py
[2024-02-14T16:16:20.352+0000] {logging_mixin.py:188} INFO - [2024-02-14T16:16:20.352+0000] {dag.py:3033} INFO - Sync 1 DAGs
[2024-02-14T16:16:20.365+0000] {logging_mixin.py:188} INFO - [2024-02-14T16:16:20.365+0000] {dag.py:3820} INFO - Setting next_dagrun for example_sla_dag to 2024-02-14T16:14:00+00:00, run_after=2024-02-14T16:16:00+00:00
[2024-02-14T16:16:20.374+0000] {processor.py:183} INFO - Processing /home/airflow/.local/lib/python3.8/site-packages/airflow/example_dags/example_sla_dag.py took 0.043 seconds
[2024-02-14T16:16:51.368+0000] {processor.py:161} INFO - Started process (PID=1627) to work on /home/airflow/.local/lib/python3.8/site-packages/airflow/example_dags/example_sla_dag.py
[2024-02-14T16:16:51.369+0000] {processor.py:830} INFO - Processing file /home/airflow/.local/lib/python3.8/site-packages/airflow/example_dags/example_sla_dag.py for tasks to queue
[2024-02-14T16:16:51.370+0000] {logging_mixin.py:188} INFO - [2024-02-14T16:16:51.370+0000] {dagbag.py:538} INFO - Filling up the DagBag from /home/airflow/.local/lib/python3.8/site-packages/airflow/example_dags/example_sla_dag.py
[2024-02-14T16:16:51.375+0000] {processor.py:840} INFO - DAG(s) 'example_sla_dag' retrieved from /home/airflow/.local/lib/python3.8/site-packages/airflow/example_dags/example_sla_dag.py
[2024-02-14T16:16:51.387+0000] {logging_mixin.py:188} INFO - [2024-02-14T16:16:51.387+0000] {dag.py:3033} INFO - Sync 1 DAGs
[2024-02-14T16:16:51.400+0000] {logging_mixin.py:188} INFO - [2024-02-14T16:16:51.400+0000] {dag.py:3820} INFO - Setting next_dagrun for example_sla_dag to 2024-02-14T16:14:00+00:00, run_after=2024-02-14T16:16:00+00:00
[2024-02-14T16:16:51.409+0000] {processor.py:183} INFO - Processing /home/airflow/.local/lib/python3.8/site-packages/airflow/example_dags/example_sla_dag.py took 0.043 seconds
[2024-02-14T16:17:21.632+0000] {processor.py:161} INFO - Started process (PID=1684) to work on /home/airflow/.local/lib/python3.8/site-packages/airflow/example_dags/example_sla_dag.py
[2024-02-14T16:17:21.633+0000] {processor.py:830} INFO - Processing file /home/airflow/.local/lib/python3.8/site-packages/airflow/example_dags/example_sla_dag.py for tasks to queue
[2024-02-14T16:17:21.634+0000] {logging_mixin.py:188} INFO - [2024-02-14T16:17:21.634+0000] {dagbag.py:538} INFO - Filling up the DagBag from /home/airflow/.local/lib/python3.8/site-packages/airflow/example_dags/example_sla_dag.py
[2024-02-14T16:17:21.640+0000] {processor.py:840} INFO - DAG(s) 'example_sla_dag' retrieved from /home/airflow/.local/lib/python3.8/site-packages/airflow/example_dags/example_sla_dag.py
[2024-02-14T16:17:21.650+0000] {logging_mixin.py:188} INFO - [2024-02-14T16:17:21.650+0000] {dag.py:3033} INFO - Sync 1 DAGs
[2024-02-14T16:17:21.663+0000] {logging_mixin.py:188} INFO - [2024-02-14T16:17:21.663+0000] {dag.py:3820} INFO - Setting next_dagrun for example_sla_dag to 2024-02-14T16:14:00+00:00, run_after=2024-02-14T16:16:00+00:00
[2024-02-14T16:17:21.672+0000] {processor.py:183} INFO - Processing /home/airflow/.local/lib/python3.8/site-packages/airflow/example_dags/example_sla_dag.py took 0.042 seconds
[2024-02-14T16:17:51.876+0000] {processor.py:161} INFO - Started process (PID=1741) to work on /home/airflow/.local/lib/python3.8/site-packages/airflow/example_dags/example_sla_dag.py
[2024-02-14T16:17:51.877+0000] {processor.py:830} INFO - Processing file /home/airflow/.local/lib/python3.8/site-packages/airflow/example_dags/example_sla_dag.py for tasks to queue
[2024-02-14T16:17:51.878+0000] {logging_mixin.py:188} INFO - [2024-02-14T16:17:51.878+0000] {dagbag.py:538} INFO - Filling up the DagBag from /home/airflow/.local/lib/python3.8/site-packages/airflow/example_dags/example_sla_dag.py
[2024-02-14T16:17:51.884+0000] {processor.py:840} INFO - DAG(s) 'example_sla_dag' retrieved from /home/airflow/.local/lib/python3.8/site-packages/airflow/example_dags/example_sla_dag.py
[2024-02-14T16:17:51.895+0000] {logging_mixin.py:188} INFO - [2024-02-14T16:17:51.895+0000] {dag.py:3033} INFO - Sync 1 DAGs
[2024-02-14T16:17:51.908+0000] {logging_mixin.py:188} INFO - [2024-02-14T16:17:51.908+0000] {dag.py:3820} INFO - Setting next_dagrun for example_sla_dag to 2024-02-14T16:14:00+00:00, run_after=2024-02-14T16:16:00+00:00
[2024-02-14T16:17:51.916+0000] {processor.py:183} INFO - Processing /home/airflow/.local/lib/python3.8/site-packages/airflow/example_dags/example_sla_dag.py took 0.042 seconds
[2024-02-14T16:18:22.119+0000] {processor.py:161} INFO - Started process (PID=1798) to work on /home/airflow/.local/lib/python3.8/site-packages/airflow/example_dags/example_sla_dag.py
[2024-02-14T16:18:22.120+0000] {processor.py:830} INFO - Processing file /home/airflow/.local/lib/python3.8/site-packages/airflow/example_dags/example_sla_dag.py for tasks to queue
[2024-02-14T16:18:22.122+0000] {logging_mixin.py:188} INFO - [2024-02-14T16:18:22.122+0000] {dagbag.py:538} INFO - Filling up the DagBag from /home/airflow/.local/lib/python3.8/site-packages/airflow/example_dags/example_sla_dag.py
[2024-02-14T16:18:22.127+0000] {processor.py:840} INFO - DAG(s) 'example_sla_dag' retrieved from /home/airflow/.local/lib/python3.8/site-packages/airflow/example_dags/example_sla_dag.py
[2024-02-14T16:18:22.140+0000] {logging_mixin.py:188} INFO - [2024-02-14T16:18:22.139+0000] {dag.py:3033} INFO - Sync 1 DAGs
[2024-02-14T16:18:22.152+0000] {logging_mixin.py:188} INFO - [2024-02-14T16:18:22.152+0000] {dag.py:3820} INFO - Setting next_dagrun for example_sla_dag to 2024-02-14T16:16:00+00:00, run_after=2024-02-14T16:18:00+00:00
[2024-02-14T16:18:22.162+0000] {processor.py:183} INFO - Processing /home/airflow/.local/lib/python3.8/site-packages/airflow/example_dags/example_sla_dag.py took 0.045 seconds
[2024-02-14T16:18:52.332+0000] {processor.py:161} INFO - Started process (PID=1855) to work on /home/airflow/.local/lib/python3.8/site-packages/airflow/example_dags/example_sla_dag.py
[2024-02-14T16:18:52.333+0000] {processor.py:830} INFO - Processing file /home/airflow/.local/lib/python3.8/site-packages/airflow/example_dags/example_sla_dag.py for tasks to queue
[2024-02-14T16:18:52.335+0000] {logging_mixin.py:188} INFO - [2024-02-14T16:18:52.334+0000] {dagbag.py:538} INFO - Filling up the DagBag from /home/airflow/.local/lib/python3.8/site-packages/airflow/example_dags/example_sla_dag.py
[2024-02-14T16:18:52.340+0000] {processor.py:840} INFO - DAG(s) 'example_sla_dag' retrieved from /home/airflow/.local/lib/python3.8/site-packages/airflow/example_dags/example_sla_dag.py
[2024-02-14T16:18:52.353+0000] {logging_mixin.py:188} INFO - [2024-02-14T16:18:52.352+0000] {dag.py:3033} INFO - Sync 1 DAGs
[2024-02-14T16:18:52.365+0000] {logging_mixin.py:188} INFO - [2024-02-14T16:18:52.365+0000] {dag.py:3820} INFO - Setting next_dagrun for example_sla_dag to 2024-02-14T16:16:00+00:00, run_after=2024-02-14T16:18:00+00:00
[2024-02-14T16:18:52.375+0000] {processor.py:183} INFO - Processing /home/airflow/.local/lib/python3.8/site-packages/airflow/example_dags/example_sla_dag.py took 0.046 seconds
[2024-02-14T16:19:22.739+0000] {processor.py:161} INFO - Started process (PID=1912) to work on /home/airflow/.local/lib/python3.8/site-packages/airflow/example_dags/example_sla_dag.py
[2024-02-14T16:19:22.739+0000] {processor.py:830} INFO - Processing file /home/airflow/.local/lib/python3.8/site-packages/airflow/example_dags/example_sla_dag.py for tasks to queue
[2024-02-14T16:19:22.741+0000] {logging_mixin.py:188} INFO - [2024-02-14T16:19:22.741+0000] {dagbag.py:538} INFO - Filling up the DagBag from /home/airflow/.local/lib/python3.8/site-packages/airflow/example_dags/example_sla_dag.py
[2024-02-14T16:19:22.746+0000] {processor.py:840} INFO - DAG(s) 'example_sla_dag' retrieved from /home/airflow/.local/lib/python3.8/site-packages/airflow/example_dags/example_sla_dag.py
[2024-02-14T16:19:22.758+0000] {logging_mixin.py:188} INFO - [2024-02-14T16:19:22.758+0000] {dag.py:3033} INFO - Sync 1 DAGs
[2024-02-14T16:19:22.771+0000] {logging_mixin.py:188} INFO - [2024-02-14T16:19:22.771+0000] {dag.py:3820} INFO - Setting next_dagrun for example_sla_dag to 2024-02-14T16:16:00+00:00, run_after=2024-02-14T16:18:00+00:00
[2024-02-14T16:19:22.781+0000] {processor.py:183} INFO - Processing /home/airflow/.local/lib/python3.8/site-packages/airflow/example_dags/example_sla_dag.py took 0.044 seconds
[2024-02-14T16:19:52.902+0000] {processor.py:161} INFO - Started process (PID=1969) to work on /home/airflow/.local/lib/python3.8/site-packages/airflow/example_dags/example_sla_dag.py
[2024-02-14T16:19:52.903+0000] {processor.py:830} INFO - Processing file /home/airflow/.local/lib/python3.8/site-packages/airflow/example_dags/example_sla_dag.py for tasks to queue
[2024-02-14T16:19:52.905+0000] {logging_mixin.py:188} INFO - [2024-02-14T16:19:52.904+0000] {dagbag.py:538} INFO - Filling up the DagBag from /home/airflow/.local/lib/python3.8/site-packages/airflow/example_dags/example_sla_dag.py
[2024-02-14T16:19:52.910+0000] {processor.py:840} INFO - DAG(s) 'example_sla_dag' retrieved from /home/airflow/.local/lib/python3.8/site-packages/airflow/example_dags/example_sla_dag.py
[2024-02-14T16:19:52.922+0000] {logging_mixin.py:188} INFO - [2024-02-14T16:19:52.922+0000] {dag.py:3033} INFO - Sync 1 DAGs
[2024-02-14T16:19:52.935+0000] {logging_mixin.py:188} INFO - [2024-02-14T16:19:52.935+0000] {dag.py:3820} INFO - Setting next_dagrun for example_sla_dag to 2024-02-14T16:16:00+00:00, run_after=2024-02-14T16:18:00+00:00
[2024-02-14T16:19:52.944+0000] {processor.py:183} INFO - Processing /home/airflow/.local/lib/python3.8/site-packages/airflow/example_dags/example_sla_dag.py took 0.043 seconds
[2024-02-14T16:20:23.112+0000] {processor.py:161} INFO - Started process (PID=2026) to work on /home/airflow/.local/lib/python3.8/site-packages/airflow/example_dags/example_sla_dag.py
[2024-02-14T16:20:23.113+0000] {processor.py:830} INFO - Processing file /home/airflow/.local/lib/python3.8/site-packages/airflow/example_dags/example_sla_dag.py for tasks to queue
[2024-02-14T16:20:23.114+0000] {logging_mixin.py:188} INFO - [2024-02-14T16:20:23.114+0000] {dagbag.py:538} INFO - Filling up the DagBag from /home/airflow/.local/lib/python3.8/site-packages/airflow/example_dags/example_sla_dag.py
[2024-02-14T16:20:23.119+0000] {processor.py:840} INFO - DAG(s) 'example_sla_dag' retrieved from /home/airflow/.local/lib/python3.8/site-packages/airflow/example_dags/example_sla_dag.py
[2024-02-14T16:20:23.131+0000] {logging_mixin.py:188} INFO - [2024-02-14T16:20:23.131+0000] {dag.py:3033} INFO - Sync 1 DAGs
[2024-02-14T16:20:23.144+0000] {logging_mixin.py:188} INFO - [2024-02-14T16:20:23.144+0000] {dag.py:3820} INFO - Setting next_dagrun for example_sla_dag to 2024-02-14T16:18:00+00:00, run_after=2024-02-14T16:20:00+00:00
[2024-02-14T16:20:23.154+0000] {processor.py:183} INFO - Processing /home/airflow/.local/lib/python3.8/site-packages/airflow/example_dags/example_sla_dag.py took 0.044 seconds
[2024-02-14T16:20:53.506+0000] {processor.py:161} INFO - Started process (PID=2083) to work on /home/airflow/.local/lib/python3.8/site-packages/airflow/example_dags/example_sla_dag.py
[2024-02-14T16:20:53.506+0000] {processor.py:830} INFO - Processing file /home/airflow/.local/lib/python3.8/site-packages/airflow/example_dags/example_sla_dag.py for tasks to queue
[2024-02-14T16:20:53.508+0000] {logging_mixin.py:188} INFO - [2024-02-14T16:20:53.508+0000] {dagbag.py:538} INFO - Filling up the DagBag from /home/airflow/.local/lib/python3.8/site-packages/airflow/example_dags/example_sla_dag.py
[2024-02-14T16:20:53.513+0000] {processor.py:840} INFO - DAG(s) 'example_sla_dag' retrieved from /home/airflow/.local/lib/python3.8/site-packages/airflow/example_dags/example_sla_dag.py
[2024-02-14T16:20:53.525+0000] {logging_mixin.py:188} INFO - [2024-02-14T16:20:53.524+0000] {dag.py:3033} INFO - Sync 1 DAGs
[2024-02-14T16:20:53.537+0000] {logging_mixin.py:188} INFO - [2024-02-14T16:20:53.537+0000] {dag.py:3820} INFO - Setting next_dagrun for example_sla_dag to 2024-02-14T16:18:00+00:00, run_after=2024-02-14T16:20:00+00:00
[2024-02-14T16:20:53.547+0000] {processor.py:183} INFO - Processing /home/airflow/.local/lib/python3.8/site-packages/airflow/example_dags/example_sla_dag.py took 0.044 seconds
[2024-02-14T16:21:23.915+0000] {processor.py:161} INFO - Started process (PID=2140) to work on /home/airflow/.local/lib/python3.8/site-packages/airflow/example_dags/example_sla_dag.py
[2024-02-14T16:21:23.915+0000] {processor.py:830} INFO - Processing file /home/airflow/.local/lib/python3.8/site-packages/airflow/example_dags/example_sla_dag.py for tasks to queue
[2024-02-14T16:21:23.916+0000] {logging_mixin.py:188} INFO - [2024-02-14T16:21:23.916+0000] {dagbag.py:538} INFO - Filling up the DagBag from /home/airflow/.local/lib/python3.8/site-packages/airflow/example_dags/example_sla_dag.py
[2024-02-14T16:21:23.922+0000] {processor.py:840} INFO - DAG(s) 'example_sla_dag' retrieved from /home/airflow/.local/lib/python3.8/site-packages/airflow/example_dags/example_sla_dag.py
[2024-02-14T16:21:23.934+0000] {logging_mixin.py:188} INFO - [2024-02-14T16:21:23.934+0000] {dag.py:3033} INFO - Sync 1 DAGs
[2024-02-14T16:21:23.946+0000] {logging_mixin.py:188} INFO - [2024-02-14T16:21:23.946+0000] {dag.py:3820} INFO - Setting next_dagrun for example_sla_dag to 2024-02-14T16:18:00+00:00, run_after=2024-02-14T16:20:00+00:00
[2024-02-14T16:21:23.956+0000] {processor.py:183} INFO - Processing /home/airflow/.local/lib/python3.8/site-packages/airflow/example_dags/example_sla_dag.py took 0.043 seconds
[2024-02-14T16:21:54.367+0000] {processor.py:161} INFO - Started process (PID=2196) to work on /home/airflow/.local/lib/python3.8/site-packages/airflow/example_dags/example_sla_dag.py
[2024-02-14T16:21:54.368+0000] {processor.py:830} INFO - Processing file /home/airflow/.local/lib/python3.8/site-packages/airflow/example_dags/example_sla_dag.py for tasks to queue
[2024-02-14T16:21:54.369+0000] {logging_mixin.py:188} INFO - [2024-02-14T16:21:54.369+0000] {dagbag.py:538} INFO - Filling up the DagBag from /home/airflow/.local/lib/python3.8/site-packages/airflow/example_dags/example_sla_dag.py
[2024-02-14T16:21:54.375+0000] {processor.py:840} INFO - DAG(s) 'example_sla_dag' retrieved from /home/airflow/.local/lib/python3.8/site-packages/airflow/example_dags/example_sla_dag.py
[2024-02-14T16:21:54.387+0000] {logging_mixin.py:188} INFO - [2024-02-14T16:21:54.387+0000] {dag.py:3033} INFO - Sync 1 DAGs
[2024-02-14T16:21:54.400+0000] {logging_mixin.py:188} INFO - [2024-02-14T16:21:54.400+0000] {dag.py:3820} INFO - Setting next_dagrun for example_sla_dag to 2024-02-14T16:18:00+00:00, run_after=2024-02-14T16:20:00+00:00
[2024-02-14T16:21:54.410+0000] {processor.py:183} INFO - Processing /home/airflow/.local/lib/python3.8/site-packages/airflow/example_dags/example_sla_dag.py took 0.045 seconds
[2024-02-14T16:22:25.458+0000] {processor.py:161} INFO - Started process (PID=2253) to work on /home/airflow/.local/lib/python3.8/site-packages/airflow/example_dags/example_sla_dag.py
[2024-02-14T16:22:25.459+0000] {processor.py:830} INFO - Processing file /home/airflow/.local/lib/python3.8/site-packages/airflow/example_dags/example_sla_dag.py for tasks to queue
[2024-02-14T16:22:25.460+0000] {logging_mixin.py:188} INFO - [2024-02-14T16:22:25.460+0000] {dagbag.py:538} INFO - Filling up the DagBag from /home/airflow/.local/lib/python3.8/site-packages/airflow/example_dags/example_sla_dag.py
[2024-02-14T16:22:25.465+0000] {processor.py:840} INFO - DAG(s) 'example_sla_dag' retrieved from /home/airflow/.local/lib/python3.8/site-packages/airflow/example_dags/example_sla_dag.py
[2024-02-14T16:22:25.477+0000] {logging_mixin.py:188} INFO - [2024-02-14T16:22:25.477+0000] {dag.py:3033} INFO - Sync 1 DAGs
[2024-02-14T16:22:25.490+0000] {logging_mixin.py:188} INFO - [2024-02-14T16:22:25.490+0000] {dag.py:3820} INFO - Setting next_dagrun for example_sla_dag to 2024-02-14T16:20:00+00:00, run_after=2024-02-14T16:22:00+00:00
[2024-02-14T16:22:25.500+0000] {processor.py:183} INFO - Processing /home/airflow/.local/lib/python3.8/site-packages/airflow/example_dags/example_sla_dag.py took 0.045 seconds
[2024-02-14T16:22:56.239+0000] {processor.py:161} INFO - Started process (PID=2310) to work on /home/airflow/.local/lib/python3.8/site-packages/airflow/example_dags/example_sla_dag.py
[2024-02-14T16:22:56.240+0000] {processor.py:830} INFO - Processing file /home/airflow/.local/lib/python3.8/site-packages/airflow/example_dags/example_sla_dag.py for tasks to queue
[2024-02-14T16:22:56.241+0000] {logging_mixin.py:188} INFO - [2024-02-14T16:22:56.241+0000] {dagbag.py:538} INFO - Filling up the DagBag from /home/airflow/.local/lib/python3.8/site-packages/airflow/example_dags/example_sla_dag.py
[2024-02-14T16:22:56.246+0000] {processor.py:840} INFO - DAG(s) 'example_sla_dag' retrieved from /home/airflow/.local/lib/python3.8/site-packages/airflow/example_dags/example_sla_dag.py
[2024-02-14T16:22:56.353+0000] {logging_mixin.py:188} INFO - [2024-02-14T16:22:56.353+0000] {dag.py:3033} INFO - Sync 1 DAGs
[2024-02-14T16:22:56.365+0000] {logging_mixin.py:188} INFO - [2024-02-14T16:22:56.365+0000] {dag.py:3820} INFO - Setting next_dagrun for example_sla_dag to 2024-02-14T16:20:00+00:00, run_after=2024-02-14T16:22:00+00:00
[2024-02-14T16:22:56.373+0000] {processor.py:183} INFO - Processing /home/airflow/.local/lib/python3.8/site-packages/airflow/example_dags/example_sla_dag.py took 0.137 seconds
[2024-02-14T16:23:26.923+0000] {processor.py:161} INFO - Started process (PID=2367) to work on /home/airflow/.local/lib/python3.8/site-packages/airflow/example_dags/example_sla_dag.py
[2024-02-14T16:23:26.923+0000] {processor.py:830} INFO - Processing file /home/airflow/.local/lib/python3.8/site-packages/airflow/example_dags/example_sla_dag.py for tasks to queue
[2024-02-14T16:23:26.925+0000] {logging_mixin.py:188} INFO - [2024-02-14T16:23:26.925+0000] {dagbag.py:538} INFO - Filling up the DagBag from /home/airflow/.local/lib/python3.8/site-packages/airflow/example_dags/example_sla_dag.py
[2024-02-14T16:23:26.930+0000] {processor.py:840} INFO - DAG(s) 'example_sla_dag' retrieved from /home/airflow/.local/lib/python3.8/site-packages/airflow/example_dags/example_sla_dag.py
[2024-02-14T16:23:26.942+0000] {logging_mixin.py:188} INFO - [2024-02-14T16:23:26.942+0000] {dag.py:3033} INFO - Sync 1 DAGs
[2024-02-14T16:23:26.955+0000] {logging_mixin.py:188} INFO - [2024-02-14T16:23:26.955+0000] {dag.py:3820} INFO - Setting next_dagrun for example_sla_dag to 2024-02-14T16:20:00+00:00, run_after=2024-02-14T16:22:00+00:00
[2024-02-14T16:23:26.964+0000] {processor.py:183} INFO - Processing /home/airflow/.local/lib/python3.8/site-packages/airflow/example_dags/example_sla_dag.py took 0.044 seconds
[2024-02-14T16:23:57.281+0000] {processor.py:161} INFO - Started process (PID=2424) to work on /home/airflow/.local/lib/python3.8/site-packages/airflow/example_dags/example_sla_dag.py
[2024-02-14T16:23:57.282+0000] {processor.py:830} INFO - Processing file /home/airflow/.local/lib/python3.8/site-packages/airflow/example_dags/example_sla_dag.py for tasks to queue
[2024-02-14T16:23:57.284+0000] {logging_mixin.py:188} INFO - [2024-02-14T16:23:57.283+0000] {dagbag.py:538} INFO - Filling up the DagBag from /home/airflow/.local/lib/python3.8/site-packages/airflow/example_dags/example_sla_dag.py
[2024-02-14T16:23:57.289+0000] {processor.py:840} INFO - DAG(s) 'example_sla_dag' retrieved from /home/airflow/.local/lib/python3.8/site-packages/airflow/example_dags/example_sla_dag.py
[2024-02-14T16:23:57.301+0000] {logging_mixin.py:188} INFO - [2024-02-14T16:23:57.301+0000] {dag.py:3033} INFO - Sync 1 DAGs
[2024-02-14T16:23:57.313+0000] {logging_mixin.py:188} INFO - [2024-02-14T16:23:57.313+0000] {dag.py:3820} INFO - Setting next_dagrun for example_sla_dag to 2024-02-14T16:20:00+00:00, run_after=2024-02-14T16:22:00+00:00
[2024-02-14T16:23:57.322+0000] {processor.py:183} INFO - Processing /home/airflow/.local/lib/python3.8/site-packages/airflow/example_dags/example_sla_dag.py took 0.043 seconds
[2024-02-14T16:24:27.441+0000] {processor.py:161} INFO - Started process (PID=2481) to work on /home/airflow/.local/lib/python3.8/site-packages/airflow/example_dags/example_sla_dag.py
[2024-02-14T16:24:27.441+0000] {processor.py:830} INFO - Processing file /home/airflow/.local/lib/python3.8/site-packages/airflow/example_dags/example_sla_dag.py for tasks to queue
[2024-02-14T16:24:27.443+0000] {logging_mixin.py:188} INFO - [2024-02-14T16:24:27.443+0000] {dagbag.py:538} INFO - Filling up the DagBag from /home/airflow/.local/lib/python3.8/site-packages/airflow/example_dags/example_sla_dag.py
[2024-02-14T16:24:27.449+0000] {processor.py:840} INFO - DAG(s) 'example_sla_dag' retrieved from /home/airflow/.local/lib/python3.8/site-packages/airflow/example_dags/example_sla_dag.py
[2024-02-14T16:24:27.460+0000] {logging_mixin.py:188} INFO - [2024-02-14T16:24:27.460+0000] {dag.py:3033} INFO - Sync 1 DAGs
[2024-02-14T16:24:27.472+0000] {logging_mixin.py:188} INFO - [2024-02-14T16:24:27.471+0000] {dag.py:3820} INFO - Setting next_dagrun for example_sla_dag to 2024-02-14T16:22:00+00:00, run_after=2024-02-14T16:24:00+00:00
[2024-02-14T16:24:27.480+0000] {processor.py:183} INFO - Processing /home/airflow/.local/lib/python3.8/site-packages/airflow/example_dags/example_sla_dag.py took 0.042 seconds
