[2024-02-14T16:03:07.389+0000] {processor.py:161} INFO - Started process (PID=57) to work on /home/airflow/.local/lib/python3.8/site-packages/airflow/example_dags/example_latest_only.py
[2024-02-14T16:03:07.390+0000] {processor.py:830} INFO - Processing file /home/airflow/.local/lib/python3.8/site-packages/airflow/example_dags/example_latest_only.py for tasks to queue
[2024-02-14T16:03:07.393+0000] {logging_mixin.py:188} INFO - [2024-02-14T16:03:07.393+0000] {dagbag.py:538} INFO - Filling up the DagBag from /home/airflow/.local/lib/python3.8/site-packages/airflow/example_dags/example_latest_only.py
[2024-02-14T16:03:07.400+0000] {processor.py:840} INFO - DAG(s) 'latest_only' retrieved from /home/airflow/.local/lib/python3.8/site-packages/airflow/example_dags/example_latest_only.py
[2024-02-14T16:03:07.411+0000] {logging_mixin.py:188} INFO - [2024-02-14T16:03:07.411+0000] {dag.py:3033} INFO - Sync 1 DAGs
[2024-02-14T16:03:07.429+0000] {logging_mixin.py:188} INFO - [2024-02-14T16:03:07.429+0000] {dag.py:3820} INFO - Setting next_dagrun for latest_only to 2024-02-14T12:00:00+00:00, run_after=2024-02-14T16:00:00+00:00
[2024-02-14T16:03:07.443+0000] {processor.py:183} INFO - Processing /home/airflow/.local/lib/python3.8/site-packages/airflow/example_dags/example_latest_only.py took 0.057 seconds
[2024-02-14T16:03:37.644+0000] {processor.py:161} INFO - Started process (PID=114) to work on /home/airflow/.local/lib/python3.8/site-packages/airflow/example_dags/example_latest_only.py
[2024-02-14T16:03:37.645+0000] {processor.py:830} INFO - Processing file /home/airflow/.local/lib/python3.8/site-packages/airflow/example_dags/example_latest_only.py for tasks to queue
[2024-02-14T16:03:37.646+0000] {logging_mixin.py:188} INFO - [2024-02-14T16:03:37.646+0000] {dagbag.py:538} INFO - Filling up the DagBag from /home/airflow/.local/lib/python3.8/site-packages/airflow/example_dags/example_latest_only.py
[2024-02-14T16:03:37.650+0000] {processor.py:840} INFO - DAG(s) 'latest_only' retrieved from /home/airflow/.local/lib/python3.8/site-packages/airflow/example_dags/example_latest_only.py
[2024-02-14T16:03:37.700+0000] {logging_mixin.py:188} INFO - [2024-02-14T16:03:37.700+0000] {dag.py:3033} INFO - Sync 1 DAGs
[2024-02-14T16:03:37.710+0000] {logging_mixin.py:188} INFO - [2024-02-14T16:03:37.710+0000] {dag.py:3820} INFO - Setting next_dagrun for latest_only to 2024-02-14T12:00:00+00:00, run_after=2024-02-14T16:00:00+00:00
[2024-02-14T16:03:37.721+0000] {processor.py:183} INFO - Processing /home/airflow/.local/lib/python3.8/site-packages/airflow/example_dags/example_latest_only.py took 0.079 seconds
[2024-02-14T16:04:08.427+0000] {processor.py:161} INFO - Started process (PID=171) to work on /home/airflow/.local/lib/python3.8/site-packages/airflow/example_dags/example_latest_only.py
[2024-02-14T16:04:08.428+0000] {processor.py:830} INFO - Processing file /home/airflow/.local/lib/python3.8/site-packages/airflow/example_dags/example_latest_only.py for tasks to queue
[2024-02-14T16:04:08.429+0000] {logging_mixin.py:188} INFO - [2024-02-14T16:04:08.429+0000] {dagbag.py:538} INFO - Filling up the DagBag from /home/airflow/.local/lib/python3.8/site-packages/airflow/example_dags/example_latest_only.py
[2024-02-14T16:04:08.433+0000] {processor.py:840} INFO - DAG(s) 'latest_only' retrieved from /home/airflow/.local/lib/python3.8/site-packages/airflow/example_dags/example_latest_only.py
[2024-02-14T16:04:08.446+0000] {logging_mixin.py:188} INFO - [2024-02-14T16:04:08.446+0000] {dag.py:3033} INFO - Sync 1 DAGs
[2024-02-14T16:04:08.456+0000] {logging_mixin.py:188} INFO - [2024-02-14T16:04:08.456+0000] {dag.py:3820} INFO - Setting next_dagrun for latest_only to 2024-02-14T12:00:00+00:00, run_after=2024-02-14T16:00:00+00:00
[2024-02-14T16:04:08.466+0000] {processor.py:183} INFO - Processing /home/airflow/.local/lib/python3.8/site-packages/airflow/example_dags/example_latest_only.py took 0.041 seconds
[2024-02-14T16:04:38.578+0000] {processor.py:161} INFO - Started process (PID=228) to work on /home/airflow/.local/lib/python3.8/site-packages/airflow/example_dags/example_latest_only.py
[2024-02-14T16:04:38.579+0000] {processor.py:830} INFO - Processing file /home/airflow/.local/lib/python3.8/site-packages/airflow/example_dags/example_latest_only.py for tasks to queue
[2024-02-14T16:04:38.580+0000] {logging_mixin.py:188} INFO - [2024-02-14T16:04:38.580+0000] {dagbag.py:538} INFO - Filling up the DagBag from /home/airflow/.local/lib/python3.8/site-packages/airflow/example_dags/example_latest_only.py
[2024-02-14T16:04:38.584+0000] {processor.py:840} INFO - DAG(s) 'latest_only' retrieved from /home/airflow/.local/lib/python3.8/site-packages/airflow/example_dags/example_latest_only.py
[2024-02-14T16:04:38.596+0000] {logging_mixin.py:188} INFO - [2024-02-14T16:04:38.596+0000] {dag.py:3033} INFO - Sync 1 DAGs
[2024-02-14T16:04:38.607+0000] {logging_mixin.py:188} INFO - [2024-02-14T16:04:38.607+0000] {dag.py:3820} INFO - Setting next_dagrun for latest_only to 2024-02-14T12:00:00+00:00, run_after=2024-02-14T16:00:00+00:00
[2024-02-14T16:04:38.615+0000] {processor.py:183} INFO - Processing /home/airflow/.local/lib/python3.8/site-packages/airflow/example_dags/example_latest_only.py took 0.040 seconds
[2024-02-14T16:05:08.954+0000] {processor.py:161} INFO - Started process (PID=285) to work on /home/airflow/.local/lib/python3.8/site-packages/airflow/example_dags/example_latest_only.py
[2024-02-14T16:05:08.955+0000] {processor.py:830} INFO - Processing file /home/airflow/.local/lib/python3.8/site-packages/airflow/example_dags/example_latest_only.py for tasks to queue
[2024-02-14T16:05:08.956+0000] {logging_mixin.py:188} INFO - [2024-02-14T16:05:08.956+0000] {dagbag.py:538} INFO - Filling up the DagBag from /home/airflow/.local/lib/python3.8/site-packages/airflow/example_dags/example_latest_only.py
[2024-02-14T16:05:08.959+0000] {processor.py:840} INFO - DAG(s) 'latest_only' retrieved from /home/airflow/.local/lib/python3.8/site-packages/airflow/example_dags/example_latest_only.py
[2024-02-14T16:05:08.972+0000] {logging_mixin.py:188} INFO - [2024-02-14T16:05:08.972+0000] {dag.py:3033} INFO - Sync 1 DAGs
[2024-02-14T16:05:08.983+0000] {logging_mixin.py:188} INFO - [2024-02-14T16:05:08.983+0000] {dag.py:3820} INFO - Setting next_dagrun for latest_only to 2024-02-14T12:00:00+00:00, run_after=2024-02-14T16:00:00+00:00
[2024-02-14T16:05:08.992+0000] {processor.py:183} INFO - Processing /home/airflow/.local/lib/python3.8/site-packages/airflow/example_dags/example_latest_only.py took 0.040 seconds
[2024-02-14T16:05:39.087+0000] {processor.py:161} INFO - Started process (PID=342) to work on /home/airflow/.local/lib/python3.8/site-packages/airflow/example_dags/example_latest_only.py
[2024-02-14T16:05:39.088+0000] {processor.py:830} INFO - Processing file /home/airflow/.local/lib/python3.8/site-packages/airflow/example_dags/example_latest_only.py for tasks to queue
[2024-02-14T16:05:39.089+0000] {logging_mixin.py:188} INFO - [2024-02-14T16:05:39.089+0000] {dagbag.py:538} INFO - Filling up the DagBag from /home/airflow/.local/lib/python3.8/site-packages/airflow/example_dags/example_latest_only.py
[2024-02-14T16:05:39.093+0000] {processor.py:840} INFO - DAG(s) 'latest_only' retrieved from /home/airflow/.local/lib/python3.8/site-packages/airflow/example_dags/example_latest_only.py
[2024-02-14T16:05:39.105+0000] {logging_mixin.py:188} INFO - [2024-02-14T16:05:39.105+0000] {dag.py:3033} INFO - Sync 1 DAGs
[2024-02-14T16:05:39.116+0000] {logging_mixin.py:188} INFO - [2024-02-14T16:05:39.116+0000] {dag.py:3820} INFO - Setting next_dagrun for latest_only to 2024-02-14T12:00:00+00:00, run_after=2024-02-14T16:00:00+00:00
[2024-02-14T16:05:39.125+0000] {processor.py:183} INFO - Processing /home/airflow/.local/lib/python3.8/site-packages/airflow/example_dags/example_latest_only.py took 0.040 seconds
[2024-02-14T16:06:09.182+0000] {processor.py:161} INFO - Started process (PID=398) to work on /home/airflow/.local/lib/python3.8/site-packages/airflow/example_dags/example_latest_only.py
[2024-02-14T16:06:09.183+0000] {processor.py:830} INFO - Processing file /home/airflow/.local/lib/python3.8/site-packages/airflow/example_dags/example_latest_only.py for tasks to queue
[2024-02-14T16:06:09.184+0000] {logging_mixin.py:188} INFO - [2024-02-14T16:06:09.184+0000] {dagbag.py:538} INFO - Filling up the DagBag from /home/airflow/.local/lib/python3.8/site-packages/airflow/example_dags/example_latest_only.py
[2024-02-14T16:06:09.188+0000] {processor.py:840} INFO - DAG(s) 'latest_only' retrieved from /home/airflow/.local/lib/python3.8/site-packages/airflow/example_dags/example_latest_only.py
[2024-02-14T16:06:09.199+0000] {logging_mixin.py:188} INFO - [2024-02-14T16:06:09.199+0000] {dag.py:3033} INFO - Sync 1 DAGs
[2024-02-14T16:06:09.210+0000] {logging_mixin.py:188} INFO - [2024-02-14T16:06:09.209+0000] {dag.py:3820} INFO - Setting next_dagrun for latest_only to 2024-02-14T12:00:00+00:00, run_after=2024-02-14T16:00:00+00:00
[2024-02-14T16:06:09.218+0000] {processor.py:183} INFO - Processing /home/airflow/.local/lib/python3.8/site-packages/airflow/example_dags/example_latest_only.py took 0.037 seconds
[2024-02-14T16:06:39.288+0000] {processor.py:161} INFO - Started process (PID=455) to work on /home/airflow/.local/lib/python3.8/site-packages/airflow/example_dags/example_latest_only.py
[2024-02-14T16:06:39.289+0000] {processor.py:830} INFO - Processing file /home/airflow/.local/lib/python3.8/site-packages/airflow/example_dags/example_latest_only.py for tasks to queue
[2024-02-14T16:06:39.290+0000] {logging_mixin.py:188} INFO - [2024-02-14T16:06:39.290+0000] {dagbag.py:538} INFO - Filling up the DagBag from /home/airflow/.local/lib/python3.8/site-packages/airflow/example_dags/example_latest_only.py
[2024-02-14T16:06:39.293+0000] {processor.py:840} INFO - DAG(s) 'latest_only' retrieved from /home/airflow/.local/lib/python3.8/site-packages/airflow/example_dags/example_latest_only.py
[2024-02-14T16:06:39.306+0000] {logging_mixin.py:188} INFO - [2024-02-14T16:06:39.306+0000] {dag.py:3033} INFO - Sync 1 DAGs
[2024-02-14T16:06:39.316+0000] {logging_mixin.py:188} INFO - [2024-02-14T16:06:39.316+0000] {dag.py:3820} INFO - Setting next_dagrun for latest_only to 2024-02-14T12:00:00+00:00, run_after=2024-02-14T16:00:00+00:00
[2024-02-14T16:06:39.325+0000] {processor.py:183} INFO - Processing /home/airflow/.local/lib/python3.8/site-packages/airflow/example_dags/example_latest_only.py took 0.039 seconds
[2024-02-14T16:07:09.474+0000] {processor.py:161} INFO - Started process (PID=512) to work on /home/airflow/.local/lib/python3.8/site-packages/airflow/example_dags/example_latest_only.py
[2024-02-14T16:07:09.475+0000] {processor.py:830} INFO - Processing file /home/airflow/.local/lib/python3.8/site-packages/airflow/example_dags/example_latest_only.py for tasks to queue
[2024-02-14T16:07:09.476+0000] {logging_mixin.py:188} INFO - [2024-02-14T16:07:09.476+0000] {dagbag.py:538} INFO - Filling up the DagBag from /home/airflow/.local/lib/python3.8/site-packages/airflow/example_dags/example_latest_only.py
[2024-02-14T16:07:09.480+0000] {processor.py:840} INFO - DAG(s) 'latest_only' retrieved from /home/airflow/.local/lib/python3.8/site-packages/airflow/example_dags/example_latest_only.py
[2024-02-14T16:07:09.492+0000] {logging_mixin.py:188} INFO - [2024-02-14T16:07:09.492+0000] {dag.py:3033} INFO - Sync 1 DAGs
[2024-02-14T16:07:09.503+0000] {logging_mixin.py:188} INFO - [2024-02-14T16:07:09.503+0000] {dag.py:3820} INFO - Setting next_dagrun for latest_only to 2024-02-14T12:00:00+00:00, run_after=2024-02-14T16:00:00+00:00
[2024-02-14T16:07:09.511+0000] {processor.py:183} INFO - Processing /home/airflow/.local/lib/python3.8/site-packages/airflow/example_dags/example_latest_only.py took 0.039 seconds
[2024-02-14T16:07:39.701+0000] {processor.py:161} INFO - Started process (PID=569) to work on /home/airflow/.local/lib/python3.8/site-packages/airflow/example_dags/example_latest_only.py
[2024-02-14T16:07:39.702+0000] {processor.py:830} INFO - Processing file /home/airflow/.local/lib/python3.8/site-packages/airflow/example_dags/example_latest_only.py for tasks to queue
[2024-02-14T16:07:39.704+0000] {logging_mixin.py:188} INFO - [2024-02-14T16:07:39.703+0000] {dagbag.py:538} INFO - Filling up the DagBag from /home/airflow/.local/lib/python3.8/site-packages/airflow/example_dags/example_latest_only.py
[2024-02-14T16:07:39.707+0000] {processor.py:840} INFO - DAG(s) 'latest_only' retrieved from /home/airflow/.local/lib/python3.8/site-packages/airflow/example_dags/example_latest_only.py
[2024-02-14T16:07:39.719+0000] {logging_mixin.py:188} INFO - [2024-02-14T16:07:39.719+0000] {dag.py:3033} INFO - Sync 1 DAGs
[2024-02-14T16:07:39.731+0000] {logging_mixin.py:188} INFO - [2024-02-14T16:07:39.731+0000] {dag.py:3820} INFO - Setting next_dagrun for latest_only to 2024-02-14T12:00:00+00:00, run_after=2024-02-14T16:00:00+00:00
[2024-02-14T16:07:39.740+0000] {processor.py:183} INFO - Processing /home/airflow/.local/lib/python3.8/site-packages/airflow/example_dags/example_latest_only.py took 0.040 seconds
[2024-02-14T16:08:10.016+0000] {processor.py:161} INFO - Started process (PID=626) to work on /home/airflow/.local/lib/python3.8/site-packages/airflow/example_dags/example_latest_only.py
[2024-02-14T16:08:10.016+0000] {processor.py:830} INFO - Processing file /home/airflow/.local/lib/python3.8/site-packages/airflow/example_dags/example_latest_only.py for tasks to queue
[2024-02-14T16:08:10.018+0000] {logging_mixin.py:188} INFO - [2024-02-14T16:08:10.018+0000] {dagbag.py:538} INFO - Filling up the DagBag from /home/airflow/.local/lib/python3.8/site-packages/airflow/example_dags/example_latest_only.py
[2024-02-14T16:08:10.021+0000] {processor.py:840} INFO - DAG(s) 'latest_only' retrieved from /home/airflow/.local/lib/python3.8/site-packages/airflow/example_dags/example_latest_only.py
[2024-02-14T16:08:10.032+0000] {logging_mixin.py:188} INFO - [2024-02-14T16:08:10.032+0000] {dag.py:3033} INFO - Sync 1 DAGs
[2024-02-14T16:08:10.043+0000] {logging_mixin.py:188} INFO - [2024-02-14T16:08:10.043+0000] {dag.py:3820} INFO - Setting next_dagrun for latest_only to 2024-02-14T12:00:00+00:00, run_after=2024-02-14T16:00:00+00:00
[2024-02-14T16:08:10.052+0000] {processor.py:183} INFO - Processing /home/airflow/.local/lib/python3.8/site-packages/airflow/example_dags/example_latest_only.py took 0.038 seconds
[2024-02-14T16:08:40.198+0000] {processor.py:161} INFO - Started process (PID=683) to work on /home/airflow/.local/lib/python3.8/site-packages/airflow/example_dags/example_latest_only.py
[2024-02-14T16:08:40.198+0000] {processor.py:830} INFO - Processing file /home/airflow/.local/lib/python3.8/site-packages/airflow/example_dags/example_latest_only.py for tasks to queue
[2024-02-14T16:08:40.200+0000] {logging_mixin.py:188} INFO - [2024-02-14T16:08:40.200+0000] {dagbag.py:538} INFO - Filling up the DagBag from /home/airflow/.local/lib/python3.8/site-packages/airflow/example_dags/example_latest_only.py
[2024-02-14T16:08:40.204+0000] {processor.py:840} INFO - DAG(s) 'latest_only' retrieved from /home/airflow/.local/lib/python3.8/site-packages/airflow/example_dags/example_latest_only.py
[2024-02-14T16:08:40.217+0000] {logging_mixin.py:188} INFO - [2024-02-14T16:08:40.217+0000] {dag.py:3033} INFO - Sync 1 DAGs
[2024-02-14T16:08:40.228+0000] {logging_mixin.py:188} INFO - [2024-02-14T16:08:40.228+0000] {dag.py:3820} INFO - Setting next_dagrun for latest_only to 2024-02-14T12:00:00+00:00, run_after=2024-02-14T16:00:00+00:00
[2024-02-14T16:08:40.237+0000] {processor.py:183} INFO - Processing /home/airflow/.local/lib/python3.8/site-packages/airflow/example_dags/example_latest_only.py took 0.042 seconds
[2024-02-14T16:09:10.281+0000] {processor.py:161} INFO - Started process (PID=740) to work on /home/airflow/.local/lib/python3.8/site-packages/airflow/example_dags/example_latest_only.py
[2024-02-14T16:09:10.282+0000] {processor.py:830} INFO - Processing file /home/airflow/.local/lib/python3.8/site-packages/airflow/example_dags/example_latest_only.py for tasks to queue
[2024-02-14T16:09:10.284+0000] {logging_mixin.py:188} INFO - [2024-02-14T16:09:10.284+0000] {dagbag.py:538} INFO - Filling up the DagBag from /home/airflow/.local/lib/python3.8/site-packages/airflow/example_dags/example_latest_only.py
[2024-02-14T16:09:10.288+0000] {processor.py:840} INFO - DAG(s) 'latest_only' retrieved from /home/airflow/.local/lib/python3.8/site-packages/airflow/example_dags/example_latest_only.py
[2024-02-14T16:09:10.301+0000] {logging_mixin.py:188} INFO - [2024-02-14T16:09:10.301+0000] {dag.py:3033} INFO - Sync 1 DAGs
[2024-02-14T16:09:10.313+0000] {logging_mixin.py:188} INFO - [2024-02-14T16:09:10.313+0000] {dag.py:3820} INFO - Setting next_dagrun for latest_only to 2024-02-14T12:00:00+00:00, run_after=2024-02-14T16:00:00+00:00
[2024-02-14T16:09:10.323+0000] {processor.py:183} INFO - Processing /home/airflow/.local/lib/python3.8/site-packages/airflow/example_dags/example_latest_only.py took 0.045 seconds
[2024-02-14T16:09:40.359+0000] {processor.py:161} INFO - Started process (PID=797) to work on /home/airflow/.local/lib/python3.8/site-packages/airflow/example_dags/example_latest_only.py
[2024-02-14T16:09:40.360+0000] {processor.py:830} INFO - Processing file /home/airflow/.local/lib/python3.8/site-packages/airflow/example_dags/example_latest_only.py for tasks to queue
[2024-02-14T16:09:40.362+0000] {logging_mixin.py:188} INFO - [2024-02-14T16:09:40.361+0000] {dagbag.py:538} INFO - Filling up the DagBag from /home/airflow/.local/lib/python3.8/site-packages/airflow/example_dags/example_latest_only.py
[2024-02-14T16:09:40.364+0000] {processor.py:840} INFO - DAG(s) 'latest_only' retrieved from /home/airflow/.local/lib/python3.8/site-packages/airflow/example_dags/example_latest_only.py
[2024-02-14T16:09:40.377+0000] {logging_mixin.py:188} INFO - [2024-02-14T16:09:40.377+0000] {dag.py:3033} INFO - Sync 1 DAGs
[2024-02-14T16:09:40.389+0000] {logging_mixin.py:188} INFO - [2024-02-14T16:09:40.389+0000] {dag.py:3820} INFO - Setting next_dagrun for latest_only to 2024-02-14T12:00:00+00:00, run_after=2024-02-14T16:00:00+00:00
[2024-02-14T16:09:40.399+0000] {processor.py:183} INFO - Processing /home/airflow/.local/lib/python3.8/site-packages/airflow/example_dags/example_latest_only.py took 0.041 seconds
[2024-02-14T16:10:10.623+0000] {processor.py:161} INFO - Started process (PID=854) to work on /home/airflow/.local/lib/python3.8/site-packages/airflow/example_dags/example_latest_only.py
[2024-02-14T16:10:10.624+0000] {processor.py:830} INFO - Processing file /home/airflow/.local/lib/python3.8/site-packages/airflow/example_dags/example_latest_only.py for tasks to queue
[2024-02-14T16:10:10.626+0000] {logging_mixin.py:188} INFO - [2024-02-14T16:10:10.626+0000] {dagbag.py:538} INFO - Filling up the DagBag from /home/airflow/.local/lib/python3.8/site-packages/airflow/example_dags/example_latest_only.py
[2024-02-14T16:10:10.629+0000] {processor.py:840} INFO - DAG(s) 'latest_only' retrieved from /home/airflow/.local/lib/python3.8/site-packages/airflow/example_dags/example_latest_only.py
[2024-02-14T16:10:10.642+0000] {logging_mixin.py:188} INFO - [2024-02-14T16:10:10.642+0000] {dag.py:3033} INFO - Sync 1 DAGs
[2024-02-14T16:10:10.654+0000] {logging_mixin.py:188} INFO - [2024-02-14T16:10:10.654+0000] {dag.py:3820} INFO - Setting next_dagrun for latest_only to 2024-02-14T12:00:00+00:00, run_after=2024-02-14T16:00:00+00:00
[2024-02-14T16:10:10.664+0000] {processor.py:183} INFO - Processing /home/airflow/.local/lib/python3.8/site-packages/airflow/example_dags/example_latest_only.py took 0.043 seconds
[2024-02-14T16:10:40.950+0000] {processor.py:161} INFO - Started process (PID=911) to work on /home/airflow/.local/lib/python3.8/site-packages/airflow/example_dags/example_latest_only.py
[2024-02-14T16:10:40.951+0000] {processor.py:830} INFO - Processing file /home/airflow/.local/lib/python3.8/site-packages/airflow/example_dags/example_latest_only.py for tasks to queue
[2024-02-14T16:10:40.953+0000] {logging_mixin.py:188} INFO - [2024-02-14T16:10:40.953+0000] {dagbag.py:538} INFO - Filling up the DagBag from /home/airflow/.local/lib/python3.8/site-packages/airflow/example_dags/example_latest_only.py
[2024-02-14T16:10:40.956+0000] {processor.py:840} INFO - DAG(s) 'latest_only' retrieved from /home/airflow/.local/lib/python3.8/site-packages/airflow/example_dags/example_latest_only.py
[2024-02-14T16:10:40.968+0000] {logging_mixin.py:188} INFO - [2024-02-14T16:10:40.968+0000] {dag.py:3033} INFO - Sync 1 DAGs
[2024-02-14T16:10:40.979+0000] {logging_mixin.py:188} INFO - [2024-02-14T16:10:40.979+0000] {dag.py:3820} INFO - Setting next_dagrun for latest_only to 2024-02-14T12:00:00+00:00, run_after=2024-02-14T16:00:00+00:00
[2024-02-14T16:10:40.987+0000] {processor.py:183} INFO - Processing /home/airflow/.local/lib/python3.8/site-packages/airflow/example_dags/example_latest_only.py took 0.039 seconds
[2024-02-14T16:11:11.106+0000] {processor.py:161} INFO - Started process (PID=968) to work on /home/airflow/.local/lib/python3.8/site-packages/airflow/example_dags/example_latest_only.py
[2024-02-14T16:11:11.107+0000] {processor.py:830} INFO - Processing file /home/airflow/.local/lib/python3.8/site-packages/airflow/example_dags/example_latest_only.py for tasks to queue
[2024-02-14T16:11:11.108+0000] {logging_mixin.py:188} INFO - [2024-02-14T16:11:11.108+0000] {dagbag.py:538} INFO - Filling up the DagBag from /home/airflow/.local/lib/python3.8/site-packages/airflow/example_dags/example_latest_only.py
[2024-02-14T16:11:11.112+0000] {processor.py:840} INFO - DAG(s) 'latest_only' retrieved from /home/airflow/.local/lib/python3.8/site-packages/airflow/example_dags/example_latest_only.py
[2024-02-14T16:11:11.123+0000] {logging_mixin.py:188} INFO - [2024-02-14T16:11:11.123+0000] {dag.py:3033} INFO - Sync 1 DAGs
[2024-02-14T16:11:11.133+0000] {logging_mixin.py:188} INFO - [2024-02-14T16:11:11.133+0000] {dag.py:3820} INFO - Setting next_dagrun for latest_only to 2024-02-14T12:00:00+00:00, run_after=2024-02-14T16:00:00+00:00
[2024-02-14T16:11:11.142+0000] {processor.py:183} INFO - Processing /home/airflow/.local/lib/python3.8/site-packages/airflow/example_dags/example_latest_only.py took 0.038 seconds
[2024-02-14T16:11:41.282+0000] {processor.py:161} INFO - Started process (PID=1025) to work on /home/airflow/.local/lib/python3.8/site-packages/airflow/example_dags/example_latest_only.py
[2024-02-14T16:11:41.282+0000] {processor.py:830} INFO - Processing file /home/airflow/.local/lib/python3.8/site-packages/airflow/example_dags/example_latest_only.py for tasks to queue
[2024-02-14T16:11:41.284+0000] {logging_mixin.py:188} INFO - [2024-02-14T16:11:41.283+0000] {dagbag.py:538} INFO - Filling up the DagBag from /home/airflow/.local/lib/python3.8/site-packages/airflow/example_dags/example_latest_only.py
[2024-02-14T16:11:41.287+0000] {processor.py:840} INFO - DAG(s) 'latest_only' retrieved from /home/airflow/.local/lib/python3.8/site-packages/airflow/example_dags/example_latest_only.py
[2024-02-14T16:11:41.298+0000] {logging_mixin.py:188} INFO - [2024-02-14T16:11:41.298+0000] {dag.py:3033} INFO - Sync 1 DAGs
[2024-02-14T16:11:41.309+0000] {logging_mixin.py:188} INFO - [2024-02-14T16:11:41.309+0000] {dag.py:3820} INFO - Setting next_dagrun for latest_only to 2024-02-14T12:00:00+00:00, run_after=2024-02-14T16:00:00+00:00
[2024-02-14T16:11:41.317+0000] {processor.py:183} INFO - Processing /home/airflow/.local/lib/python3.8/site-packages/airflow/example_dags/example_latest_only.py took 0.038 seconds
[2024-02-14T16:12:11.374+0000] {processor.py:161} INFO - Started process (PID=1081) to work on /home/airflow/.local/lib/python3.8/site-packages/airflow/example_dags/example_latest_only.py
[2024-02-14T16:12:11.375+0000] {processor.py:830} INFO - Processing file /home/airflow/.local/lib/python3.8/site-packages/airflow/example_dags/example_latest_only.py for tasks to queue
[2024-02-14T16:12:11.376+0000] {logging_mixin.py:188} INFO - [2024-02-14T16:12:11.376+0000] {dagbag.py:538} INFO - Filling up the DagBag from /home/airflow/.local/lib/python3.8/site-packages/airflow/example_dags/example_latest_only.py
[2024-02-14T16:12:11.380+0000] {processor.py:840} INFO - DAG(s) 'latest_only' retrieved from /home/airflow/.local/lib/python3.8/site-packages/airflow/example_dags/example_latest_only.py
[2024-02-14T16:12:11.392+0000] {logging_mixin.py:188} INFO - [2024-02-14T16:12:11.392+0000] {dag.py:3033} INFO - Sync 1 DAGs
[2024-02-14T16:12:11.402+0000] {logging_mixin.py:188} INFO - [2024-02-14T16:12:11.402+0000] {dag.py:3820} INFO - Setting next_dagrun for latest_only to 2024-02-14T12:00:00+00:00, run_after=2024-02-14T16:00:00+00:00
[2024-02-14T16:12:11.412+0000] {processor.py:183} INFO - Processing /home/airflow/.local/lib/python3.8/site-packages/airflow/example_dags/example_latest_only.py took 0.040 seconds
[2024-02-14T16:12:41.633+0000] {processor.py:161} INFO - Started process (PID=1138) to work on /home/airflow/.local/lib/python3.8/site-packages/airflow/example_dags/example_latest_only.py
[2024-02-14T16:12:41.633+0000] {processor.py:830} INFO - Processing file /home/airflow/.local/lib/python3.8/site-packages/airflow/example_dags/example_latest_only.py for tasks to queue
[2024-02-14T16:12:41.635+0000] {logging_mixin.py:188} INFO - [2024-02-14T16:12:41.635+0000] {dagbag.py:538} INFO - Filling up the DagBag from /home/airflow/.local/lib/python3.8/site-packages/airflow/example_dags/example_latest_only.py
[2024-02-14T16:12:41.638+0000] {processor.py:840} INFO - DAG(s) 'latest_only' retrieved from /home/airflow/.local/lib/python3.8/site-packages/airflow/example_dags/example_latest_only.py
[2024-02-14T16:12:41.650+0000] {logging_mixin.py:188} INFO - [2024-02-14T16:12:41.650+0000] {dag.py:3033} INFO - Sync 1 DAGs
[2024-02-14T16:12:41.660+0000] {logging_mixin.py:188} INFO - [2024-02-14T16:12:41.660+0000] {dag.py:3820} INFO - Setting next_dagrun for latest_only to 2024-02-14T12:00:00+00:00, run_after=2024-02-14T16:00:00+00:00
[2024-02-14T16:12:41.668+0000] {processor.py:183} INFO - Processing /home/airflow/.local/lib/python3.8/site-packages/airflow/example_dags/example_latest_only.py took 0.038 seconds
[2024-02-14T16:13:11.841+0000] {processor.py:161} INFO - Started process (PID=1195) to work on /home/airflow/.local/lib/python3.8/site-packages/airflow/example_dags/example_latest_only.py
[2024-02-14T16:13:11.842+0000] {processor.py:830} INFO - Processing file /home/airflow/.local/lib/python3.8/site-packages/airflow/example_dags/example_latest_only.py for tasks to queue
[2024-02-14T16:13:11.843+0000] {logging_mixin.py:188} INFO - [2024-02-14T16:13:11.843+0000] {dagbag.py:538} INFO - Filling up the DagBag from /home/airflow/.local/lib/python3.8/site-packages/airflow/example_dags/example_latest_only.py
[2024-02-14T16:13:11.846+0000] {processor.py:840} INFO - DAG(s) 'latest_only' retrieved from /home/airflow/.local/lib/python3.8/site-packages/airflow/example_dags/example_latest_only.py
[2024-02-14T16:13:11.858+0000] {logging_mixin.py:188} INFO - [2024-02-14T16:13:11.858+0000] {dag.py:3033} INFO - Sync 1 DAGs
[2024-02-14T16:13:11.869+0000] {logging_mixin.py:188} INFO - [2024-02-14T16:13:11.869+0000] {dag.py:3820} INFO - Setting next_dagrun for latest_only to 2024-02-14T12:00:00+00:00, run_after=2024-02-14T16:00:00+00:00
[2024-02-14T16:13:11.877+0000] {processor.py:183} INFO - Processing /home/airflow/.local/lib/python3.8/site-packages/airflow/example_dags/example_latest_only.py took 0.038 seconds
[2024-02-14T16:13:42.039+0000] {processor.py:161} INFO - Started process (PID=1252) to work on /home/airflow/.local/lib/python3.8/site-packages/airflow/example_dags/example_latest_only.py
[2024-02-14T16:13:42.039+0000] {processor.py:830} INFO - Processing file /home/airflow/.local/lib/python3.8/site-packages/airflow/example_dags/example_latest_only.py for tasks to queue
[2024-02-14T16:13:42.041+0000] {logging_mixin.py:188} INFO - [2024-02-14T16:13:42.040+0000] {dagbag.py:538} INFO - Filling up the DagBag from /home/airflow/.local/lib/python3.8/site-packages/airflow/example_dags/example_latest_only.py
[2024-02-14T16:13:42.044+0000] {processor.py:840} INFO - DAG(s) 'latest_only' retrieved from /home/airflow/.local/lib/python3.8/site-packages/airflow/example_dags/example_latest_only.py
[2024-02-14T16:13:42.056+0000] {logging_mixin.py:188} INFO - [2024-02-14T16:13:42.056+0000] {dag.py:3033} INFO - Sync 1 DAGs
[2024-02-14T16:13:42.067+0000] {logging_mixin.py:188} INFO - [2024-02-14T16:13:42.067+0000] {dag.py:3820} INFO - Setting next_dagrun for latest_only to 2024-02-14T12:00:00+00:00, run_after=2024-02-14T16:00:00+00:00
[2024-02-14T16:13:42.075+0000] {processor.py:183} INFO - Processing /home/airflow/.local/lib/python3.8/site-packages/airflow/example_dags/example_latest_only.py took 0.039 seconds
[2024-02-14T16:14:12.174+0000] {processor.py:161} INFO - Started process (PID=1309) to work on /home/airflow/.local/lib/python3.8/site-packages/airflow/example_dags/example_latest_only.py
[2024-02-14T16:14:12.175+0000] {processor.py:830} INFO - Processing file /home/airflow/.local/lib/python3.8/site-packages/airflow/example_dags/example_latest_only.py for tasks to queue
[2024-02-14T16:14:12.176+0000] {logging_mixin.py:188} INFO - [2024-02-14T16:14:12.176+0000] {dagbag.py:538} INFO - Filling up the DagBag from /home/airflow/.local/lib/python3.8/site-packages/airflow/example_dags/example_latest_only.py
[2024-02-14T16:14:12.180+0000] {processor.py:840} INFO - DAG(s) 'latest_only' retrieved from /home/airflow/.local/lib/python3.8/site-packages/airflow/example_dags/example_latest_only.py
[2024-02-14T16:14:12.192+0000] {logging_mixin.py:188} INFO - [2024-02-14T16:14:12.192+0000] {dag.py:3033} INFO - Sync 1 DAGs
[2024-02-14T16:14:12.204+0000] {logging_mixin.py:188} INFO - [2024-02-14T16:14:12.204+0000] {dag.py:3820} INFO - Setting next_dagrun for latest_only to 2024-02-14T12:00:00+00:00, run_after=2024-02-14T16:00:00+00:00
[2024-02-14T16:14:12.214+0000] {processor.py:183} INFO - Processing /home/airflow/.local/lib/python3.8/site-packages/airflow/example_dags/example_latest_only.py took 0.042 seconds
[2024-02-14T16:14:42.428+0000] {processor.py:161} INFO - Started process (PID=1366) to work on /home/airflow/.local/lib/python3.8/site-packages/airflow/example_dags/example_latest_only.py
[2024-02-14T16:14:42.429+0000] {processor.py:830} INFO - Processing file /home/airflow/.local/lib/python3.8/site-packages/airflow/example_dags/example_latest_only.py for tasks to queue
[2024-02-14T16:14:42.431+0000] {logging_mixin.py:188} INFO - [2024-02-14T16:14:42.430+0000] {dagbag.py:538} INFO - Filling up the DagBag from /home/airflow/.local/lib/python3.8/site-packages/airflow/example_dags/example_latest_only.py
[2024-02-14T16:14:42.434+0000] {processor.py:840} INFO - DAG(s) 'latest_only' retrieved from /home/airflow/.local/lib/python3.8/site-packages/airflow/example_dags/example_latest_only.py
[2024-02-14T16:14:42.447+0000] {logging_mixin.py:188} INFO - [2024-02-14T16:14:42.447+0000] {dag.py:3033} INFO - Sync 1 DAGs
[2024-02-14T16:14:42.460+0000] {logging_mixin.py:188} INFO - [2024-02-14T16:14:42.460+0000] {dag.py:3820} INFO - Setting next_dagrun for latest_only to 2024-02-14T12:00:00+00:00, run_after=2024-02-14T16:00:00+00:00
[2024-02-14T16:14:42.471+0000] {processor.py:183} INFO - Processing /home/airflow/.local/lib/python3.8/site-packages/airflow/example_dags/example_latest_only.py took 0.045 seconds
[2024-02-14T16:15:12.575+0000] {processor.py:161} INFO - Started process (PID=1421) to work on /home/airflow/.local/lib/python3.8/site-packages/airflow/example_dags/example_latest_only.py
[2024-02-14T16:15:12.575+0000] {processor.py:830} INFO - Processing file /home/airflow/.local/lib/python3.8/site-packages/airflow/example_dags/example_latest_only.py for tasks to queue
[2024-02-14T16:15:12.577+0000] {logging_mixin.py:188} INFO - [2024-02-14T16:15:12.577+0000] {dagbag.py:538} INFO - Filling up the DagBag from /home/airflow/.local/lib/python3.8/site-packages/airflow/example_dags/example_latest_only.py
[2024-02-14T16:15:12.580+0000] {processor.py:840} INFO - DAG(s) 'latest_only' retrieved from /home/airflow/.local/lib/python3.8/site-packages/airflow/example_dags/example_latest_only.py
[2024-02-14T16:15:12.591+0000] {logging_mixin.py:188} INFO - [2024-02-14T16:15:12.591+0000] {dag.py:3033} INFO - Sync 1 DAGs
[2024-02-14T16:15:12.602+0000] {logging_mixin.py:188} INFO - [2024-02-14T16:15:12.602+0000] {dag.py:3820} INFO - Setting next_dagrun for latest_only to 2024-02-14T12:00:00+00:00, run_after=2024-02-14T16:00:00+00:00
[2024-02-14T16:15:12.610+0000] {processor.py:183} INFO - Processing /home/airflow/.local/lib/python3.8/site-packages/airflow/example_dags/example_latest_only.py took 0.038 seconds
[2024-02-14T16:15:42.760+0000] {processor.py:161} INFO - Started process (PID=1477) to work on /home/airflow/.local/lib/python3.8/site-packages/airflow/example_dags/example_latest_only.py
[2024-02-14T16:15:42.761+0000] {processor.py:830} INFO - Processing file /home/airflow/.local/lib/python3.8/site-packages/airflow/example_dags/example_latest_only.py for tasks to queue
[2024-02-14T16:15:42.762+0000] {logging_mixin.py:188} INFO - [2024-02-14T16:15:42.762+0000] {dagbag.py:538} INFO - Filling up the DagBag from /home/airflow/.local/lib/python3.8/site-packages/airflow/example_dags/example_latest_only.py
[2024-02-14T16:15:42.765+0000] {processor.py:840} INFO - DAG(s) 'latest_only' retrieved from /home/airflow/.local/lib/python3.8/site-packages/airflow/example_dags/example_latest_only.py
[2024-02-14T16:15:42.778+0000] {logging_mixin.py:188} INFO - [2024-02-14T16:15:42.778+0000] {dag.py:3033} INFO - Sync 1 DAGs
[2024-02-14T16:15:42.789+0000] {logging_mixin.py:188} INFO - [2024-02-14T16:15:42.789+0000] {dag.py:3820} INFO - Setting next_dagrun for latest_only to 2024-02-14T12:00:00+00:00, run_after=2024-02-14T16:00:00+00:00
[2024-02-14T16:15:42.798+0000] {processor.py:183} INFO - Processing /home/airflow/.local/lib/python3.8/site-packages/airflow/example_dags/example_latest_only.py took 0.039 seconds
[2024-02-14T16:16:12.870+0000] {processor.py:161} INFO - Started process (PID=1534) to work on /home/airflow/.local/lib/python3.8/site-packages/airflow/example_dags/example_latest_only.py
[2024-02-14T16:16:12.871+0000] {processor.py:830} INFO - Processing file /home/airflow/.local/lib/python3.8/site-packages/airflow/example_dags/example_latest_only.py for tasks to queue
[2024-02-14T16:16:12.872+0000] {logging_mixin.py:188} INFO - [2024-02-14T16:16:12.872+0000] {dagbag.py:538} INFO - Filling up the DagBag from /home/airflow/.local/lib/python3.8/site-packages/airflow/example_dags/example_latest_only.py
[2024-02-14T16:16:12.876+0000] {processor.py:840} INFO - DAG(s) 'latest_only' retrieved from /home/airflow/.local/lib/python3.8/site-packages/airflow/example_dags/example_latest_only.py
[2024-02-14T16:16:12.888+0000] {logging_mixin.py:188} INFO - [2024-02-14T16:16:12.888+0000] {dag.py:3033} INFO - Sync 1 DAGs
[2024-02-14T16:16:12.898+0000] {logging_mixin.py:188} INFO - [2024-02-14T16:16:12.898+0000] {dag.py:3820} INFO - Setting next_dagrun for latest_only to 2024-02-14T12:00:00+00:00, run_after=2024-02-14T16:00:00+00:00
[2024-02-14T16:16:12.907+0000] {processor.py:183} INFO - Processing /home/airflow/.local/lib/python3.8/site-packages/airflow/example_dags/example_latest_only.py took 0.039 seconds
[2024-02-14T16:16:42.978+0000] {processor.py:161} INFO - Started process (PID=1591) to work on /home/airflow/.local/lib/python3.8/site-packages/airflow/example_dags/example_latest_only.py
[2024-02-14T16:16:42.978+0000] {processor.py:830} INFO - Processing file /home/airflow/.local/lib/python3.8/site-packages/airflow/example_dags/example_latest_only.py for tasks to queue
[2024-02-14T16:16:42.980+0000] {logging_mixin.py:188} INFO - [2024-02-14T16:16:42.979+0000] {dagbag.py:538} INFO - Filling up the DagBag from /home/airflow/.local/lib/python3.8/site-packages/airflow/example_dags/example_latest_only.py
[2024-02-14T16:16:42.983+0000] {processor.py:840} INFO - DAG(s) 'latest_only' retrieved from /home/airflow/.local/lib/python3.8/site-packages/airflow/example_dags/example_latest_only.py
[2024-02-14T16:16:42.995+0000] {logging_mixin.py:188} INFO - [2024-02-14T16:16:42.994+0000] {dag.py:3033} INFO - Sync 1 DAGs
[2024-02-14T16:16:43.005+0000] {logging_mixin.py:188} INFO - [2024-02-14T16:16:43.005+0000] {dag.py:3820} INFO - Setting next_dagrun for latest_only to 2024-02-14T12:00:00+00:00, run_after=2024-02-14T16:00:00+00:00
[2024-02-14T16:16:43.013+0000] {processor.py:183} INFO - Processing /home/airflow/.local/lib/python3.8/site-packages/airflow/example_dags/example_latest_only.py took 0.037 seconds
[2024-02-14T16:17:13.263+0000] {processor.py:161} INFO - Started process (PID=1648) to work on /home/airflow/.local/lib/python3.8/site-packages/airflow/example_dags/example_latest_only.py
[2024-02-14T16:17:13.263+0000] {processor.py:830} INFO - Processing file /home/airflow/.local/lib/python3.8/site-packages/airflow/example_dags/example_latest_only.py for tasks to queue
[2024-02-14T16:17:13.265+0000] {logging_mixin.py:188} INFO - [2024-02-14T16:17:13.265+0000] {dagbag.py:538} INFO - Filling up the DagBag from /home/airflow/.local/lib/python3.8/site-packages/airflow/example_dags/example_latest_only.py
[2024-02-14T16:17:13.268+0000] {processor.py:840} INFO - DAG(s) 'latest_only' retrieved from /home/airflow/.local/lib/python3.8/site-packages/airflow/example_dags/example_latest_only.py
[2024-02-14T16:17:13.281+0000] {logging_mixin.py:188} INFO - [2024-02-14T16:17:13.281+0000] {dag.py:3033} INFO - Sync 1 DAGs
[2024-02-14T16:17:13.293+0000] {logging_mixin.py:188} INFO - [2024-02-14T16:17:13.293+0000] {dag.py:3820} INFO - Setting next_dagrun for latest_only to 2024-02-14T12:00:00+00:00, run_after=2024-02-14T16:00:00+00:00
[2024-02-14T16:17:13.302+0000] {processor.py:183} INFO - Processing /home/airflow/.local/lib/python3.8/site-packages/airflow/example_dags/example_latest_only.py took 0.042 seconds
[2024-02-14T16:17:43.427+0000] {processor.py:161} INFO - Started process (PID=1705) to work on /home/airflow/.local/lib/python3.8/site-packages/airflow/example_dags/example_latest_only.py
[2024-02-14T16:17:43.428+0000] {processor.py:830} INFO - Processing file /home/airflow/.local/lib/python3.8/site-packages/airflow/example_dags/example_latest_only.py for tasks to queue
[2024-02-14T16:17:43.430+0000] {logging_mixin.py:188} INFO - [2024-02-14T16:17:43.430+0000] {dagbag.py:538} INFO - Filling up the DagBag from /home/airflow/.local/lib/python3.8/site-packages/airflow/example_dags/example_latest_only.py
[2024-02-14T16:17:43.433+0000] {processor.py:840} INFO - DAG(s) 'latest_only' retrieved from /home/airflow/.local/lib/python3.8/site-packages/airflow/example_dags/example_latest_only.py
[2024-02-14T16:17:43.446+0000] {logging_mixin.py:188} INFO - [2024-02-14T16:17:43.446+0000] {dag.py:3033} INFO - Sync 1 DAGs
[2024-02-14T16:17:43.458+0000] {logging_mixin.py:188} INFO - [2024-02-14T16:17:43.458+0000] {dag.py:3820} INFO - Setting next_dagrun for latest_only to 2024-02-14T12:00:00+00:00, run_after=2024-02-14T16:00:00+00:00
[2024-02-14T16:17:43.467+0000] {processor.py:183} INFO - Processing /home/airflow/.local/lib/python3.8/site-packages/airflow/example_dags/example_latest_only.py took 0.042 seconds
[2024-02-14T16:18:13.726+0000] {processor.py:161} INFO - Started process (PID=1762) to work on /home/airflow/.local/lib/python3.8/site-packages/airflow/example_dags/example_latest_only.py
[2024-02-14T16:18:13.726+0000] {processor.py:830} INFO - Processing file /home/airflow/.local/lib/python3.8/site-packages/airflow/example_dags/example_latest_only.py for tasks to queue
[2024-02-14T16:18:13.728+0000] {logging_mixin.py:188} INFO - [2024-02-14T16:18:13.728+0000] {dagbag.py:538} INFO - Filling up the DagBag from /home/airflow/.local/lib/python3.8/site-packages/airflow/example_dags/example_latest_only.py
[2024-02-14T16:18:13.731+0000] {processor.py:840} INFO - DAG(s) 'latest_only' retrieved from /home/airflow/.local/lib/python3.8/site-packages/airflow/example_dags/example_latest_only.py
[2024-02-14T16:18:13.744+0000] {logging_mixin.py:188} INFO - [2024-02-14T16:18:13.744+0000] {dag.py:3033} INFO - Sync 1 DAGs
[2024-02-14T16:18:13.755+0000] {logging_mixin.py:188} INFO - [2024-02-14T16:18:13.755+0000] {dag.py:3820} INFO - Setting next_dagrun for latest_only to 2024-02-14T12:00:00+00:00, run_after=2024-02-14T16:00:00+00:00
[2024-02-14T16:18:13.763+0000] {processor.py:183} INFO - Processing /home/airflow/.local/lib/python3.8/site-packages/airflow/example_dags/example_latest_only.py took 0.040 seconds
[2024-02-14T16:18:43.958+0000] {processor.py:161} INFO - Started process (PID=1819) to work on /home/airflow/.local/lib/python3.8/site-packages/airflow/example_dags/example_latest_only.py
[2024-02-14T16:18:43.959+0000] {processor.py:830} INFO - Processing file /home/airflow/.local/lib/python3.8/site-packages/airflow/example_dags/example_latest_only.py for tasks to queue
[2024-02-14T16:18:43.961+0000] {logging_mixin.py:188} INFO - [2024-02-14T16:18:43.960+0000] {dagbag.py:538} INFO - Filling up the DagBag from /home/airflow/.local/lib/python3.8/site-packages/airflow/example_dags/example_latest_only.py
[2024-02-14T16:18:43.964+0000] {processor.py:840} INFO - DAG(s) 'latest_only' retrieved from /home/airflow/.local/lib/python3.8/site-packages/airflow/example_dags/example_latest_only.py
[2024-02-14T16:18:43.977+0000] {logging_mixin.py:188} INFO - [2024-02-14T16:18:43.977+0000] {dag.py:3033} INFO - Sync 1 DAGs
[2024-02-14T16:18:43.988+0000] {logging_mixin.py:188} INFO - [2024-02-14T16:18:43.988+0000] {dag.py:3820} INFO - Setting next_dagrun for latest_only to 2024-02-14T12:00:00+00:00, run_after=2024-02-14T16:00:00+00:00
[2024-02-14T16:18:43.997+0000] {processor.py:183} INFO - Processing /home/airflow/.local/lib/python3.8/site-packages/airflow/example_dags/example_latest_only.py took 0.041 seconds
[2024-02-14T16:19:14.226+0000] {processor.py:161} INFO - Started process (PID=1876) to work on /home/airflow/.local/lib/python3.8/site-packages/airflow/example_dags/example_latest_only.py
[2024-02-14T16:19:14.227+0000] {processor.py:830} INFO - Processing file /home/airflow/.local/lib/python3.8/site-packages/airflow/example_dags/example_latest_only.py for tasks to queue
[2024-02-14T16:19:14.229+0000] {logging_mixin.py:188} INFO - [2024-02-14T16:19:14.229+0000] {dagbag.py:538} INFO - Filling up the DagBag from /home/airflow/.local/lib/python3.8/site-packages/airflow/example_dags/example_latest_only.py
[2024-02-14T16:19:14.233+0000] {processor.py:840} INFO - DAG(s) 'latest_only' retrieved from /home/airflow/.local/lib/python3.8/site-packages/airflow/example_dags/example_latest_only.py
[2024-02-14T16:19:14.245+0000] {logging_mixin.py:188} INFO - [2024-02-14T16:19:14.245+0000] {dag.py:3033} INFO - Sync 1 DAGs
[2024-02-14T16:19:14.258+0000] {logging_mixin.py:188} INFO - [2024-02-14T16:19:14.258+0000] {dag.py:3820} INFO - Setting next_dagrun for latest_only to 2024-02-14T12:00:00+00:00, run_after=2024-02-14T16:00:00+00:00
[2024-02-14T16:19:14.269+0000] {processor.py:183} INFO - Processing /home/airflow/.local/lib/python3.8/site-packages/airflow/example_dags/example_latest_only.py took 0.045 seconds
[2024-02-14T16:19:44.380+0000] {processor.py:161} INFO - Started process (PID=1933) to work on /home/airflow/.local/lib/python3.8/site-packages/airflow/example_dags/example_latest_only.py
[2024-02-14T16:19:44.381+0000] {processor.py:830} INFO - Processing file /home/airflow/.local/lib/python3.8/site-packages/airflow/example_dags/example_latest_only.py for tasks to queue
[2024-02-14T16:19:44.382+0000] {logging_mixin.py:188} INFO - [2024-02-14T16:19:44.382+0000] {dagbag.py:538} INFO - Filling up the DagBag from /home/airflow/.local/lib/python3.8/site-packages/airflow/example_dags/example_latest_only.py
[2024-02-14T16:19:44.386+0000] {processor.py:840} INFO - DAG(s) 'latest_only' retrieved from /home/airflow/.local/lib/python3.8/site-packages/airflow/example_dags/example_latest_only.py
[2024-02-14T16:19:44.400+0000] {logging_mixin.py:188} INFO - [2024-02-14T16:19:44.399+0000] {dag.py:3033} INFO - Sync 1 DAGs
[2024-02-14T16:19:44.412+0000] {logging_mixin.py:188} INFO - [2024-02-14T16:19:44.412+0000] {dag.py:3820} INFO - Setting next_dagrun for latest_only to 2024-02-14T12:00:00+00:00, run_after=2024-02-14T16:00:00+00:00
[2024-02-14T16:19:44.422+0000] {processor.py:183} INFO - Processing /home/airflow/.local/lib/python3.8/site-packages/airflow/example_dags/example_latest_only.py took 0.044 seconds
[2024-02-14T16:20:14.512+0000] {processor.py:161} INFO - Started process (PID=1990) to work on /home/airflow/.local/lib/python3.8/site-packages/airflow/example_dags/example_latest_only.py
[2024-02-14T16:20:14.513+0000] {processor.py:830} INFO - Processing file /home/airflow/.local/lib/python3.8/site-packages/airflow/example_dags/example_latest_only.py for tasks to queue
[2024-02-14T16:20:14.514+0000] {logging_mixin.py:188} INFO - [2024-02-14T16:20:14.514+0000] {dagbag.py:538} INFO - Filling up the DagBag from /home/airflow/.local/lib/python3.8/site-packages/airflow/example_dags/example_latest_only.py
[2024-02-14T16:20:14.518+0000] {processor.py:840} INFO - DAG(s) 'latest_only' retrieved from /home/airflow/.local/lib/python3.8/site-packages/airflow/example_dags/example_latest_only.py
[2024-02-14T16:20:14.529+0000] {logging_mixin.py:188} INFO - [2024-02-14T16:20:14.529+0000] {dag.py:3033} INFO - Sync 1 DAGs
[2024-02-14T16:20:14.539+0000] {logging_mixin.py:188} INFO - [2024-02-14T16:20:14.539+0000] {dag.py:3820} INFO - Setting next_dagrun for latest_only to 2024-02-14T12:00:00+00:00, run_after=2024-02-14T16:00:00+00:00
[2024-02-14T16:20:14.549+0000] {processor.py:183} INFO - Processing /home/airflow/.local/lib/python3.8/site-packages/airflow/example_dags/example_latest_only.py took 0.039 seconds
[2024-02-14T16:20:44.776+0000] {processor.py:161} INFO - Started process (PID=2047) to work on /home/airflow/.local/lib/python3.8/site-packages/airflow/example_dags/example_latest_only.py
[2024-02-14T16:20:44.777+0000] {processor.py:830} INFO - Processing file /home/airflow/.local/lib/python3.8/site-packages/airflow/example_dags/example_latest_only.py for tasks to queue
[2024-02-14T16:20:44.778+0000] {logging_mixin.py:188} INFO - [2024-02-14T16:20:44.778+0000] {dagbag.py:538} INFO - Filling up the DagBag from /home/airflow/.local/lib/python3.8/site-packages/airflow/example_dags/example_latest_only.py
[2024-02-14T16:20:44.782+0000] {processor.py:840} INFO - DAG(s) 'latest_only' retrieved from /home/airflow/.local/lib/python3.8/site-packages/airflow/example_dags/example_latest_only.py
[2024-02-14T16:20:44.795+0000] {logging_mixin.py:188} INFO - [2024-02-14T16:20:44.794+0000] {dag.py:3033} INFO - Sync 1 DAGs
[2024-02-14T16:20:44.809+0000] {logging_mixin.py:188} INFO - [2024-02-14T16:20:44.809+0000] {dag.py:3820} INFO - Setting next_dagrun for latest_only to 2024-02-14T12:00:00+00:00, run_after=2024-02-14T16:00:00+00:00
[2024-02-14T16:20:44.821+0000] {processor.py:183} INFO - Processing /home/airflow/.local/lib/python3.8/site-packages/airflow/example_dags/example_latest_only.py took 0.047 seconds
[2024-02-14T16:21:15.169+0000] {processor.py:161} INFO - Started process (PID=2104) to work on /home/airflow/.local/lib/python3.8/site-packages/airflow/example_dags/example_latest_only.py
[2024-02-14T16:21:15.170+0000] {processor.py:830} INFO - Processing file /home/airflow/.local/lib/python3.8/site-packages/airflow/example_dags/example_latest_only.py for tasks to queue
[2024-02-14T16:21:15.172+0000] {logging_mixin.py:188} INFO - [2024-02-14T16:21:15.172+0000] {dagbag.py:538} INFO - Filling up the DagBag from /home/airflow/.local/lib/python3.8/site-packages/airflow/example_dags/example_latest_only.py
[2024-02-14T16:21:15.176+0000] {processor.py:840} INFO - DAG(s) 'latest_only' retrieved from /home/airflow/.local/lib/python3.8/site-packages/airflow/example_dags/example_latest_only.py
[2024-02-14T16:21:15.188+0000] {logging_mixin.py:188} INFO - [2024-02-14T16:21:15.188+0000] {dag.py:3033} INFO - Sync 1 DAGs
[2024-02-14T16:21:15.199+0000] {logging_mixin.py:188} INFO - [2024-02-14T16:21:15.199+0000] {dag.py:3820} INFO - Setting next_dagrun for latest_only to 2024-02-14T12:00:00+00:00, run_after=2024-02-14T16:00:00+00:00
[2024-02-14T16:21:15.209+0000] {processor.py:183} INFO - Processing /home/airflow/.local/lib/python3.8/site-packages/airflow/example_dags/example_latest_only.py took 0.041 seconds
[2024-02-14T16:21:45.604+0000] {processor.py:161} INFO - Started process (PID=2160) to work on /home/airflow/.local/lib/python3.8/site-packages/airflow/example_dags/example_latest_only.py
[2024-02-14T16:21:45.605+0000] {processor.py:830} INFO - Processing file /home/airflow/.local/lib/python3.8/site-packages/airflow/example_dags/example_latest_only.py for tasks to queue
[2024-02-14T16:21:45.606+0000] {logging_mixin.py:188} INFO - [2024-02-14T16:21:45.606+0000] {dagbag.py:538} INFO - Filling up the DagBag from /home/airflow/.local/lib/python3.8/site-packages/airflow/example_dags/example_latest_only.py
[2024-02-14T16:21:45.610+0000] {processor.py:840} INFO - DAG(s) 'latest_only' retrieved from /home/airflow/.local/lib/python3.8/site-packages/airflow/example_dags/example_latest_only.py
[2024-02-14T16:21:45.623+0000] {logging_mixin.py:188} INFO - [2024-02-14T16:21:45.623+0000] {dag.py:3033} INFO - Sync 1 DAGs
[2024-02-14T16:21:45.635+0000] {logging_mixin.py:188} INFO - [2024-02-14T16:21:45.635+0000] {dag.py:3820} INFO - Setting next_dagrun for latest_only to 2024-02-14T12:00:00+00:00, run_after=2024-02-14T16:00:00+00:00
[2024-02-14T16:21:45.644+0000] {processor.py:183} INFO - Processing /home/airflow/.local/lib/python3.8/site-packages/airflow/example_dags/example_latest_only.py took 0.042 seconds
[2024-02-14T16:22:16.019+0000] {processor.py:161} INFO - Started process (PID=2217) to work on /home/airflow/.local/lib/python3.8/site-packages/airflow/example_dags/example_latest_only.py
[2024-02-14T16:22:16.019+0000] {processor.py:830} INFO - Processing file /home/airflow/.local/lib/python3.8/site-packages/airflow/example_dags/example_latest_only.py for tasks to queue
[2024-02-14T16:22:16.021+0000] {logging_mixin.py:188} INFO - [2024-02-14T16:22:16.021+0000] {dagbag.py:538} INFO - Filling up the DagBag from /home/airflow/.local/lib/python3.8/site-packages/airflow/example_dags/example_latest_only.py
[2024-02-14T16:22:16.024+0000] {processor.py:840} INFO - DAG(s) 'latest_only' retrieved from /home/airflow/.local/lib/python3.8/site-packages/airflow/example_dags/example_latest_only.py
[2024-02-14T16:22:16.037+0000] {logging_mixin.py:188} INFO - [2024-02-14T16:22:16.037+0000] {dag.py:3033} INFO - Sync 1 DAGs
[2024-02-14T16:22:16.049+0000] {logging_mixin.py:188} INFO - [2024-02-14T16:22:16.049+0000] {dag.py:3820} INFO - Setting next_dagrun for latest_only to 2024-02-14T12:00:00+00:00, run_after=2024-02-14T16:00:00+00:00
[2024-02-14T16:22:16.059+0000] {processor.py:183} INFO - Processing /home/airflow/.local/lib/python3.8/site-packages/airflow/example_dags/example_latest_only.py took 0.043 seconds
[2024-02-14T16:22:46.123+0000] {processor.py:161} INFO - Started process (PID=2274) to work on /home/airflow/.local/lib/python3.8/site-packages/airflow/example_dags/example_latest_only.py
[2024-02-14T16:22:46.124+0000] {processor.py:830} INFO - Processing file /home/airflow/.local/lib/python3.8/site-packages/airflow/example_dags/example_latest_only.py for tasks to queue
[2024-02-14T16:22:46.125+0000] {logging_mixin.py:188} INFO - [2024-02-14T16:22:46.125+0000] {dagbag.py:538} INFO - Filling up the DagBag from /home/airflow/.local/lib/python3.8/site-packages/airflow/example_dags/example_latest_only.py
[2024-02-14T16:22:46.128+0000] {processor.py:840} INFO - DAG(s) 'latest_only' retrieved from /home/airflow/.local/lib/python3.8/site-packages/airflow/example_dags/example_latest_only.py
[2024-02-14T16:22:46.141+0000] {logging_mixin.py:188} INFO - [2024-02-14T16:22:46.141+0000] {dag.py:3033} INFO - Sync 1 DAGs
[2024-02-14T16:22:46.152+0000] {logging_mixin.py:188} INFO - [2024-02-14T16:22:46.152+0000] {dag.py:3820} INFO - Setting next_dagrun for latest_only to 2024-02-14T12:00:00+00:00, run_after=2024-02-14T16:00:00+00:00
[2024-02-14T16:22:46.160+0000] {processor.py:183} INFO - Processing /home/airflow/.local/lib/python3.8/site-packages/airflow/example_dags/example_latest_only.py took 0.040 seconds
[2024-02-14T16:23:16.588+0000] {processor.py:161} INFO - Started process (PID=2331) to work on /home/airflow/.local/lib/python3.8/site-packages/airflow/example_dags/example_latest_only.py
[2024-02-14T16:23:16.589+0000] {processor.py:830} INFO - Processing file /home/airflow/.local/lib/python3.8/site-packages/airflow/example_dags/example_latest_only.py for tasks to queue
[2024-02-14T16:23:16.591+0000] {logging_mixin.py:188} INFO - [2024-02-14T16:23:16.590+0000] {dagbag.py:538} INFO - Filling up the DagBag from /home/airflow/.local/lib/python3.8/site-packages/airflow/example_dags/example_latest_only.py
[2024-02-14T16:23:16.594+0000] {processor.py:840} INFO - DAG(s) 'latest_only' retrieved from /home/airflow/.local/lib/python3.8/site-packages/airflow/example_dags/example_latest_only.py
[2024-02-14T16:23:16.606+0000] {logging_mixin.py:188} INFO - [2024-02-14T16:23:16.605+0000] {dag.py:3033} INFO - Sync 1 DAGs
[2024-02-14T16:23:16.616+0000] {logging_mixin.py:188} INFO - [2024-02-14T16:23:16.616+0000] {dag.py:3820} INFO - Setting next_dagrun for latest_only to 2024-02-14T12:00:00+00:00, run_after=2024-02-14T16:00:00+00:00
[2024-02-14T16:23:16.625+0000] {processor.py:183} INFO - Processing /home/airflow/.local/lib/python3.8/site-packages/airflow/example_dags/example_latest_only.py took 0.039 seconds
[2024-02-14T16:23:46.692+0000] {processor.py:161} INFO - Started process (PID=2388) to work on /home/airflow/.local/lib/python3.8/site-packages/airflow/example_dags/example_latest_only.py
[2024-02-14T16:23:46.693+0000] {processor.py:830} INFO - Processing file /home/airflow/.local/lib/python3.8/site-packages/airflow/example_dags/example_latest_only.py for tasks to queue
[2024-02-14T16:23:46.695+0000] {logging_mixin.py:188} INFO - [2024-02-14T16:23:46.694+0000] {dagbag.py:538} INFO - Filling up the DagBag from /home/airflow/.local/lib/python3.8/site-packages/airflow/example_dags/example_latest_only.py
[2024-02-14T16:23:46.698+0000] {processor.py:840} INFO - DAG(s) 'latest_only' retrieved from /home/airflow/.local/lib/python3.8/site-packages/airflow/example_dags/example_latest_only.py
[2024-02-14T16:23:46.712+0000] {logging_mixin.py:188} INFO - [2024-02-14T16:23:46.711+0000] {dag.py:3033} INFO - Sync 1 DAGs
[2024-02-14T16:23:46.723+0000] {logging_mixin.py:188} INFO - [2024-02-14T16:23:46.723+0000] {dag.py:3820} INFO - Setting next_dagrun for latest_only to 2024-02-14T12:00:00+00:00, run_after=2024-02-14T16:00:00+00:00
[2024-02-14T16:23:46.733+0000] {processor.py:183} INFO - Processing /home/airflow/.local/lib/python3.8/site-packages/airflow/example_dags/example_latest_only.py took 0.043 seconds
[2024-02-14T16:24:16.873+0000] {processor.py:161} INFO - Started process (PID=2443) to work on /home/airflow/.local/lib/python3.8/site-packages/airflow/example_dags/example_latest_only.py
[2024-02-14T16:24:16.873+0000] {processor.py:830} INFO - Processing file /home/airflow/.local/lib/python3.8/site-packages/airflow/example_dags/example_latest_only.py for tasks to queue
[2024-02-14T16:24:16.875+0000] {logging_mixin.py:188} INFO - [2024-02-14T16:24:16.875+0000] {dagbag.py:538} INFO - Filling up the DagBag from /home/airflow/.local/lib/python3.8/site-packages/airflow/example_dags/example_latest_only.py
[2024-02-14T16:24:16.878+0000] {processor.py:840} INFO - DAG(s) 'latest_only' retrieved from /home/airflow/.local/lib/python3.8/site-packages/airflow/example_dags/example_latest_only.py
[2024-02-14T16:24:16.890+0000] {logging_mixin.py:188} INFO - [2024-02-14T16:24:16.890+0000] {dag.py:3033} INFO - Sync 1 DAGs
[2024-02-14T16:24:16.900+0000] {logging_mixin.py:188} INFO - [2024-02-14T16:24:16.900+0000] {dag.py:3820} INFO - Setting next_dagrun for latest_only to 2024-02-14T12:00:00+00:00, run_after=2024-02-14T16:00:00+00:00
[2024-02-14T16:24:16.908+0000] {processor.py:183} INFO - Processing /home/airflow/.local/lib/python3.8/site-packages/airflow/example_dags/example_latest_only.py took 0.038 seconds
