[2024-02-14T16:03:08.117+0000] {processor.py:161} INFO - Started process (PID=75) to work on /home/airflow/.local/lib/python3.8/site-packages/airflow/example_dags/example_kubernetes_executor.py
[2024-02-14T16:03:08.118+0000] {processor.py:830} INFO - Processing file /home/airflow/.local/lib/python3.8/site-packages/airflow/example_dags/example_kubernetes_executor.py for tasks to queue
[2024-02-14T16:03:08.120+0000] {logging_mixin.py:188} INFO - [2024-02-14T16:03:08.120+0000] {dagbag.py:538} INFO - Filling up the DagBag from /home/airflow/.local/lib/python3.8/site-packages/airflow/example_dags/example_kubernetes_executor.py
[2024-02-14T16:03:08.133+0000] {processor.py:840} INFO - DAG(s) 'example_kubernetes_executor' retrieved from /home/airflow/.local/lib/python3.8/site-packages/airflow/example_dags/example_kubernetes_executor.py
[2024-02-14T16:03:08.142+0000] {logging_mixin.py:188} INFO - [2024-02-14T16:03:08.142+0000] {dag.py:3033} INFO - Sync 1 DAGs
[2024-02-14T16:03:08.151+0000] {logging_mixin.py:188} INFO - [2024-02-14T16:03:08.151+0000] {dag.py:3820} INFO - Setting next_dagrun for example_kubernetes_executor to None, run_after=None
[2024-02-14T16:03:08.165+0000] {processor.py:183} INFO - Processing /home/airflow/.local/lib/python3.8/site-packages/airflow/example_dags/example_kubernetes_executor.py took 0.056 seconds
[2024-02-14T16:03:38.608+0000] {processor.py:161} INFO - Started process (PID=132) to work on /home/airflow/.local/lib/python3.8/site-packages/airflow/example_dags/example_kubernetes_executor.py
[2024-02-14T16:03:38.609+0000] {processor.py:830} INFO - Processing file /home/airflow/.local/lib/python3.8/site-packages/airflow/example_dags/example_kubernetes_executor.py for tasks to queue
[2024-02-14T16:03:38.610+0000] {logging_mixin.py:188} INFO - [2024-02-14T16:03:38.610+0000] {dagbag.py:538} INFO - Filling up the DagBag from /home/airflow/.local/lib/python3.8/site-packages/airflow/example_dags/example_kubernetes_executor.py
[2024-02-14T16:03:38.618+0000] {processor.py:840} INFO - DAG(s) 'example_kubernetes_executor' retrieved from /home/airflow/.local/lib/python3.8/site-packages/airflow/example_dags/example_kubernetes_executor.py
[2024-02-14T16:03:38.674+0000] {logging_mixin.py:188} INFO - [2024-02-14T16:03:38.674+0000] {dag.py:3033} INFO - Sync 1 DAGs
[2024-02-14T16:03:38.680+0000] {logging_mixin.py:188} INFO - [2024-02-14T16:03:38.680+0000] {dag.py:3820} INFO - Setting next_dagrun for example_kubernetes_executor to None, run_after=None
[2024-02-14T16:03:38.690+0000] {processor.py:183} INFO - Processing /home/airflow/.local/lib/python3.8/site-packages/airflow/example_dags/example_kubernetes_executor.py took 0.084 seconds
[2024-02-14T16:04:09.041+0000] {processor.py:161} INFO - Started process (PID=189) to work on /home/airflow/.local/lib/python3.8/site-packages/airflow/example_dags/example_kubernetes_executor.py
[2024-02-14T16:04:09.042+0000] {processor.py:830} INFO - Processing file /home/airflow/.local/lib/python3.8/site-packages/airflow/example_dags/example_kubernetes_executor.py for tasks to queue
[2024-02-14T16:04:09.043+0000] {logging_mixin.py:188} INFO - [2024-02-14T16:04:09.043+0000] {dagbag.py:538} INFO - Filling up the DagBag from /home/airflow/.local/lib/python3.8/site-packages/airflow/example_dags/example_kubernetes_executor.py
[2024-02-14T16:04:09.052+0000] {processor.py:840} INFO - DAG(s) 'example_kubernetes_executor' retrieved from /home/airflow/.local/lib/python3.8/site-packages/airflow/example_dags/example_kubernetes_executor.py
[2024-02-14T16:04:09.072+0000] {logging_mixin.py:188} INFO - [2024-02-14T16:04:09.071+0000] {dag.py:3033} INFO - Sync 1 DAGs
[2024-02-14T16:04:09.078+0000] {logging_mixin.py:188} INFO - [2024-02-14T16:04:09.078+0000] {dag.py:3820} INFO - Setting next_dagrun for example_kubernetes_executor to None, run_after=None
[2024-02-14T16:04:09.087+0000] {processor.py:183} INFO - Processing /home/airflow/.local/lib/python3.8/site-packages/airflow/example_dags/example_kubernetes_executor.py took 0.048 seconds
[2024-02-14T16:04:39.377+0000] {processor.py:161} INFO - Started process (PID=246) to work on /home/airflow/.local/lib/python3.8/site-packages/airflow/example_dags/example_kubernetes_executor.py
[2024-02-14T16:04:39.378+0000] {processor.py:830} INFO - Processing file /home/airflow/.local/lib/python3.8/site-packages/airflow/example_dags/example_kubernetes_executor.py for tasks to queue
[2024-02-14T16:04:39.379+0000] {logging_mixin.py:188} INFO - [2024-02-14T16:04:39.379+0000] {dagbag.py:538} INFO - Filling up the DagBag from /home/airflow/.local/lib/python3.8/site-packages/airflow/example_dags/example_kubernetes_executor.py
[2024-02-14T16:04:39.387+0000] {processor.py:840} INFO - DAG(s) 'example_kubernetes_executor' retrieved from /home/airflow/.local/lib/python3.8/site-packages/airflow/example_dags/example_kubernetes_executor.py
[2024-02-14T16:04:39.407+0000] {logging_mixin.py:188} INFO - [2024-02-14T16:04:39.407+0000] {dag.py:3033} INFO - Sync 1 DAGs
[2024-02-14T16:04:39.414+0000] {logging_mixin.py:188} INFO - [2024-02-14T16:04:39.414+0000] {dag.py:3820} INFO - Setting next_dagrun for example_kubernetes_executor to None, run_after=None
[2024-02-14T16:04:39.425+0000] {processor.py:183} INFO - Processing /home/airflow/.local/lib/python3.8/site-packages/airflow/example_dags/example_kubernetes_executor.py took 0.050 seconds
[2024-02-14T16:05:09.613+0000] {processor.py:161} INFO - Started process (PID=303) to work on /home/airflow/.local/lib/python3.8/site-packages/airflow/example_dags/example_kubernetes_executor.py
[2024-02-14T16:05:09.614+0000] {processor.py:830} INFO - Processing file /home/airflow/.local/lib/python3.8/site-packages/airflow/example_dags/example_kubernetes_executor.py for tasks to queue
[2024-02-14T16:05:09.615+0000] {logging_mixin.py:188} INFO - [2024-02-14T16:05:09.615+0000] {dagbag.py:538} INFO - Filling up the DagBag from /home/airflow/.local/lib/python3.8/site-packages/airflow/example_dags/example_kubernetes_executor.py
[2024-02-14T16:05:09.623+0000] {processor.py:840} INFO - DAG(s) 'example_kubernetes_executor' retrieved from /home/airflow/.local/lib/python3.8/site-packages/airflow/example_dags/example_kubernetes_executor.py
[2024-02-14T16:05:09.645+0000] {logging_mixin.py:188} INFO - [2024-02-14T16:05:09.645+0000] {dag.py:3033} INFO - Sync 1 DAGs
[2024-02-14T16:05:09.651+0000] {logging_mixin.py:188} INFO - [2024-02-14T16:05:09.651+0000] {dag.py:3820} INFO - Setting next_dagrun for example_kubernetes_executor to None, run_after=None
[2024-02-14T16:05:09.661+0000] {processor.py:183} INFO - Processing /home/airflow/.local/lib/python3.8/site-packages/airflow/example_dags/example_kubernetes_executor.py took 0.050 seconds
[2024-02-14T16:05:39.772+0000] {processor.py:161} INFO - Started process (PID=360) to work on /home/airflow/.local/lib/python3.8/site-packages/airflow/example_dags/example_kubernetes_executor.py
[2024-02-14T16:05:39.773+0000] {processor.py:830} INFO - Processing file /home/airflow/.local/lib/python3.8/site-packages/airflow/example_dags/example_kubernetes_executor.py for tasks to queue
[2024-02-14T16:05:39.774+0000] {logging_mixin.py:188} INFO - [2024-02-14T16:05:39.774+0000] {dagbag.py:538} INFO - Filling up the DagBag from /home/airflow/.local/lib/python3.8/site-packages/airflow/example_dags/example_kubernetes_executor.py
[2024-02-14T16:05:39.783+0000] {processor.py:840} INFO - DAG(s) 'example_kubernetes_executor' retrieved from /home/airflow/.local/lib/python3.8/site-packages/airflow/example_dags/example_kubernetes_executor.py
[2024-02-14T16:05:39.803+0000] {logging_mixin.py:188} INFO - [2024-02-14T16:05:39.803+0000] {dag.py:3033} INFO - Sync 1 DAGs
[2024-02-14T16:05:39.809+0000] {logging_mixin.py:188} INFO - [2024-02-14T16:05:39.809+0000] {dag.py:3820} INFO - Setting next_dagrun for example_kubernetes_executor to None, run_after=None
[2024-02-14T16:05:39.818+0000] {processor.py:183} INFO - Processing /home/airflow/.local/lib/python3.8/site-packages/airflow/example_dags/example_kubernetes_executor.py took 0.049 seconds
[2024-02-14T16:06:09.968+0000] {processor.py:161} INFO - Started process (PID=417) to work on /home/airflow/.local/lib/python3.8/site-packages/airflow/example_dags/example_kubernetes_executor.py
[2024-02-14T16:06:09.970+0000] {processor.py:830} INFO - Processing file /home/airflow/.local/lib/python3.8/site-packages/airflow/example_dags/example_kubernetes_executor.py for tasks to queue
[2024-02-14T16:06:09.971+0000] {logging_mixin.py:188} INFO - [2024-02-14T16:06:09.971+0000] {dagbag.py:538} INFO - Filling up the DagBag from /home/airflow/.local/lib/python3.8/site-packages/airflow/example_dags/example_kubernetes_executor.py
[2024-02-14T16:06:09.979+0000] {processor.py:840} INFO - DAG(s) 'example_kubernetes_executor' retrieved from /home/airflow/.local/lib/python3.8/site-packages/airflow/example_dags/example_kubernetes_executor.py
[2024-02-14T16:06:10.004+0000] {logging_mixin.py:188} INFO - [2024-02-14T16:06:10.004+0000] {dag.py:3033} INFO - Sync 1 DAGs
[2024-02-14T16:06:10.011+0000] {logging_mixin.py:188} INFO - [2024-02-14T16:06:10.011+0000] {dag.py:3820} INFO - Setting next_dagrun for example_kubernetes_executor to None, run_after=None
[2024-02-14T16:06:10.048+0000] {processor.py:183} INFO - Processing /home/airflow/.local/lib/python3.8/site-packages/airflow/example_dags/example_kubernetes_executor.py took 0.083 seconds
[2024-02-14T16:06:40.107+0000] {processor.py:161} INFO - Started process (PID=474) to work on /home/airflow/.local/lib/python3.8/site-packages/airflow/example_dags/example_kubernetes_executor.py
[2024-02-14T16:06:40.108+0000] {processor.py:830} INFO - Processing file /home/airflow/.local/lib/python3.8/site-packages/airflow/example_dags/example_kubernetes_executor.py for tasks to queue
[2024-02-14T16:06:40.109+0000] {logging_mixin.py:188} INFO - [2024-02-14T16:06:40.109+0000] {dagbag.py:538} INFO - Filling up the DagBag from /home/airflow/.local/lib/python3.8/site-packages/airflow/example_dags/example_kubernetes_executor.py
[2024-02-14T16:06:40.117+0000] {processor.py:840} INFO - DAG(s) 'example_kubernetes_executor' retrieved from /home/airflow/.local/lib/python3.8/site-packages/airflow/example_dags/example_kubernetes_executor.py
[2024-02-14T16:06:40.138+0000] {logging_mixin.py:188} INFO - [2024-02-14T16:06:40.138+0000] {dag.py:3033} INFO - Sync 1 DAGs
[2024-02-14T16:06:40.145+0000] {logging_mixin.py:188} INFO - [2024-02-14T16:06:40.145+0000] {dag.py:3820} INFO - Setting next_dagrun for example_kubernetes_executor to None, run_after=None
[2024-02-14T16:06:40.155+0000] {processor.py:183} INFO - Processing /home/airflow/.local/lib/python3.8/site-packages/airflow/example_dags/example_kubernetes_executor.py took 0.050 seconds
[2024-02-14T16:07:10.316+0000] {processor.py:161} INFO - Started process (PID=531) to work on /home/airflow/.local/lib/python3.8/site-packages/airflow/example_dags/example_kubernetes_executor.py
[2024-02-14T16:07:10.317+0000] {processor.py:830} INFO - Processing file /home/airflow/.local/lib/python3.8/site-packages/airflow/example_dags/example_kubernetes_executor.py for tasks to queue
[2024-02-14T16:07:10.319+0000] {logging_mixin.py:188} INFO - [2024-02-14T16:07:10.318+0000] {dagbag.py:538} INFO - Filling up the DagBag from /home/airflow/.local/lib/python3.8/site-packages/airflow/example_dags/example_kubernetes_executor.py
[2024-02-14T16:07:10.327+0000] {processor.py:840} INFO - DAG(s) 'example_kubernetes_executor' retrieved from /home/airflow/.local/lib/python3.8/site-packages/airflow/example_dags/example_kubernetes_executor.py
[2024-02-14T16:07:10.352+0000] {logging_mixin.py:188} INFO - [2024-02-14T16:07:10.352+0000] {dag.py:3033} INFO - Sync 1 DAGs
[2024-02-14T16:07:10.360+0000] {logging_mixin.py:188} INFO - [2024-02-14T16:07:10.360+0000] {dag.py:3820} INFO - Setting next_dagrun for example_kubernetes_executor to None, run_after=None
[2024-02-14T16:07:10.371+0000] {processor.py:183} INFO - Processing /home/airflow/.local/lib/python3.8/site-packages/airflow/example_dags/example_kubernetes_executor.py took 0.058 seconds
[2024-02-14T16:07:40.635+0000] {processor.py:161} INFO - Started process (PID=588) to work on /home/airflow/.local/lib/python3.8/site-packages/airflow/example_dags/example_kubernetes_executor.py
[2024-02-14T16:07:40.636+0000] {processor.py:830} INFO - Processing file /home/airflow/.local/lib/python3.8/site-packages/airflow/example_dags/example_kubernetes_executor.py for tasks to queue
[2024-02-14T16:07:40.637+0000] {logging_mixin.py:188} INFO - [2024-02-14T16:07:40.637+0000] {dagbag.py:538} INFO - Filling up the DagBag from /home/airflow/.local/lib/python3.8/site-packages/airflow/example_dags/example_kubernetes_executor.py
[2024-02-14T16:07:40.646+0000] {processor.py:840} INFO - DAG(s) 'example_kubernetes_executor' retrieved from /home/airflow/.local/lib/python3.8/site-packages/airflow/example_dags/example_kubernetes_executor.py
[2024-02-14T16:07:40.668+0000] {logging_mixin.py:188} INFO - [2024-02-14T16:07:40.668+0000] {dag.py:3033} INFO - Sync 1 DAGs
[2024-02-14T16:07:40.674+0000] {logging_mixin.py:188} INFO - [2024-02-14T16:07:40.674+0000] {dag.py:3820} INFO - Setting next_dagrun for example_kubernetes_executor to None, run_after=None
[2024-02-14T16:07:40.684+0000] {processor.py:183} INFO - Processing /home/airflow/.local/lib/python3.8/site-packages/airflow/example_dags/example_kubernetes_executor.py took 0.052 seconds
[2024-02-14T16:08:10.826+0000] {processor.py:161} INFO - Started process (PID=645) to work on /home/airflow/.local/lib/python3.8/site-packages/airflow/example_dags/example_kubernetes_executor.py
[2024-02-14T16:08:10.827+0000] {processor.py:830} INFO - Processing file /home/airflow/.local/lib/python3.8/site-packages/airflow/example_dags/example_kubernetes_executor.py for tasks to queue
[2024-02-14T16:08:10.828+0000] {logging_mixin.py:188} INFO - [2024-02-14T16:08:10.828+0000] {dagbag.py:538} INFO - Filling up the DagBag from /home/airflow/.local/lib/python3.8/site-packages/airflow/example_dags/example_kubernetes_executor.py
[2024-02-14T16:08:10.836+0000] {processor.py:840} INFO - DAG(s) 'example_kubernetes_executor' retrieved from /home/airflow/.local/lib/python3.8/site-packages/airflow/example_dags/example_kubernetes_executor.py
[2024-02-14T16:08:10.857+0000] {logging_mixin.py:188} INFO - [2024-02-14T16:08:10.856+0000] {dag.py:3033} INFO - Sync 1 DAGs
[2024-02-14T16:08:10.863+0000] {logging_mixin.py:188} INFO - [2024-02-14T16:08:10.863+0000] {dag.py:3820} INFO - Setting next_dagrun for example_kubernetes_executor to None, run_after=None
[2024-02-14T16:08:10.872+0000] {processor.py:183} INFO - Processing /home/airflow/.local/lib/python3.8/site-packages/airflow/example_dags/example_kubernetes_executor.py took 0.048 seconds
[2024-02-14T16:08:41.072+0000] {processor.py:161} INFO - Started process (PID=702) to work on /home/airflow/.local/lib/python3.8/site-packages/airflow/example_dags/example_kubernetes_executor.py
[2024-02-14T16:08:41.073+0000] {processor.py:830} INFO - Processing file /home/airflow/.local/lib/python3.8/site-packages/airflow/example_dags/example_kubernetes_executor.py for tasks to queue
[2024-02-14T16:08:41.075+0000] {logging_mixin.py:188} INFO - [2024-02-14T16:08:41.075+0000] {dagbag.py:538} INFO - Filling up the DagBag from /home/airflow/.local/lib/python3.8/site-packages/airflow/example_dags/example_kubernetes_executor.py
[2024-02-14T16:08:41.083+0000] {processor.py:840} INFO - DAG(s) 'example_kubernetes_executor' retrieved from /home/airflow/.local/lib/python3.8/site-packages/airflow/example_dags/example_kubernetes_executor.py
[2024-02-14T16:08:41.104+0000] {logging_mixin.py:188} INFO - [2024-02-14T16:08:41.104+0000] {dag.py:3033} INFO - Sync 1 DAGs
[2024-02-14T16:08:41.110+0000] {logging_mixin.py:188} INFO - [2024-02-14T16:08:41.110+0000] {dag.py:3820} INFO - Setting next_dagrun for example_kubernetes_executor to None, run_after=None
[2024-02-14T16:08:41.119+0000] {processor.py:183} INFO - Processing /home/airflow/.local/lib/python3.8/site-packages/airflow/example_dags/example_kubernetes_executor.py took 0.049 seconds
[2024-02-14T16:09:12.182+0000] {processor.py:161} INFO - Started process (PID=759) to work on /home/airflow/.local/lib/python3.8/site-packages/airflow/example_dags/example_kubernetes_executor.py
[2024-02-14T16:09:12.183+0000] {processor.py:830} INFO - Processing file /home/airflow/.local/lib/python3.8/site-packages/airflow/example_dags/example_kubernetes_executor.py for tasks to queue
[2024-02-14T16:09:12.185+0000] {logging_mixin.py:188} INFO - [2024-02-14T16:09:12.185+0000] {dagbag.py:538} INFO - Filling up the DagBag from /home/airflow/.local/lib/python3.8/site-packages/airflow/example_dags/example_kubernetes_executor.py
[2024-02-14T16:09:12.194+0000] {processor.py:840} INFO - DAG(s) 'example_kubernetes_executor' retrieved from /home/airflow/.local/lib/python3.8/site-packages/airflow/example_dags/example_kubernetes_executor.py
[2024-02-14T16:09:12.215+0000] {logging_mixin.py:188} INFO - [2024-02-14T16:09:12.215+0000] {dag.py:3033} INFO - Sync 1 DAGs
[2024-02-14T16:09:12.223+0000] {logging_mixin.py:188} INFO - [2024-02-14T16:09:12.222+0000] {dag.py:3820} INFO - Setting next_dagrun for example_kubernetes_executor to None, run_after=None
[2024-02-14T16:09:12.233+0000] {processor.py:183} INFO - Processing /home/airflow/.local/lib/python3.8/site-packages/airflow/example_dags/example_kubernetes_executor.py took 0.053 seconds
[2024-02-14T16:09:43.177+0000] {processor.py:161} INFO - Started process (PID=816) to work on /home/airflow/.local/lib/python3.8/site-packages/airflow/example_dags/example_kubernetes_executor.py
[2024-02-14T16:09:43.178+0000] {processor.py:830} INFO - Processing file /home/airflow/.local/lib/python3.8/site-packages/airflow/example_dags/example_kubernetes_executor.py for tasks to queue
[2024-02-14T16:09:43.180+0000] {logging_mixin.py:188} INFO - [2024-02-14T16:09:43.179+0000] {dagbag.py:538} INFO - Filling up the DagBag from /home/airflow/.local/lib/python3.8/site-packages/airflow/example_dags/example_kubernetes_executor.py
[2024-02-14T16:09:43.188+0000] {processor.py:840} INFO - DAG(s) 'example_kubernetes_executor' retrieved from /home/airflow/.local/lib/python3.8/site-packages/airflow/example_dags/example_kubernetes_executor.py
[2024-02-14T16:09:43.209+0000] {logging_mixin.py:188} INFO - [2024-02-14T16:09:43.209+0000] {dag.py:3033} INFO - Sync 1 DAGs
[2024-02-14T16:09:43.215+0000] {logging_mixin.py:188} INFO - [2024-02-14T16:09:43.215+0000] {dag.py:3820} INFO - Setting next_dagrun for example_kubernetes_executor to None, run_after=None
[2024-02-14T16:09:43.224+0000] {processor.py:183} INFO - Processing /home/airflow/.local/lib/python3.8/site-packages/airflow/example_dags/example_kubernetes_executor.py took 0.049 seconds
[2024-02-14T16:10:13.380+0000] {processor.py:161} INFO - Started process (PID=873) to work on /home/airflow/.local/lib/python3.8/site-packages/airflow/example_dags/example_kubernetes_executor.py
[2024-02-14T16:10:13.381+0000] {processor.py:830} INFO - Processing file /home/airflow/.local/lib/python3.8/site-packages/airflow/example_dags/example_kubernetes_executor.py for tasks to queue
[2024-02-14T16:10:13.382+0000] {logging_mixin.py:188} INFO - [2024-02-14T16:10:13.382+0000] {dagbag.py:538} INFO - Filling up the DagBag from /home/airflow/.local/lib/python3.8/site-packages/airflow/example_dags/example_kubernetes_executor.py
[2024-02-14T16:10:13.390+0000] {processor.py:840} INFO - DAG(s) 'example_kubernetes_executor' retrieved from /home/airflow/.local/lib/python3.8/site-packages/airflow/example_dags/example_kubernetes_executor.py
[2024-02-14T16:10:13.412+0000] {logging_mixin.py:188} INFO - [2024-02-14T16:10:13.412+0000] {dag.py:3033} INFO - Sync 1 DAGs
[2024-02-14T16:10:13.419+0000] {logging_mixin.py:188} INFO - [2024-02-14T16:10:13.419+0000] {dag.py:3820} INFO - Setting next_dagrun for example_kubernetes_executor to None, run_after=None
[2024-02-14T16:10:13.429+0000] {processor.py:183} INFO - Processing /home/airflow/.local/lib/python3.8/site-packages/airflow/example_dags/example_kubernetes_executor.py took 0.052 seconds
[2024-02-14T16:10:43.634+0000] {processor.py:161} INFO - Started process (PID=930) to work on /home/airflow/.local/lib/python3.8/site-packages/airflow/example_dags/example_kubernetes_executor.py
[2024-02-14T16:10:43.634+0000] {processor.py:830} INFO - Processing file /home/airflow/.local/lib/python3.8/site-packages/airflow/example_dags/example_kubernetes_executor.py for tasks to queue
[2024-02-14T16:10:43.636+0000] {logging_mixin.py:188} INFO - [2024-02-14T16:10:43.636+0000] {dagbag.py:538} INFO - Filling up the DagBag from /home/airflow/.local/lib/python3.8/site-packages/airflow/example_dags/example_kubernetes_executor.py
[2024-02-14T16:10:43.644+0000] {processor.py:840} INFO - DAG(s) 'example_kubernetes_executor' retrieved from /home/airflow/.local/lib/python3.8/site-packages/airflow/example_dags/example_kubernetes_executor.py
[2024-02-14T16:10:43.664+0000] {logging_mixin.py:188} INFO - [2024-02-14T16:10:43.664+0000] {dag.py:3033} INFO - Sync 1 DAGs
[2024-02-14T16:10:43.671+0000] {logging_mixin.py:188} INFO - [2024-02-14T16:10:43.671+0000] {dag.py:3820} INFO - Setting next_dagrun for example_kubernetes_executor to None, run_after=None
[2024-02-14T16:10:43.681+0000] {processor.py:183} INFO - Processing /home/airflow/.local/lib/python3.8/site-packages/airflow/example_dags/example_kubernetes_executor.py took 0.050 seconds
[2024-02-14T16:11:13.817+0000] {processor.py:161} INFO - Started process (PID=987) to work on /home/airflow/.local/lib/python3.8/site-packages/airflow/example_dags/example_kubernetes_executor.py
[2024-02-14T16:11:13.818+0000] {processor.py:830} INFO - Processing file /home/airflow/.local/lib/python3.8/site-packages/airflow/example_dags/example_kubernetes_executor.py for tasks to queue
[2024-02-14T16:11:13.820+0000] {logging_mixin.py:188} INFO - [2024-02-14T16:11:13.819+0000] {dagbag.py:538} INFO - Filling up the DagBag from /home/airflow/.local/lib/python3.8/site-packages/airflow/example_dags/example_kubernetes_executor.py
[2024-02-14T16:11:13.828+0000] {processor.py:840} INFO - DAG(s) 'example_kubernetes_executor' retrieved from /home/airflow/.local/lib/python3.8/site-packages/airflow/example_dags/example_kubernetes_executor.py
[2024-02-14T16:11:13.848+0000] {logging_mixin.py:188} INFO - [2024-02-14T16:11:13.848+0000] {dag.py:3033} INFO - Sync 1 DAGs
[2024-02-14T16:11:13.856+0000] {logging_mixin.py:188} INFO - [2024-02-14T16:11:13.855+0000] {dag.py:3820} INFO - Setting next_dagrun for example_kubernetes_executor to None, run_after=None
[2024-02-14T16:11:13.865+0000] {processor.py:183} INFO - Processing /home/airflow/.local/lib/python3.8/site-packages/airflow/example_dags/example_kubernetes_executor.py took 0.050 seconds
[2024-02-14T16:11:44.044+0000] {processor.py:161} INFO - Started process (PID=1044) to work on /home/airflow/.local/lib/python3.8/site-packages/airflow/example_dags/example_kubernetes_executor.py
[2024-02-14T16:11:44.045+0000] {processor.py:830} INFO - Processing file /home/airflow/.local/lib/python3.8/site-packages/airflow/example_dags/example_kubernetes_executor.py for tasks to queue
[2024-02-14T16:11:44.047+0000] {logging_mixin.py:188} INFO - [2024-02-14T16:11:44.047+0000] {dagbag.py:538} INFO - Filling up the DagBag from /home/airflow/.local/lib/python3.8/site-packages/airflow/example_dags/example_kubernetes_executor.py
[2024-02-14T16:11:44.055+0000] {processor.py:840} INFO - DAG(s) 'example_kubernetes_executor' retrieved from /home/airflow/.local/lib/python3.8/site-packages/airflow/example_dags/example_kubernetes_executor.py
[2024-02-14T16:11:44.079+0000] {logging_mixin.py:188} INFO - [2024-02-14T16:11:44.079+0000] {dag.py:3033} INFO - Sync 1 DAGs
[2024-02-14T16:11:44.085+0000] {logging_mixin.py:188} INFO - [2024-02-14T16:11:44.085+0000] {dag.py:3820} INFO - Setting next_dagrun for example_kubernetes_executor to None, run_after=None
[2024-02-14T16:11:44.096+0000] {processor.py:183} INFO - Processing /home/airflow/.local/lib/python3.8/site-packages/airflow/example_dags/example_kubernetes_executor.py took 0.055 seconds
[2024-02-14T16:12:14.187+0000] {processor.py:161} INFO - Started process (PID=1100) to work on /home/airflow/.local/lib/python3.8/site-packages/airflow/example_dags/example_kubernetes_executor.py
[2024-02-14T16:12:14.189+0000] {processor.py:830} INFO - Processing file /home/airflow/.local/lib/python3.8/site-packages/airflow/example_dags/example_kubernetes_executor.py for tasks to queue
[2024-02-14T16:12:14.190+0000] {logging_mixin.py:188} INFO - [2024-02-14T16:12:14.190+0000] {dagbag.py:538} INFO - Filling up the DagBag from /home/airflow/.local/lib/python3.8/site-packages/airflow/example_dags/example_kubernetes_executor.py
[2024-02-14T16:12:14.198+0000] {processor.py:840} INFO - DAG(s) 'example_kubernetes_executor' retrieved from /home/airflow/.local/lib/python3.8/site-packages/airflow/example_dags/example_kubernetes_executor.py
[2024-02-14T16:12:14.219+0000] {logging_mixin.py:188} INFO - [2024-02-14T16:12:14.219+0000] {dag.py:3033} INFO - Sync 1 DAGs
[2024-02-14T16:12:14.226+0000] {logging_mixin.py:188} INFO - [2024-02-14T16:12:14.226+0000] {dag.py:3820} INFO - Setting next_dagrun for example_kubernetes_executor to None, run_after=None
[2024-02-14T16:12:14.236+0000] {processor.py:183} INFO - Processing /home/airflow/.local/lib/python3.8/site-packages/airflow/example_dags/example_kubernetes_executor.py took 0.051 seconds
[2024-02-14T16:12:44.339+0000] {processor.py:161} INFO - Started process (PID=1156) to work on /home/airflow/.local/lib/python3.8/site-packages/airflow/example_dags/example_kubernetes_executor.py
[2024-02-14T16:12:44.340+0000] {processor.py:830} INFO - Processing file /home/airflow/.local/lib/python3.8/site-packages/airflow/example_dags/example_kubernetes_executor.py for tasks to queue
[2024-02-14T16:12:44.341+0000] {logging_mixin.py:188} INFO - [2024-02-14T16:12:44.341+0000] {dagbag.py:538} INFO - Filling up the DagBag from /home/airflow/.local/lib/python3.8/site-packages/airflow/example_dags/example_kubernetes_executor.py
[2024-02-14T16:12:44.350+0000] {processor.py:840} INFO - DAG(s) 'example_kubernetes_executor' retrieved from /home/airflow/.local/lib/python3.8/site-packages/airflow/example_dags/example_kubernetes_executor.py
[2024-02-14T16:12:44.371+0000] {logging_mixin.py:188} INFO - [2024-02-14T16:12:44.370+0000] {dag.py:3033} INFO - Sync 1 DAGs
[2024-02-14T16:12:44.377+0000] {logging_mixin.py:188} INFO - [2024-02-14T16:12:44.377+0000] {dag.py:3820} INFO - Setting next_dagrun for example_kubernetes_executor to None, run_after=None
[2024-02-14T16:12:44.386+0000] {processor.py:183} INFO - Processing /home/airflow/.local/lib/python3.8/site-packages/airflow/example_dags/example_kubernetes_executor.py took 0.049 seconds
[2024-02-14T16:13:15.592+0000] {processor.py:161} INFO - Started process (PID=1214) to work on /home/airflow/.local/lib/python3.8/site-packages/airflow/example_dags/example_kubernetes_executor.py
[2024-02-14T16:13:15.593+0000] {processor.py:830} INFO - Processing file /home/airflow/.local/lib/python3.8/site-packages/airflow/example_dags/example_kubernetes_executor.py for tasks to queue
[2024-02-14T16:13:15.594+0000] {logging_mixin.py:188} INFO - [2024-02-14T16:13:15.594+0000] {dagbag.py:538} INFO - Filling up the DagBag from /home/airflow/.local/lib/python3.8/site-packages/airflow/example_dags/example_kubernetes_executor.py
[2024-02-14T16:13:15.602+0000] {processor.py:840} INFO - DAG(s) 'example_kubernetes_executor' retrieved from /home/airflow/.local/lib/python3.8/site-packages/airflow/example_dags/example_kubernetes_executor.py
[2024-02-14T16:13:15.622+0000] {logging_mixin.py:188} INFO - [2024-02-14T16:13:15.622+0000] {dag.py:3033} INFO - Sync 1 DAGs
[2024-02-14T16:13:15.629+0000] {logging_mixin.py:188} INFO - [2024-02-14T16:13:15.629+0000] {dag.py:3820} INFO - Setting next_dagrun for example_kubernetes_executor to None, run_after=None
[2024-02-14T16:13:15.638+0000] {processor.py:183} INFO - Processing /home/airflow/.local/lib/python3.8/site-packages/airflow/example_dags/example_kubernetes_executor.py took 0.048 seconds
[2024-02-14T16:13:45.955+0000] {processor.py:161} INFO - Started process (PID=1271) to work on /home/airflow/.local/lib/python3.8/site-packages/airflow/example_dags/example_kubernetes_executor.py
[2024-02-14T16:13:45.956+0000] {processor.py:830} INFO - Processing file /home/airflow/.local/lib/python3.8/site-packages/airflow/example_dags/example_kubernetes_executor.py for tasks to queue
[2024-02-14T16:13:45.957+0000] {logging_mixin.py:188} INFO - [2024-02-14T16:13:45.957+0000] {dagbag.py:538} INFO - Filling up the DagBag from /home/airflow/.local/lib/python3.8/site-packages/airflow/example_dags/example_kubernetes_executor.py
[2024-02-14T16:13:45.965+0000] {processor.py:840} INFO - DAG(s) 'example_kubernetes_executor' retrieved from /home/airflow/.local/lib/python3.8/site-packages/airflow/example_dags/example_kubernetes_executor.py
[2024-02-14T16:13:45.985+0000] {logging_mixin.py:188} INFO - [2024-02-14T16:13:45.985+0000] {dag.py:3033} INFO - Sync 1 DAGs
[2024-02-14T16:13:45.991+0000] {logging_mixin.py:188} INFO - [2024-02-14T16:13:45.991+0000] {dag.py:3820} INFO - Setting next_dagrun for example_kubernetes_executor to None, run_after=None
[2024-02-14T16:13:46.000+0000] {processor.py:183} INFO - Processing /home/airflow/.local/lib/python3.8/site-packages/airflow/example_dags/example_kubernetes_executor.py took 0.047 seconds
[2024-02-14T16:14:17.021+0000] {processor.py:161} INFO - Started process (PID=1328) to work on /home/airflow/.local/lib/python3.8/site-packages/airflow/example_dags/example_kubernetes_executor.py
[2024-02-14T16:14:17.021+0000] {processor.py:830} INFO - Processing file /home/airflow/.local/lib/python3.8/site-packages/airflow/example_dags/example_kubernetes_executor.py for tasks to queue
[2024-02-14T16:14:17.023+0000] {logging_mixin.py:188} INFO - [2024-02-14T16:14:17.023+0000] {dagbag.py:538} INFO - Filling up the DagBag from /home/airflow/.local/lib/python3.8/site-packages/airflow/example_dags/example_kubernetes_executor.py
[2024-02-14T16:14:17.031+0000] {processor.py:840} INFO - DAG(s) 'example_kubernetes_executor' retrieved from /home/airflow/.local/lib/python3.8/site-packages/airflow/example_dags/example_kubernetes_executor.py
[2024-02-14T16:14:17.052+0000] {logging_mixin.py:188} INFO - [2024-02-14T16:14:17.051+0000] {dag.py:3033} INFO - Sync 1 DAGs
[2024-02-14T16:14:17.058+0000] {logging_mixin.py:188} INFO - [2024-02-14T16:14:17.058+0000] {dag.py:3820} INFO - Setting next_dagrun for example_kubernetes_executor to None, run_after=None
[2024-02-14T16:14:17.067+0000] {processor.py:183} INFO - Processing /home/airflow/.local/lib/python3.8/site-packages/airflow/example_dags/example_kubernetes_executor.py took 0.049 seconds
[2024-02-14T16:14:47.265+0000] {processor.py:161} INFO - Started process (PID=1385) to work on /home/airflow/.local/lib/python3.8/site-packages/airflow/example_dags/example_kubernetes_executor.py
[2024-02-14T16:14:47.266+0000] {processor.py:830} INFO - Processing file /home/airflow/.local/lib/python3.8/site-packages/airflow/example_dags/example_kubernetes_executor.py for tasks to queue
[2024-02-14T16:14:47.268+0000] {logging_mixin.py:188} INFO - [2024-02-14T16:14:47.268+0000] {dagbag.py:538} INFO - Filling up the DagBag from /home/airflow/.local/lib/python3.8/site-packages/airflow/example_dags/example_kubernetes_executor.py
[2024-02-14T16:14:47.276+0000] {processor.py:840} INFO - DAG(s) 'example_kubernetes_executor' retrieved from /home/airflow/.local/lib/python3.8/site-packages/airflow/example_dags/example_kubernetes_executor.py
[2024-02-14T16:14:47.297+0000] {logging_mixin.py:188} INFO - [2024-02-14T16:14:47.297+0000] {dag.py:3033} INFO - Sync 1 DAGs
[2024-02-14T16:14:47.303+0000] {logging_mixin.py:188} INFO - [2024-02-14T16:14:47.303+0000] {dag.py:3820} INFO - Setting next_dagrun for example_kubernetes_executor to None, run_after=None
[2024-02-14T16:14:47.312+0000] {processor.py:183} INFO - Processing /home/airflow/.local/lib/python3.8/site-packages/airflow/example_dags/example_kubernetes_executor.py took 0.049 seconds
[2024-02-14T16:15:18.427+0000] {processor.py:161} INFO - Started process (PID=1441) to work on /home/airflow/.local/lib/python3.8/site-packages/airflow/example_dags/example_kubernetes_executor.py
[2024-02-14T16:15:18.427+0000] {processor.py:830} INFO - Processing file /home/airflow/.local/lib/python3.8/site-packages/airflow/example_dags/example_kubernetes_executor.py for tasks to queue
[2024-02-14T16:15:18.429+0000] {logging_mixin.py:188} INFO - [2024-02-14T16:15:18.429+0000] {dagbag.py:538} INFO - Filling up the DagBag from /home/airflow/.local/lib/python3.8/site-packages/airflow/example_dags/example_kubernetes_executor.py
[2024-02-14T16:15:18.437+0000] {processor.py:840} INFO - DAG(s) 'example_kubernetes_executor' retrieved from /home/airflow/.local/lib/python3.8/site-packages/airflow/example_dags/example_kubernetes_executor.py
[2024-02-14T16:15:18.457+0000] {logging_mixin.py:188} INFO - [2024-02-14T16:15:18.457+0000] {dag.py:3033} INFO - Sync 1 DAGs
[2024-02-14T16:15:18.464+0000] {logging_mixin.py:188} INFO - [2024-02-14T16:15:18.464+0000] {dag.py:3820} INFO - Setting next_dagrun for example_kubernetes_executor to None, run_after=None
[2024-02-14T16:15:18.474+0000] {processor.py:183} INFO - Processing /home/airflow/.local/lib/python3.8/site-packages/airflow/example_dags/example_kubernetes_executor.py took 0.050 seconds
[2024-02-14T16:15:48.721+0000] {processor.py:161} INFO - Started process (PID=1497) to work on /home/airflow/.local/lib/python3.8/site-packages/airflow/example_dags/example_kubernetes_executor.py
[2024-02-14T16:15:48.722+0000] {processor.py:830} INFO - Processing file /home/airflow/.local/lib/python3.8/site-packages/airflow/example_dags/example_kubernetes_executor.py for tasks to queue
[2024-02-14T16:15:48.724+0000] {logging_mixin.py:188} INFO - [2024-02-14T16:15:48.724+0000] {dagbag.py:538} INFO - Filling up the DagBag from /home/airflow/.local/lib/python3.8/site-packages/airflow/example_dags/example_kubernetes_executor.py
[2024-02-14T16:15:48.732+0000] {processor.py:840} INFO - DAG(s) 'example_kubernetes_executor' retrieved from /home/airflow/.local/lib/python3.8/site-packages/airflow/example_dags/example_kubernetes_executor.py
[2024-02-14T16:15:48.754+0000] {logging_mixin.py:188} INFO - [2024-02-14T16:15:48.754+0000] {dag.py:3033} INFO - Sync 1 DAGs
[2024-02-14T16:15:48.761+0000] {logging_mixin.py:188} INFO - [2024-02-14T16:15:48.761+0000] {dag.py:3820} INFO - Setting next_dagrun for example_kubernetes_executor to None, run_after=None
[2024-02-14T16:15:48.771+0000] {processor.py:183} INFO - Processing /home/airflow/.local/lib/python3.8/site-packages/airflow/example_dags/example_kubernetes_executor.py took 0.052 seconds
[2024-02-14T16:16:19.865+0000] {processor.py:161} INFO - Started process (PID=1554) to work on /home/airflow/.local/lib/python3.8/site-packages/airflow/example_dags/example_kubernetes_executor.py
[2024-02-14T16:16:19.866+0000] {processor.py:830} INFO - Processing file /home/airflow/.local/lib/python3.8/site-packages/airflow/example_dags/example_kubernetes_executor.py for tasks to queue
[2024-02-14T16:16:19.867+0000] {logging_mixin.py:188} INFO - [2024-02-14T16:16:19.867+0000] {dagbag.py:538} INFO - Filling up the DagBag from /home/airflow/.local/lib/python3.8/site-packages/airflow/example_dags/example_kubernetes_executor.py
[2024-02-14T16:16:19.875+0000] {processor.py:840} INFO - DAG(s) 'example_kubernetes_executor' retrieved from /home/airflow/.local/lib/python3.8/site-packages/airflow/example_dags/example_kubernetes_executor.py
[2024-02-14T16:16:19.896+0000] {logging_mixin.py:188} INFO - [2024-02-14T16:16:19.896+0000] {dag.py:3033} INFO - Sync 1 DAGs
[2024-02-14T16:16:19.903+0000] {logging_mixin.py:188} INFO - [2024-02-14T16:16:19.903+0000] {dag.py:3820} INFO - Setting next_dagrun for example_kubernetes_executor to None, run_after=None
[2024-02-14T16:16:19.914+0000] {processor.py:183} INFO - Processing /home/airflow/.local/lib/python3.8/site-packages/airflow/example_dags/example_kubernetes_executor.py took 0.052 seconds
[2024-02-14T16:16:50.858+0000] {processor.py:161} INFO - Started process (PID=1611) to work on /home/airflow/.local/lib/python3.8/site-packages/airflow/example_dags/example_kubernetes_executor.py
[2024-02-14T16:16:50.858+0000] {processor.py:830} INFO - Processing file /home/airflow/.local/lib/python3.8/site-packages/airflow/example_dags/example_kubernetes_executor.py for tasks to queue
[2024-02-14T16:16:50.860+0000] {logging_mixin.py:188} INFO - [2024-02-14T16:16:50.860+0000] {dagbag.py:538} INFO - Filling up the DagBag from /home/airflow/.local/lib/python3.8/site-packages/airflow/example_dags/example_kubernetes_executor.py
[2024-02-14T16:16:50.868+0000] {processor.py:840} INFO - DAG(s) 'example_kubernetes_executor' retrieved from /home/airflow/.local/lib/python3.8/site-packages/airflow/example_dags/example_kubernetes_executor.py
[2024-02-14T16:16:50.889+0000] {logging_mixin.py:188} INFO - [2024-02-14T16:16:50.888+0000] {dag.py:3033} INFO - Sync 1 DAGs
[2024-02-14T16:16:50.896+0000] {logging_mixin.py:188} INFO - [2024-02-14T16:16:50.896+0000] {dag.py:3820} INFO - Setting next_dagrun for example_kubernetes_executor to None, run_after=None
[2024-02-14T16:16:50.906+0000] {processor.py:183} INFO - Processing /home/airflow/.local/lib/python3.8/site-packages/airflow/example_dags/example_kubernetes_executor.py took 0.051 seconds
[2024-02-14T16:17:21.143+0000] {processor.py:161} INFO - Started process (PID=1668) to work on /home/airflow/.local/lib/python3.8/site-packages/airflow/example_dags/example_kubernetes_executor.py
[2024-02-14T16:17:21.143+0000] {processor.py:830} INFO - Processing file /home/airflow/.local/lib/python3.8/site-packages/airflow/example_dags/example_kubernetes_executor.py for tasks to queue
[2024-02-14T16:17:21.145+0000] {logging_mixin.py:188} INFO - [2024-02-14T16:17:21.145+0000] {dagbag.py:538} INFO - Filling up the DagBag from /home/airflow/.local/lib/python3.8/site-packages/airflow/example_dags/example_kubernetes_executor.py
[2024-02-14T16:17:21.153+0000] {processor.py:840} INFO - DAG(s) 'example_kubernetes_executor' retrieved from /home/airflow/.local/lib/python3.8/site-packages/airflow/example_dags/example_kubernetes_executor.py
[2024-02-14T16:17:21.173+0000] {logging_mixin.py:188} INFO - [2024-02-14T16:17:21.173+0000] {dag.py:3033} INFO - Sync 1 DAGs
[2024-02-14T16:17:21.179+0000] {logging_mixin.py:188} INFO - [2024-02-14T16:17:21.179+0000] {dag.py:3820} INFO - Setting next_dagrun for example_kubernetes_executor to None, run_after=None
[2024-02-14T16:17:21.189+0000] {processor.py:183} INFO - Processing /home/airflow/.local/lib/python3.8/site-packages/airflow/example_dags/example_kubernetes_executor.py took 0.049 seconds
[2024-02-14T16:17:51.380+0000] {processor.py:161} INFO - Started process (PID=1725) to work on /home/airflow/.local/lib/python3.8/site-packages/airflow/example_dags/example_kubernetes_executor.py
[2024-02-14T16:17:51.380+0000] {processor.py:830} INFO - Processing file /home/airflow/.local/lib/python3.8/site-packages/airflow/example_dags/example_kubernetes_executor.py for tasks to queue
[2024-02-14T16:17:51.382+0000] {logging_mixin.py:188} INFO - [2024-02-14T16:17:51.382+0000] {dagbag.py:538} INFO - Filling up the DagBag from /home/airflow/.local/lib/python3.8/site-packages/airflow/example_dags/example_kubernetes_executor.py
[2024-02-14T16:17:51.390+0000] {processor.py:840} INFO - DAG(s) 'example_kubernetes_executor' retrieved from /home/airflow/.local/lib/python3.8/site-packages/airflow/example_dags/example_kubernetes_executor.py
[2024-02-14T16:17:51.410+0000] {logging_mixin.py:188} INFO - [2024-02-14T16:17:51.410+0000] {dag.py:3033} INFO - Sync 1 DAGs
[2024-02-14T16:17:51.417+0000] {logging_mixin.py:188} INFO - [2024-02-14T16:17:51.417+0000] {dag.py:3820} INFO - Setting next_dagrun for example_kubernetes_executor to None, run_after=None
[2024-02-14T16:17:51.426+0000] {processor.py:183} INFO - Processing /home/airflow/.local/lib/python3.8/site-packages/airflow/example_dags/example_kubernetes_executor.py took 0.049 seconds
[2024-02-14T16:18:21.588+0000] {processor.py:161} INFO - Started process (PID=1782) to work on /home/airflow/.local/lib/python3.8/site-packages/airflow/example_dags/example_kubernetes_executor.py
[2024-02-14T16:18:21.588+0000] {processor.py:830} INFO - Processing file /home/airflow/.local/lib/python3.8/site-packages/airflow/example_dags/example_kubernetes_executor.py for tasks to queue
[2024-02-14T16:18:21.590+0000] {logging_mixin.py:188} INFO - [2024-02-14T16:18:21.590+0000] {dagbag.py:538} INFO - Filling up the DagBag from /home/airflow/.local/lib/python3.8/site-packages/airflow/example_dags/example_kubernetes_executor.py
[2024-02-14T16:18:21.599+0000] {processor.py:840} INFO - DAG(s) 'example_kubernetes_executor' retrieved from /home/airflow/.local/lib/python3.8/site-packages/airflow/example_dags/example_kubernetes_executor.py
[2024-02-14T16:18:21.619+0000] {logging_mixin.py:188} INFO - [2024-02-14T16:18:21.619+0000] {dag.py:3033} INFO - Sync 1 DAGs
[2024-02-14T16:18:21.625+0000] {logging_mixin.py:188} INFO - [2024-02-14T16:18:21.625+0000] {dag.py:3820} INFO - Setting next_dagrun for example_kubernetes_executor to None, run_after=None
[2024-02-14T16:18:21.634+0000] {processor.py:183} INFO - Processing /home/airflow/.local/lib/python3.8/site-packages/airflow/example_dags/example_kubernetes_executor.py took 0.049 seconds
[2024-02-14T16:18:51.839+0000] {processor.py:161} INFO - Started process (PID=1839) to work on /home/airflow/.local/lib/python3.8/site-packages/airflow/example_dags/example_kubernetes_executor.py
[2024-02-14T16:18:51.840+0000] {processor.py:830} INFO - Processing file /home/airflow/.local/lib/python3.8/site-packages/airflow/example_dags/example_kubernetes_executor.py for tasks to queue
[2024-02-14T16:18:51.842+0000] {logging_mixin.py:188} INFO - [2024-02-14T16:18:51.841+0000] {dagbag.py:538} INFO - Filling up the DagBag from /home/airflow/.local/lib/python3.8/site-packages/airflow/example_dags/example_kubernetes_executor.py
[2024-02-14T16:18:51.850+0000] {processor.py:840} INFO - DAG(s) 'example_kubernetes_executor' retrieved from /home/airflow/.local/lib/python3.8/site-packages/airflow/example_dags/example_kubernetes_executor.py
[2024-02-14T16:18:51.873+0000] {logging_mixin.py:188} INFO - [2024-02-14T16:18:51.873+0000] {dag.py:3033} INFO - Sync 1 DAGs
[2024-02-14T16:18:51.880+0000] {logging_mixin.py:188} INFO - [2024-02-14T16:18:51.880+0000] {dag.py:3820} INFO - Setting next_dagrun for example_kubernetes_executor to None, run_after=None
[2024-02-14T16:18:51.891+0000] {processor.py:183} INFO - Processing /home/airflow/.local/lib/python3.8/site-packages/airflow/example_dags/example_kubernetes_executor.py took 0.055 seconds
[2024-02-14T16:19:22.215+0000] {processor.py:161} INFO - Started process (PID=1896) to work on /home/airflow/.local/lib/python3.8/site-packages/airflow/example_dags/example_kubernetes_executor.py
[2024-02-14T16:19:22.216+0000] {processor.py:830} INFO - Processing file /home/airflow/.local/lib/python3.8/site-packages/airflow/example_dags/example_kubernetes_executor.py for tasks to queue
[2024-02-14T16:19:22.217+0000] {logging_mixin.py:188} INFO - [2024-02-14T16:19:22.217+0000] {dagbag.py:538} INFO - Filling up the DagBag from /home/airflow/.local/lib/python3.8/site-packages/airflow/example_dags/example_kubernetes_executor.py
[2024-02-14T16:19:22.225+0000] {processor.py:840} INFO - DAG(s) 'example_kubernetes_executor' retrieved from /home/airflow/.local/lib/python3.8/site-packages/airflow/example_dags/example_kubernetes_executor.py
[2024-02-14T16:19:22.247+0000] {logging_mixin.py:188} INFO - [2024-02-14T16:19:22.247+0000] {dag.py:3033} INFO - Sync 1 DAGs
[2024-02-14T16:19:22.254+0000] {logging_mixin.py:188} INFO - [2024-02-14T16:19:22.254+0000] {dag.py:3820} INFO - Setting next_dagrun for example_kubernetes_executor to None, run_after=None
[2024-02-14T16:19:22.264+0000] {processor.py:183} INFO - Processing /home/airflow/.local/lib/python3.8/site-packages/airflow/example_dags/example_kubernetes_executor.py took 0.051 seconds
[2024-02-14T16:19:52.321+0000] {processor.py:161} INFO - Started process (PID=1953) to work on /home/airflow/.local/lib/python3.8/site-packages/airflow/example_dags/example_kubernetes_executor.py
[2024-02-14T16:19:52.322+0000] {processor.py:830} INFO - Processing file /home/airflow/.local/lib/python3.8/site-packages/airflow/example_dags/example_kubernetes_executor.py for tasks to queue
[2024-02-14T16:19:52.323+0000] {logging_mixin.py:188} INFO - [2024-02-14T16:19:52.323+0000] {dagbag.py:538} INFO - Filling up the DagBag from /home/airflow/.local/lib/python3.8/site-packages/airflow/example_dags/example_kubernetes_executor.py
[2024-02-14T16:19:52.331+0000] {processor.py:840} INFO - DAG(s) 'example_kubernetes_executor' retrieved from /home/airflow/.local/lib/python3.8/site-packages/airflow/example_dags/example_kubernetes_executor.py
[2024-02-14T16:19:52.353+0000] {logging_mixin.py:188} INFO - [2024-02-14T16:19:52.353+0000] {dag.py:3033} INFO - Sync 1 DAGs
[2024-02-14T16:19:52.360+0000] {logging_mixin.py:188} INFO - [2024-02-14T16:19:52.360+0000] {dag.py:3820} INFO - Setting next_dagrun for example_kubernetes_executor to None, run_after=None
[2024-02-14T16:19:52.370+0000] {processor.py:183} INFO - Processing /home/airflow/.local/lib/python3.8/site-packages/airflow/example_dags/example_kubernetes_executor.py took 0.051 seconds
[2024-02-14T16:20:22.391+0000] {processor.py:161} INFO - Started process (PID=2009) to work on /home/airflow/.local/lib/python3.8/site-packages/airflow/example_dags/example_kubernetes_executor.py
[2024-02-14T16:20:22.392+0000] {processor.py:830} INFO - Processing file /home/airflow/.local/lib/python3.8/site-packages/airflow/example_dags/example_kubernetes_executor.py for tasks to queue
[2024-02-14T16:20:22.393+0000] {logging_mixin.py:188} INFO - [2024-02-14T16:20:22.393+0000] {dagbag.py:538} INFO - Filling up the DagBag from /home/airflow/.local/lib/python3.8/site-packages/airflow/example_dags/example_kubernetes_executor.py
[2024-02-14T16:20:22.401+0000] {processor.py:840} INFO - DAG(s) 'example_kubernetes_executor' retrieved from /home/airflow/.local/lib/python3.8/site-packages/airflow/example_dags/example_kubernetes_executor.py
[2024-02-14T16:20:22.422+0000] {logging_mixin.py:188} INFO - [2024-02-14T16:20:22.422+0000] {dag.py:3033} INFO - Sync 1 DAGs
[2024-02-14T16:20:22.429+0000] {logging_mixin.py:188} INFO - [2024-02-14T16:20:22.429+0000] {dag.py:3820} INFO - Setting next_dagrun for example_kubernetes_executor to None, run_after=None
[2024-02-14T16:20:22.439+0000] {processor.py:183} INFO - Processing /home/airflow/.local/lib/python3.8/site-packages/airflow/example_dags/example_kubernetes_executor.py took 0.050 seconds
[2024-02-14T16:20:52.718+0000] {processor.py:161} INFO - Started process (PID=2065) to work on /home/airflow/.local/lib/python3.8/site-packages/airflow/example_dags/example_kubernetes_executor.py
[2024-02-14T16:20:52.719+0000] {processor.py:830} INFO - Processing file /home/airflow/.local/lib/python3.8/site-packages/airflow/example_dags/example_kubernetes_executor.py for tasks to queue
[2024-02-14T16:20:52.721+0000] {logging_mixin.py:188} INFO - [2024-02-14T16:20:52.720+0000] {dagbag.py:538} INFO - Filling up the DagBag from /home/airflow/.local/lib/python3.8/site-packages/airflow/example_dags/example_kubernetes_executor.py
[2024-02-14T16:20:52.729+0000] {processor.py:840} INFO - DAG(s) 'example_kubernetes_executor' retrieved from /home/airflow/.local/lib/python3.8/site-packages/airflow/example_dags/example_kubernetes_executor.py
[2024-02-14T16:20:52.754+0000] {logging_mixin.py:188} INFO - [2024-02-14T16:20:52.754+0000] {dag.py:3033} INFO - Sync 1 DAGs
[2024-02-14T16:20:52.762+0000] {logging_mixin.py:188} INFO - [2024-02-14T16:20:52.762+0000] {dag.py:3820} INFO - Setting next_dagrun for example_kubernetes_executor to None, run_after=None
[2024-02-14T16:20:52.773+0000] {processor.py:183} INFO - Processing /home/airflow/.local/lib/python3.8/site-packages/airflow/example_dags/example_kubernetes_executor.py took 0.057 seconds
[2024-02-14T16:21:23.202+0000] {processor.py:161} INFO - Started process (PID=2122) to work on /home/airflow/.local/lib/python3.8/site-packages/airflow/example_dags/example_kubernetes_executor.py
[2024-02-14T16:21:23.203+0000] {processor.py:830} INFO - Processing file /home/airflow/.local/lib/python3.8/site-packages/airflow/example_dags/example_kubernetes_executor.py for tasks to queue
[2024-02-14T16:21:23.204+0000] {logging_mixin.py:188} INFO - [2024-02-14T16:21:23.204+0000] {dagbag.py:538} INFO - Filling up the DagBag from /home/airflow/.local/lib/python3.8/site-packages/airflow/example_dags/example_kubernetes_executor.py
[2024-02-14T16:21:23.213+0000] {processor.py:840} INFO - DAG(s) 'example_kubernetes_executor' retrieved from /home/airflow/.local/lib/python3.8/site-packages/airflow/example_dags/example_kubernetes_executor.py
[2024-02-14T16:21:23.235+0000] {logging_mixin.py:188} INFO - [2024-02-14T16:21:23.234+0000] {dag.py:3033} INFO - Sync 1 DAGs
[2024-02-14T16:21:23.242+0000] {logging_mixin.py:188} INFO - [2024-02-14T16:21:23.242+0000] {dag.py:3820} INFO - Setting next_dagrun for example_kubernetes_executor to None, run_after=None
[2024-02-14T16:21:23.252+0000] {processor.py:183} INFO - Processing /home/airflow/.local/lib/python3.8/site-packages/airflow/example_dags/example_kubernetes_executor.py took 0.052 seconds
[2024-02-14T16:21:53.667+0000] {processor.py:161} INFO - Started process (PID=2178) to work on /home/airflow/.local/lib/python3.8/site-packages/airflow/example_dags/example_kubernetes_executor.py
[2024-02-14T16:21:53.668+0000] {processor.py:830} INFO - Processing file /home/airflow/.local/lib/python3.8/site-packages/airflow/example_dags/example_kubernetes_executor.py for tasks to queue
[2024-02-14T16:21:53.669+0000] {logging_mixin.py:188} INFO - [2024-02-14T16:21:53.669+0000] {dagbag.py:538} INFO - Filling up the DagBag from /home/airflow/.local/lib/python3.8/site-packages/airflow/example_dags/example_kubernetes_executor.py
[2024-02-14T16:21:53.678+0000] {processor.py:840} INFO - DAG(s) 'example_kubernetes_executor' retrieved from /home/airflow/.local/lib/python3.8/site-packages/airflow/example_dags/example_kubernetes_executor.py
[2024-02-14T16:21:53.701+0000] {logging_mixin.py:188} INFO - [2024-02-14T16:21:53.701+0000] {dag.py:3033} INFO - Sync 1 DAGs
[2024-02-14T16:21:53.708+0000] {logging_mixin.py:188} INFO - [2024-02-14T16:21:53.708+0000] {dag.py:3820} INFO - Setting next_dagrun for example_kubernetes_executor to None, run_after=None
[2024-02-14T16:21:53.718+0000] {processor.py:183} INFO - Processing /home/airflow/.local/lib/python3.8/site-packages/airflow/example_dags/example_kubernetes_executor.py took 0.053 seconds
[2024-02-14T16:22:24.601+0000] {processor.py:161} INFO - Started process (PID=2237) to work on /home/airflow/.local/lib/python3.8/site-packages/airflow/example_dags/example_kubernetes_executor.py
[2024-02-14T16:22:24.602+0000] {processor.py:830} INFO - Processing file /home/airflow/.local/lib/python3.8/site-packages/airflow/example_dags/example_kubernetes_executor.py for tasks to queue
[2024-02-14T16:22:24.604+0000] {logging_mixin.py:188} INFO - [2024-02-14T16:22:24.603+0000] {dagbag.py:538} INFO - Filling up the DagBag from /home/airflow/.local/lib/python3.8/site-packages/airflow/example_dags/example_kubernetes_executor.py
[2024-02-14T16:22:24.611+0000] {processor.py:840} INFO - DAG(s) 'example_kubernetes_executor' retrieved from /home/airflow/.local/lib/python3.8/site-packages/airflow/example_dags/example_kubernetes_executor.py
[2024-02-14T16:22:24.635+0000] {logging_mixin.py:188} INFO - [2024-02-14T16:22:24.635+0000] {dag.py:3033} INFO - Sync 1 DAGs
[2024-02-14T16:22:24.642+0000] {logging_mixin.py:188} INFO - [2024-02-14T16:22:24.642+0000] {dag.py:3820} INFO - Setting next_dagrun for example_kubernetes_executor to None, run_after=None
[2024-02-14T16:22:24.653+0000] {processor.py:183} INFO - Processing /home/airflow/.local/lib/python3.8/site-packages/airflow/example_dags/example_kubernetes_executor.py took 0.054 seconds
[2024-02-14T16:22:54.885+0000] {processor.py:161} INFO - Started process (PID=2294) to work on /home/airflow/.local/lib/python3.8/site-packages/airflow/example_dags/example_kubernetes_executor.py
[2024-02-14T16:22:54.886+0000] {processor.py:830} INFO - Processing file /home/airflow/.local/lib/python3.8/site-packages/airflow/example_dags/example_kubernetes_executor.py for tasks to queue
[2024-02-14T16:22:54.887+0000] {logging_mixin.py:188} INFO - [2024-02-14T16:22:54.887+0000] {dagbag.py:538} INFO - Filling up the DagBag from /home/airflow/.local/lib/python3.8/site-packages/airflow/example_dags/example_kubernetes_executor.py
[2024-02-14T16:22:54.895+0000] {processor.py:840} INFO - DAG(s) 'example_kubernetes_executor' retrieved from /home/airflow/.local/lib/python3.8/site-packages/airflow/example_dags/example_kubernetes_executor.py
[2024-02-14T16:22:55.016+0000] {logging_mixin.py:188} INFO - [2024-02-14T16:22:55.016+0000] {dag.py:3033} INFO - Sync 1 DAGs
[2024-02-14T16:22:55.023+0000] {logging_mixin.py:188} INFO - [2024-02-14T16:22:55.023+0000] {dag.py:3820} INFO - Setting next_dagrun for example_kubernetes_executor to None, run_after=None
[2024-02-14T16:22:55.033+0000] {processor.py:183} INFO - Processing /home/airflow/.local/lib/python3.8/site-packages/airflow/example_dags/example_kubernetes_executor.py took 0.150 seconds
[2024-02-14T16:23:25.456+0000] {processor.py:161} INFO - Started process (PID=2351) to work on /home/airflow/.local/lib/python3.8/site-packages/airflow/example_dags/example_kubernetes_executor.py
[2024-02-14T16:23:25.457+0000] {processor.py:830} INFO - Processing file /home/airflow/.local/lib/python3.8/site-packages/airflow/example_dags/example_kubernetes_executor.py for tasks to queue
[2024-02-14T16:23:25.458+0000] {logging_mixin.py:188} INFO - [2024-02-14T16:23:25.458+0000] {dagbag.py:538} INFO - Filling up the DagBag from /home/airflow/.local/lib/python3.8/site-packages/airflow/example_dags/example_kubernetes_executor.py
[2024-02-14T16:23:25.466+0000] {processor.py:840} INFO - DAG(s) 'example_kubernetes_executor' retrieved from /home/airflow/.local/lib/python3.8/site-packages/airflow/example_dags/example_kubernetes_executor.py
[2024-02-14T16:23:25.488+0000] {logging_mixin.py:188} INFO - [2024-02-14T16:23:25.488+0000] {dag.py:3033} INFO - Sync 1 DAGs
[2024-02-14T16:23:25.495+0000] {logging_mixin.py:188} INFO - [2024-02-14T16:23:25.495+0000] {dag.py:3820} INFO - Setting next_dagrun for example_kubernetes_executor to None, run_after=None
[2024-02-14T16:23:25.505+0000] {processor.py:183} INFO - Processing /home/airflow/.local/lib/python3.8/site-packages/airflow/example_dags/example_kubernetes_executor.py took 0.051 seconds
[2024-02-14T16:23:55.698+0000] {processor.py:161} INFO - Started process (PID=2408) to work on /home/airflow/.local/lib/python3.8/site-packages/airflow/example_dags/example_kubernetes_executor.py
[2024-02-14T16:23:55.699+0000] {processor.py:830} INFO - Processing file /home/airflow/.local/lib/python3.8/site-packages/airflow/example_dags/example_kubernetes_executor.py for tasks to queue
[2024-02-14T16:23:55.700+0000] {logging_mixin.py:188} INFO - [2024-02-14T16:23:55.700+0000] {dagbag.py:538} INFO - Filling up the DagBag from /home/airflow/.local/lib/python3.8/site-packages/airflow/example_dags/example_kubernetes_executor.py
[2024-02-14T16:23:55.708+0000] {processor.py:840} INFO - DAG(s) 'example_kubernetes_executor' retrieved from /home/airflow/.local/lib/python3.8/site-packages/airflow/example_dags/example_kubernetes_executor.py
[2024-02-14T16:23:55.729+0000] {logging_mixin.py:188} INFO - [2024-02-14T16:23:55.729+0000] {dag.py:3033} INFO - Sync 1 DAGs
[2024-02-14T16:23:55.736+0000] {logging_mixin.py:188} INFO - [2024-02-14T16:23:55.736+0000] {dag.py:3820} INFO - Setting next_dagrun for example_kubernetes_executor to None, run_after=None
[2024-02-14T16:23:55.745+0000] {processor.py:183} INFO - Processing /home/airflow/.local/lib/python3.8/site-packages/airflow/example_dags/example_kubernetes_executor.py took 0.050 seconds
[2024-02-14T16:24:25.934+0000] {processor.py:161} INFO - Started process (PID=2465) to work on /home/airflow/.local/lib/python3.8/site-packages/airflow/example_dags/example_kubernetes_executor.py
[2024-02-14T16:24:25.934+0000] {processor.py:830} INFO - Processing file /home/airflow/.local/lib/python3.8/site-packages/airflow/example_dags/example_kubernetes_executor.py for tasks to queue
[2024-02-14T16:24:25.936+0000] {logging_mixin.py:188} INFO - [2024-02-14T16:24:25.936+0000] {dagbag.py:538} INFO - Filling up the DagBag from /home/airflow/.local/lib/python3.8/site-packages/airflow/example_dags/example_kubernetes_executor.py
[2024-02-14T16:24:25.944+0000] {processor.py:840} INFO - DAG(s) 'example_kubernetes_executor' retrieved from /home/airflow/.local/lib/python3.8/site-packages/airflow/example_dags/example_kubernetes_executor.py
[2024-02-14T16:24:25.964+0000] {logging_mixin.py:188} INFO - [2024-02-14T16:24:25.964+0000] {dag.py:3033} INFO - Sync 1 DAGs
[2024-02-14T16:24:25.971+0000] {logging_mixin.py:188} INFO - [2024-02-14T16:24:25.971+0000] {dag.py:3820} INFO - Setting next_dagrun for example_kubernetes_executor to None, run_after=None
[2024-02-14T16:24:25.981+0000] {processor.py:183} INFO - Processing /home/airflow/.local/lib/python3.8/site-packages/airflow/example_dags/example_kubernetes_executor.py took 0.049 seconds
