[2024-02-14T16:03:08.771+0000] {processor.py:161} INFO - Started process (PID=94) to work on /home/airflow/.local/lib/python3.8/site-packages/airflow/example_dags/example_branch_operator.py
[2024-02-14T16:03:08.772+0000] {processor.py:830} INFO - Processing file /home/airflow/.local/lib/python3.8/site-packages/airflow/example_dags/example_branch_operator.py for tasks to queue
[2024-02-14T16:03:08.775+0000] {logging_mixin.py:188} INFO - [2024-02-14T16:03:08.775+0000] {dagbag.py:538} INFO - Filling up the DagBag from /home/airflow/.local/lib/python3.8/site-packages/airflow/example_dags/example_branch_operator.py
[2024-02-14T16:03:08.790+0000] {processor.py:840} INFO - DAG(s) 'example_branch_operator' retrieved from /home/airflow/.local/lib/python3.8/site-packages/airflow/example_dags/example_branch_operator.py
[2024-02-14T16:03:08.801+0000] {logging_mixin.py:188} INFO - [2024-02-14T16:03:08.801+0000] {dag.py:3033} INFO - Sync 1 DAGs
[2024-02-14T16:03:08.815+0000] {logging_mixin.py:188} INFO - [2024-02-14T16:03:08.815+0000] {dag.py:3820} INFO - Setting next_dagrun for example_branch_operator to 2024-02-13T00:00:00+00:00, run_after=2024-02-14T00:00:00+00:00
[2024-02-14T16:03:08.827+0000] {processor.py:183} INFO - Processing /home/airflow/.local/lib/python3.8/site-packages/airflow/example_dags/example_branch_operator.py took 0.059 seconds
[2024-02-14T16:03:39.510+0000] {processor.py:161} INFO - Started process (PID=151) to work on /home/airflow/.local/lib/python3.8/site-packages/airflow/example_dags/example_branch_operator.py
[2024-02-14T16:03:39.510+0000] {processor.py:830} INFO - Processing file /home/airflow/.local/lib/python3.8/site-packages/airflow/example_dags/example_branch_operator.py for tasks to queue
[2024-02-14T16:03:39.512+0000] {logging_mixin.py:188} INFO - [2024-02-14T16:03:39.512+0000] {dagbag.py:538} INFO - Filling up the DagBag from /home/airflow/.local/lib/python3.8/site-packages/airflow/example_dags/example_branch_operator.py
[2024-02-14T16:03:39.522+0000] {processor.py:840} INFO - DAG(s) 'example_branch_operator' retrieved from /home/airflow/.local/lib/python3.8/site-packages/airflow/example_dags/example_branch_operator.py
[2024-02-14T16:03:39.579+0000] {logging_mixin.py:188} INFO - [2024-02-14T16:03:39.579+0000] {dag.py:3033} INFO - Sync 1 DAGs
[2024-02-14T16:03:39.590+0000] {logging_mixin.py:188} INFO - [2024-02-14T16:03:39.590+0000] {dag.py:3820} INFO - Setting next_dagrun for example_branch_operator to 2024-02-13T00:00:00+00:00, run_after=2024-02-14T00:00:00+00:00
[2024-02-14T16:03:39.600+0000] {processor.py:183} INFO - Processing /home/airflow/.local/lib/python3.8/site-packages/airflow/example_dags/example_branch_operator.py took 0.093 seconds
[2024-02-14T16:04:09.627+0000] {processor.py:161} INFO - Started process (PID=208) to work on /home/airflow/.local/lib/python3.8/site-packages/airflow/example_dags/example_branch_operator.py
[2024-02-14T16:04:09.627+0000] {processor.py:830} INFO - Processing file /home/airflow/.local/lib/python3.8/site-packages/airflow/example_dags/example_branch_operator.py for tasks to queue
[2024-02-14T16:04:09.629+0000] {logging_mixin.py:188} INFO - [2024-02-14T16:04:09.629+0000] {dagbag.py:538} INFO - Filling up the DagBag from /home/airflow/.local/lib/python3.8/site-packages/airflow/example_dags/example_branch_operator.py
[2024-02-14T16:04:09.639+0000] {processor.py:840} INFO - DAG(s) 'example_branch_operator' retrieved from /home/airflow/.local/lib/python3.8/site-packages/airflow/example_dags/example_branch_operator.py
[2024-02-14T16:04:09.656+0000] {logging_mixin.py:188} INFO - [2024-02-14T16:04:09.656+0000] {dag.py:3033} INFO - Sync 1 DAGs
[2024-02-14T16:04:09.667+0000] {logging_mixin.py:188} INFO - [2024-02-14T16:04:09.667+0000] {dag.py:3820} INFO - Setting next_dagrun for example_branch_operator to 2024-02-13T00:00:00+00:00, run_after=2024-02-14T00:00:00+00:00
[2024-02-14T16:04:09.676+0000] {processor.py:183} INFO - Processing /home/airflow/.local/lib/python3.8/site-packages/airflow/example_dags/example_branch_operator.py took 0.051 seconds
[2024-02-14T16:04:39.934+0000] {processor.py:161} INFO - Started process (PID=265) to work on /home/airflow/.local/lib/python3.8/site-packages/airflow/example_dags/example_branch_operator.py
[2024-02-14T16:04:39.934+0000] {processor.py:830} INFO - Processing file /home/airflow/.local/lib/python3.8/site-packages/airflow/example_dags/example_branch_operator.py for tasks to queue
[2024-02-14T16:04:39.936+0000] {logging_mixin.py:188} INFO - [2024-02-14T16:04:39.936+0000] {dagbag.py:538} INFO - Filling up the DagBag from /home/airflow/.local/lib/python3.8/site-packages/airflow/example_dags/example_branch_operator.py
[2024-02-14T16:04:39.945+0000] {processor.py:840} INFO - DAG(s) 'example_branch_operator' retrieved from /home/airflow/.local/lib/python3.8/site-packages/airflow/example_dags/example_branch_operator.py
[2024-02-14T16:04:39.961+0000] {logging_mixin.py:188} INFO - [2024-02-14T16:04:39.961+0000] {dag.py:3033} INFO - Sync 1 DAGs
[2024-02-14T16:04:39.973+0000] {logging_mixin.py:188} INFO - [2024-02-14T16:04:39.973+0000] {dag.py:3820} INFO - Setting next_dagrun for example_branch_operator to 2024-02-13T00:00:00+00:00, run_after=2024-02-14T00:00:00+00:00
[2024-02-14T16:04:39.982+0000] {processor.py:183} INFO - Processing /home/airflow/.local/lib/python3.8/site-packages/airflow/example_dags/example_branch_operator.py took 0.051 seconds
[2024-02-14T16:05:10.160+0000] {processor.py:161} INFO - Started process (PID=322) to work on /home/airflow/.local/lib/python3.8/site-packages/airflow/example_dags/example_branch_operator.py
[2024-02-14T16:05:10.161+0000] {processor.py:830} INFO - Processing file /home/airflow/.local/lib/python3.8/site-packages/airflow/example_dags/example_branch_operator.py for tasks to queue
[2024-02-14T16:05:10.162+0000] {logging_mixin.py:188} INFO - [2024-02-14T16:05:10.162+0000] {dagbag.py:538} INFO - Filling up the DagBag from /home/airflow/.local/lib/python3.8/site-packages/airflow/example_dags/example_branch_operator.py
[2024-02-14T16:05:10.171+0000] {processor.py:840} INFO - DAG(s) 'example_branch_operator' retrieved from /home/airflow/.local/lib/python3.8/site-packages/airflow/example_dags/example_branch_operator.py
[2024-02-14T16:05:10.186+0000] {logging_mixin.py:188} INFO - [2024-02-14T16:05:10.186+0000] {dag.py:3033} INFO - Sync 1 DAGs
[2024-02-14T16:05:10.199+0000] {logging_mixin.py:188} INFO - [2024-02-14T16:05:10.199+0000] {dag.py:3820} INFO - Setting next_dagrun for example_branch_operator to 2024-02-13T00:00:00+00:00, run_after=2024-02-14T00:00:00+00:00
[2024-02-14T16:05:10.208+0000] {processor.py:183} INFO - Processing /home/airflow/.local/lib/python3.8/site-packages/airflow/example_dags/example_branch_operator.py took 0.050 seconds
[2024-02-14T16:05:40.306+0000] {processor.py:161} INFO - Started process (PID=379) to work on /home/airflow/.local/lib/python3.8/site-packages/airflow/example_dags/example_branch_operator.py
[2024-02-14T16:05:40.306+0000] {processor.py:830} INFO - Processing file /home/airflow/.local/lib/python3.8/site-packages/airflow/example_dags/example_branch_operator.py for tasks to queue
[2024-02-14T16:05:40.308+0000] {logging_mixin.py:188} INFO - [2024-02-14T16:05:40.308+0000] {dagbag.py:538} INFO - Filling up the DagBag from /home/airflow/.local/lib/python3.8/site-packages/airflow/example_dags/example_branch_operator.py
[2024-02-14T16:05:40.317+0000] {processor.py:840} INFO - DAG(s) 'example_branch_operator' retrieved from /home/airflow/.local/lib/python3.8/site-packages/airflow/example_dags/example_branch_operator.py
[2024-02-14T16:05:40.333+0000] {logging_mixin.py:188} INFO - [2024-02-14T16:05:40.333+0000] {dag.py:3033} INFO - Sync 1 DAGs
[2024-02-14T16:05:40.345+0000] {logging_mixin.py:188} INFO - [2024-02-14T16:05:40.345+0000] {dag.py:3820} INFO - Setting next_dagrun for example_branch_operator to 2024-02-13T00:00:00+00:00, run_after=2024-02-14T00:00:00+00:00
[2024-02-14T16:05:40.356+0000] {processor.py:183} INFO - Processing /home/airflow/.local/lib/python3.8/site-packages/airflow/example_dags/example_branch_operator.py took 0.053 seconds
[2024-02-14T16:06:10.623+0000] {processor.py:161} INFO - Started process (PID=436) to work on /home/airflow/.local/lib/python3.8/site-packages/airflow/example_dags/example_branch_operator.py
[2024-02-14T16:06:10.624+0000] {processor.py:830} INFO - Processing file /home/airflow/.local/lib/python3.8/site-packages/airflow/example_dags/example_branch_operator.py for tasks to queue
[2024-02-14T16:06:10.625+0000] {logging_mixin.py:188} INFO - [2024-02-14T16:06:10.625+0000] {dagbag.py:538} INFO - Filling up the DagBag from /home/airflow/.local/lib/python3.8/site-packages/airflow/example_dags/example_branch_operator.py
[2024-02-14T16:06:10.635+0000] {processor.py:840} INFO - DAG(s) 'example_branch_operator' retrieved from /home/airflow/.local/lib/python3.8/site-packages/airflow/example_dags/example_branch_operator.py
[2024-02-14T16:06:10.650+0000] {logging_mixin.py:188} INFO - [2024-02-14T16:06:10.650+0000] {dag.py:3033} INFO - Sync 1 DAGs
[2024-02-14T16:06:10.661+0000] {logging_mixin.py:188} INFO - [2024-02-14T16:06:10.661+0000] {dag.py:3820} INFO - Setting next_dagrun for example_branch_operator to 2024-02-13T00:00:00+00:00, run_after=2024-02-14T00:00:00+00:00
[2024-02-14T16:06:10.672+0000] {processor.py:183} INFO - Processing /home/airflow/.local/lib/python3.8/site-packages/airflow/example_dags/example_branch_operator.py took 0.051 seconds
[2024-02-14T16:06:40.751+0000] {processor.py:161} INFO - Started process (PID=493) to work on /home/airflow/.local/lib/python3.8/site-packages/airflow/example_dags/example_branch_operator.py
[2024-02-14T16:06:40.752+0000] {processor.py:830} INFO - Processing file /home/airflow/.local/lib/python3.8/site-packages/airflow/example_dags/example_branch_operator.py for tasks to queue
[2024-02-14T16:06:40.753+0000] {logging_mixin.py:188} INFO - [2024-02-14T16:06:40.753+0000] {dagbag.py:538} INFO - Filling up the DagBag from /home/airflow/.local/lib/python3.8/site-packages/airflow/example_dags/example_branch_operator.py
[2024-02-14T16:06:40.764+0000] {processor.py:840} INFO - DAG(s) 'example_branch_operator' retrieved from /home/airflow/.local/lib/python3.8/site-packages/airflow/example_dags/example_branch_operator.py
[2024-02-14T16:06:40.779+0000] {logging_mixin.py:188} INFO - [2024-02-14T16:06:40.779+0000] {dag.py:3033} INFO - Sync 1 DAGs
[2024-02-14T16:06:40.790+0000] {logging_mixin.py:188} INFO - [2024-02-14T16:06:40.790+0000] {dag.py:3820} INFO - Setting next_dagrun for example_branch_operator to 2024-02-13T00:00:00+00:00, run_after=2024-02-14T00:00:00+00:00
[2024-02-14T16:06:40.801+0000] {processor.py:183} INFO - Processing /home/airflow/.local/lib/python3.8/site-packages/airflow/example_dags/example_branch_operator.py took 0.052 seconds
[2024-02-14T16:07:10.924+0000] {processor.py:161} INFO - Started process (PID=550) to work on /home/airflow/.local/lib/python3.8/site-packages/airflow/example_dags/example_branch_operator.py
[2024-02-14T16:07:10.925+0000] {processor.py:830} INFO - Processing file /home/airflow/.local/lib/python3.8/site-packages/airflow/example_dags/example_branch_operator.py for tasks to queue
[2024-02-14T16:07:10.926+0000] {logging_mixin.py:188} INFO - [2024-02-14T16:07:10.926+0000] {dagbag.py:538} INFO - Filling up the DagBag from /home/airflow/.local/lib/python3.8/site-packages/airflow/example_dags/example_branch_operator.py
[2024-02-14T16:07:10.935+0000] {processor.py:840} INFO - DAG(s) 'example_branch_operator' retrieved from /home/airflow/.local/lib/python3.8/site-packages/airflow/example_dags/example_branch_operator.py
[2024-02-14T16:07:10.949+0000] {logging_mixin.py:188} INFO - [2024-02-14T16:07:10.949+0000] {dag.py:3033} INFO - Sync 1 DAGs
[2024-02-14T16:07:10.961+0000] {logging_mixin.py:188} INFO - [2024-02-14T16:07:10.961+0000] {dag.py:3820} INFO - Setting next_dagrun for example_branch_operator to 2024-02-13T00:00:00+00:00, run_after=2024-02-14T00:00:00+00:00
[2024-02-14T16:07:10.971+0000] {processor.py:183} INFO - Processing /home/airflow/.local/lib/python3.8/site-packages/airflow/example_dags/example_branch_operator.py took 0.049 seconds
[2024-02-14T16:07:41.243+0000] {processor.py:161} INFO - Started process (PID=607) to work on /home/airflow/.local/lib/python3.8/site-packages/airflow/example_dags/example_branch_operator.py
[2024-02-14T16:07:41.244+0000] {processor.py:830} INFO - Processing file /home/airflow/.local/lib/python3.8/site-packages/airflow/example_dags/example_branch_operator.py for tasks to queue
[2024-02-14T16:07:41.245+0000] {logging_mixin.py:188} INFO - [2024-02-14T16:07:41.245+0000] {dagbag.py:538} INFO - Filling up the DagBag from /home/airflow/.local/lib/python3.8/site-packages/airflow/example_dags/example_branch_operator.py
[2024-02-14T16:07:41.255+0000] {processor.py:840} INFO - DAG(s) 'example_branch_operator' retrieved from /home/airflow/.local/lib/python3.8/site-packages/airflow/example_dags/example_branch_operator.py
[2024-02-14T16:07:41.270+0000] {logging_mixin.py:188} INFO - [2024-02-14T16:07:41.270+0000] {dag.py:3033} INFO - Sync 1 DAGs
[2024-02-14T16:07:41.282+0000] {logging_mixin.py:188} INFO - [2024-02-14T16:07:41.281+0000] {dag.py:3820} INFO - Setting next_dagrun for example_branch_operator to 2024-02-13T00:00:00+00:00, run_after=2024-02-14T00:00:00+00:00
[2024-02-14T16:07:41.291+0000] {processor.py:183} INFO - Processing /home/airflow/.local/lib/python3.8/site-packages/airflow/example_dags/example_branch_operator.py took 0.051 seconds
[2024-02-14T16:08:11.499+0000] {processor.py:161} INFO - Started process (PID=664) to work on /home/airflow/.local/lib/python3.8/site-packages/airflow/example_dags/example_branch_operator.py
[2024-02-14T16:08:11.500+0000] {processor.py:830} INFO - Processing file /home/airflow/.local/lib/python3.8/site-packages/airflow/example_dags/example_branch_operator.py for tasks to queue
[2024-02-14T16:08:11.501+0000] {logging_mixin.py:188} INFO - [2024-02-14T16:08:11.501+0000] {dagbag.py:538} INFO - Filling up the DagBag from /home/airflow/.local/lib/python3.8/site-packages/airflow/example_dags/example_branch_operator.py
[2024-02-14T16:08:11.511+0000] {processor.py:840} INFO - DAG(s) 'example_branch_operator' retrieved from /home/airflow/.local/lib/python3.8/site-packages/airflow/example_dags/example_branch_operator.py
[2024-02-14T16:08:11.527+0000] {logging_mixin.py:188} INFO - [2024-02-14T16:08:11.527+0000] {dag.py:3033} INFO - Sync 1 DAGs
[2024-02-14T16:08:11.539+0000] {logging_mixin.py:188} INFO - [2024-02-14T16:08:11.539+0000] {dag.py:3820} INFO - Setting next_dagrun for example_branch_operator to 2024-02-13T00:00:00+00:00, run_after=2024-02-14T00:00:00+00:00
[2024-02-14T16:08:11.548+0000] {processor.py:183} INFO - Processing /home/airflow/.local/lib/python3.8/site-packages/airflow/example_dags/example_branch_operator.py took 0.052 seconds
[2024-02-14T16:08:41.603+0000] {processor.py:161} INFO - Started process (PID=721) to work on /home/airflow/.local/lib/python3.8/site-packages/airflow/example_dags/example_branch_operator.py
[2024-02-14T16:08:41.603+0000] {processor.py:830} INFO - Processing file /home/airflow/.local/lib/python3.8/site-packages/airflow/example_dags/example_branch_operator.py for tasks to queue
[2024-02-14T16:08:41.605+0000] {logging_mixin.py:188} INFO - [2024-02-14T16:08:41.605+0000] {dagbag.py:538} INFO - Filling up the DagBag from /home/airflow/.local/lib/python3.8/site-packages/airflow/example_dags/example_branch_operator.py
[2024-02-14T16:08:41.614+0000] {processor.py:840} INFO - DAG(s) 'example_branch_operator' retrieved from /home/airflow/.local/lib/python3.8/site-packages/airflow/example_dags/example_branch_operator.py
[2024-02-14T16:08:41.630+0000] {logging_mixin.py:188} INFO - [2024-02-14T16:08:41.630+0000] {dag.py:3033} INFO - Sync 1 DAGs
[2024-02-14T16:08:41.643+0000] {logging_mixin.py:188} INFO - [2024-02-14T16:08:41.643+0000] {dag.py:3820} INFO - Setting next_dagrun for example_branch_operator to 2024-02-13T00:00:00+00:00, run_after=2024-02-14T00:00:00+00:00
[2024-02-14T16:08:41.656+0000] {processor.py:183} INFO - Processing /home/airflow/.local/lib/python3.8/site-packages/airflow/example_dags/example_branch_operator.py took 0.056 seconds
[2024-02-14T16:09:12.744+0000] {processor.py:161} INFO - Started process (PID=778) to work on /home/airflow/.local/lib/python3.8/site-packages/airflow/example_dags/example_branch_operator.py
[2024-02-14T16:09:12.745+0000] {processor.py:830} INFO - Processing file /home/airflow/.local/lib/python3.8/site-packages/airflow/example_dags/example_branch_operator.py for tasks to queue
[2024-02-14T16:09:12.746+0000] {logging_mixin.py:188} INFO - [2024-02-14T16:09:12.746+0000] {dagbag.py:538} INFO - Filling up the DagBag from /home/airflow/.local/lib/python3.8/site-packages/airflow/example_dags/example_branch_operator.py
[2024-02-14T16:09:12.756+0000] {processor.py:840} INFO - DAG(s) 'example_branch_operator' retrieved from /home/airflow/.local/lib/python3.8/site-packages/airflow/example_dags/example_branch_operator.py
[2024-02-14T16:09:12.772+0000] {logging_mixin.py:188} INFO - [2024-02-14T16:09:12.772+0000] {dag.py:3033} INFO - Sync 1 DAGs
[2024-02-14T16:09:12.785+0000] {logging_mixin.py:188} INFO - [2024-02-14T16:09:12.785+0000] {dag.py:3820} INFO - Setting next_dagrun for example_branch_operator to 2024-02-13T00:00:00+00:00, run_after=2024-02-14T00:00:00+00:00
[2024-02-14T16:09:12.795+0000] {processor.py:183} INFO - Processing /home/airflow/.local/lib/python3.8/site-packages/airflow/example_dags/example_branch_operator.py took 0.054 seconds
[2024-02-14T16:09:43.710+0000] {processor.py:161} INFO - Started process (PID=835) to work on /home/airflow/.local/lib/python3.8/site-packages/airflow/example_dags/example_branch_operator.py
[2024-02-14T16:09:43.711+0000] {processor.py:830} INFO - Processing file /home/airflow/.local/lib/python3.8/site-packages/airflow/example_dags/example_branch_operator.py for tasks to queue
[2024-02-14T16:09:43.713+0000] {logging_mixin.py:188} INFO - [2024-02-14T16:09:43.712+0000] {dagbag.py:538} INFO - Filling up the DagBag from /home/airflow/.local/lib/python3.8/site-packages/airflow/example_dags/example_branch_operator.py
[2024-02-14T16:09:43.723+0000] {processor.py:840} INFO - DAG(s) 'example_branch_operator' retrieved from /home/airflow/.local/lib/python3.8/site-packages/airflow/example_dags/example_branch_operator.py
[2024-02-14T16:09:43.739+0000] {logging_mixin.py:188} INFO - [2024-02-14T16:09:43.739+0000] {dag.py:3033} INFO - Sync 1 DAGs
[2024-02-14T16:09:43.753+0000] {logging_mixin.py:188} INFO - [2024-02-14T16:09:43.752+0000] {dag.py:3820} INFO - Setting next_dagrun for example_branch_operator to 2024-02-13T00:00:00+00:00, run_after=2024-02-14T00:00:00+00:00
[2024-02-14T16:09:43.764+0000] {processor.py:183} INFO - Processing /home/airflow/.local/lib/python3.8/site-packages/airflow/example_dags/example_branch_operator.py took 0.056 seconds
[2024-02-14T16:10:14.018+0000] {processor.py:161} INFO - Started process (PID=892) to work on /home/airflow/.local/lib/python3.8/site-packages/airflow/example_dags/example_branch_operator.py
[2024-02-14T16:10:14.018+0000] {processor.py:830} INFO - Processing file /home/airflow/.local/lib/python3.8/site-packages/airflow/example_dags/example_branch_operator.py for tasks to queue
[2024-02-14T16:10:14.020+0000] {logging_mixin.py:188} INFO - [2024-02-14T16:10:14.020+0000] {dagbag.py:538} INFO - Filling up the DagBag from /home/airflow/.local/lib/python3.8/site-packages/airflow/example_dags/example_branch_operator.py
[2024-02-14T16:10:14.030+0000] {processor.py:840} INFO - DAG(s) 'example_branch_operator' retrieved from /home/airflow/.local/lib/python3.8/site-packages/airflow/example_dags/example_branch_operator.py
[2024-02-14T16:10:14.045+0000] {logging_mixin.py:188} INFO - [2024-02-14T16:10:14.045+0000] {dag.py:3033} INFO - Sync 1 DAGs
[2024-02-14T16:10:14.056+0000] {logging_mixin.py:188} INFO - [2024-02-14T16:10:14.056+0000] {dag.py:3820} INFO - Setting next_dagrun for example_branch_operator to 2024-02-13T00:00:00+00:00, run_after=2024-02-14T00:00:00+00:00
[2024-02-14T16:10:14.067+0000] {processor.py:183} INFO - Processing /home/airflow/.local/lib/python3.8/site-packages/airflow/example_dags/example_branch_operator.py took 0.052 seconds
[2024-02-14T16:10:44.237+0000] {processor.py:161} INFO - Started process (PID=949) to work on /home/airflow/.local/lib/python3.8/site-packages/airflow/example_dags/example_branch_operator.py
[2024-02-14T16:10:44.237+0000] {processor.py:830} INFO - Processing file /home/airflow/.local/lib/python3.8/site-packages/airflow/example_dags/example_branch_operator.py for tasks to queue
[2024-02-14T16:10:44.239+0000] {logging_mixin.py:188} INFO - [2024-02-14T16:10:44.239+0000] {dagbag.py:538} INFO - Filling up the DagBag from /home/airflow/.local/lib/python3.8/site-packages/airflow/example_dags/example_branch_operator.py
[2024-02-14T16:10:44.249+0000] {processor.py:840} INFO - DAG(s) 'example_branch_operator' retrieved from /home/airflow/.local/lib/python3.8/site-packages/airflow/example_dags/example_branch_operator.py
[2024-02-14T16:10:44.266+0000] {logging_mixin.py:188} INFO - [2024-02-14T16:10:44.265+0000] {dag.py:3033} INFO - Sync 1 DAGs
[2024-02-14T16:10:44.278+0000] {logging_mixin.py:188} INFO - [2024-02-14T16:10:44.278+0000] {dag.py:3820} INFO - Setting next_dagrun for example_branch_operator to 2024-02-13T00:00:00+00:00, run_after=2024-02-14T00:00:00+00:00
[2024-02-14T16:10:44.289+0000] {processor.py:183} INFO - Processing /home/airflow/.local/lib/python3.8/site-packages/airflow/example_dags/example_branch_operator.py took 0.055 seconds
[2024-02-14T16:11:14.373+0000] {processor.py:161} INFO - Started process (PID=1006) to work on /home/airflow/.local/lib/python3.8/site-packages/airflow/example_dags/example_branch_operator.py
[2024-02-14T16:11:14.374+0000] {processor.py:830} INFO - Processing file /home/airflow/.local/lib/python3.8/site-packages/airflow/example_dags/example_branch_operator.py for tasks to queue
[2024-02-14T16:11:14.375+0000] {logging_mixin.py:188} INFO - [2024-02-14T16:11:14.375+0000] {dagbag.py:538} INFO - Filling up the DagBag from /home/airflow/.local/lib/python3.8/site-packages/airflow/example_dags/example_branch_operator.py
[2024-02-14T16:11:14.385+0000] {processor.py:840} INFO - DAG(s) 'example_branch_operator' retrieved from /home/airflow/.local/lib/python3.8/site-packages/airflow/example_dags/example_branch_operator.py
[2024-02-14T16:11:14.401+0000] {logging_mixin.py:188} INFO - [2024-02-14T16:11:14.401+0000] {dag.py:3033} INFO - Sync 1 DAGs
[2024-02-14T16:11:14.414+0000] {logging_mixin.py:188} INFO - [2024-02-14T16:11:14.414+0000] {dag.py:3820} INFO - Setting next_dagrun for example_branch_operator to 2024-02-13T00:00:00+00:00, run_after=2024-02-14T00:00:00+00:00
[2024-02-14T16:11:14.425+0000] {processor.py:183} INFO - Processing /home/airflow/.local/lib/python3.8/site-packages/airflow/example_dags/example_branch_operator.py took 0.053 seconds
[2024-02-14T16:11:44.671+0000] {processor.py:161} INFO - Started process (PID=1063) to work on /home/airflow/.local/lib/python3.8/site-packages/airflow/example_dags/example_branch_operator.py
[2024-02-14T16:11:44.672+0000] {processor.py:830} INFO - Processing file /home/airflow/.local/lib/python3.8/site-packages/airflow/example_dags/example_branch_operator.py for tasks to queue
[2024-02-14T16:11:44.673+0000] {logging_mixin.py:188} INFO - [2024-02-14T16:11:44.673+0000] {dagbag.py:538} INFO - Filling up the DagBag from /home/airflow/.local/lib/python3.8/site-packages/airflow/example_dags/example_branch_operator.py
[2024-02-14T16:11:44.682+0000] {processor.py:840} INFO - DAG(s) 'example_branch_operator' retrieved from /home/airflow/.local/lib/python3.8/site-packages/airflow/example_dags/example_branch_operator.py
[2024-02-14T16:11:44.698+0000] {logging_mixin.py:188} INFO - [2024-02-14T16:11:44.698+0000] {dag.py:3033} INFO - Sync 1 DAGs
[2024-02-14T16:11:44.710+0000] {logging_mixin.py:188} INFO - [2024-02-14T16:11:44.710+0000] {dag.py:3820} INFO - Setting next_dagrun for example_branch_operator to 2024-02-13T00:00:00+00:00, run_after=2024-02-14T00:00:00+00:00
[2024-02-14T16:11:44.721+0000] {processor.py:183} INFO - Processing /home/airflow/.local/lib/python3.8/site-packages/airflow/example_dags/example_branch_operator.py took 0.052 seconds
[2024-02-14T16:12:14.877+0000] {processor.py:161} INFO - Started process (PID=1119) to work on /home/airflow/.local/lib/python3.8/site-packages/airflow/example_dags/example_branch_operator.py
[2024-02-14T16:12:14.878+0000] {processor.py:830} INFO - Processing file /home/airflow/.local/lib/python3.8/site-packages/airflow/example_dags/example_branch_operator.py for tasks to queue
[2024-02-14T16:12:14.880+0000] {logging_mixin.py:188} INFO - [2024-02-14T16:12:14.880+0000] {dagbag.py:538} INFO - Filling up the DagBag from /home/airflow/.local/lib/python3.8/site-packages/airflow/example_dags/example_branch_operator.py
[2024-02-14T16:12:14.890+0000] {processor.py:840} INFO - DAG(s) 'example_branch_operator' retrieved from /home/airflow/.local/lib/python3.8/site-packages/airflow/example_dags/example_branch_operator.py
[2024-02-14T16:12:14.915+0000] {logging_mixin.py:188} INFO - [2024-02-14T16:12:14.915+0000] {dag.py:3033} INFO - Sync 1 DAGs
[2024-02-14T16:12:14.928+0000] {logging_mixin.py:188} INFO - [2024-02-14T16:12:14.928+0000] {dag.py:3820} INFO - Setting next_dagrun for example_branch_operator to 2024-02-13T00:00:00+00:00, run_after=2024-02-14T00:00:00+00:00
[2024-02-14T16:12:14.939+0000] {processor.py:183} INFO - Processing /home/airflow/.local/lib/python3.8/site-packages/airflow/example_dags/example_branch_operator.py took 0.063 seconds
[2024-02-14T16:12:45.072+0000] {processor.py:161} INFO - Started process (PID=1176) to work on /home/airflow/.local/lib/python3.8/site-packages/airflow/example_dags/example_branch_operator.py
[2024-02-14T16:12:45.072+0000] {processor.py:830} INFO - Processing file /home/airflow/.local/lib/python3.8/site-packages/airflow/example_dags/example_branch_operator.py for tasks to queue
[2024-02-14T16:12:45.074+0000] {logging_mixin.py:188} INFO - [2024-02-14T16:12:45.074+0000] {dagbag.py:538} INFO - Filling up the DagBag from /home/airflow/.local/lib/python3.8/site-packages/airflow/example_dags/example_branch_operator.py
[2024-02-14T16:12:45.083+0000] {processor.py:840} INFO - DAG(s) 'example_branch_operator' retrieved from /home/airflow/.local/lib/python3.8/site-packages/airflow/example_dags/example_branch_operator.py
[2024-02-14T16:12:45.099+0000] {logging_mixin.py:188} INFO - [2024-02-14T16:12:45.099+0000] {dag.py:3033} INFO - Sync 1 DAGs
[2024-02-14T16:12:45.112+0000] {logging_mixin.py:188} INFO - [2024-02-14T16:12:45.112+0000] {dag.py:3820} INFO - Setting next_dagrun for example_branch_operator to 2024-02-13T00:00:00+00:00, run_after=2024-02-14T00:00:00+00:00
[2024-02-14T16:12:45.121+0000] {processor.py:183} INFO - Processing /home/airflow/.local/lib/python3.8/site-packages/airflow/example_dags/example_branch_operator.py took 0.052 seconds
[2024-02-14T16:13:16.153+0000] {processor.py:161} INFO - Started process (PID=1233) to work on /home/airflow/.local/lib/python3.8/site-packages/airflow/example_dags/example_branch_operator.py
[2024-02-14T16:13:16.154+0000] {processor.py:830} INFO - Processing file /home/airflow/.local/lib/python3.8/site-packages/airflow/example_dags/example_branch_operator.py for tasks to queue
[2024-02-14T16:13:16.155+0000] {logging_mixin.py:188} INFO - [2024-02-14T16:13:16.155+0000] {dagbag.py:538} INFO - Filling up the DagBag from /home/airflow/.local/lib/python3.8/site-packages/airflow/example_dags/example_branch_operator.py
[2024-02-14T16:13:16.165+0000] {processor.py:840} INFO - DAG(s) 'example_branch_operator' retrieved from /home/airflow/.local/lib/python3.8/site-packages/airflow/example_dags/example_branch_operator.py
[2024-02-14T16:13:16.180+0000] {logging_mixin.py:188} INFO - [2024-02-14T16:13:16.179+0000] {dag.py:3033} INFO - Sync 1 DAGs
[2024-02-14T16:13:16.190+0000] {logging_mixin.py:188} INFO - [2024-02-14T16:13:16.190+0000] {dag.py:3820} INFO - Setting next_dagrun for example_branch_operator to 2024-02-13T00:00:00+00:00, run_after=2024-02-14T00:00:00+00:00
[2024-02-14T16:13:16.200+0000] {processor.py:183} INFO - Processing /home/airflow/.local/lib/python3.8/site-packages/airflow/example_dags/example_branch_operator.py took 0.049 seconds
[2024-02-14T16:13:46.488+0000] {processor.py:161} INFO - Started process (PID=1290) to work on /home/airflow/.local/lib/python3.8/site-packages/airflow/example_dags/example_branch_operator.py
[2024-02-14T16:13:46.489+0000] {processor.py:830} INFO - Processing file /home/airflow/.local/lib/python3.8/site-packages/airflow/example_dags/example_branch_operator.py for tasks to queue
[2024-02-14T16:13:46.490+0000] {logging_mixin.py:188} INFO - [2024-02-14T16:13:46.490+0000] {dagbag.py:538} INFO - Filling up the DagBag from /home/airflow/.local/lib/python3.8/site-packages/airflow/example_dags/example_branch_operator.py
[2024-02-14T16:13:46.500+0000] {processor.py:840} INFO - DAG(s) 'example_branch_operator' retrieved from /home/airflow/.local/lib/python3.8/site-packages/airflow/example_dags/example_branch_operator.py
[2024-02-14T16:13:46.515+0000] {logging_mixin.py:188} INFO - [2024-02-14T16:13:46.515+0000] {dag.py:3033} INFO - Sync 1 DAGs
[2024-02-14T16:13:46.527+0000] {logging_mixin.py:188} INFO - [2024-02-14T16:13:46.527+0000] {dag.py:3820} INFO - Setting next_dagrun for example_branch_operator to 2024-02-13T00:00:00+00:00, run_after=2024-02-14T00:00:00+00:00
[2024-02-14T16:13:46.538+0000] {processor.py:183} INFO - Processing /home/airflow/.local/lib/python3.8/site-packages/airflow/example_dags/example_branch_operator.py took 0.051 seconds
[2024-02-14T16:14:17.605+0000] {processor.py:161} INFO - Started process (PID=1347) to work on /home/airflow/.local/lib/python3.8/site-packages/airflow/example_dags/example_branch_operator.py
[2024-02-14T16:14:17.606+0000] {processor.py:830} INFO - Processing file /home/airflow/.local/lib/python3.8/site-packages/airflow/example_dags/example_branch_operator.py for tasks to queue
[2024-02-14T16:14:17.608+0000] {logging_mixin.py:188} INFO - [2024-02-14T16:14:17.607+0000] {dagbag.py:538} INFO - Filling up the DagBag from /home/airflow/.local/lib/python3.8/site-packages/airflow/example_dags/example_branch_operator.py
[2024-02-14T16:14:17.617+0000] {processor.py:840} INFO - DAG(s) 'example_branch_operator' retrieved from /home/airflow/.local/lib/python3.8/site-packages/airflow/example_dags/example_branch_operator.py
[2024-02-14T16:14:17.632+0000] {logging_mixin.py:188} INFO - [2024-02-14T16:14:17.632+0000] {dag.py:3033} INFO - Sync 1 DAGs
[2024-02-14T16:14:17.643+0000] {logging_mixin.py:188} INFO - [2024-02-14T16:14:17.643+0000] {dag.py:3820} INFO - Setting next_dagrun for example_branch_operator to 2024-02-13T00:00:00+00:00, run_after=2024-02-14T00:00:00+00:00
[2024-02-14T16:14:17.653+0000] {processor.py:183} INFO - Processing /home/airflow/.local/lib/python3.8/site-packages/airflow/example_dags/example_branch_operator.py took 0.050 seconds
[2024-02-14T16:14:47.790+0000] {processor.py:161} INFO - Started process (PID=1404) to work on /home/airflow/.local/lib/python3.8/site-packages/airflow/example_dags/example_branch_operator.py
[2024-02-14T16:14:47.790+0000] {processor.py:830} INFO - Processing file /home/airflow/.local/lib/python3.8/site-packages/airflow/example_dags/example_branch_operator.py for tasks to queue
[2024-02-14T16:14:47.792+0000] {logging_mixin.py:188} INFO - [2024-02-14T16:14:47.792+0000] {dagbag.py:538} INFO - Filling up the DagBag from /home/airflow/.local/lib/python3.8/site-packages/airflow/example_dags/example_branch_operator.py
[2024-02-14T16:14:47.801+0000] {processor.py:840} INFO - DAG(s) 'example_branch_operator' retrieved from /home/airflow/.local/lib/python3.8/site-packages/airflow/example_dags/example_branch_operator.py
[2024-02-14T16:14:47.816+0000] {logging_mixin.py:188} INFO - [2024-02-14T16:14:47.816+0000] {dag.py:3033} INFO - Sync 1 DAGs
[2024-02-14T16:14:47.828+0000] {logging_mixin.py:188} INFO - [2024-02-14T16:14:47.828+0000] {dag.py:3820} INFO - Setting next_dagrun for example_branch_operator to 2024-02-13T00:00:00+00:00, run_after=2024-02-14T00:00:00+00:00
[2024-02-14T16:14:47.839+0000] {processor.py:183} INFO - Processing /home/airflow/.local/lib/python3.8/site-packages/airflow/example_dags/example_branch_operator.py took 0.051 seconds
[2024-02-14T16:15:18.963+0000] {processor.py:161} INFO - Started process (PID=1460) to work on /home/airflow/.local/lib/python3.8/site-packages/airflow/example_dags/example_branch_operator.py
[2024-02-14T16:15:18.964+0000] {processor.py:830} INFO - Processing file /home/airflow/.local/lib/python3.8/site-packages/airflow/example_dags/example_branch_operator.py for tasks to queue
[2024-02-14T16:15:18.965+0000] {logging_mixin.py:188} INFO - [2024-02-14T16:15:18.965+0000] {dagbag.py:538} INFO - Filling up the DagBag from /home/airflow/.local/lib/python3.8/site-packages/airflow/example_dags/example_branch_operator.py
[2024-02-14T16:15:18.975+0000] {processor.py:840} INFO - DAG(s) 'example_branch_operator' retrieved from /home/airflow/.local/lib/python3.8/site-packages/airflow/example_dags/example_branch_operator.py
[2024-02-14T16:15:18.991+0000] {logging_mixin.py:188} INFO - [2024-02-14T16:15:18.990+0000] {dag.py:3033} INFO - Sync 1 DAGs
[2024-02-14T16:15:19.002+0000] {logging_mixin.py:188} INFO - [2024-02-14T16:15:19.002+0000] {dag.py:3820} INFO - Setting next_dagrun for example_branch_operator to 2024-02-13T00:00:00+00:00, run_after=2024-02-14T00:00:00+00:00
[2024-02-14T16:15:19.012+0000] {processor.py:183} INFO - Processing /home/airflow/.local/lib/python3.8/site-packages/airflow/example_dags/example_branch_operator.py took 0.051 seconds
[2024-02-14T16:15:49.379+0000] {processor.py:161} INFO - Started process (PID=1516) to work on /home/airflow/.local/lib/python3.8/site-packages/airflow/example_dags/example_branch_operator.py
[2024-02-14T16:15:49.380+0000] {processor.py:830} INFO - Processing file /home/airflow/.local/lib/python3.8/site-packages/airflow/example_dags/example_branch_operator.py for tasks to queue
[2024-02-14T16:15:49.381+0000] {logging_mixin.py:188} INFO - [2024-02-14T16:15:49.381+0000] {dagbag.py:538} INFO - Filling up the DagBag from /home/airflow/.local/lib/python3.8/site-packages/airflow/example_dags/example_branch_operator.py
[2024-02-14T16:15:49.392+0000] {processor.py:840} INFO - DAG(s) 'example_branch_operator' retrieved from /home/airflow/.local/lib/python3.8/site-packages/airflow/example_dags/example_branch_operator.py
[2024-02-14T16:15:49.408+0000] {logging_mixin.py:188} INFO - [2024-02-14T16:15:49.407+0000] {dag.py:3033} INFO - Sync 1 DAGs
[2024-02-14T16:15:49.422+0000] {logging_mixin.py:188} INFO - [2024-02-14T16:15:49.422+0000] {dag.py:3820} INFO - Setting next_dagrun for example_branch_operator to 2024-02-13T00:00:00+00:00, run_after=2024-02-14T00:00:00+00:00
[2024-02-14T16:15:49.431+0000] {processor.py:183} INFO - Processing /home/airflow/.local/lib/python3.8/site-packages/airflow/example_dags/example_branch_operator.py took 0.055 seconds
[2024-02-14T16:16:20.425+0000] {processor.py:161} INFO - Started process (PID=1573) to work on /home/airflow/.local/lib/python3.8/site-packages/airflow/example_dags/example_branch_operator.py
[2024-02-14T16:16:20.426+0000] {processor.py:830} INFO - Processing file /home/airflow/.local/lib/python3.8/site-packages/airflow/example_dags/example_branch_operator.py for tasks to queue
[2024-02-14T16:16:20.427+0000] {logging_mixin.py:188} INFO - [2024-02-14T16:16:20.427+0000] {dagbag.py:538} INFO - Filling up the DagBag from /home/airflow/.local/lib/python3.8/site-packages/airflow/example_dags/example_branch_operator.py
[2024-02-14T16:16:20.437+0000] {processor.py:840} INFO - DAG(s) 'example_branch_operator' retrieved from /home/airflow/.local/lib/python3.8/site-packages/airflow/example_dags/example_branch_operator.py
[2024-02-14T16:16:20.452+0000] {logging_mixin.py:188} INFO - [2024-02-14T16:16:20.452+0000] {dag.py:3033} INFO - Sync 1 DAGs
[2024-02-14T16:16:20.464+0000] {logging_mixin.py:188} INFO - [2024-02-14T16:16:20.464+0000] {dag.py:3820} INFO - Setting next_dagrun for example_branch_operator to 2024-02-13T00:00:00+00:00, run_after=2024-02-14T00:00:00+00:00
[2024-02-14T16:16:20.474+0000] {processor.py:183} INFO - Processing /home/airflow/.local/lib/python3.8/site-packages/airflow/example_dags/example_branch_operator.py took 0.051 seconds
[2024-02-14T16:16:51.474+0000] {processor.py:161} INFO - Started process (PID=1630) to work on /home/airflow/.local/lib/python3.8/site-packages/airflow/example_dags/example_branch_operator.py
[2024-02-14T16:16:51.475+0000] {processor.py:830} INFO - Processing file /home/airflow/.local/lib/python3.8/site-packages/airflow/example_dags/example_branch_operator.py for tasks to queue
[2024-02-14T16:16:51.477+0000] {logging_mixin.py:188} INFO - [2024-02-14T16:16:51.477+0000] {dagbag.py:538} INFO - Filling up the DagBag from /home/airflow/.local/lib/python3.8/site-packages/airflow/example_dags/example_branch_operator.py
[2024-02-14T16:16:51.486+0000] {processor.py:840} INFO - DAG(s) 'example_branch_operator' retrieved from /home/airflow/.local/lib/python3.8/site-packages/airflow/example_dags/example_branch_operator.py
[2024-02-14T16:16:51.501+0000] {logging_mixin.py:188} INFO - [2024-02-14T16:16:51.500+0000] {dag.py:3033} INFO - Sync 1 DAGs
[2024-02-14T16:16:51.512+0000] {logging_mixin.py:188} INFO - [2024-02-14T16:16:51.512+0000] {dag.py:3820} INFO - Setting next_dagrun for example_branch_operator to 2024-02-13T00:00:00+00:00, run_after=2024-02-14T00:00:00+00:00
[2024-02-14T16:16:51.521+0000] {processor.py:183} INFO - Processing /home/airflow/.local/lib/python3.8/site-packages/airflow/example_dags/example_branch_operator.py took 0.049 seconds
[2024-02-14T16:17:21.722+0000] {processor.py:161} INFO - Started process (PID=1687) to work on /home/airflow/.local/lib/python3.8/site-packages/airflow/example_dags/example_branch_operator.py
[2024-02-14T16:17:21.722+0000] {processor.py:830} INFO - Processing file /home/airflow/.local/lib/python3.8/site-packages/airflow/example_dags/example_branch_operator.py for tasks to queue
[2024-02-14T16:17:21.724+0000] {logging_mixin.py:188} INFO - [2024-02-14T16:17:21.724+0000] {dagbag.py:538} INFO - Filling up the DagBag from /home/airflow/.local/lib/python3.8/site-packages/airflow/example_dags/example_branch_operator.py
[2024-02-14T16:17:21.733+0000] {processor.py:840} INFO - DAG(s) 'example_branch_operator' retrieved from /home/airflow/.local/lib/python3.8/site-packages/airflow/example_dags/example_branch_operator.py
[2024-02-14T16:17:21.748+0000] {logging_mixin.py:188} INFO - [2024-02-14T16:17:21.748+0000] {dag.py:3033} INFO - Sync 1 DAGs
[2024-02-14T16:17:21.760+0000] {logging_mixin.py:188} INFO - [2024-02-14T16:17:21.760+0000] {dag.py:3820} INFO - Setting next_dagrun for example_branch_operator to 2024-02-13T00:00:00+00:00, run_after=2024-02-14T00:00:00+00:00
[2024-02-14T16:17:21.770+0000] {processor.py:183} INFO - Processing /home/airflow/.local/lib/python3.8/site-packages/airflow/example_dags/example_branch_operator.py took 0.050 seconds
[2024-02-14T16:17:51.965+0000] {processor.py:161} INFO - Started process (PID=1744) to work on /home/airflow/.local/lib/python3.8/site-packages/airflow/example_dags/example_branch_operator.py
[2024-02-14T16:17:51.966+0000] {processor.py:830} INFO - Processing file /home/airflow/.local/lib/python3.8/site-packages/airflow/example_dags/example_branch_operator.py for tasks to queue
[2024-02-14T16:17:51.967+0000] {logging_mixin.py:188} INFO - [2024-02-14T16:17:51.967+0000] {dagbag.py:538} INFO - Filling up the DagBag from /home/airflow/.local/lib/python3.8/site-packages/airflow/example_dags/example_branch_operator.py
[2024-02-14T16:17:51.977+0000] {processor.py:840} INFO - DAG(s) 'example_branch_operator' retrieved from /home/airflow/.local/lib/python3.8/site-packages/airflow/example_dags/example_branch_operator.py
[2024-02-14T16:17:51.992+0000] {logging_mixin.py:188} INFO - [2024-02-14T16:17:51.992+0000] {dag.py:3033} INFO - Sync 1 DAGs
[2024-02-14T16:17:52.004+0000] {logging_mixin.py:188} INFO - [2024-02-14T16:17:52.004+0000] {dag.py:3820} INFO - Setting next_dagrun for example_branch_operator to 2024-02-13T00:00:00+00:00, run_after=2024-02-14T00:00:00+00:00
[2024-02-14T16:17:52.013+0000] {processor.py:183} INFO - Processing /home/airflow/.local/lib/python3.8/site-packages/airflow/example_dags/example_branch_operator.py took 0.050 seconds
[2024-02-14T16:18:22.176+0000] {processor.py:161} INFO - Started process (PID=1801) to work on /home/airflow/.local/lib/python3.8/site-packages/airflow/example_dags/example_branch_operator.py
[2024-02-14T16:18:22.177+0000] {processor.py:830} INFO - Processing file /home/airflow/.local/lib/python3.8/site-packages/airflow/example_dags/example_branch_operator.py for tasks to queue
[2024-02-14T16:18:22.178+0000] {logging_mixin.py:188} INFO - [2024-02-14T16:18:22.178+0000] {dagbag.py:538} INFO - Filling up the DagBag from /home/airflow/.local/lib/python3.8/site-packages/airflow/example_dags/example_branch_operator.py
[2024-02-14T16:18:22.188+0000] {processor.py:840} INFO - DAG(s) 'example_branch_operator' retrieved from /home/airflow/.local/lib/python3.8/site-packages/airflow/example_dags/example_branch_operator.py
[2024-02-14T16:18:22.204+0000] {logging_mixin.py:188} INFO - [2024-02-14T16:18:22.204+0000] {dag.py:3033} INFO - Sync 1 DAGs
[2024-02-14T16:18:22.216+0000] {logging_mixin.py:188} INFO - [2024-02-14T16:18:22.216+0000] {dag.py:3820} INFO - Setting next_dagrun for example_branch_operator to 2024-02-13T00:00:00+00:00, run_after=2024-02-14T00:00:00+00:00
[2024-02-14T16:18:22.228+0000] {processor.py:183} INFO - Processing /home/airflow/.local/lib/python3.8/site-packages/airflow/example_dags/example_branch_operator.py took 0.053 seconds
[2024-02-14T16:18:52.401+0000] {processor.py:161} INFO - Started process (PID=1858) to work on /home/airflow/.local/lib/python3.8/site-packages/airflow/example_dags/example_branch_operator.py
[2024-02-14T16:18:52.402+0000] {processor.py:830} INFO - Processing file /home/airflow/.local/lib/python3.8/site-packages/airflow/example_dags/example_branch_operator.py for tasks to queue
[2024-02-14T16:18:52.403+0000] {logging_mixin.py:188} INFO - [2024-02-14T16:18:52.403+0000] {dagbag.py:538} INFO - Filling up the DagBag from /home/airflow/.local/lib/python3.8/site-packages/airflow/example_dags/example_branch_operator.py
[2024-02-14T16:18:52.413+0000] {processor.py:840} INFO - DAG(s) 'example_branch_operator' retrieved from /home/airflow/.local/lib/python3.8/site-packages/airflow/example_dags/example_branch_operator.py
[2024-02-14T16:18:52.428+0000] {logging_mixin.py:188} INFO - [2024-02-14T16:18:52.428+0000] {dag.py:3033} INFO - Sync 1 DAGs
[2024-02-14T16:18:52.441+0000] {logging_mixin.py:188} INFO - [2024-02-14T16:18:52.441+0000] {dag.py:3820} INFO - Setting next_dagrun for example_branch_operator to 2024-02-13T00:00:00+00:00, run_after=2024-02-14T00:00:00+00:00
[2024-02-14T16:18:52.547+0000] {processor.py:183} INFO - Processing /home/airflow/.local/lib/python3.8/site-packages/airflow/example_dags/example_branch_operator.py took 0.148 seconds
[2024-02-14T16:19:22.834+0000] {processor.py:161} INFO - Started process (PID=1915) to work on /home/airflow/.local/lib/python3.8/site-packages/airflow/example_dags/example_branch_operator.py
[2024-02-14T16:19:22.834+0000] {processor.py:830} INFO - Processing file /home/airflow/.local/lib/python3.8/site-packages/airflow/example_dags/example_branch_operator.py for tasks to queue
[2024-02-14T16:19:22.836+0000] {logging_mixin.py:188} INFO - [2024-02-14T16:19:22.836+0000] {dagbag.py:538} INFO - Filling up the DagBag from /home/airflow/.local/lib/python3.8/site-packages/airflow/example_dags/example_branch_operator.py
[2024-02-14T16:19:22.845+0000] {processor.py:840} INFO - DAG(s) 'example_branch_operator' retrieved from /home/airflow/.local/lib/python3.8/site-packages/airflow/example_dags/example_branch_operator.py
[2024-02-14T16:19:22.860+0000] {logging_mixin.py:188} INFO - [2024-02-14T16:19:22.860+0000] {dag.py:3033} INFO - Sync 1 DAGs
[2024-02-14T16:19:22.874+0000] {logging_mixin.py:188} INFO - [2024-02-14T16:19:22.874+0000] {dag.py:3820} INFO - Setting next_dagrun for example_branch_operator to 2024-02-13T00:00:00+00:00, run_after=2024-02-14T00:00:00+00:00
[2024-02-14T16:19:22.887+0000] {processor.py:183} INFO - Processing /home/airflow/.local/lib/python3.8/site-packages/airflow/example_dags/example_branch_operator.py took 0.056 seconds
[2024-02-14T16:19:52.975+0000] {processor.py:161} INFO - Started process (PID=1972) to work on /home/airflow/.local/lib/python3.8/site-packages/airflow/example_dags/example_branch_operator.py
[2024-02-14T16:19:52.976+0000] {processor.py:830} INFO - Processing file /home/airflow/.local/lib/python3.8/site-packages/airflow/example_dags/example_branch_operator.py for tasks to queue
[2024-02-14T16:19:52.977+0000] {logging_mixin.py:188} INFO - [2024-02-14T16:19:52.977+0000] {dagbag.py:538} INFO - Filling up the DagBag from /home/airflow/.local/lib/python3.8/site-packages/airflow/example_dags/example_branch_operator.py
[2024-02-14T16:19:52.987+0000] {processor.py:840} INFO - DAG(s) 'example_branch_operator' retrieved from /home/airflow/.local/lib/python3.8/site-packages/airflow/example_dags/example_branch_operator.py
[2024-02-14T16:19:53.003+0000] {logging_mixin.py:188} INFO - [2024-02-14T16:19:53.002+0000] {dag.py:3033} INFO - Sync 1 DAGs
[2024-02-14T16:19:53.015+0000] {logging_mixin.py:188} INFO - [2024-02-14T16:19:53.015+0000] {dag.py:3820} INFO - Setting next_dagrun for example_branch_operator to 2024-02-13T00:00:00+00:00, run_after=2024-02-14T00:00:00+00:00
[2024-02-14T16:19:53.024+0000] {processor.py:183} INFO - Processing /home/airflow/.local/lib/python3.8/site-packages/airflow/example_dags/example_branch_operator.py took 0.052 seconds
[2024-02-14T16:20:23.203+0000] {processor.py:161} INFO - Started process (PID=2029) to work on /home/airflow/.local/lib/python3.8/site-packages/airflow/example_dags/example_branch_operator.py
[2024-02-14T16:20:23.204+0000] {processor.py:830} INFO - Processing file /home/airflow/.local/lib/python3.8/site-packages/airflow/example_dags/example_branch_operator.py for tasks to queue
[2024-02-14T16:20:23.205+0000] {logging_mixin.py:188} INFO - [2024-02-14T16:20:23.205+0000] {dagbag.py:538} INFO - Filling up the DagBag from /home/airflow/.local/lib/python3.8/site-packages/airflow/example_dags/example_branch_operator.py
[2024-02-14T16:20:23.214+0000] {processor.py:840} INFO - DAG(s) 'example_branch_operator' retrieved from /home/airflow/.local/lib/python3.8/site-packages/airflow/example_dags/example_branch_operator.py
[2024-02-14T16:20:23.230+0000] {logging_mixin.py:188} INFO - [2024-02-14T16:20:23.229+0000] {dag.py:3033} INFO - Sync 1 DAGs
[2024-02-14T16:20:23.242+0000] {logging_mixin.py:188} INFO - [2024-02-14T16:20:23.241+0000] {dag.py:3820} INFO - Setting next_dagrun for example_branch_operator to 2024-02-13T00:00:00+00:00, run_after=2024-02-14T00:00:00+00:00
[2024-02-14T16:20:23.251+0000] {processor.py:183} INFO - Processing /home/airflow/.local/lib/python3.8/site-packages/airflow/example_dags/example_branch_operator.py took 0.051 seconds
[2024-02-14T16:20:53.596+0000] {processor.py:161} INFO - Started process (PID=2086) to work on /home/airflow/.local/lib/python3.8/site-packages/airflow/example_dags/example_branch_operator.py
[2024-02-14T16:20:53.596+0000] {processor.py:830} INFO - Processing file /home/airflow/.local/lib/python3.8/site-packages/airflow/example_dags/example_branch_operator.py for tasks to queue
[2024-02-14T16:20:53.598+0000] {logging_mixin.py:188} INFO - [2024-02-14T16:20:53.598+0000] {dagbag.py:538} INFO - Filling up the DagBag from /home/airflow/.local/lib/python3.8/site-packages/airflow/example_dags/example_branch_operator.py
[2024-02-14T16:20:53.608+0000] {processor.py:840} INFO - DAG(s) 'example_branch_operator' retrieved from /home/airflow/.local/lib/python3.8/site-packages/airflow/example_dags/example_branch_operator.py
[2024-02-14T16:20:53.625+0000] {logging_mixin.py:188} INFO - [2024-02-14T16:20:53.624+0000] {dag.py:3033} INFO - Sync 1 DAGs
[2024-02-14T16:20:53.637+0000] {logging_mixin.py:188} INFO - [2024-02-14T16:20:53.637+0000] {dag.py:3820} INFO - Setting next_dagrun for example_branch_operator to 2024-02-13T00:00:00+00:00, run_after=2024-02-14T00:00:00+00:00
[2024-02-14T16:20:53.647+0000] {processor.py:183} INFO - Processing /home/airflow/.local/lib/python3.8/site-packages/airflow/example_dags/example_branch_operator.py took 0.054 seconds
[2024-02-14T16:21:24.014+0000] {processor.py:161} INFO - Started process (PID=2143) to work on /home/airflow/.local/lib/python3.8/site-packages/airflow/example_dags/example_branch_operator.py
[2024-02-14T16:21:24.015+0000] {processor.py:830} INFO - Processing file /home/airflow/.local/lib/python3.8/site-packages/airflow/example_dags/example_branch_operator.py for tasks to queue
[2024-02-14T16:21:24.017+0000] {logging_mixin.py:188} INFO - [2024-02-14T16:21:24.017+0000] {dagbag.py:538} INFO - Filling up the DagBag from /home/airflow/.local/lib/python3.8/site-packages/airflow/example_dags/example_branch_operator.py
[2024-02-14T16:21:24.027+0000] {processor.py:840} INFO - DAG(s) 'example_branch_operator' retrieved from /home/airflow/.local/lib/python3.8/site-packages/airflow/example_dags/example_branch_operator.py
[2024-02-14T16:21:24.042+0000] {logging_mixin.py:188} INFO - [2024-02-14T16:21:24.042+0000] {dag.py:3033} INFO - Sync 1 DAGs
[2024-02-14T16:21:24.055+0000] {logging_mixin.py:188} INFO - [2024-02-14T16:21:24.054+0000] {dag.py:3820} INFO - Setting next_dagrun for example_branch_operator to 2024-02-13T00:00:00+00:00, run_after=2024-02-14T00:00:00+00:00
[2024-02-14T16:21:24.066+0000] {processor.py:183} INFO - Processing /home/airflow/.local/lib/python3.8/site-packages/airflow/example_dags/example_branch_operator.py took 0.054 seconds
[2024-02-14T16:21:54.466+0000] {processor.py:161} INFO - Started process (PID=2199) to work on /home/airflow/.local/lib/python3.8/site-packages/airflow/example_dags/example_branch_operator.py
[2024-02-14T16:21:54.466+0000] {processor.py:830} INFO - Processing file /home/airflow/.local/lib/python3.8/site-packages/airflow/example_dags/example_branch_operator.py for tasks to queue
[2024-02-14T16:21:54.467+0000] {logging_mixin.py:188} INFO - [2024-02-14T16:21:54.467+0000] {dagbag.py:538} INFO - Filling up the DagBag from /home/airflow/.local/lib/python3.8/site-packages/airflow/example_dags/example_branch_operator.py
[2024-02-14T16:21:54.477+0000] {processor.py:840} INFO - DAG(s) 'example_branch_operator' retrieved from /home/airflow/.local/lib/python3.8/site-packages/airflow/example_dags/example_branch_operator.py
[2024-02-14T16:21:54.493+0000] {logging_mixin.py:188} INFO - [2024-02-14T16:21:54.493+0000] {dag.py:3033} INFO - Sync 1 DAGs
[2024-02-14T16:21:54.505+0000] {logging_mixin.py:188} INFO - [2024-02-14T16:21:54.505+0000] {dag.py:3820} INFO - Setting next_dagrun for example_branch_operator to 2024-02-13T00:00:00+00:00, run_after=2024-02-14T00:00:00+00:00
[2024-02-14T16:21:54.515+0000] {processor.py:183} INFO - Processing /home/airflow/.local/lib/python3.8/site-packages/airflow/example_dags/example_branch_operator.py took 0.051 seconds
[2024-02-14T16:22:25.560+0000] {processor.py:161} INFO - Started process (PID=2256) to work on /home/airflow/.local/lib/python3.8/site-packages/airflow/example_dags/example_branch_operator.py
[2024-02-14T16:22:25.561+0000] {processor.py:830} INFO - Processing file /home/airflow/.local/lib/python3.8/site-packages/airflow/example_dags/example_branch_operator.py for tasks to queue
[2024-02-14T16:22:25.562+0000] {logging_mixin.py:188} INFO - [2024-02-14T16:22:25.562+0000] {dagbag.py:538} INFO - Filling up the DagBag from /home/airflow/.local/lib/python3.8/site-packages/airflow/example_dags/example_branch_operator.py
[2024-02-14T16:22:25.573+0000] {processor.py:840} INFO - DAG(s) 'example_branch_operator' retrieved from /home/airflow/.local/lib/python3.8/site-packages/airflow/example_dags/example_branch_operator.py
[2024-02-14T16:22:25.590+0000] {logging_mixin.py:188} INFO - [2024-02-14T16:22:25.590+0000] {dag.py:3033} INFO - Sync 1 DAGs
[2024-02-14T16:22:25.603+0000] {logging_mixin.py:188} INFO - [2024-02-14T16:22:25.603+0000] {dag.py:3820} INFO - Setting next_dagrun for example_branch_operator to 2024-02-13T00:00:00+00:00, run_after=2024-02-14T00:00:00+00:00
[2024-02-14T16:22:25.614+0000] {processor.py:183} INFO - Processing /home/airflow/.local/lib/python3.8/site-packages/airflow/example_dags/example_branch_operator.py took 0.057 seconds
[2024-02-14T16:22:56.530+0000] {processor.py:161} INFO - Started process (PID=2313) to work on /home/airflow/.local/lib/python3.8/site-packages/airflow/example_dags/example_branch_operator.py
[2024-02-14T16:22:56.531+0000] {processor.py:830} INFO - Processing file /home/airflow/.local/lib/python3.8/site-packages/airflow/example_dags/example_branch_operator.py for tasks to queue
[2024-02-14T16:22:56.532+0000] {logging_mixin.py:188} INFO - [2024-02-14T16:22:56.532+0000] {dagbag.py:538} INFO - Filling up the DagBag from /home/airflow/.local/lib/python3.8/site-packages/airflow/example_dags/example_branch_operator.py
[2024-02-14T16:22:56.635+0000] {processor.py:840} INFO - DAG(s) 'example_branch_operator' retrieved from /home/airflow/.local/lib/python3.8/site-packages/airflow/example_dags/example_branch_operator.py
[2024-02-14T16:22:56.647+0000] {logging_mixin.py:188} INFO - [2024-02-14T16:22:56.647+0000] {dag.py:3033} INFO - Sync 1 DAGs
[2024-02-14T16:22:56.657+0000] {logging_mixin.py:188} INFO - [2024-02-14T16:22:56.657+0000] {dag.py:3820} INFO - Setting next_dagrun for example_branch_operator to 2024-02-13T00:00:00+00:00, run_after=2024-02-14T00:00:00+00:00
[2024-02-14T16:22:56.666+0000] {processor.py:183} INFO - Processing /home/airflow/.local/lib/python3.8/site-packages/airflow/example_dags/example_branch_operator.py took 0.138 seconds
[2024-02-14T16:23:27.010+0000] {processor.py:161} INFO - Started process (PID=2370) to work on /home/airflow/.local/lib/python3.8/site-packages/airflow/example_dags/example_branch_operator.py
[2024-02-14T16:23:27.010+0000] {processor.py:830} INFO - Processing file /home/airflow/.local/lib/python3.8/site-packages/airflow/example_dags/example_branch_operator.py for tasks to queue
[2024-02-14T16:23:27.012+0000] {logging_mixin.py:188} INFO - [2024-02-14T16:23:27.012+0000] {dagbag.py:538} INFO - Filling up the DagBag from /home/airflow/.local/lib/python3.8/site-packages/airflow/example_dags/example_branch_operator.py
[2024-02-14T16:23:27.022+0000] {processor.py:840} INFO - DAG(s) 'example_branch_operator' retrieved from /home/airflow/.local/lib/python3.8/site-packages/airflow/example_dags/example_branch_operator.py
[2024-02-14T16:23:27.037+0000] {logging_mixin.py:188} INFO - [2024-02-14T16:23:27.037+0000] {dag.py:3033} INFO - Sync 1 DAGs
[2024-02-14T16:23:27.049+0000] {logging_mixin.py:188} INFO - [2024-02-14T16:23:27.049+0000] {dag.py:3820} INFO - Setting next_dagrun for example_branch_operator to 2024-02-13T00:00:00+00:00, run_after=2024-02-14T00:00:00+00:00
[2024-02-14T16:23:27.059+0000] {processor.py:183} INFO - Processing /home/airflow/.local/lib/python3.8/site-packages/airflow/example_dags/example_branch_operator.py took 0.051 seconds
[2024-02-14T16:23:57.381+0000] {processor.py:161} INFO - Started process (PID=2427) to work on /home/airflow/.local/lib/python3.8/site-packages/airflow/example_dags/example_branch_operator.py
[2024-02-14T16:23:57.381+0000] {processor.py:830} INFO - Processing file /home/airflow/.local/lib/python3.8/site-packages/airflow/example_dags/example_branch_operator.py for tasks to queue
[2024-02-14T16:23:57.383+0000] {logging_mixin.py:188} INFO - [2024-02-14T16:23:57.383+0000] {dagbag.py:538} INFO - Filling up the DagBag from /home/airflow/.local/lib/python3.8/site-packages/airflow/example_dags/example_branch_operator.py
[2024-02-14T16:23:57.393+0000] {processor.py:840} INFO - DAG(s) 'example_branch_operator' retrieved from /home/airflow/.local/lib/python3.8/site-packages/airflow/example_dags/example_branch_operator.py
[2024-02-14T16:23:57.407+0000] {logging_mixin.py:188} INFO - [2024-02-14T16:23:57.407+0000] {dag.py:3033} INFO - Sync 1 DAGs
[2024-02-14T16:23:57.418+0000] {logging_mixin.py:188} INFO - [2024-02-14T16:23:57.418+0000] {dag.py:3820} INFO - Setting next_dagrun for example_branch_operator to 2024-02-13T00:00:00+00:00, run_after=2024-02-14T00:00:00+00:00
[2024-02-14T16:23:57.427+0000] {processor.py:183} INFO - Processing /home/airflow/.local/lib/python3.8/site-packages/airflow/example_dags/example_branch_operator.py took 0.048 seconds
[2024-02-14T16:24:27.589+0000] {processor.py:161} INFO - Started process (PID=2484) to work on /home/airflow/.local/lib/python3.8/site-packages/airflow/example_dags/example_branch_operator.py
[2024-02-14T16:24:27.590+0000] {processor.py:830} INFO - Processing file /home/airflow/.local/lib/python3.8/site-packages/airflow/example_dags/example_branch_operator.py for tasks to queue
[2024-02-14T16:24:27.592+0000] {logging_mixin.py:188} INFO - [2024-02-14T16:24:27.591+0000] {dagbag.py:538} INFO - Filling up the DagBag from /home/airflow/.local/lib/python3.8/site-packages/airflow/example_dags/example_branch_operator.py
[2024-02-14T16:24:27.602+0000] {processor.py:840} INFO - DAG(s) 'example_branch_operator' retrieved from /home/airflow/.local/lib/python3.8/site-packages/airflow/example_dags/example_branch_operator.py
[2024-02-14T16:24:27.616+0000] {logging_mixin.py:188} INFO - [2024-02-14T16:24:27.616+0000] {dag.py:3033} INFO - Sync 1 DAGs
[2024-02-14T16:24:27.627+0000] {logging_mixin.py:188} INFO - [2024-02-14T16:24:27.627+0000] {dag.py:3820} INFO - Setting next_dagrun for example_branch_operator to 2024-02-13T00:00:00+00:00, run_after=2024-02-14T00:00:00+00:00
[2024-02-14T16:24:27.636+0000] {processor.py:183} INFO - Processing /home/airflow/.local/lib/python3.8/site-packages/airflow/example_dags/example_branch_operator.py took 0.049 seconds
