[2024-02-14T16:03:08.616+0000] {processor.py:161} INFO - Started process (PID=89) to work on /home/airflow/.local/lib/python3.8/site-packages/airflow/example_dags/example_sensors.py
[2024-02-14T16:03:08.618+0000] {processor.py:830} INFO - Processing file /home/airflow/.local/lib/python3.8/site-packages/airflow/example_dags/example_sensors.py for tasks to queue
[2024-02-14T16:03:08.621+0000] {logging_mixin.py:188} INFO - [2024-02-14T16:03:08.621+0000] {dagbag.py:538} INFO - Filling up the DagBag from /home/airflow/.local/lib/python3.8/site-packages/airflow/example_dags/example_sensors.py
[2024-02-14T16:03:08.630+0000] {processor.py:840} INFO - DAG(s) 'example_sensors' retrieved from /home/airflow/.local/lib/python3.8/site-packages/airflow/example_dags/example_sensors.py
[2024-02-14T16:03:08.642+0000] {logging_mixin.py:188} INFO - [2024-02-14T16:03:08.642+0000] {dag.py:3033} INFO - Sync 1 DAGs
[2024-02-14T16:03:08.652+0000] {logging_mixin.py:188} INFO - [2024-02-14T16:03:08.652+0000] {dag.py:3820} INFO - Setting next_dagrun for example_sensors to None, run_after=None
[2024-02-14T16:03:08.665+0000] {processor.py:183} INFO - Processing /home/airflow/.local/lib/python3.8/site-packages/airflow/example_dags/example_sensors.py took 0.053 seconds
[2024-02-14T16:03:39.293+0000] {processor.py:161} INFO - Started process (PID=146) to work on /home/airflow/.local/lib/python3.8/site-packages/airflow/example_dags/example_sensors.py
[2024-02-14T16:03:39.293+0000] {processor.py:830} INFO - Processing file /home/airflow/.local/lib/python3.8/site-packages/airflow/example_dags/example_sensors.py for tasks to queue
[2024-02-14T16:03:39.295+0000] {logging_mixin.py:188} INFO - [2024-02-14T16:03:39.294+0000] {dagbag.py:538} INFO - Filling up the DagBag from /home/airflow/.local/lib/python3.8/site-packages/airflow/example_dags/example_sensors.py
[2024-02-14T16:03:39.300+0000] {processor.py:840} INFO - DAG(s) 'example_sensors' retrieved from /home/airflow/.local/lib/python3.8/site-packages/airflow/example_dags/example_sensors.py
[2024-02-14T16:03:39.354+0000] {logging_mixin.py:188} INFO - [2024-02-14T16:03:39.353+0000] {dag.py:3033} INFO - Sync 1 DAGs
[2024-02-14T16:03:39.359+0000] {logging_mixin.py:188} INFO - [2024-02-14T16:03:39.359+0000] {dag.py:3820} INFO - Setting next_dagrun for example_sensors to None, run_after=None
[2024-02-14T16:03:39.368+0000] {processor.py:183} INFO - Processing /home/airflow/.local/lib/python3.8/site-packages/airflow/example_dags/example_sensors.py took 0.078 seconds
[2024-02-14T16:04:09.459+0000] {processor.py:161} INFO - Started process (PID=203) to work on /home/airflow/.local/lib/python3.8/site-packages/airflow/example_dags/example_sensors.py
[2024-02-14T16:04:09.460+0000] {processor.py:830} INFO - Processing file /home/airflow/.local/lib/python3.8/site-packages/airflow/example_dags/example_sensors.py for tasks to queue
[2024-02-14T16:04:09.461+0000] {logging_mixin.py:188} INFO - [2024-02-14T16:04:09.461+0000] {dagbag.py:538} INFO - Filling up the DagBag from /home/airflow/.local/lib/python3.8/site-packages/airflow/example_dags/example_sensors.py
[2024-02-14T16:04:09.467+0000] {processor.py:840} INFO - DAG(s) 'example_sensors' retrieved from /home/airflow/.local/lib/python3.8/site-packages/airflow/example_dags/example_sensors.py
[2024-02-14T16:04:09.482+0000] {logging_mixin.py:188} INFO - [2024-02-14T16:04:09.482+0000] {dag.py:3033} INFO - Sync 1 DAGs
[2024-02-14T16:04:09.489+0000] {logging_mixin.py:188} INFO - [2024-02-14T16:04:09.489+0000] {dag.py:3820} INFO - Setting next_dagrun for example_sensors to None, run_after=None
[2024-02-14T16:04:09.498+0000] {processor.py:183} INFO - Processing /home/airflow/.local/lib/python3.8/site-packages/airflow/example_dags/example_sensors.py took 0.042 seconds
[2024-02-14T16:04:39.789+0000] {processor.py:161} INFO - Started process (PID=260) to work on /home/airflow/.local/lib/python3.8/site-packages/airflow/example_dags/example_sensors.py
[2024-02-14T16:04:39.790+0000] {processor.py:830} INFO - Processing file /home/airflow/.local/lib/python3.8/site-packages/airflow/example_dags/example_sensors.py for tasks to queue
[2024-02-14T16:04:39.791+0000] {logging_mixin.py:188} INFO - [2024-02-14T16:04:39.791+0000] {dagbag.py:538} INFO - Filling up the DagBag from /home/airflow/.local/lib/python3.8/site-packages/airflow/example_dags/example_sensors.py
[2024-02-14T16:04:39.797+0000] {processor.py:840} INFO - DAG(s) 'example_sensors' retrieved from /home/airflow/.local/lib/python3.8/site-packages/airflow/example_dags/example_sensors.py
[2024-02-14T16:04:39.811+0000] {logging_mixin.py:188} INFO - [2024-02-14T16:04:39.811+0000] {dag.py:3033} INFO - Sync 1 DAGs
[2024-02-14T16:04:39.818+0000] {logging_mixin.py:188} INFO - [2024-02-14T16:04:39.818+0000] {dag.py:3820} INFO - Setting next_dagrun for example_sensors to None, run_after=None
[2024-02-14T16:04:39.829+0000] {processor.py:183} INFO - Processing /home/airflow/.local/lib/python3.8/site-packages/airflow/example_dags/example_sensors.py took 0.042 seconds
[2024-02-14T16:05:10.030+0000] {processor.py:161} INFO - Started process (PID=317) to work on /home/airflow/.local/lib/python3.8/site-packages/airflow/example_dags/example_sensors.py
[2024-02-14T16:05:10.031+0000] {processor.py:830} INFO - Processing file /home/airflow/.local/lib/python3.8/site-packages/airflow/example_dags/example_sensors.py for tasks to queue
[2024-02-14T16:05:10.032+0000] {logging_mixin.py:188} INFO - [2024-02-14T16:05:10.032+0000] {dagbag.py:538} INFO - Filling up the DagBag from /home/airflow/.local/lib/python3.8/site-packages/airflow/example_dags/example_sensors.py
[2024-02-14T16:05:10.039+0000] {processor.py:840} INFO - DAG(s) 'example_sensors' retrieved from /home/airflow/.local/lib/python3.8/site-packages/airflow/example_dags/example_sensors.py
[2024-02-14T16:05:10.054+0000] {logging_mixin.py:188} INFO - [2024-02-14T16:05:10.054+0000] {dag.py:3033} INFO - Sync 1 DAGs
[2024-02-14T16:05:10.060+0000] {logging_mixin.py:188} INFO - [2024-02-14T16:05:10.060+0000] {dag.py:3820} INFO - Setting next_dagrun for example_sensors to None, run_after=None
[2024-02-14T16:05:10.070+0000] {processor.py:183} INFO - Processing /home/airflow/.local/lib/python3.8/site-packages/airflow/example_dags/example_sensors.py took 0.042 seconds
[2024-02-14T16:05:40.189+0000] {processor.py:161} INFO - Started process (PID=374) to work on /home/airflow/.local/lib/python3.8/site-packages/airflow/example_dags/example_sensors.py
[2024-02-14T16:05:40.189+0000] {processor.py:830} INFO - Processing file /home/airflow/.local/lib/python3.8/site-packages/airflow/example_dags/example_sensors.py for tasks to queue
[2024-02-14T16:05:40.191+0000] {logging_mixin.py:188} INFO - [2024-02-14T16:05:40.191+0000] {dagbag.py:538} INFO - Filling up the DagBag from /home/airflow/.local/lib/python3.8/site-packages/airflow/example_dags/example_sensors.py
[2024-02-14T16:05:40.196+0000] {processor.py:840} INFO - DAG(s) 'example_sensors' retrieved from /home/airflow/.local/lib/python3.8/site-packages/airflow/example_dags/example_sensors.py
[2024-02-14T16:05:40.211+0000] {logging_mixin.py:188} INFO - [2024-02-14T16:05:40.210+0000] {dag.py:3033} INFO - Sync 1 DAGs
[2024-02-14T16:05:40.217+0000] {logging_mixin.py:188} INFO - [2024-02-14T16:05:40.217+0000] {dag.py:3820} INFO - Setting next_dagrun for example_sensors to None, run_after=None
[2024-02-14T16:05:40.227+0000] {processor.py:183} INFO - Processing /home/airflow/.local/lib/python3.8/site-packages/airflow/example_dags/example_sensors.py took 0.040 seconds
[2024-02-14T16:06:10.472+0000] {processor.py:161} INFO - Started process (PID=431) to work on /home/airflow/.local/lib/python3.8/site-packages/airflow/example_dags/example_sensors.py
[2024-02-14T16:06:10.473+0000] {processor.py:830} INFO - Processing file /home/airflow/.local/lib/python3.8/site-packages/airflow/example_dags/example_sensors.py for tasks to queue
[2024-02-14T16:06:10.475+0000] {logging_mixin.py:188} INFO - [2024-02-14T16:06:10.475+0000] {dagbag.py:538} INFO - Filling up the DagBag from /home/airflow/.local/lib/python3.8/site-packages/airflow/example_dags/example_sensors.py
[2024-02-14T16:06:10.480+0000] {processor.py:840} INFO - DAG(s) 'example_sensors' retrieved from /home/airflow/.local/lib/python3.8/site-packages/airflow/example_dags/example_sensors.py
[2024-02-14T16:06:10.494+0000] {logging_mixin.py:188} INFO - [2024-02-14T16:06:10.494+0000] {dag.py:3033} INFO - Sync 1 DAGs
[2024-02-14T16:06:10.500+0000] {logging_mixin.py:188} INFO - [2024-02-14T16:06:10.500+0000] {dag.py:3820} INFO - Setting next_dagrun for example_sensors to None, run_after=None
[2024-02-14T16:06:10.508+0000] {processor.py:183} INFO - Processing /home/airflow/.local/lib/python3.8/site-packages/airflow/example_dags/example_sensors.py took 0.038 seconds
[2024-02-14T16:06:40.556+0000] {processor.py:161} INFO - Started process (PID=488) to work on /home/airflow/.local/lib/python3.8/site-packages/airflow/example_dags/example_sensors.py
[2024-02-14T16:06:40.557+0000] {processor.py:830} INFO - Processing file /home/airflow/.local/lib/python3.8/site-packages/airflow/example_dags/example_sensors.py for tasks to queue
[2024-02-14T16:06:40.558+0000] {logging_mixin.py:188} INFO - [2024-02-14T16:06:40.558+0000] {dagbag.py:538} INFO - Filling up the DagBag from /home/airflow/.local/lib/python3.8/site-packages/airflow/example_dags/example_sensors.py
[2024-02-14T16:06:40.563+0000] {processor.py:840} INFO - DAG(s) 'example_sensors' retrieved from /home/airflow/.local/lib/python3.8/site-packages/airflow/example_dags/example_sensors.py
[2024-02-14T16:06:40.576+0000] {logging_mixin.py:188} INFO - [2024-02-14T16:06:40.576+0000] {dag.py:3033} INFO - Sync 1 DAGs
[2024-02-14T16:06:40.582+0000] {logging_mixin.py:188} INFO - [2024-02-14T16:06:40.582+0000] {dag.py:3820} INFO - Setting next_dagrun for example_sensors to None, run_after=None
[2024-02-14T16:06:40.591+0000] {processor.py:183} INFO - Processing /home/airflow/.local/lib/python3.8/site-packages/airflow/example_dags/example_sensors.py took 0.036 seconds
[2024-02-14T16:07:10.758+0000] {processor.py:161} INFO - Started process (PID=545) to work on /home/airflow/.local/lib/python3.8/site-packages/airflow/example_dags/example_sensors.py
[2024-02-14T16:07:10.759+0000] {processor.py:830} INFO - Processing file /home/airflow/.local/lib/python3.8/site-packages/airflow/example_dags/example_sensors.py for tasks to queue
[2024-02-14T16:07:10.760+0000] {logging_mixin.py:188} INFO - [2024-02-14T16:07:10.760+0000] {dagbag.py:538} INFO - Filling up the DagBag from /home/airflow/.local/lib/python3.8/site-packages/airflow/example_dags/example_sensors.py
[2024-02-14T16:07:10.765+0000] {processor.py:840} INFO - DAG(s) 'example_sensors' retrieved from /home/airflow/.local/lib/python3.8/site-packages/airflow/example_dags/example_sensors.py
[2024-02-14T16:07:10.779+0000] {logging_mixin.py:188} INFO - [2024-02-14T16:07:10.779+0000] {dag.py:3033} INFO - Sync 1 DAGs
[2024-02-14T16:07:10.786+0000] {logging_mixin.py:188} INFO - [2024-02-14T16:07:10.786+0000] {dag.py:3820} INFO - Setting next_dagrun for example_sensors to None, run_after=None
[2024-02-14T16:07:10.795+0000] {processor.py:183} INFO - Processing /home/airflow/.local/lib/python3.8/site-packages/airflow/example_dags/example_sensors.py took 0.039 seconds
[2024-02-14T16:07:41.070+0000] {processor.py:161} INFO - Started process (PID=602) to work on /home/airflow/.local/lib/python3.8/site-packages/airflow/example_dags/example_sensors.py
[2024-02-14T16:07:41.070+0000] {processor.py:830} INFO - Processing file /home/airflow/.local/lib/python3.8/site-packages/airflow/example_dags/example_sensors.py for tasks to queue
[2024-02-14T16:07:41.072+0000] {logging_mixin.py:188} INFO - [2024-02-14T16:07:41.072+0000] {dagbag.py:538} INFO - Filling up the DagBag from /home/airflow/.local/lib/python3.8/site-packages/airflow/example_dags/example_sensors.py
[2024-02-14T16:07:41.078+0000] {processor.py:840} INFO - DAG(s) 'example_sensors' retrieved from /home/airflow/.local/lib/python3.8/site-packages/airflow/example_dags/example_sensors.py
[2024-02-14T16:07:41.093+0000] {logging_mixin.py:188} INFO - [2024-02-14T16:07:41.092+0000] {dag.py:3033} INFO - Sync 1 DAGs
[2024-02-14T16:07:41.099+0000] {logging_mixin.py:188} INFO - [2024-02-14T16:07:41.099+0000] {dag.py:3820} INFO - Setting next_dagrun for example_sensors to None, run_after=None
[2024-02-14T16:07:41.108+0000] {processor.py:183} INFO - Processing /home/airflow/.local/lib/python3.8/site-packages/airflow/example_dags/example_sensors.py took 0.041 seconds
[2024-02-14T16:08:11.332+0000] {processor.py:161} INFO - Started process (PID=659) to work on /home/airflow/.local/lib/python3.8/site-packages/airflow/example_dags/example_sensors.py
[2024-02-14T16:08:11.333+0000] {processor.py:830} INFO - Processing file /home/airflow/.local/lib/python3.8/site-packages/airflow/example_dags/example_sensors.py for tasks to queue
[2024-02-14T16:08:11.334+0000] {logging_mixin.py:188} INFO - [2024-02-14T16:08:11.334+0000] {dagbag.py:538} INFO - Filling up the DagBag from /home/airflow/.local/lib/python3.8/site-packages/airflow/example_dags/example_sensors.py
[2024-02-14T16:08:11.340+0000] {processor.py:840} INFO - DAG(s) 'example_sensors' retrieved from /home/airflow/.local/lib/python3.8/site-packages/airflow/example_dags/example_sensors.py
[2024-02-14T16:08:11.354+0000] {logging_mixin.py:188} INFO - [2024-02-14T16:08:11.354+0000] {dag.py:3033} INFO - Sync 1 DAGs
[2024-02-14T16:08:11.360+0000] {logging_mixin.py:188} INFO - [2024-02-14T16:08:11.360+0000] {dag.py:3820} INFO - Setting next_dagrun for example_sensors to None, run_after=None
[2024-02-14T16:08:11.371+0000] {processor.py:183} INFO - Processing /home/airflow/.local/lib/python3.8/site-packages/airflow/example_dags/example_sensors.py took 0.041 seconds
[2024-02-14T16:08:41.478+0000] {processor.py:161} INFO - Started process (PID=716) to work on /home/airflow/.local/lib/python3.8/site-packages/airflow/example_dags/example_sensors.py
[2024-02-14T16:08:41.479+0000] {processor.py:830} INFO - Processing file /home/airflow/.local/lib/python3.8/site-packages/airflow/example_dags/example_sensors.py for tasks to queue
[2024-02-14T16:08:41.480+0000] {logging_mixin.py:188} INFO - [2024-02-14T16:08:41.480+0000] {dagbag.py:538} INFO - Filling up the DagBag from /home/airflow/.local/lib/python3.8/site-packages/airflow/example_dags/example_sensors.py
[2024-02-14T16:08:41.486+0000] {processor.py:840} INFO - DAG(s) 'example_sensors' retrieved from /home/airflow/.local/lib/python3.8/site-packages/airflow/example_dags/example_sensors.py
[2024-02-14T16:08:41.500+0000] {logging_mixin.py:188} INFO - [2024-02-14T16:08:41.500+0000] {dag.py:3033} INFO - Sync 1 DAGs
[2024-02-14T16:08:41.507+0000] {logging_mixin.py:188} INFO - [2024-02-14T16:08:41.507+0000] {dag.py:3820} INFO - Setting next_dagrun for example_sensors to None, run_after=None
[2024-02-14T16:08:41.517+0000] {processor.py:183} INFO - Processing /home/airflow/.local/lib/python3.8/site-packages/airflow/example_dags/example_sensors.py took 0.042 seconds
[2024-02-14T16:09:12.595+0000] {processor.py:161} INFO - Started process (PID=773) to work on /home/airflow/.local/lib/python3.8/site-packages/airflow/example_dags/example_sensors.py
[2024-02-14T16:09:12.596+0000] {processor.py:830} INFO - Processing file /home/airflow/.local/lib/python3.8/site-packages/airflow/example_dags/example_sensors.py for tasks to queue
[2024-02-14T16:09:12.598+0000] {logging_mixin.py:188} INFO - [2024-02-14T16:09:12.597+0000] {dagbag.py:538} INFO - Filling up the DagBag from /home/airflow/.local/lib/python3.8/site-packages/airflow/example_dags/example_sensors.py
[2024-02-14T16:09:12.603+0000] {processor.py:840} INFO - DAG(s) 'example_sensors' retrieved from /home/airflow/.local/lib/python3.8/site-packages/airflow/example_dags/example_sensors.py
[2024-02-14T16:09:12.617+0000] {logging_mixin.py:188} INFO - [2024-02-14T16:09:12.617+0000] {dag.py:3033} INFO - Sync 1 DAGs
[2024-02-14T16:09:12.624+0000] {logging_mixin.py:188} INFO - [2024-02-14T16:09:12.624+0000] {dag.py:3820} INFO - Setting next_dagrun for example_sensors to None, run_after=None
[2024-02-14T16:09:12.634+0000] {processor.py:183} INFO - Processing /home/airflow/.local/lib/python3.8/site-packages/airflow/example_dags/example_sensors.py took 0.042 seconds
[2024-02-14T16:09:43.585+0000] {processor.py:161} INFO - Started process (PID=830) to work on /home/airflow/.local/lib/python3.8/site-packages/airflow/example_dags/example_sensors.py
[2024-02-14T16:09:43.586+0000] {processor.py:830} INFO - Processing file /home/airflow/.local/lib/python3.8/site-packages/airflow/example_dags/example_sensors.py for tasks to queue
[2024-02-14T16:09:43.588+0000] {logging_mixin.py:188} INFO - [2024-02-14T16:09:43.587+0000] {dagbag.py:538} INFO - Filling up the DagBag from /home/airflow/.local/lib/python3.8/site-packages/airflow/example_dags/example_sensors.py
[2024-02-14T16:09:43.593+0000] {processor.py:840} INFO - DAG(s) 'example_sensors' retrieved from /home/airflow/.local/lib/python3.8/site-packages/airflow/example_dags/example_sensors.py
[2024-02-14T16:09:43.609+0000] {logging_mixin.py:188} INFO - [2024-02-14T16:09:43.609+0000] {dag.py:3033} INFO - Sync 1 DAGs
[2024-02-14T16:09:43.616+0000] {logging_mixin.py:188} INFO - [2024-02-14T16:09:43.616+0000] {dag.py:3820} INFO - Setting next_dagrun for example_sensors to None, run_after=None
[2024-02-14T16:09:43.626+0000] {processor.py:183} INFO - Processing /home/airflow/.local/lib/python3.8/site-packages/airflow/example_dags/example_sensors.py took 0.043 seconds
[2024-02-14T16:10:13.889+0000] {processor.py:161} INFO - Started process (PID=887) to work on /home/airflow/.local/lib/python3.8/site-packages/airflow/example_dags/example_sensors.py
[2024-02-14T16:10:13.890+0000] {processor.py:830} INFO - Processing file /home/airflow/.local/lib/python3.8/site-packages/airflow/example_dags/example_sensors.py for tasks to queue
[2024-02-14T16:10:13.891+0000] {logging_mixin.py:188} INFO - [2024-02-14T16:10:13.891+0000] {dagbag.py:538} INFO - Filling up the DagBag from /home/airflow/.local/lib/python3.8/site-packages/airflow/example_dags/example_sensors.py
[2024-02-14T16:10:13.897+0000] {processor.py:840} INFO - DAG(s) 'example_sensors' retrieved from /home/airflow/.local/lib/python3.8/site-packages/airflow/example_dags/example_sensors.py
[2024-02-14T16:10:13.911+0000] {logging_mixin.py:188} INFO - [2024-02-14T16:10:13.911+0000] {dag.py:3033} INFO - Sync 1 DAGs
[2024-02-14T16:10:13.918+0000] {logging_mixin.py:188} INFO - [2024-02-14T16:10:13.917+0000] {dag.py:3820} INFO - Setting next_dagrun for example_sensors to None, run_after=None
[2024-02-14T16:10:13.927+0000] {processor.py:183} INFO - Processing /home/airflow/.local/lib/python3.8/site-packages/airflow/example_dags/example_sensors.py took 0.040 seconds
[2024-02-14T16:10:44.091+0000] {processor.py:161} INFO - Started process (PID=944) to work on /home/airflow/.local/lib/python3.8/site-packages/airflow/example_dags/example_sensors.py
[2024-02-14T16:10:44.095+0000] {processor.py:830} INFO - Processing file /home/airflow/.local/lib/python3.8/site-packages/airflow/example_dags/example_sensors.py for tasks to queue
[2024-02-14T16:10:44.096+0000] {logging_mixin.py:188} INFO - [2024-02-14T16:10:44.096+0000] {dagbag.py:538} INFO - Filling up the DagBag from /home/airflow/.local/lib/python3.8/site-packages/airflow/example_dags/example_sensors.py
[2024-02-14T16:10:44.102+0000] {processor.py:840} INFO - DAG(s) 'example_sensors' retrieved from /home/airflow/.local/lib/python3.8/site-packages/airflow/example_dags/example_sensors.py
[2024-02-14T16:10:44.116+0000] {logging_mixin.py:188} INFO - [2024-02-14T16:10:44.116+0000] {dag.py:3033} INFO - Sync 1 DAGs
[2024-02-14T16:10:44.123+0000] {logging_mixin.py:188} INFO - [2024-02-14T16:10:44.123+0000] {dag.py:3820} INFO - Setting next_dagrun for example_sensors to None, run_after=None
[2024-02-14T16:10:44.134+0000] {processor.py:183} INFO - Processing /home/airflow/.local/lib/python3.8/site-packages/airflow/example_dags/example_sensors.py took 0.046 seconds
[2024-02-14T16:11:14.257+0000] {processor.py:161} INFO - Started process (PID=1001) to work on /home/airflow/.local/lib/python3.8/site-packages/airflow/example_dags/example_sensors.py
[2024-02-14T16:11:14.258+0000] {processor.py:830} INFO - Processing file /home/airflow/.local/lib/python3.8/site-packages/airflow/example_dags/example_sensors.py for tasks to queue
[2024-02-14T16:11:14.259+0000] {logging_mixin.py:188} INFO - [2024-02-14T16:11:14.259+0000] {dagbag.py:538} INFO - Filling up the DagBag from /home/airflow/.local/lib/python3.8/site-packages/airflow/example_dags/example_sensors.py
[2024-02-14T16:11:14.265+0000] {processor.py:840} INFO - DAG(s) 'example_sensors' retrieved from /home/airflow/.local/lib/python3.8/site-packages/airflow/example_dags/example_sensors.py
[2024-02-14T16:11:14.278+0000] {logging_mixin.py:188} INFO - [2024-02-14T16:11:14.278+0000] {dag.py:3033} INFO - Sync 1 DAGs
[2024-02-14T16:11:14.285+0000] {logging_mixin.py:188} INFO - [2024-02-14T16:11:14.285+0000] {dag.py:3820} INFO - Setting next_dagrun for example_sensors to None, run_after=None
[2024-02-14T16:11:14.295+0000] {processor.py:183} INFO - Processing /home/airflow/.local/lib/python3.8/site-packages/airflow/example_dags/example_sensors.py took 0.040 seconds
[2024-02-14T16:11:44.529+0000] {processor.py:161} INFO - Started process (PID=1058) to work on /home/airflow/.local/lib/python3.8/site-packages/airflow/example_dags/example_sensors.py
[2024-02-14T16:11:44.530+0000] {processor.py:830} INFO - Processing file /home/airflow/.local/lib/python3.8/site-packages/airflow/example_dags/example_sensors.py for tasks to queue
[2024-02-14T16:11:44.532+0000] {logging_mixin.py:188} INFO - [2024-02-14T16:11:44.531+0000] {dagbag.py:538} INFO - Filling up the DagBag from /home/airflow/.local/lib/python3.8/site-packages/airflow/example_dags/example_sensors.py
[2024-02-14T16:11:44.537+0000] {processor.py:840} INFO - DAG(s) 'example_sensors' retrieved from /home/airflow/.local/lib/python3.8/site-packages/airflow/example_dags/example_sensors.py
[2024-02-14T16:11:44.552+0000] {logging_mixin.py:188} INFO - [2024-02-14T16:11:44.551+0000] {dag.py:3033} INFO - Sync 1 DAGs
[2024-02-14T16:11:44.559+0000] {logging_mixin.py:188} INFO - [2024-02-14T16:11:44.559+0000] {dag.py:3820} INFO - Setting next_dagrun for example_sensors to None, run_after=None
[2024-02-14T16:11:44.569+0000] {processor.py:183} INFO - Processing /home/airflow/.local/lib/python3.8/site-packages/airflow/example_dags/example_sensors.py took 0.042 seconds
[2024-02-14T16:12:14.724+0000] {processor.py:161} INFO - Started process (PID=1114) to work on /home/airflow/.local/lib/python3.8/site-packages/airflow/example_dags/example_sensors.py
[2024-02-14T16:12:14.725+0000] {processor.py:830} INFO - Processing file /home/airflow/.local/lib/python3.8/site-packages/airflow/example_dags/example_sensors.py for tasks to queue
[2024-02-14T16:12:14.727+0000] {logging_mixin.py:188} INFO - [2024-02-14T16:12:14.726+0000] {dagbag.py:538} INFO - Filling up the DagBag from /home/airflow/.local/lib/python3.8/site-packages/airflow/example_dags/example_sensors.py
[2024-02-14T16:12:14.733+0000] {processor.py:840} INFO - DAG(s) 'example_sensors' retrieved from /home/airflow/.local/lib/python3.8/site-packages/airflow/example_dags/example_sensors.py
[2024-02-14T16:12:14.752+0000] {logging_mixin.py:188} INFO - [2024-02-14T16:12:14.752+0000] {dag.py:3033} INFO - Sync 1 DAGs
[2024-02-14T16:12:14.760+0000] {logging_mixin.py:188} INFO - [2024-02-14T16:12:14.760+0000] {dag.py:3820} INFO - Setting next_dagrun for example_sensors to None, run_after=None
[2024-02-14T16:12:14.773+0000] {processor.py:183} INFO - Processing /home/airflow/.local/lib/python3.8/site-packages/airflow/example_dags/example_sensors.py took 0.051 seconds
[2024-02-14T16:12:44.932+0000] {processor.py:161} INFO - Started process (PID=1171) to work on /home/airflow/.local/lib/python3.8/site-packages/airflow/example_dags/example_sensors.py
[2024-02-14T16:12:44.933+0000] {processor.py:830} INFO - Processing file /home/airflow/.local/lib/python3.8/site-packages/airflow/example_dags/example_sensors.py for tasks to queue
[2024-02-14T16:12:44.934+0000] {logging_mixin.py:188} INFO - [2024-02-14T16:12:44.934+0000] {dagbag.py:538} INFO - Filling up the DagBag from /home/airflow/.local/lib/python3.8/site-packages/airflow/example_dags/example_sensors.py
[2024-02-14T16:12:44.939+0000] {processor.py:840} INFO - DAG(s) 'example_sensors' retrieved from /home/airflow/.local/lib/python3.8/site-packages/airflow/example_dags/example_sensors.py
[2024-02-14T16:12:44.954+0000] {logging_mixin.py:188} INFO - [2024-02-14T16:12:44.954+0000] {dag.py:3033} INFO - Sync 1 DAGs
[2024-02-14T16:12:44.961+0000] {logging_mixin.py:188} INFO - [2024-02-14T16:12:44.960+0000] {dag.py:3820} INFO - Setting next_dagrun for example_sensors to None, run_after=None
[2024-02-14T16:12:44.970+0000] {processor.py:183} INFO - Processing /home/airflow/.local/lib/python3.8/site-packages/airflow/example_dags/example_sensors.py took 0.040 seconds
[2024-02-14T16:13:15.996+0000] {processor.py:161} INFO - Started process (PID=1228) to work on /home/airflow/.local/lib/python3.8/site-packages/airflow/example_dags/example_sensors.py
[2024-02-14T16:13:15.996+0000] {processor.py:830} INFO - Processing file /home/airflow/.local/lib/python3.8/site-packages/airflow/example_dags/example_sensors.py for tasks to queue
[2024-02-14T16:13:15.998+0000] {logging_mixin.py:188} INFO - [2024-02-14T16:13:15.998+0000] {dagbag.py:538} INFO - Filling up the DagBag from /home/airflow/.local/lib/python3.8/site-packages/airflow/example_dags/example_sensors.py
[2024-02-14T16:13:16.003+0000] {processor.py:840} INFO - DAG(s) 'example_sensors' retrieved from /home/airflow/.local/lib/python3.8/site-packages/airflow/example_dags/example_sensors.py
[2024-02-14T16:13:16.017+0000] {logging_mixin.py:188} INFO - [2024-02-14T16:13:16.017+0000] {dag.py:3033} INFO - Sync 1 DAGs
[2024-02-14T16:13:16.024+0000] {logging_mixin.py:188} INFO - [2024-02-14T16:13:16.024+0000] {dag.py:3820} INFO - Setting next_dagrun for example_sensors to None, run_after=None
[2024-02-14T16:13:16.033+0000] {processor.py:183} INFO - Processing /home/airflow/.local/lib/python3.8/site-packages/airflow/example_dags/example_sensors.py took 0.039 seconds
[2024-02-14T16:13:46.373+0000] {processor.py:161} INFO - Started process (PID=1285) to work on /home/airflow/.local/lib/python3.8/site-packages/airflow/example_dags/example_sensors.py
[2024-02-14T16:13:46.374+0000] {processor.py:830} INFO - Processing file /home/airflow/.local/lib/python3.8/site-packages/airflow/example_dags/example_sensors.py for tasks to queue
[2024-02-14T16:13:46.375+0000] {logging_mixin.py:188} INFO - [2024-02-14T16:13:46.375+0000] {dagbag.py:538} INFO - Filling up the DagBag from /home/airflow/.local/lib/python3.8/site-packages/airflow/example_dags/example_sensors.py
[2024-02-14T16:13:46.381+0000] {processor.py:840} INFO - DAG(s) 'example_sensors' retrieved from /home/airflow/.local/lib/python3.8/site-packages/airflow/example_dags/example_sensors.py
[2024-02-14T16:13:46.395+0000] {logging_mixin.py:188} INFO - [2024-02-14T16:13:46.395+0000] {dag.py:3033} INFO - Sync 1 DAGs
[2024-02-14T16:13:46.402+0000] {logging_mixin.py:188} INFO - [2024-02-14T16:13:46.402+0000] {dag.py:3820} INFO - Setting next_dagrun for example_sensors to None, run_after=None
[2024-02-14T16:13:46.412+0000] {processor.py:183} INFO - Processing /home/airflow/.local/lib/python3.8/site-packages/airflow/example_dags/example_sensors.py took 0.041 seconds
[2024-02-14T16:14:17.447+0000] {processor.py:161} INFO - Started process (PID=1342) to work on /home/airflow/.local/lib/python3.8/site-packages/airflow/example_dags/example_sensors.py
[2024-02-14T16:14:17.448+0000] {processor.py:830} INFO - Processing file /home/airflow/.local/lib/python3.8/site-packages/airflow/example_dags/example_sensors.py for tasks to queue
[2024-02-14T16:14:17.449+0000] {logging_mixin.py:188} INFO - [2024-02-14T16:14:17.449+0000] {dagbag.py:538} INFO - Filling up the DagBag from /home/airflow/.local/lib/python3.8/site-packages/airflow/example_dags/example_sensors.py
[2024-02-14T16:14:17.455+0000] {processor.py:840} INFO - DAG(s) 'example_sensors' retrieved from /home/airflow/.local/lib/python3.8/site-packages/airflow/example_dags/example_sensors.py
[2024-02-14T16:14:17.468+0000] {logging_mixin.py:188} INFO - [2024-02-14T16:14:17.468+0000] {dag.py:3033} INFO - Sync 1 DAGs
[2024-02-14T16:14:17.475+0000] {logging_mixin.py:188} INFO - [2024-02-14T16:14:17.475+0000] {dag.py:3820} INFO - Setting next_dagrun for example_sensors to None, run_after=None
[2024-02-14T16:14:17.484+0000] {processor.py:183} INFO - Processing /home/airflow/.local/lib/python3.8/site-packages/airflow/example_dags/example_sensors.py took 0.039 seconds
[2024-02-14T16:14:47.670+0000] {processor.py:161} INFO - Started process (PID=1399) to work on /home/airflow/.local/lib/python3.8/site-packages/airflow/example_dags/example_sensors.py
[2024-02-14T16:14:47.670+0000] {processor.py:830} INFO - Processing file /home/airflow/.local/lib/python3.8/site-packages/airflow/example_dags/example_sensors.py for tasks to queue
[2024-02-14T16:14:47.672+0000] {logging_mixin.py:188} INFO - [2024-02-14T16:14:47.672+0000] {dagbag.py:538} INFO - Filling up the DagBag from /home/airflow/.local/lib/python3.8/site-packages/airflow/example_dags/example_sensors.py
[2024-02-14T16:14:47.677+0000] {processor.py:840} INFO - DAG(s) 'example_sensors' retrieved from /home/airflow/.local/lib/python3.8/site-packages/airflow/example_dags/example_sensors.py
[2024-02-14T16:14:47.691+0000] {logging_mixin.py:188} INFO - [2024-02-14T16:14:47.691+0000] {dag.py:3033} INFO - Sync 1 DAGs
[2024-02-14T16:14:47.698+0000] {logging_mixin.py:188} INFO - [2024-02-14T16:14:47.698+0000] {dag.py:3820} INFO - Setting next_dagrun for example_sensors to None, run_after=None
[2024-02-14T16:14:47.709+0000] {processor.py:183} INFO - Processing /home/airflow/.local/lib/python3.8/site-packages/airflow/example_dags/example_sensors.py took 0.042 seconds
[2024-02-14T16:15:18.827+0000] {processor.py:161} INFO - Started process (PID=1455) to work on /home/airflow/.local/lib/python3.8/site-packages/airflow/example_dags/example_sensors.py
[2024-02-14T16:15:18.827+0000] {processor.py:830} INFO - Processing file /home/airflow/.local/lib/python3.8/site-packages/airflow/example_dags/example_sensors.py for tasks to queue
[2024-02-14T16:15:18.829+0000] {logging_mixin.py:188} INFO - [2024-02-14T16:15:18.829+0000] {dagbag.py:538} INFO - Filling up the DagBag from /home/airflow/.local/lib/python3.8/site-packages/airflow/example_dags/example_sensors.py
[2024-02-14T16:15:18.834+0000] {processor.py:840} INFO - DAG(s) 'example_sensors' retrieved from /home/airflow/.local/lib/python3.8/site-packages/airflow/example_dags/example_sensors.py
[2024-02-14T16:15:18.848+0000] {logging_mixin.py:188} INFO - [2024-02-14T16:15:18.848+0000] {dag.py:3033} INFO - Sync 1 DAGs
[2024-02-14T16:15:18.854+0000] {logging_mixin.py:188} INFO - [2024-02-14T16:15:18.854+0000] {dag.py:3820} INFO - Setting next_dagrun for example_sensors to None, run_after=None
[2024-02-14T16:15:18.864+0000] {processor.py:183} INFO - Processing /home/airflow/.local/lib/python3.8/site-packages/airflow/example_dags/example_sensors.py took 0.039 seconds
[2024-02-14T16:15:49.176+0000] {processor.py:161} INFO - Started process (PID=1511) to work on /home/airflow/.local/lib/python3.8/site-packages/airflow/example_dags/example_sensors.py
[2024-02-14T16:15:49.177+0000] {processor.py:830} INFO - Processing file /home/airflow/.local/lib/python3.8/site-packages/airflow/example_dags/example_sensors.py for tasks to queue
[2024-02-14T16:15:49.178+0000] {logging_mixin.py:188} INFO - [2024-02-14T16:15:49.178+0000] {dagbag.py:538} INFO - Filling up the DagBag from /home/airflow/.local/lib/python3.8/site-packages/airflow/example_dags/example_sensors.py
[2024-02-14T16:15:49.184+0000] {processor.py:840} INFO - DAG(s) 'example_sensors' retrieved from /home/airflow/.local/lib/python3.8/site-packages/airflow/example_dags/example_sensors.py
[2024-02-14T16:15:49.198+0000] {logging_mixin.py:188} INFO - [2024-02-14T16:15:49.198+0000] {dag.py:3033} INFO - Sync 1 DAGs
[2024-02-14T16:15:49.204+0000] {logging_mixin.py:188} INFO - [2024-02-14T16:15:49.204+0000] {dag.py:3820} INFO - Setting next_dagrun for example_sensors to None, run_after=None
[2024-02-14T16:15:49.213+0000] {processor.py:183} INFO - Processing /home/airflow/.local/lib/python3.8/site-packages/airflow/example_dags/example_sensors.py took 0.039 seconds
[2024-02-14T16:16:20.279+0000] {processor.py:161} INFO - Started process (PID=1568) to work on /home/airflow/.local/lib/python3.8/site-packages/airflow/example_dags/example_sensors.py
[2024-02-14T16:16:20.280+0000] {processor.py:830} INFO - Processing file /home/airflow/.local/lib/python3.8/site-packages/airflow/example_dags/example_sensors.py for tasks to queue
[2024-02-14T16:16:20.282+0000] {logging_mixin.py:188} INFO - [2024-02-14T16:16:20.281+0000] {dagbag.py:538} INFO - Filling up the DagBag from /home/airflow/.local/lib/python3.8/site-packages/airflow/example_dags/example_sensors.py
[2024-02-14T16:16:20.287+0000] {processor.py:840} INFO - DAG(s) 'example_sensors' retrieved from /home/airflow/.local/lib/python3.8/site-packages/airflow/example_dags/example_sensors.py
[2024-02-14T16:16:20.302+0000] {logging_mixin.py:188} INFO - [2024-02-14T16:16:20.302+0000] {dag.py:3033} INFO - Sync 1 DAGs
[2024-02-14T16:16:20.308+0000] {logging_mixin.py:188} INFO - [2024-02-14T16:16:20.308+0000] {dag.py:3820} INFO - Setting next_dagrun for example_sensors to None, run_after=None
[2024-02-14T16:16:20.319+0000] {processor.py:183} INFO - Processing /home/airflow/.local/lib/python3.8/site-packages/airflow/example_dags/example_sensors.py took 0.043 seconds
[2024-02-14T16:16:51.267+0000] {processor.py:161} INFO - Started process (PID=1625) to work on /home/airflow/.local/lib/python3.8/site-packages/airflow/example_dags/example_sensors.py
[2024-02-14T16:16:51.268+0000] {processor.py:830} INFO - Processing file /home/airflow/.local/lib/python3.8/site-packages/airflow/example_dags/example_sensors.py for tasks to queue
[2024-02-14T16:16:51.270+0000] {logging_mixin.py:188} INFO - [2024-02-14T16:16:51.270+0000] {dagbag.py:538} INFO - Filling up the DagBag from /home/airflow/.local/lib/python3.8/site-packages/airflow/example_dags/example_sensors.py
[2024-02-14T16:16:51.275+0000] {processor.py:840} INFO - DAG(s) 'example_sensors' retrieved from /home/airflow/.local/lib/python3.8/site-packages/airflow/example_dags/example_sensors.py
[2024-02-14T16:16:51.288+0000] {logging_mixin.py:188} INFO - [2024-02-14T16:16:51.288+0000] {dag.py:3033} INFO - Sync 1 DAGs
[2024-02-14T16:16:51.295+0000] {logging_mixin.py:188} INFO - [2024-02-14T16:16:51.295+0000] {dag.py:3820} INFO - Setting next_dagrun for example_sensors to None, run_after=None
[2024-02-14T16:16:51.305+0000] {processor.py:183} INFO - Processing /home/airflow/.local/lib/python3.8/site-packages/airflow/example_dags/example_sensors.py took 0.040 seconds
[2024-02-14T16:17:21.580+0000] {processor.py:161} INFO - Started process (PID=1682) to work on /home/airflow/.local/lib/python3.8/site-packages/airflow/example_dags/example_sensors.py
[2024-02-14T16:17:21.581+0000] {processor.py:830} INFO - Processing file /home/airflow/.local/lib/python3.8/site-packages/airflow/example_dags/example_sensors.py for tasks to queue
[2024-02-14T16:17:21.582+0000] {logging_mixin.py:188} INFO - [2024-02-14T16:17:21.582+0000] {dagbag.py:538} INFO - Filling up the DagBag from /home/airflow/.local/lib/python3.8/site-packages/airflow/example_dags/example_sensors.py
[2024-02-14T16:17:21.588+0000] {processor.py:840} INFO - DAG(s) 'example_sensors' retrieved from /home/airflow/.local/lib/python3.8/site-packages/airflow/example_dags/example_sensors.py
[2024-02-14T16:17:21.602+0000] {logging_mixin.py:188} INFO - [2024-02-14T16:17:21.602+0000] {dag.py:3033} INFO - Sync 1 DAGs
[2024-02-14T16:17:21.608+0000] {logging_mixin.py:188} INFO - [2024-02-14T16:17:21.608+0000] {dag.py:3820} INFO - Setting next_dagrun for example_sensors to None, run_after=None
[2024-02-14T16:17:21.618+0000] {processor.py:183} INFO - Processing /home/airflow/.local/lib/python3.8/site-packages/airflow/example_dags/example_sensors.py took 0.040 seconds
[2024-02-14T16:17:51.824+0000] {processor.py:161} INFO - Started process (PID=1739) to work on /home/airflow/.local/lib/python3.8/site-packages/airflow/example_dags/example_sensors.py
[2024-02-14T16:17:51.825+0000] {processor.py:830} INFO - Processing file /home/airflow/.local/lib/python3.8/site-packages/airflow/example_dags/example_sensors.py for tasks to queue
[2024-02-14T16:17:51.827+0000] {logging_mixin.py:188} INFO - [2024-02-14T16:17:51.826+0000] {dagbag.py:538} INFO - Filling up the DagBag from /home/airflow/.local/lib/python3.8/site-packages/airflow/example_dags/example_sensors.py
[2024-02-14T16:17:51.831+0000] {processor.py:840} INFO - DAG(s) 'example_sensors' retrieved from /home/airflow/.local/lib/python3.8/site-packages/airflow/example_dags/example_sensors.py
[2024-02-14T16:17:51.846+0000] {logging_mixin.py:188} INFO - [2024-02-14T16:17:51.846+0000] {dag.py:3033} INFO - Sync 1 DAGs
[2024-02-14T16:17:51.852+0000] {logging_mixin.py:188} INFO - [2024-02-14T16:17:51.852+0000] {dag.py:3820} INFO - Setting next_dagrun for example_sensors to None, run_after=None
[2024-02-14T16:17:51.862+0000] {processor.py:183} INFO - Processing /home/airflow/.local/lib/python3.8/site-packages/airflow/example_dags/example_sensors.py took 0.040 seconds
[2024-02-14T16:18:22.020+0000] {processor.py:161} INFO - Started process (PID=1796) to work on /home/airflow/.local/lib/python3.8/site-packages/airflow/example_dags/example_sensors.py
[2024-02-14T16:18:22.021+0000] {processor.py:830} INFO - Processing file /home/airflow/.local/lib/python3.8/site-packages/airflow/example_dags/example_sensors.py for tasks to queue
[2024-02-14T16:18:22.022+0000] {logging_mixin.py:188} INFO - [2024-02-14T16:18:22.022+0000] {dagbag.py:538} INFO - Filling up the DagBag from /home/airflow/.local/lib/python3.8/site-packages/airflow/example_dags/example_sensors.py
[2024-02-14T16:18:22.027+0000] {processor.py:840} INFO - DAG(s) 'example_sensors' retrieved from /home/airflow/.local/lib/python3.8/site-packages/airflow/example_dags/example_sensors.py
[2024-02-14T16:18:22.040+0000] {logging_mixin.py:188} INFO - [2024-02-14T16:18:22.040+0000] {dag.py:3033} INFO - Sync 1 DAGs
[2024-02-14T16:18:22.046+0000] {logging_mixin.py:188} INFO - [2024-02-14T16:18:22.046+0000] {dag.py:3820} INFO - Setting next_dagrun for example_sensors to None, run_after=None
[2024-02-14T16:18:22.056+0000] {processor.py:183} INFO - Processing /home/airflow/.local/lib/python3.8/site-packages/airflow/example_dags/example_sensors.py took 0.038 seconds
[2024-02-14T16:18:52.276+0000] {processor.py:161} INFO - Started process (PID=1853) to work on /home/airflow/.local/lib/python3.8/site-packages/airflow/example_dags/example_sensors.py
[2024-02-14T16:18:52.277+0000] {processor.py:830} INFO - Processing file /home/airflow/.local/lib/python3.8/site-packages/airflow/example_dags/example_sensors.py for tasks to queue
[2024-02-14T16:18:52.279+0000] {logging_mixin.py:188} INFO - [2024-02-14T16:18:52.278+0000] {dagbag.py:538} INFO - Filling up the DagBag from /home/airflow/.local/lib/python3.8/site-packages/airflow/example_dags/example_sensors.py
[2024-02-14T16:18:52.284+0000] {processor.py:840} INFO - DAG(s) 'example_sensors' retrieved from /home/airflow/.local/lib/python3.8/site-packages/airflow/example_dags/example_sensors.py
[2024-02-14T16:18:52.300+0000] {logging_mixin.py:188} INFO - [2024-02-14T16:18:52.300+0000] {dag.py:3033} INFO - Sync 1 DAGs
[2024-02-14T16:18:52.306+0000] {logging_mixin.py:188} INFO - [2024-02-14T16:18:52.306+0000] {dag.py:3820} INFO - Setting next_dagrun for example_sensors to None, run_after=None
[2024-02-14T16:18:52.317+0000] {processor.py:183} INFO - Processing /home/airflow/.local/lib/python3.8/site-packages/airflow/example_dags/example_sensors.py took 0.044 seconds
[2024-02-14T16:19:22.686+0000] {processor.py:161} INFO - Started process (PID=1910) to work on /home/airflow/.local/lib/python3.8/site-packages/airflow/example_dags/example_sensors.py
[2024-02-14T16:19:22.687+0000] {processor.py:830} INFO - Processing file /home/airflow/.local/lib/python3.8/site-packages/airflow/example_dags/example_sensors.py for tasks to queue
[2024-02-14T16:19:22.688+0000] {logging_mixin.py:188} INFO - [2024-02-14T16:19:22.688+0000] {dagbag.py:538} INFO - Filling up the DagBag from /home/airflow/.local/lib/python3.8/site-packages/airflow/example_dags/example_sensors.py
[2024-02-14T16:19:22.693+0000] {processor.py:840} INFO - DAG(s) 'example_sensors' retrieved from /home/airflow/.local/lib/python3.8/site-packages/airflow/example_dags/example_sensors.py
[2024-02-14T16:19:22.709+0000] {logging_mixin.py:188} INFO - [2024-02-14T16:19:22.709+0000] {dag.py:3033} INFO - Sync 1 DAGs
[2024-02-14T16:19:22.715+0000] {logging_mixin.py:188} INFO - [2024-02-14T16:19:22.715+0000] {dag.py:3820} INFO - Setting next_dagrun for example_sensors to None, run_after=None
[2024-02-14T16:19:22.725+0000] {processor.py:183} INFO - Processing /home/airflow/.local/lib/python3.8/site-packages/airflow/example_dags/example_sensors.py took 0.041 seconds
[2024-02-14T16:19:52.850+0000] {processor.py:161} INFO - Started process (PID=1967) to work on /home/airflow/.local/lib/python3.8/site-packages/airflow/example_dags/example_sensors.py
[2024-02-14T16:19:52.851+0000] {processor.py:830} INFO - Processing file /home/airflow/.local/lib/python3.8/site-packages/airflow/example_dags/example_sensors.py for tasks to queue
[2024-02-14T16:19:52.852+0000] {logging_mixin.py:188} INFO - [2024-02-14T16:19:52.852+0000] {dagbag.py:538} INFO - Filling up the DagBag from /home/airflow/.local/lib/python3.8/site-packages/airflow/example_dags/example_sensors.py
[2024-02-14T16:19:52.857+0000] {processor.py:840} INFO - DAG(s) 'example_sensors' retrieved from /home/airflow/.local/lib/python3.8/site-packages/airflow/example_dags/example_sensors.py
[2024-02-14T16:19:52.872+0000] {logging_mixin.py:188} INFO - [2024-02-14T16:19:52.872+0000] {dag.py:3033} INFO - Sync 1 DAGs
[2024-02-14T16:19:52.878+0000] {logging_mixin.py:188} INFO - [2024-02-14T16:19:52.878+0000] {dag.py:3820} INFO - Setting next_dagrun for example_sensors to None, run_after=None
[2024-02-14T16:19:52.888+0000] {processor.py:183} INFO - Processing /home/airflow/.local/lib/python3.8/site-packages/airflow/example_dags/example_sensors.py took 0.040 seconds
[2024-02-14T16:20:23.060+0000] {processor.py:161} INFO - Started process (PID=2024) to work on /home/airflow/.local/lib/python3.8/site-packages/airflow/example_dags/example_sensors.py
[2024-02-14T16:20:23.061+0000] {processor.py:830} INFO - Processing file /home/airflow/.local/lib/python3.8/site-packages/airflow/example_dags/example_sensors.py for tasks to queue
[2024-02-14T16:20:23.063+0000] {logging_mixin.py:188} INFO - [2024-02-14T16:20:23.062+0000] {dagbag.py:538} INFO - Filling up the DagBag from /home/airflow/.local/lib/python3.8/site-packages/airflow/example_dags/example_sensors.py
[2024-02-14T16:20:23.068+0000] {processor.py:840} INFO - DAG(s) 'example_sensors' retrieved from /home/airflow/.local/lib/python3.8/site-packages/airflow/example_dags/example_sensors.py
[2024-02-14T16:20:23.082+0000] {logging_mixin.py:188} INFO - [2024-02-14T16:20:23.082+0000] {dag.py:3033} INFO - Sync 1 DAGs
[2024-02-14T16:20:23.088+0000] {logging_mixin.py:188} INFO - [2024-02-14T16:20:23.088+0000] {dag.py:3820} INFO - Setting next_dagrun for example_sensors to None, run_after=None
[2024-02-14T16:20:23.098+0000] {processor.py:183} INFO - Processing /home/airflow/.local/lib/python3.8/site-packages/airflow/example_dags/example_sensors.py took 0.040 seconds
[2024-02-14T16:20:53.447+0000] {processor.py:161} INFO - Started process (PID=2081) to work on /home/airflow/.local/lib/python3.8/site-packages/airflow/example_dags/example_sensors.py
[2024-02-14T16:20:53.448+0000] {processor.py:830} INFO - Processing file /home/airflow/.local/lib/python3.8/site-packages/airflow/example_dags/example_sensors.py for tasks to queue
[2024-02-14T16:20:53.450+0000] {logging_mixin.py:188} INFO - [2024-02-14T16:20:53.450+0000] {dagbag.py:538} INFO - Filling up the DagBag from /home/airflow/.local/lib/python3.8/site-packages/airflow/example_dags/example_sensors.py
[2024-02-14T16:20:53.455+0000] {processor.py:840} INFO - DAG(s) 'example_sensors' retrieved from /home/airflow/.local/lib/python3.8/site-packages/airflow/example_dags/example_sensors.py
[2024-02-14T16:20:53.470+0000] {logging_mixin.py:188} INFO - [2024-02-14T16:20:53.470+0000] {dag.py:3033} INFO - Sync 1 DAGs
[2024-02-14T16:20:53.477+0000] {logging_mixin.py:188} INFO - [2024-02-14T16:20:53.477+0000] {dag.py:3820} INFO - Setting next_dagrun for example_sensors to None, run_after=None
[2024-02-14T16:20:53.489+0000] {processor.py:183} INFO - Processing /home/airflow/.local/lib/python3.8/site-packages/airflow/example_dags/example_sensors.py took 0.044 seconds
[2024-02-14T16:21:23.859+0000] {processor.py:161} INFO - Started process (PID=2138) to work on /home/airflow/.local/lib/python3.8/site-packages/airflow/example_dags/example_sensors.py
[2024-02-14T16:21:23.860+0000] {processor.py:830} INFO - Processing file /home/airflow/.local/lib/python3.8/site-packages/airflow/example_dags/example_sensors.py for tasks to queue
[2024-02-14T16:21:23.861+0000] {logging_mixin.py:188} INFO - [2024-02-14T16:21:23.861+0000] {dagbag.py:538} INFO - Filling up the DagBag from /home/airflow/.local/lib/python3.8/site-packages/airflow/example_dags/example_sensors.py
[2024-02-14T16:21:23.867+0000] {processor.py:840} INFO - DAG(s) 'example_sensors' retrieved from /home/airflow/.local/lib/python3.8/site-packages/airflow/example_dags/example_sensors.py
[2024-02-14T16:21:23.882+0000] {logging_mixin.py:188} INFO - [2024-02-14T16:21:23.881+0000] {dag.py:3033} INFO - Sync 1 DAGs
[2024-02-14T16:21:23.888+0000] {logging_mixin.py:188} INFO - [2024-02-14T16:21:23.888+0000] {dag.py:3820} INFO - Setting next_dagrun for example_sensors to None, run_after=None
[2024-02-14T16:21:23.898+0000] {processor.py:183} INFO - Processing /home/airflow/.local/lib/python3.8/site-packages/airflow/example_dags/example_sensors.py took 0.041 seconds
[2024-02-14T16:21:54.314+0000] {processor.py:161} INFO - Started process (PID=2194) to work on /home/airflow/.local/lib/python3.8/site-packages/airflow/example_dags/example_sensors.py
[2024-02-14T16:21:54.314+0000] {processor.py:830} INFO - Processing file /home/airflow/.local/lib/python3.8/site-packages/airflow/example_dags/example_sensors.py for tasks to queue
[2024-02-14T16:21:54.316+0000] {logging_mixin.py:188} INFO - [2024-02-14T16:21:54.316+0000] {dagbag.py:538} INFO - Filling up the DagBag from /home/airflow/.local/lib/python3.8/site-packages/airflow/example_dags/example_sensors.py
[2024-02-14T16:21:54.321+0000] {processor.py:840} INFO - DAG(s) 'example_sensors' retrieved from /home/airflow/.local/lib/python3.8/site-packages/airflow/example_dags/example_sensors.py
[2024-02-14T16:21:54.336+0000] {logging_mixin.py:188} INFO - [2024-02-14T16:21:54.336+0000] {dag.py:3033} INFO - Sync 1 DAGs
[2024-02-14T16:21:54.343+0000] {logging_mixin.py:188} INFO - [2024-02-14T16:21:54.343+0000] {dag.py:3820} INFO - Setting next_dagrun for example_sensors to None, run_after=None
[2024-02-14T16:21:54.353+0000] {processor.py:183} INFO - Processing /home/airflow/.local/lib/python3.8/site-packages/airflow/example_dags/example_sensors.py took 0.042 seconds
[2024-02-14T16:22:25.401+0000] {processor.py:161} INFO - Started process (PID=2251) to work on /home/airflow/.local/lib/python3.8/site-packages/airflow/example_dags/example_sensors.py
[2024-02-14T16:22:25.402+0000] {processor.py:830} INFO - Processing file /home/airflow/.local/lib/python3.8/site-packages/airflow/example_dags/example_sensors.py for tasks to queue
[2024-02-14T16:22:25.403+0000] {logging_mixin.py:188} INFO - [2024-02-14T16:22:25.403+0000] {dagbag.py:538} INFO - Filling up the DagBag from /home/airflow/.local/lib/python3.8/site-packages/airflow/example_dags/example_sensors.py
[2024-02-14T16:22:25.408+0000] {processor.py:840} INFO - DAG(s) 'example_sensors' retrieved from /home/airflow/.local/lib/python3.8/site-packages/airflow/example_dags/example_sensors.py
[2024-02-14T16:22:25.424+0000] {logging_mixin.py:188} INFO - [2024-02-14T16:22:25.424+0000] {dag.py:3033} INFO - Sync 1 DAGs
[2024-02-14T16:22:25.432+0000] {logging_mixin.py:188} INFO - [2024-02-14T16:22:25.431+0000] {dag.py:3820} INFO - Setting next_dagrun for example_sensors to None, run_after=None
[2024-02-14T16:22:25.442+0000] {processor.py:183} INFO - Processing /home/airflow/.local/lib/python3.8/site-packages/airflow/example_dags/example_sensors.py took 0.044 seconds
[2024-02-14T16:22:56.090+0000] {processor.py:161} INFO - Started process (PID=2308) to work on /home/airflow/.local/lib/python3.8/site-packages/airflow/example_dags/example_sensors.py
[2024-02-14T16:22:56.090+0000] {processor.py:830} INFO - Processing file /home/airflow/.local/lib/python3.8/site-packages/airflow/example_dags/example_sensors.py for tasks to queue
[2024-02-14T16:22:56.092+0000] {logging_mixin.py:188} INFO - [2024-02-14T16:22:56.092+0000] {dagbag.py:538} INFO - Filling up the DagBag from /home/airflow/.local/lib/python3.8/site-packages/airflow/example_dags/example_sensors.py
[2024-02-14T16:22:56.097+0000] {processor.py:840} INFO - DAG(s) 'example_sensors' retrieved from /home/airflow/.local/lib/python3.8/site-packages/airflow/example_dags/example_sensors.py
[2024-02-14T16:22:56.198+0000] {logging_mixin.py:188} INFO - [2024-02-14T16:22:56.198+0000] {dag.py:3033} INFO - Sync 1 DAGs
[2024-02-14T16:22:56.205+0000] {logging_mixin.py:188} INFO - [2024-02-14T16:22:56.204+0000] {dag.py:3820} INFO - Setting next_dagrun for example_sensors to None, run_after=None
[2024-02-14T16:22:56.216+0000] {processor.py:183} INFO - Processing /home/airflow/.local/lib/python3.8/site-packages/airflow/example_dags/example_sensors.py took 0.129 seconds
[2024-02-14T16:23:26.869+0000] {processor.py:161} INFO - Started process (PID=2365) to work on /home/airflow/.local/lib/python3.8/site-packages/airflow/example_dags/example_sensors.py
[2024-02-14T16:23:26.870+0000] {processor.py:830} INFO - Processing file /home/airflow/.local/lib/python3.8/site-packages/airflow/example_dags/example_sensors.py for tasks to queue
[2024-02-14T16:23:26.871+0000] {logging_mixin.py:188} INFO - [2024-02-14T16:23:26.871+0000] {dagbag.py:538} INFO - Filling up the DagBag from /home/airflow/.local/lib/python3.8/site-packages/airflow/example_dags/example_sensors.py
[2024-02-14T16:23:26.876+0000] {processor.py:840} INFO - DAG(s) 'example_sensors' retrieved from /home/airflow/.local/lib/python3.8/site-packages/airflow/example_dags/example_sensors.py
[2024-02-14T16:23:26.892+0000] {logging_mixin.py:188} INFO - [2024-02-14T16:23:26.892+0000] {dag.py:3033} INFO - Sync 1 DAGs
[2024-02-14T16:23:26.899+0000] {logging_mixin.py:188} INFO - [2024-02-14T16:23:26.899+0000] {dag.py:3820} INFO - Setting next_dagrun for example_sensors to None, run_after=None
[2024-02-14T16:23:26.909+0000] {processor.py:183} INFO - Processing /home/airflow/.local/lib/python3.8/site-packages/airflow/example_dags/example_sensors.py took 0.042 seconds
[2024-02-14T16:23:57.179+0000] {processor.py:161} INFO - Started process (PID=2422) to work on /home/airflow/.local/lib/python3.8/site-packages/airflow/example_dags/example_sensors.py
[2024-02-14T16:23:57.179+0000] {processor.py:830} INFO - Processing file /home/airflow/.local/lib/python3.8/site-packages/airflow/example_dags/example_sensors.py for tasks to queue
[2024-02-14T16:23:57.181+0000] {logging_mixin.py:188} INFO - [2024-02-14T16:23:57.180+0000] {dagbag.py:538} INFO - Filling up the DagBag from /home/airflow/.local/lib/python3.8/site-packages/airflow/example_dags/example_sensors.py
[2024-02-14T16:23:57.186+0000] {processor.py:840} INFO - DAG(s) 'example_sensors' retrieved from /home/airflow/.local/lib/python3.8/site-packages/airflow/example_dags/example_sensors.py
[2024-02-14T16:23:57.199+0000] {logging_mixin.py:188} INFO - [2024-02-14T16:23:57.199+0000] {dag.py:3033} INFO - Sync 1 DAGs
[2024-02-14T16:23:57.206+0000] {logging_mixin.py:188} INFO - [2024-02-14T16:23:57.206+0000] {dag.py:3820} INFO - Setting next_dagrun for example_sensors to None, run_after=None
[2024-02-14T16:23:57.217+0000] {processor.py:183} INFO - Processing /home/airflow/.local/lib/python3.8/site-packages/airflow/example_dags/example_sensors.py took 0.041 seconds
[2024-02-14T16:24:27.389+0000] {processor.py:161} INFO - Started process (PID=2479) to work on /home/airflow/.local/lib/python3.8/site-packages/airflow/example_dags/example_sensors.py
[2024-02-14T16:24:27.390+0000] {processor.py:830} INFO - Processing file /home/airflow/.local/lib/python3.8/site-packages/airflow/example_dags/example_sensors.py for tasks to queue
[2024-02-14T16:24:27.391+0000] {logging_mixin.py:188} INFO - [2024-02-14T16:24:27.391+0000] {dagbag.py:538} INFO - Filling up the DagBag from /home/airflow/.local/lib/python3.8/site-packages/airflow/example_dags/example_sensors.py
[2024-02-14T16:24:27.397+0000] {processor.py:840} INFO - DAG(s) 'example_sensors' retrieved from /home/airflow/.local/lib/python3.8/site-packages/airflow/example_dags/example_sensors.py
[2024-02-14T16:24:27.411+0000] {logging_mixin.py:188} INFO - [2024-02-14T16:24:27.411+0000] {dag.py:3033} INFO - Sync 1 DAGs
[2024-02-14T16:24:27.417+0000] {logging_mixin.py:188} INFO - [2024-02-14T16:24:27.417+0000] {dag.py:3820} INFO - Setting next_dagrun for example_sensors to None, run_after=None
[2024-02-14T16:24:27.425+0000] {processor.py:183} INFO - Processing /home/airflow/.local/lib/python3.8/site-packages/airflow/example_dags/example_sensors.py took 0.038 seconds
