[2024-02-14T16:03:07.932+0000] {processor.py:161} INFO - Started process (PID=70) to work on /home/airflow/.local/lib/python3.8/site-packages/airflow/example_dags/example_branch_labels.py
[2024-02-14T16:03:07.933+0000] {processor.py:830} INFO - Processing file /home/airflow/.local/lib/python3.8/site-packages/airflow/example_dags/example_branch_labels.py for tasks to queue
[2024-02-14T16:03:07.935+0000] {logging_mixin.py:188} INFO - [2024-02-14T16:03:07.935+0000] {dagbag.py:538} INFO - Filling up the DagBag from /home/airflow/.local/lib/python3.8/site-packages/airflow/example_dags/example_branch_labels.py
[2024-02-14T16:03:07.944+0000] {processor.py:840} INFO - DAG(s) 'example_branch_labels' retrieved from /home/airflow/.local/lib/python3.8/site-packages/airflow/example_dags/example_branch_labels.py
[2024-02-14T16:03:07.953+0000] {logging_mixin.py:188} INFO - [2024-02-14T16:03:07.953+0000] {dag.py:3033} INFO - Sync 1 DAGs
[2024-02-14T16:03:07.969+0000] {logging_mixin.py:188} INFO - [2024-02-14T16:03:07.969+0000] {dag.py:3820} INFO - Setting next_dagrun for example_branch_labels to 2024-02-13T00:00:00+00:00, run_after=2024-02-14T00:00:00+00:00
[2024-02-14T16:03:07.983+0000] {processor.py:183} INFO - Processing /home/airflow/.local/lib/python3.8/site-packages/airflow/example_dags/example_branch_labels.py took 0.056 seconds
[2024-02-14T16:03:38.301+0000] {processor.py:161} INFO - Started process (PID=127) to work on /home/airflow/.local/lib/python3.8/site-packages/airflow/example_dags/example_branch_labels.py
[2024-02-14T16:03:38.302+0000] {processor.py:830} INFO - Processing file /home/airflow/.local/lib/python3.8/site-packages/airflow/example_dags/example_branch_labels.py for tasks to queue
[2024-02-14T16:03:38.303+0000] {logging_mixin.py:188} INFO - [2024-02-14T16:03:38.303+0000] {dagbag.py:538} INFO - Filling up the DagBag from /home/airflow/.local/lib/python3.8/site-packages/airflow/example_dags/example_branch_labels.py
[2024-02-14T16:03:38.307+0000] {processor.py:840} INFO - DAG(s) 'example_branch_labels' retrieved from /home/airflow/.local/lib/python3.8/site-packages/airflow/example_dags/example_branch_labels.py
[2024-02-14T16:03:38.356+0000] {logging_mixin.py:188} INFO - [2024-02-14T16:03:38.356+0000] {dag.py:3033} INFO - Sync 1 DAGs
[2024-02-14T16:03:38.367+0000] {logging_mixin.py:188} INFO - [2024-02-14T16:03:38.367+0000] {dag.py:3820} INFO - Setting next_dagrun for example_branch_labels to 2024-02-13T00:00:00+00:00, run_after=2024-02-14T00:00:00+00:00
[2024-02-14T16:03:38.376+0000] {processor.py:183} INFO - Processing /home/airflow/.local/lib/python3.8/site-packages/airflow/example_dags/example_branch_labels.py took 0.077 seconds
[2024-02-14T16:04:08.873+0000] {processor.py:161} INFO - Started process (PID=184) to work on /home/airflow/.local/lib/python3.8/site-packages/airflow/example_dags/example_branch_labels.py
[2024-02-14T16:04:08.874+0000] {processor.py:830} INFO - Processing file /home/airflow/.local/lib/python3.8/site-packages/airflow/example_dags/example_branch_labels.py for tasks to queue
[2024-02-14T16:04:08.876+0000] {logging_mixin.py:188} INFO - [2024-02-14T16:04:08.876+0000] {dagbag.py:538} INFO - Filling up the DagBag from /home/airflow/.local/lib/python3.8/site-packages/airflow/example_dags/example_branch_labels.py
[2024-02-14T16:04:08.880+0000] {processor.py:840} INFO - DAG(s) 'example_branch_labels' retrieved from /home/airflow/.local/lib/python3.8/site-packages/airflow/example_dags/example_branch_labels.py
[2024-02-14T16:04:08.893+0000] {logging_mixin.py:188} INFO - [2024-02-14T16:04:08.893+0000] {dag.py:3033} INFO - Sync 1 DAGs
[2024-02-14T16:04:08.906+0000] {logging_mixin.py:188} INFO - [2024-02-14T16:04:08.906+0000] {dag.py:3820} INFO - Setting next_dagrun for example_branch_labels to 2024-02-13T00:00:00+00:00, run_after=2024-02-14T00:00:00+00:00
[2024-02-14T16:04:08.918+0000] {processor.py:183} INFO - Processing /home/airflow/.local/lib/python3.8/site-packages/airflow/example_dags/example_branch_labels.py took 0.047 seconds
[2024-02-14T16:04:39.198+0000] {processor.py:161} INFO - Started process (PID=241) to work on /home/airflow/.local/lib/python3.8/site-packages/airflow/example_dags/example_branch_labels.py
[2024-02-14T16:04:39.199+0000] {processor.py:830} INFO - Processing file /home/airflow/.local/lib/python3.8/site-packages/airflow/example_dags/example_branch_labels.py for tasks to queue
[2024-02-14T16:04:39.201+0000] {logging_mixin.py:188} INFO - [2024-02-14T16:04:39.201+0000] {dagbag.py:538} INFO - Filling up the DagBag from /home/airflow/.local/lib/python3.8/site-packages/airflow/example_dags/example_branch_labels.py
[2024-02-14T16:04:39.205+0000] {processor.py:840} INFO - DAG(s) 'example_branch_labels' retrieved from /home/airflow/.local/lib/python3.8/site-packages/airflow/example_dags/example_branch_labels.py
[2024-02-14T16:04:39.217+0000] {logging_mixin.py:188} INFO - [2024-02-14T16:04:39.217+0000] {dag.py:3033} INFO - Sync 1 DAGs
[2024-02-14T16:04:39.229+0000] {logging_mixin.py:188} INFO - [2024-02-14T16:04:39.229+0000] {dag.py:3820} INFO - Setting next_dagrun for example_branch_labels to 2024-02-13T00:00:00+00:00, run_after=2024-02-14T00:00:00+00:00
[2024-02-14T16:04:39.237+0000] {processor.py:183} INFO - Processing /home/airflow/.local/lib/python3.8/site-packages/airflow/example_dags/example_branch_labels.py took 0.041 seconds
[2024-02-14T16:05:09.446+0000] {processor.py:161} INFO - Started process (PID=298) to work on /home/airflow/.local/lib/python3.8/site-packages/airflow/example_dags/example_branch_labels.py
[2024-02-14T16:05:09.447+0000] {processor.py:830} INFO - Processing file /home/airflow/.local/lib/python3.8/site-packages/airflow/example_dags/example_branch_labels.py for tasks to queue
[2024-02-14T16:05:09.448+0000] {logging_mixin.py:188} INFO - [2024-02-14T16:05:09.448+0000] {dagbag.py:538} INFO - Filling up the DagBag from /home/airflow/.local/lib/python3.8/site-packages/airflow/example_dags/example_branch_labels.py
[2024-02-14T16:05:09.453+0000] {processor.py:840} INFO - DAG(s) 'example_branch_labels' retrieved from /home/airflow/.local/lib/python3.8/site-packages/airflow/example_dags/example_branch_labels.py
[2024-02-14T16:05:09.466+0000] {logging_mixin.py:188} INFO - [2024-02-14T16:05:09.466+0000] {dag.py:3033} INFO - Sync 1 DAGs
[2024-02-14T16:05:09.480+0000] {logging_mixin.py:188} INFO - [2024-02-14T16:05:09.480+0000] {dag.py:3820} INFO - Setting next_dagrun for example_branch_labels to 2024-02-13T00:00:00+00:00, run_after=2024-02-14T00:00:00+00:00
[2024-02-14T16:05:09.490+0000] {processor.py:183} INFO - Processing /home/airflow/.local/lib/python3.8/site-packages/airflow/example_dags/example_branch_labels.py took 0.047 seconds
[2024-02-14T16:05:39.593+0000] {processor.py:161} INFO - Started process (PID=355) to work on /home/airflow/.local/lib/python3.8/site-packages/airflow/example_dags/example_branch_labels.py
[2024-02-14T16:05:39.594+0000] {processor.py:830} INFO - Processing file /home/airflow/.local/lib/python3.8/site-packages/airflow/example_dags/example_branch_labels.py for tasks to queue
[2024-02-14T16:05:39.596+0000] {logging_mixin.py:188} INFO - [2024-02-14T16:05:39.595+0000] {dagbag.py:538} INFO - Filling up the DagBag from /home/airflow/.local/lib/python3.8/site-packages/airflow/example_dags/example_branch_labels.py
[2024-02-14T16:05:39.600+0000] {processor.py:840} INFO - DAG(s) 'example_branch_labels' retrieved from /home/airflow/.local/lib/python3.8/site-packages/airflow/example_dags/example_branch_labels.py
[2024-02-14T16:05:39.613+0000] {logging_mixin.py:188} INFO - [2024-02-14T16:05:39.613+0000] {dag.py:3033} INFO - Sync 1 DAGs
[2024-02-14T16:05:39.625+0000] {logging_mixin.py:188} INFO - [2024-02-14T16:05:39.625+0000] {dag.py:3820} INFO - Setting next_dagrun for example_branch_labels to 2024-02-13T00:00:00+00:00, run_after=2024-02-14T00:00:00+00:00
[2024-02-14T16:05:39.634+0000] {processor.py:183} INFO - Processing /home/airflow/.local/lib/python3.8/site-packages/airflow/example_dags/example_branch_labels.py took 0.043 seconds
[2024-02-14T16:06:09.809+0000] {processor.py:161} INFO - Started process (PID=412) to work on /home/airflow/.local/lib/python3.8/site-packages/airflow/example_dags/example_branch_labels.py
[2024-02-14T16:06:09.810+0000] {processor.py:830} INFO - Processing file /home/airflow/.local/lib/python3.8/site-packages/airflow/example_dags/example_branch_labels.py for tasks to queue
[2024-02-14T16:06:09.812+0000] {logging_mixin.py:188} INFO - [2024-02-14T16:06:09.812+0000] {dagbag.py:538} INFO - Filling up the DagBag from /home/airflow/.local/lib/python3.8/site-packages/airflow/example_dags/example_branch_labels.py
[2024-02-14T16:06:09.816+0000] {processor.py:840} INFO - DAG(s) 'example_branch_labels' retrieved from /home/airflow/.local/lib/python3.8/site-packages/airflow/example_dags/example_branch_labels.py
[2024-02-14T16:06:09.830+0000] {logging_mixin.py:188} INFO - [2024-02-14T16:06:09.830+0000] {dag.py:3033} INFO - Sync 1 DAGs
[2024-02-14T16:06:09.843+0000] {logging_mixin.py:188} INFO - [2024-02-14T16:06:09.843+0000] {dag.py:3820} INFO - Setting next_dagrun for example_branch_labels to 2024-02-13T00:00:00+00:00, run_after=2024-02-14T00:00:00+00:00
[2024-02-14T16:06:09.853+0000] {processor.py:183} INFO - Processing /home/airflow/.local/lib/python3.8/site-packages/airflow/example_dags/example_branch_labels.py took 0.046 seconds
[2024-02-14T16:06:39.921+0000] {processor.py:161} INFO - Started process (PID=469) to work on /home/airflow/.local/lib/python3.8/site-packages/airflow/example_dags/example_branch_labels.py
[2024-02-14T16:06:39.922+0000] {processor.py:830} INFO - Processing file /home/airflow/.local/lib/python3.8/site-packages/airflow/example_dags/example_branch_labels.py for tasks to queue
[2024-02-14T16:06:39.923+0000] {logging_mixin.py:188} INFO - [2024-02-14T16:06:39.923+0000] {dagbag.py:538} INFO - Filling up the DagBag from /home/airflow/.local/lib/python3.8/site-packages/airflow/example_dags/example_branch_labels.py
[2024-02-14T16:06:39.928+0000] {processor.py:840} INFO - DAG(s) 'example_branch_labels' retrieved from /home/airflow/.local/lib/python3.8/site-packages/airflow/example_dags/example_branch_labels.py
[2024-02-14T16:06:39.941+0000] {logging_mixin.py:188} INFO - [2024-02-14T16:06:39.941+0000] {dag.py:3033} INFO - Sync 1 DAGs
[2024-02-14T16:06:39.954+0000] {logging_mixin.py:188} INFO - [2024-02-14T16:06:39.953+0000] {dag.py:3820} INFO - Setting next_dagrun for example_branch_labels to 2024-02-13T00:00:00+00:00, run_after=2024-02-14T00:00:00+00:00
[2024-02-14T16:06:39.963+0000] {processor.py:183} INFO - Processing /home/airflow/.local/lib/python3.8/site-packages/airflow/example_dags/example_branch_labels.py took 0.044 seconds
[2024-02-14T16:07:10.160+0000] {processor.py:161} INFO - Started process (PID=526) to work on /home/airflow/.local/lib/python3.8/site-packages/airflow/example_dags/example_branch_labels.py
[2024-02-14T16:07:10.161+0000] {processor.py:830} INFO - Processing file /home/airflow/.local/lib/python3.8/site-packages/airflow/example_dags/example_branch_labels.py for tasks to queue
[2024-02-14T16:07:10.162+0000] {logging_mixin.py:188} INFO - [2024-02-14T16:07:10.162+0000] {dagbag.py:538} INFO - Filling up the DagBag from /home/airflow/.local/lib/python3.8/site-packages/airflow/example_dags/example_branch_labels.py
[2024-02-14T16:07:10.167+0000] {processor.py:840} INFO - DAG(s) 'example_branch_labels' retrieved from /home/airflow/.local/lib/python3.8/site-packages/airflow/example_dags/example_branch_labels.py
[2024-02-14T16:07:10.180+0000] {logging_mixin.py:188} INFO - [2024-02-14T16:07:10.179+0000] {dag.py:3033} INFO - Sync 1 DAGs
[2024-02-14T16:07:10.192+0000] {logging_mixin.py:188} INFO - [2024-02-14T16:07:10.192+0000] {dag.py:3820} INFO - Setting next_dagrun for example_branch_labels to 2024-02-13T00:00:00+00:00, run_after=2024-02-14T00:00:00+00:00
[2024-02-14T16:07:10.201+0000] {processor.py:183} INFO - Processing /home/airflow/.local/lib/python3.8/site-packages/airflow/example_dags/example_branch_labels.py took 0.043 seconds
[2024-02-14T16:07:40.441+0000] {processor.py:161} INFO - Started process (PID=583) to work on /home/airflow/.local/lib/python3.8/site-packages/airflow/example_dags/example_branch_labels.py
[2024-02-14T16:07:40.442+0000] {processor.py:830} INFO - Processing file /home/airflow/.local/lib/python3.8/site-packages/airflow/example_dags/example_branch_labels.py for tasks to queue
[2024-02-14T16:07:40.444+0000] {logging_mixin.py:188} INFO - [2024-02-14T16:07:40.444+0000] {dagbag.py:538} INFO - Filling up the DagBag from /home/airflow/.local/lib/python3.8/site-packages/airflow/example_dags/example_branch_labels.py
[2024-02-14T16:07:40.449+0000] {processor.py:840} INFO - DAG(s) 'example_branch_labels' retrieved from /home/airflow/.local/lib/python3.8/site-packages/airflow/example_dags/example_branch_labels.py
[2024-02-14T16:07:40.462+0000] {logging_mixin.py:188} INFO - [2024-02-14T16:07:40.462+0000] {dag.py:3033} INFO - Sync 1 DAGs
[2024-02-14T16:07:40.477+0000] {logging_mixin.py:188} INFO - [2024-02-14T16:07:40.477+0000] {dag.py:3820} INFO - Setting next_dagrun for example_branch_labels to 2024-02-13T00:00:00+00:00, run_after=2024-02-14T00:00:00+00:00
[2024-02-14T16:07:40.490+0000] {processor.py:183} INFO - Processing /home/airflow/.local/lib/python3.8/site-packages/airflow/example_dags/example_branch_labels.py took 0.050 seconds
[2024-02-14T16:08:10.669+0000] {processor.py:161} INFO - Started process (PID=640) to work on /home/airflow/.local/lib/python3.8/site-packages/airflow/example_dags/example_branch_labels.py
[2024-02-14T16:08:10.670+0000] {processor.py:830} INFO - Processing file /home/airflow/.local/lib/python3.8/site-packages/airflow/example_dags/example_branch_labels.py for tasks to queue
[2024-02-14T16:08:10.671+0000] {logging_mixin.py:188} INFO - [2024-02-14T16:08:10.671+0000] {dagbag.py:538} INFO - Filling up the DagBag from /home/airflow/.local/lib/python3.8/site-packages/airflow/example_dags/example_branch_labels.py
[2024-02-14T16:08:10.676+0000] {processor.py:840} INFO - DAG(s) 'example_branch_labels' retrieved from /home/airflow/.local/lib/python3.8/site-packages/airflow/example_dags/example_branch_labels.py
[2024-02-14T16:08:10.688+0000] {logging_mixin.py:188} INFO - [2024-02-14T16:08:10.688+0000] {dag.py:3033} INFO - Sync 1 DAGs
[2024-02-14T16:08:10.701+0000] {logging_mixin.py:188} INFO - [2024-02-14T16:08:10.701+0000] {dag.py:3820} INFO - Setting next_dagrun for example_branch_labels to 2024-02-13T00:00:00+00:00, run_after=2024-02-14T00:00:00+00:00
[2024-02-14T16:08:10.710+0000] {processor.py:183} INFO - Processing /home/airflow/.local/lib/python3.8/site-packages/airflow/example_dags/example_branch_labels.py took 0.043 seconds
[2024-02-14T16:08:40.904+0000] {processor.py:161} INFO - Started process (PID=697) to work on /home/airflow/.local/lib/python3.8/site-packages/airflow/example_dags/example_branch_labels.py
[2024-02-14T16:08:40.905+0000] {processor.py:830} INFO - Processing file /home/airflow/.local/lib/python3.8/site-packages/airflow/example_dags/example_branch_labels.py for tasks to queue
[2024-02-14T16:08:40.906+0000] {logging_mixin.py:188} INFO - [2024-02-14T16:08:40.906+0000] {dagbag.py:538} INFO - Filling up the DagBag from /home/airflow/.local/lib/python3.8/site-packages/airflow/example_dags/example_branch_labels.py
[2024-02-14T16:08:40.911+0000] {processor.py:840} INFO - DAG(s) 'example_branch_labels' retrieved from /home/airflow/.local/lib/python3.8/site-packages/airflow/example_dags/example_branch_labels.py
[2024-02-14T16:08:40.924+0000] {logging_mixin.py:188} INFO - [2024-02-14T16:08:40.924+0000] {dag.py:3033} INFO - Sync 1 DAGs
[2024-02-14T16:08:40.938+0000] {logging_mixin.py:188} INFO - [2024-02-14T16:08:40.937+0000] {dag.py:3820} INFO - Setting next_dagrun for example_branch_labels to 2024-02-13T00:00:00+00:00, run_after=2024-02-14T00:00:00+00:00
[2024-02-14T16:08:40.948+0000] {processor.py:183} INFO - Processing /home/airflow/.local/lib/python3.8/site-packages/airflow/example_dags/example_branch_labels.py took 0.047 seconds
[2024-02-14T16:09:12.004+0000] {processor.py:161} INFO - Started process (PID=754) to work on /home/airflow/.local/lib/python3.8/site-packages/airflow/example_dags/example_branch_labels.py
[2024-02-14T16:09:12.005+0000] {processor.py:830} INFO - Processing file /home/airflow/.local/lib/python3.8/site-packages/airflow/example_dags/example_branch_labels.py for tasks to queue
[2024-02-14T16:09:12.007+0000] {logging_mixin.py:188} INFO - [2024-02-14T16:09:12.006+0000] {dagbag.py:538} INFO - Filling up the DagBag from /home/airflow/.local/lib/python3.8/site-packages/airflow/example_dags/example_branch_labels.py
[2024-02-14T16:09:12.012+0000] {processor.py:840} INFO - DAG(s) 'example_branch_labels' retrieved from /home/airflow/.local/lib/python3.8/site-packages/airflow/example_dags/example_branch_labels.py
[2024-02-14T16:09:12.027+0000] {logging_mixin.py:188} INFO - [2024-02-14T16:09:12.027+0000] {dag.py:3033} INFO - Sync 1 DAGs
[2024-02-14T16:09:12.042+0000] {logging_mixin.py:188} INFO - [2024-02-14T16:09:12.042+0000] {dag.py:3820} INFO - Setting next_dagrun for example_branch_labels to 2024-02-13T00:00:00+00:00, run_after=2024-02-14T00:00:00+00:00
[2024-02-14T16:09:12.053+0000] {processor.py:183} INFO - Processing /home/airflow/.local/lib/python3.8/site-packages/airflow/example_dags/example_branch_labels.py took 0.051 seconds
[2024-02-14T16:09:43.012+0000] {processor.py:161} INFO - Started process (PID=811) to work on /home/airflow/.local/lib/python3.8/site-packages/airflow/example_dags/example_branch_labels.py
[2024-02-14T16:09:43.013+0000] {processor.py:830} INFO - Processing file /home/airflow/.local/lib/python3.8/site-packages/airflow/example_dags/example_branch_labels.py for tasks to queue
[2024-02-14T16:09:43.014+0000] {logging_mixin.py:188} INFO - [2024-02-14T16:09:43.014+0000] {dagbag.py:538} INFO - Filling up the DagBag from /home/airflow/.local/lib/python3.8/site-packages/airflow/example_dags/example_branch_labels.py
[2024-02-14T16:09:43.019+0000] {processor.py:840} INFO - DAG(s) 'example_branch_labels' retrieved from /home/airflow/.local/lib/python3.8/site-packages/airflow/example_dags/example_branch_labels.py
[2024-02-14T16:09:43.031+0000] {logging_mixin.py:188} INFO - [2024-02-14T16:09:43.031+0000] {dag.py:3033} INFO - Sync 1 DAGs
[2024-02-14T16:09:43.044+0000] {logging_mixin.py:188} INFO - [2024-02-14T16:09:43.044+0000] {dag.py:3820} INFO - Setting next_dagrun for example_branch_labels to 2024-02-13T00:00:00+00:00, run_after=2024-02-14T00:00:00+00:00
[2024-02-14T16:09:43.055+0000] {processor.py:183} INFO - Processing /home/airflow/.local/lib/python3.8/site-packages/airflow/example_dags/example_branch_labels.py took 0.045 seconds
[2024-02-14T16:10:13.202+0000] {processor.py:161} INFO - Started process (PID=868) to work on /home/airflow/.local/lib/python3.8/site-packages/airflow/example_dags/example_branch_labels.py
[2024-02-14T16:10:13.202+0000] {processor.py:830} INFO - Processing file /home/airflow/.local/lib/python3.8/site-packages/airflow/example_dags/example_branch_labels.py for tasks to queue
[2024-02-14T16:10:13.204+0000] {logging_mixin.py:188} INFO - [2024-02-14T16:10:13.204+0000] {dagbag.py:538} INFO - Filling up the DagBag from /home/airflow/.local/lib/python3.8/site-packages/airflow/example_dags/example_branch_labels.py
[2024-02-14T16:10:13.209+0000] {processor.py:840} INFO - DAG(s) 'example_branch_labels' retrieved from /home/airflow/.local/lib/python3.8/site-packages/airflow/example_dags/example_branch_labels.py
[2024-02-14T16:10:13.222+0000] {logging_mixin.py:188} INFO - [2024-02-14T16:10:13.222+0000] {dag.py:3033} INFO - Sync 1 DAGs
[2024-02-14T16:10:13.234+0000] {logging_mixin.py:188} INFO - [2024-02-14T16:10:13.234+0000] {dag.py:3820} INFO - Setting next_dagrun for example_branch_labels to 2024-02-13T00:00:00+00:00, run_after=2024-02-14T00:00:00+00:00
[2024-02-14T16:10:13.245+0000] {processor.py:183} INFO - Processing /home/airflow/.local/lib/python3.8/site-packages/airflow/example_dags/example_branch_labels.py took 0.045 seconds
[2024-02-14T16:10:43.438+0000] {processor.py:161} INFO - Started process (PID=925) to work on /home/airflow/.local/lib/python3.8/site-packages/airflow/example_dags/example_branch_labels.py
[2024-02-14T16:10:43.439+0000] {processor.py:830} INFO - Processing file /home/airflow/.local/lib/python3.8/site-packages/airflow/example_dags/example_branch_labels.py for tasks to queue
[2024-02-14T16:10:43.441+0000] {logging_mixin.py:188} INFO - [2024-02-14T16:10:43.440+0000] {dagbag.py:538} INFO - Filling up the DagBag from /home/airflow/.local/lib/python3.8/site-packages/airflow/example_dags/example_branch_labels.py
[2024-02-14T16:10:43.446+0000] {processor.py:840} INFO - DAG(s) 'example_branch_labels' retrieved from /home/airflow/.local/lib/python3.8/site-packages/airflow/example_dags/example_branch_labels.py
[2024-02-14T16:10:43.469+0000] {logging_mixin.py:188} INFO - [2024-02-14T16:10:43.469+0000] {dag.py:3033} INFO - Sync 1 DAGs
[2024-02-14T16:10:43.481+0000] {logging_mixin.py:188} INFO - [2024-02-14T16:10:43.481+0000] {dag.py:3820} INFO - Setting next_dagrun for example_branch_labels to 2024-02-13T00:00:00+00:00, run_after=2024-02-14T00:00:00+00:00
[2024-02-14T16:10:43.492+0000] {processor.py:183} INFO - Processing /home/airflow/.local/lib/python3.8/site-packages/airflow/example_dags/example_branch_labels.py took 0.057 seconds
[2024-02-14T16:11:13.556+0000] {processor.py:161} INFO - Started process (PID=982) to work on /home/airflow/.local/lib/python3.8/site-packages/airflow/example_dags/example_branch_labels.py
[2024-02-14T16:11:13.557+0000] {processor.py:830} INFO - Processing file /home/airflow/.local/lib/python3.8/site-packages/airflow/example_dags/example_branch_labels.py for tasks to queue
[2024-02-14T16:11:13.558+0000] {logging_mixin.py:188} INFO - [2024-02-14T16:11:13.558+0000] {dagbag.py:538} INFO - Filling up the DagBag from /home/airflow/.local/lib/python3.8/site-packages/airflow/example_dags/example_branch_labels.py
[2024-02-14T16:11:13.564+0000] {processor.py:840} INFO - DAG(s) 'example_branch_labels' retrieved from /home/airflow/.local/lib/python3.8/site-packages/airflow/example_dags/example_branch_labels.py
[2024-02-14T16:11:13.577+0000] {logging_mixin.py:188} INFO - [2024-02-14T16:11:13.576+0000] {dag.py:3033} INFO - Sync 1 DAGs
[2024-02-14T16:11:13.589+0000] {logging_mixin.py:188} INFO - [2024-02-14T16:11:13.589+0000] {dag.py:3820} INFO - Setting next_dagrun for example_branch_labels to 2024-02-13T00:00:00+00:00, run_after=2024-02-14T00:00:00+00:00
[2024-02-14T16:11:13.599+0000] {processor.py:183} INFO - Processing /home/airflow/.local/lib/python3.8/site-packages/airflow/example_dags/example_branch_labels.py took 0.046 seconds
[2024-02-14T16:11:43.784+0000] {processor.py:161} INFO - Started process (PID=1038) to work on /home/airflow/.local/lib/python3.8/site-packages/airflow/example_dags/example_branch_labels.py
[2024-02-14T16:11:43.785+0000] {processor.py:830} INFO - Processing file /home/airflow/.local/lib/python3.8/site-packages/airflow/example_dags/example_branch_labels.py for tasks to queue
[2024-02-14T16:11:43.786+0000] {logging_mixin.py:188} INFO - [2024-02-14T16:11:43.786+0000] {dagbag.py:538} INFO - Filling up the DagBag from /home/airflow/.local/lib/python3.8/site-packages/airflow/example_dags/example_branch_labels.py
[2024-02-14T16:11:43.791+0000] {processor.py:840} INFO - DAG(s) 'example_branch_labels' retrieved from /home/airflow/.local/lib/python3.8/site-packages/airflow/example_dags/example_branch_labels.py
[2024-02-14T16:11:43.803+0000] {logging_mixin.py:188} INFO - [2024-02-14T16:11:43.803+0000] {dag.py:3033} INFO - Sync 1 DAGs
[2024-02-14T16:11:43.815+0000] {logging_mixin.py:188} INFO - [2024-02-14T16:11:43.815+0000] {dag.py:3820} INFO - Setting next_dagrun for example_branch_labels to 2024-02-13T00:00:00+00:00, run_after=2024-02-14T00:00:00+00:00
[2024-02-14T16:11:43.824+0000] {processor.py:183} INFO - Processing /home/airflow/.local/lib/python3.8/site-packages/airflow/example_dags/example_branch_labels.py took 0.042 seconds
[2024-02-14T16:12:13.916+0000] {processor.py:161} INFO - Started process (PID=1094) to work on /home/airflow/.local/lib/python3.8/site-packages/airflow/example_dags/example_branch_labels.py
[2024-02-14T16:12:13.917+0000] {processor.py:830} INFO - Processing file /home/airflow/.local/lib/python3.8/site-packages/airflow/example_dags/example_branch_labels.py for tasks to queue
[2024-02-14T16:12:13.919+0000] {logging_mixin.py:188} INFO - [2024-02-14T16:12:13.919+0000] {dagbag.py:538} INFO - Filling up the DagBag from /home/airflow/.local/lib/python3.8/site-packages/airflow/example_dags/example_branch_labels.py
[2024-02-14T16:12:13.924+0000] {processor.py:840} INFO - DAG(s) 'example_branch_labels' retrieved from /home/airflow/.local/lib/python3.8/site-packages/airflow/example_dags/example_branch_labels.py
[2024-02-14T16:12:13.936+0000] {logging_mixin.py:188} INFO - [2024-02-14T16:12:13.936+0000] {dag.py:3033} INFO - Sync 1 DAGs
[2024-02-14T16:12:13.949+0000] {logging_mixin.py:188} INFO - [2024-02-14T16:12:13.949+0000] {dag.py:3820} INFO - Setting next_dagrun for example_branch_labels to 2024-02-13T00:00:00+00:00, run_after=2024-02-14T00:00:00+00:00
[2024-02-14T16:12:13.959+0000] {processor.py:183} INFO - Processing /home/airflow/.local/lib/python3.8/site-packages/airflow/example_dags/example_branch_labels.py took 0.045 seconds
[2024-02-14T16:12:44.162+0000] {processor.py:161} INFO - Started process (PID=1151) to work on /home/airflow/.local/lib/python3.8/site-packages/airflow/example_dags/example_branch_labels.py
[2024-02-14T16:12:44.163+0000] {processor.py:830} INFO - Processing file /home/airflow/.local/lib/python3.8/site-packages/airflow/example_dags/example_branch_labels.py for tasks to queue
[2024-02-14T16:12:44.164+0000] {logging_mixin.py:188} INFO - [2024-02-14T16:12:44.164+0000] {dagbag.py:538} INFO - Filling up the DagBag from /home/airflow/.local/lib/python3.8/site-packages/airflow/example_dags/example_branch_labels.py
[2024-02-14T16:12:44.169+0000] {processor.py:840} INFO - DAG(s) 'example_branch_labels' retrieved from /home/airflow/.local/lib/python3.8/site-packages/airflow/example_dags/example_branch_labels.py
[2024-02-14T16:12:44.184+0000] {logging_mixin.py:188} INFO - [2024-02-14T16:12:44.184+0000] {dag.py:3033} INFO - Sync 1 DAGs
[2024-02-14T16:12:44.196+0000] {logging_mixin.py:188} INFO - [2024-02-14T16:12:44.196+0000] {dag.py:3820} INFO - Setting next_dagrun for example_branch_labels to 2024-02-13T00:00:00+00:00, run_after=2024-02-14T00:00:00+00:00
[2024-02-14T16:12:44.206+0000] {processor.py:183} INFO - Processing /home/airflow/.local/lib/python3.8/site-packages/airflow/example_dags/example_branch_labels.py took 0.047 seconds
[2024-02-14T16:13:15.426+0000] {processor.py:161} INFO - Started process (PID=1209) to work on /home/airflow/.local/lib/python3.8/site-packages/airflow/example_dags/example_branch_labels.py
[2024-02-14T16:13:15.427+0000] {processor.py:830} INFO - Processing file /home/airflow/.local/lib/python3.8/site-packages/airflow/example_dags/example_branch_labels.py for tasks to queue
[2024-02-14T16:13:15.428+0000] {logging_mixin.py:188} INFO - [2024-02-14T16:13:15.428+0000] {dagbag.py:538} INFO - Filling up the DagBag from /home/airflow/.local/lib/python3.8/site-packages/airflow/example_dags/example_branch_labels.py
[2024-02-14T16:13:15.433+0000] {processor.py:840} INFO - DAG(s) 'example_branch_labels' retrieved from /home/airflow/.local/lib/python3.8/site-packages/airflow/example_dags/example_branch_labels.py
[2024-02-14T16:13:15.445+0000] {logging_mixin.py:188} INFO - [2024-02-14T16:13:15.445+0000] {dag.py:3033} INFO - Sync 1 DAGs
[2024-02-14T16:13:15.456+0000] {logging_mixin.py:188} INFO - [2024-02-14T16:13:15.456+0000] {dag.py:3820} INFO - Setting next_dagrun for example_branch_labels to 2024-02-13T00:00:00+00:00, run_after=2024-02-14T00:00:00+00:00
[2024-02-14T16:13:15.464+0000] {processor.py:183} INFO - Processing /home/airflow/.local/lib/python3.8/site-packages/airflow/example_dags/example_branch_labels.py took 0.040 seconds
[2024-02-14T16:13:45.723+0000] {processor.py:161} INFO - Started process (PID=1266) to work on /home/airflow/.local/lib/python3.8/site-packages/airflow/example_dags/example_branch_labels.py
[2024-02-14T16:13:45.724+0000] {processor.py:830} INFO - Processing file /home/airflow/.local/lib/python3.8/site-packages/airflow/example_dags/example_branch_labels.py for tasks to queue
[2024-02-14T16:13:45.726+0000] {logging_mixin.py:188} INFO - [2024-02-14T16:13:45.725+0000] {dagbag.py:538} INFO - Filling up the DagBag from /home/airflow/.local/lib/python3.8/site-packages/airflow/example_dags/example_branch_labels.py
[2024-02-14T16:13:45.731+0000] {processor.py:840} INFO - DAG(s) 'example_branch_labels' retrieved from /home/airflow/.local/lib/python3.8/site-packages/airflow/example_dags/example_branch_labels.py
[2024-02-14T16:13:45.746+0000] {logging_mixin.py:188} INFO - [2024-02-14T16:13:45.745+0000] {dag.py:3033} INFO - Sync 1 DAGs
[2024-02-14T16:13:45.759+0000] {logging_mixin.py:188} INFO - [2024-02-14T16:13:45.759+0000] {dag.py:3820} INFO - Setting next_dagrun for example_branch_labels to 2024-02-13T00:00:00+00:00, run_after=2024-02-14T00:00:00+00:00
[2024-02-14T16:13:45.768+0000] {processor.py:183} INFO - Processing /home/airflow/.local/lib/python3.8/site-packages/airflow/example_dags/example_branch_labels.py took 0.047 seconds
[2024-02-14T16:14:16.841+0000] {processor.py:161} INFO - Started process (PID=1323) to work on /home/airflow/.local/lib/python3.8/site-packages/airflow/example_dags/example_branch_labels.py
[2024-02-14T16:14:16.842+0000] {processor.py:830} INFO - Processing file /home/airflow/.local/lib/python3.8/site-packages/airflow/example_dags/example_branch_labels.py for tasks to queue
[2024-02-14T16:14:16.844+0000] {logging_mixin.py:188} INFO - [2024-02-14T16:14:16.843+0000] {dagbag.py:538} INFO - Filling up the DagBag from /home/airflow/.local/lib/python3.8/site-packages/airflow/example_dags/example_branch_labels.py
[2024-02-14T16:14:16.849+0000] {processor.py:840} INFO - DAG(s) 'example_branch_labels' retrieved from /home/airflow/.local/lib/python3.8/site-packages/airflow/example_dags/example_branch_labels.py
[2024-02-14T16:14:16.863+0000] {logging_mixin.py:188} INFO - [2024-02-14T16:14:16.863+0000] {dag.py:3033} INFO - Sync 1 DAGs
[2024-02-14T16:14:16.875+0000] {logging_mixin.py:188} INFO - [2024-02-14T16:14:16.875+0000] {dag.py:3820} INFO - Setting next_dagrun for example_branch_labels to 2024-02-13T00:00:00+00:00, run_after=2024-02-14T00:00:00+00:00
[2024-02-14T16:14:16.885+0000] {processor.py:183} INFO - Processing /home/airflow/.local/lib/python3.8/site-packages/airflow/example_dags/example_branch_labels.py took 0.045 seconds
[2024-02-14T16:14:47.108+0000] {processor.py:161} INFO - Started process (PID=1380) to work on /home/airflow/.local/lib/python3.8/site-packages/airflow/example_dags/example_branch_labels.py
[2024-02-14T16:14:47.108+0000] {processor.py:830} INFO - Processing file /home/airflow/.local/lib/python3.8/site-packages/airflow/example_dags/example_branch_labels.py for tasks to queue
[2024-02-14T16:14:47.110+0000] {logging_mixin.py:188} INFO - [2024-02-14T16:14:47.110+0000] {dagbag.py:538} INFO - Filling up the DagBag from /home/airflow/.local/lib/python3.8/site-packages/airflow/example_dags/example_branch_labels.py
[2024-02-14T16:14:47.115+0000] {processor.py:840} INFO - DAG(s) 'example_branch_labels' retrieved from /home/airflow/.local/lib/python3.8/site-packages/airflow/example_dags/example_branch_labels.py
[2024-02-14T16:14:47.128+0000] {logging_mixin.py:188} INFO - [2024-02-14T16:14:47.128+0000] {dag.py:3033} INFO - Sync 1 DAGs
[2024-02-14T16:14:47.140+0000] {logging_mixin.py:188} INFO - [2024-02-14T16:14:47.140+0000] {dag.py:3820} INFO - Setting next_dagrun for example_branch_labels to 2024-02-13T00:00:00+00:00, run_after=2024-02-14T00:00:00+00:00
[2024-02-14T16:14:47.149+0000] {processor.py:183} INFO - Processing /home/airflow/.local/lib/python3.8/site-packages/airflow/example_dags/example_branch_labels.py took 0.043 seconds
[2024-02-14T16:15:18.289+0000] {processor.py:161} INFO - Started process (PID=1436) to work on /home/airflow/.local/lib/python3.8/site-packages/airflow/example_dags/example_branch_labels.py
[2024-02-14T16:15:18.289+0000] {processor.py:830} INFO - Processing file /home/airflow/.local/lib/python3.8/site-packages/airflow/example_dags/example_branch_labels.py for tasks to queue
[2024-02-14T16:15:18.291+0000] {logging_mixin.py:188} INFO - [2024-02-14T16:15:18.291+0000] {dagbag.py:538} INFO - Filling up the DagBag from /home/airflow/.local/lib/python3.8/site-packages/airflow/example_dags/example_branch_labels.py
[2024-02-14T16:15:18.296+0000] {processor.py:840} INFO - DAG(s) 'example_branch_labels' retrieved from /home/airflow/.local/lib/python3.8/site-packages/airflow/example_dags/example_branch_labels.py
[2024-02-14T16:15:18.308+0000] {logging_mixin.py:188} INFO - [2024-02-14T16:15:18.308+0000] {dag.py:3033} INFO - Sync 1 DAGs
[2024-02-14T16:15:18.319+0000] {logging_mixin.py:188} INFO - [2024-02-14T16:15:18.319+0000] {dag.py:3820} INFO - Setting next_dagrun for example_branch_labels to 2024-02-13T00:00:00+00:00, run_after=2024-02-14T00:00:00+00:00
[2024-02-14T16:15:18.327+0000] {processor.py:183} INFO - Processing /home/airflow/.local/lib/python3.8/site-packages/airflow/example_dags/example_branch_labels.py took 0.041 seconds
[2024-02-14T16:15:48.567+0000] {processor.py:161} INFO - Started process (PID=1492) to work on /home/airflow/.local/lib/python3.8/site-packages/airflow/example_dags/example_branch_labels.py
[2024-02-14T16:15:48.567+0000] {processor.py:830} INFO - Processing file /home/airflow/.local/lib/python3.8/site-packages/airflow/example_dags/example_branch_labels.py for tasks to queue
[2024-02-14T16:15:48.569+0000] {logging_mixin.py:188} INFO - [2024-02-14T16:15:48.569+0000] {dagbag.py:538} INFO - Filling up the DagBag from /home/airflow/.local/lib/python3.8/site-packages/airflow/example_dags/example_branch_labels.py
[2024-02-14T16:15:48.574+0000] {processor.py:840} INFO - DAG(s) 'example_branch_labels' retrieved from /home/airflow/.local/lib/python3.8/site-packages/airflow/example_dags/example_branch_labels.py
[2024-02-14T16:15:48.587+0000] {logging_mixin.py:188} INFO - [2024-02-14T16:15:48.587+0000] {dag.py:3033} INFO - Sync 1 DAGs
[2024-02-14T16:15:48.600+0000] {logging_mixin.py:188} INFO - [2024-02-14T16:15:48.600+0000] {dag.py:3820} INFO - Setting next_dagrun for example_branch_labels to 2024-02-13T00:00:00+00:00, run_after=2024-02-14T00:00:00+00:00
[2024-02-14T16:15:48.610+0000] {processor.py:183} INFO - Processing /home/airflow/.local/lib/python3.8/site-packages/airflow/example_dags/example_branch_labels.py took 0.046 seconds
[2024-02-14T16:16:19.730+0000] {processor.py:161} INFO - Started process (PID=1549) to work on /home/airflow/.local/lib/python3.8/site-packages/airflow/example_dags/example_branch_labels.py
[2024-02-14T16:16:19.730+0000] {processor.py:830} INFO - Processing file /home/airflow/.local/lib/python3.8/site-packages/airflow/example_dags/example_branch_labels.py for tasks to queue
[2024-02-14T16:16:19.732+0000] {logging_mixin.py:188} INFO - [2024-02-14T16:16:19.732+0000] {dagbag.py:538} INFO - Filling up the DagBag from /home/airflow/.local/lib/python3.8/site-packages/airflow/example_dags/example_branch_labels.py
[2024-02-14T16:16:19.736+0000] {processor.py:840} INFO - DAG(s) 'example_branch_labels' retrieved from /home/airflow/.local/lib/python3.8/site-packages/airflow/example_dags/example_branch_labels.py
[2024-02-14T16:16:19.749+0000] {logging_mixin.py:188} INFO - [2024-02-14T16:16:19.748+0000] {dag.py:3033} INFO - Sync 1 DAGs
[2024-02-14T16:16:19.761+0000] {logging_mixin.py:188} INFO - [2024-02-14T16:16:19.761+0000] {dag.py:3820} INFO - Setting next_dagrun for example_branch_labels to 2024-02-13T00:00:00+00:00, run_after=2024-02-14T00:00:00+00:00
[2024-02-14T16:16:19.770+0000] {processor.py:183} INFO - Processing /home/airflow/.local/lib/python3.8/site-packages/airflow/example_dags/example_branch_labels.py took 0.042 seconds
[2024-02-14T16:16:50.719+0000] {processor.py:161} INFO - Started process (PID=1606) to work on /home/airflow/.local/lib/python3.8/site-packages/airflow/example_dags/example_branch_labels.py
[2024-02-14T16:16:50.719+0000] {processor.py:830} INFO - Processing file /home/airflow/.local/lib/python3.8/site-packages/airflow/example_dags/example_branch_labels.py for tasks to queue
[2024-02-14T16:16:50.721+0000] {logging_mixin.py:188} INFO - [2024-02-14T16:16:50.721+0000] {dagbag.py:538} INFO - Filling up the DagBag from /home/airflow/.local/lib/python3.8/site-packages/airflow/example_dags/example_branch_labels.py
[2024-02-14T16:16:50.725+0000] {processor.py:840} INFO - DAG(s) 'example_branch_labels' retrieved from /home/airflow/.local/lib/python3.8/site-packages/airflow/example_dags/example_branch_labels.py
[2024-02-14T16:16:50.738+0000] {logging_mixin.py:188} INFO - [2024-02-14T16:16:50.738+0000] {dag.py:3033} INFO - Sync 1 DAGs
[2024-02-14T16:16:50.751+0000] {logging_mixin.py:188} INFO - [2024-02-14T16:16:50.750+0000] {dag.py:3820} INFO - Setting next_dagrun for example_branch_labels to 2024-02-13T00:00:00+00:00, run_after=2024-02-14T00:00:00+00:00
[2024-02-14T16:16:50.760+0000] {processor.py:183} INFO - Processing /home/airflow/.local/lib/python3.8/site-packages/airflow/example_dags/example_branch_labels.py took 0.044 seconds
[2024-02-14T16:17:20.986+0000] {processor.py:161} INFO - Started process (PID=1663) to work on /home/airflow/.local/lib/python3.8/site-packages/airflow/example_dags/example_branch_labels.py
[2024-02-14T16:17:20.987+0000] {processor.py:830} INFO - Processing file /home/airflow/.local/lib/python3.8/site-packages/airflow/example_dags/example_branch_labels.py for tasks to queue
[2024-02-14T16:17:20.988+0000] {logging_mixin.py:188} INFO - [2024-02-14T16:17:20.988+0000] {dagbag.py:538} INFO - Filling up the DagBag from /home/airflow/.local/lib/python3.8/site-packages/airflow/example_dags/example_branch_labels.py
[2024-02-14T16:17:20.993+0000] {processor.py:840} INFO - DAG(s) 'example_branch_labels' retrieved from /home/airflow/.local/lib/python3.8/site-packages/airflow/example_dags/example_branch_labels.py
[2024-02-14T16:17:21.006+0000] {logging_mixin.py:188} INFO - [2024-02-14T16:17:21.006+0000] {dag.py:3033} INFO - Sync 1 DAGs
[2024-02-14T16:17:21.018+0000] {logging_mixin.py:188} INFO - [2024-02-14T16:17:21.018+0000] {dag.py:3820} INFO - Setting next_dagrun for example_branch_labels to 2024-02-13T00:00:00+00:00, run_after=2024-02-14T00:00:00+00:00
[2024-02-14T16:17:21.027+0000] {processor.py:183} INFO - Processing /home/airflow/.local/lib/python3.8/site-packages/airflow/example_dags/example_branch_labels.py took 0.044 seconds
[2024-02-14T16:17:51.235+0000] {processor.py:161} INFO - Started process (PID=1720) to work on /home/airflow/.local/lib/python3.8/site-packages/airflow/example_dags/example_branch_labels.py
[2024-02-14T16:17:51.236+0000] {processor.py:830} INFO - Processing file /home/airflow/.local/lib/python3.8/site-packages/airflow/example_dags/example_branch_labels.py for tasks to queue
[2024-02-14T16:17:51.237+0000] {logging_mixin.py:188} INFO - [2024-02-14T16:17:51.237+0000] {dagbag.py:538} INFO - Filling up the DagBag from /home/airflow/.local/lib/python3.8/site-packages/airflow/example_dags/example_branch_labels.py
[2024-02-14T16:17:51.242+0000] {processor.py:840} INFO - DAG(s) 'example_branch_labels' retrieved from /home/airflow/.local/lib/python3.8/site-packages/airflow/example_dags/example_branch_labels.py
[2024-02-14T16:17:51.254+0000] {logging_mixin.py:188} INFO - [2024-02-14T16:17:51.254+0000] {dag.py:3033} INFO - Sync 1 DAGs
[2024-02-14T16:17:51.265+0000] {logging_mixin.py:188} INFO - [2024-02-14T16:17:51.265+0000] {dag.py:3820} INFO - Setting next_dagrun for example_branch_labels to 2024-02-13T00:00:00+00:00, run_after=2024-02-14T00:00:00+00:00
[2024-02-14T16:17:51.274+0000] {processor.py:183} INFO - Processing /home/airflow/.local/lib/python3.8/site-packages/airflow/example_dags/example_branch_labels.py took 0.042 seconds
[2024-02-14T16:18:21.366+0000] {processor.py:161} INFO - Started process (PID=1777) to work on /home/airflow/.local/lib/python3.8/site-packages/airflow/example_dags/example_branch_labels.py
[2024-02-14T16:18:21.366+0000] {processor.py:830} INFO - Processing file /home/airflow/.local/lib/python3.8/site-packages/airflow/example_dags/example_branch_labels.py for tasks to queue
[2024-02-14T16:18:21.368+0000] {logging_mixin.py:188} INFO - [2024-02-14T16:18:21.368+0000] {dagbag.py:538} INFO - Filling up the DagBag from /home/airflow/.local/lib/python3.8/site-packages/airflow/example_dags/example_branch_labels.py
[2024-02-14T16:18:21.373+0000] {processor.py:840} INFO - DAG(s) 'example_branch_labels' retrieved from /home/airflow/.local/lib/python3.8/site-packages/airflow/example_dags/example_branch_labels.py
[2024-02-14T16:18:21.387+0000] {logging_mixin.py:188} INFO - [2024-02-14T16:18:21.386+0000] {dag.py:3033} INFO - Sync 1 DAGs
[2024-02-14T16:18:21.399+0000] {logging_mixin.py:188} INFO - [2024-02-14T16:18:21.398+0000] {dag.py:3820} INFO - Setting next_dagrun for example_branch_labels to 2024-02-13T00:00:00+00:00, run_after=2024-02-14T00:00:00+00:00
[2024-02-14T16:18:21.409+0000] {processor.py:183} INFO - Processing /home/airflow/.local/lib/python3.8/site-packages/airflow/example_dags/example_branch_labels.py took 0.046 seconds
[2024-02-14T16:18:51.501+0000] {processor.py:161} INFO - Started process (PID=1833) to work on /home/airflow/.local/lib/python3.8/site-packages/airflow/example_dags/example_branch_labels.py
[2024-02-14T16:18:51.501+0000] {processor.py:830} INFO - Processing file /home/airflow/.local/lib/python3.8/site-packages/airflow/example_dags/example_branch_labels.py for tasks to queue
[2024-02-14T16:18:51.503+0000] {logging_mixin.py:188} INFO - [2024-02-14T16:18:51.503+0000] {dagbag.py:538} INFO - Filling up the DagBag from /home/airflow/.local/lib/python3.8/site-packages/airflow/example_dags/example_branch_labels.py
[2024-02-14T16:18:51.508+0000] {processor.py:840} INFO - DAG(s) 'example_branch_labels' retrieved from /home/airflow/.local/lib/python3.8/site-packages/airflow/example_dags/example_branch_labels.py
[2024-02-14T16:18:51.527+0000] {logging_mixin.py:188} INFO - [2024-02-14T16:18:51.526+0000] {dag.py:3033} INFO - Sync 1 DAGs
[2024-02-14T16:18:51.539+0000] {logging_mixin.py:188} INFO - [2024-02-14T16:18:51.539+0000] {dag.py:3820} INFO - Setting next_dagrun for example_branch_labels to 2024-02-13T00:00:00+00:00, run_after=2024-02-14T00:00:00+00:00
[2024-02-14T16:18:51.549+0000] {processor.py:183} INFO - Processing /home/airflow/.local/lib/python3.8/site-packages/airflow/example_dags/example_branch_labels.py took 0.052 seconds
[2024-02-14T16:19:21.911+0000] {processor.py:161} INFO - Started process (PID=1890) to work on /home/airflow/.local/lib/python3.8/site-packages/airflow/example_dags/example_branch_labels.py
[2024-02-14T16:19:21.912+0000] {processor.py:830} INFO - Processing file /home/airflow/.local/lib/python3.8/site-packages/airflow/example_dags/example_branch_labels.py for tasks to queue
[2024-02-14T16:19:21.914+0000] {logging_mixin.py:188} INFO - [2024-02-14T16:19:21.914+0000] {dagbag.py:538} INFO - Filling up the DagBag from /home/airflow/.local/lib/python3.8/site-packages/airflow/example_dags/example_branch_labels.py
[2024-02-14T16:19:21.920+0000] {processor.py:840} INFO - DAG(s) 'example_branch_labels' retrieved from /home/airflow/.local/lib/python3.8/site-packages/airflow/example_dags/example_branch_labels.py
[2024-02-14T16:19:21.938+0000] {logging_mixin.py:188} INFO - [2024-02-14T16:19:21.937+0000] {dag.py:3033} INFO - Sync 1 DAGs
[2024-02-14T16:19:21.950+0000] {logging_mixin.py:188} INFO - [2024-02-14T16:19:21.950+0000] {dag.py:3820} INFO - Setting next_dagrun for example_branch_labels to 2024-02-13T00:00:00+00:00, run_after=2024-02-14T00:00:00+00:00
[2024-02-14T16:19:21.960+0000] {processor.py:183} INFO - Processing /home/airflow/.local/lib/python3.8/site-packages/airflow/example_dags/example_branch_labels.py took 0.052 seconds
[2024-02-14T16:19:51.994+0000] {processor.py:161} INFO - Started process (PID=1946) to work on /home/airflow/.local/lib/python3.8/site-packages/airflow/example_dags/example_branch_labels.py
[2024-02-14T16:19:51.995+0000] {processor.py:830} INFO - Processing file /home/airflow/.local/lib/python3.8/site-packages/airflow/example_dags/example_branch_labels.py for tasks to queue
[2024-02-14T16:19:51.996+0000] {logging_mixin.py:188} INFO - [2024-02-14T16:19:51.996+0000] {dagbag.py:538} INFO - Filling up the DagBag from /home/airflow/.local/lib/python3.8/site-packages/airflow/example_dags/example_branch_labels.py
[2024-02-14T16:19:52.001+0000] {processor.py:840} INFO - DAG(s) 'example_branch_labels' retrieved from /home/airflow/.local/lib/python3.8/site-packages/airflow/example_dags/example_branch_labels.py
[2024-02-14T16:19:52.014+0000] {logging_mixin.py:188} INFO - [2024-02-14T16:19:52.014+0000] {dag.py:3033} INFO - Sync 1 DAGs
[2024-02-14T16:19:52.025+0000] {logging_mixin.py:188} INFO - [2024-02-14T16:19:52.025+0000] {dag.py:3820} INFO - Setting next_dagrun for example_branch_labels to 2024-02-13T00:00:00+00:00, run_after=2024-02-14T00:00:00+00:00
[2024-02-14T16:19:52.034+0000] {processor.py:183} INFO - Processing /home/airflow/.local/lib/python3.8/site-packages/airflow/example_dags/example_branch_labels.py took 0.041 seconds
[2024-02-14T16:20:22.089+0000] {processor.py:161} INFO - Started process (PID=2003) to work on /home/airflow/.local/lib/python3.8/site-packages/airflow/example_dags/example_branch_labels.py
[2024-02-14T16:20:22.090+0000] {processor.py:830} INFO - Processing file /home/airflow/.local/lib/python3.8/site-packages/airflow/example_dags/example_branch_labels.py for tasks to queue
[2024-02-14T16:20:22.092+0000] {logging_mixin.py:188} INFO - [2024-02-14T16:20:22.091+0000] {dagbag.py:538} INFO - Filling up the DagBag from /home/airflow/.local/lib/python3.8/site-packages/airflow/example_dags/example_branch_labels.py
[2024-02-14T16:20:22.096+0000] {processor.py:840} INFO - DAG(s) 'example_branch_labels' retrieved from /home/airflow/.local/lib/python3.8/site-packages/airflow/example_dags/example_branch_labels.py
[2024-02-14T16:20:22.109+0000] {logging_mixin.py:188} INFO - [2024-02-14T16:20:22.108+0000] {dag.py:3033} INFO - Sync 1 DAGs
[2024-02-14T16:20:22.120+0000] {logging_mixin.py:188} INFO - [2024-02-14T16:20:22.119+0000] {dag.py:3820} INFO - Setting next_dagrun for example_branch_labels to 2024-02-13T00:00:00+00:00, run_after=2024-02-14T00:00:00+00:00
[2024-02-14T16:20:22.128+0000] {processor.py:183} INFO - Processing /home/airflow/.local/lib/python3.8/site-packages/airflow/example_dags/example_branch_labels.py took 0.041 seconds
[2024-02-14T16:20:52.547+0000] {processor.py:161} INFO - Started process (PID=2060) to work on /home/airflow/.local/lib/python3.8/site-packages/airflow/example_dags/example_branch_labels.py
[2024-02-14T16:20:52.547+0000] {processor.py:830} INFO - Processing file /home/airflow/.local/lib/python3.8/site-packages/airflow/example_dags/example_branch_labels.py for tasks to queue
[2024-02-14T16:20:52.549+0000] {logging_mixin.py:188} INFO - [2024-02-14T16:20:52.549+0000] {dagbag.py:538} INFO - Filling up the DagBag from /home/airflow/.local/lib/python3.8/site-packages/airflow/example_dags/example_branch_labels.py
[2024-02-14T16:20:52.555+0000] {processor.py:840} INFO - DAG(s) 'example_branch_labels' retrieved from /home/airflow/.local/lib/python3.8/site-packages/airflow/example_dags/example_branch_labels.py
[2024-02-14T16:20:52.570+0000] {logging_mixin.py:188} INFO - [2024-02-14T16:20:52.570+0000] {dag.py:3033} INFO - Sync 1 DAGs
[2024-02-14T16:20:52.584+0000] {logging_mixin.py:188} INFO - [2024-02-14T16:20:52.584+0000] {dag.py:3820} INFO - Setting next_dagrun for example_branch_labels to 2024-02-13T00:00:00+00:00, run_after=2024-02-14T00:00:00+00:00
[2024-02-14T16:20:52.596+0000] {processor.py:183} INFO - Processing /home/airflow/.local/lib/python3.8/site-packages/airflow/example_dags/example_branch_labels.py took 0.052 seconds
[2024-02-14T16:21:23.053+0000] {processor.py:161} INFO - Started process (PID=2117) to work on /home/airflow/.local/lib/python3.8/site-packages/airflow/example_dags/example_branch_labels.py
[2024-02-14T16:21:23.054+0000] {processor.py:830} INFO - Processing file /home/airflow/.local/lib/python3.8/site-packages/airflow/example_dags/example_branch_labels.py for tasks to queue
[2024-02-14T16:21:23.056+0000] {logging_mixin.py:188} INFO - [2024-02-14T16:21:23.056+0000] {dagbag.py:538} INFO - Filling up the DagBag from /home/airflow/.local/lib/python3.8/site-packages/airflow/example_dags/example_branch_labels.py
[2024-02-14T16:21:23.061+0000] {processor.py:840} INFO - DAG(s) 'example_branch_labels' retrieved from /home/airflow/.local/lib/python3.8/site-packages/airflow/example_dags/example_branch_labels.py
[2024-02-14T16:21:23.075+0000] {logging_mixin.py:188} INFO - [2024-02-14T16:21:23.075+0000] {dag.py:3033} INFO - Sync 1 DAGs
[2024-02-14T16:21:23.087+0000] {logging_mixin.py:188} INFO - [2024-02-14T16:21:23.087+0000] {dag.py:3820} INFO - Setting next_dagrun for example_branch_labels to 2024-02-13T00:00:00+00:00, run_after=2024-02-14T00:00:00+00:00
[2024-02-14T16:21:23.097+0000] {processor.py:183} INFO - Processing /home/airflow/.local/lib/python3.8/site-packages/airflow/example_dags/example_branch_labels.py took 0.047 seconds
[2024-02-14T16:21:53.452+0000] {processor.py:161} INFO - Started process (PID=2173) to work on /home/airflow/.local/lib/python3.8/site-packages/airflow/example_dags/example_branch_labels.py
[2024-02-14T16:21:53.453+0000] {processor.py:830} INFO - Processing file /home/airflow/.local/lib/python3.8/site-packages/airflow/example_dags/example_branch_labels.py for tasks to queue
[2024-02-14T16:21:53.455+0000] {logging_mixin.py:188} INFO - [2024-02-14T16:21:53.455+0000] {dagbag.py:538} INFO - Filling up the DagBag from /home/airflow/.local/lib/python3.8/site-packages/airflow/example_dags/example_branch_labels.py
[2024-02-14T16:21:53.460+0000] {processor.py:840} INFO - DAG(s) 'example_branch_labels' retrieved from /home/airflow/.local/lib/python3.8/site-packages/airflow/example_dags/example_branch_labels.py
[2024-02-14T16:21:53.475+0000] {logging_mixin.py:188} INFO - [2024-02-14T16:21:53.475+0000] {dag.py:3033} INFO - Sync 1 DAGs
[2024-02-14T16:21:53.489+0000] {logging_mixin.py:188} INFO - [2024-02-14T16:21:53.488+0000] {dag.py:3820} INFO - Setting next_dagrun for example_branch_labels to 2024-02-13T00:00:00+00:00, run_after=2024-02-14T00:00:00+00:00
[2024-02-14T16:21:53.500+0000] {processor.py:183} INFO - Processing /home/airflow/.local/lib/python3.8/site-packages/airflow/example_dags/example_branch_labels.py took 0.050 seconds
[2024-02-14T16:22:23.904+0000] {processor.py:161} INFO - Started process (PID=2230) to work on /home/airflow/.local/lib/python3.8/site-packages/airflow/example_dags/example_branch_labels.py
[2024-02-14T16:22:23.904+0000] {processor.py:830} INFO - Processing file /home/airflow/.local/lib/python3.8/site-packages/airflow/example_dags/example_branch_labels.py for tasks to queue
[2024-02-14T16:22:23.906+0000] {logging_mixin.py:188} INFO - [2024-02-14T16:22:23.906+0000] {dagbag.py:538} INFO - Filling up the DagBag from /home/airflow/.local/lib/python3.8/site-packages/airflow/example_dags/example_branch_labels.py
[2024-02-14T16:22:23.911+0000] {processor.py:840} INFO - DAG(s) 'example_branch_labels' retrieved from /home/airflow/.local/lib/python3.8/site-packages/airflow/example_dags/example_branch_labels.py
[2024-02-14T16:22:23.925+0000] {logging_mixin.py:188} INFO - [2024-02-14T16:22:23.925+0000] {dag.py:3033} INFO - Sync 1 DAGs
[2024-02-14T16:22:24.031+0000] {logging_mixin.py:188} INFO - [2024-02-14T16:22:24.031+0000] {dag.py:3820} INFO - Setting next_dagrun for example_branch_labels to 2024-02-13T00:00:00+00:00, run_after=2024-02-14T00:00:00+00:00
[2024-02-14T16:22:24.039+0000] {processor.py:183} INFO - Processing /home/airflow/.local/lib/python3.8/site-packages/airflow/example_dags/example_branch_labels.py took 0.138 seconds
[2024-02-14T16:22:54.082+0000] {processor.py:161} INFO - Started process (PID=2287) to work on /home/airflow/.local/lib/python3.8/site-packages/airflow/example_dags/example_branch_labels.py
[2024-02-14T16:22:54.082+0000] {processor.py:830} INFO - Processing file /home/airflow/.local/lib/python3.8/site-packages/airflow/example_dags/example_branch_labels.py for tasks to queue
[2024-02-14T16:22:54.084+0000] {logging_mixin.py:188} INFO - [2024-02-14T16:22:54.083+0000] {dagbag.py:538} INFO - Filling up the DagBag from /home/airflow/.local/lib/python3.8/site-packages/airflow/example_dags/example_branch_labels.py
[2024-02-14T16:22:54.088+0000] {processor.py:840} INFO - DAG(s) 'example_branch_labels' retrieved from /home/airflow/.local/lib/python3.8/site-packages/airflow/example_dags/example_branch_labels.py
[2024-02-14T16:22:54.101+0000] {logging_mixin.py:188} INFO - [2024-02-14T16:22:54.101+0000] {dag.py:3033} INFO - Sync 1 DAGs
[2024-02-14T16:22:54.207+0000] {logging_mixin.py:188} INFO - [2024-02-14T16:22:54.206+0000] {dag.py:3820} INFO - Setting next_dagrun for example_branch_labels to 2024-02-13T00:00:00+00:00, run_after=2024-02-14T00:00:00+00:00
[2024-02-14T16:22:54.215+0000] {processor.py:183} INFO - Processing /home/airflow/.local/lib/python3.8/site-packages/airflow/example_dags/example_branch_labels.py took 0.135 seconds
[2024-02-14T16:23:25.276+0000] {processor.py:161} INFO - Started process (PID=2346) to work on /home/airflow/.local/lib/python3.8/site-packages/airflow/example_dags/example_branch_labels.py
[2024-02-14T16:23:25.277+0000] {processor.py:830} INFO - Processing file /home/airflow/.local/lib/python3.8/site-packages/airflow/example_dags/example_branch_labels.py for tasks to queue
[2024-02-14T16:23:25.278+0000] {logging_mixin.py:188} INFO - [2024-02-14T16:23:25.278+0000] {dagbag.py:538} INFO - Filling up the DagBag from /home/airflow/.local/lib/python3.8/site-packages/airflow/example_dags/example_branch_labels.py
[2024-02-14T16:23:25.284+0000] {processor.py:840} INFO - DAG(s) 'example_branch_labels' retrieved from /home/airflow/.local/lib/python3.8/site-packages/airflow/example_dags/example_branch_labels.py
[2024-02-14T16:23:25.296+0000] {logging_mixin.py:188} INFO - [2024-02-14T16:23:25.296+0000] {dag.py:3033} INFO - Sync 1 DAGs
[2024-02-14T16:23:25.307+0000] {logging_mixin.py:188} INFO - [2024-02-14T16:23:25.307+0000] {dag.py:3820} INFO - Setting next_dagrun for example_branch_labels to 2024-02-13T00:00:00+00:00, run_after=2024-02-14T00:00:00+00:00
[2024-02-14T16:23:25.315+0000] {processor.py:183} INFO - Processing /home/airflow/.local/lib/python3.8/site-packages/airflow/example_dags/example_branch_labels.py took 0.042 seconds
[2024-02-14T16:23:55.518+0000] {processor.py:161} INFO - Started process (PID=2403) to work on /home/airflow/.local/lib/python3.8/site-packages/airflow/example_dags/example_branch_labels.py
[2024-02-14T16:23:55.519+0000] {processor.py:830} INFO - Processing file /home/airflow/.local/lib/python3.8/site-packages/airflow/example_dags/example_branch_labels.py for tasks to queue
[2024-02-14T16:23:55.520+0000] {logging_mixin.py:188} INFO - [2024-02-14T16:23:55.520+0000] {dagbag.py:538} INFO - Filling up the DagBag from /home/airflow/.local/lib/python3.8/site-packages/airflow/example_dags/example_branch_labels.py
[2024-02-14T16:23:55.525+0000] {processor.py:840} INFO - DAG(s) 'example_branch_labels' retrieved from /home/airflow/.local/lib/python3.8/site-packages/airflow/example_dags/example_branch_labels.py
[2024-02-14T16:23:55.537+0000] {logging_mixin.py:188} INFO - [2024-02-14T16:23:55.537+0000] {dag.py:3033} INFO - Sync 1 DAGs
[2024-02-14T16:23:55.549+0000] {logging_mixin.py:188} INFO - [2024-02-14T16:23:55.549+0000] {dag.py:3820} INFO - Setting next_dagrun for example_branch_labels to 2024-02-13T00:00:00+00:00, run_after=2024-02-14T00:00:00+00:00
[2024-02-14T16:23:55.558+0000] {processor.py:183} INFO - Processing /home/airflow/.local/lib/python3.8/site-packages/airflow/example_dags/example_branch_labels.py took 0.042 seconds
[2024-02-14T16:24:25.749+0000] {processor.py:161} INFO - Started process (PID=2460) to work on /home/airflow/.local/lib/python3.8/site-packages/airflow/example_dags/example_branch_labels.py
[2024-02-14T16:24:25.749+0000] {processor.py:830} INFO - Processing file /home/airflow/.local/lib/python3.8/site-packages/airflow/example_dags/example_branch_labels.py for tasks to queue
[2024-02-14T16:24:25.751+0000] {logging_mixin.py:188} INFO - [2024-02-14T16:24:25.751+0000] {dagbag.py:538} INFO - Filling up the DagBag from /home/airflow/.local/lib/python3.8/site-packages/airflow/example_dags/example_branch_labels.py
[2024-02-14T16:24:25.756+0000] {processor.py:840} INFO - DAG(s) 'example_branch_labels' retrieved from /home/airflow/.local/lib/python3.8/site-packages/airflow/example_dags/example_branch_labels.py
[2024-02-14T16:24:25.769+0000] {logging_mixin.py:188} INFO - [2024-02-14T16:24:25.769+0000] {dag.py:3033} INFO - Sync 1 DAGs
[2024-02-14T16:24:25.781+0000] {logging_mixin.py:188} INFO - [2024-02-14T16:24:25.781+0000] {dag.py:3820} INFO - Setting next_dagrun for example_branch_labels to 2024-02-13T00:00:00+00:00, run_after=2024-02-14T00:00:00+00:00
[2024-02-14T16:24:25.790+0000] {processor.py:183} INFO - Processing /home/airflow/.local/lib/python3.8/site-packages/airflow/example_dags/example_branch_labels.py took 0.044 seconds
