[2024-02-14T16:03:07.513+0000] {processor.py:161} INFO - Started process (PID=60) to work on /home/airflow/.local/lib/python3.8/site-packages/airflow/example_dags/example_python_decorator.py
[2024-02-14T16:03:07.514+0000] {processor.py:830} INFO - Processing file /home/airflow/.local/lib/python3.8/site-packages/airflow/example_dags/example_python_decorator.py for tasks to queue
[2024-02-14T16:03:07.515+0000] {logging_mixin.py:188} INFO - [2024-02-14T16:03:07.515+0000] {dagbag.py:538} INFO - Filling up the DagBag from /home/airflow/.local/lib/python3.8/site-packages/airflow/example_dags/example_python_decorator.py
[2024-02-14T16:03:07.523+0000] {processor.py:840} INFO - DAG(s) 'example_python_decorator' retrieved from /home/airflow/.local/lib/python3.8/site-packages/airflow/example_dags/example_python_decorator.py
[2024-02-14T16:03:07.533+0000] {logging_mixin.py:188} INFO - [2024-02-14T16:03:07.533+0000] {dag.py:3033} INFO - Sync 1 DAGs
[2024-02-14T16:03:07.545+0000] {logging_mixin.py:188} INFO - [2024-02-14T16:03:07.545+0000] {dag.py:3820} INFO - Setting next_dagrun for example_python_decorator to None, run_after=None
[2024-02-14T16:03:07.561+0000] {processor.py:183} INFO - Processing /home/airflow/.local/lib/python3.8/site-packages/airflow/example_dags/example_python_decorator.py took 0.050 seconds
[2024-02-14T16:03:37.784+0000] {processor.py:161} INFO - Started process (PID=117) to work on /home/airflow/.local/lib/python3.8/site-packages/airflow/example_dags/example_python_decorator.py
[2024-02-14T16:03:37.785+0000] {processor.py:830} INFO - Processing file /home/airflow/.local/lib/python3.8/site-packages/airflow/example_dags/example_python_decorator.py for tasks to queue
[2024-02-14T16:03:37.787+0000] {logging_mixin.py:188} INFO - [2024-02-14T16:03:37.786+0000] {dagbag.py:538} INFO - Filling up the DagBag from /home/airflow/.local/lib/python3.8/site-packages/airflow/example_dags/example_python_decorator.py
[2024-02-14T16:03:37.792+0000] {processor.py:840} INFO - DAG(s) 'example_python_decorator' retrieved from /home/airflow/.local/lib/python3.8/site-packages/airflow/example_dags/example_python_decorator.py
[2024-02-14T16:03:37.847+0000] {logging_mixin.py:188} INFO - [2024-02-14T16:03:37.847+0000] {dag.py:3033} INFO - Sync 1 DAGs
[2024-02-14T16:03:37.852+0000] {logging_mixin.py:188} INFO - [2024-02-14T16:03:37.852+0000] {dag.py:3820} INFO - Setting next_dagrun for example_python_decorator to None, run_after=None
[2024-02-14T16:03:37.863+0000] {processor.py:183} INFO - Processing /home/airflow/.local/lib/python3.8/site-packages/airflow/example_dags/example_python_decorator.py took 0.081 seconds
[2024-02-14T16:04:08.484+0000] {processor.py:161} INFO - Started process (PID=174) to work on /home/airflow/.local/lib/python3.8/site-packages/airflow/example_dags/example_python_decorator.py
[2024-02-14T16:04:08.485+0000] {processor.py:830} INFO - Processing file /home/airflow/.local/lib/python3.8/site-packages/airflow/example_dags/example_python_decorator.py for tasks to queue
[2024-02-14T16:04:08.486+0000] {logging_mixin.py:188} INFO - [2024-02-14T16:04:08.486+0000] {dagbag.py:538} INFO - Filling up the DagBag from /home/airflow/.local/lib/python3.8/site-packages/airflow/example_dags/example_python_decorator.py
[2024-02-14T16:04:08.491+0000] {processor.py:840} INFO - DAG(s) 'example_python_decorator' retrieved from /home/airflow/.local/lib/python3.8/site-packages/airflow/example_dags/example_python_decorator.py
[2024-02-14T16:04:08.504+0000] {logging_mixin.py:188} INFO - [2024-02-14T16:04:08.504+0000] {dag.py:3033} INFO - Sync 1 DAGs
[2024-02-14T16:04:08.518+0000] {logging_mixin.py:188} INFO - [2024-02-14T16:04:08.518+0000] {dag.py:3820} INFO - Setting next_dagrun for example_python_decorator to None, run_after=None
[2024-02-14T16:04:08.530+0000] {processor.py:183} INFO - Processing /home/airflow/.local/lib/python3.8/site-packages/airflow/example_dags/example_python_decorator.py took 0.048 seconds
[2024-02-14T16:04:38.712+0000] {processor.py:161} INFO - Started process (PID=231) to work on /home/airflow/.local/lib/python3.8/site-packages/airflow/example_dags/example_python_decorator.py
[2024-02-14T16:04:38.713+0000] {processor.py:830} INFO - Processing file /home/airflow/.local/lib/python3.8/site-packages/airflow/example_dags/example_python_decorator.py for tasks to queue
[2024-02-14T16:04:38.715+0000] {logging_mixin.py:188} INFO - [2024-02-14T16:04:38.715+0000] {dagbag.py:538} INFO - Filling up the DagBag from /home/airflow/.local/lib/python3.8/site-packages/airflow/example_dags/example_python_decorator.py
[2024-02-14T16:04:38.720+0000] {processor.py:840} INFO - DAG(s) 'example_python_decorator' retrieved from /home/airflow/.local/lib/python3.8/site-packages/airflow/example_dags/example_python_decorator.py
[2024-02-14T16:04:38.733+0000] {logging_mixin.py:188} INFO - [2024-02-14T16:04:38.732+0000] {dag.py:3033} INFO - Sync 1 DAGs
[2024-02-14T16:04:38.739+0000] {logging_mixin.py:188} INFO - [2024-02-14T16:04:38.739+0000] {dag.py:3820} INFO - Setting next_dagrun for example_python_decorator to None, run_after=None
[2024-02-14T16:04:38.750+0000] {processor.py:183} INFO - Processing /home/airflow/.local/lib/python3.8/site-packages/airflow/example_dags/example_python_decorator.py took 0.040 seconds
[2024-02-14T16:05:09.060+0000] {processor.py:161} INFO - Started process (PID=288) to work on /home/airflow/.local/lib/python3.8/site-packages/airflow/example_dags/example_python_decorator.py
[2024-02-14T16:05:09.061+0000] {processor.py:830} INFO - Processing file /home/airflow/.local/lib/python3.8/site-packages/airflow/example_dags/example_python_decorator.py for tasks to queue
[2024-02-14T16:05:09.062+0000] {logging_mixin.py:188} INFO - [2024-02-14T16:05:09.062+0000] {dagbag.py:538} INFO - Filling up the DagBag from /home/airflow/.local/lib/python3.8/site-packages/airflow/example_dags/example_python_decorator.py
[2024-02-14T16:05:09.067+0000] {processor.py:840} INFO - DAG(s) 'example_python_decorator' retrieved from /home/airflow/.local/lib/python3.8/site-packages/airflow/example_dags/example_python_decorator.py
[2024-02-14T16:05:09.081+0000] {logging_mixin.py:188} INFO - [2024-02-14T16:05:09.081+0000] {dag.py:3033} INFO - Sync 1 DAGs
[2024-02-14T16:05:09.088+0000] {logging_mixin.py:188} INFO - [2024-02-14T16:05:09.088+0000] {dag.py:3820} INFO - Setting next_dagrun for example_python_decorator to None, run_after=None
[2024-02-14T16:05:09.097+0000] {processor.py:183} INFO - Processing /home/airflow/.local/lib/python3.8/site-packages/airflow/example_dags/example_python_decorator.py took 0.040 seconds
[2024-02-14T16:05:39.231+0000] {processor.py:161} INFO - Started process (PID=345) to work on /home/airflow/.local/lib/python3.8/site-packages/airflow/example_dags/example_python_decorator.py
[2024-02-14T16:05:39.232+0000] {processor.py:830} INFO - Processing file /home/airflow/.local/lib/python3.8/site-packages/airflow/example_dags/example_python_decorator.py for tasks to queue
[2024-02-14T16:05:39.234+0000] {logging_mixin.py:188} INFO - [2024-02-14T16:05:39.234+0000] {dagbag.py:538} INFO - Filling up the DagBag from /home/airflow/.local/lib/python3.8/site-packages/airflow/example_dags/example_python_decorator.py
[2024-02-14T16:05:39.239+0000] {processor.py:840} INFO - DAG(s) 'example_python_decorator' retrieved from /home/airflow/.local/lib/python3.8/site-packages/airflow/example_dags/example_python_decorator.py
[2024-02-14T16:05:39.254+0000] {logging_mixin.py:188} INFO - [2024-02-14T16:05:39.253+0000] {dag.py:3033} INFO - Sync 1 DAGs
[2024-02-14T16:05:39.261+0000] {logging_mixin.py:188} INFO - [2024-02-14T16:05:39.261+0000] {dag.py:3820} INFO - Setting next_dagrun for example_python_decorator to None, run_after=None
[2024-02-14T16:05:39.272+0000] {processor.py:183} INFO - Processing /home/airflow/.local/lib/python3.8/site-packages/airflow/example_dags/example_python_decorator.py took 0.043 seconds
[2024-02-14T16:06:09.347+0000] {processor.py:161} INFO - Started process (PID=402) to work on /home/airflow/.local/lib/python3.8/site-packages/airflow/example_dags/example_python_decorator.py
[2024-02-14T16:06:09.348+0000] {processor.py:830} INFO - Processing file /home/airflow/.local/lib/python3.8/site-packages/airflow/example_dags/example_python_decorator.py for tasks to queue
[2024-02-14T16:06:09.349+0000] {logging_mixin.py:188} INFO - [2024-02-14T16:06:09.349+0000] {dagbag.py:538} INFO - Filling up the DagBag from /home/airflow/.local/lib/python3.8/site-packages/airflow/example_dags/example_python_decorator.py
[2024-02-14T16:06:09.355+0000] {processor.py:840} INFO - DAG(s) 'example_python_decorator' retrieved from /home/airflow/.local/lib/python3.8/site-packages/airflow/example_dags/example_python_decorator.py
[2024-02-14T16:06:09.372+0000] {logging_mixin.py:188} INFO - [2024-02-14T16:06:09.372+0000] {dag.py:3033} INFO - Sync 1 DAGs
[2024-02-14T16:06:09.379+0000] {logging_mixin.py:188} INFO - [2024-02-14T16:06:09.379+0000] {dag.py:3820} INFO - Setting next_dagrun for example_python_decorator to None, run_after=None
[2024-02-14T16:06:09.390+0000] {processor.py:183} INFO - Processing /home/airflow/.local/lib/python3.8/site-packages/airflow/example_dags/example_python_decorator.py took 0.045 seconds
[2024-02-14T16:06:39.450+0000] {processor.py:161} INFO - Started process (PID=458) to work on /home/airflow/.local/lib/python3.8/site-packages/airflow/example_dags/example_python_decorator.py
[2024-02-14T16:06:39.450+0000] {processor.py:830} INFO - Processing file /home/airflow/.local/lib/python3.8/site-packages/airflow/example_dags/example_python_decorator.py for tasks to queue
[2024-02-14T16:06:39.452+0000] {logging_mixin.py:188} INFO - [2024-02-14T16:06:39.452+0000] {dagbag.py:538} INFO - Filling up the DagBag from /home/airflow/.local/lib/python3.8/site-packages/airflow/example_dags/example_python_decorator.py
[2024-02-14T16:06:39.457+0000] {processor.py:840} INFO - DAG(s) 'example_python_decorator' retrieved from /home/airflow/.local/lib/python3.8/site-packages/airflow/example_dags/example_python_decorator.py
[2024-02-14T16:06:39.470+0000] {logging_mixin.py:188} INFO - [2024-02-14T16:06:39.470+0000] {dag.py:3033} INFO - Sync 1 DAGs
[2024-02-14T16:06:39.477+0000] {logging_mixin.py:188} INFO - [2024-02-14T16:06:39.477+0000] {dag.py:3820} INFO - Setting next_dagrun for example_python_decorator to None, run_after=None
[2024-02-14T16:06:39.487+0000] {processor.py:183} INFO - Processing /home/airflow/.local/lib/python3.8/site-packages/airflow/example_dags/example_python_decorator.py took 0.039 seconds
[2024-02-14T16:07:09.578+0000] {processor.py:161} INFO - Started process (PID=515) to work on /home/airflow/.local/lib/python3.8/site-packages/airflow/example_dags/example_python_decorator.py
[2024-02-14T16:07:09.579+0000] {processor.py:830} INFO - Processing file /home/airflow/.local/lib/python3.8/site-packages/airflow/example_dags/example_python_decorator.py for tasks to queue
[2024-02-14T16:07:09.581+0000] {logging_mixin.py:188} INFO - [2024-02-14T16:07:09.580+0000] {dagbag.py:538} INFO - Filling up the DagBag from /home/airflow/.local/lib/python3.8/site-packages/airflow/example_dags/example_python_decorator.py
[2024-02-14T16:07:09.586+0000] {processor.py:840} INFO - DAG(s) 'example_python_decorator' retrieved from /home/airflow/.local/lib/python3.8/site-packages/airflow/example_dags/example_python_decorator.py
[2024-02-14T16:07:09.598+0000] {logging_mixin.py:188} INFO - [2024-02-14T16:07:09.598+0000] {dag.py:3033} INFO - Sync 1 DAGs
[2024-02-14T16:07:09.605+0000] {logging_mixin.py:188} INFO - [2024-02-14T16:07:09.605+0000] {dag.py:3820} INFO - Setting next_dagrun for example_python_decorator to None, run_after=None
[2024-02-14T16:07:09.615+0000] {processor.py:183} INFO - Processing /home/airflow/.local/lib/python3.8/site-packages/airflow/example_dags/example_python_decorator.py took 0.039 seconds
[2024-02-14T16:07:39.810+0000] {processor.py:161} INFO - Started process (PID=572) to work on /home/airflow/.local/lib/python3.8/site-packages/airflow/example_dags/example_python_decorator.py
[2024-02-14T16:07:39.811+0000] {processor.py:830} INFO - Processing file /home/airflow/.local/lib/python3.8/site-packages/airflow/example_dags/example_python_decorator.py for tasks to queue
[2024-02-14T16:07:39.813+0000] {logging_mixin.py:188} INFO - [2024-02-14T16:07:39.812+0000] {dagbag.py:538} INFO - Filling up the DagBag from /home/airflow/.local/lib/python3.8/site-packages/airflow/example_dags/example_python_decorator.py
[2024-02-14T16:07:39.818+0000] {processor.py:840} INFO - DAG(s) 'example_python_decorator' retrieved from /home/airflow/.local/lib/python3.8/site-packages/airflow/example_dags/example_python_decorator.py
[2024-02-14T16:07:39.832+0000] {logging_mixin.py:188} INFO - [2024-02-14T16:07:39.832+0000] {dag.py:3033} INFO - Sync 1 DAGs
[2024-02-14T16:07:39.839+0000] {logging_mixin.py:188} INFO - [2024-02-14T16:07:39.839+0000] {dag.py:3820} INFO - Setting next_dagrun for example_python_decorator to None, run_after=None
[2024-02-14T16:07:39.849+0000] {processor.py:183} INFO - Processing /home/airflow/.local/lib/python3.8/site-packages/airflow/example_dags/example_python_decorator.py took 0.040 seconds
[2024-02-14T16:08:10.121+0000] {processor.py:161} INFO - Started process (PID=629) to work on /home/airflow/.local/lib/python3.8/site-packages/airflow/example_dags/example_python_decorator.py
[2024-02-14T16:08:10.122+0000] {processor.py:830} INFO - Processing file /home/airflow/.local/lib/python3.8/site-packages/airflow/example_dags/example_python_decorator.py for tasks to queue
[2024-02-14T16:08:10.123+0000] {logging_mixin.py:188} INFO - [2024-02-14T16:08:10.123+0000] {dagbag.py:538} INFO - Filling up the DagBag from /home/airflow/.local/lib/python3.8/site-packages/airflow/example_dags/example_python_decorator.py
[2024-02-14T16:08:10.129+0000] {processor.py:840} INFO - DAG(s) 'example_python_decorator' retrieved from /home/airflow/.local/lib/python3.8/site-packages/airflow/example_dags/example_python_decorator.py
[2024-02-14T16:08:10.142+0000] {logging_mixin.py:188} INFO - [2024-02-14T16:08:10.142+0000] {dag.py:3033} INFO - Sync 1 DAGs
[2024-02-14T16:08:10.149+0000] {logging_mixin.py:188} INFO - [2024-02-14T16:08:10.149+0000] {dag.py:3820} INFO - Setting next_dagrun for example_python_decorator to None, run_after=None
[2024-02-14T16:08:10.160+0000] {processor.py:183} INFO - Processing /home/airflow/.local/lib/python3.8/site-packages/airflow/example_dags/example_python_decorator.py took 0.042 seconds
[2024-02-14T16:08:40.303+0000] {processor.py:161} INFO - Started process (PID=686) to work on /home/airflow/.local/lib/python3.8/site-packages/airflow/example_dags/example_python_decorator.py
[2024-02-14T16:08:40.304+0000] {processor.py:830} INFO - Processing file /home/airflow/.local/lib/python3.8/site-packages/airflow/example_dags/example_python_decorator.py for tasks to queue
[2024-02-14T16:08:40.305+0000] {logging_mixin.py:188} INFO - [2024-02-14T16:08:40.305+0000] {dagbag.py:538} INFO - Filling up the DagBag from /home/airflow/.local/lib/python3.8/site-packages/airflow/example_dags/example_python_decorator.py
[2024-02-14T16:08:40.311+0000] {processor.py:840} INFO - DAG(s) 'example_python_decorator' retrieved from /home/airflow/.local/lib/python3.8/site-packages/airflow/example_dags/example_python_decorator.py
[2024-02-14T16:08:40.323+0000] {logging_mixin.py:188} INFO - [2024-02-14T16:08:40.323+0000] {dag.py:3033} INFO - Sync 1 DAGs
[2024-02-14T16:08:40.329+0000] {logging_mixin.py:188} INFO - [2024-02-14T16:08:40.329+0000] {dag.py:3820} INFO - Setting next_dagrun for example_python_decorator to None, run_after=None
[2024-02-14T16:08:40.338+0000] {processor.py:183} INFO - Processing /home/airflow/.local/lib/python3.8/site-packages/airflow/example_dags/example_python_decorator.py took 0.037 seconds
[2024-02-14T16:09:10.450+0000] {processor.py:161} INFO - Started process (PID=743) to work on /home/airflow/.local/lib/python3.8/site-packages/airflow/example_dags/example_python_decorator.py
[2024-02-14T16:09:10.451+0000] {processor.py:830} INFO - Processing file /home/airflow/.local/lib/python3.8/site-packages/airflow/example_dags/example_python_decorator.py for tasks to queue
[2024-02-14T16:09:10.453+0000] {logging_mixin.py:188} INFO - [2024-02-14T16:09:10.452+0000] {dagbag.py:538} INFO - Filling up the DagBag from /home/airflow/.local/lib/python3.8/site-packages/airflow/example_dags/example_python_decorator.py
[2024-02-14T16:09:10.458+0000] {processor.py:840} INFO - DAG(s) 'example_python_decorator' retrieved from /home/airflow/.local/lib/python3.8/site-packages/airflow/example_dags/example_python_decorator.py
[2024-02-14T16:09:10.472+0000] {logging_mixin.py:188} INFO - [2024-02-14T16:09:10.472+0000] {dag.py:3033} INFO - Sync 1 DAGs
[2024-02-14T16:09:10.479+0000] {logging_mixin.py:188} INFO - [2024-02-14T16:09:10.479+0000] {dag.py:3820} INFO - Setting next_dagrun for example_python_decorator to None, run_after=None
[2024-02-14T16:09:10.489+0000] {processor.py:183} INFO - Processing /home/airflow/.local/lib/python3.8/site-packages/airflow/example_dags/example_python_decorator.py took 0.040 seconds
[2024-02-14T16:09:40.524+0000] {processor.py:161} INFO - Started process (PID=800) to work on /home/airflow/.local/lib/python3.8/site-packages/airflow/example_dags/example_python_decorator.py
[2024-02-14T16:09:40.524+0000] {processor.py:830} INFO - Processing file /home/airflow/.local/lib/python3.8/site-packages/airflow/example_dags/example_python_decorator.py for tasks to queue
[2024-02-14T16:09:40.526+0000] {logging_mixin.py:188} INFO - [2024-02-14T16:09:40.526+0000] {dagbag.py:538} INFO - Filling up the DagBag from /home/airflow/.local/lib/python3.8/site-packages/airflow/example_dags/example_python_decorator.py
[2024-02-14T16:09:40.531+0000] {processor.py:840} INFO - DAG(s) 'example_python_decorator' retrieved from /home/airflow/.local/lib/python3.8/site-packages/airflow/example_dags/example_python_decorator.py
[2024-02-14T16:09:40.545+0000] {logging_mixin.py:188} INFO - [2024-02-14T16:09:40.545+0000] {dag.py:3033} INFO - Sync 1 DAGs
[2024-02-14T16:09:40.552+0000] {logging_mixin.py:188} INFO - [2024-02-14T16:09:40.551+0000] {dag.py:3820} INFO - Setting next_dagrun for example_python_decorator to None, run_after=None
[2024-02-14T16:09:40.561+0000] {processor.py:183} INFO - Processing /home/airflow/.local/lib/python3.8/site-packages/airflow/example_dags/example_python_decorator.py took 0.040 seconds
[2024-02-14T16:10:10.737+0000] {processor.py:161} INFO - Started process (PID=857) to work on /home/airflow/.local/lib/python3.8/site-packages/airflow/example_dags/example_python_decorator.py
[2024-02-14T16:10:10.738+0000] {processor.py:830} INFO - Processing file /home/airflow/.local/lib/python3.8/site-packages/airflow/example_dags/example_python_decorator.py for tasks to queue
[2024-02-14T16:10:10.739+0000] {logging_mixin.py:188} INFO - [2024-02-14T16:10:10.739+0000] {dagbag.py:538} INFO - Filling up the DagBag from /home/airflow/.local/lib/python3.8/site-packages/airflow/example_dags/example_python_decorator.py
[2024-02-14T16:10:10.744+0000] {processor.py:840} INFO - DAG(s) 'example_python_decorator' retrieved from /home/airflow/.local/lib/python3.8/site-packages/airflow/example_dags/example_python_decorator.py
[2024-02-14T16:10:10.757+0000] {logging_mixin.py:188} INFO - [2024-02-14T16:10:10.757+0000] {dag.py:3033} INFO - Sync 1 DAGs
[2024-02-14T16:10:10.763+0000] {logging_mixin.py:188} INFO - [2024-02-14T16:10:10.763+0000] {dag.py:3820} INFO - Setting next_dagrun for example_python_decorator to None, run_after=None
[2024-02-14T16:10:10.773+0000] {processor.py:183} INFO - Processing /home/airflow/.local/lib/python3.8/site-packages/airflow/example_dags/example_python_decorator.py took 0.038 seconds
[2024-02-14T16:10:41.053+0000] {processor.py:161} INFO - Started process (PID=914) to work on /home/airflow/.local/lib/python3.8/site-packages/airflow/example_dags/example_python_decorator.py
[2024-02-14T16:10:41.054+0000] {processor.py:830} INFO - Processing file /home/airflow/.local/lib/python3.8/site-packages/airflow/example_dags/example_python_decorator.py for tasks to queue
[2024-02-14T16:10:41.055+0000] {logging_mixin.py:188} INFO - [2024-02-14T16:10:41.055+0000] {dagbag.py:538} INFO - Filling up the DagBag from /home/airflow/.local/lib/python3.8/site-packages/airflow/example_dags/example_python_decorator.py
[2024-02-14T16:10:41.061+0000] {processor.py:840} INFO - DAG(s) 'example_python_decorator' retrieved from /home/airflow/.local/lib/python3.8/site-packages/airflow/example_dags/example_python_decorator.py
[2024-02-14T16:10:41.075+0000] {logging_mixin.py:188} INFO - [2024-02-14T16:10:41.075+0000] {dag.py:3033} INFO - Sync 1 DAGs
[2024-02-14T16:10:41.082+0000] {logging_mixin.py:188} INFO - [2024-02-14T16:10:41.082+0000] {dag.py:3820} INFO - Setting next_dagrun for example_python_decorator to None, run_after=None
[2024-02-14T16:10:41.091+0000] {processor.py:183} INFO - Processing /home/airflow/.local/lib/python3.8/site-packages/airflow/example_dags/example_python_decorator.py took 0.041 seconds
[2024-02-14T16:11:11.207+0000] {processor.py:161} INFO - Started process (PID=971) to work on /home/airflow/.local/lib/python3.8/site-packages/airflow/example_dags/example_python_decorator.py
[2024-02-14T16:11:11.207+0000] {processor.py:830} INFO - Processing file /home/airflow/.local/lib/python3.8/site-packages/airflow/example_dags/example_python_decorator.py for tasks to queue
[2024-02-14T16:11:11.209+0000] {logging_mixin.py:188} INFO - [2024-02-14T16:11:11.208+0000] {dagbag.py:538} INFO - Filling up the DagBag from /home/airflow/.local/lib/python3.8/site-packages/airflow/example_dags/example_python_decorator.py
[2024-02-14T16:11:11.214+0000] {processor.py:840} INFO - DAG(s) 'example_python_decorator' retrieved from /home/airflow/.local/lib/python3.8/site-packages/airflow/example_dags/example_python_decorator.py
[2024-02-14T16:11:11.227+0000] {logging_mixin.py:188} INFO - [2024-02-14T16:11:11.227+0000] {dag.py:3033} INFO - Sync 1 DAGs
[2024-02-14T16:11:11.233+0000] {logging_mixin.py:188} INFO - [2024-02-14T16:11:11.233+0000] {dag.py:3820} INFO - Setting next_dagrun for example_python_decorator to None, run_after=None
[2024-02-14T16:11:11.243+0000] {processor.py:183} INFO - Processing /home/airflow/.local/lib/python3.8/site-packages/airflow/example_dags/example_python_decorator.py took 0.039 seconds
[2024-02-14T16:11:41.389+0000] {processor.py:161} INFO - Started process (PID=1028) to work on /home/airflow/.local/lib/python3.8/site-packages/airflow/example_dags/example_python_decorator.py
[2024-02-14T16:11:41.390+0000] {processor.py:830} INFO - Processing file /home/airflow/.local/lib/python3.8/site-packages/airflow/example_dags/example_python_decorator.py for tasks to queue
[2024-02-14T16:11:41.391+0000] {logging_mixin.py:188} INFO - [2024-02-14T16:11:41.391+0000] {dagbag.py:538} INFO - Filling up the DagBag from /home/airflow/.local/lib/python3.8/site-packages/airflow/example_dags/example_python_decorator.py
[2024-02-14T16:11:41.396+0000] {processor.py:840} INFO - DAG(s) 'example_python_decorator' retrieved from /home/airflow/.local/lib/python3.8/site-packages/airflow/example_dags/example_python_decorator.py
[2024-02-14T16:11:41.410+0000] {logging_mixin.py:188} INFO - [2024-02-14T16:11:41.409+0000] {dag.py:3033} INFO - Sync 1 DAGs
[2024-02-14T16:11:41.419+0000] {logging_mixin.py:188} INFO - [2024-02-14T16:11:41.419+0000] {dag.py:3820} INFO - Setting next_dagrun for example_python_decorator to None, run_after=None
[2024-02-14T16:11:41.428+0000] {processor.py:183} INFO - Processing /home/airflow/.local/lib/python3.8/site-packages/airflow/example_dags/example_python_decorator.py took 0.042 seconds
[2024-02-14T16:12:11.546+0000] {processor.py:161} INFO - Started process (PID=1084) to work on /home/airflow/.local/lib/python3.8/site-packages/airflow/example_dags/example_python_decorator.py
[2024-02-14T16:12:11.546+0000] {processor.py:830} INFO - Processing file /home/airflow/.local/lib/python3.8/site-packages/airflow/example_dags/example_python_decorator.py for tasks to queue
[2024-02-14T16:12:11.548+0000] {logging_mixin.py:188} INFO - [2024-02-14T16:12:11.548+0000] {dagbag.py:538} INFO - Filling up the DagBag from /home/airflow/.local/lib/python3.8/site-packages/airflow/example_dags/example_python_decorator.py
[2024-02-14T16:12:11.553+0000] {processor.py:840} INFO - DAG(s) 'example_python_decorator' retrieved from /home/airflow/.local/lib/python3.8/site-packages/airflow/example_dags/example_python_decorator.py
[2024-02-14T16:12:11.567+0000] {logging_mixin.py:188} INFO - [2024-02-14T16:12:11.567+0000] {dag.py:3033} INFO - Sync 1 DAGs
[2024-02-14T16:12:11.573+0000] {logging_mixin.py:188} INFO - [2024-02-14T16:12:11.573+0000] {dag.py:3820} INFO - Setting next_dagrun for example_python_decorator to None, run_after=None
[2024-02-14T16:12:11.583+0000] {processor.py:183} INFO - Processing /home/airflow/.local/lib/python3.8/site-packages/airflow/example_dags/example_python_decorator.py took 0.039 seconds
[2024-02-14T16:12:41.732+0000] {processor.py:161} INFO - Started process (PID=1141) to work on /home/airflow/.local/lib/python3.8/site-packages/airflow/example_dags/example_python_decorator.py
[2024-02-14T16:12:41.732+0000] {processor.py:830} INFO - Processing file /home/airflow/.local/lib/python3.8/site-packages/airflow/example_dags/example_python_decorator.py for tasks to queue
[2024-02-14T16:12:41.734+0000] {logging_mixin.py:188} INFO - [2024-02-14T16:12:41.734+0000] {dagbag.py:538} INFO - Filling up the DagBag from /home/airflow/.local/lib/python3.8/site-packages/airflow/example_dags/example_python_decorator.py
[2024-02-14T16:12:41.739+0000] {processor.py:840} INFO - DAG(s) 'example_python_decorator' retrieved from /home/airflow/.local/lib/python3.8/site-packages/airflow/example_dags/example_python_decorator.py
[2024-02-14T16:12:41.751+0000] {logging_mixin.py:188} INFO - [2024-02-14T16:12:41.751+0000] {dag.py:3033} INFO - Sync 1 DAGs
[2024-02-14T16:12:41.757+0000] {logging_mixin.py:188} INFO - [2024-02-14T16:12:41.757+0000] {dag.py:3820} INFO - Setting next_dagrun for example_python_decorator to None, run_after=None
[2024-02-14T16:12:41.767+0000] {processor.py:183} INFO - Processing /home/airflow/.local/lib/python3.8/site-packages/airflow/example_dags/example_python_decorator.py took 0.037 seconds
[2024-02-14T16:13:11.943+0000] {processor.py:161} INFO - Started process (PID=1198) to work on /home/airflow/.local/lib/python3.8/site-packages/airflow/example_dags/example_python_decorator.py
[2024-02-14T16:13:11.944+0000] {processor.py:830} INFO - Processing file /home/airflow/.local/lib/python3.8/site-packages/airflow/example_dags/example_python_decorator.py for tasks to queue
[2024-02-14T16:13:11.945+0000] {logging_mixin.py:188} INFO - [2024-02-14T16:13:11.945+0000] {dagbag.py:538} INFO - Filling up the DagBag from /home/airflow/.local/lib/python3.8/site-packages/airflow/example_dags/example_python_decorator.py
[2024-02-14T16:13:11.951+0000] {processor.py:840} INFO - DAG(s) 'example_python_decorator' retrieved from /home/airflow/.local/lib/python3.8/site-packages/airflow/example_dags/example_python_decorator.py
[2024-02-14T16:13:11.964+0000] {logging_mixin.py:188} INFO - [2024-02-14T16:13:11.964+0000] {dag.py:3033} INFO - Sync 1 DAGs
[2024-02-14T16:13:11.970+0000] {logging_mixin.py:188} INFO - [2024-02-14T16:13:11.970+0000] {dag.py:3820} INFO - Setting next_dagrun for example_python_decorator to None, run_after=None
[2024-02-14T16:13:11.979+0000] {processor.py:183} INFO - Processing /home/airflow/.local/lib/python3.8/site-packages/airflow/example_dags/example_python_decorator.py took 0.038 seconds
[2024-02-14T16:13:42.147+0000] {processor.py:161} INFO - Started process (PID=1255) to work on /home/airflow/.local/lib/python3.8/site-packages/airflow/example_dags/example_python_decorator.py
[2024-02-14T16:13:42.148+0000] {processor.py:830} INFO - Processing file /home/airflow/.local/lib/python3.8/site-packages/airflow/example_dags/example_python_decorator.py for tasks to queue
[2024-02-14T16:13:42.153+0000] {logging_mixin.py:188} INFO - [2024-02-14T16:13:42.153+0000] {dagbag.py:538} INFO - Filling up the DagBag from /home/airflow/.local/lib/python3.8/site-packages/airflow/example_dags/example_python_decorator.py
[2024-02-14T16:13:42.162+0000] {processor.py:840} INFO - DAG(s) 'example_python_decorator' retrieved from /home/airflow/.local/lib/python3.8/site-packages/airflow/example_dags/example_python_decorator.py
[2024-02-14T16:13:42.177+0000] {logging_mixin.py:188} INFO - [2024-02-14T16:13:42.177+0000] {dag.py:3033} INFO - Sync 1 DAGs
[2024-02-14T16:13:42.184+0000] {logging_mixin.py:188} INFO - [2024-02-14T16:13:42.184+0000] {dag.py:3820} INFO - Setting next_dagrun for example_python_decorator to None, run_after=None
[2024-02-14T16:13:42.195+0000] {processor.py:183} INFO - Processing /home/airflow/.local/lib/python3.8/site-packages/airflow/example_dags/example_python_decorator.py took 0.051 seconds
[2024-02-14T16:14:12.284+0000] {processor.py:161} INFO - Started process (PID=1312) to work on /home/airflow/.local/lib/python3.8/site-packages/airflow/example_dags/example_python_decorator.py
[2024-02-14T16:14:12.284+0000] {processor.py:830} INFO - Processing file /home/airflow/.local/lib/python3.8/site-packages/airflow/example_dags/example_python_decorator.py for tasks to queue
[2024-02-14T16:14:12.285+0000] {logging_mixin.py:188} INFO - [2024-02-14T16:14:12.285+0000] {dagbag.py:538} INFO - Filling up the DagBag from /home/airflow/.local/lib/python3.8/site-packages/airflow/example_dags/example_python_decorator.py
[2024-02-14T16:14:12.291+0000] {processor.py:840} INFO - DAG(s) 'example_python_decorator' retrieved from /home/airflow/.local/lib/python3.8/site-packages/airflow/example_dags/example_python_decorator.py
[2024-02-14T16:14:12.302+0000] {logging_mixin.py:188} INFO - [2024-02-14T16:14:12.302+0000] {dag.py:3033} INFO - Sync 1 DAGs
[2024-02-14T16:14:12.309+0000] {logging_mixin.py:188} INFO - [2024-02-14T16:14:12.309+0000] {dag.py:3820} INFO - Setting next_dagrun for example_python_decorator to None, run_after=None
[2024-02-14T16:14:12.319+0000] {processor.py:183} INFO - Processing /home/airflow/.local/lib/python3.8/site-packages/airflow/example_dags/example_python_decorator.py took 0.037 seconds
[2024-02-14T16:14:42.547+0000] {processor.py:161} INFO - Started process (PID=1369) to work on /home/airflow/.local/lib/python3.8/site-packages/airflow/example_dags/example_python_decorator.py
[2024-02-14T16:14:42.548+0000] {processor.py:830} INFO - Processing file /home/airflow/.local/lib/python3.8/site-packages/airflow/example_dags/example_python_decorator.py for tasks to queue
[2024-02-14T16:14:42.550+0000] {logging_mixin.py:188} INFO - [2024-02-14T16:14:42.550+0000] {dagbag.py:538} INFO - Filling up the DagBag from /home/airflow/.local/lib/python3.8/site-packages/airflow/example_dags/example_python_decorator.py
[2024-02-14T16:14:42.555+0000] {processor.py:840} INFO - DAG(s) 'example_python_decorator' retrieved from /home/airflow/.local/lib/python3.8/site-packages/airflow/example_dags/example_python_decorator.py
[2024-02-14T16:14:42.569+0000] {logging_mixin.py:188} INFO - [2024-02-14T16:14:42.569+0000] {dag.py:3033} INFO - Sync 1 DAGs
[2024-02-14T16:14:42.575+0000] {logging_mixin.py:188} INFO - [2024-02-14T16:14:42.575+0000] {dag.py:3820} INFO - Setting next_dagrun for example_python_decorator to None, run_after=None
[2024-02-14T16:14:42.587+0000] {processor.py:183} INFO - Processing /home/airflow/.local/lib/python3.8/site-packages/airflow/example_dags/example_python_decorator.py took 0.042 seconds
[2024-02-14T16:15:12.739+0000] {processor.py:161} INFO - Started process (PID=1425) to work on /home/airflow/.local/lib/python3.8/site-packages/airflow/example_dags/example_python_decorator.py
[2024-02-14T16:15:12.739+0000] {processor.py:830} INFO - Processing file /home/airflow/.local/lib/python3.8/site-packages/airflow/example_dags/example_python_decorator.py for tasks to queue
[2024-02-14T16:15:12.741+0000] {logging_mixin.py:188} INFO - [2024-02-14T16:15:12.741+0000] {dagbag.py:538} INFO - Filling up the DagBag from /home/airflow/.local/lib/python3.8/site-packages/airflow/example_dags/example_python_decorator.py
[2024-02-14T16:15:12.747+0000] {processor.py:840} INFO - DAG(s) 'example_python_decorator' retrieved from /home/airflow/.local/lib/python3.8/site-packages/airflow/example_dags/example_python_decorator.py
[2024-02-14T16:15:12.761+0000] {logging_mixin.py:188} INFO - [2024-02-14T16:15:12.761+0000] {dag.py:3033} INFO - Sync 1 DAGs
[2024-02-14T16:15:12.769+0000] {logging_mixin.py:188} INFO - [2024-02-14T16:15:12.769+0000] {dag.py:3820} INFO - Setting next_dagrun for example_python_decorator to None, run_after=None
[2024-02-14T16:15:12.780+0000] {processor.py:183} INFO - Processing /home/airflow/.local/lib/python3.8/site-packages/airflow/example_dags/example_python_decorator.py took 0.044 seconds
[2024-02-14T16:15:42.928+0000] {processor.py:161} INFO - Started process (PID=1481) to work on /home/airflow/.local/lib/python3.8/site-packages/airflow/example_dags/example_python_decorator.py
[2024-02-14T16:15:42.929+0000] {processor.py:830} INFO - Processing file /home/airflow/.local/lib/python3.8/site-packages/airflow/example_dags/example_python_decorator.py for tasks to queue
[2024-02-14T16:15:42.930+0000] {logging_mixin.py:188} INFO - [2024-02-14T16:15:42.930+0000] {dagbag.py:538} INFO - Filling up the DagBag from /home/airflow/.local/lib/python3.8/site-packages/airflow/example_dags/example_python_decorator.py
[2024-02-14T16:15:42.936+0000] {processor.py:840} INFO - DAG(s) 'example_python_decorator' retrieved from /home/airflow/.local/lib/python3.8/site-packages/airflow/example_dags/example_python_decorator.py
[2024-02-14T16:15:42.949+0000] {logging_mixin.py:188} INFO - [2024-02-14T16:15:42.949+0000] {dag.py:3033} INFO - Sync 1 DAGs
[2024-02-14T16:15:42.956+0000] {logging_mixin.py:188} INFO - [2024-02-14T16:15:42.956+0000] {dag.py:3820} INFO - Setting next_dagrun for example_python_decorator to None, run_after=None
[2024-02-14T16:15:42.966+0000] {processor.py:183} INFO - Processing /home/airflow/.local/lib/python3.8/site-packages/airflow/example_dags/example_python_decorator.py took 0.040 seconds
[2024-02-14T16:16:13.023+0000] {processor.py:161} INFO - Started process (PID=1537) to work on /home/airflow/.local/lib/python3.8/site-packages/airflow/example_dags/example_python_decorator.py
[2024-02-14T16:16:13.023+0000] {processor.py:830} INFO - Processing file /home/airflow/.local/lib/python3.8/site-packages/airflow/example_dags/example_python_decorator.py for tasks to queue
[2024-02-14T16:16:13.024+0000] {logging_mixin.py:188} INFO - [2024-02-14T16:16:13.024+0000] {dagbag.py:538} INFO - Filling up the DagBag from /home/airflow/.local/lib/python3.8/site-packages/airflow/example_dags/example_python_decorator.py
[2024-02-14T16:16:13.029+0000] {processor.py:840} INFO - DAG(s) 'example_python_decorator' retrieved from /home/airflow/.local/lib/python3.8/site-packages/airflow/example_dags/example_python_decorator.py
[2024-02-14T16:16:13.042+0000] {logging_mixin.py:188} INFO - [2024-02-14T16:16:13.041+0000] {dag.py:3033} INFO - Sync 1 DAGs
[2024-02-14T16:16:13.048+0000] {logging_mixin.py:188} INFO - [2024-02-14T16:16:13.048+0000] {dag.py:3820} INFO - Setting next_dagrun for example_python_decorator to None, run_after=None
[2024-02-14T16:16:13.056+0000] {processor.py:183} INFO - Processing /home/airflow/.local/lib/python3.8/site-packages/airflow/example_dags/example_python_decorator.py took 0.035 seconds
[2024-02-14T16:16:43.080+0000] {processor.py:161} INFO - Started process (PID=1594) to work on /home/airflow/.local/lib/python3.8/site-packages/airflow/example_dags/example_python_decorator.py
[2024-02-14T16:16:43.081+0000] {processor.py:830} INFO - Processing file /home/airflow/.local/lib/python3.8/site-packages/airflow/example_dags/example_python_decorator.py for tasks to queue
[2024-02-14T16:16:43.082+0000] {logging_mixin.py:188} INFO - [2024-02-14T16:16:43.082+0000] {dagbag.py:538} INFO - Filling up the DagBag from /home/airflow/.local/lib/python3.8/site-packages/airflow/example_dags/example_python_decorator.py
[2024-02-14T16:16:43.088+0000] {processor.py:840} INFO - DAG(s) 'example_python_decorator' retrieved from /home/airflow/.local/lib/python3.8/site-packages/airflow/example_dags/example_python_decorator.py
[2024-02-14T16:16:43.100+0000] {logging_mixin.py:188} INFO - [2024-02-14T16:16:43.100+0000] {dag.py:3033} INFO - Sync 1 DAGs
[2024-02-14T16:16:43.106+0000] {logging_mixin.py:188} INFO - [2024-02-14T16:16:43.106+0000] {dag.py:3820} INFO - Setting next_dagrun for example_python_decorator to None, run_after=None
[2024-02-14T16:16:43.114+0000] {processor.py:183} INFO - Processing /home/airflow/.local/lib/python3.8/site-packages/airflow/example_dags/example_python_decorator.py took 0.036 seconds
[2024-02-14T16:17:13.371+0000] {processor.py:161} INFO - Started process (PID=1651) to work on /home/airflow/.local/lib/python3.8/site-packages/airflow/example_dags/example_python_decorator.py
[2024-02-14T16:17:13.372+0000] {processor.py:830} INFO - Processing file /home/airflow/.local/lib/python3.8/site-packages/airflow/example_dags/example_python_decorator.py for tasks to queue
[2024-02-14T16:17:13.373+0000] {logging_mixin.py:188} INFO - [2024-02-14T16:17:13.373+0000] {dagbag.py:538} INFO - Filling up the DagBag from /home/airflow/.local/lib/python3.8/site-packages/airflow/example_dags/example_python_decorator.py
[2024-02-14T16:17:13.379+0000] {processor.py:840} INFO - DAG(s) 'example_python_decorator' retrieved from /home/airflow/.local/lib/python3.8/site-packages/airflow/example_dags/example_python_decorator.py
[2024-02-14T16:17:13.392+0000] {logging_mixin.py:188} INFO - [2024-02-14T16:17:13.392+0000] {dag.py:3033} INFO - Sync 1 DAGs
[2024-02-14T16:17:13.399+0000] {logging_mixin.py:188} INFO - [2024-02-14T16:17:13.399+0000] {dag.py:3820} INFO - Setting next_dagrun for example_python_decorator to None, run_after=None
[2024-02-14T16:17:13.408+0000] {processor.py:183} INFO - Processing /home/airflow/.local/lib/python3.8/site-packages/airflow/example_dags/example_python_decorator.py took 0.039 seconds
[2024-02-14T16:17:43.536+0000] {processor.py:161} INFO - Started process (PID=1708) to work on /home/airflow/.local/lib/python3.8/site-packages/airflow/example_dags/example_python_decorator.py
[2024-02-14T16:17:43.537+0000] {processor.py:830} INFO - Processing file /home/airflow/.local/lib/python3.8/site-packages/airflow/example_dags/example_python_decorator.py for tasks to queue
[2024-02-14T16:17:43.538+0000] {logging_mixin.py:188} INFO - [2024-02-14T16:17:43.538+0000] {dagbag.py:538} INFO - Filling up the DagBag from /home/airflow/.local/lib/python3.8/site-packages/airflow/example_dags/example_python_decorator.py
[2024-02-14T16:17:43.544+0000] {processor.py:840} INFO - DAG(s) 'example_python_decorator' retrieved from /home/airflow/.local/lib/python3.8/site-packages/airflow/example_dags/example_python_decorator.py
[2024-02-14T16:17:43.557+0000] {logging_mixin.py:188} INFO - [2024-02-14T16:17:43.556+0000] {dag.py:3033} INFO - Sync 1 DAGs
[2024-02-14T16:17:43.563+0000] {logging_mixin.py:188} INFO - [2024-02-14T16:17:43.563+0000] {dag.py:3820} INFO - Setting next_dagrun for example_python_decorator to None, run_after=None
[2024-02-14T16:17:43.572+0000] {processor.py:183} INFO - Processing /home/airflow/.local/lib/python3.8/site-packages/airflow/example_dags/example_python_decorator.py took 0.038 seconds
[2024-02-14T16:18:13.835+0000] {processor.py:161} INFO - Started process (PID=1765) to work on /home/airflow/.local/lib/python3.8/site-packages/airflow/example_dags/example_python_decorator.py
[2024-02-14T16:18:13.836+0000] {processor.py:830} INFO - Processing file /home/airflow/.local/lib/python3.8/site-packages/airflow/example_dags/example_python_decorator.py for tasks to queue
[2024-02-14T16:18:13.837+0000] {logging_mixin.py:188} INFO - [2024-02-14T16:18:13.837+0000] {dagbag.py:538} INFO - Filling up the DagBag from /home/airflow/.local/lib/python3.8/site-packages/airflow/example_dags/example_python_decorator.py
[2024-02-14T16:18:13.842+0000] {processor.py:840} INFO - DAG(s) 'example_python_decorator' retrieved from /home/airflow/.local/lib/python3.8/site-packages/airflow/example_dags/example_python_decorator.py
[2024-02-14T16:18:13.855+0000] {logging_mixin.py:188} INFO - [2024-02-14T16:18:13.855+0000] {dag.py:3033} INFO - Sync 1 DAGs
[2024-02-14T16:18:13.862+0000] {logging_mixin.py:188} INFO - [2024-02-14T16:18:13.862+0000] {dag.py:3820} INFO - Setting next_dagrun for example_python_decorator to None, run_after=None
[2024-02-14T16:18:13.872+0000] {processor.py:183} INFO - Processing /home/airflow/.local/lib/python3.8/site-packages/airflow/example_dags/example_python_decorator.py took 0.039 seconds
[2024-02-14T16:18:44.067+0000] {processor.py:161} INFO - Started process (PID=1822) to work on /home/airflow/.local/lib/python3.8/site-packages/airflow/example_dags/example_python_decorator.py
[2024-02-14T16:18:44.068+0000] {processor.py:830} INFO - Processing file /home/airflow/.local/lib/python3.8/site-packages/airflow/example_dags/example_python_decorator.py for tasks to queue
[2024-02-14T16:18:44.069+0000] {logging_mixin.py:188} INFO - [2024-02-14T16:18:44.069+0000] {dagbag.py:538} INFO - Filling up the DagBag from /home/airflow/.local/lib/python3.8/site-packages/airflow/example_dags/example_python_decorator.py
[2024-02-14T16:18:44.075+0000] {processor.py:840} INFO - DAG(s) 'example_python_decorator' retrieved from /home/airflow/.local/lib/python3.8/site-packages/airflow/example_dags/example_python_decorator.py
[2024-02-14T16:18:44.088+0000] {logging_mixin.py:188} INFO - [2024-02-14T16:18:44.088+0000] {dag.py:3033} INFO - Sync 1 DAGs
[2024-02-14T16:18:44.094+0000] {logging_mixin.py:188} INFO - [2024-02-14T16:18:44.094+0000] {dag.py:3820} INFO - Setting next_dagrun for example_python_decorator to None, run_after=None
[2024-02-14T16:18:44.104+0000] {processor.py:183} INFO - Processing /home/airflow/.local/lib/python3.8/site-packages/airflow/example_dags/example_python_decorator.py took 0.039 seconds
[2024-02-14T16:19:14.352+0000] {processor.py:161} INFO - Started process (PID=1879) to work on /home/airflow/.local/lib/python3.8/site-packages/airflow/example_dags/example_python_decorator.py
[2024-02-14T16:19:14.353+0000] {processor.py:830} INFO - Processing file /home/airflow/.local/lib/python3.8/site-packages/airflow/example_dags/example_python_decorator.py for tasks to queue
[2024-02-14T16:19:14.355+0000] {logging_mixin.py:188} INFO - [2024-02-14T16:19:14.354+0000] {dagbag.py:538} INFO - Filling up the DagBag from /home/airflow/.local/lib/python3.8/site-packages/airflow/example_dags/example_python_decorator.py
[2024-02-14T16:19:14.360+0000] {processor.py:840} INFO - DAG(s) 'example_python_decorator' retrieved from /home/airflow/.local/lib/python3.8/site-packages/airflow/example_dags/example_python_decorator.py
[2024-02-14T16:19:14.373+0000] {logging_mixin.py:188} INFO - [2024-02-14T16:19:14.373+0000] {dag.py:3033} INFO - Sync 1 DAGs
[2024-02-14T16:19:14.380+0000] {logging_mixin.py:188} INFO - [2024-02-14T16:19:14.380+0000] {dag.py:3820} INFO - Setting next_dagrun for example_python_decorator to None, run_after=None
[2024-02-14T16:19:14.390+0000] {processor.py:183} INFO - Processing /home/airflow/.local/lib/python3.8/site-packages/airflow/example_dags/example_python_decorator.py took 0.040 seconds
[2024-02-14T16:19:44.493+0000] {processor.py:161} INFO - Started process (PID=1936) to work on /home/airflow/.local/lib/python3.8/site-packages/airflow/example_dags/example_python_decorator.py
[2024-02-14T16:19:44.494+0000] {processor.py:830} INFO - Processing file /home/airflow/.local/lib/python3.8/site-packages/airflow/example_dags/example_python_decorator.py for tasks to queue
[2024-02-14T16:19:44.496+0000] {logging_mixin.py:188} INFO - [2024-02-14T16:19:44.495+0000] {dagbag.py:538} INFO - Filling up the DagBag from /home/airflow/.local/lib/python3.8/site-packages/airflow/example_dags/example_python_decorator.py
[2024-02-14T16:19:44.501+0000] {processor.py:840} INFO - DAG(s) 'example_python_decorator' retrieved from /home/airflow/.local/lib/python3.8/site-packages/airflow/example_dags/example_python_decorator.py
[2024-02-14T16:19:44.514+0000] {logging_mixin.py:188} INFO - [2024-02-14T16:19:44.514+0000] {dag.py:3033} INFO - Sync 1 DAGs
[2024-02-14T16:19:44.522+0000] {logging_mixin.py:188} INFO - [2024-02-14T16:19:44.522+0000] {dag.py:3820} INFO - Setting next_dagrun for example_python_decorator to None, run_after=None
[2024-02-14T16:19:44.532+0000] {processor.py:183} INFO - Processing /home/airflow/.local/lib/python3.8/site-packages/airflow/example_dags/example_python_decorator.py took 0.042 seconds
[2024-02-14T16:20:14.711+0000] {processor.py:161} INFO - Started process (PID=1993) to work on /home/airflow/.local/lib/python3.8/site-packages/airflow/example_dags/example_python_decorator.py
[2024-02-14T16:20:14.711+0000] {processor.py:830} INFO - Processing file /home/airflow/.local/lib/python3.8/site-packages/airflow/example_dags/example_python_decorator.py for tasks to queue
[2024-02-14T16:20:14.713+0000] {logging_mixin.py:188} INFO - [2024-02-14T16:20:14.713+0000] {dagbag.py:538} INFO - Filling up the DagBag from /home/airflow/.local/lib/python3.8/site-packages/airflow/example_dags/example_python_decorator.py
[2024-02-14T16:20:14.718+0000] {processor.py:840} INFO - DAG(s) 'example_python_decorator' retrieved from /home/airflow/.local/lib/python3.8/site-packages/airflow/example_dags/example_python_decorator.py
[2024-02-14T16:20:14.730+0000] {logging_mixin.py:188} INFO - [2024-02-14T16:20:14.730+0000] {dag.py:3033} INFO - Sync 1 DAGs
[2024-02-14T16:20:14.737+0000] {logging_mixin.py:188} INFO - [2024-02-14T16:20:14.737+0000] {dag.py:3820} INFO - Setting next_dagrun for example_python_decorator to None, run_after=None
[2024-02-14T16:20:14.745+0000] {processor.py:183} INFO - Processing /home/airflow/.local/lib/python3.8/site-packages/airflow/example_dags/example_python_decorator.py took 0.037 seconds
[2024-02-14T16:20:45.002+0000] {processor.py:161} INFO - Started process (PID=2050) to work on /home/airflow/.local/lib/python3.8/site-packages/airflow/example_dags/example_python_decorator.py
[2024-02-14T16:20:45.003+0000] {processor.py:830} INFO - Processing file /home/airflow/.local/lib/python3.8/site-packages/airflow/example_dags/example_python_decorator.py for tasks to queue
[2024-02-14T16:20:45.005+0000] {logging_mixin.py:188} INFO - [2024-02-14T16:20:45.005+0000] {dagbag.py:538} INFO - Filling up the DagBag from /home/airflow/.local/lib/python3.8/site-packages/airflow/example_dags/example_python_decorator.py
[2024-02-14T16:20:45.010+0000] {processor.py:840} INFO - DAG(s) 'example_python_decorator' retrieved from /home/airflow/.local/lib/python3.8/site-packages/airflow/example_dags/example_python_decorator.py
[2024-02-14T16:20:45.024+0000] {logging_mixin.py:188} INFO - [2024-02-14T16:20:45.024+0000] {dag.py:3033} INFO - Sync 1 DAGs
[2024-02-14T16:20:45.030+0000] {logging_mixin.py:188} INFO - [2024-02-14T16:20:45.030+0000] {dag.py:3820} INFO - Setting next_dagrun for example_python_decorator to None, run_after=None
[2024-02-14T16:20:45.040+0000] {processor.py:183} INFO - Processing /home/airflow/.local/lib/python3.8/site-packages/airflow/example_dags/example_python_decorator.py took 0.040 seconds
[2024-02-14T16:21:15.377+0000] {processor.py:161} INFO - Started process (PID=2107) to work on /home/airflow/.local/lib/python3.8/site-packages/airflow/example_dags/example_python_decorator.py
[2024-02-14T16:21:15.378+0000] {processor.py:830} INFO - Processing file /home/airflow/.local/lib/python3.8/site-packages/airflow/example_dags/example_python_decorator.py for tasks to queue
[2024-02-14T16:21:15.379+0000] {logging_mixin.py:188} INFO - [2024-02-14T16:21:15.379+0000] {dagbag.py:538} INFO - Filling up the DagBag from /home/airflow/.local/lib/python3.8/site-packages/airflow/example_dags/example_python_decorator.py
[2024-02-14T16:21:15.384+0000] {processor.py:840} INFO - DAG(s) 'example_python_decorator' retrieved from /home/airflow/.local/lib/python3.8/site-packages/airflow/example_dags/example_python_decorator.py
[2024-02-14T16:21:15.397+0000] {logging_mixin.py:188} INFO - [2024-02-14T16:21:15.397+0000] {dag.py:3033} INFO - Sync 1 DAGs
[2024-02-14T16:21:15.404+0000] {logging_mixin.py:188} INFO - [2024-02-14T16:21:15.403+0000] {dag.py:3820} INFO - Setting next_dagrun for example_python_decorator to None, run_after=None
[2024-02-14T16:21:15.413+0000] {processor.py:183} INFO - Processing /home/airflow/.local/lib/python3.8/site-packages/airflow/example_dags/example_python_decorator.py took 0.038 seconds
[2024-02-14T16:21:45.817+0000] {processor.py:161} INFO - Started process (PID=2163) to work on /home/airflow/.local/lib/python3.8/site-packages/airflow/example_dags/example_python_decorator.py
[2024-02-14T16:21:45.818+0000] {processor.py:830} INFO - Processing file /home/airflow/.local/lib/python3.8/site-packages/airflow/example_dags/example_python_decorator.py for tasks to queue
[2024-02-14T16:21:45.820+0000] {logging_mixin.py:188} INFO - [2024-02-14T16:21:45.820+0000] {dagbag.py:538} INFO - Filling up the DagBag from /home/airflow/.local/lib/python3.8/site-packages/airflow/example_dags/example_python_decorator.py
[2024-02-14T16:21:45.826+0000] {processor.py:840} INFO - DAG(s) 'example_python_decorator' retrieved from /home/airflow/.local/lib/python3.8/site-packages/airflow/example_dags/example_python_decorator.py
[2024-02-14T16:21:45.839+0000] {logging_mixin.py:188} INFO - [2024-02-14T16:21:45.839+0000] {dag.py:3033} INFO - Sync 1 DAGs
[2024-02-14T16:21:45.846+0000] {logging_mixin.py:188} INFO - [2024-02-14T16:21:45.846+0000] {dag.py:3820} INFO - Setting next_dagrun for example_python_decorator to None, run_after=None
[2024-02-14T16:21:45.857+0000] {processor.py:183} INFO - Processing /home/airflow/.local/lib/python3.8/site-packages/airflow/example_dags/example_python_decorator.py took 0.042 seconds
[2024-02-14T16:22:16.175+0000] {processor.py:161} INFO - Started process (PID=2220) to work on /home/airflow/.local/lib/python3.8/site-packages/airflow/example_dags/example_python_decorator.py
[2024-02-14T16:22:16.176+0000] {processor.py:830} INFO - Processing file /home/airflow/.local/lib/python3.8/site-packages/airflow/example_dags/example_python_decorator.py for tasks to queue
[2024-02-14T16:22:16.178+0000] {logging_mixin.py:188} INFO - [2024-02-14T16:22:16.178+0000] {dagbag.py:538} INFO - Filling up the DagBag from /home/airflow/.local/lib/python3.8/site-packages/airflow/example_dags/example_python_decorator.py
[2024-02-14T16:22:16.184+0000] {processor.py:840} INFO - DAG(s) 'example_python_decorator' retrieved from /home/airflow/.local/lib/python3.8/site-packages/airflow/example_dags/example_python_decorator.py
[2024-02-14T16:22:16.198+0000] {logging_mixin.py:188} INFO - [2024-02-14T16:22:16.198+0000] {dag.py:3033} INFO - Sync 1 DAGs
[2024-02-14T16:22:16.206+0000] {logging_mixin.py:188} INFO - [2024-02-14T16:22:16.206+0000] {dag.py:3820} INFO - Setting next_dagrun for example_python_decorator to None, run_after=None
[2024-02-14T16:22:16.219+0000] {processor.py:183} INFO - Processing /home/airflow/.local/lib/python3.8/site-packages/airflow/example_dags/example_python_decorator.py took 0.047 seconds
[2024-02-14T16:22:47.224+0000] {processor.py:161} INFO - Started process (PID=2277) to work on /home/airflow/.local/lib/python3.8/site-packages/airflow/example_dags/example_python_decorator.py
[2024-02-14T16:22:47.225+0000] {processor.py:830} INFO - Processing file /home/airflow/.local/lib/python3.8/site-packages/airflow/example_dags/example_python_decorator.py for tasks to queue
[2024-02-14T16:22:47.229+0000] {logging_mixin.py:188} INFO - [2024-02-14T16:22:47.229+0000] {dagbag.py:538} INFO - Filling up the DagBag from /home/airflow/.local/lib/python3.8/site-packages/airflow/example_dags/example_python_decorator.py
[2024-02-14T16:22:47.238+0000] {processor.py:840} INFO - DAG(s) 'example_python_decorator' retrieved from /home/airflow/.local/lib/python3.8/site-packages/airflow/example_dags/example_python_decorator.py
[2024-02-14T16:22:47.254+0000] {logging_mixin.py:188} INFO - [2024-02-14T16:22:47.254+0000] {dag.py:3033} INFO - Sync 1 DAGs
[2024-02-14T16:22:47.262+0000] {logging_mixin.py:188} INFO - [2024-02-14T16:22:47.262+0000] {dag.py:3820} INFO - Setting next_dagrun for example_python_decorator to None, run_after=None
[2024-02-14T16:22:47.273+0000] {processor.py:183} INFO - Processing /home/airflow/.local/lib/python3.8/site-packages/airflow/example_dags/example_python_decorator.py took 0.055 seconds
[2024-02-14T16:23:17.679+0000] {processor.py:161} INFO - Started process (PID=2334) to work on /home/airflow/.local/lib/python3.8/site-packages/airflow/example_dags/example_python_decorator.py
[2024-02-14T16:23:17.680+0000] {processor.py:830} INFO - Processing file /home/airflow/.local/lib/python3.8/site-packages/airflow/example_dags/example_python_decorator.py for tasks to queue
[2024-02-14T16:23:17.682+0000] {logging_mixin.py:188} INFO - [2024-02-14T16:23:17.682+0000] {dagbag.py:538} INFO - Filling up the DagBag from /home/airflow/.local/lib/python3.8/site-packages/airflow/example_dags/example_python_decorator.py
[2024-02-14T16:23:17.690+0000] {processor.py:840} INFO - DAG(s) 'example_python_decorator' retrieved from /home/airflow/.local/lib/python3.8/site-packages/airflow/example_dags/example_python_decorator.py
[2024-02-14T16:23:17.704+0000] {logging_mixin.py:188} INFO - [2024-02-14T16:23:17.704+0000] {dag.py:3033} INFO - Sync 1 DAGs
[2024-02-14T16:23:17.712+0000] {logging_mixin.py:188} INFO - [2024-02-14T16:23:17.712+0000] {dag.py:3820} INFO - Setting next_dagrun for example_python_decorator to None, run_after=None
[2024-02-14T16:23:17.722+0000] {processor.py:183} INFO - Processing /home/airflow/.local/lib/python3.8/site-packages/airflow/example_dags/example_python_decorator.py took 0.047 seconds
[2024-02-14T16:23:47.771+0000] {processor.py:161} INFO - Started process (PID=2391) to work on /home/airflow/.local/lib/python3.8/site-packages/airflow/example_dags/example_python_decorator.py
[2024-02-14T16:23:47.771+0000] {processor.py:830} INFO - Processing file /home/airflow/.local/lib/python3.8/site-packages/airflow/example_dags/example_python_decorator.py for tasks to queue
[2024-02-14T16:23:47.773+0000] {logging_mixin.py:188} INFO - [2024-02-14T16:23:47.773+0000] {dagbag.py:538} INFO - Filling up the DagBag from /home/airflow/.local/lib/python3.8/site-packages/airflow/example_dags/example_python_decorator.py
[2024-02-14T16:23:47.780+0000] {processor.py:840} INFO - DAG(s) 'example_python_decorator' retrieved from /home/airflow/.local/lib/python3.8/site-packages/airflow/example_dags/example_python_decorator.py
[2024-02-14T16:23:47.794+0000] {logging_mixin.py:188} INFO - [2024-02-14T16:23:47.794+0000] {dag.py:3033} INFO - Sync 1 DAGs
[2024-02-14T16:23:47.801+0000] {logging_mixin.py:188} INFO - [2024-02-14T16:23:47.801+0000] {dag.py:3820} INFO - Setting next_dagrun for example_python_decorator to None, run_after=None
[2024-02-14T16:23:47.811+0000] {processor.py:183} INFO - Processing /home/airflow/.local/lib/python3.8/site-packages/airflow/example_dags/example_python_decorator.py took 0.044 seconds
[2024-02-14T16:24:18.118+0000] {processor.py:161} INFO - Started process (PID=2448) to work on /home/airflow/.local/lib/python3.8/site-packages/airflow/example_dags/example_python_decorator.py
[2024-02-14T16:24:18.119+0000] {processor.py:830} INFO - Processing file /home/airflow/.local/lib/python3.8/site-packages/airflow/example_dags/example_python_decorator.py for tasks to queue
[2024-02-14T16:24:18.122+0000] {logging_mixin.py:188} INFO - [2024-02-14T16:24:18.122+0000] {dagbag.py:538} INFO - Filling up the DagBag from /home/airflow/.local/lib/python3.8/site-packages/airflow/example_dags/example_python_decorator.py
[2024-02-14T16:24:18.133+0000] {processor.py:840} INFO - DAG(s) 'example_python_decorator' retrieved from /home/airflow/.local/lib/python3.8/site-packages/airflow/example_dags/example_python_decorator.py
[2024-02-14T16:24:18.150+0000] {logging_mixin.py:188} INFO - [2024-02-14T16:24:18.150+0000] {dag.py:3033} INFO - Sync 1 DAGs
[2024-02-14T16:24:18.158+0000] {logging_mixin.py:188} INFO - [2024-02-14T16:24:18.157+0000] {dag.py:3820} INFO - Setting next_dagrun for example_python_decorator to None, run_after=None
[2024-02-14T16:24:18.168+0000] {processor.py:183} INFO - Processing /home/airflow/.local/lib/python3.8/site-packages/airflow/example_dags/example_python_decorator.py took 0.055 seconds
