[2024-02-14T16:03:08.499+0000] {processor.py:161} INFO - Started process (PID=86) to work on /home/airflow/.local/lib/python3.8/site-packages/airflow/example_dags/example_external_task_marker_dag.py
[2024-02-14T16:03:08.500+0000] {processor.py:830} INFO - Processing file /home/airflow/.local/lib/python3.8/site-packages/airflow/example_dags/example_external_task_marker_dag.py for tasks to queue
[2024-02-14T16:03:08.502+0000] {logging_mixin.py:188} INFO - [2024-02-14T16:03:08.502+0000] {dagbag.py:538} INFO - Filling up the DagBag from /home/airflow/.local/lib/python3.8/site-packages/airflow/example_dags/example_external_task_marker_dag.py
[2024-02-14T16:03:08.510+0000] {processor.py:840} INFO - DAG(s) 'example_external_task_marker_child', 'example_external_task_marker_parent' retrieved from /home/airflow/.local/lib/python3.8/site-packages/airflow/example_dags/example_external_task_marker_dag.py
[2024-02-14T16:03:08.521+0000] {logging_mixin.py:188} INFO - [2024-02-14T16:03:08.521+0000] {dag.py:3033} INFO - Sync 2 DAGs
[2024-02-14T16:03:08.532+0000] {logging_mixin.py:188} INFO - [2024-02-14T16:03:08.531+0000] {dag.py:3820} INFO - Setting next_dagrun for example_external_task_marker_child to None, run_after=None
[2024-02-14T16:03:08.536+0000] {logging_mixin.py:188} INFO - [2024-02-14T16:03:08.536+0000] {dag.py:3820} INFO - Setting next_dagrun for example_external_task_marker_parent to None, run_after=None
[2024-02-14T16:03:08.547+0000] {processor.py:183} INFO - Processing /home/airflow/.local/lib/python3.8/site-packages/airflow/example_dags/example_external_task_marker_dag.py took 0.051 seconds
[2024-02-14T16:03:39.141+0000] {processor.py:161} INFO - Started process (PID=143) to work on /home/airflow/.local/lib/python3.8/site-packages/airflow/example_dags/example_external_task_marker_dag.py
[2024-02-14T16:03:39.141+0000] {processor.py:830} INFO - Processing file /home/airflow/.local/lib/python3.8/site-packages/airflow/example_dags/example_external_task_marker_dag.py for tasks to queue
[2024-02-14T16:03:39.143+0000] {logging_mixin.py:188} INFO - [2024-02-14T16:03:39.143+0000] {dagbag.py:538} INFO - Filling up the DagBag from /home/airflow/.local/lib/python3.8/site-packages/airflow/example_dags/example_external_task_marker_dag.py
[2024-02-14T16:03:39.147+0000] {processor.py:840} INFO - DAG(s) 'example_external_task_marker_child', 'example_external_task_marker_parent' retrieved from /home/airflow/.local/lib/python3.8/site-packages/airflow/example_dags/example_external_task_marker_dag.py
[2024-02-14T16:03:39.205+0000] {logging_mixin.py:188} INFO - [2024-02-14T16:03:39.205+0000] {dag.py:3033} INFO - Sync 2 DAGs
[2024-02-14T16:03:39.211+0000] {logging_mixin.py:188} INFO - [2024-02-14T16:03:39.211+0000] {dag.py:3820} INFO - Setting next_dagrun for example_external_task_marker_child to None, run_after=None
[2024-02-14T16:03:39.213+0000] {logging_mixin.py:188} INFO - [2024-02-14T16:03:39.212+0000] {dag.py:3820} INFO - Setting next_dagrun for example_external_task_marker_parent to None, run_after=None
[2024-02-14T16:03:39.222+0000] {processor.py:183} INFO - Processing /home/airflow/.local/lib/python3.8/site-packages/airflow/example_dags/example_external_task_marker_dag.py took 0.084 seconds
[2024-02-14T16:04:09.365+0000] {processor.py:161} INFO - Started process (PID=200) to work on /home/airflow/.local/lib/python3.8/site-packages/airflow/example_dags/example_external_task_marker_dag.py
[2024-02-14T16:04:09.366+0000] {processor.py:830} INFO - Processing file /home/airflow/.local/lib/python3.8/site-packages/airflow/example_dags/example_external_task_marker_dag.py for tasks to queue
[2024-02-14T16:04:09.367+0000] {logging_mixin.py:188} INFO - [2024-02-14T16:04:09.367+0000] {dagbag.py:538} INFO - Filling up the DagBag from /home/airflow/.local/lib/python3.8/site-packages/airflow/example_dags/example_external_task_marker_dag.py
[2024-02-14T16:04:09.371+0000] {processor.py:840} INFO - DAG(s) 'example_external_task_marker_child', 'example_external_task_marker_parent' retrieved from /home/airflow/.local/lib/python3.8/site-packages/airflow/example_dags/example_external_task_marker_dag.py
[2024-02-14T16:04:09.386+0000] {logging_mixin.py:188} INFO - [2024-02-14T16:04:09.386+0000] {dag.py:3033} INFO - Sync 2 DAGs
[2024-02-14T16:04:09.393+0000] {logging_mixin.py:188} INFO - [2024-02-14T16:04:09.393+0000] {dag.py:3820} INFO - Setting next_dagrun for example_external_task_marker_child to None, run_after=None
[2024-02-14T16:04:09.395+0000] {logging_mixin.py:188} INFO - [2024-02-14T16:04:09.395+0000] {dag.py:3820} INFO - Setting next_dagrun for example_external_task_marker_parent to None, run_after=None
[2024-02-14T16:04:09.404+0000] {processor.py:183} INFO - Processing /home/airflow/.local/lib/python3.8/site-packages/airflow/example_dags/example_external_task_marker_dag.py took 0.042 seconds
[2024-02-14T16:04:39.722+0000] {processor.py:161} INFO - Started process (PID=257) to work on /home/airflow/.local/lib/python3.8/site-packages/airflow/example_dags/example_external_task_marker_dag.py
[2024-02-14T16:04:39.722+0000] {processor.py:830} INFO - Processing file /home/airflow/.local/lib/python3.8/site-packages/airflow/example_dags/example_external_task_marker_dag.py for tasks to queue
[2024-02-14T16:04:39.724+0000] {logging_mixin.py:188} INFO - [2024-02-14T16:04:39.724+0000] {dagbag.py:538} INFO - Filling up the DagBag from /home/airflow/.local/lib/python3.8/site-packages/airflow/example_dags/example_external_task_marker_dag.py
[2024-02-14T16:04:39.727+0000] {processor.py:840} INFO - DAG(s) 'example_external_task_marker_parent', 'example_external_task_marker_child' retrieved from /home/airflow/.local/lib/python3.8/site-packages/airflow/example_dags/example_external_task_marker_dag.py
[2024-02-14T16:04:39.743+0000] {logging_mixin.py:188} INFO - [2024-02-14T16:04:39.743+0000] {dag.py:3033} INFO - Sync 2 DAGs
[2024-02-14T16:04:39.750+0000] {logging_mixin.py:188} INFO - [2024-02-14T16:04:39.750+0000] {dag.py:3820} INFO - Setting next_dagrun for example_external_task_marker_child to None, run_after=None
[2024-02-14T16:04:39.752+0000] {logging_mixin.py:188} INFO - [2024-02-14T16:04:39.752+0000] {dag.py:3820} INFO - Setting next_dagrun for example_external_task_marker_parent to None, run_after=None
[2024-02-14T16:04:39.761+0000] {processor.py:183} INFO - Processing /home/airflow/.local/lib/python3.8/site-packages/airflow/example_dags/example_external_task_marker_dag.py took 0.042 seconds
[2024-02-14T16:05:09.940+0000] {processor.py:161} INFO - Started process (PID=314) to work on /home/airflow/.local/lib/python3.8/site-packages/airflow/example_dags/example_external_task_marker_dag.py
[2024-02-14T16:05:09.940+0000] {processor.py:830} INFO - Processing file /home/airflow/.local/lib/python3.8/site-packages/airflow/example_dags/example_external_task_marker_dag.py for tasks to queue
[2024-02-14T16:05:09.942+0000] {logging_mixin.py:188} INFO - [2024-02-14T16:05:09.942+0000] {dagbag.py:538} INFO - Filling up the DagBag from /home/airflow/.local/lib/python3.8/site-packages/airflow/example_dags/example_external_task_marker_dag.py
[2024-02-14T16:05:09.946+0000] {processor.py:840} INFO - DAG(s) 'example_external_task_marker_parent', 'example_external_task_marker_child' retrieved from /home/airflow/.local/lib/python3.8/site-packages/airflow/example_dags/example_external_task_marker_dag.py
[2024-02-14T16:05:09.959+0000] {logging_mixin.py:188} INFO - [2024-02-14T16:05:09.959+0000] {dag.py:3033} INFO - Sync 2 DAGs
[2024-02-14T16:05:09.966+0000] {logging_mixin.py:188} INFO - [2024-02-14T16:05:09.966+0000] {dag.py:3820} INFO - Setting next_dagrun for example_external_task_marker_child to None, run_after=None
[2024-02-14T16:05:09.968+0000] {logging_mixin.py:188} INFO - [2024-02-14T16:05:09.968+0000] {dag.py:3820} INFO - Setting next_dagrun for example_external_task_marker_parent to None, run_after=None
[2024-02-14T16:05:09.977+0000] {processor.py:183} INFO - Processing /home/airflow/.local/lib/python3.8/site-packages/airflow/example_dags/example_external_task_marker_dag.py took 0.040 seconds
[2024-02-14T16:05:40.093+0000] {processor.py:161} INFO - Started process (PID=371) to work on /home/airflow/.local/lib/python3.8/site-packages/airflow/example_dags/example_external_task_marker_dag.py
[2024-02-14T16:05:40.094+0000] {processor.py:830} INFO - Processing file /home/airflow/.local/lib/python3.8/site-packages/airflow/example_dags/example_external_task_marker_dag.py for tasks to queue
[2024-02-14T16:05:40.096+0000] {logging_mixin.py:188} INFO - [2024-02-14T16:05:40.096+0000] {dagbag.py:538} INFO - Filling up the DagBag from /home/airflow/.local/lib/python3.8/site-packages/airflow/example_dags/example_external_task_marker_dag.py
[2024-02-14T16:05:40.100+0000] {processor.py:840} INFO - DAG(s) 'example_external_task_marker_parent', 'example_external_task_marker_child' retrieved from /home/airflow/.local/lib/python3.8/site-packages/airflow/example_dags/example_external_task_marker_dag.py
[2024-02-14T16:05:40.115+0000] {logging_mixin.py:188} INFO - [2024-02-14T16:05:40.115+0000] {dag.py:3033} INFO - Sync 2 DAGs
[2024-02-14T16:05:40.122+0000] {logging_mixin.py:188} INFO - [2024-02-14T16:05:40.121+0000] {dag.py:3820} INFO - Setting next_dagrun for example_external_task_marker_child to None, run_after=None
[2024-02-14T16:05:40.124+0000] {logging_mixin.py:188} INFO - [2024-02-14T16:05:40.124+0000] {dag.py:3820} INFO - Setting next_dagrun for example_external_task_marker_parent to None, run_after=None
[2024-02-14T16:05:40.133+0000] {processor.py:183} INFO - Processing /home/airflow/.local/lib/python3.8/site-packages/airflow/example_dags/example_external_task_marker_dag.py took 0.043 seconds
[2024-02-14T16:06:10.365+0000] {processor.py:161} INFO - Started process (PID=428) to work on /home/airflow/.local/lib/python3.8/site-packages/airflow/example_dags/example_external_task_marker_dag.py
[2024-02-14T16:06:10.366+0000] {processor.py:830} INFO - Processing file /home/airflow/.local/lib/python3.8/site-packages/airflow/example_dags/example_external_task_marker_dag.py for tasks to queue
[2024-02-14T16:06:10.368+0000] {logging_mixin.py:188} INFO - [2024-02-14T16:06:10.368+0000] {dagbag.py:538} INFO - Filling up the DagBag from /home/airflow/.local/lib/python3.8/site-packages/airflow/example_dags/example_external_task_marker_dag.py
[2024-02-14T16:06:10.371+0000] {processor.py:840} INFO - DAG(s) 'example_external_task_marker_parent', 'example_external_task_marker_child' retrieved from /home/airflow/.local/lib/python3.8/site-packages/airflow/example_dags/example_external_task_marker_dag.py
[2024-02-14T16:06:10.385+0000] {logging_mixin.py:188} INFO - [2024-02-14T16:06:10.385+0000] {dag.py:3033} INFO - Sync 2 DAGs
[2024-02-14T16:06:10.392+0000] {logging_mixin.py:188} INFO - [2024-02-14T16:06:10.392+0000] {dag.py:3820} INFO - Setting next_dagrun for example_external_task_marker_child to None, run_after=None
[2024-02-14T16:06:10.394+0000] {logging_mixin.py:188} INFO - [2024-02-14T16:06:10.394+0000] {dag.py:3820} INFO - Setting next_dagrun for example_external_task_marker_parent to None, run_after=None
[2024-02-14T16:06:10.402+0000] {processor.py:183} INFO - Processing /home/airflow/.local/lib/python3.8/site-packages/airflow/example_dags/example_external_task_marker_dag.py took 0.039 seconds
[2024-02-14T16:06:40.452+0000] {processor.py:161} INFO - Started process (PID=485) to work on /home/airflow/.local/lib/python3.8/site-packages/airflow/example_dags/example_external_task_marker_dag.py
[2024-02-14T16:06:40.452+0000] {processor.py:830} INFO - Processing file /home/airflow/.local/lib/python3.8/site-packages/airflow/example_dags/example_external_task_marker_dag.py for tasks to queue
[2024-02-14T16:06:40.454+0000] {logging_mixin.py:188} INFO - [2024-02-14T16:06:40.454+0000] {dagbag.py:538} INFO - Filling up the DagBag from /home/airflow/.local/lib/python3.8/site-packages/airflow/example_dags/example_external_task_marker_dag.py
[2024-02-14T16:06:40.457+0000] {processor.py:840} INFO - DAG(s) 'example_external_task_marker_child', 'example_external_task_marker_parent' retrieved from /home/airflow/.local/lib/python3.8/site-packages/airflow/example_dags/example_external_task_marker_dag.py
[2024-02-14T16:06:40.470+0000] {logging_mixin.py:188} INFO - [2024-02-14T16:06:40.470+0000] {dag.py:3033} INFO - Sync 2 DAGs
[2024-02-14T16:06:40.477+0000] {logging_mixin.py:188} INFO - [2024-02-14T16:06:40.477+0000] {dag.py:3820} INFO - Setting next_dagrun for example_external_task_marker_child to None, run_after=None
[2024-02-14T16:06:40.479+0000] {logging_mixin.py:188} INFO - [2024-02-14T16:06:40.479+0000] {dag.py:3820} INFO - Setting next_dagrun for example_external_task_marker_parent to None, run_after=None
[2024-02-14T16:06:40.487+0000] {processor.py:183} INFO - Processing /home/airflow/.local/lib/python3.8/site-packages/airflow/example_dags/example_external_task_marker_dag.py took 0.038 seconds
[2024-02-14T16:07:10.665+0000] {processor.py:161} INFO - Started process (PID=542) to work on /home/airflow/.local/lib/python3.8/site-packages/airflow/example_dags/example_external_task_marker_dag.py
[2024-02-14T16:07:10.666+0000] {processor.py:830} INFO - Processing file /home/airflow/.local/lib/python3.8/site-packages/airflow/example_dags/example_external_task_marker_dag.py for tasks to queue
[2024-02-14T16:07:10.667+0000] {logging_mixin.py:188} INFO - [2024-02-14T16:07:10.667+0000] {dagbag.py:538} INFO - Filling up the DagBag from /home/airflow/.local/lib/python3.8/site-packages/airflow/example_dags/example_external_task_marker_dag.py
[2024-02-14T16:07:10.671+0000] {processor.py:840} INFO - DAG(s) 'example_external_task_marker_child', 'example_external_task_marker_parent' retrieved from /home/airflow/.local/lib/python3.8/site-packages/airflow/example_dags/example_external_task_marker_dag.py
[2024-02-14T16:07:10.685+0000] {logging_mixin.py:188} INFO - [2024-02-14T16:07:10.685+0000] {dag.py:3033} INFO - Sync 2 DAGs
[2024-02-14T16:07:10.692+0000] {logging_mixin.py:188} INFO - [2024-02-14T16:07:10.692+0000] {dag.py:3820} INFO - Setting next_dagrun for example_external_task_marker_child to None, run_after=None
[2024-02-14T16:07:10.694+0000] {logging_mixin.py:188} INFO - [2024-02-14T16:07:10.694+0000] {dag.py:3820} INFO - Setting next_dagrun for example_external_task_marker_parent to None, run_after=None
[2024-02-14T16:07:10.703+0000] {processor.py:183} INFO - Processing /home/airflow/.local/lib/python3.8/site-packages/airflow/example_dags/example_external_task_marker_dag.py took 0.040 seconds
[2024-02-14T16:07:40.972+0000] {processor.py:161} INFO - Started process (PID=599) to work on /home/airflow/.local/lib/python3.8/site-packages/airflow/example_dags/example_external_task_marker_dag.py
[2024-02-14T16:07:40.973+0000] {processor.py:830} INFO - Processing file /home/airflow/.local/lib/python3.8/site-packages/airflow/example_dags/example_external_task_marker_dag.py for tasks to queue
[2024-02-14T16:07:40.975+0000] {logging_mixin.py:188} INFO - [2024-02-14T16:07:40.974+0000] {dagbag.py:538} INFO - Filling up the DagBag from /home/airflow/.local/lib/python3.8/site-packages/airflow/example_dags/example_external_task_marker_dag.py
[2024-02-14T16:07:40.979+0000] {processor.py:840} INFO - DAG(s) 'example_external_task_marker_parent', 'example_external_task_marker_child' retrieved from /home/airflow/.local/lib/python3.8/site-packages/airflow/example_dags/example_external_task_marker_dag.py
[2024-02-14T16:07:40.993+0000] {logging_mixin.py:188} INFO - [2024-02-14T16:07:40.993+0000] {dag.py:3033} INFO - Sync 2 DAGs
[2024-02-14T16:07:41.000+0000] {logging_mixin.py:188} INFO - [2024-02-14T16:07:41.000+0000] {dag.py:3820} INFO - Setting next_dagrun for example_external_task_marker_child to None, run_after=None
[2024-02-14T16:07:41.002+0000] {logging_mixin.py:188} INFO - [2024-02-14T16:07:41.002+0000] {dag.py:3820} INFO - Setting next_dagrun for example_external_task_marker_parent to None, run_after=None
[2024-02-14T16:07:41.011+0000] {processor.py:183} INFO - Processing /home/airflow/.local/lib/python3.8/site-packages/airflow/example_dags/example_external_task_marker_dag.py took 0.042 seconds
[2024-02-14T16:08:11.155+0000] {processor.py:161} INFO - Started process (PID=656) to work on /home/airflow/.local/lib/python3.8/site-packages/airflow/example_dags/example_external_task_marker_dag.py
[2024-02-14T16:08:11.155+0000] {processor.py:830} INFO - Processing file /home/airflow/.local/lib/python3.8/site-packages/airflow/example_dags/example_external_task_marker_dag.py for tasks to queue
[2024-02-14T16:08:11.157+0000] {logging_mixin.py:188} INFO - [2024-02-14T16:08:11.157+0000] {dagbag.py:538} INFO - Filling up the DagBag from /home/airflow/.local/lib/python3.8/site-packages/airflow/example_dags/example_external_task_marker_dag.py
[2024-02-14T16:08:11.161+0000] {processor.py:840} INFO - DAG(s) 'example_external_task_marker_child', 'example_external_task_marker_parent' retrieved from /home/airflow/.local/lib/python3.8/site-packages/airflow/example_dags/example_external_task_marker_dag.py
[2024-02-14T16:08:11.173+0000] {logging_mixin.py:188} INFO - [2024-02-14T16:08:11.173+0000] {dag.py:3033} INFO - Sync 2 DAGs
[2024-02-14T16:08:11.180+0000] {logging_mixin.py:188} INFO - [2024-02-14T16:08:11.180+0000] {dag.py:3820} INFO - Setting next_dagrun for example_external_task_marker_child to None, run_after=None
[2024-02-14T16:08:11.182+0000] {logging_mixin.py:188} INFO - [2024-02-14T16:08:11.182+0000] {dag.py:3820} INFO - Setting next_dagrun for example_external_task_marker_parent to None, run_after=None
[2024-02-14T16:08:11.190+0000] {processor.py:183} INFO - Processing /home/airflow/.local/lib/python3.8/site-packages/airflow/example_dags/example_external_task_marker_dag.py took 0.038 seconds
[2024-02-14T16:08:41.382+0000] {processor.py:161} INFO - Started process (PID=713) to work on /home/airflow/.local/lib/python3.8/site-packages/airflow/example_dags/example_external_task_marker_dag.py
[2024-02-14T16:08:41.383+0000] {processor.py:830} INFO - Processing file /home/airflow/.local/lib/python3.8/site-packages/airflow/example_dags/example_external_task_marker_dag.py for tasks to queue
[2024-02-14T16:08:41.385+0000] {logging_mixin.py:188} INFO - [2024-02-14T16:08:41.385+0000] {dagbag.py:538} INFO - Filling up the DagBag from /home/airflow/.local/lib/python3.8/site-packages/airflow/example_dags/example_external_task_marker_dag.py
[2024-02-14T16:08:41.389+0000] {processor.py:840} INFO - DAG(s) 'example_external_task_marker_parent', 'example_external_task_marker_child' retrieved from /home/airflow/.local/lib/python3.8/site-packages/airflow/example_dags/example_external_task_marker_dag.py
[2024-02-14T16:08:41.403+0000] {logging_mixin.py:188} INFO - [2024-02-14T16:08:41.403+0000] {dag.py:3033} INFO - Sync 2 DAGs
[2024-02-14T16:08:41.410+0000] {logging_mixin.py:188} INFO - [2024-02-14T16:08:41.410+0000] {dag.py:3820} INFO - Setting next_dagrun for example_external_task_marker_child to None, run_after=None
[2024-02-14T16:08:41.412+0000] {logging_mixin.py:188} INFO - [2024-02-14T16:08:41.412+0000] {dag.py:3820} INFO - Setting next_dagrun for example_external_task_marker_parent to None, run_after=None
[2024-02-14T16:08:41.422+0000] {processor.py:183} INFO - Processing /home/airflow/.local/lib/python3.8/site-packages/airflow/example_dags/example_external_task_marker_dag.py took 0.041 seconds
[2024-02-14T16:09:12.527+0000] {processor.py:161} INFO - Started process (PID=770) to work on /home/airflow/.local/lib/python3.8/site-packages/airflow/example_dags/example_external_task_marker_dag.py
[2024-02-14T16:09:12.527+0000] {processor.py:830} INFO - Processing file /home/airflow/.local/lib/python3.8/site-packages/airflow/example_dags/example_external_task_marker_dag.py for tasks to queue
[2024-02-14T16:09:12.529+0000] {logging_mixin.py:188} INFO - [2024-02-14T16:09:12.529+0000] {dagbag.py:538} INFO - Filling up the DagBag from /home/airflow/.local/lib/python3.8/site-packages/airflow/example_dags/example_external_task_marker_dag.py
[2024-02-14T16:09:12.533+0000] {processor.py:840} INFO - DAG(s) 'example_external_task_marker_parent', 'example_external_task_marker_child' retrieved from /home/airflow/.local/lib/python3.8/site-packages/airflow/example_dags/example_external_task_marker_dag.py
[2024-02-14T16:09:12.547+0000] {logging_mixin.py:188} INFO - [2024-02-14T16:09:12.547+0000] {dag.py:3033} INFO - Sync 2 DAGs
[2024-02-14T16:09:12.554+0000] {logging_mixin.py:188} INFO - [2024-02-14T16:09:12.554+0000] {dag.py:3820} INFO - Setting next_dagrun for example_external_task_marker_child to None, run_after=None
[2024-02-14T16:09:12.556+0000] {logging_mixin.py:188} INFO - [2024-02-14T16:09:12.556+0000] {dag.py:3820} INFO - Setting next_dagrun for example_external_task_marker_parent to None, run_after=None
[2024-02-14T16:09:12.564+0000] {processor.py:183} INFO - Processing /home/airflow/.local/lib/python3.8/site-packages/airflow/example_dags/example_external_task_marker_dag.py took 0.040 seconds
[2024-02-14T16:09:43.489+0000] {processor.py:161} INFO - Started process (PID=827) to work on /home/airflow/.local/lib/python3.8/site-packages/airflow/example_dags/example_external_task_marker_dag.py
[2024-02-14T16:09:43.489+0000] {processor.py:830} INFO - Processing file /home/airflow/.local/lib/python3.8/site-packages/airflow/example_dags/example_external_task_marker_dag.py for tasks to queue
[2024-02-14T16:09:43.491+0000] {logging_mixin.py:188} INFO - [2024-02-14T16:09:43.491+0000] {dagbag.py:538} INFO - Filling up the DagBag from /home/airflow/.local/lib/python3.8/site-packages/airflow/example_dags/example_external_task_marker_dag.py
[2024-02-14T16:09:43.494+0000] {processor.py:840} INFO - DAG(s) 'example_external_task_marker_parent', 'example_external_task_marker_child' retrieved from /home/airflow/.local/lib/python3.8/site-packages/airflow/example_dags/example_external_task_marker_dag.py
[2024-02-14T16:09:43.508+0000] {logging_mixin.py:188} INFO - [2024-02-14T16:09:43.508+0000] {dag.py:3033} INFO - Sync 2 DAGs
[2024-02-14T16:09:43.516+0000] {logging_mixin.py:188} INFO - [2024-02-14T16:09:43.515+0000] {dag.py:3820} INFO - Setting next_dagrun for example_external_task_marker_child to None, run_after=None
[2024-02-14T16:09:43.518+0000] {logging_mixin.py:188} INFO - [2024-02-14T16:09:43.517+0000] {dag.py:3820} INFO - Setting next_dagrun for example_external_task_marker_parent to None, run_after=None
[2024-02-14T16:09:43.526+0000] {processor.py:183} INFO - Processing /home/airflow/.local/lib/python3.8/site-packages/airflow/example_dags/example_external_task_marker_dag.py took 0.040 seconds
[2024-02-14T16:10:13.804+0000] {processor.py:161} INFO - Started process (PID=884) to work on /home/airflow/.local/lib/python3.8/site-packages/airflow/example_dags/example_external_task_marker_dag.py
[2024-02-14T16:10:13.805+0000] {processor.py:830} INFO - Processing file /home/airflow/.local/lib/python3.8/site-packages/airflow/example_dags/example_external_task_marker_dag.py for tasks to queue
[2024-02-14T16:10:13.807+0000] {logging_mixin.py:188} INFO - [2024-02-14T16:10:13.806+0000] {dagbag.py:538} INFO - Filling up the DagBag from /home/airflow/.local/lib/python3.8/site-packages/airflow/example_dags/example_external_task_marker_dag.py
[2024-02-14T16:10:13.810+0000] {processor.py:840} INFO - DAG(s) 'example_external_task_marker_parent', 'example_external_task_marker_child' retrieved from /home/airflow/.local/lib/python3.8/site-packages/airflow/example_dags/example_external_task_marker_dag.py
[2024-02-14T16:10:13.824+0000] {logging_mixin.py:188} INFO - [2024-02-14T16:10:13.824+0000] {dag.py:3033} INFO - Sync 2 DAGs
[2024-02-14T16:10:13.831+0000] {logging_mixin.py:188} INFO - [2024-02-14T16:10:13.831+0000] {dag.py:3820} INFO - Setting next_dagrun for example_external_task_marker_child to None, run_after=None
[2024-02-14T16:10:13.833+0000] {logging_mixin.py:188} INFO - [2024-02-14T16:10:13.833+0000] {dag.py:3820} INFO - Setting next_dagrun for example_external_task_marker_parent to None, run_after=None
[2024-02-14T16:10:13.842+0000] {processor.py:183} INFO - Processing /home/airflow/.local/lib/python3.8/site-packages/airflow/example_dags/example_external_task_marker_dag.py took 0.040 seconds
[2024-02-14T16:10:44.022+0000] {processor.py:161} INFO - Started process (PID=941) to work on /home/airflow/.local/lib/python3.8/site-packages/airflow/example_dags/example_external_task_marker_dag.py
[2024-02-14T16:10:44.023+0000] {processor.py:830} INFO - Processing file /home/airflow/.local/lib/python3.8/site-packages/airflow/example_dags/example_external_task_marker_dag.py for tasks to queue
[2024-02-14T16:10:44.025+0000] {logging_mixin.py:188} INFO - [2024-02-14T16:10:44.025+0000] {dagbag.py:538} INFO - Filling up the DagBag from /home/airflow/.local/lib/python3.8/site-packages/airflow/example_dags/example_external_task_marker_dag.py
[2024-02-14T16:10:44.029+0000] {processor.py:840} INFO - DAG(s) 'example_external_task_marker_child', 'example_external_task_marker_parent' retrieved from /home/airflow/.local/lib/python3.8/site-packages/airflow/example_dags/example_external_task_marker_dag.py
[2024-02-14T16:10:44.043+0000] {logging_mixin.py:188} INFO - [2024-02-14T16:10:44.043+0000] {dag.py:3033} INFO - Sync 2 DAGs
[2024-02-14T16:10:44.052+0000] {logging_mixin.py:188} INFO - [2024-02-14T16:10:44.052+0000] {dag.py:3820} INFO - Setting next_dagrun for example_external_task_marker_child to None, run_after=None
[2024-02-14T16:10:44.054+0000] {logging_mixin.py:188} INFO - [2024-02-14T16:10:44.054+0000] {dag.py:3820} INFO - Setting next_dagrun for example_external_task_marker_parent to None, run_after=None
[2024-02-14T16:10:44.064+0000] {processor.py:183} INFO - Processing /home/airflow/.local/lib/python3.8/site-packages/airflow/example_dags/example_external_task_marker_dag.py took 0.043 seconds
[2024-02-14T16:11:14.155+0000] {processor.py:161} INFO - Started process (PID=998) to work on /home/airflow/.local/lib/python3.8/site-packages/airflow/example_dags/example_external_task_marker_dag.py
[2024-02-14T16:11:14.156+0000] {processor.py:830} INFO - Processing file /home/airflow/.local/lib/python3.8/site-packages/airflow/example_dags/example_external_task_marker_dag.py for tasks to queue
[2024-02-14T16:11:14.157+0000] {logging_mixin.py:188} INFO - [2024-02-14T16:11:14.157+0000] {dagbag.py:538} INFO - Filling up the DagBag from /home/airflow/.local/lib/python3.8/site-packages/airflow/example_dags/example_external_task_marker_dag.py
[2024-02-14T16:11:14.161+0000] {processor.py:840} INFO - DAG(s) 'example_external_task_marker_parent', 'example_external_task_marker_child' retrieved from /home/airflow/.local/lib/python3.8/site-packages/airflow/example_dags/example_external_task_marker_dag.py
[2024-02-14T16:11:14.178+0000] {logging_mixin.py:188} INFO - [2024-02-14T16:11:14.178+0000] {dag.py:3033} INFO - Sync 2 DAGs
[2024-02-14T16:11:14.185+0000] {logging_mixin.py:188} INFO - [2024-02-14T16:11:14.185+0000] {dag.py:3820} INFO - Setting next_dagrun for example_external_task_marker_child to None, run_after=None
[2024-02-14T16:11:14.187+0000] {logging_mixin.py:188} INFO - [2024-02-14T16:11:14.187+0000] {dag.py:3820} INFO - Setting next_dagrun for example_external_task_marker_parent to None, run_after=None
[2024-02-14T16:11:14.198+0000] {processor.py:183} INFO - Processing /home/airflow/.local/lib/python3.8/site-packages/airflow/example_dags/example_external_task_marker_dag.py took 0.046 seconds
[2024-02-14T16:11:44.457+0000] {processor.py:161} INFO - Started process (PID=1055) to work on /home/airflow/.local/lib/python3.8/site-packages/airflow/example_dags/example_external_task_marker_dag.py
[2024-02-14T16:11:44.458+0000] {processor.py:830} INFO - Processing file /home/airflow/.local/lib/python3.8/site-packages/airflow/example_dags/example_external_task_marker_dag.py for tasks to queue
[2024-02-14T16:11:44.460+0000] {logging_mixin.py:188} INFO - [2024-02-14T16:11:44.459+0000] {dagbag.py:538} INFO - Filling up the DagBag from /home/airflow/.local/lib/python3.8/site-packages/airflow/example_dags/example_external_task_marker_dag.py
[2024-02-14T16:11:44.463+0000] {processor.py:840} INFO - DAG(s) 'example_external_task_marker_child', 'example_external_task_marker_parent' retrieved from /home/airflow/.local/lib/python3.8/site-packages/airflow/example_dags/example_external_task_marker_dag.py
[2024-02-14T16:11:44.479+0000] {logging_mixin.py:188} INFO - [2024-02-14T16:11:44.478+0000] {dag.py:3033} INFO - Sync 2 DAGs
[2024-02-14T16:11:44.486+0000] {logging_mixin.py:188} INFO - [2024-02-14T16:11:44.486+0000] {dag.py:3820} INFO - Setting next_dagrun for example_external_task_marker_child to None, run_after=None
[2024-02-14T16:11:44.488+0000] {logging_mixin.py:188} INFO - [2024-02-14T16:11:44.488+0000] {dag.py:3820} INFO - Setting next_dagrun for example_external_task_marker_parent to None, run_after=None
[2024-02-14T16:11:44.497+0000] {processor.py:183} INFO - Processing /home/airflow/.local/lib/python3.8/site-packages/airflow/example_dags/example_external_task_marker_dag.py took 0.043 seconds
[2024-02-14T16:12:14.640+0000] {processor.py:161} INFO - Started process (PID=1111) to work on /home/airflow/.local/lib/python3.8/site-packages/airflow/example_dags/example_external_task_marker_dag.py
[2024-02-14T16:12:14.641+0000] {processor.py:830} INFO - Processing file /home/airflow/.local/lib/python3.8/site-packages/airflow/example_dags/example_external_task_marker_dag.py for tasks to queue
[2024-02-14T16:12:14.642+0000] {logging_mixin.py:188} INFO - [2024-02-14T16:12:14.642+0000] {dagbag.py:538} INFO - Filling up the DagBag from /home/airflow/.local/lib/python3.8/site-packages/airflow/example_dags/example_external_task_marker_dag.py
[2024-02-14T16:12:14.646+0000] {processor.py:840} INFO - DAG(s) 'example_external_task_marker_child', 'example_external_task_marker_parent' retrieved from /home/airflow/.local/lib/python3.8/site-packages/airflow/example_dags/example_external_task_marker_dag.py
[2024-02-14T16:12:14.659+0000] {logging_mixin.py:188} INFO - [2024-02-14T16:12:14.659+0000] {dag.py:3033} INFO - Sync 2 DAGs
[2024-02-14T16:12:14.666+0000] {logging_mixin.py:188} INFO - [2024-02-14T16:12:14.666+0000] {dag.py:3820} INFO - Setting next_dagrun for example_external_task_marker_child to None, run_after=None
[2024-02-14T16:12:14.668+0000] {logging_mixin.py:188} INFO - [2024-02-14T16:12:14.668+0000] {dag.py:3820} INFO - Setting next_dagrun for example_external_task_marker_parent to None, run_after=None
[2024-02-14T16:12:14.677+0000] {processor.py:183} INFO - Processing /home/airflow/.local/lib/python3.8/site-packages/airflow/example_dags/example_external_task_marker_dag.py took 0.039 seconds
[2024-02-14T16:12:44.860+0000] {processor.py:161} INFO - Started process (PID=1168) to work on /home/airflow/.local/lib/python3.8/site-packages/airflow/example_dags/example_external_task_marker_dag.py
[2024-02-14T16:12:44.861+0000] {processor.py:830} INFO - Processing file /home/airflow/.local/lib/python3.8/site-packages/airflow/example_dags/example_external_task_marker_dag.py for tasks to queue
[2024-02-14T16:12:44.863+0000] {logging_mixin.py:188} INFO - [2024-02-14T16:12:44.863+0000] {dagbag.py:538} INFO - Filling up the DagBag from /home/airflow/.local/lib/python3.8/site-packages/airflow/example_dags/example_external_task_marker_dag.py
[2024-02-14T16:12:44.867+0000] {processor.py:840} INFO - DAG(s) 'example_external_task_marker_parent', 'example_external_task_marker_child' retrieved from /home/airflow/.local/lib/python3.8/site-packages/airflow/example_dags/example_external_task_marker_dag.py
[2024-02-14T16:12:44.881+0000] {logging_mixin.py:188} INFO - [2024-02-14T16:12:44.881+0000] {dag.py:3033} INFO - Sync 2 DAGs
[2024-02-14T16:12:44.889+0000] {logging_mixin.py:188} INFO - [2024-02-14T16:12:44.888+0000] {dag.py:3820} INFO - Setting next_dagrun for example_external_task_marker_child to None, run_after=None
[2024-02-14T16:12:44.891+0000] {logging_mixin.py:188} INFO - [2024-02-14T16:12:44.891+0000] {dag.py:3820} INFO - Setting next_dagrun for example_external_task_marker_parent to None, run_after=None
[2024-02-14T16:12:44.900+0000] {processor.py:183} INFO - Processing /home/airflow/.local/lib/python3.8/site-packages/airflow/example_dags/example_external_task_marker_dag.py took 0.042 seconds
[2024-02-14T16:13:15.900+0000] {processor.py:161} INFO - Started process (PID=1225) to work on /home/airflow/.local/lib/python3.8/site-packages/airflow/example_dags/example_external_task_marker_dag.py
[2024-02-14T16:13:15.901+0000] {processor.py:830} INFO - Processing file /home/airflow/.local/lib/python3.8/site-packages/airflow/example_dags/example_external_task_marker_dag.py for tasks to queue
[2024-02-14T16:13:15.903+0000] {logging_mixin.py:188} INFO - [2024-02-14T16:13:15.902+0000] {dagbag.py:538} INFO - Filling up the DagBag from /home/airflow/.local/lib/python3.8/site-packages/airflow/example_dags/example_external_task_marker_dag.py
[2024-02-14T16:13:15.906+0000] {processor.py:840} INFO - DAG(s) 'example_external_task_marker_parent', 'example_external_task_marker_child' retrieved from /home/airflow/.local/lib/python3.8/site-packages/airflow/example_dags/example_external_task_marker_dag.py
[2024-02-14T16:13:15.921+0000] {logging_mixin.py:188} INFO - [2024-02-14T16:13:15.921+0000] {dag.py:3033} INFO - Sync 2 DAGs
[2024-02-14T16:13:15.928+0000] {logging_mixin.py:188} INFO - [2024-02-14T16:13:15.928+0000] {dag.py:3820} INFO - Setting next_dagrun for example_external_task_marker_child to None, run_after=None
[2024-02-14T16:13:15.931+0000] {logging_mixin.py:188} INFO - [2024-02-14T16:13:15.930+0000] {dag.py:3820} INFO - Setting next_dagrun for example_external_task_marker_parent to None, run_after=None
[2024-02-14T16:13:15.939+0000] {processor.py:183} INFO - Processing /home/airflow/.local/lib/python3.8/site-packages/airflow/example_dags/example_external_task_marker_dag.py took 0.042 seconds
[2024-02-14T16:13:46.275+0000] {processor.py:161} INFO - Started process (PID=1282) to work on /home/airflow/.local/lib/python3.8/site-packages/airflow/example_dags/example_external_task_marker_dag.py
[2024-02-14T16:13:46.276+0000] {processor.py:830} INFO - Processing file /home/airflow/.local/lib/python3.8/site-packages/airflow/example_dags/example_external_task_marker_dag.py for tasks to queue
[2024-02-14T16:13:46.278+0000] {logging_mixin.py:188} INFO - [2024-02-14T16:13:46.277+0000] {dagbag.py:538} INFO - Filling up the DagBag from /home/airflow/.local/lib/python3.8/site-packages/airflow/example_dags/example_external_task_marker_dag.py
[2024-02-14T16:13:46.281+0000] {processor.py:840} INFO - DAG(s) 'example_external_task_marker_parent', 'example_external_task_marker_child' retrieved from /home/airflow/.local/lib/python3.8/site-packages/airflow/example_dags/example_external_task_marker_dag.py
[2024-02-14T16:13:46.295+0000] {logging_mixin.py:188} INFO - [2024-02-14T16:13:46.295+0000] {dag.py:3033} INFO - Sync 2 DAGs
[2024-02-14T16:13:46.304+0000] {logging_mixin.py:188} INFO - [2024-02-14T16:13:46.304+0000] {dag.py:3820} INFO - Setting next_dagrun for example_external_task_marker_child to None, run_after=None
[2024-02-14T16:13:46.306+0000] {logging_mixin.py:188} INFO - [2024-02-14T16:13:46.306+0000] {dag.py:3820} INFO - Setting next_dagrun for example_external_task_marker_parent to None, run_after=None
[2024-02-14T16:13:46.316+0000] {processor.py:183} INFO - Processing /home/airflow/.local/lib/python3.8/site-packages/airflow/example_dags/example_external_task_marker_dag.py took 0.043 seconds
[2024-02-14T16:14:17.349+0000] {processor.py:161} INFO - Started process (PID=1339) to work on /home/airflow/.local/lib/python3.8/site-packages/airflow/example_dags/example_external_task_marker_dag.py
[2024-02-14T16:14:17.349+0000] {processor.py:830} INFO - Processing file /home/airflow/.local/lib/python3.8/site-packages/airflow/example_dags/example_external_task_marker_dag.py for tasks to queue
[2024-02-14T16:14:17.351+0000] {logging_mixin.py:188} INFO - [2024-02-14T16:14:17.351+0000] {dagbag.py:538} INFO - Filling up the DagBag from /home/airflow/.local/lib/python3.8/site-packages/airflow/example_dags/example_external_task_marker_dag.py
[2024-02-14T16:14:17.355+0000] {processor.py:840} INFO - DAG(s) 'example_external_task_marker_parent', 'example_external_task_marker_child' retrieved from /home/airflow/.local/lib/python3.8/site-packages/airflow/example_dags/example_external_task_marker_dag.py
[2024-02-14T16:14:17.369+0000] {logging_mixin.py:188} INFO - [2024-02-14T16:14:17.369+0000] {dag.py:3033} INFO - Sync 2 DAGs
[2024-02-14T16:14:17.376+0000] {logging_mixin.py:188} INFO - [2024-02-14T16:14:17.376+0000] {dag.py:3820} INFO - Setting next_dagrun for example_external_task_marker_child to None, run_after=None
[2024-02-14T16:14:17.377+0000] {logging_mixin.py:188} INFO - [2024-02-14T16:14:17.377+0000] {dag.py:3820} INFO - Setting next_dagrun for example_external_task_marker_parent to None, run_after=None
[2024-02-14T16:14:17.386+0000] {processor.py:183} INFO - Processing /home/airflow/.local/lib/python3.8/site-packages/airflow/example_dags/example_external_task_marker_dag.py took 0.039 seconds
[2024-02-14T16:14:47.578+0000] {processor.py:161} INFO - Started process (PID=1396) to work on /home/airflow/.local/lib/python3.8/site-packages/airflow/example_dags/example_external_task_marker_dag.py
[2024-02-14T16:14:47.579+0000] {processor.py:830} INFO - Processing file /home/airflow/.local/lib/python3.8/site-packages/airflow/example_dags/example_external_task_marker_dag.py for tasks to queue
[2024-02-14T16:14:47.581+0000] {logging_mixin.py:188} INFO - [2024-02-14T16:14:47.581+0000] {dagbag.py:538} INFO - Filling up the DagBag from /home/airflow/.local/lib/python3.8/site-packages/airflow/example_dags/example_external_task_marker_dag.py
[2024-02-14T16:14:47.584+0000] {processor.py:840} INFO - DAG(s) 'example_external_task_marker_child', 'example_external_task_marker_parent' retrieved from /home/airflow/.local/lib/python3.8/site-packages/airflow/example_dags/example_external_task_marker_dag.py
[2024-02-14T16:14:47.598+0000] {logging_mixin.py:188} INFO - [2024-02-14T16:14:47.598+0000] {dag.py:3033} INFO - Sync 2 DAGs
[2024-02-14T16:14:47.605+0000] {logging_mixin.py:188} INFO - [2024-02-14T16:14:47.605+0000] {dag.py:3820} INFO - Setting next_dagrun for example_external_task_marker_child to None, run_after=None
[2024-02-14T16:14:47.607+0000] {logging_mixin.py:188} INFO - [2024-02-14T16:14:47.607+0000] {dag.py:3820} INFO - Setting next_dagrun for example_external_task_marker_parent to None, run_after=None
[2024-02-14T16:14:47.616+0000] {processor.py:183} INFO - Processing /home/airflow/.local/lib/python3.8/site-packages/airflow/example_dags/example_external_task_marker_dag.py took 0.040 seconds
[2024-02-14T16:15:18.759+0000] {processor.py:161} INFO - Started process (PID=1452) to work on /home/airflow/.local/lib/python3.8/site-packages/airflow/example_dags/example_external_task_marker_dag.py
[2024-02-14T16:15:18.760+0000] {processor.py:830} INFO - Processing file /home/airflow/.local/lib/python3.8/site-packages/airflow/example_dags/example_external_task_marker_dag.py for tasks to queue
[2024-02-14T16:15:18.761+0000] {logging_mixin.py:188} INFO - [2024-02-14T16:15:18.761+0000] {dagbag.py:538} INFO - Filling up the DagBag from /home/airflow/.local/lib/python3.8/site-packages/airflow/example_dags/example_external_task_marker_dag.py
[2024-02-14T16:15:18.765+0000] {processor.py:840} INFO - DAG(s) 'example_external_task_marker_parent', 'example_external_task_marker_child' retrieved from /home/airflow/.local/lib/python3.8/site-packages/airflow/example_dags/example_external_task_marker_dag.py
[2024-02-14T16:15:18.779+0000] {logging_mixin.py:188} INFO - [2024-02-14T16:15:18.779+0000] {dag.py:3033} INFO - Sync 2 DAGs
[2024-02-14T16:15:18.786+0000] {logging_mixin.py:188} INFO - [2024-02-14T16:15:18.786+0000] {dag.py:3820} INFO - Setting next_dagrun for example_external_task_marker_child to None, run_after=None
[2024-02-14T16:15:18.788+0000] {logging_mixin.py:188} INFO - [2024-02-14T16:15:18.788+0000] {dag.py:3820} INFO - Setting next_dagrun for example_external_task_marker_parent to None, run_after=None
[2024-02-14T16:15:18.796+0000] {processor.py:183} INFO - Processing /home/airflow/.local/lib/python3.8/site-packages/airflow/example_dags/example_external_task_marker_dag.py took 0.039 seconds
[2024-02-14T16:15:49.062+0000] {processor.py:161} INFO - Started process (PID=1508) to work on /home/airflow/.local/lib/python3.8/site-packages/airflow/example_dags/example_external_task_marker_dag.py
[2024-02-14T16:15:49.062+0000] {processor.py:830} INFO - Processing file /home/airflow/.local/lib/python3.8/site-packages/airflow/example_dags/example_external_task_marker_dag.py for tasks to queue
[2024-02-14T16:15:49.064+0000] {logging_mixin.py:188} INFO - [2024-02-14T16:15:49.064+0000] {dagbag.py:538} INFO - Filling up the DagBag from /home/airflow/.local/lib/python3.8/site-packages/airflow/example_dags/example_external_task_marker_dag.py
[2024-02-14T16:15:49.068+0000] {processor.py:840} INFO - DAG(s) 'example_external_task_marker_parent', 'example_external_task_marker_child' retrieved from /home/airflow/.local/lib/python3.8/site-packages/airflow/example_dags/example_external_task_marker_dag.py
[2024-02-14T16:15:49.081+0000] {logging_mixin.py:188} INFO - [2024-02-14T16:15:49.081+0000] {dag.py:3033} INFO - Sync 2 DAGs
[2024-02-14T16:15:49.088+0000] {logging_mixin.py:188} INFO - [2024-02-14T16:15:49.088+0000] {dag.py:3820} INFO - Setting next_dagrun for example_external_task_marker_child to None, run_after=None
[2024-02-14T16:15:49.090+0000] {logging_mixin.py:188} INFO - [2024-02-14T16:15:49.090+0000] {dag.py:3820} INFO - Setting next_dagrun for example_external_task_marker_parent to None, run_after=None
[2024-02-14T16:15:49.102+0000] {processor.py:183} INFO - Processing /home/airflow/.local/lib/python3.8/site-packages/airflow/example_dags/example_external_task_marker_dag.py took 0.042 seconds
[2024-02-14T16:16:20.213+0000] {processor.py:161} INFO - Started process (PID=1565) to work on /home/airflow/.local/lib/python3.8/site-packages/airflow/example_dags/example_external_task_marker_dag.py
[2024-02-14T16:16:20.214+0000] {processor.py:830} INFO - Processing file /home/airflow/.local/lib/python3.8/site-packages/airflow/example_dags/example_external_task_marker_dag.py for tasks to queue
[2024-02-14T16:16:20.215+0000] {logging_mixin.py:188} INFO - [2024-02-14T16:16:20.215+0000] {dagbag.py:538} INFO - Filling up the DagBag from /home/airflow/.local/lib/python3.8/site-packages/airflow/example_dags/example_external_task_marker_dag.py
[2024-02-14T16:16:20.219+0000] {processor.py:840} INFO - DAG(s) 'example_external_task_marker_parent', 'example_external_task_marker_child' retrieved from /home/airflow/.local/lib/python3.8/site-packages/airflow/example_dags/example_external_task_marker_dag.py
[2024-02-14T16:16:20.233+0000] {logging_mixin.py:188} INFO - [2024-02-14T16:16:20.233+0000] {dag.py:3033} INFO - Sync 2 DAGs
[2024-02-14T16:16:20.240+0000] {logging_mixin.py:188} INFO - [2024-02-14T16:16:20.240+0000] {dag.py:3820} INFO - Setting next_dagrun for example_external_task_marker_child to None, run_after=None
[2024-02-14T16:16:20.242+0000] {logging_mixin.py:188} INFO - [2024-02-14T16:16:20.242+0000] {dag.py:3820} INFO - Setting next_dagrun for example_external_task_marker_parent to None, run_after=None
[2024-02-14T16:16:20.251+0000] {processor.py:183} INFO - Processing /home/airflow/.local/lib/python3.8/site-packages/airflow/example_dags/example_external_task_marker_dag.py took 0.040 seconds
[2024-02-14T16:16:51.153+0000] {processor.py:161} INFO - Started process (PID=1622) to work on /home/airflow/.local/lib/python3.8/site-packages/airflow/example_dags/example_external_task_marker_dag.py
[2024-02-14T16:16:51.154+0000] {processor.py:830} INFO - Processing file /home/airflow/.local/lib/python3.8/site-packages/airflow/example_dags/example_external_task_marker_dag.py for tasks to queue
[2024-02-14T16:16:51.156+0000] {logging_mixin.py:188} INFO - [2024-02-14T16:16:51.155+0000] {dagbag.py:538} INFO - Filling up the DagBag from /home/airflow/.local/lib/python3.8/site-packages/airflow/example_dags/example_external_task_marker_dag.py
[2024-02-14T16:16:51.159+0000] {processor.py:840} INFO - DAG(s) 'example_external_task_marker_parent', 'example_external_task_marker_child' retrieved from /home/airflow/.local/lib/python3.8/site-packages/airflow/example_dags/example_external_task_marker_dag.py
[2024-02-14T16:16:51.172+0000] {logging_mixin.py:188} INFO - [2024-02-14T16:16:51.171+0000] {dag.py:3033} INFO - Sync 2 DAGs
[2024-02-14T16:16:51.178+0000] {logging_mixin.py:188} INFO - [2024-02-14T16:16:51.178+0000] {dag.py:3820} INFO - Setting next_dagrun for example_external_task_marker_child to None, run_after=None
[2024-02-14T16:16:51.180+0000] {logging_mixin.py:188} INFO - [2024-02-14T16:16:51.180+0000] {dag.py:3820} INFO - Setting next_dagrun for example_external_task_marker_parent to None, run_after=None
[2024-02-14T16:16:51.188+0000] {processor.py:183} INFO - Processing /home/airflow/.local/lib/python3.8/site-packages/airflow/example_dags/example_external_task_marker_dag.py took 0.037 seconds
[2024-02-14T16:17:21.517+0000] {processor.py:161} INFO - Started process (PID=1679) to work on /home/airflow/.local/lib/python3.8/site-packages/airflow/example_dags/example_external_task_marker_dag.py
[2024-02-14T16:17:21.517+0000] {processor.py:830} INFO - Processing file /home/airflow/.local/lib/python3.8/site-packages/airflow/example_dags/example_external_task_marker_dag.py for tasks to queue
[2024-02-14T16:17:21.519+0000] {logging_mixin.py:188} INFO - [2024-02-14T16:17:21.519+0000] {dagbag.py:538} INFO - Filling up the DagBag from /home/airflow/.local/lib/python3.8/site-packages/airflow/example_dags/example_external_task_marker_dag.py
[2024-02-14T16:17:21.522+0000] {processor.py:840} INFO - DAG(s) 'example_external_task_marker_parent', 'example_external_task_marker_child' retrieved from /home/airflow/.local/lib/python3.8/site-packages/airflow/example_dags/example_external_task_marker_dag.py
[2024-02-14T16:17:21.536+0000] {logging_mixin.py:188} INFO - [2024-02-14T16:17:21.536+0000] {dag.py:3033} INFO - Sync 2 DAGs
[2024-02-14T16:17:21.542+0000] {logging_mixin.py:188} INFO - [2024-02-14T16:17:21.542+0000] {dag.py:3820} INFO - Setting next_dagrun for example_external_task_marker_child to None, run_after=None
[2024-02-14T16:17:21.544+0000] {logging_mixin.py:188} INFO - [2024-02-14T16:17:21.544+0000] {dag.py:3820} INFO - Setting next_dagrun for example_external_task_marker_parent to None, run_after=None
[2024-02-14T16:17:21.552+0000] {processor.py:183} INFO - Processing /home/airflow/.local/lib/python3.8/site-packages/airflow/example_dags/example_external_task_marker_dag.py took 0.038 seconds
[2024-02-14T16:17:51.757+0000] {processor.py:161} INFO - Started process (PID=1736) to work on /home/airflow/.local/lib/python3.8/site-packages/airflow/example_dags/example_external_task_marker_dag.py
[2024-02-14T16:17:51.758+0000] {processor.py:830} INFO - Processing file /home/airflow/.local/lib/python3.8/site-packages/airflow/example_dags/example_external_task_marker_dag.py for tasks to queue
[2024-02-14T16:17:51.760+0000] {logging_mixin.py:188} INFO - [2024-02-14T16:17:51.759+0000] {dagbag.py:538} INFO - Filling up the DagBag from /home/airflow/.local/lib/python3.8/site-packages/airflow/example_dags/example_external_task_marker_dag.py
[2024-02-14T16:17:51.763+0000] {processor.py:840} INFO - DAG(s) 'example_external_task_marker_parent', 'example_external_task_marker_child' retrieved from /home/airflow/.local/lib/python3.8/site-packages/airflow/example_dags/example_external_task_marker_dag.py
[2024-02-14T16:17:51.779+0000] {logging_mixin.py:188} INFO - [2024-02-14T16:17:51.779+0000] {dag.py:3033} INFO - Sync 2 DAGs
[2024-02-14T16:17:51.786+0000] {logging_mixin.py:188} INFO - [2024-02-14T16:17:51.786+0000] {dag.py:3820} INFO - Setting next_dagrun for example_external_task_marker_child to None, run_after=None
[2024-02-14T16:17:51.789+0000] {logging_mixin.py:188} INFO - [2024-02-14T16:17:51.789+0000] {dag.py:3820} INFO - Setting next_dagrun for example_external_task_marker_parent to None, run_after=None
[2024-02-14T16:17:51.798+0000] {processor.py:183} INFO - Processing /home/airflow/.local/lib/python3.8/site-packages/airflow/example_dags/example_external_task_marker_dag.py took 0.042 seconds
[2024-02-14T16:18:21.909+0000] {processor.py:161} INFO - Started process (PID=1793) to work on /home/airflow/.local/lib/python3.8/site-packages/airflow/example_dags/example_external_task_marker_dag.py
[2024-02-14T16:18:21.909+0000] {processor.py:830} INFO - Processing file /home/airflow/.local/lib/python3.8/site-packages/airflow/example_dags/example_external_task_marker_dag.py for tasks to queue
[2024-02-14T16:18:21.911+0000] {logging_mixin.py:188} INFO - [2024-02-14T16:18:21.911+0000] {dagbag.py:538} INFO - Filling up the DagBag from /home/airflow/.local/lib/python3.8/site-packages/airflow/example_dags/example_external_task_marker_dag.py
[2024-02-14T16:18:21.914+0000] {processor.py:840} INFO - DAG(s) 'example_external_task_marker_parent', 'example_external_task_marker_child' retrieved from /home/airflow/.local/lib/python3.8/site-packages/airflow/example_dags/example_external_task_marker_dag.py
[2024-02-14T16:18:21.927+0000] {logging_mixin.py:188} INFO - [2024-02-14T16:18:21.927+0000] {dag.py:3033} INFO - Sync 2 DAGs
[2024-02-14T16:18:21.934+0000] {logging_mixin.py:188} INFO - [2024-02-14T16:18:21.934+0000] {dag.py:3820} INFO - Setting next_dagrun for example_external_task_marker_child to None, run_after=None
[2024-02-14T16:18:21.936+0000] {logging_mixin.py:188} INFO - [2024-02-14T16:18:21.936+0000] {dag.py:3820} INFO - Setting next_dagrun for example_external_task_marker_parent to None, run_after=None
[2024-02-14T16:18:21.944+0000] {processor.py:183} INFO - Processing /home/airflow/.local/lib/python3.8/site-packages/airflow/example_dags/example_external_task_marker_dag.py took 0.038 seconds
[2024-02-14T16:18:52.171+0000] {processor.py:161} INFO - Started process (PID=1850) to work on /home/airflow/.local/lib/python3.8/site-packages/airflow/example_dags/example_external_task_marker_dag.py
[2024-02-14T16:18:52.172+0000] {processor.py:830} INFO - Processing file /home/airflow/.local/lib/python3.8/site-packages/airflow/example_dags/example_external_task_marker_dag.py for tasks to queue
[2024-02-14T16:18:52.173+0000] {logging_mixin.py:188} INFO - [2024-02-14T16:18:52.173+0000] {dagbag.py:538} INFO - Filling up the DagBag from /home/airflow/.local/lib/python3.8/site-packages/airflow/example_dags/example_external_task_marker_dag.py
[2024-02-14T16:18:52.177+0000] {processor.py:840} INFO - DAG(s) 'example_external_task_marker_child', 'example_external_task_marker_parent' retrieved from /home/airflow/.local/lib/python3.8/site-packages/airflow/example_dags/example_external_task_marker_dag.py
[2024-02-14T16:18:52.192+0000] {logging_mixin.py:188} INFO - [2024-02-14T16:18:52.192+0000] {dag.py:3033} INFO - Sync 2 DAGs
[2024-02-14T16:18:52.199+0000] {logging_mixin.py:188} INFO - [2024-02-14T16:18:52.199+0000] {dag.py:3820} INFO - Setting next_dagrun for example_external_task_marker_child to None, run_after=None
[2024-02-14T16:18:52.201+0000] {logging_mixin.py:188} INFO - [2024-02-14T16:18:52.201+0000] {dag.py:3820} INFO - Setting next_dagrun for example_external_task_marker_parent to None, run_after=None
[2024-02-14T16:18:52.211+0000] {processor.py:183} INFO - Processing /home/airflow/.local/lib/python3.8/site-packages/airflow/example_dags/example_external_task_marker_dag.py took 0.043 seconds
[2024-02-14T16:19:22.615+0000] {processor.py:161} INFO - Started process (PID=1907) to work on /home/airflow/.local/lib/python3.8/site-packages/airflow/example_dags/example_external_task_marker_dag.py
[2024-02-14T16:19:22.616+0000] {processor.py:830} INFO - Processing file /home/airflow/.local/lib/python3.8/site-packages/airflow/example_dags/example_external_task_marker_dag.py for tasks to queue
[2024-02-14T16:19:22.618+0000] {logging_mixin.py:188} INFO - [2024-02-14T16:19:22.618+0000] {dagbag.py:538} INFO - Filling up the DagBag from /home/airflow/.local/lib/python3.8/site-packages/airflow/example_dags/example_external_task_marker_dag.py
[2024-02-14T16:19:22.622+0000] {processor.py:840} INFO - DAG(s) 'example_external_task_marker_parent', 'example_external_task_marker_child' retrieved from /home/airflow/.local/lib/python3.8/site-packages/airflow/example_dags/example_external_task_marker_dag.py
[2024-02-14T16:19:22.638+0000] {logging_mixin.py:188} INFO - [2024-02-14T16:19:22.637+0000] {dag.py:3033} INFO - Sync 2 DAGs
[2024-02-14T16:19:22.645+0000] {logging_mixin.py:188} INFO - [2024-02-14T16:19:22.645+0000] {dag.py:3820} INFO - Setting next_dagrun for example_external_task_marker_child to None, run_after=None
[2024-02-14T16:19:22.647+0000] {logging_mixin.py:188} INFO - [2024-02-14T16:19:22.647+0000] {dag.py:3820} INFO - Setting next_dagrun for example_external_task_marker_parent to None, run_after=None
[2024-02-14T16:19:22.657+0000] {processor.py:183} INFO - Processing /home/airflow/.local/lib/python3.8/site-packages/airflow/example_dags/example_external_task_marker_dag.py took 0.044 seconds
[2024-02-14T16:19:52.767+0000] {processor.py:161} INFO - Started process (PID=1964) to work on /home/airflow/.local/lib/python3.8/site-packages/airflow/example_dags/example_external_task_marker_dag.py
[2024-02-14T16:19:52.767+0000] {processor.py:830} INFO - Processing file /home/airflow/.local/lib/python3.8/site-packages/airflow/example_dags/example_external_task_marker_dag.py for tasks to queue
[2024-02-14T16:19:52.769+0000] {logging_mixin.py:188} INFO - [2024-02-14T16:19:52.769+0000] {dagbag.py:538} INFO - Filling up the DagBag from /home/airflow/.local/lib/python3.8/site-packages/airflow/example_dags/example_external_task_marker_dag.py
[2024-02-14T16:19:52.773+0000] {processor.py:840} INFO - DAG(s) 'example_external_task_marker_parent', 'example_external_task_marker_child' retrieved from /home/airflow/.local/lib/python3.8/site-packages/airflow/example_dags/example_external_task_marker_dag.py
[2024-02-14T16:19:52.786+0000] {logging_mixin.py:188} INFO - [2024-02-14T16:19:52.786+0000] {dag.py:3033} INFO - Sync 2 DAGs
[2024-02-14T16:19:52.793+0000] {logging_mixin.py:188} INFO - [2024-02-14T16:19:52.793+0000] {dag.py:3820} INFO - Setting next_dagrun for example_external_task_marker_child to None, run_after=None
[2024-02-14T16:19:52.795+0000] {logging_mixin.py:188} INFO - [2024-02-14T16:19:52.795+0000] {dag.py:3820} INFO - Setting next_dagrun for example_external_task_marker_parent to None, run_after=None
[2024-02-14T16:19:52.804+0000] {processor.py:183} INFO - Processing /home/airflow/.local/lib/python3.8/site-packages/airflow/example_dags/example_external_task_marker_dag.py took 0.039 seconds
[2024-02-14T16:20:22.993+0000] {processor.py:161} INFO - Started process (PID=2021) to work on /home/airflow/.local/lib/python3.8/site-packages/airflow/example_dags/example_external_task_marker_dag.py
[2024-02-14T16:20:22.993+0000] {processor.py:830} INFO - Processing file /home/airflow/.local/lib/python3.8/site-packages/airflow/example_dags/example_external_task_marker_dag.py for tasks to queue
[2024-02-14T16:20:22.995+0000] {logging_mixin.py:188} INFO - [2024-02-14T16:20:22.995+0000] {dagbag.py:538} INFO - Filling up the DagBag from /home/airflow/.local/lib/python3.8/site-packages/airflow/example_dags/example_external_task_marker_dag.py
[2024-02-14T16:20:22.999+0000] {processor.py:840} INFO - DAG(s) 'example_external_task_marker_parent', 'example_external_task_marker_child' retrieved from /home/airflow/.local/lib/python3.8/site-packages/airflow/example_dags/example_external_task_marker_dag.py
[2024-02-14T16:20:23.012+0000] {logging_mixin.py:188} INFO - [2024-02-14T16:20:23.012+0000] {dag.py:3033} INFO - Sync 2 DAGs
[2024-02-14T16:20:23.019+0000] {logging_mixin.py:188} INFO - [2024-02-14T16:20:23.019+0000] {dag.py:3820} INFO - Setting next_dagrun for example_external_task_marker_child to None, run_after=None
[2024-02-14T16:20:23.021+0000] {logging_mixin.py:188} INFO - [2024-02-14T16:20:23.021+0000] {dag.py:3820} INFO - Setting next_dagrun for example_external_task_marker_parent to None, run_after=None
[2024-02-14T16:20:23.031+0000] {processor.py:183} INFO - Processing /home/airflow/.local/lib/python3.8/site-packages/airflow/example_dags/example_external_task_marker_dag.py took 0.040 seconds
[2024-02-14T16:20:53.379+0000] {processor.py:161} INFO - Started process (PID=2078) to work on /home/airflow/.local/lib/python3.8/site-packages/airflow/example_dags/example_external_task_marker_dag.py
[2024-02-14T16:20:53.380+0000] {processor.py:830} INFO - Processing file /home/airflow/.local/lib/python3.8/site-packages/airflow/example_dags/example_external_task_marker_dag.py for tasks to queue
[2024-02-14T16:20:53.381+0000] {logging_mixin.py:188} INFO - [2024-02-14T16:20:53.381+0000] {dagbag.py:538} INFO - Filling up the DagBag from /home/airflow/.local/lib/python3.8/site-packages/airflow/example_dags/example_external_task_marker_dag.py
[2024-02-14T16:20:53.385+0000] {processor.py:840} INFO - DAG(s) 'example_external_task_marker_child', 'example_external_task_marker_parent' retrieved from /home/airflow/.local/lib/python3.8/site-packages/airflow/example_dags/example_external_task_marker_dag.py
[2024-02-14T16:20:53.400+0000] {logging_mixin.py:188} INFO - [2024-02-14T16:20:53.400+0000] {dag.py:3033} INFO - Sync 2 DAGs
[2024-02-14T16:20:53.407+0000] {logging_mixin.py:188} INFO - [2024-02-14T16:20:53.407+0000] {dag.py:3820} INFO - Setting next_dagrun for example_external_task_marker_child to None, run_after=None
[2024-02-14T16:20:53.409+0000] {logging_mixin.py:188} INFO - [2024-02-14T16:20:53.408+0000] {dag.py:3820} INFO - Setting next_dagrun for example_external_task_marker_parent to None, run_after=None
[2024-02-14T16:20:53.417+0000] {processor.py:183} INFO - Processing /home/airflow/.local/lib/python3.8/site-packages/airflow/example_dags/example_external_task_marker_dag.py took 0.040 seconds
[2024-02-14T16:21:23.756+0000] {processor.py:161} INFO - Started process (PID=2135) to work on /home/airflow/.local/lib/python3.8/site-packages/airflow/example_dags/example_external_task_marker_dag.py
[2024-02-14T16:21:23.757+0000] {processor.py:830} INFO - Processing file /home/airflow/.local/lib/python3.8/site-packages/airflow/example_dags/example_external_task_marker_dag.py for tasks to queue
[2024-02-14T16:21:23.758+0000] {logging_mixin.py:188} INFO - [2024-02-14T16:21:23.758+0000] {dagbag.py:538} INFO - Filling up the DagBag from /home/airflow/.local/lib/python3.8/site-packages/airflow/example_dags/example_external_task_marker_dag.py
[2024-02-14T16:21:23.762+0000] {processor.py:840} INFO - DAG(s) 'example_external_task_marker_parent', 'example_external_task_marker_child' retrieved from /home/airflow/.local/lib/python3.8/site-packages/airflow/example_dags/example_external_task_marker_dag.py
[2024-02-14T16:21:23.777+0000] {logging_mixin.py:188} INFO - [2024-02-14T16:21:23.777+0000] {dag.py:3033} INFO - Sync 2 DAGs
[2024-02-14T16:21:23.784+0000] {logging_mixin.py:188} INFO - [2024-02-14T16:21:23.783+0000] {dag.py:3820} INFO - Setting next_dagrun for example_external_task_marker_child to None, run_after=None
[2024-02-14T16:21:23.785+0000] {logging_mixin.py:188} INFO - [2024-02-14T16:21:23.785+0000] {dag.py:3820} INFO - Setting next_dagrun for example_external_task_marker_parent to None, run_after=None
[2024-02-14T16:21:23.793+0000] {processor.py:183} INFO - Processing /home/airflow/.local/lib/python3.8/site-packages/airflow/example_dags/example_external_task_marker_dag.py took 0.039 seconds
[2024-02-14T16:21:54.243+0000] {processor.py:161} INFO - Started process (PID=2191) to work on /home/airflow/.local/lib/python3.8/site-packages/airflow/example_dags/example_external_task_marker_dag.py
[2024-02-14T16:21:54.244+0000] {processor.py:830} INFO - Processing file /home/airflow/.local/lib/python3.8/site-packages/airflow/example_dags/example_external_task_marker_dag.py for tasks to queue
[2024-02-14T16:21:54.249+0000] {logging_mixin.py:188} INFO - [2024-02-14T16:21:54.249+0000] {dagbag.py:538} INFO - Filling up the DagBag from /home/airflow/.local/lib/python3.8/site-packages/airflow/example_dags/example_external_task_marker_dag.py
[2024-02-14T16:21:54.253+0000] {processor.py:840} INFO - DAG(s) 'example_external_task_marker_child', 'example_external_task_marker_parent' retrieved from /home/airflow/.local/lib/python3.8/site-packages/airflow/example_dags/example_external_task_marker_dag.py
[2024-02-14T16:21:54.269+0000] {logging_mixin.py:188} INFO - [2024-02-14T16:21:54.269+0000] {dag.py:3033} INFO - Sync 2 DAGs
[2024-02-14T16:21:54.276+0000] {logging_mixin.py:188} INFO - [2024-02-14T16:21:54.276+0000] {dag.py:3820} INFO - Setting next_dagrun for example_external_task_marker_child to None, run_after=None
[2024-02-14T16:21:54.278+0000] {logging_mixin.py:188} INFO - [2024-02-14T16:21:54.278+0000] {dag.py:3820} INFO - Setting next_dagrun for example_external_task_marker_parent to None, run_after=None
[2024-02-14T16:21:54.287+0000] {processor.py:183} INFO - Processing /home/airflow/.local/lib/python3.8/site-packages/airflow/example_dags/example_external_task_marker_dag.py took 0.046 seconds
[2024-02-14T16:22:25.333+0000] {processor.py:161} INFO - Started process (PID=2248) to work on /home/airflow/.local/lib/python3.8/site-packages/airflow/example_dags/example_external_task_marker_dag.py
[2024-02-14T16:22:25.334+0000] {processor.py:830} INFO - Processing file /home/airflow/.local/lib/python3.8/site-packages/airflow/example_dags/example_external_task_marker_dag.py for tasks to queue
[2024-02-14T16:22:25.336+0000] {logging_mixin.py:188} INFO - [2024-02-14T16:22:25.335+0000] {dagbag.py:538} INFO - Filling up the DagBag from /home/airflow/.local/lib/python3.8/site-packages/airflow/example_dags/example_external_task_marker_dag.py
[2024-02-14T16:22:25.340+0000] {processor.py:840} INFO - DAG(s) 'example_external_task_marker_parent', 'example_external_task_marker_child' retrieved from /home/airflow/.local/lib/python3.8/site-packages/airflow/example_dags/example_external_task_marker_dag.py
[2024-02-14T16:22:25.354+0000] {logging_mixin.py:188} INFO - [2024-02-14T16:22:25.354+0000] {dag.py:3033} INFO - Sync 2 DAGs
[2024-02-14T16:22:25.361+0000] {logging_mixin.py:188} INFO - [2024-02-14T16:22:25.361+0000] {dag.py:3820} INFO - Setting next_dagrun for example_external_task_marker_child to None, run_after=None
[2024-02-14T16:22:25.363+0000] {logging_mixin.py:188} INFO - [2024-02-14T16:22:25.363+0000] {dag.py:3820} INFO - Setting next_dagrun for example_external_task_marker_parent to None, run_after=None
[2024-02-14T16:22:25.373+0000] {processor.py:183} INFO - Processing /home/airflow/.local/lib/python3.8/site-packages/airflow/example_dags/example_external_task_marker_dag.py took 0.042 seconds
[2024-02-14T16:22:55.807+0000] {processor.py:161} INFO - Started process (PID=2305) to work on /home/airflow/.local/lib/python3.8/site-packages/airflow/example_dags/example_external_task_marker_dag.py
[2024-02-14T16:22:55.808+0000] {processor.py:830} INFO - Processing file /home/airflow/.local/lib/python3.8/site-packages/airflow/example_dags/example_external_task_marker_dag.py for tasks to queue
[2024-02-14T16:22:55.809+0000] {logging_mixin.py:188} INFO - [2024-02-14T16:22:55.809+0000] {dagbag.py:538} INFO - Filling up the DagBag from /home/airflow/.local/lib/python3.8/site-packages/airflow/example_dags/example_external_task_marker_dag.py
[2024-02-14T16:22:55.813+0000] {processor.py:840} INFO - DAG(s) 'example_external_task_marker_child', 'example_external_task_marker_parent' retrieved from /home/airflow/.local/lib/python3.8/site-packages/airflow/example_dags/example_external_task_marker_dag.py
[2024-02-14T16:22:55.909+0000] {logging_mixin.py:188} INFO - [2024-02-14T16:22:55.909+0000] {dag.py:3033} INFO - Sync 2 DAGs
[2024-02-14T16:22:55.914+0000] {logging_mixin.py:188} INFO - [2024-02-14T16:22:55.914+0000] {dag.py:3820} INFO - Setting next_dagrun for example_external_task_marker_child to None, run_after=None
[2024-02-14T16:22:55.916+0000] {logging_mixin.py:188} INFO - [2024-02-14T16:22:55.916+0000] {dag.py:3820} INFO - Setting next_dagrun for example_external_task_marker_parent to None, run_after=None
[2024-02-14T16:22:55.923+0000] {processor.py:183} INFO - Processing /home/airflow/.local/lib/python3.8/site-packages/airflow/example_dags/example_external_task_marker_dag.py took 0.118 seconds
[2024-02-14T16:23:26.798+0000] {processor.py:161} INFO - Started process (PID=2362) to work on /home/airflow/.local/lib/python3.8/site-packages/airflow/example_dags/example_external_task_marker_dag.py
[2024-02-14T16:23:26.799+0000] {processor.py:830} INFO - Processing file /home/airflow/.local/lib/python3.8/site-packages/airflow/example_dags/example_external_task_marker_dag.py for tasks to queue
[2024-02-14T16:23:26.800+0000] {logging_mixin.py:188} INFO - [2024-02-14T16:23:26.800+0000] {dagbag.py:538} INFO - Filling up the DagBag from /home/airflow/.local/lib/python3.8/site-packages/airflow/example_dags/example_external_task_marker_dag.py
[2024-02-14T16:23:26.804+0000] {processor.py:840} INFO - DAG(s) 'example_external_task_marker_child', 'example_external_task_marker_parent' retrieved from /home/airflow/.local/lib/python3.8/site-packages/airflow/example_dags/example_external_task_marker_dag.py
[2024-02-14T16:23:26.818+0000] {logging_mixin.py:188} INFO - [2024-02-14T16:23:26.818+0000] {dag.py:3033} INFO - Sync 2 DAGs
[2024-02-14T16:23:26.825+0000] {logging_mixin.py:188} INFO - [2024-02-14T16:23:26.825+0000] {dag.py:3820} INFO - Setting next_dagrun for example_external_task_marker_child to None, run_after=None
[2024-02-14T16:23:26.827+0000] {logging_mixin.py:188} INFO - [2024-02-14T16:23:26.827+0000] {dag.py:3820} INFO - Setting next_dagrun for example_external_task_marker_parent to None, run_after=None
[2024-02-14T16:23:26.837+0000] {processor.py:183} INFO - Processing /home/airflow/.local/lib/python3.8/site-packages/airflow/example_dags/example_external_task_marker_dag.py took 0.041 seconds
[2024-02-14T16:23:57.071+0000] {processor.py:161} INFO - Started process (PID=2419) to work on /home/airflow/.local/lib/python3.8/site-packages/airflow/example_dags/example_external_task_marker_dag.py
[2024-02-14T16:23:57.072+0000] {processor.py:830} INFO - Processing file /home/airflow/.local/lib/python3.8/site-packages/airflow/example_dags/example_external_task_marker_dag.py for tasks to queue
[2024-02-14T16:23:57.073+0000] {logging_mixin.py:188} INFO - [2024-02-14T16:23:57.073+0000] {dagbag.py:538} INFO - Filling up the DagBag from /home/airflow/.local/lib/python3.8/site-packages/airflow/example_dags/example_external_task_marker_dag.py
[2024-02-14T16:23:57.077+0000] {processor.py:840} INFO - DAG(s) 'example_external_task_marker_child', 'example_external_task_marker_parent' retrieved from /home/airflow/.local/lib/python3.8/site-packages/airflow/example_dags/example_external_task_marker_dag.py
[2024-02-14T16:23:57.091+0000] {logging_mixin.py:188} INFO - [2024-02-14T16:23:57.091+0000] {dag.py:3033} INFO - Sync 2 DAGs
[2024-02-14T16:23:57.098+0000] {logging_mixin.py:188} INFO - [2024-02-14T16:23:57.098+0000] {dag.py:3820} INFO - Setting next_dagrun for example_external_task_marker_child to None, run_after=None
[2024-02-14T16:23:57.100+0000] {logging_mixin.py:188} INFO - [2024-02-14T16:23:57.100+0000] {dag.py:3820} INFO - Setting next_dagrun for example_external_task_marker_parent to None, run_after=None
[2024-02-14T16:23:57.108+0000] {processor.py:183} INFO - Processing /home/airflow/.local/lib/python3.8/site-packages/airflow/example_dags/example_external_task_marker_dag.py took 0.039 seconds
[2024-02-14T16:24:27.282+0000] {processor.py:161} INFO - Started process (PID=2476) to work on /home/airflow/.local/lib/python3.8/site-packages/airflow/example_dags/example_external_task_marker_dag.py
[2024-02-14T16:24:27.283+0000] {processor.py:830} INFO - Processing file /home/airflow/.local/lib/python3.8/site-packages/airflow/example_dags/example_external_task_marker_dag.py for tasks to queue
[2024-02-14T16:24:27.284+0000] {logging_mixin.py:188} INFO - [2024-02-14T16:24:27.284+0000] {dagbag.py:538} INFO - Filling up the DagBag from /home/airflow/.local/lib/python3.8/site-packages/airflow/example_dags/example_external_task_marker_dag.py
[2024-02-14T16:24:27.288+0000] {processor.py:840} INFO - DAG(s) 'example_external_task_marker_parent', 'example_external_task_marker_child' retrieved from /home/airflow/.local/lib/python3.8/site-packages/airflow/example_dags/example_external_task_marker_dag.py
[2024-02-14T16:24:27.302+0000] {logging_mixin.py:188} INFO - [2024-02-14T16:24:27.302+0000] {dag.py:3033} INFO - Sync 2 DAGs
[2024-02-14T16:24:27.309+0000] {logging_mixin.py:188} INFO - [2024-02-14T16:24:27.308+0000] {dag.py:3820} INFO - Setting next_dagrun for example_external_task_marker_child to None, run_after=None
[2024-02-14T16:24:27.310+0000] {logging_mixin.py:188} INFO - [2024-02-14T16:24:27.310+0000] {dag.py:3820} INFO - Setting next_dagrun for example_external_task_marker_parent to None, run_after=None
[2024-02-14T16:24:27.318+0000] {processor.py:183} INFO - Processing /home/airflow/.local/lib/python3.8/site-packages/airflow/example_dags/example_external_task_marker_dag.py took 0.038 seconds
