[2024-02-14T16:03:08.818+0000] {processor.py:161} INFO - Started process (PID=95) to work on /home/airflow/.local/lib/python3.8/site-packages/airflow/example_dags/example_branch_day_of_week_operator.py
[2024-02-14T16:03:08.818+0000] {processor.py:830} INFO - Processing file /home/airflow/.local/lib/python3.8/site-packages/airflow/example_dags/example_branch_day_of_week_operator.py for tasks to queue
[2024-02-14T16:03:08.820+0000] {logging_mixin.py:188} INFO - [2024-02-14T16:03:08.820+0000] {dagbag.py:538} INFO - Filling up the DagBag from /home/airflow/.local/lib/python3.8/site-packages/airflow/example_dags/example_branch_day_of_week_operator.py
[2024-02-14T16:03:08.825+0000] {processor.py:840} INFO - DAG(s) 'example_weekday_branch_operator' retrieved from /home/airflow/.local/lib/python3.8/site-packages/airflow/example_dags/example_branch_day_of_week_operator.py
[2024-02-14T16:03:08.834+0000] {logging_mixin.py:188} INFO - [2024-02-14T16:03:08.834+0000] {dag.py:3033} INFO - Sync 1 DAGs
[2024-02-14T16:03:08.850+0000] {logging_mixin.py:188} INFO - [2024-02-14T16:03:08.850+0000] {dag.py:3820} INFO - Setting next_dagrun for example_weekday_branch_operator to 2024-02-13T00:00:00+00:00, run_after=2024-02-14T00:00:00+00:00
[2024-02-14T16:03:08.862+0000] {processor.py:183} INFO - Processing /home/airflow/.local/lib/python3.8/site-packages/airflow/example_dags/example_branch_day_of_week_operator.py took 0.047 seconds
[2024-02-14T16:03:39.574+0000] {processor.py:161} INFO - Started process (PID=152) to work on /home/airflow/.local/lib/python3.8/site-packages/airflow/example_dags/example_branch_day_of_week_operator.py
[2024-02-14T16:03:39.574+0000] {processor.py:830} INFO - Processing file /home/airflow/.local/lib/python3.8/site-packages/airflow/example_dags/example_branch_day_of_week_operator.py for tasks to queue
[2024-02-14T16:03:39.576+0000] {logging_mixin.py:188} INFO - [2024-02-14T16:03:39.575+0000] {dagbag.py:538} INFO - Filling up the DagBag from /home/airflow/.local/lib/python3.8/site-packages/airflow/example_dags/example_branch_day_of_week_operator.py
[2024-02-14T16:03:39.581+0000] {processor.py:840} INFO - DAG(s) 'example_weekday_branch_operator' retrieved from /home/airflow/.local/lib/python3.8/site-packages/airflow/example_dags/example_branch_day_of_week_operator.py
[2024-02-14T16:03:39.634+0000] {logging_mixin.py:188} INFO - [2024-02-14T16:03:39.634+0000] {dag.py:3033} INFO - Sync 1 DAGs
[2024-02-14T16:03:39.645+0000] {logging_mixin.py:188} INFO - [2024-02-14T16:03:39.645+0000] {dag.py:3820} INFO - Setting next_dagrun for example_weekday_branch_operator to 2024-02-13T00:00:00+00:00, run_after=2024-02-14T00:00:00+00:00
[2024-02-14T16:03:39.655+0000] {processor.py:183} INFO - Processing /home/airflow/.local/lib/python3.8/site-packages/airflow/example_dags/example_branch_day_of_week_operator.py took 0.084 seconds
[2024-02-14T16:04:09.690+0000] {processor.py:161} INFO - Started process (PID=209) to work on /home/airflow/.local/lib/python3.8/site-packages/airflow/example_dags/example_branch_day_of_week_operator.py
[2024-02-14T16:04:09.690+0000] {processor.py:830} INFO - Processing file /home/airflow/.local/lib/python3.8/site-packages/airflow/example_dags/example_branch_day_of_week_operator.py for tasks to queue
[2024-02-14T16:04:09.692+0000] {logging_mixin.py:188} INFO - [2024-02-14T16:04:09.692+0000] {dagbag.py:538} INFO - Filling up the DagBag from /home/airflow/.local/lib/python3.8/site-packages/airflow/example_dags/example_branch_day_of_week_operator.py
[2024-02-14T16:04:09.696+0000] {processor.py:840} INFO - DAG(s) 'example_weekday_branch_operator' retrieved from /home/airflow/.local/lib/python3.8/site-packages/airflow/example_dags/example_branch_day_of_week_operator.py
[2024-02-14T16:04:09.708+0000] {logging_mixin.py:188} INFO - [2024-02-14T16:04:09.708+0000] {dag.py:3033} INFO - Sync 1 DAGs
[2024-02-14T16:04:09.720+0000] {logging_mixin.py:188} INFO - [2024-02-14T16:04:09.720+0000] {dag.py:3820} INFO - Setting next_dagrun for example_weekday_branch_operator to 2024-02-13T00:00:00+00:00, run_after=2024-02-14T00:00:00+00:00
[2024-02-14T16:04:09.728+0000] {processor.py:183} INFO - Processing /home/airflow/.local/lib/python3.8/site-packages/airflow/example_dags/example_branch_day_of_week_operator.py took 0.041 seconds
[2024-02-14T16:04:39.953+0000] {processor.py:161} INFO - Started process (PID=266) to work on /home/airflow/.local/lib/python3.8/site-packages/airflow/example_dags/example_branch_day_of_week_operator.py
[2024-02-14T16:04:39.954+0000] {processor.py:830} INFO - Processing file /home/airflow/.local/lib/python3.8/site-packages/airflow/example_dags/example_branch_day_of_week_operator.py for tasks to queue
[2024-02-14T16:04:39.955+0000] {logging_mixin.py:188} INFO - [2024-02-14T16:04:39.955+0000] {dagbag.py:538} INFO - Filling up the DagBag from /home/airflow/.local/lib/python3.8/site-packages/airflow/example_dags/example_branch_day_of_week_operator.py
[2024-02-14T16:04:39.960+0000] {processor.py:840} INFO - DAG(s) 'example_weekday_branch_operator' retrieved from /home/airflow/.local/lib/python3.8/site-packages/airflow/example_dags/example_branch_day_of_week_operator.py
[2024-02-14T16:04:39.973+0000] {logging_mixin.py:188} INFO - [2024-02-14T16:04:39.973+0000] {dag.py:3033} INFO - Sync 1 DAGs
[2024-02-14T16:04:39.985+0000] {logging_mixin.py:188} INFO - [2024-02-14T16:04:39.985+0000] {dag.py:3820} INFO - Setting next_dagrun for example_weekday_branch_operator to 2024-02-13T00:00:00+00:00, run_after=2024-02-14T00:00:00+00:00
[2024-02-14T16:04:39.997+0000] {processor.py:183} INFO - Processing /home/airflow/.local/lib/python3.8/site-packages/airflow/example_dags/example_branch_day_of_week_operator.py took 0.046 seconds
[2024-02-14T16:05:10.202+0000] {processor.py:161} INFO - Started process (PID=323) to work on /home/airflow/.local/lib/python3.8/site-packages/airflow/example_dags/example_branch_day_of_week_operator.py
[2024-02-14T16:05:10.203+0000] {processor.py:830} INFO - Processing file /home/airflow/.local/lib/python3.8/site-packages/airflow/example_dags/example_branch_day_of_week_operator.py for tasks to queue
[2024-02-14T16:05:10.205+0000] {logging_mixin.py:188} INFO - [2024-02-14T16:05:10.205+0000] {dagbag.py:538} INFO - Filling up the DagBag from /home/airflow/.local/lib/python3.8/site-packages/airflow/example_dags/example_branch_day_of_week_operator.py
[2024-02-14T16:05:10.210+0000] {processor.py:840} INFO - DAG(s) 'example_weekday_branch_operator' retrieved from /home/airflow/.local/lib/python3.8/site-packages/airflow/example_dags/example_branch_day_of_week_operator.py
[2024-02-14T16:05:10.222+0000] {logging_mixin.py:188} INFO - [2024-02-14T16:05:10.222+0000] {dag.py:3033} INFO - Sync 1 DAGs
[2024-02-14T16:05:10.235+0000] {logging_mixin.py:188} INFO - [2024-02-14T16:05:10.235+0000] {dag.py:3820} INFO - Setting next_dagrun for example_weekday_branch_operator to 2024-02-13T00:00:00+00:00, run_after=2024-02-14T00:00:00+00:00
[2024-02-14T16:05:10.245+0000] {processor.py:183} INFO - Processing /home/airflow/.local/lib/python3.8/site-packages/airflow/example_dags/example_branch_day_of_week_operator.py took 0.046 seconds
[2024-02-14T16:05:40.354+0000] {processor.py:161} INFO - Started process (PID=380) to work on /home/airflow/.local/lib/python3.8/site-packages/airflow/example_dags/example_branch_day_of_week_operator.py
[2024-02-14T16:05:40.355+0000] {processor.py:830} INFO - Processing file /home/airflow/.local/lib/python3.8/site-packages/airflow/example_dags/example_branch_day_of_week_operator.py for tasks to queue
[2024-02-14T16:05:40.357+0000] {logging_mixin.py:188} INFO - [2024-02-14T16:05:40.357+0000] {dagbag.py:538} INFO - Filling up the DagBag from /home/airflow/.local/lib/python3.8/site-packages/airflow/example_dags/example_branch_day_of_week_operator.py
[2024-02-14T16:05:40.361+0000] {processor.py:840} INFO - DAG(s) 'example_weekday_branch_operator' retrieved from /home/airflow/.local/lib/python3.8/site-packages/airflow/example_dags/example_branch_day_of_week_operator.py
[2024-02-14T16:05:40.375+0000] {logging_mixin.py:188} INFO - [2024-02-14T16:05:40.375+0000] {dag.py:3033} INFO - Sync 1 DAGs
[2024-02-14T16:05:40.387+0000] {logging_mixin.py:188} INFO - [2024-02-14T16:05:40.387+0000] {dag.py:3820} INFO - Setting next_dagrun for example_weekday_branch_operator to 2024-02-13T00:00:00+00:00, run_after=2024-02-14T00:00:00+00:00
[2024-02-14T16:05:40.396+0000] {processor.py:183} INFO - Processing /home/airflow/.local/lib/python3.8/site-packages/airflow/example_dags/example_branch_day_of_week_operator.py took 0.044 seconds
[2024-02-14T16:06:10.636+0000] {processor.py:161} INFO - Started process (PID=437) to work on /home/airflow/.local/lib/python3.8/site-packages/airflow/example_dags/example_branch_day_of_week_operator.py
[2024-02-14T16:06:10.637+0000] {processor.py:830} INFO - Processing file /home/airflow/.local/lib/python3.8/site-packages/airflow/example_dags/example_branch_day_of_week_operator.py for tasks to queue
[2024-02-14T16:06:10.638+0000] {logging_mixin.py:188} INFO - [2024-02-14T16:06:10.638+0000] {dagbag.py:538} INFO - Filling up the DagBag from /home/airflow/.local/lib/python3.8/site-packages/airflow/example_dags/example_branch_day_of_week_operator.py
[2024-02-14T16:06:10.643+0000] {processor.py:840} INFO - DAG(s) 'example_weekday_branch_operator' retrieved from /home/airflow/.local/lib/python3.8/site-packages/airflow/example_dags/example_branch_day_of_week_operator.py
[2024-02-14T16:06:10.655+0000] {logging_mixin.py:188} INFO - [2024-02-14T16:06:10.655+0000] {dag.py:3033} INFO - Sync 1 DAGs
[2024-02-14T16:06:10.667+0000] {logging_mixin.py:188} INFO - [2024-02-14T16:06:10.666+0000] {dag.py:3820} INFO - Setting next_dagrun for example_weekday_branch_operator to 2024-02-13T00:00:00+00:00, run_after=2024-02-14T00:00:00+00:00
[2024-02-14T16:06:10.676+0000] {processor.py:183} INFO - Processing /home/airflow/.local/lib/python3.8/site-packages/airflow/example_dags/example_branch_day_of_week_operator.py took 0.043 seconds
[2024-02-14T16:06:40.754+0000] {processor.py:161} INFO - Started process (PID=494) to work on /home/airflow/.local/lib/python3.8/site-packages/airflow/example_dags/example_branch_day_of_week_operator.py
[2024-02-14T16:06:40.755+0000] {processor.py:830} INFO - Processing file /home/airflow/.local/lib/python3.8/site-packages/airflow/example_dags/example_branch_day_of_week_operator.py for tasks to queue
[2024-02-14T16:06:40.756+0000] {logging_mixin.py:188} INFO - [2024-02-14T16:06:40.756+0000] {dagbag.py:538} INFO - Filling up the DagBag from /home/airflow/.local/lib/python3.8/site-packages/airflow/example_dags/example_branch_day_of_week_operator.py
[2024-02-14T16:06:40.761+0000] {processor.py:840} INFO - DAG(s) 'example_weekday_branch_operator' retrieved from /home/airflow/.local/lib/python3.8/site-packages/airflow/example_dags/example_branch_day_of_week_operator.py
[2024-02-14T16:06:40.774+0000] {logging_mixin.py:188} INFO - [2024-02-14T16:06:40.774+0000] {dag.py:3033} INFO - Sync 1 DAGs
[2024-02-14T16:06:40.787+0000] {logging_mixin.py:188} INFO - [2024-02-14T16:06:40.787+0000] {dag.py:3820} INFO - Setting next_dagrun for example_weekday_branch_operator to 2024-02-13T00:00:00+00:00, run_after=2024-02-14T00:00:00+00:00
[2024-02-14T16:06:40.798+0000] {processor.py:183} INFO - Processing /home/airflow/.local/lib/python3.8/site-packages/airflow/example_dags/example_branch_day_of_week_operator.py took 0.046 seconds
[2024-02-14T16:07:10.927+0000] {processor.py:161} INFO - Started process (PID=551) to work on /home/airflow/.local/lib/python3.8/site-packages/airflow/example_dags/example_branch_day_of_week_operator.py
[2024-02-14T16:07:10.928+0000] {processor.py:830} INFO - Processing file /home/airflow/.local/lib/python3.8/site-packages/airflow/example_dags/example_branch_day_of_week_operator.py for tasks to queue
[2024-02-14T16:07:10.929+0000] {logging_mixin.py:188} INFO - [2024-02-14T16:07:10.929+0000] {dagbag.py:538} INFO - Filling up the DagBag from /home/airflow/.local/lib/python3.8/site-packages/airflow/example_dags/example_branch_day_of_week_operator.py
[2024-02-14T16:07:10.933+0000] {processor.py:840} INFO - DAG(s) 'example_weekday_branch_operator' retrieved from /home/airflow/.local/lib/python3.8/site-packages/airflow/example_dags/example_branch_day_of_week_operator.py
[2024-02-14T16:07:10.946+0000] {logging_mixin.py:188} INFO - [2024-02-14T16:07:10.946+0000] {dag.py:3033} INFO - Sync 1 DAGs
[2024-02-14T16:07:10.958+0000] {logging_mixin.py:188} INFO - [2024-02-14T16:07:10.958+0000] {dag.py:3820} INFO - Setting next_dagrun for example_weekday_branch_operator to 2024-02-13T00:00:00+00:00, run_after=2024-02-14T00:00:00+00:00
[2024-02-14T16:07:10.968+0000] {processor.py:183} INFO - Processing /home/airflow/.local/lib/python3.8/site-packages/airflow/example_dags/example_branch_day_of_week_operator.py took 0.043 seconds
[2024-02-14T16:07:41.246+0000] {processor.py:161} INFO - Started process (PID=608) to work on /home/airflow/.local/lib/python3.8/site-packages/airflow/example_dags/example_branch_day_of_week_operator.py
[2024-02-14T16:07:41.246+0000] {processor.py:830} INFO - Processing file /home/airflow/.local/lib/python3.8/site-packages/airflow/example_dags/example_branch_day_of_week_operator.py for tasks to queue
[2024-02-14T16:07:41.248+0000] {logging_mixin.py:188} INFO - [2024-02-14T16:07:41.248+0000] {dagbag.py:538} INFO - Filling up the DagBag from /home/airflow/.local/lib/python3.8/site-packages/airflow/example_dags/example_branch_day_of_week_operator.py
[2024-02-14T16:07:41.252+0000] {processor.py:840} INFO - DAG(s) 'example_weekday_branch_operator' retrieved from /home/airflow/.local/lib/python3.8/site-packages/airflow/example_dags/example_branch_day_of_week_operator.py
[2024-02-14T16:07:41.266+0000] {logging_mixin.py:188} INFO - [2024-02-14T16:07:41.265+0000] {dag.py:3033} INFO - Sync 1 DAGs
[2024-02-14T16:07:41.278+0000] {logging_mixin.py:188} INFO - [2024-02-14T16:07:41.278+0000] {dag.py:3820} INFO - Setting next_dagrun for example_weekday_branch_operator to 2024-02-13T00:00:00+00:00, run_after=2024-02-14T00:00:00+00:00
[2024-02-14T16:07:41.287+0000] {processor.py:183} INFO - Processing /home/airflow/.local/lib/python3.8/site-packages/airflow/example_dags/example_branch_day_of_week_operator.py took 0.044 seconds
[2024-02-14T16:08:11.509+0000] {processor.py:161} INFO - Started process (PID=665) to work on /home/airflow/.local/lib/python3.8/site-packages/airflow/example_dags/example_branch_day_of_week_operator.py
[2024-02-14T16:08:11.509+0000] {processor.py:830} INFO - Processing file /home/airflow/.local/lib/python3.8/site-packages/airflow/example_dags/example_branch_day_of_week_operator.py for tasks to queue
[2024-02-14T16:08:11.511+0000] {logging_mixin.py:188} INFO - [2024-02-14T16:08:11.511+0000] {dagbag.py:538} INFO - Filling up the DagBag from /home/airflow/.local/lib/python3.8/site-packages/airflow/example_dags/example_branch_day_of_week_operator.py
[2024-02-14T16:08:11.516+0000] {processor.py:840} INFO - DAG(s) 'example_weekday_branch_operator' retrieved from /home/airflow/.local/lib/python3.8/site-packages/airflow/example_dags/example_branch_day_of_week_operator.py
[2024-02-14T16:08:11.528+0000] {logging_mixin.py:188} INFO - [2024-02-14T16:08:11.528+0000] {dag.py:3033} INFO - Sync 1 DAGs
[2024-02-14T16:08:11.539+0000] {logging_mixin.py:188} INFO - [2024-02-14T16:08:11.539+0000] {dag.py:3820} INFO - Setting next_dagrun for example_weekday_branch_operator to 2024-02-13T00:00:00+00:00, run_after=2024-02-14T00:00:00+00:00
[2024-02-14T16:08:11.549+0000] {processor.py:183} INFO - Processing /home/airflow/.local/lib/python3.8/site-packages/airflow/example_dags/example_branch_day_of_week_operator.py took 0.042 seconds
[2024-02-14T16:08:41.648+0000] {processor.py:161} INFO - Started process (PID=722) to work on /home/airflow/.local/lib/python3.8/site-packages/airflow/example_dags/example_branch_day_of_week_operator.py
[2024-02-14T16:08:41.649+0000] {processor.py:830} INFO - Processing file /home/airflow/.local/lib/python3.8/site-packages/airflow/example_dags/example_branch_day_of_week_operator.py for tasks to queue
[2024-02-14T16:08:41.650+0000] {logging_mixin.py:188} INFO - [2024-02-14T16:08:41.650+0000] {dagbag.py:538} INFO - Filling up the DagBag from /home/airflow/.local/lib/python3.8/site-packages/airflow/example_dags/example_branch_day_of_week_operator.py
[2024-02-14T16:08:41.656+0000] {processor.py:840} INFO - DAG(s) 'example_weekday_branch_operator' retrieved from /home/airflow/.local/lib/python3.8/site-packages/airflow/example_dags/example_branch_day_of_week_operator.py
[2024-02-14T16:08:41.670+0000] {logging_mixin.py:188} INFO - [2024-02-14T16:08:41.670+0000] {dag.py:3033} INFO - Sync 1 DAGs
[2024-02-14T16:08:41.683+0000] {logging_mixin.py:188} INFO - [2024-02-14T16:08:41.683+0000] {dag.py:3820} INFO - Setting next_dagrun for example_weekday_branch_operator to 2024-02-13T00:00:00+00:00, run_after=2024-02-14T00:00:00+00:00
[2024-02-14T16:08:41.693+0000] {processor.py:183} INFO - Processing /home/airflow/.local/lib/python3.8/site-packages/airflow/example_dags/example_branch_day_of_week_operator.py took 0.047 seconds
[2024-02-14T16:09:12.770+0000] {processor.py:161} INFO - Started process (PID=779) to work on /home/airflow/.local/lib/python3.8/site-packages/airflow/example_dags/example_branch_day_of_week_operator.py
[2024-02-14T16:09:12.771+0000] {processor.py:830} INFO - Processing file /home/airflow/.local/lib/python3.8/site-packages/airflow/example_dags/example_branch_day_of_week_operator.py for tasks to queue
[2024-02-14T16:09:12.772+0000] {logging_mixin.py:188} INFO - [2024-02-14T16:09:12.772+0000] {dagbag.py:538} INFO - Filling up the DagBag from /home/airflow/.local/lib/python3.8/site-packages/airflow/example_dags/example_branch_day_of_week_operator.py
[2024-02-14T16:09:12.777+0000] {processor.py:840} INFO - DAG(s) 'example_weekday_branch_operator' retrieved from /home/airflow/.local/lib/python3.8/site-packages/airflow/example_dags/example_branch_day_of_week_operator.py
[2024-02-14T16:09:12.791+0000] {logging_mixin.py:188} INFO - [2024-02-14T16:09:12.791+0000] {dag.py:3033} INFO - Sync 1 DAGs
[2024-02-14T16:09:12.803+0000] {logging_mixin.py:188} INFO - [2024-02-14T16:09:12.803+0000] {dag.py:3820} INFO - Setting next_dagrun for example_weekday_branch_operator to 2024-02-13T00:00:00+00:00, run_after=2024-02-14T00:00:00+00:00
[2024-02-14T16:09:12.815+0000] {processor.py:183} INFO - Processing /home/airflow/.local/lib/python3.8/site-packages/airflow/example_dags/example_branch_day_of_week_operator.py took 0.047 seconds
[2024-02-14T16:09:43.762+0000] {processor.py:161} INFO - Started process (PID=836) to work on /home/airflow/.local/lib/python3.8/site-packages/airflow/example_dags/example_branch_day_of_week_operator.py
[2024-02-14T16:09:43.762+0000] {processor.py:830} INFO - Processing file /home/airflow/.local/lib/python3.8/site-packages/airflow/example_dags/example_branch_day_of_week_operator.py for tasks to queue
[2024-02-14T16:09:43.764+0000] {logging_mixin.py:188} INFO - [2024-02-14T16:09:43.764+0000] {dagbag.py:538} INFO - Filling up the DagBag from /home/airflow/.local/lib/python3.8/site-packages/airflow/example_dags/example_branch_day_of_week_operator.py
[2024-02-14T16:09:43.769+0000] {processor.py:840} INFO - DAG(s) 'example_weekday_branch_operator' retrieved from /home/airflow/.local/lib/python3.8/site-packages/airflow/example_dags/example_branch_day_of_week_operator.py
[2024-02-14T16:09:43.782+0000] {logging_mixin.py:188} INFO - [2024-02-14T16:09:43.782+0000] {dag.py:3033} INFO - Sync 1 DAGs
[2024-02-14T16:09:43.795+0000] {logging_mixin.py:188} INFO - [2024-02-14T16:09:43.795+0000] {dag.py:3820} INFO - Setting next_dagrun for example_weekday_branch_operator to 2024-02-13T00:00:00+00:00, run_after=2024-02-14T00:00:00+00:00
[2024-02-14T16:09:43.806+0000] {processor.py:183} INFO - Processing /home/airflow/.local/lib/python3.8/site-packages/airflow/example_dags/example_branch_day_of_week_operator.py took 0.046 seconds
[2024-02-14T16:10:14.050+0000] {processor.py:161} INFO - Started process (PID=893) to work on /home/airflow/.local/lib/python3.8/site-packages/airflow/example_dags/example_branch_day_of_week_operator.py
[2024-02-14T16:10:14.051+0000] {processor.py:830} INFO - Processing file /home/airflow/.local/lib/python3.8/site-packages/airflow/example_dags/example_branch_day_of_week_operator.py for tasks to queue
[2024-02-14T16:10:14.052+0000] {logging_mixin.py:188} INFO - [2024-02-14T16:10:14.052+0000] {dagbag.py:538} INFO - Filling up the DagBag from /home/airflow/.local/lib/python3.8/site-packages/airflow/example_dags/example_branch_day_of_week_operator.py
[2024-02-14T16:10:14.057+0000] {processor.py:840} INFO - DAG(s) 'example_weekday_branch_operator' retrieved from /home/airflow/.local/lib/python3.8/site-packages/airflow/example_dags/example_branch_day_of_week_operator.py
[2024-02-14T16:10:14.071+0000] {logging_mixin.py:188} INFO - [2024-02-14T16:10:14.071+0000] {dag.py:3033} INFO - Sync 1 DAGs
[2024-02-14T16:10:14.083+0000] {logging_mixin.py:188} INFO - [2024-02-14T16:10:14.083+0000] {dag.py:3820} INFO - Setting next_dagrun for example_weekday_branch_operator to 2024-02-13T00:00:00+00:00, run_after=2024-02-14T00:00:00+00:00
[2024-02-14T16:10:14.093+0000] {processor.py:183} INFO - Processing /home/airflow/.local/lib/python3.8/site-packages/airflow/example_dags/example_branch_day_of_week_operator.py took 0.045 seconds
[2024-02-14T16:10:44.267+0000] {processor.py:161} INFO - Started process (PID=950) to work on /home/airflow/.local/lib/python3.8/site-packages/airflow/example_dags/example_branch_day_of_week_operator.py
[2024-02-14T16:10:44.267+0000] {processor.py:830} INFO - Processing file /home/airflow/.local/lib/python3.8/site-packages/airflow/example_dags/example_branch_day_of_week_operator.py for tasks to queue
[2024-02-14T16:10:44.269+0000] {logging_mixin.py:188} INFO - [2024-02-14T16:10:44.269+0000] {dagbag.py:538} INFO - Filling up the DagBag from /home/airflow/.local/lib/python3.8/site-packages/airflow/example_dags/example_branch_day_of_week_operator.py
[2024-02-14T16:10:44.273+0000] {processor.py:840} INFO - DAG(s) 'example_weekday_branch_operator' retrieved from /home/airflow/.local/lib/python3.8/site-packages/airflow/example_dags/example_branch_day_of_week_operator.py
[2024-02-14T16:10:44.288+0000] {logging_mixin.py:188} INFO - [2024-02-14T16:10:44.288+0000] {dag.py:3033} INFO - Sync 1 DAGs
[2024-02-14T16:10:44.302+0000] {logging_mixin.py:188} INFO - [2024-02-14T16:10:44.302+0000] {dag.py:3820} INFO - Setting next_dagrun for example_weekday_branch_operator to 2024-02-13T00:00:00+00:00, run_after=2024-02-14T00:00:00+00:00
[2024-02-14T16:10:44.312+0000] {processor.py:183} INFO - Processing /home/airflow/.local/lib/python3.8/site-packages/airflow/example_dags/example_branch_day_of_week_operator.py took 0.048 seconds
[2024-02-14T16:11:14.432+0000] {processor.py:161} INFO - Started process (PID=1007) to work on /home/airflow/.local/lib/python3.8/site-packages/airflow/example_dags/example_branch_day_of_week_operator.py
[2024-02-14T16:11:14.433+0000] {processor.py:830} INFO - Processing file /home/airflow/.local/lib/python3.8/site-packages/airflow/example_dags/example_branch_day_of_week_operator.py for tasks to queue
[2024-02-14T16:11:14.435+0000] {logging_mixin.py:188} INFO - [2024-02-14T16:11:14.435+0000] {dagbag.py:538} INFO - Filling up the DagBag from /home/airflow/.local/lib/python3.8/site-packages/airflow/example_dags/example_branch_day_of_week_operator.py
[2024-02-14T16:11:14.440+0000] {processor.py:840} INFO - DAG(s) 'example_weekday_branch_operator' retrieved from /home/airflow/.local/lib/python3.8/site-packages/airflow/example_dags/example_branch_day_of_week_operator.py
[2024-02-14T16:11:14.454+0000] {logging_mixin.py:188} INFO - [2024-02-14T16:11:14.454+0000] {dag.py:3033} INFO - Sync 1 DAGs
[2024-02-14T16:11:14.468+0000] {logging_mixin.py:188} INFO - [2024-02-14T16:11:14.468+0000] {dag.py:3820} INFO - Setting next_dagrun for example_weekday_branch_operator to 2024-02-13T00:00:00+00:00, run_after=2024-02-14T00:00:00+00:00
[2024-02-14T16:11:14.479+0000] {processor.py:183} INFO - Processing /home/airflow/.local/lib/python3.8/site-packages/airflow/example_dags/example_branch_day_of_week_operator.py took 0.051 seconds
[2024-02-14T16:11:44.694+0000] {processor.py:161} INFO - Started process (PID=1064) to work on /home/airflow/.local/lib/python3.8/site-packages/airflow/example_dags/example_branch_day_of_week_operator.py
[2024-02-14T16:11:44.695+0000] {processor.py:830} INFO - Processing file /home/airflow/.local/lib/python3.8/site-packages/airflow/example_dags/example_branch_day_of_week_operator.py for tasks to queue
[2024-02-14T16:11:44.696+0000] {logging_mixin.py:188} INFO - [2024-02-14T16:11:44.696+0000] {dagbag.py:538} INFO - Filling up the DagBag from /home/airflow/.local/lib/python3.8/site-packages/airflow/example_dags/example_branch_day_of_week_operator.py
[2024-02-14T16:11:44.701+0000] {processor.py:840} INFO - DAG(s) 'example_weekday_branch_operator' retrieved from /home/airflow/.local/lib/python3.8/site-packages/airflow/example_dags/example_branch_day_of_week_operator.py
[2024-02-14T16:11:44.714+0000] {logging_mixin.py:188} INFO - [2024-02-14T16:11:44.714+0000] {dag.py:3033} INFO - Sync 1 DAGs
[2024-02-14T16:11:44.730+0000] {logging_mixin.py:188} INFO - [2024-02-14T16:11:44.729+0000] {dag.py:3820} INFO - Setting next_dagrun for example_weekday_branch_operator to 2024-02-13T00:00:00+00:00, run_after=2024-02-14T00:00:00+00:00
[2024-02-14T16:11:44.744+0000] {processor.py:183} INFO - Processing /home/airflow/.local/lib/python3.8/site-packages/airflow/example_dags/example_branch_day_of_week_operator.py took 0.052 seconds
[2024-02-14T16:12:14.922+0000] {processor.py:161} INFO - Started process (PID=1120) to work on /home/airflow/.local/lib/python3.8/site-packages/airflow/example_dags/example_branch_day_of_week_operator.py
[2024-02-14T16:12:14.922+0000] {processor.py:830} INFO - Processing file /home/airflow/.local/lib/python3.8/site-packages/airflow/example_dags/example_branch_day_of_week_operator.py for tasks to queue
[2024-02-14T16:12:14.924+0000] {logging_mixin.py:188} INFO - [2024-02-14T16:12:14.924+0000] {dagbag.py:538} INFO - Filling up the DagBag from /home/airflow/.local/lib/python3.8/site-packages/airflow/example_dags/example_branch_day_of_week_operator.py
[2024-02-14T16:12:14.928+0000] {processor.py:840} INFO - DAG(s) 'example_weekday_branch_operator' retrieved from /home/airflow/.local/lib/python3.8/site-packages/airflow/example_dags/example_branch_day_of_week_operator.py
[2024-02-14T16:12:14.942+0000] {logging_mixin.py:188} INFO - [2024-02-14T16:12:14.942+0000] {dag.py:3033} INFO - Sync 1 DAGs
[2024-02-14T16:12:14.956+0000] {logging_mixin.py:188} INFO - [2024-02-14T16:12:14.956+0000] {dag.py:3820} INFO - Setting next_dagrun for example_weekday_branch_operator to 2024-02-13T00:00:00+00:00, run_after=2024-02-14T00:00:00+00:00
[2024-02-14T16:12:14.967+0000] {processor.py:183} INFO - Processing /home/airflow/.local/lib/python3.8/site-packages/airflow/example_dags/example_branch_day_of_week_operator.py took 0.048 seconds
[2024-02-14T16:12:45.096+0000] {processor.py:161} INFO - Started process (PID=1177) to work on /home/airflow/.local/lib/python3.8/site-packages/airflow/example_dags/example_branch_day_of_week_operator.py
[2024-02-14T16:12:45.096+0000] {processor.py:830} INFO - Processing file /home/airflow/.local/lib/python3.8/site-packages/airflow/example_dags/example_branch_day_of_week_operator.py for tasks to queue
[2024-02-14T16:12:45.098+0000] {logging_mixin.py:188} INFO - [2024-02-14T16:12:45.098+0000] {dagbag.py:538} INFO - Filling up the DagBag from /home/airflow/.local/lib/python3.8/site-packages/airflow/example_dags/example_branch_day_of_week_operator.py
[2024-02-14T16:12:45.103+0000] {processor.py:840} INFO - DAG(s) 'example_weekday_branch_operator' retrieved from /home/airflow/.local/lib/python3.8/site-packages/airflow/example_dags/example_branch_day_of_week_operator.py
[2024-02-14T16:12:45.116+0000] {logging_mixin.py:188} INFO - [2024-02-14T16:12:45.116+0000] {dag.py:3033} INFO - Sync 1 DAGs
[2024-02-14T16:12:45.128+0000] {logging_mixin.py:188} INFO - [2024-02-14T16:12:45.128+0000] {dag.py:3820} INFO - Setting next_dagrun for example_weekday_branch_operator to 2024-02-13T00:00:00+00:00, run_after=2024-02-14T00:00:00+00:00
[2024-02-14T16:12:45.138+0000] {processor.py:183} INFO - Processing /home/airflow/.local/lib/python3.8/site-packages/airflow/example_dags/example_branch_day_of_week_operator.py took 0.044 seconds
[2024-02-14T16:13:16.156+0000] {processor.py:161} INFO - Started process (PID=1234) to work on /home/airflow/.local/lib/python3.8/site-packages/airflow/example_dags/example_branch_day_of_week_operator.py
[2024-02-14T16:13:16.156+0000] {processor.py:830} INFO - Processing file /home/airflow/.local/lib/python3.8/site-packages/airflow/example_dags/example_branch_day_of_week_operator.py for tasks to queue
[2024-02-14T16:13:16.158+0000] {logging_mixin.py:188} INFO - [2024-02-14T16:13:16.157+0000] {dagbag.py:538} INFO - Filling up the DagBag from /home/airflow/.local/lib/python3.8/site-packages/airflow/example_dags/example_branch_day_of_week_operator.py
[2024-02-14T16:13:16.162+0000] {processor.py:840} INFO - DAG(s) 'example_weekday_branch_operator' retrieved from /home/airflow/.local/lib/python3.8/site-packages/airflow/example_dags/example_branch_day_of_week_operator.py
[2024-02-14T16:13:16.175+0000] {logging_mixin.py:188} INFO - [2024-02-14T16:13:16.175+0000] {dag.py:3033} INFO - Sync 1 DAGs
[2024-02-14T16:13:16.187+0000] {logging_mixin.py:188} INFO - [2024-02-14T16:13:16.187+0000] {dag.py:3820} INFO - Setting next_dagrun for example_weekday_branch_operator to 2024-02-13T00:00:00+00:00, run_after=2024-02-14T00:00:00+00:00
[2024-02-14T16:13:16.196+0000] {processor.py:183} INFO - Processing /home/airflow/.local/lib/python3.8/site-packages/airflow/example_dags/example_branch_day_of_week_operator.py took 0.042 seconds
[2024-02-14T16:13:46.536+0000] {processor.py:161} INFO - Started process (PID=1291) to work on /home/airflow/.local/lib/python3.8/site-packages/airflow/example_dags/example_branch_day_of_week_operator.py
[2024-02-14T16:13:46.536+0000] {processor.py:830} INFO - Processing file /home/airflow/.local/lib/python3.8/site-packages/airflow/example_dags/example_branch_day_of_week_operator.py for tasks to queue
[2024-02-14T16:13:46.538+0000] {logging_mixin.py:188} INFO - [2024-02-14T16:13:46.537+0000] {dagbag.py:538} INFO - Filling up the DagBag from /home/airflow/.local/lib/python3.8/site-packages/airflow/example_dags/example_branch_day_of_week_operator.py
[2024-02-14T16:13:46.542+0000] {processor.py:840} INFO - DAG(s) 'example_weekday_branch_operator' retrieved from /home/airflow/.local/lib/python3.8/site-packages/airflow/example_dags/example_branch_day_of_week_operator.py
[2024-02-14T16:13:46.555+0000] {logging_mixin.py:188} INFO - [2024-02-14T16:13:46.554+0000] {dag.py:3033} INFO - Sync 1 DAGs
[2024-02-14T16:13:46.567+0000] {logging_mixin.py:188} INFO - [2024-02-14T16:13:46.567+0000] {dag.py:3820} INFO - Setting next_dagrun for example_weekday_branch_operator to 2024-02-13T00:00:00+00:00, run_after=2024-02-14T00:00:00+00:00
[2024-02-14T16:13:46.576+0000] {processor.py:183} INFO - Processing /home/airflow/.local/lib/python3.8/site-packages/airflow/example_dags/example_branch_day_of_week_operator.py took 0.042 seconds
[2024-02-14T16:14:17.657+0000] {processor.py:161} INFO - Started process (PID=1348) to work on /home/airflow/.local/lib/python3.8/site-packages/airflow/example_dags/example_branch_day_of_week_operator.py
[2024-02-14T16:14:17.657+0000] {processor.py:830} INFO - Processing file /home/airflow/.local/lib/python3.8/site-packages/airflow/example_dags/example_branch_day_of_week_operator.py for tasks to queue
[2024-02-14T16:14:17.659+0000] {logging_mixin.py:188} INFO - [2024-02-14T16:14:17.658+0000] {dagbag.py:538} INFO - Filling up the DagBag from /home/airflow/.local/lib/python3.8/site-packages/airflow/example_dags/example_branch_day_of_week_operator.py
[2024-02-14T16:14:17.663+0000] {processor.py:840} INFO - DAG(s) 'example_weekday_branch_operator' retrieved from /home/airflow/.local/lib/python3.8/site-packages/airflow/example_dags/example_branch_day_of_week_operator.py
[2024-02-14T16:14:17.676+0000] {logging_mixin.py:188} INFO - [2024-02-14T16:14:17.676+0000] {dag.py:3033} INFO - Sync 1 DAGs
[2024-02-14T16:14:17.688+0000] {logging_mixin.py:188} INFO - [2024-02-14T16:14:17.688+0000] {dag.py:3820} INFO - Setting next_dagrun for example_weekday_branch_operator to 2024-02-13T00:00:00+00:00, run_after=2024-02-14T00:00:00+00:00
[2024-02-14T16:14:17.697+0000] {processor.py:183} INFO - Processing /home/airflow/.local/lib/python3.8/site-packages/airflow/example_dags/example_branch_day_of_week_operator.py took 0.043 seconds
[2024-02-14T16:14:47.841+0000] {processor.py:161} INFO - Started process (PID=1405) to work on /home/airflow/.local/lib/python3.8/site-packages/airflow/example_dags/example_branch_day_of_week_operator.py
[2024-02-14T16:14:47.841+0000] {processor.py:830} INFO - Processing file /home/airflow/.local/lib/python3.8/site-packages/airflow/example_dags/example_branch_day_of_week_operator.py for tasks to queue
[2024-02-14T16:14:47.843+0000] {logging_mixin.py:188} INFO - [2024-02-14T16:14:47.843+0000] {dagbag.py:538} INFO - Filling up the DagBag from /home/airflow/.local/lib/python3.8/site-packages/airflow/example_dags/example_branch_day_of_week_operator.py
[2024-02-14T16:14:47.848+0000] {processor.py:840} INFO - DAG(s) 'example_weekday_branch_operator' retrieved from /home/airflow/.local/lib/python3.8/site-packages/airflow/example_dags/example_branch_day_of_week_operator.py
[2024-02-14T16:14:47.861+0000] {logging_mixin.py:188} INFO - [2024-02-14T16:14:47.861+0000] {dag.py:3033} INFO - Sync 1 DAGs
[2024-02-14T16:14:47.873+0000] {logging_mixin.py:188} INFO - [2024-02-14T16:14:47.873+0000] {dag.py:3820} INFO - Setting next_dagrun for example_weekday_branch_operator to 2024-02-13T00:00:00+00:00, run_after=2024-02-14T00:00:00+00:00
[2024-02-14T16:14:47.882+0000] {processor.py:183} INFO - Processing /home/airflow/.local/lib/python3.8/site-packages/airflow/example_dags/example_branch_day_of_week_operator.py took 0.044 seconds
[2024-02-14T16:15:18.988+0000] {processor.py:161} INFO - Started process (PID=1461) to work on /home/airflow/.local/lib/python3.8/site-packages/airflow/example_dags/example_branch_day_of_week_operator.py
[2024-02-14T16:15:18.989+0000] {processor.py:830} INFO - Processing file /home/airflow/.local/lib/python3.8/site-packages/airflow/example_dags/example_branch_day_of_week_operator.py for tasks to queue
[2024-02-14T16:15:18.990+0000] {logging_mixin.py:188} INFO - [2024-02-14T16:15:18.990+0000] {dagbag.py:538} INFO - Filling up the DagBag from /home/airflow/.local/lib/python3.8/site-packages/airflow/example_dags/example_branch_day_of_week_operator.py
[2024-02-14T16:15:18.995+0000] {processor.py:840} INFO - DAG(s) 'example_weekday_branch_operator' retrieved from /home/airflow/.local/lib/python3.8/site-packages/airflow/example_dags/example_branch_day_of_week_operator.py
[2024-02-14T16:15:19.007+0000] {logging_mixin.py:188} INFO - [2024-02-14T16:15:19.007+0000] {dag.py:3033} INFO - Sync 1 DAGs
[2024-02-14T16:15:19.019+0000] {logging_mixin.py:188} INFO - [2024-02-14T16:15:19.019+0000] {dag.py:3820} INFO - Setting next_dagrun for example_weekday_branch_operator to 2024-02-13T00:00:00+00:00, run_after=2024-02-14T00:00:00+00:00
[2024-02-14T16:15:19.030+0000] {processor.py:183} INFO - Processing /home/airflow/.local/lib/python3.8/site-packages/airflow/example_dags/example_branch_day_of_week_operator.py took 0.044 seconds
[2024-02-14T16:15:49.382+0000] {processor.py:161} INFO - Started process (PID=1517) to work on /home/airflow/.local/lib/python3.8/site-packages/airflow/example_dags/example_branch_day_of_week_operator.py
[2024-02-14T16:15:49.383+0000] {processor.py:830} INFO - Processing file /home/airflow/.local/lib/python3.8/site-packages/airflow/example_dags/example_branch_day_of_week_operator.py for tasks to queue
[2024-02-14T16:15:49.384+0000] {logging_mixin.py:188} INFO - [2024-02-14T16:15:49.384+0000] {dagbag.py:538} INFO - Filling up the DagBag from /home/airflow/.local/lib/python3.8/site-packages/airflow/example_dags/example_branch_day_of_week_operator.py
[2024-02-14T16:15:49.389+0000] {processor.py:840} INFO - DAG(s) 'example_weekday_branch_operator' retrieved from /home/airflow/.local/lib/python3.8/site-packages/airflow/example_dags/example_branch_day_of_week_operator.py
[2024-02-14T16:15:49.403+0000] {logging_mixin.py:188} INFO - [2024-02-14T16:15:49.403+0000] {dag.py:3033} INFO - Sync 1 DAGs
[2024-02-14T16:15:49.418+0000] {logging_mixin.py:188} INFO - [2024-02-14T16:15:49.418+0000] {dag.py:3820} INFO - Setting next_dagrun for example_weekday_branch_operator to 2024-02-13T00:00:00+00:00, run_after=2024-02-14T00:00:00+00:00
[2024-02-14T16:15:49.428+0000] {processor.py:183} INFO - Processing /home/airflow/.local/lib/python3.8/site-packages/airflow/example_dags/example_branch_day_of_week_operator.py took 0.049 seconds
[2024-02-14T16:16:20.445+0000] {processor.py:161} INFO - Started process (PID=1574) to work on /home/airflow/.local/lib/python3.8/site-packages/airflow/example_dags/example_branch_day_of_week_operator.py
[2024-02-14T16:16:20.446+0000] {processor.py:830} INFO - Processing file /home/airflow/.local/lib/python3.8/site-packages/airflow/example_dags/example_branch_day_of_week_operator.py for tasks to queue
[2024-02-14T16:16:20.448+0000] {logging_mixin.py:188} INFO - [2024-02-14T16:16:20.448+0000] {dagbag.py:538} INFO - Filling up the DagBag from /home/airflow/.local/lib/python3.8/site-packages/airflow/example_dags/example_branch_day_of_week_operator.py
[2024-02-14T16:16:20.452+0000] {processor.py:840} INFO - DAG(s) 'example_weekday_branch_operator' retrieved from /home/airflow/.local/lib/python3.8/site-packages/airflow/example_dags/example_branch_day_of_week_operator.py
[2024-02-14T16:16:20.465+0000] {logging_mixin.py:188} INFO - [2024-02-14T16:16:20.465+0000] {dag.py:3033} INFO - Sync 1 DAGs
[2024-02-14T16:16:20.477+0000] {logging_mixin.py:188} INFO - [2024-02-14T16:16:20.477+0000] {dag.py:3820} INFO - Setting next_dagrun for example_weekday_branch_operator to 2024-02-13T00:00:00+00:00, run_after=2024-02-14T00:00:00+00:00
[2024-02-14T16:16:20.486+0000] {processor.py:183} INFO - Processing /home/airflow/.local/lib/python3.8/site-packages/airflow/example_dags/example_branch_day_of_week_operator.py took 0.043 seconds
[2024-02-14T16:16:51.478+0000] {processor.py:161} INFO - Started process (PID=1631) to work on /home/airflow/.local/lib/python3.8/site-packages/airflow/example_dags/example_branch_day_of_week_operator.py
[2024-02-14T16:16:51.479+0000] {processor.py:830} INFO - Processing file /home/airflow/.local/lib/python3.8/site-packages/airflow/example_dags/example_branch_day_of_week_operator.py for tasks to queue
[2024-02-14T16:16:51.480+0000] {logging_mixin.py:188} INFO - [2024-02-14T16:16:51.480+0000] {dagbag.py:538} INFO - Filling up the DagBag from /home/airflow/.local/lib/python3.8/site-packages/airflow/example_dags/example_branch_day_of_week_operator.py
[2024-02-14T16:16:51.484+0000] {processor.py:840} INFO - DAG(s) 'example_weekday_branch_operator' retrieved from /home/airflow/.local/lib/python3.8/site-packages/airflow/example_dags/example_branch_day_of_week_operator.py
[2024-02-14T16:16:51.497+0000] {logging_mixin.py:188} INFO - [2024-02-14T16:16:51.497+0000] {dag.py:3033} INFO - Sync 1 DAGs
[2024-02-14T16:16:51.509+0000] {logging_mixin.py:188} INFO - [2024-02-14T16:16:51.509+0000] {dag.py:3820} INFO - Setting next_dagrun for example_weekday_branch_operator to 2024-02-13T00:00:00+00:00, run_after=2024-02-14T00:00:00+00:00
[2024-02-14T16:16:51.518+0000] {processor.py:183} INFO - Processing /home/airflow/.local/lib/python3.8/site-packages/airflow/example_dags/example_branch_day_of_week_operator.py took 0.043 seconds
[2024-02-14T16:17:21.743+0000] {processor.py:161} INFO - Started process (PID=1688) to work on /home/airflow/.local/lib/python3.8/site-packages/airflow/example_dags/example_branch_day_of_week_operator.py
[2024-02-14T16:17:21.743+0000] {processor.py:830} INFO - Processing file /home/airflow/.local/lib/python3.8/site-packages/airflow/example_dags/example_branch_day_of_week_operator.py for tasks to queue
[2024-02-14T16:17:21.745+0000] {logging_mixin.py:188} INFO - [2024-02-14T16:17:21.745+0000] {dagbag.py:538} INFO - Filling up the DagBag from /home/airflow/.local/lib/python3.8/site-packages/airflow/example_dags/example_branch_day_of_week_operator.py
[2024-02-14T16:17:21.749+0000] {processor.py:840} INFO - DAG(s) 'example_weekday_branch_operator' retrieved from /home/airflow/.local/lib/python3.8/site-packages/airflow/example_dags/example_branch_day_of_week_operator.py
[2024-02-14T16:17:21.761+0000] {logging_mixin.py:188} INFO - [2024-02-14T16:17:21.761+0000] {dag.py:3033} INFO - Sync 1 DAGs
[2024-02-14T16:17:21.774+0000] {logging_mixin.py:188} INFO - [2024-02-14T16:17:21.773+0000] {dag.py:3820} INFO - Setting next_dagrun for example_weekday_branch_operator to 2024-02-13T00:00:00+00:00, run_after=2024-02-14T00:00:00+00:00
[2024-02-14T16:17:21.783+0000] {processor.py:183} INFO - Processing /home/airflow/.local/lib/python3.8/site-packages/airflow/example_dags/example_branch_day_of_week_operator.py took 0.042 seconds
[2024-02-14T16:17:51.987+0000] {processor.py:161} INFO - Started process (PID=1745) to work on /home/airflow/.local/lib/python3.8/site-packages/airflow/example_dags/example_branch_day_of_week_operator.py
[2024-02-14T16:17:51.988+0000] {processor.py:830} INFO - Processing file /home/airflow/.local/lib/python3.8/site-packages/airflow/example_dags/example_branch_day_of_week_operator.py for tasks to queue
[2024-02-14T16:17:51.989+0000] {logging_mixin.py:188} INFO - [2024-02-14T16:17:51.989+0000] {dagbag.py:538} INFO - Filling up the DagBag from /home/airflow/.local/lib/python3.8/site-packages/airflow/example_dags/example_branch_day_of_week_operator.py
[2024-02-14T16:17:51.994+0000] {processor.py:840} INFO - DAG(s) 'example_weekday_branch_operator' retrieved from /home/airflow/.local/lib/python3.8/site-packages/airflow/example_dags/example_branch_day_of_week_operator.py
[2024-02-14T16:17:52.007+0000] {logging_mixin.py:188} INFO - [2024-02-14T16:17:52.007+0000] {dag.py:3033} INFO - Sync 1 DAGs
[2024-02-14T16:17:52.019+0000] {logging_mixin.py:188} INFO - [2024-02-14T16:17:52.019+0000] {dag.py:3820} INFO - Setting next_dagrun for example_weekday_branch_operator to 2024-02-13T00:00:00+00:00, run_after=2024-02-14T00:00:00+00:00
[2024-02-14T16:17:52.028+0000] {processor.py:183} INFO - Processing /home/airflow/.local/lib/python3.8/site-packages/airflow/example_dags/example_branch_day_of_week_operator.py took 0.043 seconds
[2024-02-14T16:18:22.226+0000] {processor.py:161} INFO - Started process (PID=1802) to work on /home/airflow/.local/lib/python3.8/site-packages/airflow/example_dags/example_branch_day_of_week_operator.py
[2024-02-14T16:18:22.227+0000] {processor.py:830} INFO - Processing file /home/airflow/.local/lib/python3.8/site-packages/airflow/example_dags/example_branch_day_of_week_operator.py for tasks to queue
[2024-02-14T16:18:22.229+0000] {logging_mixin.py:188} INFO - [2024-02-14T16:18:22.229+0000] {dagbag.py:538} INFO - Filling up the DagBag from /home/airflow/.local/lib/python3.8/site-packages/airflow/example_dags/example_branch_day_of_week_operator.py
[2024-02-14T16:18:22.234+0000] {processor.py:840} INFO - DAG(s) 'example_weekday_branch_operator' retrieved from /home/airflow/.local/lib/python3.8/site-packages/airflow/example_dags/example_branch_day_of_week_operator.py
[2024-02-14T16:18:22.248+0000] {logging_mixin.py:188} INFO - [2024-02-14T16:18:22.248+0000] {dag.py:3033} INFO - Sync 1 DAGs
[2024-02-14T16:18:22.260+0000] {logging_mixin.py:188} INFO - [2024-02-14T16:18:22.260+0000] {dag.py:3820} INFO - Setting next_dagrun for example_weekday_branch_operator to 2024-02-13T00:00:00+00:00, run_after=2024-02-14T00:00:00+00:00
[2024-02-14T16:18:22.271+0000] {processor.py:183} INFO - Processing /home/airflow/.local/lib/python3.8/site-packages/airflow/example_dags/example_branch_day_of_week_operator.py took 0.047 seconds
[2024-02-14T16:18:52.450+0000] {processor.py:161} INFO - Started process (PID=1859) to work on /home/airflow/.local/lib/python3.8/site-packages/airflow/example_dags/example_branch_day_of_week_operator.py
[2024-02-14T16:18:52.450+0000] {processor.py:830} INFO - Processing file /home/airflow/.local/lib/python3.8/site-packages/airflow/example_dags/example_branch_day_of_week_operator.py for tasks to queue
[2024-02-14T16:18:52.452+0000] {logging_mixin.py:188} INFO - [2024-02-14T16:18:52.452+0000] {dagbag.py:538} INFO - Filling up the DagBag from /home/airflow/.local/lib/python3.8/site-packages/airflow/example_dags/example_branch_day_of_week_operator.py
[2024-02-14T16:18:52.457+0000] {processor.py:840} INFO - DAG(s) 'example_weekday_branch_operator' retrieved from /home/airflow/.local/lib/python3.8/site-packages/airflow/example_dags/example_branch_day_of_week_operator.py
[2024-02-14T16:18:52.471+0000] {logging_mixin.py:188} INFO - [2024-02-14T16:18:52.471+0000] {dag.py:3033} INFO - Sync 1 DAGs
[2024-02-14T16:18:52.485+0000] {logging_mixin.py:188} INFO - [2024-02-14T16:18:52.485+0000] {dag.py:3820} INFO - Setting next_dagrun for example_weekday_branch_operator to 2024-02-13T00:00:00+00:00, run_after=2024-02-14T00:00:00+00:00
[2024-02-14T16:18:52.497+0000] {processor.py:183} INFO - Processing /home/airflow/.local/lib/python3.8/site-packages/airflow/example_dags/example_branch_day_of_week_operator.py took 0.050 seconds
[2024-02-14T16:19:22.856+0000] {processor.py:161} INFO - Started process (PID=1916) to work on /home/airflow/.local/lib/python3.8/site-packages/airflow/example_dags/example_branch_day_of_week_operator.py
[2024-02-14T16:19:22.857+0000] {processor.py:830} INFO - Processing file /home/airflow/.local/lib/python3.8/site-packages/airflow/example_dags/example_branch_day_of_week_operator.py for tasks to queue
[2024-02-14T16:19:22.859+0000] {logging_mixin.py:188} INFO - [2024-02-14T16:19:22.858+0000] {dagbag.py:538} INFO - Filling up the DagBag from /home/airflow/.local/lib/python3.8/site-packages/airflow/example_dags/example_branch_day_of_week_operator.py
[2024-02-14T16:19:22.864+0000] {processor.py:840} INFO - DAG(s) 'example_weekday_branch_operator' retrieved from /home/airflow/.local/lib/python3.8/site-packages/airflow/example_dags/example_branch_day_of_week_operator.py
[2024-02-14T16:19:22.879+0000] {logging_mixin.py:188} INFO - [2024-02-14T16:19:22.878+0000] {dag.py:3033} INFO - Sync 1 DAGs
[2024-02-14T16:19:22.893+0000] {logging_mixin.py:188} INFO - [2024-02-14T16:19:22.892+0000] {dag.py:3820} INFO - Setting next_dagrun for example_weekday_branch_operator to 2024-02-13T00:00:00+00:00, run_after=2024-02-14T00:00:00+00:00
[2024-02-14T16:19:22.904+0000] {processor.py:183} INFO - Processing /home/airflow/.local/lib/python3.8/site-packages/airflow/example_dags/example_branch_day_of_week_operator.py took 0.050 seconds
[2024-02-14T16:19:53.012+0000] {processor.py:161} INFO - Started process (PID=1973) to work on /home/airflow/.local/lib/python3.8/site-packages/airflow/example_dags/example_branch_day_of_week_operator.py
[2024-02-14T16:19:53.013+0000] {processor.py:830} INFO - Processing file /home/airflow/.local/lib/python3.8/site-packages/airflow/example_dags/example_branch_day_of_week_operator.py for tasks to queue
[2024-02-14T16:19:53.014+0000] {logging_mixin.py:188} INFO - [2024-02-14T16:19:53.014+0000] {dagbag.py:538} INFO - Filling up the DagBag from /home/airflow/.local/lib/python3.8/site-packages/airflow/example_dags/example_branch_day_of_week_operator.py
[2024-02-14T16:19:53.019+0000] {processor.py:840} INFO - DAG(s) 'example_weekday_branch_operator' retrieved from /home/airflow/.local/lib/python3.8/site-packages/airflow/example_dags/example_branch_day_of_week_operator.py
[2024-02-14T16:19:53.031+0000] {logging_mixin.py:188} INFO - [2024-02-14T16:19:53.031+0000] {dag.py:3033} INFO - Sync 1 DAGs
[2024-02-14T16:19:53.044+0000] {logging_mixin.py:188} INFO - [2024-02-14T16:19:53.043+0000] {dag.py:3820} INFO - Setting next_dagrun for example_weekday_branch_operator to 2024-02-13T00:00:00+00:00, run_after=2024-02-14T00:00:00+00:00
[2024-02-14T16:19:53.053+0000] {processor.py:183} INFO - Processing /home/airflow/.local/lib/python3.8/site-packages/airflow/example_dags/example_branch_day_of_week_operator.py took 0.043 seconds
[2024-02-14T16:20:23.226+0000] {processor.py:161} INFO - Started process (PID=2030) to work on /home/airflow/.local/lib/python3.8/site-packages/airflow/example_dags/example_branch_day_of_week_operator.py
[2024-02-14T16:20:23.227+0000] {processor.py:830} INFO - Processing file /home/airflow/.local/lib/python3.8/site-packages/airflow/example_dags/example_branch_day_of_week_operator.py for tasks to queue
[2024-02-14T16:20:23.229+0000] {logging_mixin.py:188} INFO - [2024-02-14T16:20:23.228+0000] {dagbag.py:538} INFO - Filling up the DagBag from /home/airflow/.local/lib/python3.8/site-packages/airflow/example_dags/example_branch_day_of_week_operator.py
[2024-02-14T16:20:23.234+0000] {processor.py:840} INFO - DAG(s) 'example_weekday_branch_operator' retrieved from /home/airflow/.local/lib/python3.8/site-packages/airflow/example_dags/example_branch_day_of_week_operator.py
[2024-02-14T16:20:23.246+0000] {logging_mixin.py:188} INFO - [2024-02-14T16:20:23.246+0000] {dag.py:3033} INFO - Sync 1 DAGs
[2024-02-14T16:20:23.259+0000] {logging_mixin.py:188} INFO - [2024-02-14T16:20:23.259+0000] {dag.py:3820} INFO - Setting next_dagrun for example_weekday_branch_operator to 2024-02-13T00:00:00+00:00, run_after=2024-02-14T00:00:00+00:00
[2024-02-14T16:20:23.268+0000] {processor.py:183} INFO - Processing /home/airflow/.local/lib/python3.8/site-packages/airflow/example_dags/example_branch_day_of_week_operator.py took 0.044 seconds
[2024-02-14T16:20:53.622+0000] {processor.py:161} INFO - Started process (PID=2087) to work on /home/airflow/.local/lib/python3.8/site-packages/airflow/example_dags/example_branch_day_of_week_operator.py
[2024-02-14T16:20:53.622+0000] {processor.py:830} INFO - Processing file /home/airflow/.local/lib/python3.8/site-packages/airflow/example_dags/example_branch_day_of_week_operator.py for tasks to queue
[2024-02-14T16:20:53.624+0000] {logging_mixin.py:188} INFO - [2024-02-14T16:20:53.624+0000] {dagbag.py:538} INFO - Filling up the DagBag from /home/airflow/.local/lib/python3.8/site-packages/airflow/example_dags/example_branch_day_of_week_operator.py
[2024-02-14T16:20:53.629+0000] {processor.py:840} INFO - DAG(s) 'example_weekday_branch_operator' retrieved from /home/airflow/.local/lib/python3.8/site-packages/airflow/example_dags/example_branch_day_of_week_operator.py
[2024-02-14T16:20:53.642+0000] {logging_mixin.py:188} INFO - [2024-02-14T16:20:53.642+0000] {dag.py:3033} INFO - Sync 1 DAGs
[2024-02-14T16:20:53.654+0000] {logging_mixin.py:188} INFO - [2024-02-14T16:20:53.654+0000] {dag.py:3820} INFO - Setting next_dagrun for example_weekday_branch_operator to 2024-02-13T00:00:00+00:00, run_after=2024-02-14T00:00:00+00:00
[2024-02-14T16:20:53.663+0000] {processor.py:183} INFO - Processing /home/airflow/.local/lib/python3.8/site-packages/airflow/example_dags/example_branch_day_of_week_operator.py took 0.044 seconds
[2024-02-14T16:21:24.029+0000] {processor.py:161} INFO - Started process (PID=2144) to work on /home/airflow/.local/lib/python3.8/site-packages/airflow/example_dags/example_branch_day_of_week_operator.py
[2024-02-14T16:21:24.030+0000] {processor.py:830} INFO - Processing file /home/airflow/.local/lib/python3.8/site-packages/airflow/example_dags/example_branch_day_of_week_operator.py for tasks to queue
[2024-02-14T16:21:24.031+0000] {logging_mixin.py:188} INFO - [2024-02-14T16:21:24.031+0000] {dagbag.py:538} INFO - Filling up the DagBag from /home/airflow/.local/lib/python3.8/site-packages/airflow/example_dags/example_branch_day_of_week_operator.py
[2024-02-14T16:21:24.036+0000] {processor.py:840} INFO - DAG(s) 'example_weekday_branch_operator' retrieved from /home/airflow/.local/lib/python3.8/site-packages/airflow/example_dags/example_branch_day_of_week_operator.py
[2024-02-14T16:21:24.049+0000] {logging_mixin.py:188} INFO - [2024-02-14T16:21:24.048+0000] {dag.py:3033} INFO - Sync 1 DAGs
[2024-02-14T16:21:24.061+0000] {logging_mixin.py:188} INFO - [2024-02-14T16:21:24.061+0000] {dag.py:3820} INFO - Setting next_dagrun for example_weekday_branch_operator to 2024-02-13T00:00:00+00:00, run_after=2024-02-14T00:00:00+00:00
[2024-02-14T16:21:24.071+0000] {processor.py:183} INFO - Processing /home/airflow/.local/lib/python3.8/site-packages/airflow/example_dags/example_branch_day_of_week_operator.py took 0.044 seconds
[2024-02-14T16:21:54.487+0000] {processor.py:161} INFO - Started process (PID=2200) to work on /home/airflow/.local/lib/python3.8/site-packages/airflow/example_dags/example_branch_day_of_week_operator.py
[2024-02-14T16:21:54.488+0000] {processor.py:830} INFO - Processing file /home/airflow/.local/lib/python3.8/site-packages/airflow/example_dags/example_branch_day_of_week_operator.py for tasks to queue
[2024-02-14T16:21:54.490+0000] {logging_mixin.py:188} INFO - [2024-02-14T16:21:54.489+0000] {dagbag.py:538} INFO - Filling up the DagBag from /home/airflow/.local/lib/python3.8/site-packages/airflow/example_dags/example_branch_day_of_week_operator.py
[2024-02-14T16:21:54.495+0000] {processor.py:840} INFO - DAG(s) 'example_weekday_branch_operator' retrieved from /home/airflow/.local/lib/python3.8/site-packages/airflow/example_dags/example_branch_day_of_week_operator.py
[2024-02-14T16:21:54.507+0000] {logging_mixin.py:188} INFO - [2024-02-14T16:21:54.507+0000] {dag.py:3033} INFO - Sync 1 DAGs
[2024-02-14T16:21:54.520+0000] {logging_mixin.py:188} INFO - [2024-02-14T16:21:54.519+0000] {dag.py:3820} INFO - Setting next_dagrun for example_weekday_branch_operator to 2024-02-13T00:00:00+00:00, run_after=2024-02-14T00:00:00+00:00
[2024-02-14T16:21:54.529+0000] {processor.py:183} INFO - Processing /home/airflow/.local/lib/python3.8/site-packages/airflow/example_dags/example_branch_day_of_week_operator.py took 0.044 seconds
[2024-02-14T16:22:25.580+0000] {processor.py:161} INFO - Started process (PID=2257) to work on /home/airflow/.local/lib/python3.8/site-packages/airflow/example_dags/example_branch_day_of_week_operator.py
[2024-02-14T16:22:25.581+0000] {processor.py:830} INFO - Processing file /home/airflow/.local/lib/python3.8/site-packages/airflow/example_dags/example_branch_day_of_week_operator.py for tasks to queue
[2024-02-14T16:22:25.582+0000] {logging_mixin.py:188} INFO - [2024-02-14T16:22:25.582+0000] {dagbag.py:538} INFO - Filling up the DagBag from /home/airflow/.local/lib/python3.8/site-packages/airflow/example_dags/example_branch_day_of_week_operator.py
[2024-02-14T16:22:25.587+0000] {processor.py:840} INFO - DAG(s) 'example_weekday_branch_operator' retrieved from /home/airflow/.local/lib/python3.8/site-packages/airflow/example_dags/example_branch_day_of_week_operator.py
[2024-02-14T16:22:25.601+0000] {logging_mixin.py:188} INFO - [2024-02-14T16:22:25.601+0000] {dag.py:3033} INFO - Sync 1 DAGs
[2024-02-14T16:22:25.613+0000] {logging_mixin.py:188} INFO - [2024-02-14T16:22:25.613+0000] {dag.py:3820} INFO - Setting next_dagrun for example_weekday_branch_operator to 2024-02-13T00:00:00+00:00, run_after=2024-02-14T00:00:00+00:00
[2024-02-14T16:22:25.625+0000] {processor.py:183} INFO - Processing /home/airflow/.local/lib/python3.8/site-packages/airflow/example_dags/example_branch_day_of_week_operator.py took 0.047 seconds
[2024-02-14T16:22:56.671+0000] {processor.py:161} INFO - Started process (PID=2314) to work on /home/airflow/.local/lib/python3.8/site-packages/airflow/example_dags/example_branch_day_of_week_operator.py
[2024-02-14T16:22:56.672+0000] {processor.py:830} INFO - Processing file /home/airflow/.local/lib/python3.8/site-packages/airflow/example_dags/example_branch_day_of_week_operator.py for tasks to queue
[2024-02-14T16:22:56.674+0000] {logging_mixin.py:188} INFO - [2024-02-14T16:22:56.674+0000] {dagbag.py:538} INFO - Filling up the DagBag from /home/airflow/.local/lib/python3.8/site-packages/airflow/example_dags/example_branch_day_of_week_operator.py
[2024-02-14T16:22:56.678+0000] {processor.py:840} INFO - DAG(s) 'example_weekday_branch_operator' retrieved from /home/airflow/.local/lib/python3.8/site-packages/airflow/example_dags/example_branch_day_of_week_operator.py
[2024-02-14T16:22:56.787+0000] {logging_mixin.py:188} INFO - [2024-02-14T16:22:56.787+0000] {dag.py:3033} INFO - Sync 1 DAGs
[2024-02-14T16:22:56.798+0000] {logging_mixin.py:188} INFO - [2024-02-14T16:22:56.798+0000] {dag.py:3820} INFO - Setting next_dagrun for example_weekday_branch_operator to 2024-02-13T00:00:00+00:00, run_after=2024-02-14T00:00:00+00:00
[2024-02-14T16:22:56.807+0000] {processor.py:183} INFO - Processing /home/airflow/.local/lib/python3.8/site-packages/airflow/example_dags/example_branch_day_of_week_operator.py took 0.138 seconds
[2024-02-14T16:23:27.034+0000] {processor.py:161} INFO - Started process (PID=2371) to work on /home/airflow/.local/lib/python3.8/site-packages/airflow/example_dags/example_branch_day_of_week_operator.py
[2024-02-14T16:23:27.035+0000] {processor.py:830} INFO - Processing file /home/airflow/.local/lib/python3.8/site-packages/airflow/example_dags/example_branch_day_of_week_operator.py for tasks to queue
[2024-02-14T16:23:27.037+0000] {logging_mixin.py:188} INFO - [2024-02-14T16:23:27.036+0000] {dagbag.py:538} INFO - Filling up the DagBag from /home/airflow/.local/lib/python3.8/site-packages/airflow/example_dags/example_branch_day_of_week_operator.py
[2024-02-14T16:23:27.042+0000] {processor.py:840} INFO - DAG(s) 'example_weekday_branch_operator' retrieved from /home/airflow/.local/lib/python3.8/site-packages/airflow/example_dags/example_branch_day_of_week_operator.py
[2024-02-14T16:23:27.055+0000] {logging_mixin.py:188} INFO - [2024-02-14T16:23:27.055+0000] {dag.py:3033} INFO - Sync 1 DAGs
[2024-02-14T16:23:27.067+0000] {logging_mixin.py:188} INFO - [2024-02-14T16:23:27.067+0000] {dag.py:3820} INFO - Setting next_dagrun for example_weekday_branch_operator to 2024-02-13T00:00:00+00:00, run_after=2024-02-14T00:00:00+00:00
[2024-02-14T16:23:27.077+0000] {processor.py:183} INFO - Processing /home/airflow/.local/lib/python3.8/site-packages/airflow/example_dags/example_branch_day_of_week_operator.py took 0.045 seconds
[2024-02-14T16:23:57.384+0000] {processor.py:161} INFO - Started process (PID=2428) to work on /home/airflow/.local/lib/python3.8/site-packages/airflow/example_dags/example_branch_day_of_week_operator.py
[2024-02-14T16:23:57.384+0000] {processor.py:830} INFO - Processing file /home/airflow/.local/lib/python3.8/site-packages/airflow/example_dags/example_branch_day_of_week_operator.py for tasks to queue
[2024-02-14T16:23:57.386+0000] {logging_mixin.py:188} INFO - [2024-02-14T16:23:57.386+0000] {dagbag.py:538} INFO - Filling up the DagBag from /home/airflow/.local/lib/python3.8/site-packages/airflow/example_dags/example_branch_day_of_week_operator.py
[2024-02-14T16:23:57.391+0000] {processor.py:840} INFO - DAG(s) 'example_weekday_branch_operator' retrieved from /home/airflow/.local/lib/python3.8/site-packages/airflow/example_dags/example_branch_day_of_week_operator.py
[2024-02-14T16:23:57.404+0000] {logging_mixin.py:188} INFO - [2024-02-14T16:23:57.403+0000] {dag.py:3033} INFO - Sync 1 DAGs
[2024-02-14T16:23:57.415+0000] {logging_mixin.py:188} INFO - [2024-02-14T16:23:57.415+0000] {dag.py:3820} INFO - Setting next_dagrun for example_weekday_branch_operator to 2024-02-13T00:00:00+00:00, run_after=2024-02-14T00:00:00+00:00
[2024-02-14T16:23:57.424+0000] {processor.py:183} INFO - Processing /home/airflow/.local/lib/python3.8/site-packages/airflow/example_dags/example_branch_day_of_week_operator.py took 0.042 seconds
[2024-02-14T16:24:27.592+0000] {processor.py:161} INFO - Started process (PID=2485) to work on /home/airflow/.local/lib/python3.8/site-packages/airflow/example_dags/example_branch_day_of_week_operator.py
[2024-02-14T16:24:27.593+0000] {processor.py:830} INFO - Processing file /home/airflow/.local/lib/python3.8/site-packages/airflow/example_dags/example_branch_day_of_week_operator.py for tasks to queue
[2024-02-14T16:24:27.594+0000] {logging_mixin.py:188} INFO - [2024-02-14T16:24:27.594+0000] {dagbag.py:538} INFO - Filling up the DagBag from /home/airflow/.local/lib/python3.8/site-packages/airflow/example_dags/example_branch_day_of_week_operator.py
[2024-02-14T16:24:27.599+0000] {processor.py:840} INFO - DAG(s) 'example_weekday_branch_operator' retrieved from /home/airflow/.local/lib/python3.8/site-packages/airflow/example_dags/example_branch_day_of_week_operator.py
[2024-02-14T16:24:27.613+0000] {logging_mixin.py:188} INFO - [2024-02-14T16:24:27.612+0000] {dag.py:3033} INFO - Sync 1 DAGs
[2024-02-14T16:24:27.625+0000] {logging_mixin.py:188} INFO - [2024-02-14T16:24:27.625+0000] {dag.py:3820} INFO - Setting next_dagrun for example_weekday_branch_operator to 2024-02-13T00:00:00+00:00, run_after=2024-02-14T00:00:00+00:00
[2024-02-14T16:24:27.634+0000] {processor.py:183} INFO - Processing /home/airflow/.local/lib/python3.8/site-packages/airflow/example_dags/example_branch_day_of_week_operator.py took 0.044 seconds
