[2024-02-14T16:03:08.909+0000] {processor.py:161} INFO - Started process (PID=98) to work on /home/airflow/.local/lib/python3.8/site-packages/airflow/example_dags/example_latest_only_with_trigger.py
[2024-02-14T16:03:08.910+0000] {processor.py:830} INFO - Processing file /home/airflow/.local/lib/python3.8/site-packages/airflow/example_dags/example_latest_only_with_trigger.py for tasks to queue
[2024-02-14T16:03:08.913+0000] {logging_mixin.py:188} INFO - [2024-02-14T16:03:08.913+0000] {dagbag.py:538} INFO - Filling up the DagBag from /home/airflow/.local/lib/python3.8/site-packages/airflow/example_dags/example_latest_only_with_trigger.py
[2024-02-14T16:03:08.919+0000] {processor.py:840} INFO - DAG(s) 'latest_only_with_trigger' retrieved from /home/airflow/.local/lib/python3.8/site-packages/airflow/example_dags/example_latest_only_with_trigger.py
[2024-02-14T16:03:08.930+0000] {logging_mixin.py:188} INFO - [2024-02-14T16:03:08.930+0000] {dag.py:3033} INFO - Sync 1 DAGs
[2024-02-14T16:03:08.945+0000] {logging_mixin.py:188} INFO - [2024-02-14T16:03:08.945+0000] {dag.py:3820} INFO - Setting next_dagrun for latest_only_with_trigger to 2024-02-14T12:00:00+00:00, run_after=2024-02-14T16:00:00+00:00
[2024-02-14T16:03:08.961+0000] {processor.py:183} INFO - Processing /home/airflow/.local/lib/python3.8/site-packages/airflow/example_dags/example_latest_only_with_trigger.py took 0.059 seconds
[2024-02-14T16:03:39.705+0000] {processor.py:161} INFO - Started process (PID=155) to work on /home/airflow/.local/lib/python3.8/site-packages/airflow/example_dags/example_latest_only_with_trigger.py
[2024-02-14T16:03:39.706+0000] {processor.py:830} INFO - Processing file /home/airflow/.local/lib/python3.8/site-packages/airflow/example_dags/example_latest_only_with_trigger.py for tasks to queue
[2024-02-14T16:03:39.707+0000] {logging_mixin.py:188} INFO - [2024-02-14T16:03:39.707+0000] {dagbag.py:538} INFO - Filling up the DagBag from /home/airflow/.local/lib/python3.8/site-packages/airflow/example_dags/example_latest_only_with_trigger.py
[2024-02-14T16:03:39.711+0000] {processor.py:840} INFO - DAG(s) 'latest_only_with_trigger' retrieved from /home/airflow/.local/lib/python3.8/site-packages/airflow/example_dags/example_latest_only_with_trigger.py
[2024-02-14T16:03:39.763+0000] {logging_mixin.py:188} INFO - [2024-02-14T16:03:39.763+0000] {dag.py:3033} INFO - Sync 1 DAGs
[2024-02-14T16:03:39.773+0000] {logging_mixin.py:188} INFO - [2024-02-14T16:03:39.773+0000] {dag.py:3820} INFO - Setting next_dagrun for latest_only_with_trigger to 2024-02-14T12:00:00+00:00, run_after=2024-02-14T16:00:00+00:00
[2024-02-14T16:03:39.783+0000] {processor.py:183} INFO - Processing /home/airflow/.local/lib/python3.8/site-packages/airflow/example_dags/example_latest_only_with_trigger.py took 0.080 seconds
[2024-02-14T16:04:09.840+0000] {processor.py:161} INFO - Started process (PID=212) to work on /home/airflow/.local/lib/python3.8/site-packages/airflow/example_dags/example_latest_only_with_trigger.py
[2024-02-14T16:04:09.841+0000] {processor.py:830} INFO - Processing file /home/airflow/.local/lib/python3.8/site-packages/airflow/example_dags/example_latest_only_with_trigger.py for tasks to queue
[2024-02-14T16:04:09.842+0000] {logging_mixin.py:188} INFO - [2024-02-14T16:04:09.842+0000] {dagbag.py:538} INFO - Filling up the DagBag from /home/airflow/.local/lib/python3.8/site-packages/airflow/example_dags/example_latest_only_with_trigger.py
[2024-02-14T16:04:09.846+0000] {processor.py:840} INFO - DAG(s) 'latest_only_with_trigger' retrieved from /home/airflow/.local/lib/python3.8/site-packages/airflow/example_dags/example_latest_only_with_trigger.py
[2024-02-14T16:04:09.862+0000] {logging_mixin.py:188} INFO - [2024-02-14T16:04:09.861+0000] {dag.py:3033} INFO - Sync 1 DAGs
[2024-02-14T16:04:09.874+0000] {logging_mixin.py:188} INFO - [2024-02-14T16:04:09.873+0000] {dag.py:3820} INFO - Setting next_dagrun for latest_only_with_trigger to 2024-02-14T12:00:00+00:00, run_after=2024-02-14T16:00:00+00:00
[2024-02-14T16:04:09.888+0000] {processor.py:183} INFO - Processing /home/airflow/.local/lib/python3.8/site-packages/airflow/example_dags/example_latest_only_with_trigger.py took 0.050 seconds
[2024-02-14T16:04:40.046+0000] {processor.py:161} INFO - Started process (PID=269) to work on /home/airflow/.local/lib/python3.8/site-packages/airflow/example_dags/example_latest_only_with_trigger.py
[2024-02-14T16:04:40.047+0000] {processor.py:830} INFO - Processing file /home/airflow/.local/lib/python3.8/site-packages/airflow/example_dags/example_latest_only_with_trigger.py for tasks to queue
[2024-02-14T16:04:40.048+0000] {logging_mixin.py:188} INFO - [2024-02-14T16:04:40.048+0000] {dagbag.py:538} INFO - Filling up the DagBag from /home/airflow/.local/lib/python3.8/site-packages/airflow/example_dags/example_latest_only_with_trigger.py
[2024-02-14T16:04:40.052+0000] {processor.py:840} INFO - DAG(s) 'latest_only_with_trigger' retrieved from /home/airflow/.local/lib/python3.8/site-packages/airflow/example_dags/example_latest_only_with_trigger.py
[2024-02-14T16:04:40.064+0000] {logging_mixin.py:188} INFO - [2024-02-14T16:04:40.064+0000] {dag.py:3033} INFO - Sync 1 DAGs
[2024-02-14T16:04:40.076+0000] {logging_mixin.py:188} INFO - [2024-02-14T16:04:40.076+0000] {dag.py:3820} INFO - Setting next_dagrun for latest_only_with_trigger to 2024-02-14T12:00:00+00:00, run_after=2024-02-14T16:00:00+00:00
[2024-02-14T16:04:40.085+0000] {processor.py:183} INFO - Processing /home/airflow/.local/lib/python3.8/site-packages/airflow/example_dags/example_latest_only_with_trigger.py took 0.042 seconds
[2024-02-14T16:05:10.272+0000] {processor.py:161} INFO - Started process (PID=326) to work on /home/airflow/.local/lib/python3.8/site-packages/airflow/example_dags/example_latest_only_with_trigger.py
[2024-02-14T16:05:10.273+0000] {processor.py:830} INFO - Processing file /home/airflow/.local/lib/python3.8/site-packages/airflow/example_dags/example_latest_only_with_trigger.py for tasks to queue
[2024-02-14T16:05:10.274+0000] {logging_mixin.py:188} INFO - [2024-02-14T16:05:10.274+0000] {dagbag.py:538} INFO - Filling up the DagBag from /home/airflow/.local/lib/python3.8/site-packages/airflow/example_dags/example_latest_only_with_trigger.py
[2024-02-14T16:05:10.278+0000] {processor.py:840} INFO - DAG(s) 'latest_only_with_trigger' retrieved from /home/airflow/.local/lib/python3.8/site-packages/airflow/example_dags/example_latest_only_with_trigger.py
[2024-02-14T16:05:10.290+0000] {logging_mixin.py:188} INFO - [2024-02-14T16:05:10.290+0000] {dag.py:3033} INFO - Sync 1 DAGs
[2024-02-14T16:05:10.300+0000] {logging_mixin.py:188} INFO - [2024-02-14T16:05:10.300+0000] {dag.py:3820} INFO - Setting next_dagrun for latest_only_with_trigger to 2024-02-14T12:00:00+00:00, run_after=2024-02-14T16:00:00+00:00
[2024-02-14T16:05:10.309+0000] {processor.py:183} INFO - Processing /home/airflow/.local/lib/python3.8/site-packages/airflow/example_dags/example_latest_only_with_trigger.py took 0.040 seconds
[2024-02-14T16:05:40.418+0000] {processor.py:161} INFO - Started process (PID=383) to work on /home/airflow/.local/lib/python3.8/site-packages/airflow/example_dags/example_latest_only_with_trigger.py
[2024-02-14T16:05:40.419+0000] {processor.py:830} INFO - Processing file /home/airflow/.local/lib/python3.8/site-packages/airflow/example_dags/example_latest_only_with_trigger.py for tasks to queue
[2024-02-14T16:05:40.420+0000] {logging_mixin.py:188} INFO - [2024-02-14T16:05:40.420+0000] {dagbag.py:538} INFO - Filling up the DagBag from /home/airflow/.local/lib/python3.8/site-packages/airflow/example_dags/example_latest_only_with_trigger.py
[2024-02-14T16:05:40.424+0000] {processor.py:840} INFO - DAG(s) 'latest_only_with_trigger' retrieved from /home/airflow/.local/lib/python3.8/site-packages/airflow/example_dags/example_latest_only_with_trigger.py
[2024-02-14T16:05:40.435+0000] {logging_mixin.py:188} INFO - [2024-02-14T16:05:40.435+0000] {dag.py:3033} INFO - Sync 1 DAGs
[2024-02-14T16:05:40.446+0000] {logging_mixin.py:188} INFO - [2024-02-14T16:05:40.445+0000] {dag.py:3820} INFO - Setting next_dagrun for latest_only_with_trigger to 2024-02-14T12:00:00+00:00, run_after=2024-02-14T16:00:00+00:00
[2024-02-14T16:05:40.454+0000] {processor.py:183} INFO - Processing /home/airflow/.local/lib/python3.8/site-packages/airflow/example_dags/example_latest_only_with_trigger.py took 0.038 seconds
[2024-02-14T16:06:10.737+0000] {processor.py:161} INFO - Started process (PID=440) to work on /home/airflow/.local/lib/python3.8/site-packages/airflow/example_dags/example_latest_only_with_trigger.py
[2024-02-14T16:06:10.738+0000] {processor.py:830} INFO - Processing file /home/airflow/.local/lib/python3.8/site-packages/airflow/example_dags/example_latest_only_with_trigger.py for tasks to queue
[2024-02-14T16:06:10.739+0000] {logging_mixin.py:188} INFO - [2024-02-14T16:06:10.739+0000] {dagbag.py:538} INFO - Filling up the DagBag from /home/airflow/.local/lib/python3.8/site-packages/airflow/example_dags/example_latest_only_with_trigger.py
[2024-02-14T16:06:10.743+0000] {processor.py:840} INFO - DAG(s) 'latest_only_with_trigger' retrieved from /home/airflow/.local/lib/python3.8/site-packages/airflow/example_dags/example_latest_only_with_trigger.py
[2024-02-14T16:06:10.756+0000] {logging_mixin.py:188} INFO - [2024-02-14T16:06:10.756+0000] {dag.py:3033} INFO - Sync 1 DAGs
[2024-02-14T16:06:10.768+0000] {logging_mixin.py:188} INFO - [2024-02-14T16:06:10.768+0000] {dag.py:3820} INFO - Setting next_dagrun for latest_only_with_trigger to 2024-02-14T12:00:00+00:00, run_after=2024-02-14T16:00:00+00:00
[2024-02-14T16:06:10.777+0000] {processor.py:183} INFO - Processing /home/airflow/.local/lib/python3.8/site-packages/airflow/example_dags/example_latest_only_with_trigger.py took 0.042 seconds
[2024-02-14T16:06:40.866+0000] {processor.py:161} INFO - Started process (PID=497) to work on /home/airflow/.local/lib/python3.8/site-packages/airflow/example_dags/example_latest_only_with_trigger.py
[2024-02-14T16:06:40.867+0000] {processor.py:830} INFO - Processing file /home/airflow/.local/lib/python3.8/site-packages/airflow/example_dags/example_latest_only_with_trigger.py for tasks to queue
[2024-02-14T16:06:40.868+0000] {logging_mixin.py:188} INFO - [2024-02-14T16:06:40.868+0000] {dagbag.py:538} INFO - Filling up the DagBag from /home/airflow/.local/lib/python3.8/site-packages/airflow/example_dags/example_latest_only_with_trigger.py
[2024-02-14T16:06:40.871+0000] {processor.py:840} INFO - DAG(s) 'latest_only_with_trigger' retrieved from /home/airflow/.local/lib/python3.8/site-packages/airflow/example_dags/example_latest_only_with_trigger.py
[2024-02-14T16:06:40.884+0000] {logging_mixin.py:188} INFO - [2024-02-14T16:06:40.883+0000] {dag.py:3033} INFO - Sync 1 DAGs
[2024-02-14T16:06:40.895+0000] {logging_mixin.py:188} INFO - [2024-02-14T16:06:40.895+0000] {dag.py:3820} INFO - Setting next_dagrun for latest_only_with_trigger to 2024-02-14T12:00:00+00:00, run_after=2024-02-14T16:00:00+00:00
[2024-02-14T16:06:40.904+0000] {processor.py:183} INFO - Processing /home/airflow/.local/lib/python3.8/site-packages/airflow/example_dags/example_latest_only_with_trigger.py took 0.040 seconds
[2024-02-14T16:07:11.037+0000] {processor.py:161} INFO - Started process (PID=554) to work on /home/airflow/.local/lib/python3.8/site-packages/airflow/example_dags/example_latest_only_with_trigger.py
[2024-02-14T16:07:11.037+0000] {processor.py:830} INFO - Processing file /home/airflow/.local/lib/python3.8/site-packages/airflow/example_dags/example_latest_only_with_trigger.py for tasks to queue
[2024-02-14T16:07:11.039+0000] {logging_mixin.py:188} INFO - [2024-02-14T16:07:11.039+0000] {dagbag.py:538} INFO - Filling up the DagBag from /home/airflow/.local/lib/python3.8/site-packages/airflow/example_dags/example_latest_only_with_trigger.py
[2024-02-14T16:07:11.042+0000] {processor.py:840} INFO - DAG(s) 'latest_only_with_trigger' retrieved from /home/airflow/.local/lib/python3.8/site-packages/airflow/example_dags/example_latest_only_with_trigger.py
[2024-02-14T16:07:11.055+0000] {logging_mixin.py:188} INFO - [2024-02-14T16:07:11.055+0000] {dag.py:3033} INFO - Sync 1 DAGs
[2024-02-14T16:07:11.066+0000] {logging_mixin.py:188} INFO - [2024-02-14T16:07:11.066+0000] {dag.py:3820} INFO - Setting next_dagrun for latest_only_with_trigger to 2024-02-14T12:00:00+00:00, run_after=2024-02-14T16:00:00+00:00
[2024-02-14T16:07:11.075+0000] {processor.py:183} INFO - Processing /home/airflow/.local/lib/python3.8/site-packages/airflow/example_dags/example_latest_only_with_trigger.py took 0.041 seconds
[2024-02-14T16:07:41.352+0000] {processor.py:161} INFO - Started process (PID=611) to work on /home/airflow/.local/lib/python3.8/site-packages/airflow/example_dags/example_latest_only_with_trigger.py
[2024-02-14T16:07:41.353+0000] {processor.py:830} INFO - Processing file /home/airflow/.local/lib/python3.8/site-packages/airflow/example_dags/example_latest_only_with_trigger.py for tasks to queue
[2024-02-14T16:07:41.354+0000] {logging_mixin.py:188} INFO - [2024-02-14T16:07:41.354+0000] {dagbag.py:538} INFO - Filling up the DagBag from /home/airflow/.local/lib/python3.8/site-packages/airflow/example_dags/example_latest_only_with_trigger.py
[2024-02-14T16:07:41.358+0000] {processor.py:840} INFO - DAG(s) 'latest_only_with_trigger' retrieved from /home/airflow/.local/lib/python3.8/site-packages/airflow/example_dags/example_latest_only_with_trigger.py
[2024-02-14T16:07:41.370+0000] {logging_mixin.py:188} INFO - [2024-02-14T16:07:41.370+0000] {dag.py:3033} INFO - Sync 1 DAGs
[2024-02-14T16:07:41.381+0000] {logging_mixin.py:188} INFO - [2024-02-14T16:07:41.381+0000] {dag.py:3820} INFO - Setting next_dagrun for latest_only_with_trigger to 2024-02-14T12:00:00+00:00, run_after=2024-02-14T16:00:00+00:00
[2024-02-14T16:07:41.390+0000] {processor.py:183} INFO - Processing /home/airflow/.local/lib/python3.8/site-packages/airflow/example_dags/example_latest_only_with_trigger.py took 0.040 seconds
[2024-02-14T16:08:11.613+0000] {processor.py:161} INFO - Started process (PID=668) to work on /home/airflow/.local/lib/python3.8/site-packages/airflow/example_dags/example_latest_only_with_trigger.py
[2024-02-14T16:08:11.613+0000] {processor.py:830} INFO - Processing file /home/airflow/.local/lib/python3.8/site-packages/airflow/example_dags/example_latest_only_with_trigger.py for tasks to queue
[2024-02-14T16:08:11.615+0000] {logging_mixin.py:188} INFO - [2024-02-14T16:08:11.615+0000] {dagbag.py:538} INFO - Filling up the DagBag from /home/airflow/.local/lib/python3.8/site-packages/airflow/example_dags/example_latest_only_with_trigger.py
[2024-02-14T16:08:11.618+0000] {processor.py:840} INFO - DAG(s) 'latest_only_with_trigger' retrieved from /home/airflow/.local/lib/python3.8/site-packages/airflow/example_dags/example_latest_only_with_trigger.py
[2024-02-14T16:08:11.631+0000] {logging_mixin.py:188} INFO - [2024-02-14T16:08:11.631+0000] {dag.py:3033} INFO - Sync 1 DAGs
[2024-02-14T16:08:11.642+0000] {logging_mixin.py:188} INFO - [2024-02-14T16:08:11.642+0000] {dag.py:3820} INFO - Setting next_dagrun for latest_only_with_trigger to 2024-02-14T12:00:00+00:00, run_after=2024-02-14T16:00:00+00:00
[2024-02-14T16:08:11.652+0000] {processor.py:183} INFO - Processing /home/airflow/.local/lib/python3.8/site-packages/airflow/example_dags/example_latest_only_with_trigger.py took 0.042 seconds
[2024-02-14T16:08:41.720+0000] {processor.py:161} INFO - Started process (PID=725) to work on /home/airflow/.local/lib/python3.8/site-packages/airflow/example_dags/example_latest_only_with_trigger.py
[2024-02-14T16:08:41.721+0000] {processor.py:830} INFO - Processing file /home/airflow/.local/lib/python3.8/site-packages/airflow/example_dags/example_latest_only_with_trigger.py for tasks to queue
[2024-02-14T16:08:41.723+0000] {logging_mixin.py:188} INFO - [2024-02-14T16:08:41.722+0000] {dagbag.py:538} INFO - Filling up the DagBag from /home/airflow/.local/lib/python3.8/site-packages/airflow/example_dags/example_latest_only_with_trigger.py
[2024-02-14T16:08:41.726+0000] {processor.py:840} INFO - DAG(s) 'latest_only_with_trigger' retrieved from /home/airflow/.local/lib/python3.8/site-packages/airflow/example_dags/example_latest_only_with_trigger.py
[2024-02-14T16:08:41.739+0000] {logging_mixin.py:188} INFO - [2024-02-14T16:08:41.739+0000] {dag.py:3033} INFO - Sync 1 DAGs
[2024-02-14T16:08:41.750+0000] {logging_mixin.py:188} INFO - [2024-02-14T16:08:41.750+0000] {dag.py:3820} INFO - Setting next_dagrun for latest_only_with_trigger to 2024-02-14T12:00:00+00:00, run_after=2024-02-14T16:00:00+00:00
[2024-02-14T16:08:41.759+0000] {processor.py:183} INFO - Processing /home/airflow/.local/lib/python3.8/site-packages/airflow/example_dags/example_latest_only_with_trigger.py took 0.040 seconds
[2024-02-14T16:09:12.863+0000] {processor.py:161} INFO - Started process (PID=782) to work on /home/airflow/.local/lib/python3.8/site-packages/airflow/example_dags/example_latest_only_with_trigger.py
[2024-02-14T16:09:12.864+0000] {processor.py:830} INFO - Processing file /home/airflow/.local/lib/python3.8/site-packages/airflow/example_dags/example_latest_only_with_trigger.py for tasks to queue
[2024-02-14T16:09:12.866+0000] {logging_mixin.py:188} INFO - [2024-02-14T16:09:12.865+0000] {dagbag.py:538} INFO - Filling up the DagBag from /home/airflow/.local/lib/python3.8/site-packages/airflow/example_dags/example_latest_only_with_trigger.py
[2024-02-14T16:09:12.869+0000] {processor.py:840} INFO - DAG(s) 'latest_only_with_trigger' retrieved from /home/airflow/.local/lib/python3.8/site-packages/airflow/example_dags/example_latest_only_with_trigger.py
[2024-02-14T16:09:12.882+0000] {logging_mixin.py:188} INFO - [2024-02-14T16:09:12.882+0000] {dag.py:3033} INFO - Sync 1 DAGs
[2024-02-14T16:09:12.894+0000] {logging_mixin.py:188} INFO - [2024-02-14T16:09:12.894+0000] {dag.py:3820} INFO - Setting next_dagrun for latest_only_with_trigger to 2024-02-14T12:00:00+00:00, run_after=2024-02-14T16:00:00+00:00
[2024-02-14T16:09:12.903+0000] {processor.py:183} INFO - Processing /home/airflow/.local/lib/python3.8/site-packages/airflow/example_dags/example_latest_only_with_trigger.py took 0.043 seconds
[2024-02-14T16:09:43.837+0000] {processor.py:161} INFO - Started process (PID=839) to work on /home/airflow/.local/lib/python3.8/site-packages/airflow/example_dags/example_latest_only_with_trigger.py
[2024-02-14T16:09:43.838+0000] {processor.py:830} INFO - Processing file /home/airflow/.local/lib/python3.8/site-packages/airflow/example_dags/example_latest_only_with_trigger.py for tasks to queue
[2024-02-14T16:09:43.840+0000] {logging_mixin.py:188} INFO - [2024-02-14T16:09:43.840+0000] {dagbag.py:538} INFO - Filling up the DagBag from /home/airflow/.local/lib/python3.8/site-packages/airflow/example_dags/example_latest_only_with_trigger.py
[2024-02-14T16:09:43.844+0000] {processor.py:840} INFO - DAG(s) 'latest_only_with_trigger' retrieved from /home/airflow/.local/lib/python3.8/site-packages/airflow/example_dags/example_latest_only_with_trigger.py
[2024-02-14T16:09:43.858+0000] {logging_mixin.py:188} INFO - [2024-02-14T16:09:43.858+0000] {dag.py:3033} INFO - Sync 1 DAGs
[2024-02-14T16:09:43.870+0000] {logging_mixin.py:188} INFO - [2024-02-14T16:09:43.870+0000] {dag.py:3820} INFO - Setting next_dagrun for latest_only_with_trigger to 2024-02-14T12:00:00+00:00, run_after=2024-02-14T16:00:00+00:00
[2024-02-14T16:09:43.880+0000] {processor.py:183} INFO - Processing /home/airflow/.local/lib/python3.8/site-packages/airflow/example_dags/example_latest_only_with_trigger.py took 0.045 seconds
[2024-02-14T16:10:14.131+0000] {processor.py:161} INFO - Started process (PID=896) to work on /home/airflow/.local/lib/python3.8/site-packages/airflow/example_dags/example_latest_only_with_trigger.py
[2024-02-14T16:10:14.132+0000] {processor.py:830} INFO - Processing file /home/airflow/.local/lib/python3.8/site-packages/airflow/example_dags/example_latest_only_with_trigger.py for tasks to queue
[2024-02-14T16:10:14.135+0000] {logging_mixin.py:188} INFO - [2024-02-14T16:10:14.135+0000] {dagbag.py:538} INFO - Filling up the DagBag from /home/airflow/.local/lib/python3.8/site-packages/airflow/example_dags/example_latest_only_with_trigger.py
[2024-02-14T16:10:14.139+0000] {processor.py:840} INFO - DAG(s) 'latest_only_with_trigger' retrieved from /home/airflow/.local/lib/python3.8/site-packages/airflow/example_dags/example_latest_only_with_trigger.py
[2024-02-14T16:10:14.152+0000] {logging_mixin.py:188} INFO - [2024-02-14T16:10:14.152+0000] {dag.py:3033} INFO - Sync 1 DAGs
[2024-02-14T16:10:14.164+0000] {logging_mixin.py:188} INFO - [2024-02-14T16:10:14.164+0000] {dag.py:3820} INFO - Setting next_dagrun for latest_only_with_trigger to 2024-02-14T12:00:00+00:00, run_after=2024-02-14T16:00:00+00:00
[2024-02-14T16:10:14.175+0000] {processor.py:183} INFO - Processing /home/airflow/.local/lib/python3.8/site-packages/airflow/example_dags/example_latest_only_with_trigger.py took 0.046 seconds
[2024-02-14T16:10:44.357+0000] {processor.py:161} INFO - Started process (PID=953) to work on /home/airflow/.local/lib/python3.8/site-packages/airflow/example_dags/example_latest_only_with_trigger.py
[2024-02-14T16:10:44.358+0000] {processor.py:830} INFO - Processing file /home/airflow/.local/lib/python3.8/site-packages/airflow/example_dags/example_latest_only_with_trigger.py for tasks to queue
[2024-02-14T16:10:44.359+0000] {logging_mixin.py:188} INFO - [2024-02-14T16:10:44.359+0000] {dagbag.py:538} INFO - Filling up the DagBag from /home/airflow/.local/lib/python3.8/site-packages/airflow/example_dags/example_latest_only_with_trigger.py
[2024-02-14T16:10:44.363+0000] {processor.py:840} INFO - DAG(s) 'latest_only_with_trigger' retrieved from /home/airflow/.local/lib/python3.8/site-packages/airflow/example_dags/example_latest_only_with_trigger.py
[2024-02-14T16:10:44.377+0000] {logging_mixin.py:188} INFO - [2024-02-14T16:10:44.377+0000] {dag.py:3033} INFO - Sync 1 DAGs
[2024-02-14T16:10:44.389+0000] {logging_mixin.py:188} INFO - [2024-02-14T16:10:44.389+0000] {dag.py:3820} INFO - Setting next_dagrun for latest_only_with_trigger to 2024-02-14T12:00:00+00:00, run_after=2024-02-14T16:00:00+00:00
[2024-02-14T16:10:44.399+0000] {processor.py:183} INFO - Processing /home/airflow/.local/lib/python3.8/site-packages/airflow/example_dags/example_latest_only_with_trigger.py took 0.045 seconds
[2024-02-14T16:11:14.505+0000] {processor.py:161} INFO - Started process (PID=1010) to work on /home/airflow/.local/lib/python3.8/site-packages/airflow/example_dags/example_latest_only_with_trigger.py
[2024-02-14T16:11:14.506+0000] {processor.py:830} INFO - Processing file /home/airflow/.local/lib/python3.8/site-packages/airflow/example_dags/example_latest_only_with_trigger.py for tasks to queue
[2024-02-14T16:11:14.508+0000] {logging_mixin.py:188} INFO - [2024-02-14T16:11:14.507+0000] {dagbag.py:538} INFO - Filling up the DagBag from /home/airflow/.local/lib/python3.8/site-packages/airflow/example_dags/example_latest_only_with_trigger.py
[2024-02-14T16:11:14.511+0000] {processor.py:840} INFO - DAG(s) 'latest_only_with_trigger' retrieved from /home/airflow/.local/lib/python3.8/site-packages/airflow/example_dags/example_latest_only_with_trigger.py
[2024-02-14T16:11:14.525+0000] {logging_mixin.py:188} INFO - [2024-02-14T16:11:14.525+0000] {dag.py:3033} INFO - Sync 1 DAGs
[2024-02-14T16:11:14.537+0000] {logging_mixin.py:188} INFO - [2024-02-14T16:11:14.537+0000] {dag.py:3820} INFO - Setting next_dagrun for latest_only_with_trigger to 2024-02-14T12:00:00+00:00, run_after=2024-02-14T16:00:00+00:00
[2024-02-14T16:11:14.547+0000] {processor.py:183} INFO - Processing /home/airflow/.local/lib/python3.8/site-packages/airflow/example_dags/example_latest_only_with_trigger.py took 0.044 seconds
[2024-02-14T16:11:44.794+0000] {processor.py:161} INFO - Started process (PID=1067) to work on /home/airflow/.local/lib/python3.8/site-packages/airflow/example_dags/example_latest_only_with_trigger.py
[2024-02-14T16:11:44.795+0000] {processor.py:830} INFO - Processing file /home/airflow/.local/lib/python3.8/site-packages/airflow/example_dags/example_latest_only_with_trigger.py for tasks to queue
[2024-02-14T16:11:44.796+0000] {logging_mixin.py:188} INFO - [2024-02-14T16:11:44.796+0000] {dagbag.py:538} INFO - Filling up the DagBag from /home/airflow/.local/lib/python3.8/site-packages/airflow/example_dags/example_latest_only_with_trigger.py
[2024-02-14T16:11:44.800+0000] {processor.py:840} INFO - DAG(s) 'latest_only_with_trigger' retrieved from /home/airflow/.local/lib/python3.8/site-packages/airflow/example_dags/example_latest_only_with_trigger.py
[2024-02-14T16:11:44.814+0000] {logging_mixin.py:188} INFO - [2024-02-14T16:11:44.813+0000] {dag.py:3033} INFO - Sync 1 DAGs
[2024-02-14T16:11:44.826+0000] {logging_mixin.py:188} INFO - [2024-02-14T16:11:44.826+0000] {dag.py:3820} INFO - Setting next_dagrun for latest_only_with_trigger to 2024-02-14T12:00:00+00:00, run_after=2024-02-14T16:00:00+00:00
[2024-02-14T16:11:44.837+0000] {processor.py:183} INFO - Processing /home/airflow/.local/lib/python3.8/site-packages/airflow/example_dags/example_latest_only_with_trigger.py took 0.046 seconds
[2024-02-14T16:12:15.005+0000] {processor.py:161} INFO - Started process (PID=1123) to work on /home/airflow/.local/lib/python3.8/site-packages/airflow/example_dags/example_latest_only_with_trigger.py
[2024-02-14T16:12:15.005+0000] {processor.py:830} INFO - Processing file /home/airflow/.local/lib/python3.8/site-packages/airflow/example_dags/example_latest_only_with_trigger.py for tasks to queue
[2024-02-14T16:12:15.007+0000] {logging_mixin.py:188} INFO - [2024-02-14T16:12:15.007+0000] {dagbag.py:538} INFO - Filling up the DagBag from /home/airflow/.local/lib/python3.8/site-packages/airflow/example_dags/example_latest_only_with_trigger.py
[2024-02-14T16:12:15.011+0000] {processor.py:840} INFO - DAG(s) 'latest_only_with_trigger' retrieved from /home/airflow/.local/lib/python3.8/site-packages/airflow/example_dags/example_latest_only_with_trigger.py
[2024-02-14T16:12:15.023+0000] {logging_mixin.py:188} INFO - [2024-02-14T16:12:15.023+0000] {dag.py:3033} INFO - Sync 1 DAGs
[2024-02-14T16:12:15.034+0000] {logging_mixin.py:188} INFO - [2024-02-14T16:12:15.034+0000] {dag.py:3820} INFO - Setting next_dagrun for latest_only_with_trigger to 2024-02-14T12:00:00+00:00, run_after=2024-02-14T16:00:00+00:00
[2024-02-14T16:12:15.044+0000] {processor.py:183} INFO - Processing /home/airflow/.local/lib/python3.8/site-packages/airflow/example_dags/example_latest_only_with_trigger.py took 0.042 seconds
[2024-02-14T16:12:45.183+0000] {processor.py:161} INFO - Started process (PID=1180) to work on /home/airflow/.local/lib/python3.8/site-packages/airflow/example_dags/example_latest_only_with_trigger.py
[2024-02-14T16:12:45.184+0000] {processor.py:830} INFO - Processing file /home/airflow/.local/lib/python3.8/site-packages/airflow/example_dags/example_latest_only_with_trigger.py for tasks to queue
[2024-02-14T16:12:45.186+0000] {logging_mixin.py:188} INFO - [2024-02-14T16:12:45.185+0000] {dagbag.py:538} INFO - Filling up the DagBag from /home/airflow/.local/lib/python3.8/site-packages/airflow/example_dags/example_latest_only_with_trigger.py
[2024-02-14T16:12:45.189+0000] {processor.py:840} INFO - DAG(s) 'latest_only_with_trigger' retrieved from /home/airflow/.local/lib/python3.8/site-packages/airflow/example_dags/example_latest_only_with_trigger.py
[2024-02-14T16:12:45.202+0000] {logging_mixin.py:188} INFO - [2024-02-14T16:12:45.202+0000] {dag.py:3033} INFO - Sync 1 DAGs
[2024-02-14T16:12:45.213+0000] {logging_mixin.py:188} INFO - [2024-02-14T16:12:45.213+0000] {dag.py:3820} INFO - Setting next_dagrun for latest_only_with_trigger to 2024-02-14T12:00:00+00:00, run_after=2024-02-14T16:00:00+00:00
[2024-02-14T16:12:45.223+0000] {processor.py:183} INFO - Processing /home/airflow/.local/lib/python3.8/site-packages/airflow/example_dags/example_latest_only_with_trigger.py took 0.042 seconds
[2024-02-14T16:13:16.259+0000] {processor.py:161} INFO - Started process (PID=1237) to work on /home/airflow/.local/lib/python3.8/site-packages/airflow/example_dags/example_latest_only_with_trigger.py
[2024-02-14T16:13:16.259+0000] {processor.py:830} INFO - Processing file /home/airflow/.local/lib/python3.8/site-packages/airflow/example_dags/example_latest_only_with_trigger.py for tasks to queue
[2024-02-14T16:13:16.261+0000] {logging_mixin.py:188} INFO - [2024-02-14T16:13:16.260+0000] {dagbag.py:538} INFO - Filling up the DagBag from /home/airflow/.local/lib/python3.8/site-packages/airflow/example_dags/example_latest_only_with_trigger.py
[2024-02-14T16:13:16.264+0000] {processor.py:840} INFO - DAG(s) 'latest_only_with_trigger' retrieved from /home/airflow/.local/lib/python3.8/site-packages/airflow/example_dags/example_latest_only_with_trigger.py
[2024-02-14T16:13:16.276+0000] {logging_mixin.py:188} INFO - [2024-02-14T16:13:16.276+0000] {dag.py:3033} INFO - Sync 1 DAGs
[2024-02-14T16:13:16.287+0000] {logging_mixin.py:188} INFO - [2024-02-14T16:13:16.287+0000] {dag.py:3820} INFO - Setting next_dagrun for latest_only_with_trigger to 2024-02-14T12:00:00+00:00, run_after=2024-02-14T16:00:00+00:00
[2024-02-14T16:13:16.296+0000] {processor.py:183} INFO - Processing /home/airflow/.local/lib/python3.8/site-packages/airflow/example_dags/example_latest_only_with_trigger.py took 0.040 seconds
[2024-02-14T16:13:46.601+0000] {processor.py:161} INFO - Started process (PID=1294) to work on /home/airflow/.local/lib/python3.8/site-packages/airflow/example_dags/example_latest_only_with_trigger.py
[2024-02-14T16:13:46.602+0000] {processor.py:830} INFO - Processing file /home/airflow/.local/lib/python3.8/site-packages/airflow/example_dags/example_latest_only_with_trigger.py for tasks to queue
[2024-02-14T16:13:46.603+0000] {logging_mixin.py:188} INFO - [2024-02-14T16:13:46.603+0000] {dagbag.py:538} INFO - Filling up the DagBag from /home/airflow/.local/lib/python3.8/site-packages/airflow/example_dags/example_latest_only_with_trigger.py
[2024-02-14T16:13:46.607+0000] {processor.py:840} INFO - DAG(s) 'latest_only_with_trigger' retrieved from /home/airflow/.local/lib/python3.8/site-packages/airflow/example_dags/example_latest_only_with_trigger.py
[2024-02-14T16:13:46.620+0000] {logging_mixin.py:188} INFO - [2024-02-14T16:13:46.619+0000] {dag.py:3033} INFO - Sync 1 DAGs
[2024-02-14T16:13:46.630+0000] {logging_mixin.py:188} INFO - [2024-02-14T16:13:46.630+0000] {dag.py:3820} INFO - Setting next_dagrun for latest_only_with_trigger to 2024-02-14T12:00:00+00:00, run_after=2024-02-14T16:00:00+00:00
[2024-02-14T16:13:46.639+0000] {processor.py:183} INFO - Processing /home/airflow/.local/lib/python3.8/site-packages/airflow/example_dags/example_latest_only_with_trigger.py took 0.040 seconds
[2024-02-14T16:14:17.765+0000] {processor.py:161} INFO - Started process (PID=1351) to work on /home/airflow/.local/lib/python3.8/site-packages/airflow/example_dags/example_latest_only_with_trigger.py
[2024-02-14T16:14:17.766+0000] {processor.py:830} INFO - Processing file /home/airflow/.local/lib/python3.8/site-packages/airflow/example_dags/example_latest_only_with_trigger.py for tasks to queue
[2024-02-14T16:14:17.767+0000] {logging_mixin.py:188} INFO - [2024-02-14T16:14:17.767+0000] {dagbag.py:538} INFO - Filling up the DagBag from /home/airflow/.local/lib/python3.8/site-packages/airflow/example_dags/example_latest_only_with_trigger.py
[2024-02-14T16:14:17.771+0000] {processor.py:840} INFO - DAG(s) 'latest_only_with_trigger' retrieved from /home/airflow/.local/lib/python3.8/site-packages/airflow/example_dags/example_latest_only_with_trigger.py
[2024-02-14T16:14:17.783+0000] {logging_mixin.py:188} INFO - [2024-02-14T16:14:17.783+0000] {dag.py:3033} INFO - Sync 1 DAGs
[2024-02-14T16:14:17.795+0000] {logging_mixin.py:188} INFO - [2024-02-14T16:14:17.795+0000] {dag.py:3820} INFO - Setting next_dagrun for latest_only_with_trigger to 2024-02-14T12:00:00+00:00, run_after=2024-02-14T16:00:00+00:00
[2024-02-14T16:14:17.804+0000] {processor.py:183} INFO - Processing /home/airflow/.local/lib/python3.8/site-packages/airflow/example_dags/example_latest_only_with_trigger.py took 0.041 seconds
[2024-02-14T16:14:47.949+0000] {processor.py:161} INFO - Started process (PID=1408) to work on /home/airflow/.local/lib/python3.8/site-packages/airflow/example_dags/example_latest_only_with_trigger.py
[2024-02-14T16:14:47.949+0000] {processor.py:830} INFO - Processing file /home/airflow/.local/lib/python3.8/site-packages/airflow/example_dags/example_latest_only_with_trigger.py for tasks to queue
[2024-02-14T16:14:47.951+0000] {logging_mixin.py:188} INFO - [2024-02-14T16:14:47.951+0000] {dagbag.py:538} INFO - Filling up the DagBag from /home/airflow/.local/lib/python3.8/site-packages/airflow/example_dags/example_latest_only_with_trigger.py
[2024-02-14T16:14:47.955+0000] {processor.py:840} INFO - DAG(s) 'latest_only_with_trigger' retrieved from /home/airflow/.local/lib/python3.8/site-packages/airflow/example_dags/example_latest_only_with_trigger.py
[2024-02-14T16:14:47.967+0000] {logging_mixin.py:188} INFO - [2024-02-14T16:14:47.967+0000] {dag.py:3033} INFO - Sync 1 DAGs
[2024-02-14T16:14:47.979+0000] {logging_mixin.py:188} INFO - [2024-02-14T16:14:47.979+0000] {dag.py:3820} INFO - Setting next_dagrun for latest_only_with_trigger to 2024-02-14T12:00:00+00:00, run_after=2024-02-14T16:00:00+00:00
[2024-02-14T16:14:47.989+0000] {processor.py:183} INFO - Processing /home/airflow/.local/lib/python3.8/site-packages/airflow/example_dags/example_latest_only_with_trigger.py took 0.042 seconds
[2024-02-14T16:15:19.076+0000] {processor.py:161} INFO - Started process (PID=1464) to work on /home/airflow/.local/lib/python3.8/site-packages/airflow/example_dags/example_latest_only_with_trigger.py
[2024-02-14T16:15:19.076+0000] {processor.py:830} INFO - Processing file /home/airflow/.local/lib/python3.8/site-packages/airflow/example_dags/example_latest_only_with_trigger.py for tasks to queue
[2024-02-14T16:15:19.078+0000] {logging_mixin.py:188} INFO - [2024-02-14T16:15:19.078+0000] {dagbag.py:538} INFO - Filling up the DagBag from /home/airflow/.local/lib/python3.8/site-packages/airflow/example_dags/example_latest_only_with_trigger.py
[2024-02-14T16:15:19.081+0000] {processor.py:840} INFO - DAG(s) 'latest_only_with_trigger' retrieved from /home/airflow/.local/lib/python3.8/site-packages/airflow/example_dags/example_latest_only_with_trigger.py
[2024-02-14T16:15:19.093+0000] {logging_mixin.py:188} INFO - [2024-02-14T16:15:19.093+0000] {dag.py:3033} INFO - Sync 1 DAGs
[2024-02-14T16:15:19.105+0000] {logging_mixin.py:188} INFO - [2024-02-14T16:15:19.105+0000] {dag.py:3820} INFO - Setting next_dagrun for latest_only_with_trigger to 2024-02-14T12:00:00+00:00, run_after=2024-02-14T16:00:00+00:00
[2024-02-14T16:15:19.114+0000] {processor.py:183} INFO - Processing /home/airflow/.local/lib/python3.8/site-packages/airflow/example_dags/example_latest_only_with_trigger.py took 0.041 seconds
[2024-02-14T16:15:49.494+0000] {processor.py:161} INFO - Started process (PID=1520) to work on /home/airflow/.local/lib/python3.8/site-packages/airflow/example_dags/example_latest_only_with_trigger.py
[2024-02-14T16:15:49.495+0000] {processor.py:830} INFO - Processing file /home/airflow/.local/lib/python3.8/site-packages/airflow/example_dags/example_latest_only_with_trigger.py for tasks to queue
[2024-02-14T16:15:49.496+0000] {logging_mixin.py:188} INFO - [2024-02-14T16:15:49.496+0000] {dagbag.py:538} INFO - Filling up the DagBag from /home/airflow/.local/lib/python3.8/site-packages/airflow/example_dags/example_latest_only_with_trigger.py
[2024-02-14T16:15:49.499+0000] {processor.py:840} INFO - DAG(s) 'latest_only_with_trigger' retrieved from /home/airflow/.local/lib/python3.8/site-packages/airflow/example_dags/example_latest_only_with_trigger.py
[2024-02-14T16:15:49.512+0000] {logging_mixin.py:188} INFO - [2024-02-14T16:15:49.511+0000] {dag.py:3033} INFO - Sync 1 DAGs
[2024-02-14T16:15:49.523+0000] {logging_mixin.py:188} INFO - [2024-02-14T16:15:49.523+0000] {dag.py:3820} INFO - Setting next_dagrun for latest_only_with_trigger to 2024-02-14T12:00:00+00:00, run_after=2024-02-14T16:00:00+00:00
[2024-02-14T16:15:49.532+0000] {processor.py:183} INFO - Processing /home/airflow/.local/lib/python3.8/site-packages/airflow/example_dags/example_latest_only_with_trigger.py took 0.040 seconds
[2024-02-14T16:16:20.537+0000] {processor.py:161} INFO - Started process (PID=1577) to work on /home/airflow/.local/lib/python3.8/site-packages/airflow/example_dags/example_latest_only_with_trigger.py
[2024-02-14T16:16:20.538+0000] {processor.py:830} INFO - Processing file /home/airflow/.local/lib/python3.8/site-packages/airflow/example_dags/example_latest_only_with_trigger.py for tasks to queue
[2024-02-14T16:16:20.540+0000] {logging_mixin.py:188} INFO - [2024-02-14T16:16:20.539+0000] {dagbag.py:538} INFO - Filling up the DagBag from /home/airflow/.local/lib/python3.8/site-packages/airflow/example_dags/example_latest_only_with_trigger.py
[2024-02-14T16:16:20.543+0000] {processor.py:840} INFO - DAG(s) 'latest_only_with_trigger' retrieved from /home/airflow/.local/lib/python3.8/site-packages/airflow/example_dags/example_latest_only_with_trigger.py
[2024-02-14T16:16:20.556+0000] {logging_mixin.py:188} INFO - [2024-02-14T16:16:20.556+0000] {dag.py:3033} INFO - Sync 1 DAGs
[2024-02-14T16:16:20.567+0000] {logging_mixin.py:188} INFO - [2024-02-14T16:16:20.567+0000] {dag.py:3820} INFO - Setting next_dagrun for latest_only_with_trigger to 2024-02-14T12:00:00+00:00, run_after=2024-02-14T16:00:00+00:00
[2024-02-14T16:16:20.577+0000] {processor.py:183} INFO - Processing /home/airflow/.local/lib/python3.8/site-packages/airflow/example_dags/example_latest_only_with_trigger.py took 0.042 seconds
[2024-02-14T16:16:51.581+0000] {processor.py:161} INFO - Started process (PID=1634) to work on /home/airflow/.local/lib/python3.8/site-packages/airflow/example_dags/example_latest_only_with_trigger.py
[2024-02-14T16:16:51.582+0000] {processor.py:830} INFO - Processing file /home/airflow/.local/lib/python3.8/site-packages/airflow/example_dags/example_latest_only_with_trigger.py for tasks to queue
[2024-02-14T16:16:51.583+0000] {logging_mixin.py:188} INFO - [2024-02-14T16:16:51.583+0000] {dagbag.py:538} INFO - Filling up the DagBag from /home/airflow/.local/lib/python3.8/site-packages/airflow/example_dags/example_latest_only_with_trigger.py
[2024-02-14T16:16:51.587+0000] {processor.py:840} INFO - DAG(s) 'latest_only_with_trigger' retrieved from /home/airflow/.local/lib/python3.8/site-packages/airflow/example_dags/example_latest_only_with_trigger.py
[2024-02-14T16:16:51.599+0000] {logging_mixin.py:188} INFO - [2024-02-14T16:16:51.598+0000] {dag.py:3033} INFO - Sync 1 DAGs
[2024-02-14T16:16:51.610+0000] {logging_mixin.py:188} INFO - [2024-02-14T16:16:51.610+0000] {dag.py:3820} INFO - Setting next_dagrun for latest_only_with_trigger to 2024-02-14T12:00:00+00:00, run_after=2024-02-14T16:00:00+00:00
[2024-02-14T16:16:51.619+0000] {processor.py:183} INFO - Processing /home/airflow/.local/lib/python3.8/site-packages/airflow/example_dags/example_latest_only_with_trigger.py took 0.040 seconds
[2024-02-14T16:17:21.833+0000] {processor.py:161} INFO - Started process (PID=1691) to work on /home/airflow/.local/lib/python3.8/site-packages/airflow/example_dags/example_latest_only_with_trigger.py
[2024-02-14T16:17:21.833+0000] {processor.py:830} INFO - Processing file /home/airflow/.local/lib/python3.8/site-packages/airflow/example_dags/example_latest_only_with_trigger.py for tasks to queue
[2024-02-14T16:17:21.835+0000] {logging_mixin.py:188} INFO - [2024-02-14T16:17:21.835+0000] {dagbag.py:538} INFO - Filling up the DagBag from /home/airflow/.local/lib/python3.8/site-packages/airflow/example_dags/example_latest_only_with_trigger.py
[2024-02-14T16:17:21.838+0000] {processor.py:840} INFO - DAG(s) 'latest_only_with_trigger' retrieved from /home/airflow/.local/lib/python3.8/site-packages/airflow/example_dags/example_latest_only_with_trigger.py
[2024-02-14T16:17:21.851+0000] {logging_mixin.py:188} INFO - [2024-02-14T16:17:21.851+0000] {dag.py:3033} INFO - Sync 1 DAGs
[2024-02-14T16:17:21.863+0000] {logging_mixin.py:188} INFO - [2024-02-14T16:17:21.863+0000] {dag.py:3820} INFO - Setting next_dagrun for latest_only_with_trigger to 2024-02-14T12:00:00+00:00, run_after=2024-02-14T16:00:00+00:00
[2024-02-14T16:17:21.872+0000] {processor.py:183} INFO - Processing /home/airflow/.local/lib/python3.8/site-packages/airflow/example_dags/example_latest_only_with_trigger.py took 0.042 seconds
[2024-02-14T16:17:52.076+0000] {processor.py:161} INFO - Started process (PID=1748) to work on /home/airflow/.local/lib/python3.8/site-packages/airflow/example_dags/example_latest_only_with_trigger.py
[2024-02-14T16:17:52.076+0000] {processor.py:830} INFO - Processing file /home/airflow/.local/lib/python3.8/site-packages/airflow/example_dags/example_latest_only_with_trigger.py for tasks to queue
[2024-02-14T16:17:52.078+0000] {logging_mixin.py:188} INFO - [2024-02-14T16:17:52.078+0000] {dagbag.py:538} INFO - Filling up the DagBag from /home/airflow/.local/lib/python3.8/site-packages/airflow/example_dags/example_latest_only_with_trigger.py
[2024-02-14T16:17:52.081+0000] {processor.py:840} INFO - DAG(s) 'latest_only_with_trigger' retrieved from /home/airflow/.local/lib/python3.8/site-packages/airflow/example_dags/example_latest_only_with_trigger.py
[2024-02-14T16:17:52.094+0000] {logging_mixin.py:188} INFO - [2024-02-14T16:17:52.094+0000] {dag.py:3033} INFO - Sync 1 DAGs
[2024-02-14T16:17:52.106+0000] {logging_mixin.py:188} INFO - [2024-02-14T16:17:52.106+0000] {dag.py:3820} INFO - Setting next_dagrun for latest_only_with_trigger to 2024-02-14T12:00:00+00:00, run_after=2024-02-14T16:00:00+00:00
[2024-02-14T16:17:52.115+0000] {processor.py:183} INFO - Processing /home/airflow/.local/lib/python3.8/site-packages/airflow/example_dags/example_latest_only_with_trigger.py took 0.042 seconds
[2024-02-14T16:18:22.295+0000] {processor.py:161} INFO - Started process (PID=1805) to work on /home/airflow/.local/lib/python3.8/site-packages/airflow/example_dags/example_latest_only_with_trigger.py
[2024-02-14T16:18:22.296+0000] {processor.py:830} INFO - Processing file /home/airflow/.local/lib/python3.8/site-packages/airflow/example_dags/example_latest_only_with_trigger.py for tasks to queue
[2024-02-14T16:18:22.297+0000] {logging_mixin.py:188} INFO - [2024-02-14T16:18:22.297+0000] {dagbag.py:538} INFO - Filling up the DagBag from /home/airflow/.local/lib/python3.8/site-packages/airflow/example_dags/example_latest_only_with_trigger.py
[2024-02-14T16:18:22.300+0000] {processor.py:840} INFO - DAG(s) 'latest_only_with_trigger' retrieved from /home/airflow/.local/lib/python3.8/site-packages/airflow/example_dags/example_latest_only_with_trigger.py
[2024-02-14T16:18:22.312+0000] {logging_mixin.py:188} INFO - [2024-02-14T16:18:22.312+0000] {dag.py:3033} INFO - Sync 1 DAGs
[2024-02-14T16:18:22.322+0000] {logging_mixin.py:188} INFO - [2024-02-14T16:18:22.322+0000] {dag.py:3820} INFO - Setting next_dagrun for latest_only_with_trigger to 2024-02-14T12:00:00+00:00, run_after=2024-02-14T16:00:00+00:00
[2024-02-14T16:18:22.332+0000] {processor.py:183} INFO - Processing /home/airflow/.local/lib/python3.8/site-packages/airflow/example_dags/example_latest_only_with_trigger.py took 0.039 seconds
[2024-02-14T16:18:52.625+0000] {processor.py:161} INFO - Started process (PID=1862) to work on /home/airflow/.local/lib/python3.8/site-packages/airflow/example_dags/example_latest_only_with_trigger.py
[2024-02-14T16:18:52.626+0000] {processor.py:830} INFO - Processing file /home/airflow/.local/lib/python3.8/site-packages/airflow/example_dags/example_latest_only_with_trigger.py for tasks to queue
[2024-02-14T16:18:52.628+0000] {logging_mixin.py:188} INFO - [2024-02-14T16:18:52.627+0000] {dagbag.py:538} INFO - Filling up the DagBag from /home/airflow/.local/lib/python3.8/site-packages/airflow/example_dags/example_latest_only_with_trigger.py
[2024-02-14T16:18:52.632+0000] {processor.py:840} INFO - DAG(s) 'latest_only_with_trigger' retrieved from /home/airflow/.local/lib/python3.8/site-packages/airflow/example_dags/example_latest_only_with_trigger.py
[2024-02-14T16:18:52.644+0000] {logging_mixin.py:188} INFO - [2024-02-14T16:18:52.644+0000] {dag.py:3033} INFO - Sync 1 DAGs
[2024-02-14T16:18:52.656+0000] {logging_mixin.py:188} INFO - [2024-02-14T16:18:52.656+0000] {dag.py:3820} INFO - Setting next_dagrun for latest_only_with_trigger to 2024-02-14T12:00:00+00:00, run_after=2024-02-14T16:00:00+00:00
[2024-02-14T16:18:52.666+0000] {processor.py:183} INFO - Processing /home/airflow/.local/lib/python3.8/site-packages/airflow/example_dags/example_latest_only_with_trigger.py took 0.043 seconds
[2024-02-14T16:19:22.958+0000] {processor.py:161} INFO - Started process (PID=1919) to work on /home/airflow/.local/lib/python3.8/site-packages/airflow/example_dags/example_latest_only_with_trigger.py
[2024-02-14T16:19:22.959+0000] {processor.py:830} INFO - Processing file /home/airflow/.local/lib/python3.8/site-packages/airflow/example_dags/example_latest_only_with_trigger.py for tasks to queue
[2024-02-14T16:19:22.960+0000] {logging_mixin.py:188} INFO - [2024-02-14T16:19:22.960+0000] {dagbag.py:538} INFO - Filling up the DagBag from /home/airflow/.local/lib/python3.8/site-packages/airflow/example_dags/example_latest_only_with_trigger.py
[2024-02-14T16:19:22.964+0000] {processor.py:840} INFO - DAG(s) 'latest_only_with_trigger' retrieved from /home/airflow/.local/lib/python3.8/site-packages/airflow/example_dags/example_latest_only_with_trigger.py
[2024-02-14T16:19:22.978+0000] {logging_mixin.py:188} INFO - [2024-02-14T16:19:22.978+0000] {dag.py:3033} INFO - Sync 1 DAGs
[2024-02-14T16:19:22.991+0000] {logging_mixin.py:188} INFO - [2024-02-14T16:19:22.991+0000] {dag.py:3820} INFO - Setting next_dagrun for latest_only_with_trigger to 2024-02-14T12:00:00+00:00, run_after=2024-02-14T16:00:00+00:00
[2024-02-14T16:19:23.001+0000] {processor.py:183} INFO - Processing /home/airflow/.local/lib/python3.8/site-packages/airflow/example_dags/example_latest_only_with_trigger.py took 0.046 seconds
[2024-02-14T16:19:53.115+0000] {processor.py:161} INFO - Started process (PID=1977) to work on /home/airflow/.local/lib/python3.8/site-packages/airflow/example_dags/example_latest_only_with_trigger.py
[2024-02-14T16:19:53.115+0000] {processor.py:830} INFO - Processing file /home/airflow/.local/lib/python3.8/site-packages/airflow/example_dags/example_latest_only_with_trigger.py for tasks to queue
[2024-02-14T16:19:53.117+0000] {logging_mixin.py:188} INFO - [2024-02-14T16:19:53.117+0000] {dagbag.py:538} INFO - Filling up the DagBag from /home/airflow/.local/lib/python3.8/site-packages/airflow/example_dags/example_latest_only_with_trigger.py
[2024-02-14T16:19:53.120+0000] {processor.py:840} INFO - DAG(s) 'latest_only_with_trigger' retrieved from /home/airflow/.local/lib/python3.8/site-packages/airflow/example_dags/example_latest_only_with_trigger.py
[2024-02-14T16:19:53.132+0000] {logging_mixin.py:188} INFO - [2024-02-14T16:19:53.132+0000] {dag.py:3033} INFO - Sync 1 DAGs
[2024-02-14T16:19:53.144+0000] {logging_mixin.py:188} INFO - [2024-02-14T16:19:53.144+0000] {dag.py:3820} INFO - Setting next_dagrun for latest_only_with_trigger to 2024-02-14T12:00:00+00:00, run_after=2024-02-14T16:00:00+00:00
[2024-02-14T16:19:53.154+0000] {processor.py:183} INFO - Processing /home/airflow/.local/lib/python3.8/site-packages/airflow/example_dags/example_latest_only_with_trigger.py took 0.041 seconds
[2024-02-14T16:20:23.315+0000] {processor.py:161} INFO - Started process (PID=2033) to work on /home/airflow/.local/lib/python3.8/site-packages/airflow/example_dags/example_latest_only_with_trigger.py
[2024-02-14T16:20:23.315+0000] {processor.py:830} INFO - Processing file /home/airflow/.local/lib/python3.8/site-packages/airflow/example_dags/example_latest_only_with_trigger.py for tasks to queue
[2024-02-14T16:20:23.317+0000] {logging_mixin.py:188} INFO - [2024-02-14T16:20:23.317+0000] {dagbag.py:538} INFO - Filling up the DagBag from /home/airflow/.local/lib/python3.8/site-packages/airflow/example_dags/example_latest_only_with_trigger.py
[2024-02-14T16:20:23.321+0000] {processor.py:840} INFO - DAG(s) 'latest_only_with_trigger' retrieved from /home/airflow/.local/lib/python3.8/site-packages/airflow/example_dags/example_latest_only_with_trigger.py
[2024-02-14T16:20:23.333+0000] {logging_mixin.py:188} INFO - [2024-02-14T16:20:23.333+0000] {dag.py:3033} INFO - Sync 1 DAGs
[2024-02-14T16:20:23.344+0000] {logging_mixin.py:188} INFO - [2024-02-14T16:20:23.344+0000] {dag.py:3820} INFO - Setting next_dagrun for latest_only_with_trigger to 2024-02-14T12:00:00+00:00, run_after=2024-02-14T16:00:00+00:00
[2024-02-14T16:20:23.354+0000] {processor.py:183} INFO - Processing /home/airflow/.local/lib/python3.8/site-packages/airflow/example_dags/example_latest_only_with_trigger.py took 0.041 seconds
[2024-02-14T16:20:53.720+0000] {processor.py:161} INFO - Started process (PID=2090) to work on /home/airflow/.local/lib/python3.8/site-packages/airflow/example_dags/example_latest_only_with_trigger.py
[2024-02-14T16:20:53.721+0000] {processor.py:830} INFO - Processing file /home/airflow/.local/lib/python3.8/site-packages/airflow/example_dags/example_latest_only_with_trigger.py for tasks to queue
[2024-02-14T16:20:53.722+0000] {logging_mixin.py:188} INFO - [2024-02-14T16:20:53.722+0000] {dagbag.py:538} INFO - Filling up the DagBag from /home/airflow/.local/lib/python3.8/site-packages/airflow/example_dags/example_latest_only_with_trigger.py
[2024-02-14T16:20:53.726+0000] {processor.py:840} INFO - DAG(s) 'latest_only_with_trigger' retrieved from /home/airflow/.local/lib/python3.8/site-packages/airflow/example_dags/example_latest_only_with_trigger.py
[2024-02-14T16:20:53.739+0000] {logging_mixin.py:188} INFO - [2024-02-14T16:20:53.739+0000] {dag.py:3033} INFO - Sync 1 DAGs
[2024-02-14T16:20:53.752+0000] {logging_mixin.py:188} INFO - [2024-02-14T16:20:53.752+0000] {dag.py:3820} INFO - Setting next_dagrun for latest_only_with_trigger to 2024-02-14T12:00:00+00:00, run_after=2024-02-14T16:00:00+00:00
[2024-02-14T16:20:53.763+0000] {processor.py:183} INFO - Processing /home/airflow/.local/lib/python3.8/site-packages/airflow/example_dags/example_latest_only_with_trigger.py took 0.046 seconds
[2024-02-14T16:21:24.137+0000] {processor.py:161} INFO - Started process (PID=2147) to work on /home/airflow/.local/lib/python3.8/site-packages/airflow/example_dags/example_latest_only_with_trigger.py
[2024-02-14T16:21:24.138+0000] {processor.py:830} INFO - Processing file /home/airflow/.local/lib/python3.8/site-packages/airflow/example_dags/example_latest_only_with_trigger.py for tasks to queue
[2024-02-14T16:21:24.139+0000] {logging_mixin.py:188} INFO - [2024-02-14T16:21:24.139+0000] {dagbag.py:538} INFO - Filling up the DagBag from /home/airflow/.local/lib/python3.8/site-packages/airflow/example_dags/example_latest_only_with_trigger.py
[2024-02-14T16:21:24.143+0000] {processor.py:840} INFO - DAG(s) 'latest_only_with_trigger' retrieved from /home/airflow/.local/lib/python3.8/site-packages/airflow/example_dags/example_latest_only_with_trigger.py
[2024-02-14T16:21:24.155+0000] {logging_mixin.py:188} INFO - [2024-02-14T16:21:24.155+0000] {dag.py:3033} INFO - Sync 1 DAGs
[2024-02-14T16:21:24.166+0000] {logging_mixin.py:188} INFO - [2024-02-14T16:21:24.166+0000] {dag.py:3820} INFO - Setting next_dagrun for latest_only_with_trigger to 2024-02-14T12:00:00+00:00, run_after=2024-02-14T16:00:00+00:00
[2024-02-14T16:21:24.176+0000] {processor.py:183} INFO - Processing /home/airflow/.local/lib/python3.8/site-packages/airflow/example_dags/example_latest_only_with_trigger.py took 0.041 seconds
[2024-02-14T16:21:54.580+0000] {processor.py:161} INFO - Started process (PID=2203) to work on /home/airflow/.local/lib/python3.8/site-packages/airflow/example_dags/example_latest_only_with_trigger.py
[2024-02-14T16:21:54.581+0000] {processor.py:830} INFO - Processing file /home/airflow/.local/lib/python3.8/site-packages/airflow/example_dags/example_latest_only_with_trigger.py for tasks to queue
[2024-02-14T16:21:54.582+0000] {logging_mixin.py:188} INFO - [2024-02-14T16:21:54.582+0000] {dagbag.py:538} INFO - Filling up the DagBag from /home/airflow/.local/lib/python3.8/site-packages/airflow/example_dags/example_latest_only_with_trigger.py
[2024-02-14T16:21:54.586+0000] {processor.py:840} INFO - DAG(s) 'latest_only_with_trigger' retrieved from /home/airflow/.local/lib/python3.8/site-packages/airflow/example_dags/example_latest_only_with_trigger.py
[2024-02-14T16:21:54.599+0000] {logging_mixin.py:188} INFO - [2024-02-14T16:21:54.599+0000] {dag.py:3033} INFO - Sync 1 DAGs
[2024-02-14T16:21:54.611+0000] {logging_mixin.py:188} INFO - [2024-02-14T16:21:54.611+0000] {dag.py:3820} INFO - Setting next_dagrun for latest_only_with_trigger to 2024-02-14T12:00:00+00:00, run_after=2024-02-14T16:00:00+00:00
[2024-02-14T16:21:54.621+0000] {processor.py:183} INFO - Processing /home/airflow/.local/lib/python3.8/site-packages/airflow/example_dags/example_latest_only_with_trigger.py took 0.044 seconds
[2024-02-14T16:22:25.685+0000] {processor.py:161} INFO - Started process (PID=2260) to work on /home/airflow/.local/lib/python3.8/site-packages/airflow/example_dags/example_latest_only_with_trigger.py
[2024-02-14T16:22:25.686+0000] {processor.py:830} INFO - Processing file /home/airflow/.local/lib/python3.8/site-packages/airflow/example_dags/example_latest_only_with_trigger.py for tasks to queue
[2024-02-14T16:22:25.688+0000] {logging_mixin.py:188} INFO - [2024-02-14T16:22:25.688+0000] {dagbag.py:538} INFO - Filling up the DagBag from /home/airflow/.local/lib/python3.8/site-packages/airflow/example_dags/example_latest_only_with_trigger.py
[2024-02-14T16:22:25.692+0000] {processor.py:840} INFO - DAG(s) 'latest_only_with_trigger' retrieved from /home/airflow/.local/lib/python3.8/site-packages/airflow/example_dags/example_latest_only_with_trigger.py
[2024-02-14T16:22:25.708+0000] {logging_mixin.py:188} INFO - [2024-02-14T16:22:25.708+0000] {dag.py:3033} INFO - Sync 1 DAGs
[2024-02-14T16:22:25.720+0000] {logging_mixin.py:188} INFO - [2024-02-14T16:22:25.720+0000] {dag.py:3820} INFO - Setting next_dagrun for latest_only_with_trigger to 2024-02-14T12:00:00+00:00, run_after=2024-02-14T16:00:00+00:00
[2024-02-14T16:22:25.733+0000] {processor.py:183} INFO - Processing /home/airflow/.local/lib/python3.8/site-packages/airflow/example_dags/example_latest_only_with_trigger.py took 0.050 seconds
[2024-02-14T16:22:56.964+0000] {processor.py:161} INFO - Started process (PID=2317) to work on /home/airflow/.local/lib/python3.8/site-packages/airflow/example_dags/example_latest_only_with_trigger.py
[2024-02-14T16:22:56.965+0000] {processor.py:830} INFO - Processing file /home/airflow/.local/lib/python3.8/site-packages/airflow/example_dags/example_latest_only_with_trigger.py for tasks to queue
[2024-02-14T16:22:56.966+0000] {logging_mixin.py:188} INFO - [2024-02-14T16:22:56.966+0000] {dagbag.py:538} INFO - Filling up the DagBag from /home/airflow/.local/lib/python3.8/site-packages/airflow/example_dags/example_latest_only_with_trigger.py
[2024-02-14T16:22:56.970+0000] {processor.py:840} INFO - DAG(s) 'latest_only_with_trigger' retrieved from /home/airflow/.local/lib/python3.8/site-packages/airflow/example_dags/example_latest_only_with_trigger.py
[2024-02-14T16:22:57.080+0000] {logging_mixin.py:188} INFO - [2024-02-14T16:22:57.080+0000] {dag.py:3033} INFO - Sync 1 DAGs
[2024-02-14T16:22:57.090+0000] {logging_mixin.py:188} INFO - [2024-02-14T16:22:57.090+0000] {dag.py:3820} INFO - Setting next_dagrun for latest_only_with_trigger to 2024-02-14T12:00:00+00:00, run_after=2024-02-14T16:00:00+00:00
[2024-02-14T16:22:57.102+0000] {processor.py:183} INFO - Processing /home/airflow/.local/lib/python3.8/site-packages/airflow/example_dags/example_latest_only_with_trigger.py took 0.140 seconds
[2024-02-14T16:23:27.147+0000] {processor.py:161} INFO - Started process (PID=2375) to work on /home/airflow/.local/lib/python3.8/site-packages/airflow/example_dags/example_latest_only_with_trigger.py
[2024-02-14T16:23:27.147+0000] {processor.py:830} INFO - Processing file /home/airflow/.local/lib/python3.8/site-packages/airflow/example_dags/example_latest_only_with_trigger.py for tasks to queue
[2024-02-14T16:23:27.149+0000] {logging_mixin.py:188} INFO - [2024-02-14T16:23:27.149+0000] {dagbag.py:538} INFO - Filling up the DagBag from /home/airflow/.local/lib/python3.8/site-packages/airflow/example_dags/example_latest_only_with_trigger.py
[2024-02-14T16:23:27.153+0000] {processor.py:840} INFO - DAG(s) 'latest_only_with_trigger' retrieved from /home/airflow/.local/lib/python3.8/site-packages/airflow/example_dags/example_latest_only_with_trigger.py
[2024-02-14T16:23:27.165+0000] {logging_mixin.py:188} INFO - [2024-02-14T16:23:27.165+0000] {dag.py:3033} INFO - Sync 1 DAGs
[2024-02-14T16:23:27.175+0000] {logging_mixin.py:188} INFO - [2024-02-14T16:23:27.175+0000] {dag.py:3820} INFO - Setting next_dagrun for latest_only_with_trigger to 2024-02-14T12:00:00+00:00, run_after=2024-02-14T16:00:00+00:00
[2024-02-14T16:23:27.183+0000] {processor.py:183} INFO - Processing /home/airflow/.local/lib/python3.8/site-packages/airflow/example_dags/example_latest_only_with_trigger.py took 0.039 seconds
[2024-02-14T16:23:57.492+0000] {processor.py:161} INFO - Started process (PID=2431) to work on /home/airflow/.local/lib/python3.8/site-packages/airflow/example_dags/example_latest_only_with_trigger.py
[2024-02-14T16:23:57.492+0000] {processor.py:830} INFO - Processing file /home/airflow/.local/lib/python3.8/site-packages/airflow/example_dags/example_latest_only_with_trigger.py for tasks to queue
[2024-02-14T16:23:57.494+0000] {logging_mixin.py:188} INFO - [2024-02-14T16:23:57.494+0000] {dagbag.py:538} INFO - Filling up the DagBag from /home/airflow/.local/lib/python3.8/site-packages/airflow/example_dags/example_latest_only_with_trigger.py
[2024-02-14T16:23:57.497+0000] {processor.py:840} INFO - DAG(s) 'latest_only_with_trigger' retrieved from /home/airflow/.local/lib/python3.8/site-packages/airflow/example_dags/example_latest_only_with_trigger.py
[2024-02-14T16:23:57.510+0000] {logging_mixin.py:188} INFO - [2024-02-14T16:23:57.510+0000] {dag.py:3033} INFO - Sync 1 DAGs
[2024-02-14T16:23:57.521+0000] {logging_mixin.py:188} INFO - [2024-02-14T16:23:57.521+0000] {dag.py:3820} INFO - Setting next_dagrun for latest_only_with_trigger to 2024-02-14T12:00:00+00:00, run_after=2024-02-14T16:00:00+00:00
[2024-02-14T16:23:57.531+0000] {processor.py:183} INFO - Processing /home/airflow/.local/lib/python3.8/site-packages/airflow/example_dags/example_latest_only_with_trigger.py took 0.041 seconds
[2024-02-14T16:24:27.696+0000] {processor.py:161} INFO - Started process (PID=2488) to work on /home/airflow/.local/lib/python3.8/site-packages/airflow/example_dags/example_latest_only_with_trigger.py
[2024-02-14T16:24:27.697+0000] {processor.py:830} INFO - Processing file /home/airflow/.local/lib/python3.8/site-packages/airflow/example_dags/example_latest_only_with_trigger.py for tasks to queue
[2024-02-14T16:24:27.699+0000] {logging_mixin.py:188} INFO - [2024-02-14T16:24:27.698+0000] {dagbag.py:538} INFO - Filling up the DagBag from /home/airflow/.local/lib/python3.8/site-packages/airflow/example_dags/example_latest_only_with_trigger.py
[2024-02-14T16:24:27.702+0000] {processor.py:840} INFO - DAG(s) 'latest_only_with_trigger' retrieved from /home/airflow/.local/lib/python3.8/site-packages/airflow/example_dags/example_latest_only_with_trigger.py
[2024-02-14T16:24:27.715+0000] {logging_mixin.py:188} INFO - [2024-02-14T16:24:27.715+0000] {dag.py:3033} INFO - Sync 1 DAGs
[2024-02-14T16:24:27.726+0000] {logging_mixin.py:188} INFO - [2024-02-14T16:24:27.726+0000] {dag.py:3820} INFO - Setting next_dagrun for latest_only_with_trigger to 2024-02-14T12:00:00+00:00, run_after=2024-02-14T16:00:00+00:00
[2024-02-14T16:24:27.735+0000] {processor.py:183} INFO - Processing /home/airflow/.local/lib/python3.8/site-packages/airflow/example_dags/example_latest_only_with_trigger.py took 0.041 seconds
