[2024-02-14T16:03:07.802+0000] {processor.py:161} INFO - Started process (PID=66) to work on /home/airflow/.local/lib/python3.8/site-packages/airflow/example_dags/example_python_operator.py
[2024-02-14T16:03:07.803+0000] {processor.py:830} INFO - Processing file /home/airflow/.local/lib/python3.8/site-packages/airflow/example_dags/example_python_operator.py for tasks to queue
[2024-02-14T16:03:07.805+0000] {logging_mixin.py:188} INFO - [2024-02-14T16:03:07.805+0000] {dagbag.py:538} INFO - Filling up the DagBag from /home/airflow/.local/lib/python3.8/site-packages/airflow/example_dags/example_python_operator.py
[2024-02-14T16:03:07.814+0000] {processor.py:840} INFO - DAG(s) 'example_python_operator' retrieved from /home/airflow/.local/lib/python3.8/site-packages/airflow/example_dags/example_python_operator.py
[2024-02-14T16:03:07.824+0000] {logging_mixin.py:188} INFO - [2024-02-14T16:03:07.824+0000] {dag.py:3033} INFO - Sync 1 DAGs
[2024-02-14T16:03:07.834+0000] {logging_mixin.py:188} INFO - [2024-02-14T16:03:07.834+0000] {dag.py:3820} INFO - Setting next_dagrun for example_python_operator to None, run_after=None
[2024-02-14T16:03:07.848+0000] {processor.py:183} INFO - Processing /home/airflow/.local/lib/python3.8/site-packages/airflow/example_dags/example_python_operator.py took 0.049 seconds
[2024-02-14T16:03:38.110+0000] {processor.py:161} INFO - Started process (PID=123) to work on /home/airflow/.local/lib/python3.8/site-packages/airflow/example_dags/example_python_operator.py
[2024-02-14T16:03:38.111+0000] {processor.py:830} INFO - Processing file /home/airflow/.local/lib/python3.8/site-packages/airflow/example_dags/example_python_operator.py for tasks to queue
[2024-02-14T16:03:38.113+0000] {logging_mixin.py:188} INFO - [2024-02-14T16:03:38.112+0000] {dagbag.py:538} INFO - Filling up the DagBag from /home/airflow/.local/lib/python3.8/site-packages/airflow/example_dags/example_python_operator.py
[2024-02-14T16:03:38.119+0000] {processor.py:840} INFO - DAG(s) 'example_python_operator' retrieved from /home/airflow/.local/lib/python3.8/site-packages/airflow/example_dags/example_python_operator.py
[2024-02-14T16:03:38.169+0000] {logging_mixin.py:188} INFO - [2024-02-14T16:03:38.169+0000] {dag.py:3033} INFO - Sync 1 DAGs
[2024-02-14T16:03:38.176+0000] {logging_mixin.py:188} INFO - [2024-02-14T16:03:38.176+0000] {dag.py:3820} INFO - Setting next_dagrun for example_python_operator to None, run_after=None
[2024-02-14T16:03:38.186+0000] {processor.py:183} INFO - Processing /home/airflow/.local/lib/python3.8/site-packages/airflow/example_dags/example_python_operator.py took 0.077 seconds
[2024-02-14T16:04:08.735+0000] {processor.py:161} INFO - Started process (PID=180) to work on /home/airflow/.local/lib/python3.8/site-packages/airflow/example_dags/example_python_operator.py
[2024-02-14T16:04:08.736+0000] {processor.py:830} INFO - Processing file /home/airflow/.local/lib/python3.8/site-packages/airflow/example_dags/example_python_operator.py for tasks to queue
[2024-02-14T16:04:08.737+0000] {logging_mixin.py:188} INFO - [2024-02-14T16:04:08.737+0000] {dagbag.py:538} INFO - Filling up the DagBag from /home/airflow/.local/lib/python3.8/site-packages/airflow/example_dags/example_python_operator.py
[2024-02-14T16:04:08.744+0000] {processor.py:840} INFO - DAG(s) 'example_python_operator' retrieved from /home/airflow/.local/lib/python3.8/site-packages/airflow/example_dags/example_python_operator.py
[2024-02-14T16:04:08.758+0000] {logging_mixin.py:188} INFO - [2024-02-14T16:04:08.758+0000] {dag.py:3033} INFO - Sync 1 DAGs
[2024-02-14T16:04:08.764+0000] {logging_mixin.py:188} INFO - [2024-02-14T16:04:08.764+0000] {dag.py:3820} INFO - Setting next_dagrun for example_python_operator to None, run_after=None
[2024-02-14T16:04:08.774+0000] {processor.py:183} INFO - Processing /home/airflow/.local/lib/python3.8/site-packages/airflow/example_dags/example_python_operator.py took 0.041 seconds
[2024-02-14T16:04:39.014+0000] {processor.py:161} INFO - Started process (PID=237) to work on /home/airflow/.local/lib/python3.8/site-packages/airflow/example_dags/example_python_operator.py
[2024-02-14T16:04:39.014+0000] {processor.py:830} INFO - Processing file /home/airflow/.local/lib/python3.8/site-packages/airflow/example_dags/example_python_operator.py for tasks to queue
[2024-02-14T16:04:39.016+0000] {logging_mixin.py:188} INFO - [2024-02-14T16:04:39.016+0000] {dagbag.py:538} INFO - Filling up the DagBag from /home/airflow/.local/lib/python3.8/site-packages/airflow/example_dags/example_python_operator.py
[2024-02-14T16:04:39.023+0000] {processor.py:840} INFO - DAG(s) 'example_python_operator' retrieved from /home/airflow/.local/lib/python3.8/site-packages/airflow/example_dags/example_python_operator.py
[2024-02-14T16:04:39.036+0000] {logging_mixin.py:188} INFO - [2024-02-14T16:04:39.036+0000] {dag.py:3033} INFO - Sync 1 DAGs
[2024-02-14T16:04:39.042+0000] {logging_mixin.py:188} INFO - [2024-02-14T16:04:39.042+0000] {dag.py:3820} INFO - Setting next_dagrun for example_python_operator to None, run_after=None
[2024-02-14T16:04:39.053+0000] {processor.py:183} INFO - Processing /home/airflow/.local/lib/python3.8/site-packages/airflow/example_dags/example_python_operator.py took 0.042 seconds
[2024-02-14T16:05:09.303+0000] {processor.py:161} INFO - Started process (PID=294) to work on /home/airflow/.local/lib/python3.8/site-packages/airflow/example_dags/example_python_operator.py
[2024-02-14T16:05:09.303+0000] {processor.py:830} INFO - Processing file /home/airflow/.local/lib/python3.8/site-packages/airflow/example_dags/example_python_operator.py for tasks to queue
[2024-02-14T16:05:09.305+0000] {logging_mixin.py:188} INFO - [2024-02-14T16:05:09.305+0000] {dagbag.py:538} INFO - Filling up the DagBag from /home/airflow/.local/lib/python3.8/site-packages/airflow/example_dags/example_python_operator.py
[2024-02-14T16:05:09.312+0000] {processor.py:840} INFO - DAG(s) 'example_python_operator' retrieved from /home/airflow/.local/lib/python3.8/site-packages/airflow/example_dags/example_python_operator.py
[2024-02-14T16:05:09.326+0000] {logging_mixin.py:188} INFO - [2024-02-14T16:05:09.326+0000] {dag.py:3033} INFO - Sync 1 DAGs
[2024-02-14T16:05:09.333+0000] {logging_mixin.py:188} INFO - [2024-02-14T16:05:09.333+0000] {dag.py:3820} INFO - Setting next_dagrun for example_python_operator to None, run_after=None
[2024-02-14T16:05:09.344+0000] {processor.py:183} INFO - Processing /home/airflow/.local/lib/python3.8/site-packages/airflow/example_dags/example_python_operator.py took 0.044 seconds
[2024-02-14T16:05:39.422+0000] {processor.py:161} INFO - Started process (PID=351) to work on /home/airflow/.local/lib/python3.8/site-packages/airflow/example_dags/example_python_operator.py
[2024-02-14T16:05:39.423+0000] {processor.py:830} INFO - Processing file /home/airflow/.local/lib/python3.8/site-packages/airflow/example_dags/example_python_operator.py for tasks to queue
[2024-02-14T16:05:39.425+0000] {logging_mixin.py:188} INFO - [2024-02-14T16:05:39.424+0000] {dagbag.py:538} INFO - Filling up the DagBag from /home/airflow/.local/lib/python3.8/site-packages/airflow/example_dags/example_python_operator.py
[2024-02-14T16:05:39.431+0000] {processor.py:840} INFO - DAG(s) 'example_python_operator' retrieved from /home/airflow/.local/lib/python3.8/site-packages/airflow/example_dags/example_python_operator.py
[2024-02-14T16:05:39.445+0000] {logging_mixin.py:188} INFO - [2024-02-14T16:05:39.445+0000] {dag.py:3033} INFO - Sync 1 DAGs
[2024-02-14T16:05:39.452+0000] {logging_mixin.py:188} INFO - [2024-02-14T16:05:39.452+0000] {dag.py:3820} INFO - Setting next_dagrun for example_python_operator to None, run_after=None
[2024-02-14T16:05:39.462+0000] {processor.py:183} INFO - Processing /home/airflow/.local/lib/python3.8/site-packages/airflow/example_dags/example_python_operator.py took 0.043 seconds
[2024-02-14T16:06:09.646+0000] {processor.py:161} INFO - Started process (PID=408) to work on /home/airflow/.local/lib/python3.8/site-packages/airflow/example_dags/example_python_operator.py
[2024-02-14T16:06:09.647+0000] {processor.py:830} INFO - Processing file /home/airflow/.local/lib/python3.8/site-packages/airflow/example_dags/example_python_operator.py for tasks to queue
[2024-02-14T16:06:09.648+0000] {logging_mixin.py:188} INFO - [2024-02-14T16:06:09.648+0000] {dagbag.py:538} INFO - Filling up the DagBag from /home/airflow/.local/lib/python3.8/site-packages/airflow/example_dags/example_python_operator.py
[2024-02-14T16:06:09.655+0000] {processor.py:840} INFO - DAG(s) 'example_python_operator' retrieved from /home/airflow/.local/lib/python3.8/site-packages/airflow/example_dags/example_python_operator.py
[2024-02-14T16:06:09.667+0000] {logging_mixin.py:188} INFO - [2024-02-14T16:06:09.667+0000] {dag.py:3033} INFO - Sync 1 DAGs
[2024-02-14T16:06:09.673+0000] {logging_mixin.py:188} INFO - [2024-02-14T16:06:09.673+0000] {dag.py:3820} INFO - Setting next_dagrun for example_python_operator to None, run_after=None
[2024-02-14T16:06:09.683+0000] {processor.py:183} INFO - Processing /home/airflow/.local/lib/python3.8/site-packages/airflow/example_dags/example_python_operator.py took 0.038 seconds
[2024-02-14T16:06:39.790+0000] {processor.py:161} INFO - Started process (PID=465) to work on /home/airflow/.local/lib/python3.8/site-packages/airflow/example_dags/example_python_operator.py
[2024-02-14T16:06:39.791+0000] {processor.py:830} INFO - Processing file /home/airflow/.local/lib/python3.8/site-packages/airflow/example_dags/example_python_operator.py for tasks to queue
[2024-02-14T16:06:39.792+0000] {logging_mixin.py:188} INFO - [2024-02-14T16:06:39.792+0000] {dagbag.py:538} INFO - Filling up the DagBag from /home/airflow/.local/lib/python3.8/site-packages/airflow/example_dags/example_python_operator.py
[2024-02-14T16:06:39.799+0000] {processor.py:840} INFO - DAG(s) 'example_python_operator' retrieved from /home/airflow/.local/lib/python3.8/site-packages/airflow/example_dags/example_python_operator.py
[2024-02-14T16:06:39.812+0000] {logging_mixin.py:188} INFO - [2024-02-14T16:06:39.812+0000] {dag.py:3033} INFO - Sync 1 DAGs
[2024-02-14T16:06:39.819+0000] {logging_mixin.py:188} INFO - [2024-02-14T16:06:39.819+0000] {dag.py:3820} INFO - Setting next_dagrun for example_python_operator to None, run_after=None
[2024-02-14T16:06:39.829+0000] {processor.py:183} INFO - Processing /home/airflow/.local/lib/python3.8/site-packages/airflow/example_dags/example_python_operator.py took 0.041 seconds
[2024-02-14T16:07:10.022+0000] {processor.py:161} INFO - Started process (PID=522) to work on /home/airflow/.local/lib/python3.8/site-packages/airflow/example_dags/example_python_operator.py
[2024-02-14T16:07:10.022+0000] {processor.py:830} INFO - Processing file /home/airflow/.local/lib/python3.8/site-packages/airflow/example_dags/example_python_operator.py for tasks to queue
[2024-02-14T16:07:10.024+0000] {logging_mixin.py:188} INFO - [2024-02-14T16:07:10.024+0000] {dagbag.py:538} INFO - Filling up the DagBag from /home/airflow/.local/lib/python3.8/site-packages/airflow/example_dags/example_python_operator.py
[2024-02-14T16:07:10.030+0000] {processor.py:840} INFO - DAG(s) 'example_python_operator' retrieved from /home/airflow/.local/lib/python3.8/site-packages/airflow/example_dags/example_python_operator.py
[2024-02-14T16:07:10.044+0000] {logging_mixin.py:188} INFO - [2024-02-14T16:07:10.044+0000] {dag.py:3033} INFO - Sync 1 DAGs
[2024-02-14T16:07:10.051+0000] {logging_mixin.py:188} INFO - [2024-02-14T16:07:10.051+0000] {dag.py:3820} INFO - Setting next_dagrun for example_python_operator to None, run_after=None
[2024-02-14T16:07:10.061+0000] {processor.py:183} INFO - Processing /home/airflow/.local/lib/python3.8/site-packages/airflow/example_dags/example_python_operator.py took 0.042 seconds
[2024-02-14T16:07:40.295+0000] {processor.py:161} INFO - Started process (PID=579) to work on /home/airflow/.local/lib/python3.8/site-packages/airflow/example_dags/example_python_operator.py
[2024-02-14T16:07:40.296+0000] {processor.py:830} INFO - Processing file /home/airflow/.local/lib/python3.8/site-packages/airflow/example_dags/example_python_operator.py for tasks to queue
[2024-02-14T16:07:40.297+0000] {logging_mixin.py:188} INFO - [2024-02-14T16:07:40.297+0000] {dagbag.py:538} INFO - Filling up the DagBag from /home/airflow/.local/lib/python3.8/site-packages/airflow/example_dags/example_python_operator.py
[2024-02-14T16:07:40.304+0000] {processor.py:840} INFO - DAG(s) 'example_python_operator' retrieved from /home/airflow/.local/lib/python3.8/site-packages/airflow/example_dags/example_python_operator.py
[2024-02-14T16:07:40.318+0000] {logging_mixin.py:188} INFO - [2024-02-14T16:07:40.318+0000] {dag.py:3033} INFO - Sync 1 DAGs
[2024-02-14T16:07:40.325+0000] {logging_mixin.py:188} INFO - [2024-02-14T16:07:40.325+0000] {dag.py:3820} INFO - Setting next_dagrun for example_python_operator to None, run_after=None
[2024-02-14T16:07:40.336+0000] {processor.py:183} INFO - Processing /home/airflow/.local/lib/python3.8/site-packages/airflow/example_dags/example_python_operator.py took 0.044 seconds
[2024-02-14T16:08:10.527+0000] {processor.py:161} INFO - Started process (PID=636) to work on /home/airflow/.local/lib/python3.8/site-packages/airflow/example_dags/example_python_operator.py
[2024-02-14T16:08:10.528+0000] {processor.py:830} INFO - Processing file /home/airflow/.local/lib/python3.8/site-packages/airflow/example_dags/example_python_operator.py for tasks to queue
[2024-02-14T16:08:10.530+0000] {logging_mixin.py:188} INFO - [2024-02-14T16:08:10.530+0000] {dagbag.py:538} INFO - Filling up the DagBag from /home/airflow/.local/lib/python3.8/site-packages/airflow/example_dags/example_python_operator.py
[2024-02-14T16:08:10.536+0000] {processor.py:840} INFO - DAG(s) 'example_python_operator' retrieved from /home/airflow/.local/lib/python3.8/site-packages/airflow/example_dags/example_python_operator.py
[2024-02-14T16:08:10.548+0000] {logging_mixin.py:188} INFO - [2024-02-14T16:08:10.548+0000] {dag.py:3033} INFO - Sync 1 DAGs
[2024-02-14T16:08:10.555+0000] {logging_mixin.py:188} INFO - [2024-02-14T16:08:10.555+0000] {dag.py:3820} INFO - Setting next_dagrun for example_python_operator to None, run_after=None
[2024-02-14T16:08:10.565+0000] {processor.py:183} INFO - Processing /home/airflow/.local/lib/python3.8/site-packages/airflow/example_dags/example_python_operator.py took 0.039 seconds
[2024-02-14T16:08:40.764+0000] {processor.py:161} INFO - Started process (PID=693) to work on /home/airflow/.local/lib/python3.8/site-packages/airflow/example_dags/example_python_operator.py
[2024-02-14T16:08:40.764+0000] {processor.py:830} INFO - Processing file /home/airflow/.local/lib/python3.8/site-packages/airflow/example_dags/example_python_operator.py for tasks to queue
[2024-02-14T16:08:40.766+0000] {logging_mixin.py:188} INFO - [2024-02-14T16:08:40.766+0000] {dagbag.py:538} INFO - Filling up the DagBag from /home/airflow/.local/lib/python3.8/site-packages/airflow/example_dags/example_python_operator.py
[2024-02-14T16:08:40.772+0000] {processor.py:840} INFO - DAG(s) 'example_python_operator' retrieved from /home/airflow/.local/lib/python3.8/site-packages/airflow/example_dags/example_python_operator.py
[2024-02-14T16:08:40.786+0000] {logging_mixin.py:188} INFO - [2024-02-14T16:08:40.786+0000] {dag.py:3033} INFO - Sync 1 DAGs
[2024-02-14T16:08:40.792+0000] {logging_mixin.py:188} INFO - [2024-02-14T16:08:40.792+0000] {dag.py:3820} INFO - Setting next_dagrun for example_python_operator to None, run_after=None
[2024-02-14T16:08:40.802+0000] {processor.py:183} INFO - Processing /home/airflow/.local/lib/python3.8/site-packages/airflow/example_dags/example_python_operator.py took 0.041 seconds
[2024-02-14T16:09:11.869+0000] {processor.py:161} INFO - Started process (PID=750) to work on /home/airflow/.local/lib/python3.8/site-packages/airflow/example_dags/example_python_operator.py
[2024-02-14T16:09:11.870+0000] {processor.py:830} INFO - Processing file /home/airflow/.local/lib/python3.8/site-packages/airflow/example_dags/example_python_operator.py for tasks to queue
[2024-02-14T16:09:11.871+0000] {logging_mixin.py:188} INFO - [2024-02-14T16:09:11.871+0000] {dagbag.py:538} INFO - Filling up the DagBag from /home/airflow/.local/lib/python3.8/site-packages/airflow/example_dags/example_python_operator.py
[2024-02-14T16:09:11.879+0000] {processor.py:840} INFO - DAG(s) 'example_python_operator' retrieved from /home/airflow/.local/lib/python3.8/site-packages/airflow/example_dags/example_python_operator.py
[2024-02-14T16:09:11.892+0000] {logging_mixin.py:188} INFO - [2024-02-14T16:09:11.892+0000] {dag.py:3033} INFO - Sync 1 DAGs
[2024-02-14T16:09:11.899+0000] {logging_mixin.py:188} INFO - [2024-02-14T16:09:11.899+0000] {dag.py:3820} INFO - Setting next_dagrun for example_python_operator to None, run_after=None
[2024-02-14T16:09:11.912+0000] {processor.py:183} INFO - Processing /home/airflow/.local/lib/python3.8/site-packages/airflow/example_dags/example_python_operator.py took 0.045 seconds
[2024-02-14T16:09:42.887+0000] {processor.py:161} INFO - Started process (PID=807) to work on /home/airflow/.local/lib/python3.8/site-packages/airflow/example_dags/example_python_operator.py
[2024-02-14T16:09:42.887+0000] {processor.py:830} INFO - Processing file /home/airflow/.local/lib/python3.8/site-packages/airflow/example_dags/example_python_operator.py for tasks to queue
[2024-02-14T16:09:42.889+0000] {logging_mixin.py:188} INFO - [2024-02-14T16:09:42.889+0000] {dagbag.py:538} INFO - Filling up the DagBag from /home/airflow/.local/lib/python3.8/site-packages/airflow/example_dags/example_python_operator.py
[2024-02-14T16:09:42.895+0000] {processor.py:840} INFO - DAG(s) 'example_python_operator' retrieved from /home/airflow/.local/lib/python3.8/site-packages/airflow/example_dags/example_python_operator.py
[2024-02-14T16:09:42.908+0000] {logging_mixin.py:188} INFO - [2024-02-14T16:09:42.908+0000] {dag.py:3033} INFO - Sync 1 DAGs
[2024-02-14T16:09:42.914+0000] {logging_mixin.py:188} INFO - [2024-02-14T16:09:42.914+0000] {dag.py:3820} INFO - Setting next_dagrun for example_python_operator to None, run_after=None
[2024-02-14T16:09:42.925+0000] {processor.py:183} INFO - Processing /home/airflow/.local/lib/python3.8/site-packages/airflow/example_dags/example_python_operator.py took 0.041 seconds
[2024-02-14T16:10:12.997+0000] {processor.py:161} INFO - Started process (PID=864) to work on /home/airflow/.local/lib/python3.8/site-packages/airflow/example_dags/example_python_operator.py
[2024-02-14T16:10:12.998+0000] {processor.py:830} INFO - Processing file /home/airflow/.local/lib/python3.8/site-packages/airflow/example_dags/example_python_operator.py for tasks to queue
[2024-02-14T16:10:13.000+0000] {logging_mixin.py:188} INFO - [2024-02-14T16:10:13.000+0000] {dagbag.py:538} INFO - Filling up the DagBag from /home/airflow/.local/lib/python3.8/site-packages/airflow/example_dags/example_python_operator.py
[2024-02-14T16:10:13.006+0000] {processor.py:840} INFO - DAG(s) 'example_python_operator' retrieved from /home/airflow/.local/lib/python3.8/site-packages/airflow/example_dags/example_python_operator.py
[2024-02-14T16:10:13.019+0000] {logging_mixin.py:188} INFO - [2024-02-14T16:10:13.019+0000] {dag.py:3033} INFO - Sync 1 DAGs
[2024-02-14T16:10:13.025+0000] {logging_mixin.py:188} INFO - [2024-02-14T16:10:13.025+0000] {dag.py:3820} INFO - Setting next_dagrun for example_python_operator to None, run_after=None
[2024-02-14T16:10:13.036+0000] {processor.py:183} INFO - Processing /home/airflow/.local/lib/python3.8/site-packages/airflow/example_dags/example_python_operator.py took 0.041 seconds
[2024-02-14T16:10:43.187+0000] {processor.py:161} INFO - Started process (PID=920) to work on /home/airflow/.local/lib/python3.8/site-packages/airflow/example_dags/example_python_operator.py
[2024-02-14T16:10:43.188+0000] {processor.py:830} INFO - Processing file /home/airflow/.local/lib/python3.8/site-packages/airflow/example_dags/example_python_operator.py for tasks to queue
[2024-02-14T16:10:43.189+0000] {logging_mixin.py:188} INFO - [2024-02-14T16:10:43.189+0000] {dagbag.py:538} INFO - Filling up the DagBag from /home/airflow/.local/lib/python3.8/site-packages/airflow/example_dags/example_python_operator.py
[2024-02-14T16:10:43.196+0000] {processor.py:840} INFO - DAG(s) 'example_python_operator' retrieved from /home/airflow/.local/lib/python3.8/site-packages/airflow/example_dags/example_python_operator.py
[2024-02-14T16:10:43.209+0000] {logging_mixin.py:188} INFO - [2024-02-14T16:10:43.209+0000] {dag.py:3033} INFO - Sync 1 DAGs
[2024-02-14T16:10:43.216+0000] {logging_mixin.py:188} INFO - [2024-02-14T16:10:43.216+0000] {dag.py:3820} INFO - Setting next_dagrun for example_python_operator to None, run_after=None
[2024-02-14T16:10:43.226+0000] {processor.py:183} INFO - Processing /home/airflow/.local/lib/python3.8/site-packages/airflow/example_dags/example_python_operator.py took 0.041 seconds
[2024-02-14T16:11:13.389+0000] {processor.py:161} INFO - Started process (PID=977) to work on /home/airflow/.local/lib/python3.8/site-packages/airflow/example_dags/example_python_operator.py
[2024-02-14T16:11:13.390+0000] {processor.py:830} INFO - Processing file /home/airflow/.local/lib/python3.8/site-packages/airflow/example_dags/example_python_operator.py for tasks to queue
[2024-02-14T16:11:13.391+0000] {logging_mixin.py:188} INFO - [2024-02-14T16:11:13.391+0000] {dagbag.py:538} INFO - Filling up the DagBag from /home/airflow/.local/lib/python3.8/site-packages/airflow/example_dags/example_python_operator.py
[2024-02-14T16:11:13.398+0000] {processor.py:840} INFO - DAG(s) 'example_python_operator' retrieved from /home/airflow/.local/lib/python3.8/site-packages/airflow/example_dags/example_python_operator.py
[2024-02-14T16:11:13.411+0000] {logging_mixin.py:188} INFO - [2024-02-14T16:11:13.411+0000] {dag.py:3033} INFO - Sync 1 DAGs
[2024-02-14T16:11:13.418+0000] {logging_mixin.py:188} INFO - [2024-02-14T16:11:13.418+0000] {dag.py:3820} INFO - Setting next_dagrun for example_python_operator to None, run_after=None
[2024-02-14T16:11:13.428+0000] {processor.py:183} INFO - Processing /home/airflow/.local/lib/python3.8/site-packages/airflow/example_dags/example_python_operator.py took 0.041 seconds
[2024-02-14T16:11:43.646+0000] {processor.py:161} INFO - Started process (PID=1034) to work on /home/airflow/.local/lib/python3.8/site-packages/airflow/example_dags/example_python_operator.py
[2024-02-14T16:11:43.647+0000] {processor.py:830} INFO - Processing file /home/airflow/.local/lib/python3.8/site-packages/airflow/example_dags/example_python_operator.py for tasks to queue
[2024-02-14T16:11:43.648+0000] {logging_mixin.py:188} INFO - [2024-02-14T16:11:43.648+0000] {dagbag.py:538} INFO - Filling up the DagBag from /home/airflow/.local/lib/python3.8/site-packages/airflow/example_dags/example_python_operator.py
[2024-02-14T16:11:43.655+0000] {processor.py:840} INFO - DAG(s) 'example_python_operator' retrieved from /home/airflow/.local/lib/python3.8/site-packages/airflow/example_dags/example_python_operator.py
[2024-02-14T16:11:43.668+0000] {logging_mixin.py:188} INFO - [2024-02-14T16:11:43.668+0000] {dag.py:3033} INFO - Sync 1 DAGs
[2024-02-14T16:11:43.674+0000] {logging_mixin.py:188} INFO - [2024-02-14T16:11:43.674+0000] {dag.py:3820} INFO - Setting next_dagrun for example_python_operator to None, run_after=None
[2024-02-14T16:11:43.683+0000] {processor.py:183} INFO - Processing /home/airflow/.local/lib/python3.8/site-packages/airflow/example_dags/example_python_operator.py took 0.039 seconds
[2024-02-14T16:12:13.746+0000] {processor.py:161} INFO - Started process (PID=1090) to work on /home/airflow/.local/lib/python3.8/site-packages/airflow/example_dags/example_python_operator.py
[2024-02-14T16:12:13.747+0000] {processor.py:830} INFO - Processing file /home/airflow/.local/lib/python3.8/site-packages/airflow/example_dags/example_python_operator.py for tasks to queue
[2024-02-14T16:12:13.749+0000] {logging_mixin.py:188} INFO - [2024-02-14T16:12:13.748+0000] {dagbag.py:538} INFO - Filling up the DagBag from /home/airflow/.local/lib/python3.8/site-packages/airflow/example_dags/example_python_operator.py
[2024-02-14T16:12:13.755+0000] {processor.py:840} INFO - DAG(s) 'example_python_operator' retrieved from /home/airflow/.local/lib/python3.8/site-packages/airflow/example_dags/example_python_operator.py
[2024-02-14T16:12:13.768+0000] {logging_mixin.py:188} INFO - [2024-02-14T16:12:13.768+0000] {dag.py:3033} INFO - Sync 1 DAGs
[2024-02-14T16:12:13.775+0000] {logging_mixin.py:188} INFO - [2024-02-14T16:12:13.775+0000] {dag.py:3820} INFO - Setting next_dagrun for example_python_operator to None, run_after=None
[2024-02-14T16:12:13.785+0000] {processor.py:183} INFO - Processing /home/airflow/.local/lib/python3.8/site-packages/airflow/example_dags/example_python_operator.py took 0.040 seconds
[2024-02-14T16:12:43.972+0000] {processor.py:161} INFO - Started process (PID=1147) to work on /home/airflow/.local/lib/python3.8/site-packages/airflow/example_dags/example_python_operator.py
[2024-02-14T16:12:43.973+0000] {processor.py:830} INFO - Processing file /home/airflow/.local/lib/python3.8/site-packages/airflow/example_dags/example_python_operator.py for tasks to queue
[2024-02-14T16:12:43.974+0000] {logging_mixin.py:188} INFO - [2024-02-14T16:12:43.974+0000] {dagbag.py:538} INFO - Filling up the DagBag from /home/airflow/.local/lib/python3.8/site-packages/airflow/example_dags/example_python_operator.py
[2024-02-14T16:12:43.980+0000] {processor.py:840} INFO - DAG(s) 'example_python_operator' retrieved from /home/airflow/.local/lib/python3.8/site-packages/airflow/example_dags/example_python_operator.py
[2024-02-14T16:12:43.993+0000] {logging_mixin.py:188} INFO - [2024-02-14T16:12:43.993+0000] {dag.py:3033} INFO - Sync 1 DAGs
[2024-02-14T16:12:43.999+0000] {logging_mixin.py:188} INFO - [2024-02-14T16:12:43.999+0000] {dag.py:3820} INFO - Setting next_dagrun for example_python_operator to None, run_after=None
[2024-02-14T16:12:44.008+0000] {processor.py:183} INFO - Processing /home/airflow/.local/lib/python3.8/site-packages/airflow/example_dags/example_python_operator.py took 0.039 seconds
[2024-02-14T16:13:14.070+0000] {processor.py:161} INFO - Started process (PID=1203) to work on /home/airflow/.local/lib/python3.8/site-packages/airflow/example_dags/example_python_operator.py
[2024-02-14T16:13:14.071+0000] {processor.py:830} INFO - Processing file /home/airflow/.local/lib/python3.8/site-packages/airflow/example_dags/example_python_operator.py for tasks to queue
[2024-02-14T16:13:14.072+0000] {logging_mixin.py:188} INFO - [2024-02-14T16:13:14.072+0000] {dagbag.py:538} INFO - Filling up the DagBag from /home/airflow/.local/lib/python3.8/site-packages/airflow/example_dags/example_python_operator.py
[2024-02-14T16:13:14.079+0000] {processor.py:840} INFO - DAG(s) 'example_python_operator' retrieved from /home/airflow/.local/lib/python3.8/site-packages/airflow/example_dags/example_python_operator.py
[2024-02-14T16:13:14.091+0000] {logging_mixin.py:188} INFO - [2024-02-14T16:13:14.091+0000] {dag.py:3033} INFO - Sync 1 DAGs
[2024-02-14T16:13:14.098+0000] {logging_mixin.py:188} INFO - [2024-02-14T16:13:14.098+0000] {dag.py:3820} INFO - Setting next_dagrun for example_python_operator to None, run_after=None
[2024-02-14T16:13:14.108+0000] {processor.py:183} INFO - Processing /home/airflow/.local/lib/python3.8/site-packages/airflow/example_dags/example_python_operator.py took 0.040 seconds
[2024-02-14T16:13:44.238+0000] {processor.py:161} INFO - Started process (PID=1260) to work on /home/airflow/.local/lib/python3.8/site-packages/airflow/example_dags/example_python_operator.py
[2024-02-14T16:13:44.239+0000] {processor.py:830} INFO - Processing file /home/airflow/.local/lib/python3.8/site-packages/airflow/example_dags/example_python_operator.py for tasks to queue
[2024-02-14T16:13:44.241+0000] {logging_mixin.py:188} INFO - [2024-02-14T16:13:44.240+0000] {dagbag.py:538} INFO - Filling up the DagBag from /home/airflow/.local/lib/python3.8/site-packages/airflow/example_dags/example_python_operator.py
[2024-02-14T16:13:44.251+0000] {processor.py:840} INFO - DAG(s) 'example_python_operator' retrieved from /home/airflow/.local/lib/python3.8/site-packages/airflow/example_dags/example_python_operator.py
[2024-02-14T16:13:44.265+0000] {logging_mixin.py:188} INFO - [2024-02-14T16:13:44.265+0000] {dag.py:3033} INFO - Sync 1 DAGs
[2024-02-14T16:13:44.272+0000] {logging_mixin.py:188} INFO - [2024-02-14T16:13:44.272+0000] {dag.py:3820} INFO - Setting next_dagrun for example_python_operator to None, run_after=None
[2024-02-14T16:13:44.284+0000] {processor.py:183} INFO - Processing /home/airflow/.local/lib/python3.8/site-packages/airflow/example_dags/example_python_operator.py took 0.048 seconds
[2024-02-14T16:14:14.426+0000] {processor.py:161} INFO - Started process (PID=1317) to work on /home/airflow/.local/lib/python3.8/site-packages/airflow/example_dags/example_python_operator.py
[2024-02-14T16:14:14.426+0000] {processor.py:830} INFO - Processing file /home/airflow/.local/lib/python3.8/site-packages/airflow/example_dags/example_python_operator.py for tasks to queue
[2024-02-14T16:14:14.428+0000] {logging_mixin.py:188} INFO - [2024-02-14T16:14:14.428+0000] {dagbag.py:538} INFO - Filling up the DagBag from /home/airflow/.local/lib/python3.8/site-packages/airflow/example_dags/example_python_operator.py
[2024-02-14T16:14:14.435+0000] {processor.py:840} INFO - DAG(s) 'example_python_operator' retrieved from /home/airflow/.local/lib/python3.8/site-packages/airflow/example_dags/example_python_operator.py
[2024-02-14T16:14:14.448+0000] {logging_mixin.py:188} INFO - [2024-02-14T16:14:14.448+0000] {dag.py:3033} INFO - Sync 1 DAGs
[2024-02-14T16:14:14.454+0000] {logging_mixin.py:188} INFO - [2024-02-14T16:14:14.454+0000] {dag.py:3820} INFO - Setting next_dagrun for example_python_operator to None, run_after=None
[2024-02-14T16:14:14.464+0000] {processor.py:183} INFO - Processing /home/airflow/.local/lib/python3.8/site-packages/airflow/example_dags/example_python_operator.py took 0.041 seconds
[2024-02-14T16:14:44.698+0000] {processor.py:161} INFO - Started process (PID=1374) to work on /home/airflow/.local/lib/python3.8/site-packages/airflow/example_dags/example_python_operator.py
[2024-02-14T16:14:44.699+0000] {processor.py:830} INFO - Processing file /home/airflow/.local/lib/python3.8/site-packages/airflow/example_dags/example_python_operator.py for tasks to queue
[2024-02-14T16:14:44.701+0000] {logging_mixin.py:188} INFO - [2024-02-14T16:14:44.701+0000] {dagbag.py:538} INFO - Filling up the DagBag from /home/airflow/.local/lib/python3.8/site-packages/airflow/example_dags/example_python_operator.py
[2024-02-14T16:14:44.707+0000] {processor.py:840} INFO - DAG(s) 'example_python_operator' retrieved from /home/airflow/.local/lib/python3.8/site-packages/airflow/example_dags/example_python_operator.py
[2024-02-14T16:14:44.719+0000] {logging_mixin.py:188} INFO - [2024-02-14T16:14:44.719+0000] {dag.py:3033} INFO - Sync 1 DAGs
[2024-02-14T16:14:44.725+0000] {logging_mixin.py:188} INFO - [2024-02-14T16:14:44.725+0000] {dag.py:3820} INFO - Setting next_dagrun for example_python_operator to None, run_after=None
[2024-02-14T16:14:44.735+0000] {processor.py:183} INFO - Processing /home/airflow/.local/lib/python3.8/site-packages/airflow/example_dags/example_python_operator.py took 0.040 seconds
[2024-02-14T16:15:14.894+0000] {processor.py:161} INFO - Started process (PID=1430) to work on /home/airflow/.local/lib/python3.8/site-packages/airflow/example_dags/example_python_operator.py
[2024-02-14T16:15:14.894+0000] {processor.py:830} INFO - Processing file /home/airflow/.local/lib/python3.8/site-packages/airflow/example_dags/example_python_operator.py for tasks to queue
[2024-02-14T16:15:14.896+0000] {logging_mixin.py:188} INFO - [2024-02-14T16:15:14.896+0000] {dagbag.py:538} INFO - Filling up the DagBag from /home/airflow/.local/lib/python3.8/site-packages/airflow/example_dags/example_python_operator.py
[2024-02-14T16:15:14.902+0000] {processor.py:840} INFO - DAG(s) 'example_python_operator' retrieved from /home/airflow/.local/lib/python3.8/site-packages/airflow/example_dags/example_python_operator.py
[2024-02-14T16:15:14.915+0000] {logging_mixin.py:188} INFO - [2024-02-14T16:15:14.915+0000] {dag.py:3033} INFO - Sync 1 DAGs
[2024-02-14T16:15:14.922+0000] {logging_mixin.py:188} INFO - [2024-02-14T16:15:14.922+0000] {dag.py:3820} INFO - Setting next_dagrun for example_python_operator to None, run_after=None
[2024-02-14T16:15:14.933+0000] {processor.py:183} INFO - Processing /home/airflow/.local/lib/python3.8/site-packages/airflow/example_dags/example_python_operator.py took 0.042 seconds
[2024-02-14T16:15:45.142+0000] {processor.py:161} INFO - Started process (PID=1486) to work on /home/airflow/.local/lib/python3.8/site-packages/airflow/example_dags/example_python_operator.py
[2024-02-14T16:15:45.142+0000] {processor.py:830} INFO - Processing file /home/airflow/.local/lib/python3.8/site-packages/airflow/example_dags/example_python_operator.py for tasks to queue
[2024-02-14T16:15:45.144+0000] {logging_mixin.py:188} INFO - [2024-02-14T16:15:45.144+0000] {dagbag.py:538} INFO - Filling up the DagBag from /home/airflow/.local/lib/python3.8/site-packages/airflow/example_dags/example_python_operator.py
[2024-02-14T16:15:45.150+0000] {processor.py:840} INFO - DAG(s) 'example_python_operator' retrieved from /home/airflow/.local/lib/python3.8/site-packages/airflow/example_dags/example_python_operator.py
[2024-02-14T16:15:45.162+0000] {logging_mixin.py:188} INFO - [2024-02-14T16:15:45.162+0000] {dag.py:3033} INFO - Sync 1 DAGs
[2024-02-14T16:15:45.169+0000] {logging_mixin.py:188} INFO - [2024-02-14T16:15:45.169+0000] {dag.py:3820} INFO - Setting next_dagrun for example_python_operator to None, run_after=None
[2024-02-14T16:15:45.180+0000] {processor.py:183} INFO - Processing /home/airflow/.local/lib/python3.8/site-packages/airflow/example_dags/example_python_operator.py took 0.041 seconds
[2024-02-14T16:16:15.289+0000] {processor.py:161} INFO - Started process (PID=1543) to work on /home/airflow/.local/lib/python3.8/site-packages/airflow/example_dags/example_python_operator.py
[2024-02-14T16:16:15.290+0000] {processor.py:830} INFO - Processing file /home/airflow/.local/lib/python3.8/site-packages/airflow/example_dags/example_python_operator.py for tasks to queue
[2024-02-14T16:16:15.291+0000] {logging_mixin.py:188} INFO - [2024-02-14T16:16:15.291+0000] {dagbag.py:538} INFO - Filling up the DagBag from /home/airflow/.local/lib/python3.8/site-packages/airflow/example_dags/example_python_operator.py
[2024-02-14T16:16:15.298+0000] {processor.py:840} INFO - DAG(s) 'example_python_operator' retrieved from /home/airflow/.local/lib/python3.8/site-packages/airflow/example_dags/example_python_operator.py
[2024-02-14T16:16:15.311+0000] {logging_mixin.py:188} INFO - [2024-02-14T16:16:15.311+0000] {dag.py:3033} INFO - Sync 1 DAGs
[2024-02-14T16:16:15.318+0000] {logging_mixin.py:188} INFO - [2024-02-14T16:16:15.317+0000] {dag.py:3820} INFO - Setting next_dagrun for example_python_operator to None, run_after=None
[2024-02-14T16:16:15.329+0000] {processor.py:183} INFO - Processing /home/airflow/.local/lib/python3.8/site-packages/airflow/example_dags/example_python_operator.py took 0.042 seconds
[2024-02-14T16:16:46.350+0000] {processor.py:161} INFO - Started process (PID=1600) to work on /home/airflow/.local/lib/python3.8/site-packages/airflow/example_dags/example_python_operator.py
[2024-02-14T16:16:46.351+0000] {processor.py:830} INFO - Processing file /home/airflow/.local/lib/python3.8/site-packages/airflow/example_dags/example_python_operator.py for tasks to queue
[2024-02-14T16:16:46.353+0000] {logging_mixin.py:188} INFO - [2024-02-14T16:16:46.353+0000] {dagbag.py:538} INFO - Filling up the DagBag from /home/airflow/.local/lib/python3.8/site-packages/airflow/example_dags/example_python_operator.py
[2024-02-14T16:16:46.364+0000] {processor.py:840} INFO - DAG(s) 'example_python_operator' retrieved from /home/airflow/.local/lib/python3.8/site-packages/airflow/example_dags/example_python_operator.py
[2024-02-14T16:16:46.379+0000] {logging_mixin.py:188} INFO - [2024-02-14T16:16:46.379+0000] {dag.py:3033} INFO - Sync 1 DAGs
[2024-02-14T16:16:46.387+0000] {logging_mixin.py:188} INFO - [2024-02-14T16:16:46.386+0000] {dag.py:3820} INFO - Setting next_dagrun for example_python_operator to None, run_after=None
[2024-02-14T16:16:46.397+0000] {processor.py:183} INFO - Processing /home/airflow/.local/lib/python3.8/site-packages/airflow/example_dags/example_python_operator.py took 0.053 seconds
[2024-02-14T16:17:16.557+0000] {processor.py:161} INFO - Started process (PID=1657) to work on /home/airflow/.local/lib/python3.8/site-packages/airflow/example_dags/example_python_operator.py
[2024-02-14T16:17:16.558+0000] {processor.py:830} INFO - Processing file /home/airflow/.local/lib/python3.8/site-packages/airflow/example_dags/example_python_operator.py for tasks to queue
[2024-02-14T16:17:16.561+0000] {logging_mixin.py:188} INFO - [2024-02-14T16:17:16.561+0000] {dagbag.py:538} INFO - Filling up the DagBag from /home/airflow/.local/lib/python3.8/site-packages/airflow/example_dags/example_python_operator.py
[2024-02-14T16:17:16.573+0000] {processor.py:840} INFO - DAG(s) 'example_python_operator' retrieved from /home/airflow/.local/lib/python3.8/site-packages/airflow/example_dags/example_python_operator.py
[2024-02-14T16:17:16.589+0000] {logging_mixin.py:188} INFO - [2024-02-14T16:17:16.589+0000] {dag.py:3033} INFO - Sync 1 DAGs
[2024-02-14T16:17:16.596+0000] {logging_mixin.py:188} INFO - [2024-02-14T16:17:16.596+0000] {dag.py:3820} INFO - Setting next_dagrun for example_python_operator to None, run_after=None
[2024-02-14T16:17:16.606+0000] {processor.py:183} INFO - Processing /home/airflow/.local/lib/python3.8/site-packages/airflow/example_dags/example_python_operator.py took 0.054 seconds
[2024-02-14T16:17:46.783+0000] {processor.py:161} INFO - Started process (PID=1714) to work on /home/airflow/.local/lib/python3.8/site-packages/airflow/example_dags/example_python_operator.py
[2024-02-14T16:17:46.784+0000] {processor.py:830} INFO - Processing file /home/airflow/.local/lib/python3.8/site-packages/airflow/example_dags/example_python_operator.py for tasks to queue
[2024-02-14T16:17:46.786+0000] {logging_mixin.py:188} INFO - [2024-02-14T16:17:46.786+0000] {dagbag.py:538} INFO - Filling up the DagBag from /home/airflow/.local/lib/python3.8/site-packages/airflow/example_dags/example_python_operator.py
[2024-02-14T16:17:46.795+0000] {processor.py:840} INFO - DAG(s) 'example_python_operator' retrieved from /home/airflow/.local/lib/python3.8/site-packages/airflow/example_dags/example_python_operator.py
[2024-02-14T16:17:46.810+0000] {logging_mixin.py:188} INFO - [2024-02-14T16:17:46.810+0000] {dag.py:3033} INFO - Sync 1 DAGs
[2024-02-14T16:17:46.818+0000] {logging_mixin.py:188} INFO - [2024-02-14T16:17:46.818+0000] {dag.py:3820} INFO - Setting next_dagrun for example_python_operator to None, run_after=None
[2024-02-14T16:17:46.829+0000] {processor.py:183} INFO - Processing /home/airflow/.local/lib/python3.8/site-packages/airflow/example_dags/example_python_operator.py took 0.050 seconds
[2024-02-14T16:18:17.079+0000] {processor.py:161} INFO - Started process (PID=1771) to work on /home/airflow/.local/lib/python3.8/site-packages/airflow/example_dags/example_python_operator.py
[2024-02-14T16:18:17.080+0000] {processor.py:830} INFO - Processing file /home/airflow/.local/lib/python3.8/site-packages/airflow/example_dags/example_python_operator.py for tasks to queue
[2024-02-14T16:18:17.082+0000] {logging_mixin.py:188} INFO - [2024-02-14T16:18:17.082+0000] {dagbag.py:538} INFO - Filling up the DagBag from /home/airflow/.local/lib/python3.8/site-packages/airflow/example_dags/example_python_operator.py
[2024-02-14T16:18:17.090+0000] {processor.py:840} INFO - DAG(s) 'example_python_operator' retrieved from /home/airflow/.local/lib/python3.8/site-packages/airflow/example_dags/example_python_operator.py
[2024-02-14T16:18:17.104+0000] {logging_mixin.py:188} INFO - [2024-02-14T16:18:17.104+0000] {dag.py:3033} INFO - Sync 1 DAGs
[2024-02-14T16:18:17.110+0000] {logging_mixin.py:188} INFO - [2024-02-14T16:18:17.110+0000] {dag.py:3820} INFO - Setting next_dagrun for example_python_operator to None, run_after=None
[2024-02-14T16:18:17.119+0000] {processor.py:183} INFO - Processing /home/airflow/.local/lib/python3.8/site-packages/airflow/example_dags/example_python_operator.py took 0.044 seconds
[2024-02-14T16:18:47.192+0000] {processor.py:161} INFO - Started process (PID=1828) to work on /home/airflow/.local/lib/python3.8/site-packages/airflow/example_dags/example_python_operator.py
[2024-02-14T16:18:47.193+0000] {processor.py:830} INFO - Processing file /home/airflow/.local/lib/python3.8/site-packages/airflow/example_dags/example_python_operator.py for tasks to queue
[2024-02-14T16:18:47.195+0000] {logging_mixin.py:188} INFO - [2024-02-14T16:18:47.195+0000] {dagbag.py:538} INFO - Filling up the DagBag from /home/airflow/.local/lib/python3.8/site-packages/airflow/example_dags/example_python_operator.py
[2024-02-14T16:18:47.203+0000] {processor.py:840} INFO - DAG(s) 'example_python_operator' retrieved from /home/airflow/.local/lib/python3.8/site-packages/airflow/example_dags/example_python_operator.py
[2024-02-14T16:18:47.219+0000] {logging_mixin.py:188} INFO - [2024-02-14T16:18:47.219+0000] {dag.py:3033} INFO - Sync 1 DAGs
[2024-02-14T16:18:47.227+0000] {logging_mixin.py:188} INFO - [2024-02-14T16:18:47.227+0000] {dag.py:3820} INFO - Setting next_dagrun for example_python_operator to None, run_after=None
[2024-02-14T16:18:47.240+0000] {processor.py:183} INFO - Processing /home/airflow/.local/lib/python3.8/site-packages/airflow/example_dags/example_python_operator.py took 0.050 seconds
[2024-02-14T16:19:17.620+0000] {processor.py:161} INFO - Started process (PID=1885) to work on /home/airflow/.local/lib/python3.8/site-packages/airflow/example_dags/example_python_operator.py
[2024-02-14T16:19:17.622+0000] {processor.py:830} INFO - Processing file /home/airflow/.local/lib/python3.8/site-packages/airflow/example_dags/example_python_operator.py for tasks to queue
[2024-02-14T16:19:17.624+0000] {logging_mixin.py:188} INFO - [2024-02-14T16:19:17.624+0000] {dagbag.py:538} INFO - Filling up the DagBag from /home/airflow/.local/lib/python3.8/site-packages/airflow/example_dags/example_python_operator.py
[2024-02-14T16:19:17.634+0000] {processor.py:840} INFO - DAG(s) 'example_python_operator' retrieved from /home/airflow/.local/lib/python3.8/site-packages/airflow/example_dags/example_python_operator.py
[2024-02-14T16:19:17.652+0000] {logging_mixin.py:188} INFO - [2024-02-14T16:19:17.652+0000] {dag.py:3033} INFO - Sync 1 DAGs
[2024-02-14T16:19:17.660+0000] {logging_mixin.py:188} INFO - [2024-02-14T16:19:17.660+0000] {dag.py:3820} INFO - Setting next_dagrun for example_python_operator to None, run_after=None
[2024-02-14T16:19:17.672+0000] {processor.py:183} INFO - Processing /home/airflow/.local/lib/python3.8/site-packages/airflow/example_dags/example_python_operator.py took 0.056 seconds
[2024-02-14T16:19:47.771+0000] {processor.py:161} INFO - Started process (PID=1942) to work on /home/airflow/.local/lib/python3.8/site-packages/airflow/example_dags/example_python_operator.py
[2024-02-14T16:19:47.773+0000] {processor.py:830} INFO - Processing file /home/airflow/.local/lib/python3.8/site-packages/airflow/example_dags/example_python_operator.py for tasks to queue
[2024-02-14T16:19:47.776+0000] {logging_mixin.py:188} INFO - [2024-02-14T16:19:47.776+0000] {dagbag.py:538} INFO - Filling up the DagBag from /home/airflow/.local/lib/python3.8/site-packages/airflow/example_dags/example_python_operator.py
[2024-02-14T16:19:47.790+0000] {processor.py:840} INFO - DAG(s) 'example_python_operator' retrieved from /home/airflow/.local/lib/python3.8/site-packages/airflow/example_dags/example_python_operator.py
[2024-02-14T16:19:47.811+0000] {logging_mixin.py:188} INFO - [2024-02-14T16:19:47.811+0000] {dag.py:3033} INFO - Sync 1 DAGs
[2024-02-14T16:19:47.818+0000] {logging_mixin.py:188} INFO - [2024-02-14T16:19:47.818+0000] {dag.py:3820} INFO - Setting next_dagrun for example_python_operator to None, run_after=None
[2024-02-14T16:19:47.830+0000] {processor.py:183} INFO - Processing /home/airflow/.local/lib/python3.8/site-packages/airflow/example_dags/example_python_operator.py took 0.064 seconds
[2024-02-14T16:20:17.903+0000] {processor.py:161} INFO - Started process (PID=1999) to work on /home/airflow/.local/lib/python3.8/site-packages/airflow/example_dags/example_python_operator.py
[2024-02-14T16:20:17.904+0000] {processor.py:830} INFO - Processing file /home/airflow/.local/lib/python3.8/site-packages/airflow/example_dags/example_python_operator.py for tasks to queue
[2024-02-14T16:20:17.906+0000] {logging_mixin.py:188} INFO - [2024-02-14T16:20:17.906+0000] {dagbag.py:538} INFO - Filling up the DagBag from /home/airflow/.local/lib/python3.8/site-packages/airflow/example_dags/example_python_operator.py
[2024-02-14T16:20:17.914+0000] {processor.py:840} INFO - DAG(s) 'example_python_operator' retrieved from /home/airflow/.local/lib/python3.8/site-packages/airflow/example_dags/example_python_operator.py
[2024-02-14T16:20:17.930+0000] {logging_mixin.py:188} INFO - [2024-02-14T16:20:17.929+0000] {dag.py:3033} INFO - Sync 1 DAGs
[2024-02-14T16:20:17.937+0000] {logging_mixin.py:188} INFO - [2024-02-14T16:20:17.937+0000] {dag.py:3820} INFO - Setting next_dagrun for example_python_operator to None, run_after=None
[2024-02-14T16:20:17.947+0000] {processor.py:183} INFO - Processing /home/airflow/.local/lib/python3.8/site-packages/airflow/example_dags/example_python_operator.py took 0.047 seconds
[2024-02-14T16:20:48.323+0000] {processor.py:161} INFO - Started process (PID=2056) to work on /home/airflow/.local/lib/python3.8/site-packages/airflow/example_dags/example_python_operator.py
[2024-02-14T16:20:48.324+0000] {processor.py:830} INFO - Processing file /home/airflow/.local/lib/python3.8/site-packages/airflow/example_dags/example_python_operator.py for tasks to queue
[2024-02-14T16:20:48.326+0000] {logging_mixin.py:188} INFO - [2024-02-14T16:20:48.325+0000] {dagbag.py:538} INFO - Filling up the DagBag from /home/airflow/.local/lib/python3.8/site-packages/airflow/example_dags/example_python_operator.py
[2024-02-14T16:20:48.334+0000] {processor.py:840} INFO - DAG(s) 'example_python_operator' retrieved from /home/airflow/.local/lib/python3.8/site-packages/airflow/example_dags/example_python_operator.py
[2024-02-14T16:20:48.349+0000] {logging_mixin.py:188} INFO - [2024-02-14T16:20:48.349+0000] {dag.py:3033} INFO - Sync 1 DAGs
[2024-02-14T16:20:48.356+0000] {logging_mixin.py:188} INFO - [2024-02-14T16:20:48.356+0000] {dag.py:3820} INFO - Setting next_dagrun for example_python_operator to None, run_after=None
[2024-02-14T16:20:48.368+0000] {processor.py:183} INFO - Processing /home/airflow/.local/lib/python3.8/site-packages/airflow/example_dags/example_python_operator.py took 0.049 seconds
[2024-02-14T16:21:18.722+0000] {processor.py:161} INFO - Started process (PID=2113) to work on /home/airflow/.local/lib/python3.8/site-packages/airflow/example_dags/example_python_operator.py
[2024-02-14T16:21:18.723+0000] {processor.py:830} INFO - Processing file /home/airflow/.local/lib/python3.8/site-packages/airflow/example_dags/example_python_operator.py for tasks to queue
[2024-02-14T16:21:18.725+0000] {logging_mixin.py:188} INFO - [2024-02-14T16:21:18.724+0000] {dagbag.py:538} INFO - Filling up the DagBag from /home/airflow/.local/lib/python3.8/site-packages/airflow/example_dags/example_python_operator.py
[2024-02-14T16:21:18.732+0000] {processor.py:840} INFO - DAG(s) 'example_python_operator' retrieved from /home/airflow/.local/lib/python3.8/site-packages/airflow/example_dags/example_python_operator.py
[2024-02-14T16:21:18.748+0000] {logging_mixin.py:188} INFO - [2024-02-14T16:21:18.748+0000] {dag.py:3033} INFO - Sync 1 DAGs
[2024-02-14T16:21:18.853+0000] {logging_mixin.py:188} INFO - [2024-02-14T16:21:18.853+0000] {dag.py:3820} INFO - Setting next_dagrun for example_python_operator to None, run_after=None
[2024-02-14T16:21:18.863+0000] {processor.py:183} INFO - Processing /home/airflow/.local/lib/python3.8/site-packages/airflow/example_dags/example_python_operator.py took 0.144 seconds
[2024-02-14T16:21:49.129+0000] {processor.py:161} INFO - Started process (PID=2169) to work on /home/airflow/.local/lib/python3.8/site-packages/airflow/example_dags/example_python_operator.py
[2024-02-14T16:21:49.129+0000] {processor.py:830} INFO - Processing file /home/airflow/.local/lib/python3.8/site-packages/airflow/example_dags/example_python_operator.py for tasks to queue
[2024-02-14T16:21:49.131+0000] {logging_mixin.py:188} INFO - [2024-02-14T16:21:49.131+0000] {dagbag.py:538} INFO - Filling up the DagBag from /home/airflow/.local/lib/python3.8/site-packages/airflow/example_dags/example_python_operator.py
[2024-02-14T16:21:49.140+0000] {processor.py:840} INFO - DAG(s) 'example_python_operator' retrieved from /home/airflow/.local/lib/python3.8/site-packages/airflow/example_dags/example_python_operator.py
[2024-02-14T16:21:49.155+0000] {logging_mixin.py:188} INFO - [2024-02-14T16:21:49.155+0000] {dag.py:3033} INFO - Sync 1 DAGs
[2024-02-14T16:21:49.267+0000] {logging_mixin.py:188} INFO - [2024-02-14T16:21:49.267+0000] {dag.py:3820} INFO - Setting next_dagrun for example_python_operator to None, run_after=None
[2024-02-14T16:21:49.277+0000] {processor.py:183} INFO - Processing /home/airflow/.local/lib/python3.8/site-packages/airflow/example_dags/example_python_operator.py took 0.152 seconds
[2024-02-14T16:22:19.529+0000] {processor.py:161} INFO - Started process (PID=2226) to work on /home/airflow/.local/lib/python3.8/site-packages/airflow/example_dags/example_python_operator.py
[2024-02-14T16:22:19.530+0000] {processor.py:830} INFO - Processing file /home/airflow/.local/lib/python3.8/site-packages/airflow/example_dags/example_python_operator.py for tasks to queue
[2024-02-14T16:22:19.533+0000] {logging_mixin.py:188} INFO - [2024-02-14T16:22:19.532+0000] {dagbag.py:538} INFO - Filling up the DagBag from /home/airflow/.local/lib/python3.8/site-packages/airflow/example_dags/example_python_operator.py
[2024-02-14T16:22:19.542+0000] {processor.py:840} INFO - DAG(s) 'example_python_operator' retrieved from /home/airflow/.local/lib/python3.8/site-packages/airflow/example_dags/example_python_operator.py
[2024-02-14T16:22:19.561+0000] {logging_mixin.py:188} INFO - [2024-02-14T16:22:19.561+0000] {dag.py:3033} INFO - Sync 1 DAGs
[2024-02-14T16:22:19.664+0000] {logging_mixin.py:188} INFO - [2024-02-14T16:22:19.664+0000] {dag.py:3820} INFO - Setting next_dagrun for example_python_operator to None, run_after=None
[2024-02-14T16:22:19.673+0000] {processor.py:183} INFO - Processing /home/airflow/.local/lib/python3.8/site-packages/airflow/example_dags/example_python_operator.py took 0.148 seconds
[2024-02-14T16:22:50.533+0000] {processor.py:161} INFO - Started process (PID=2283) to work on /home/airflow/.local/lib/python3.8/site-packages/airflow/example_dags/example_python_operator.py
[2024-02-14T16:22:50.534+0000] {processor.py:830} INFO - Processing file /home/airflow/.local/lib/python3.8/site-packages/airflow/example_dags/example_python_operator.py for tasks to queue
[2024-02-14T16:22:50.537+0000] {logging_mixin.py:188} INFO - [2024-02-14T16:22:50.537+0000] {dagbag.py:538} INFO - Filling up the DagBag from /home/airflow/.local/lib/python3.8/site-packages/airflow/example_dags/example_python_operator.py
[2024-02-14T16:22:50.548+0000] {processor.py:840} INFO - DAG(s) 'example_python_operator' retrieved from /home/airflow/.local/lib/python3.8/site-packages/airflow/example_dags/example_python_operator.py
[2024-02-14T16:22:50.563+0000] {logging_mixin.py:188} INFO - [2024-02-14T16:22:50.563+0000] {dag.py:3033} INFO - Sync 1 DAGs
[2024-02-14T16:22:50.570+0000] {logging_mixin.py:188} INFO - [2024-02-14T16:22:50.570+0000] {dag.py:3820} INFO - Setting next_dagrun for example_python_operator to None, run_after=None
[2024-02-14T16:22:50.676+0000] {processor.py:183} INFO - Processing /home/airflow/.local/lib/python3.8/site-packages/airflow/example_dags/example_python_operator.py took 0.148 seconds
[2024-02-14T16:23:20.950+0000] {processor.py:161} INFO - Started process (PID=2340) to work on /home/airflow/.local/lib/python3.8/site-packages/airflow/example_dags/example_python_operator.py
[2024-02-14T16:23:20.955+0000] {processor.py:830} INFO - Processing file /home/airflow/.local/lib/python3.8/site-packages/airflow/example_dags/example_python_operator.py for tasks to queue
[2024-02-14T16:23:20.957+0000] {logging_mixin.py:188} INFO - [2024-02-14T16:23:20.957+0000] {dagbag.py:538} INFO - Filling up the DagBag from /home/airflow/.local/lib/python3.8/site-packages/airflow/example_dags/example_python_operator.py
[2024-02-14T16:23:20.974+0000] {processor.py:840} INFO - DAG(s) 'example_python_operator' retrieved from /home/airflow/.local/lib/python3.8/site-packages/airflow/example_dags/example_python_operator.py
[2024-02-14T16:23:20.989+0000] {logging_mixin.py:188} INFO - [2024-02-14T16:23:20.989+0000] {dag.py:3033} INFO - Sync 1 DAGs
[2024-02-14T16:23:20.997+0000] {logging_mixin.py:188} INFO - [2024-02-14T16:23:20.997+0000] {dag.py:3820} INFO - Setting next_dagrun for example_python_operator to None, run_after=None
[2024-02-14T16:23:21.006+0000] {processor.py:183} INFO - Processing /home/airflow/.local/lib/python3.8/site-packages/airflow/example_dags/example_python_operator.py took 0.060 seconds
[2024-02-14T16:23:51.105+0000] {processor.py:161} INFO - Started process (PID=2397) to work on /home/airflow/.local/lib/python3.8/site-packages/airflow/example_dags/example_python_operator.py
[2024-02-14T16:23:51.105+0000] {processor.py:830} INFO - Processing file /home/airflow/.local/lib/python3.8/site-packages/airflow/example_dags/example_python_operator.py for tasks to queue
[2024-02-14T16:23:51.107+0000] {logging_mixin.py:188} INFO - [2024-02-14T16:23:51.107+0000] {dagbag.py:538} INFO - Filling up the DagBag from /home/airflow/.local/lib/python3.8/site-packages/airflow/example_dags/example_python_operator.py
[2024-02-14T16:23:51.114+0000] {processor.py:840} INFO - DAG(s) 'example_python_operator' retrieved from /home/airflow/.local/lib/python3.8/site-packages/airflow/example_dags/example_python_operator.py
[2024-02-14T16:23:51.126+0000] {logging_mixin.py:188} INFO - [2024-02-14T16:23:51.126+0000] {dag.py:3033} INFO - Sync 1 DAGs
[2024-02-14T16:23:51.133+0000] {logging_mixin.py:188} INFO - [2024-02-14T16:23:51.133+0000] {dag.py:3820} INFO - Setting next_dagrun for example_python_operator to None, run_after=None
[2024-02-14T16:23:51.143+0000] {processor.py:183} INFO - Processing /home/airflow/.local/lib/python3.8/site-packages/airflow/example_dags/example_python_operator.py took 0.041 seconds
[2024-02-14T16:24:21.444+0000] {processor.py:161} INFO - Started process (PID=2454) to work on /home/airflow/.local/lib/python3.8/site-packages/airflow/example_dags/example_python_operator.py
[2024-02-14T16:24:21.445+0000] {processor.py:830} INFO - Processing file /home/airflow/.local/lib/python3.8/site-packages/airflow/example_dags/example_python_operator.py for tasks to queue
[2024-02-14T16:24:21.446+0000] {logging_mixin.py:188} INFO - [2024-02-14T16:24:21.446+0000] {dagbag.py:538} INFO - Filling up the DagBag from /home/airflow/.local/lib/python3.8/site-packages/airflow/example_dags/example_python_operator.py
[2024-02-14T16:24:21.453+0000] {processor.py:840} INFO - DAG(s) 'example_python_operator' retrieved from /home/airflow/.local/lib/python3.8/site-packages/airflow/example_dags/example_python_operator.py
[2024-02-14T16:24:21.465+0000] {logging_mixin.py:188} INFO - [2024-02-14T16:24:21.465+0000] {dag.py:3033} INFO - Sync 1 DAGs
[2024-02-14T16:24:21.472+0000] {logging_mixin.py:188} INFO - [2024-02-14T16:24:21.472+0000] {dag.py:3820} INFO - Setting next_dagrun for example_python_operator to None, run_after=None
[2024-02-14T16:24:21.481+0000] {processor.py:183} INFO - Processing /home/airflow/.local/lib/python3.8/site-packages/airflow/example_dags/example_python_operator.py took 0.039 seconds
