[2024-02-14T16:03:08.211+0000] {processor.py:161} INFO - Started process (PID=78) to work on /home/airflow/.local/lib/python3.8/site-packages/airflow/example_dags/example_setup_teardown.py
[2024-02-14T16:03:08.211+0000] {processor.py:830} INFO - Processing file /home/airflow/.local/lib/python3.8/site-packages/airflow/example_dags/example_setup_teardown.py for tasks to queue
[2024-02-14T16:03:08.213+0000] {logging_mixin.py:188} INFO - [2024-02-14T16:03:08.213+0000] {dagbag.py:538} INFO - Filling up the DagBag from /home/airflow/.local/lib/python3.8/site-packages/airflow/example_dags/example_setup_teardown.py
[2024-02-14T16:03:08.222+0000] {processor.py:840} INFO - DAG(s) 'example_setup_teardown' retrieved from /home/airflow/.local/lib/python3.8/site-packages/airflow/example_dags/example_setup_teardown.py
[2024-02-14T16:03:08.233+0000] {logging_mixin.py:188} INFO - [2024-02-14T16:03:08.233+0000] {dag.py:3033} INFO - Sync 1 DAGs
[2024-02-14T16:03:08.247+0000] {logging_mixin.py:188} INFO - [2024-02-14T16:03:08.247+0000] {dag.py:3820} INFO - Setting next_dagrun for example_setup_teardown to 2024-02-13T00:00:00+00:00, run_after=2024-02-14T00:00:00+00:00
[2024-02-14T16:03:08.259+0000] {processor.py:183} INFO - Processing /home/airflow/.local/lib/python3.8/site-packages/airflow/example_dags/example_setup_teardown.py took 0.050 seconds
[2024-02-14T16:03:38.768+0000] {processor.py:161} INFO - Started process (PID=135) to work on /home/airflow/.local/lib/python3.8/site-packages/airflow/example_dags/example_setup_teardown.py
[2024-02-14T16:03:38.769+0000] {processor.py:830} INFO - Processing file /home/airflow/.local/lib/python3.8/site-packages/airflow/example_dags/example_setup_teardown.py for tasks to queue
[2024-02-14T16:03:38.771+0000] {logging_mixin.py:188} INFO - [2024-02-14T16:03:38.771+0000] {dagbag.py:538} INFO - Filling up the DagBag from /home/airflow/.local/lib/python3.8/site-packages/airflow/example_dags/example_setup_teardown.py
[2024-02-14T16:03:38.775+0000] {processor.py:840} INFO - DAG(s) 'example_setup_teardown' retrieved from /home/airflow/.local/lib/python3.8/site-packages/airflow/example_dags/example_setup_teardown.py
[2024-02-14T16:03:38.831+0000] {logging_mixin.py:188} INFO - [2024-02-14T16:03:38.831+0000] {dag.py:3033} INFO - Sync 1 DAGs
[2024-02-14T16:03:38.843+0000] {logging_mixin.py:188} INFO - [2024-02-14T16:03:38.843+0000] {dag.py:3820} INFO - Setting next_dagrun for example_setup_teardown to 2024-02-13T00:00:00+00:00, run_after=2024-02-14T00:00:00+00:00
[2024-02-14T16:03:38.855+0000] {processor.py:183} INFO - Processing /home/airflow/.local/lib/python3.8/site-packages/airflow/example_dags/example_setup_teardown.py took 0.089 seconds
[2024-02-14T16:04:09.151+0000] {processor.py:161} INFO - Started process (PID=192) to work on /home/airflow/.local/lib/python3.8/site-packages/airflow/example_dags/example_setup_teardown.py
[2024-02-14T16:04:09.152+0000] {processor.py:830} INFO - Processing file /home/airflow/.local/lib/python3.8/site-packages/airflow/example_dags/example_setup_teardown.py for tasks to queue
[2024-02-14T16:04:09.153+0000] {logging_mixin.py:188} INFO - [2024-02-14T16:04:09.153+0000] {dagbag.py:538} INFO - Filling up the DagBag from /home/airflow/.local/lib/python3.8/site-packages/airflow/example_dags/example_setup_teardown.py
[2024-02-14T16:04:09.158+0000] {processor.py:840} INFO - DAG(s) 'example_setup_teardown' retrieved from /home/airflow/.local/lib/python3.8/site-packages/airflow/example_dags/example_setup_teardown.py
[2024-02-14T16:04:09.171+0000] {logging_mixin.py:188} INFO - [2024-02-14T16:04:09.171+0000] {dag.py:3033} INFO - Sync 1 DAGs
[2024-02-14T16:04:09.183+0000] {logging_mixin.py:188} INFO - [2024-02-14T16:04:09.183+0000] {dag.py:3820} INFO - Setting next_dagrun for example_setup_teardown to 2024-02-13T00:00:00+00:00, run_after=2024-02-14T00:00:00+00:00
[2024-02-14T16:04:09.193+0000] {processor.py:183} INFO - Processing /home/airflow/.local/lib/python3.8/site-packages/airflow/example_dags/example_setup_teardown.py took 0.044 seconds
[2024-02-14T16:04:39.474+0000] {processor.py:161} INFO - Started process (PID=249) to work on /home/airflow/.local/lib/python3.8/site-packages/airflow/example_dags/example_setup_teardown.py
[2024-02-14T16:04:39.475+0000] {processor.py:830} INFO - Processing file /home/airflow/.local/lib/python3.8/site-packages/airflow/example_dags/example_setup_teardown.py for tasks to queue
[2024-02-14T16:04:39.476+0000] {logging_mixin.py:188} INFO - [2024-02-14T16:04:39.476+0000] {dagbag.py:538} INFO - Filling up the DagBag from /home/airflow/.local/lib/python3.8/site-packages/airflow/example_dags/example_setup_teardown.py
[2024-02-14T16:04:39.481+0000] {processor.py:840} INFO - DAG(s) 'example_setup_teardown' retrieved from /home/airflow/.local/lib/python3.8/site-packages/airflow/example_dags/example_setup_teardown.py
[2024-02-14T16:04:39.493+0000] {logging_mixin.py:188} INFO - [2024-02-14T16:04:39.493+0000] {dag.py:3033} INFO - Sync 1 DAGs
[2024-02-14T16:04:39.504+0000] {logging_mixin.py:188} INFO - [2024-02-14T16:04:39.504+0000] {dag.py:3820} INFO - Setting next_dagrun for example_setup_teardown to 2024-02-13T00:00:00+00:00, run_after=2024-02-14T00:00:00+00:00
[2024-02-14T16:04:39.513+0000] {processor.py:183} INFO - Processing /home/airflow/.local/lib/python3.8/site-packages/airflow/example_dags/example_setup_teardown.py took 0.042 seconds
[2024-02-14T16:05:09.720+0000] {processor.py:161} INFO - Started process (PID=306) to work on /home/airflow/.local/lib/python3.8/site-packages/airflow/example_dags/example_setup_teardown.py
[2024-02-14T16:05:09.721+0000] {processor.py:830} INFO - Processing file /home/airflow/.local/lib/python3.8/site-packages/airflow/example_dags/example_setup_teardown.py for tasks to queue
[2024-02-14T16:05:09.722+0000] {logging_mixin.py:188} INFO - [2024-02-14T16:05:09.722+0000] {dagbag.py:538} INFO - Filling up the DagBag from /home/airflow/.local/lib/python3.8/site-packages/airflow/example_dags/example_setup_teardown.py
[2024-02-14T16:05:09.726+0000] {processor.py:840} INFO - DAG(s) 'example_setup_teardown' retrieved from /home/airflow/.local/lib/python3.8/site-packages/airflow/example_dags/example_setup_teardown.py
[2024-02-14T16:05:09.739+0000] {logging_mixin.py:188} INFO - [2024-02-14T16:05:09.739+0000] {dag.py:3033} INFO - Sync 1 DAGs
[2024-02-14T16:05:09.750+0000] {logging_mixin.py:188} INFO - [2024-02-14T16:05:09.750+0000] {dag.py:3820} INFO - Setting next_dagrun for example_setup_teardown to 2024-02-13T00:00:00+00:00, run_after=2024-02-14T00:00:00+00:00
[2024-02-14T16:05:09.759+0000] {processor.py:183} INFO - Processing /home/airflow/.local/lib/python3.8/site-packages/airflow/example_dags/example_setup_teardown.py took 0.041 seconds
[2024-02-14T16:05:39.880+0000] {processor.py:161} INFO - Started process (PID=363) to work on /home/airflow/.local/lib/python3.8/site-packages/airflow/example_dags/example_setup_teardown.py
[2024-02-14T16:05:39.881+0000] {processor.py:830} INFO - Processing file /home/airflow/.local/lib/python3.8/site-packages/airflow/example_dags/example_setup_teardown.py for tasks to queue
[2024-02-14T16:05:39.882+0000] {logging_mixin.py:188} INFO - [2024-02-14T16:05:39.882+0000] {dagbag.py:538} INFO - Filling up the DagBag from /home/airflow/.local/lib/python3.8/site-packages/airflow/example_dags/example_setup_teardown.py
[2024-02-14T16:05:39.887+0000] {processor.py:840} INFO - DAG(s) 'example_setup_teardown' retrieved from /home/airflow/.local/lib/python3.8/site-packages/airflow/example_dags/example_setup_teardown.py
[2024-02-14T16:05:39.900+0000] {logging_mixin.py:188} INFO - [2024-02-14T16:05:39.900+0000] {dag.py:3033} INFO - Sync 1 DAGs
[2024-02-14T16:05:39.912+0000] {logging_mixin.py:188} INFO - [2024-02-14T16:05:39.912+0000] {dag.py:3820} INFO - Setting next_dagrun for example_setup_teardown to 2024-02-13T00:00:00+00:00, run_after=2024-02-14T00:00:00+00:00
[2024-02-14T16:05:39.921+0000] {processor.py:183} INFO - Processing /home/airflow/.local/lib/python3.8/site-packages/airflow/example_dags/example_setup_teardown.py took 0.043 seconds
[2024-02-14T16:06:10.089+0000] {processor.py:161} INFO - Started process (PID=420) to work on /home/airflow/.local/lib/python3.8/site-packages/airflow/example_dags/example_setup_teardown.py
[2024-02-14T16:06:10.090+0000] {processor.py:830} INFO - Processing file /home/airflow/.local/lib/python3.8/site-packages/airflow/example_dags/example_setup_teardown.py for tasks to queue
[2024-02-14T16:06:10.092+0000] {logging_mixin.py:188} INFO - [2024-02-14T16:06:10.091+0000] {dagbag.py:538} INFO - Filling up the DagBag from /home/airflow/.local/lib/python3.8/site-packages/airflow/example_dags/example_setup_teardown.py
[2024-02-14T16:06:10.096+0000] {processor.py:840} INFO - DAG(s) 'example_setup_teardown' retrieved from /home/airflow/.local/lib/python3.8/site-packages/airflow/example_dags/example_setup_teardown.py
[2024-02-14T16:06:10.109+0000] {logging_mixin.py:188} INFO - [2024-02-14T16:06:10.109+0000] {dag.py:3033} INFO - Sync 1 DAGs
[2024-02-14T16:06:10.121+0000] {logging_mixin.py:188} INFO - [2024-02-14T16:06:10.121+0000] {dag.py:3820} INFO - Setting next_dagrun for example_setup_teardown to 2024-02-13T00:00:00+00:00, run_after=2024-02-14T00:00:00+00:00
[2024-02-14T16:06:10.131+0000] {processor.py:183} INFO - Processing /home/airflow/.local/lib/python3.8/site-packages/airflow/example_dags/example_setup_teardown.py took 0.044 seconds
[2024-02-14T16:06:40.203+0000] {processor.py:161} INFO - Started process (PID=477) to work on /home/airflow/.local/lib/python3.8/site-packages/airflow/example_dags/example_setup_teardown.py
[2024-02-14T16:06:40.203+0000] {processor.py:830} INFO - Processing file /home/airflow/.local/lib/python3.8/site-packages/airflow/example_dags/example_setup_teardown.py for tasks to queue
[2024-02-14T16:06:40.205+0000] {logging_mixin.py:188} INFO - [2024-02-14T16:06:40.204+0000] {dagbag.py:538} INFO - Filling up the DagBag from /home/airflow/.local/lib/python3.8/site-packages/airflow/example_dags/example_setup_teardown.py
[2024-02-14T16:06:40.209+0000] {processor.py:840} INFO - DAG(s) 'example_setup_teardown' retrieved from /home/airflow/.local/lib/python3.8/site-packages/airflow/example_dags/example_setup_teardown.py
[2024-02-14T16:06:40.221+0000] {logging_mixin.py:188} INFO - [2024-02-14T16:06:40.221+0000] {dag.py:3033} INFO - Sync 1 DAGs
[2024-02-14T16:06:40.232+0000] {logging_mixin.py:188} INFO - [2024-02-14T16:06:40.232+0000] {dag.py:3820} INFO - Setting next_dagrun for example_setup_teardown to 2024-02-13T00:00:00+00:00, run_after=2024-02-14T00:00:00+00:00
[2024-02-14T16:06:40.241+0000] {processor.py:183} INFO - Processing /home/airflow/.local/lib/python3.8/site-packages/airflow/example_dags/example_setup_teardown.py took 0.041 seconds
[2024-02-14T16:07:10.439+0000] {processor.py:161} INFO - Started process (PID=534) to work on /home/airflow/.local/lib/python3.8/site-packages/airflow/example_dags/example_setup_teardown.py
[2024-02-14T16:07:10.440+0000] {processor.py:830} INFO - Processing file /home/airflow/.local/lib/python3.8/site-packages/airflow/example_dags/example_setup_teardown.py for tasks to queue
[2024-02-14T16:07:10.442+0000] {logging_mixin.py:188} INFO - [2024-02-14T16:07:10.441+0000] {dagbag.py:538} INFO - Filling up the DagBag from /home/airflow/.local/lib/python3.8/site-packages/airflow/example_dags/example_setup_teardown.py
[2024-02-14T16:07:10.446+0000] {processor.py:840} INFO - DAG(s) 'example_setup_teardown' retrieved from /home/airflow/.local/lib/python3.8/site-packages/airflow/example_dags/example_setup_teardown.py
[2024-02-14T16:07:10.460+0000] {logging_mixin.py:188} INFO - [2024-02-14T16:07:10.460+0000] {dag.py:3033} INFO - Sync 1 DAGs
[2024-02-14T16:07:10.473+0000] {logging_mixin.py:188} INFO - [2024-02-14T16:07:10.473+0000] {dag.py:3820} INFO - Setting next_dagrun for example_setup_teardown to 2024-02-13T00:00:00+00:00, run_after=2024-02-14T00:00:00+00:00
[2024-02-14T16:07:10.484+0000] {processor.py:183} INFO - Processing /home/airflow/.local/lib/python3.8/site-packages/airflow/example_dags/example_setup_teardown.py took 0.048 seconds
[2024-02-14T16:07:40.749+0000] {processor.py:161} INFO - Started process (PID=591) to work on /home/airflow/.local/lib/python3.8/site-packages/airflow/example_dags/example_setup_teardown.py
[2024-02-14T16:07:40.749+0000] {processor.py:830} INFO - Processing file /home/airflow/.local/lib/python3.8/site-packages/airflow/example_dags/example_setup_teardown.py for tasks to queue
[2024-02-14T16:07:40.751+0000] {logging_mixin.py:188} INFO - [2024-02-14T16:07:40.751+0000] {dagbag.py:538} INFO - Filling up the DagBag from /home/airflow/.local/lib/python3.8/site-packages/airflow/example_dags/example_setup_teardown.py
[2024-02-14T16:07:40.756+0000] {processor.py:840} INFO - DAG(s) 'example_setup_teardown' retrieved from /home/airflow/.local/lib/python3.8/site-packages/airflow/example_dags/example_setup_teardown.py
[2024-02-14T16:07:40.769+0000] {logging_mixin.py:188} INFO - [2024-02-14T16:07:40.769+0000] {dag.py:3033} INFO - Sync 1 DAGs
[2024-02-14T16:07:40.780+0000] {logging_mixin.py:188} INFO - [2024-02-14T16:07:40.780+0000] {dag.py:3820} INFO - Setting next_dagrun for example_setup_teardown to 2024-02-13T00:00:00+00:00, run_after=2024-02-14T00:00:00+00:00
[2024-02-14T16:07:40.789+0000] {processor.py:183} INFO - Processing /home/airflow/.local/lib/python3.8/site-packages/airflow/example_dags/example_setup_teardown.py took 0.042 seconds
[2024-02-14T16:08:10.897+0000] {processor.py:161} INFO - Started process (PID=648) to work on /home/airflow/.local/lib/python3.8/site-packages/airflow/example_dags/example_setup_teardown.py
[2024-02-14T16:08:10.898+0000] {processor.py:830} INFO - Processing file /home/airflow/.local/lib/python3.8/site-packages/airflow/example_dags/example_setup_teardown.py for tasks to queue
[2024-02-14T16:08:10.900+0000] {logging_mixin.py:188} INFO - [2024-02-14T16:08:10.899+0000] {dagbag.py:538} INFO - Filling up the DagBag from /home/airflow/.local/lib/python3.8/site-packages/airflow/example_dags/example_setup_teardown.py
[2024-02-14T16:08:10.903+0000] {processor.py:840} INFO - DAG(s) 'example_setup_teardown' retrieved from /home/airflow/.local/lib/python3.8/site-packages/airflow/example_dags/example_setup_teardown.py
[2024-02-14T16:08:10.916+0000] {logging_mixin.py:188} INFO - [2024-02-14T16:08:10.915+0000] {dag.py:3033} INFO - Sync 1 DAGs
[2024-02-14T16:08:10.927+0000] {logging_mixin.py:188} INFO - [2024-02-14T16:08:10.926+0000] {dag.py:3820} INFO - Setting next_dagrun for example_setup_teardown to 2024-02-13T00:00:00+00:00, run_after=2024-02-14T00:00:00+00:00
[2024-02-14T16:08:10.935+0000] {processor.py:183} INFO - Processing /home/airflow/.local/lib/python3.8/site-packages/airflow/example_dags/example_setup_teardown.py took 0.040 seconds
[2024-02-14T16:08:41.179+0000] {processor.py:161} INFO - Started process (PID=705) to work on /home/airflow/.local/lib/python3.8/site-packages/airflow/example_dags/example_setup_teardown.py
[2024-02-14T16:08:41.180+0000] {processor.py:830} INFO - Processing file /home/airflow/.local/lib/python3.8/site-packages/airflow/example_dags/example_setup_teardown.py for tasks to queue
[2024-02-14T16:08:41.181+0000] {logging_mixin.py:188} INFO - [2024-02-14T16:08:41.181+0000] {dagbag.py:538} INFO - Filling up the DagBag from /home/airflow/.local/lib/python3.8/site-packages/airflow/example_dags/example_setup_teardown.py
[2024-02-14T16:08:41.186+0000] {processor.py:840} INFO - DAG(s) 'example_setup_teardown' retrieved from /home/airflow/.local/lib/python3.8/site-packages/airflow/example_dags/example_setup_teardown.py
[2024-02-14T16:08:41.198+0000] {logging_mixin.py:188} INFO - [2024-02-14T16:08:41.198+0000] {dag.py:3033} INFO - Sync 1 DAGs
[2024-02-14T16:08:41.210+0000] {logging_mixin.py:188} INFO - [2024-02-14T16:08:41.210+0000] {dag.py:3820} INFO - Setting next_dagrun for example_setup_teardown to 2024-02-13T00:00:00+00:00, run_after=2024-02-14T00:00:00+00:00
[2024-02-14T16:08:41.218+0000] {processor.py:183} INFO - Processing /home/airflow/.local/lib/python3.8/site-packages/airflow/example_dags/example_setup_teardown.py took 0.041 seconds
[2024-02-14T16:09:12.255+0000] {processor.py:161} INFO - Started process (PID=762) to work on /home/airflow/.local/lib/python3.8/site-packages/airflow/example_dags/example_setup_teardown.py
[2024-02-14T16:09:12.256+0000] {processor.py:830} INFO - Processing file /home/airflow/.local/lib/python3.8/site-packages/airflow/example_dags/example_setup_teardown.py for tasks to queue
[2024-02-14T16:09:12.257+0000] {logging_mixin.py:188} INFO - [2024-02-14T16:09:12.257+0000] {dagbag.py:538} INFO - Filling up the DagBag from /home/airflow/.local/lib/python3.8/site-packages/airflow/example_dags/example_setup_teardown.py
[2024-02-14T16:09:12.262+0000] {processor.py:840} INFO - DAG(s) 'example_setup_teardown' retrieved from /home/airflow/.local/lib/python3.8/site-packages/airflow/example_dags/example_setup_teardown.py
[2024-02-14T16:09:12.275+0000] {logging_mixin.py:188} INFO - [2024-02-14T16:09:12.275+0000] {dag.py:3033} INFO - Sync 1 DAGs
[2024-02-14T16:09:12.286+0000] {logging_mixin.py:188} INFO - [2024-02-14T16:09:12.286+0000] {dag.py:3820} INFO - Setting next_dagrun for example_setup_teardown to 2024-02-13T00:00:00+00:00, run_after=2024-02-14T00:00:00+00:00
[2024-02-14T16:09:12.296+0000] {processor.py:183} INFO - Processing /home/airflow/.local/lib/python3.8/site-packages/airflow/example_dags/example_setup_teardown.py took 0.043 seconds
[2024-02-14T16:09:43.284+0000] {processor.py:161} INFO - Started process (PID=819) to work on /home/airflow/.local/lib/python3.8/site-packages/airflow/example_dags/example_setup_teardown.py
[2024-02-14T16:09:43.285+0000] {processor.py:830} INFO - Processing file /home/airflow/.local/lib/python3.8/site-packages/airflow/example_dags/example_setup_teardown.py for tasks to queue
[2024-02-14T16:09:43.286+0000] {logging_mixin.py:188} INFO - [2024-02-14T16:09:43.286+0000] {dagbag.py:538} INFO - Filling up the DagBag from /home/airflow/.local/lib/python3.8/site-packages/airflow/example_dags/example_setup_teardown.py
[2024-02-14T16:09:43.290+0000] {processor.py:840} INFO - DAG(s) 'example_setup_teardown' retrieved from /home/airflow/.local/lib/python3.8/site-packages/airflow/example_dags/example_setup_teardown.py
[2024-02-14T16:09:43.303+0000] {logging_mixin.py:188} INFO - [2024-02-14T16:09:43.303+0000] {dag.py:3033} INFO - Sync 1 DAGs
[2024-02-14T16:09:43.314+0000] {logging_mixin.py:188} INFO - [2024-02-14T16:09:43.314+0000] {dag.py:3820} INFO - Setting next_dagrun for example_setup_teardown to 2024-02-13T00:00:00+00:00, run_after=2024-02-14T00:00:00+00:00
[2024-02-14T16:09:43.323+0000] {processor.py:183} INFO - Processing /home/airflow/.local/lib/python3.8/site-packages/airflow/example_dags/example_setup_teardown.py took 0.042 seconds
[2024-02-14T16:10:13.504+0000] {processor.py:161} INFO - Started process (PID=876) to work on /home/airflow/.local/lib/python3.8/site-packages/airflow/example_dags/example_setup_teardown.py
[2024-02-14T16:10:13.505+0000] {processor.py:830} INFO - Processing file /home/airflow/.local/lib/python3.8/site-packages/airflow/example_dags/example_setup_teardown.py for tasks to queue
[2024-02-14T16:10:13.507+0000] {logging_mixin.py:188} INFO - [2024-02-14T16:10:13.507+0000] {dagbag.py:538} INFO - Filling up the DagBag from /home/airflow/.local/lib/python3.8/site-packages/airflow/example_dags/example_setup_teardown.py
[2024-02-14T16:10:13.511+0000] {processor.py:840} INFO - DAG(s) 'example_setup_teardown' retrieved from /home/airflow/.local/lib/python3.8/site-packages/airflow/example_dags/example_setup_teardown.py
[2024-02-14T16:10:13.524+0000] {logging_mixin.py:188} INFO - [2024-02-14T16:10:13.524+0000] {dag.py:3033} INFO - Sync 1 DAGs
[2024-02-14T16:10:13.535+0000] {logging_mixin.py:188} INFO - [2024-02-14T16:10:13.535+0000] {dag.py:3820} INFO - Setting next_dagrun for example_setup_teardown to 2024-02-13T00:00:00+00:00, run_after=2024-02-14T00:00:00+00:00
[2024-02-14T16:10:13.546+0000] {processor.py:183} INFO - Processing /home/airflow/.local/lib/python3.8/site-packages/airflow/example_dags/example_setup_teardown.py took 0.044 seconds
[2024-02-14T16:10:43.743+0000] {processor.py:161} INFO - Started process (PID=933) to work on /home/airflow/.local/lib/python3.8/site-packages/airflow/example_dags/example_setup_teardown.py
[2024-02-14T16:10:43.743+0000] {processor.py:830} INFO - Processing file /home/airflow/.local/lib/python3.8/site-packages/airflow/example_dags/example_setup_teardown.py for tasks to queue
[2024-02-14T16:10:43.745+0000] {logging_mixin.py:188} INFO - [2024-02-14T16:10:43.745+0000] {dagbag.py:538} INFO - Filling up the DagBag from /home/airflow/.local/lib/python3.8/site-packages/airflow/example_dags/example_setup_teardown.py
[2024-02-14T16:10:43.749+0000] {processor.py:840} INFO - DAG(s) 'example_setup_teardown' retrieved from /home/airflow/.local/lib/python3.8/site-packages/airflow/example_dags/example_setup_teardown.py
[2024-02-14T16:10:43.761+0000] {logging_mixin.py:188} INFO - [2024-02-14T16:10:43.761+0000] {dag.py:3033} INFO - Sync 1 DAGs
[2024-02-14T16:10:43.772+0000] {logging_mixin.py:188} INFO - [2024-02-14T16:10:43.772+0000] {dag.py:3820} INFO - Setting next_dagrun for example_setup_teardown to 2024-02-13T00:00:00+00:00, run_after=2024-02-14T00:00:00+00:00
[2024-02-14T16:10:43.781+0000] {processor.py:183} INFO - Processing /home/airflow/.local/lib/python3.8/site-packages/airflow/example_dags/example_setup_teardown.py took 0.040 seconds
[2024-02-14T16:11:13.929+0000] {processor.py:161} INFO - Started process (PID=990) to work on /home/airflow/.local/lib/python3.8/site-packages/airflow/example_dags/example_setup_teardown.py
[2024-02-14T16:11:13.930+0000] {processor.py:830} INFO - Processing file /home/airflow/.local/lib/python3.8/site-packages/airflow/example_dags/example_setup_teardown.py for tasks to queue
[2024-02-14T16:11:13.931+0000] {logging_mixin.py:188} INFO - [2024-02-14T16:11:13.931+0000] {dagbag.py:538} INFO - Filling up the DagBag from /home/airflow/.local/lib/python3.8/site-packages/airflow/example_dags/example_setup_teardown.py
[2024-02-14T16:11:13.936+0000] {processor.py:840} INFO - DAG(s) 'example_setup_teardown' retrieved from /home/airflow/.local/lib/python3.8/site-packages/airflow/example_dags/example_setup_teardown.py
[2024-02-14T16:11:13.949+0000] {logging_mixin.py:188} INFO - [2024-02-14T16:11:13.949+0000] {dag.py:3033} INFO - Sync 1 DAGs
[2024-02-14T16:11:13.961+0000] {logging_mixin.py:188} INFO - [2024-02-14T16:11:13.961+0000] {dag.py:3820} INFO - Setting next_dagrun for example_setup_teardown to 2024-02-13T00:00:00+00:00, run_after=2024-02-14T00:00:00+00:00
[2024-02-14T16:11:13.973+0000] {processor.py:183} INFO - Processing /home/airflow/.local/lib/python3.8/site-packages/airflow/example_dags/example_setup_teardown.py took 0.046 seconds
[2024-02-14T16:11:44.176+0000] {processor.py:161} INFO - Started process (PID=1047) to work on /home/airflow/.local/lib/python3.8/site-packages/airflow/example_dags/example_setup_teardown.py
[2024-02-14T16:11:44.176+0000] {processor.py:830} INFO - Processing file /home/airflow/.local/lib/python3.8/site-packages/airflow/example_dags/example_setup_teardown.py for tasks to queue
[2024-02-14T16:11:44.178+0000] {logging_mixin.py:188} INFO - [2024-02-14T16:11:44.178+0000] {dagbag.py:538} INFO - Filling up the DagBag from /home/airflow/.local/lib/python3.8/site-packages/airflow/example_dags/example_setup_teardown.py
[2024-02-14T16:11:44.182+0000] {processor.py:840} INFO - DAG(s) 'example_setup_teardown' retrieved from /home/airflow/.local/lib/python3.8/site-packages/airflow/example_dags/example_setup_teardown.py
[2024-02-14T16:11:44.194+0000] {logging_mixin.py:188} INFO - [2024-02-14T16:11:44.194+0000] {dag.py:3033} INFO - Sync 1 DAGs
[2024-02-14T16:11:44.206+0000] {logging_mixin.py:188} INFO - [2024-02-14T16:11:44.206+0000] {dag.py:3820} INFO - Setting next_dagrun for example_setup_teardown to 2024-02-13T00:00:00+00:00, run_after=2024-02-14T00:00:00+00:00
[2024-02-14T16:11:44.215+0000] {processor.py:183} INFO - Processing /home/airflow/.local/lib/python3.8/site-packages/airflow/example_dags/example_setup_teardown.py took 0.043 seconds
[2024-02-14T16:12:14.362+0000] {processor.py:161} INFO - Started process (PID=1103) to work on /home/airflow/.local/lib/python3.8/site-packages/airflow/example_dags/example_setup_teardown.py
[2024-02-14T16:12:14.363+0000] {processor.py:830} INFO - Processing file /home/airflow/.local/lib/python3.8/site-packages/airflow/example_dags/example_setup_teardown.py for tasks to queue
[2024-02-14T16:12:14.365+0000] {logging_mixin.py:188} INFO - [2024-02-14T16:12:14.365+0000] {dagbag.py:538} INFO - Filling up the DagBag from /home/airflow/.local/lib/python3.8/site-packages/airflow/example_dags/example_setup_teardown.py
[2024-02-14T16:12:14.369+0000] {processor.py:840} INFO - DAG(s) 'example_setup_teardown' retrieved from /home/airflow/.local/lib/python3.8/site-packages/airflow/example_dags/example_setup_teardown.py
[2024-02-14T16:12:14.381+0000] {logging_mixin.py:188} INFO - [2024-02-14T16:12:14.381+0000] {dag.py:3033} INFO - Sync 1 DAGs
[2024-02-14T16:12:14.392+0000] {logging_mixin.py:188} INFO - [2024-02-14T16:12:14.392+0000] {dag.py:3820} INFO - Setting next_dagrun for example_setup_teardown to 2024-02-13T00:00:00+00:00, run_after=2024-02-14T00:00:00+00:00
[2024-02-14T16:12:14.402+0000] {processor.py:183} INFO - Processing /home/airflow/.local/lib/python3.8/site-packages/airflow/example_dags/example_setup_teardown.py took 0.042 seconds
[2024-02-14T16:12:44.499+0000] {processor.py:161} INFO - Started process (PID=1160) to work on /home/airflow/.local/lib/python3.8/site-packages/airflow/example_dags/example_setup_teardown.py
[2024-02-14T16:12:44.500+0000] {processor.py:830} INFO - Processing file /home/airflow/.local/lib/python3.8/site-packages/airflow/example_dags/example_setup_teardown.py for tasks to queue
[2024-02-14T16:12:44.501+0000] {logging_mixin.py:188} INFO - [2024-02-14T16:12:44.501+0000] {dagbag.py:538} INFO - Filling up the DagBag from /home/airflow/.local/lib/python3.8/site-packages/airflow/example_dags/example_setup_teardown.py
[2024-02-14T16:12:44.506+0000] {processor.py:840} INFO - DAG(s) 'example_setup_teardown' retrieved from /home/airflow/.local/lib/python3.8/site-packages/airflow/example_dags/example_setup_teardown.py
[2024-02-14T16:12:44.518+0000] {logging_mixin.py:188} INFO - [2024-02-14T16:12:44.518+0000] {dag.py:3033} INFO - Sync 1 DAGs
[2024-02-14T16:12:44.529+0000] {logging_mixin.py:188} INFO - [2024-02-14T16:12:44.529+0000] {dag.py:3820} INFO - Setting next_dagrun for example_setup_teardown to 2024-02-13T00:00:00+00:00, run_after=2024-02-14T00:00:00+00:00
[2024-02-14T16:12:44.538+0000] {processor.py:183} INFO - Processing /home/airflow/.local/lib/python3.8/site-packages/airflow/example_dags/example_setup_teardown.py took 0.041 seconds
[2024-02-14T16:13:15.697+0000] {processor.py:161} INFO - Started process (PID=1217) to work on /home/airflow/.local/lib/python3.8/site-packages/airflow/example_dags/example_setup_teardown.py
[2024-02-14T16:13:15.698+0000] {processor.py:830} INFO - Processing file /home/airflow/.local/lib/python3.8/site-packages/airflow/example_dags/example_setup_teardown.py for tasks to queue
[2024-02-14T16:13:15.699+0000] {logging_mixin.py:188} INFO - [2024-02-14T16:13:15.699+0000] {dagbag.py:538} INFO - Filling up the DagBag from /home/airflow/.local/lib/python3.8/site-packages/airflow/example_dags/example_setup_teardown.py
[2024-02-14T16:13:15.704+0000] {processor.py:840} INFO - DAG(s) 'example_setup_teardown' retrieved from /home/airflow/.local/lib/python3.8/site-packages/airflow/example_dags/example_setup_teardown.py
[2024-02-14T16:13:15.716+0000] {logging_mixin.py:188} INFO - [2024-02-14T16:13:15.715+0000] {dag.py:3033} INFO - Sync 1 DAGs
[2024-02-14T16:13:15.727+0000] {logging_mixin.py:188} INFO - [2024-02-14T16:13:15.727+0000] {dag.py:3820} INFO - Setting next_dagrun for example_setup_teardown to 2024-02-13T00:00:00+00:00, run_after=2024-02-14T00:00:00+00:00
[2024-02-14T16:13:15.735+0000] {processor.py:183} INFO - Processing /home/airflow/.local/lib/python3.8/site-packages/airflow/example_dags/example_setup_teardown.py took 0.040 seconds
[2024-02-14T16:13:46.058+0000] {processor.py:161} INFO - Started process (PID=1274) to work on /home/airflow/.local/lib/python3.8/site-packages/airflow/example_dags/example_setup_teardown.py
[2024-02-14T16:13:46.059+0000] {processor.py:830} INFO - Processing file /home/airflow/.local/lib/python3.8/site-packages/airflow/example_dags/example_setup_teardown.py for tasks to queue
[2024-02-14T16:13:46.061+0000] {logging_mixin.py:188} INFO - [2024-02-14T16:13:46.061+0000] {dagbag.py:538} INFO - Filling up the DagBag from /home/airflow/.local/lib/python3.8/site-packages/airflow/example_dags/example_setup_teardown.py
[2024-02-14T16:13:46.065+0000] {processor.py:840} INFO - DAG(s) 'example_setup_teardown' retrieved from /home/airflow/.local/lib/python3.8/site-packages/airflow/example_dags/example_setup_teardown.py
[2024-02-14T16:13:46.078+0000] {logging_mixin.py:188} INFO - [2024-02-14T16:13:46.078+0000] {dag.py:3033} INFO - Sync 1 DAGs
[2024-02-14T16:13:46.090+0000] {logging_mixin.py:188} INFO - [2024-02-14T16:13:46.089+0000] {dag.py:3820} INFO - Setting next_dagrun for example_setup_teardown to 2024-02-13T00:00:00+00:00, run_after=2024-02-14T00:00:00+00:00
[2024-02-14T16:13:46.100+0000] {processor.py:183} INFO - Processing /home/airflow/.local/lib/python3.8/site-packages/airflow/example_dags/example_setup_teardown.py took 0.044 seconds
[2024-02-14T16:14:17.130+0000] {processor.py:161} INFO - Started process (PID=1331) to work on /home/airflow/.local/lib/python3.8/site-packages/airflow/example_dags/example_setup_teardown.py
[2024-02-14T16:14:17.131+0000] {processor.py:830} INFO - Processing file /home/airflow/.local/lib/python3.8/site-packages/airflow/example_dags/example_setup_teardown.py for tasks to queue
[2024-02-14T16:14:17.133+0000] {logging_mixin.py:188} INFO - [2024-02-14T16:14:17.132+0000] {dagbag.py:538} INFO - Filling up the DagBag from /home/airflow/.local/lib/python3.8/site-packages/airflow/example_dags/example_setup_teardown.py
[2024-02-14T16:14:17.137+0000] {processor.py:840} INFO - DAG(s) 'example_setup_teardown' retrieved from /home/airflow/.local/lib/python3.8/site-packages/airflow/example_dags/example_setup_teardown.py
[2024-02-14T16:14:17.155+0000] {logging_mixin.py:188} INFO - [2024-02-14T16:14:17.155+0000] {dag.py:3033} INFO - Sync 1 DAGs
[2024-02-14T16:14:17.168+0000] {logging_mixin.py:188} INFO - [2024-02-14T16:14:17.168+0000] {dag.py:3820} INFO - Setting next_dagrun for example_setup_teardown to 2024-02-13T00:00:00+00:00, run_after=2024-02-14T00:00:00+00:00
[2024-02-14T16:14:17.178+0000] {processor.py:183} INFO - Processing /home/airflow/.local/lib/python3.8/site-packages/airflow/example_dags/example_setup_teardown.py took 0.050 seconds
[2024-02-14T16:14:47.371+0000] {processor.py:161} INFO - Started process (PID=1388) to work on /home/airflow/.local/lib/python3.8/site-packages/airflow/example_dags/example_setup_teardown.py
[2024-02-14T16:14:47.372+0000] {processor.py:830} INFO - Processing file /home/airflow/.local/lib/python3.8/site-packages/airflow/example_dags/example_setup_teardown.py for tasks to queue
[2024-02-14T16:14:47.373+0000] {logging_mixin.py:188} INFO - [2024-02-14T16:14:47.373+0000] {dagbag.py:538} INFO - Filling up the DagBag from /home/airflow/.local/lib/python3.8/site-packages/airflow/example_dags/example_setup_teardown.py
[2024-02-14T16:14:47.377+0000] {processor.py:840} INFO - DAG(s) 'example_setup_teardown' retrieved from /home/airflow/.local/lib/python3.8/site-packages/airflow/example_dags/example_setup_teardown.py
[2024-02-14T16:14:47.389+0000] {logging_mixin.py:188} INFO - [2024-02-14T16:14:47.389+0000] {dag.py:3033} INFO - Sync 1 DAGs
[2024-02-14T16:14:47.400+0000] {logging_mixin.py:188} INFO - [2024-02-14T16:14:47.400+0000] {dag.py:3820} INFO - Setting next_dagrun for example_setup_teardown to 2024-02-13T00:00:00+00:00, run_after=2024-02-14T00:00:00+00:00
[2024-02-14T16:14:47.410+0000] {processor.py:183} INFO - Processing /home/airflow/.local/lib/python3.8/site-packages/airflow/example_dags/example_setup_teardown.py took 0.041 seconds
[2024-02-14T16:15:18.507+0000] {processor.py:161} INFO - Started process (PID=1444) to work on /home/airflow/.local/lib/python3.8/site-packages/airflow/example_dags/example_setup_teardown.py
[2024-02-14T16:15:18.508+0000] {processor.py:830} INFO - Processing file /home/airflow/.local/lib/python3.8/site-packages/airflow/example_dags/example_setup_teardown.py for tasks to queue
[2024-02-14T16:15:18.509+0000] {logging_mixin.py:188} INFO - [2024-02-14T16:15:18.509+0000] {dagbag.py:538} INFO - Filling up the DagBag from /home/airflow/.local/lib/python3.8/site-packages/airflow/example_dags/example_setup_teardown.py
[2024-02-14T16:15:18.514+0000] {processor.py:840} INFO - DAG(s) 'example_setup_teardown' retrieved from /home/airflow/.local/lib/python3.8/site-packages/airflow/example_dags/example_setup_teardown.py
[2024-02-14T16:15:18.526+0000] {logging_mixin.py:188} INFO - [2024-02-14T16:15:18.526+0000] {dag.py:3033} INFO - Sync 1 DAGs
[2024-02-14T16:15:18.538+0000] {logging_mixin.py:188} INFO - [2024-02-14T16:15:18.538+0000] {dag.py:3820} INFO - Setting next_dagrun for example_setup_teardown to 2024-02-13T00:00:00+00:00, run_after=2024-02-14T00:00:00+00:00
[2024-02-14T16:15:18.547+0000] {processor.py:183} INFO - Processing /home/airflow/.local/lib/python3.8/site-packages/airflow/example_dags/example_setup_teardown.py took 0.042 seconds
[2024-02-14T16:15:48.808+0000] {processor.py:161} INFO - Started process (PID=1500) to work on /home/airflow/.local/lib/python3.8/site-packages/airflow/example_dags/example_setup_teardown.py
[2024-02-14T16:15:48.809+0000] {processor.py:830} INFO - Processing file /home/airflow/.local/lib/python3.8/site-packages/airflow/example_dags/example_setup_teardown.py for tasks to queue
[2024-02-14T16:15:48.811+0000] {logging_mixin.py:188} INFO - [2024-02-14T16:15:48.810+0000] {dagbag.py:538} INFO - Filling up the DagBag from /home/airflow/.local/lib/python3.8/site-packages/airflow/example_dags/example_setup_teardown.py
[2024-02-14T16:15:48.815+0000] {processor.py:840} INFO - DAG(s) 'example_setup_teardown' retrieved from /home/airflow/.local/lib/python3.8/site-packages/airflow/example_dags/example_setup_teardown.py
[2024-02-14T16:15:48.828+0000] {logging_mixin.py:188} INFO - [2024-02-14T16:15:48.828+0000] {dag.py:3033} INFO - Sync 1 DAGs
[2024-02-14T16:15:48.840+0000] {logging_mixin.py:188} INFO - [2024-02-14T16:15:48.840+0000] {dag.py:3820} INFO - Setting next_dagrun for example_setup_teardown to 2024-02-13T00:00:00+00:00, run_after=2024-02-14T00:00:00+00:00
[2024-02-14T16:15:48.850+0000] {processor.py:183} INFO - Processing /home/airflow/.local/lib/python3.8/site-packages/airflow/example_dags/example_setup_teardown.py took 0.044 seconds
[2024-02-14T16:16:19.956+0000] {processor.py:161} INFO - Started process (PID=1557) to work on /home/airflow/.local/lib/python3.8/site-packages/airflow/example_dags/example_setup_teardown.py
[2024-02-14T16:16:19.957+0000] {processor.py:830} INFO - Processing file /home/airflow/.local/lib/python3.8/site-packages/airflow/example_dags/example_setup_teardown.py for tasks to queue
[2024-02-14T16:16:19.958+0000] {logging_mixin.py:188} INFO - [2024-02-14T16:16:19.958+0000] {dagbag.py:538} INFO - Filling up the DagBag from /home/airflow/.local/lib/python3.8/site-packages/airflow/example_dags/example_setup_teardown.py
[2024-02-14T16:16:19.963+0000] {processor.py:840} INFO - DAG(s) 'example_setup_teardown' retrieved from /home/airflow/.local/lib/python3.8/site-packages/airflow/example_dags/example_setup_teardown.py
[2024-02-14T16:16:19.975+0000] {logging_mixin.py:188} INFO - [2024-02-14T16:16:19.975+0000] {dag.py:3033} INFO - Sync 1 DAGs
[2024-02-14T16:16:19.987+0000] {logging_mixin.py:188} INFO - [2024-02-14T16:16:19.987+0000] {dag.py:3820} INFO - Setting next_dagrun for example_setup_teardown to 2024-02-13T00:00:00+00:00, run_after=2024-02-14T00:00:00+00:00
[2024-02-14T16:16:19.996+0000] {processor.py:183} INFO - Processing /home/airflow/.local/lib/python3.8/site-packages/airflow/example_dags/example_setup_teardown.py took 0.042 seconds
[2024-02-14T16:16:50.946+0000] {processor.py:161} INFO - Started process (PID=1614) to work on /home/airflow/.local/lib/python3.8/site-packages/airflow/example_dags/example_setup_teardown.py
[2024-02-14T16:16:50.947+0000] {processor.py:830} INFO - Processing file /home/airflow/.local/lib/python3.8/site-packages/airflow/example_dags/example_setup_teardown.py for tasks to queue
[2024-02-14T16:16:50.948+0000] {logging_mixin.py:188} INFO - [2024-02-14T16:16:50.948+0000] {dagbag.py:538} INFO - Filling up the DagBag from /home/airflow/.local/lib/python3.8/site-packages/airflow/example_dags/example_setup_teardown.py
[2024-02-14T16:16:50.952+0000] {processor.py:840} INFO - DAG(s) 'example_setup_teardown' retrieved from /home/airflow/.local/lib/python3.8/site-packages/airflow/example_dags/example_setup_teardown.py
[2024-02-14T16:16:50.965+0000] {logging_mixin.py:188} INFO - [2024-02-14T16:16:50.964+0000] {dag.py:3033} INFO - Sync 1 DAGs
[2024-02-14T16:16:50.976+0000] {logging_mixin.py:188} INFO - [2024-02-14T16:16:50.976+0000] {dag.py:3820} INFO - Setting next_dagrun for example_setup_teardown to 2024-02-13T00:00:00+00:00, run_after=2024-02-14T00:00:00+00:00
[2024-02-14T16:16:50.985+0000] {processor.py:183} INFO - Processing /home/airflow/.local/lib/python3.8/site-packages/airflow/example_dags/example_setup_teardown.py took 0.042 seconds
[2024-02-14T16:17:21.252+0000] {processor.py:161} INFO - Started process (PID=1671) to work on /home/airflow/.local/lib/python3.8/site-packages/airflow/example_dags/example_setup_teardown.py
[2024-02-14T16:17:21.253+0000] {processor.py:830} INFO - Processing file /home/airflow/.local/lib/python3.8/site-packages/airflow/example_dags/example_setup_teardown.py for tasks to queue
[2024-02-14T16:17:21.254+0000] {logging_mixin.py:188} INFO - [2024-02-14T16:17:21.254+0000] {dagbag.py:538} INFO - Filling up the DagBag from /home/airflow/.local/lib/python3.8/site-packages/airflow/example_dags/example_setup_teardown.py
[2024-02-14T16:17:21.258+0000] {processor.py:840} INFO - DAG(s) 'example_setup_teardown' retrieved from /home/airflow/.local/lib/python3.8/site-packages/airflow/example_dags/example_setup_teardown.py
[2024-02-14T16:17:21.270+0000] {logging_mixin.py:188} INFO - [2024-02-14T16:17:21.270+0000] {dag.py:3033} INFO - Sync 1 DAGs
[2024-02-14T16:17:21.281+0000] {logging_mixin.py:188} INFO - [2024-02-14T16:17:21.281+0000] {dag.py:3820} INFO - Setting next_dagrun for example_setup_teardown to 2024-02-13T00:00:00+00:00, run_after=2024-02-14T00:00:00+00:00
[2024-02-14T16:17:21.289+0000] {processor.py:183} INFO - Processing /home/airflow/.local/lib/python3.8/site-packages/airflow/example_dags/example_setup_teardown.py took 0.039 seconds
[2024-02-14T16:17:51.454+0000] {processor.py:161} INFO - Started process (PID=1728) to work on /home/airflow/.local/lib/python3.8/site-packages/airflow/example_dags/example_setup_teardown.py
[2024-02-14T16:17:51.454+0000] {processor.py:830} INFO - Processing file /home/airflow/.local/lib/python3.8/site-packages/airflow/example_dags/example_setup_teardown.py for tasks to queue
[2024-02-14T16:17:51.456+0000] {logging_mixin.py:188} INFO - [2024-02-14T16:17:51.456+0000] {dagbag.py:538} INFO - Filling up the DagBag from /home/airflow/.local/lib/python3.8/site-packages/airflow/example_dags/example_setup_teardown.py
[2024-02-14T16:17:51.460+0000] {processor.py:840} INFO - DAG(s) 'example_setup_teardown' retrieved from /home/airflow/.local/lib/python3.8/site-packages/airflow/example_dags/example_setup_teardown.py
[2024-02-14T16:17:51.471+0000] {logging_mixin.py:188} INFO - [2024-02-14T16:17:51.471+0000] {dag.py:3033} INFO - Sync 1 DAGs
[2024-02-14T16:17:51.482+0000] {logging_mixin.py:188} INFO - [2024-02-14T16:17:51.482+0000] {dag.py:3820} INFO - Setting next_dagrun for example_setup_teardown to 2024-02-13T00:00:00+00:00, run_after=2024-02-14T00:00:00+00:00
[2024-02-14T16:17:51.492+0000] {processor.py:183} INFO - Processing /home/airflow/.local/lib/python3.8/site-packages/airflow/example_dags/example_setup_teardown.py took 0.041 seconds
[2024-02-14T16:18:21.692+0000] {processor.py:161} INFO - Started process (PID=1785) to work on /home/airflow/.local/lib/python3.8/site-packages/airflow/example_dags/example_setup_teardown.py
[2024-02-14T16:18:21.692+0000] {processor.py:830} INFO - Processing file /home/airflow/.local/lib/python3.8/site-packages/airflow/example_dags/example_setup_teardown.py for tasks to queue
[2024-02-14T16:18:21.693+0000] {logging_mixin.py:188} INFO - [2024-02-14T16:18:21.693+0000] {dagbag.py:538} INFO - Filling up the DagBag from /home/airflow/.local/lib/python3.8/site-packages/airflow/example_dags/example_setup_teardown.py
[2024-02-14T16:18:21.698+0000] {processor.py:840} INFO - DAG(s) 'example_setup_teardown' retrieved from /home/airflow/.local/lib/python3.8/site-packages/airflow/example_dags/example_setup_teardown.py
[2024-02-14T16:18:21.709+0000] {logging_mixin.py:188} INFO - [2024-02-14T16:18:21.709+0000] {dag.py:3033} INFO - Sync 1 DAGs
[2024-02-14T16:18:21.719+0000] {logging_mixin.py:188} INFO - [2024-02-14T16:18:21.719+0000] {dag.py:3820} INFO - Setting next_dagrun for example_setup_teardown to 2024-02-13T00:00:00+00:00, run_after=2024-02-14T00:00:00+00:00
[2024-02-14T16:18:21.728+0000] {processor.py:183} INFO - Processing /home/airflow/.local/lib/python3.8/site-packages/airflow/example_dags/example_setup_teardown.py took 0.038 seconds
[2024-02-14T16:18:51.959+0000] {processor.py:161} INFO - Started process (PID=1842) to work on /home/airflow/.local/lib/python3.8/site-packages/airflow/example_dags/example_setup_teardown.py
[2024-02-14T16:18:51.960+0000] {processor.py:830} INFO - Processing file /home/airflow/.local/lib/python3.8/site-packages/airflow/example_dags/example_setup_teardown.py for tasks to queue
[2024-02-14T16:18:51.962+0000] {logging_mixin.py:188} INFO - [2024-02-14T16:18:51.961+0000] {dagbag.py:538} INFO - Filling up the DagBag from /home/airflow/.local/lib/python3.8/site-packages/airflow/example_dags/example_setup_teardown.py
[2024-02-14T16:18:51.966+0000] {processor.py:840} INFO - DAG(s) 'example_setup_teardown' retrieved from /home/airflow/.local/lib/python3.8/site-packages/airflow/example_dags/example_setup_teardown.py
[2024-02-14T16:18:51.979+0000] {logging_mixin.py:188} INFO - [2024-02-14T16:18:51.979+0000] {dag.py:3033} INFO - Sync 1 DAGs
[2024-02-14T16:18:51.990+0000] {logging_mixin.py:188} INFO - [2024-02-14T16:18:51.990+0000] {dag.py:3820} INFO - Setting next_dagrun for example_setup_teardown to 2024-02-13T00:00:00+00:00, run_after=2024-02-14T00:00:00+00:00
[2024-02-14T16:18:52.000+0000] {processor.py:183} INFO - Processing /home/airflow/.local/lib/python3.8/site-packages/airflow/example_dags/example_setup_teardown.py took 0.043 seconds
[2024-02-14T16:19:22.333+0000] {processor.py:161} INFO - Started process (PID=1899) to work on /home/airflow/.local/lib/python3.8/site-packages/airflow/example_dags/example_setup_teardown.py
[2024-02-14T16:19:22.333+0000] {processor.py:830} INFO - Processing file /home/airflow/.local/lib/python3.8/site-packages/airflow/example_dags/example_setup_teardown.py for tasks to queue
[2024-02-14T16:19:22.335+0000] {logging_mixin.py:188} INFO - [2024-02-14T16:19:22.335+0000] {dagbag.py:538} INFO - Filling up the DagBag from /home/airflow/.local/lib/python3.8/site-packages/airflow/example_dags/example_setup_teardown.py
[2024-02-14T16:19:22.339+0000] {processor.py:840} INFO - DAG(s) 'example_setup_teardown' retrieved from /home/airflow/.local/lib/python3.8/site-packages/airflow/example_dags/example_setup_teardown.py
[2024-02-14T16:19:22.350+0000] {logging_mixin.py:188} INFO - [2024-02-14T16:19:22.350+0000] {dag.py:3033} INFO - Sync 1 DAGs
[2024-02-14T16:19:22.361+0000] {logging_mixin.py:188} INFO - [2024-02-14T16:19:22.361+0000] {dag.py:3820} INFO - Setting next_dagrun for example_setup_teardown to 2024-02-13T00:00:00+00:00, run_after=2024-02-14T00:00:00+00:00
[2024-02-14T16:19:22.371+0000] {processor.py:183} INFO - Processing /home/airflow/.local/lib/python3.8/site-packages/airflow/example_dags/example_setup_teardown.py took 0.041 seconds
[2024-02-14T16:19:52.498+0000] {processor.py:161} INFO - Started process (PID=1956) to work on /home/airflow/.local/lib/python3.8/site-packages/airflow/example_dags/example_setup_teardown.py
[2024-02-14T16:19:52.499+0000] {processor.py:830} INFO - Processing file /home/airflow/.local/lib/python3.8/site-packages/airflow/example_dags/example_setup_teardown.py for tasks to queue
[2024-02-14T16:19:52.500+0000] {logging_mixin.py:188} INFO - [2024-02-14T16:19:52.500+0000] {dagbag.py:538} INFO - Filling up the DagBag from /home/airflow/.local/lib/python3.8/site-packages/airflow/example_dags/example_setup_teardown.py
[2024-02-14T16:19:52.504+0000] {processor.py:840} INFO - DAG(s) 'example_setup_teardown' retrieved from /home/airflow/.local/lib/python3.8/site-packages/airflow/example_dags/example_setup_teardown.py
[2024-02-14T16:19:52.517+0000] {logging_mixin.py:188} INFO - [2024-02-14T16:19:52.517+0000] {dag.py:3033} INFO - Sync 1 DAGs
[2024-02-14T16:19:52.528+0000] {logging_mixin.py:188} INFO - [2024-02-14T16:19:52.528+0000] {dag.py:3820} INFO - Setting next_dagrun for example_setup_teardown to 2024-02-13T00:00:00+00:00, run_after=2024-02-14T00:00:00+00:00
[2024-02-14T16:19:52.537+0000] {processor.py:183} INFO - Processing /home/airflow/.local/lib/python3.8/site-packages/airflow/example_dags/example_setup_teardown.py took 0.041 seconds
[2024-02-14T16:20:22.550+0000] {processor.py:161} INFO - Started process (PID=2012) to work on /home/airflow/.local/lib/python3.8/site-packages/airflow/example_dags/example_setup_teardown.py
[2024-02-14T16:20:22.551+0000] {processor.py:830} INFO - Processing file /home/airflow/.local/lib/python3.8/site-packages/airflow/example_dags/example_setup_teardown.py for tasks to queue
[2024-02-14T16:20:22.552+0000] {logging_mixin.py:188} INFO - [2024-02-14T16:20:22.552+0000] {dagbag.py:538} INFO - Filling up the DagBag from /home/airflow/.local/lib/python3.8/site-packages/airflow/example_dags/example_setup_teardown.py
[2024-02-14T16:20:22.556+0000] {processor.py:840} INFO - DAG(s) 'example_setup_teardown' retrieved from /home/airflow/.local/lib/python3.8/site-packages/airflow/example_dags/example_setup_teardown.py
[2024-02-14T16:20:22.568+0000] {logging_mixin.py:188} INFO - [2024-02-14T16:20:22.568+0000] {dag.py:3033} INFO - Sync 1 DAGs
[2024-02-14T16:20:22.581+0000] {logging_mixin.py:188} INFO - [2024-02-14T16:20:22.580+0000] {dag.py:3820} INFO - Setting next_dagrun for example_setup_teardown to 2024-02-13T00:00:00+00:00, run_after=2024-02-14T00:00:00+00:00
[2024-02-14T16:20:22.591+0000] {processor.py:183} INFO - Processing /home/airflow/.local/lib/python3.8/site-packages/airflow/example_dags/example_setup_teardown.py took 0.043 seconds
[2024-02-14T16:20:52.921+0000] {processor.py:161} INFO - Started process (PID=2069) to work on /home/airflow/.local/lib/python3.8/site-packages/airflow/example_dags/example_setup_teardown.py
[2024-02-14T16:20:52.922+0000] {processor.py:830} INFO - Processing file /home/airflow/.local/lib/python3.8/site-packages/airflow/example_dags/example_setup_teardown.py for tasks to queue
[2024-02-14T16:20:52.923+0000] {logging_mixin.py:188} INFO - [2024-02-14T16:20:52.923+0000] {dagbag.py:538} INFO - Filling up the DagBag from /home/airflow/.local/lib/python3.8/site-packages/airflow/example_dags/example_setup_teardown.py
[2024-02-14T16:20:52.928+0000] {processor.py:840} INFO - DAG(s) 'example_setup_teardown' retrieved from /home/airflow/.local/lib/python3.8/site-packages/airflow/example_dags/example_setup_teardown.py
[2024-02-14T16:20:52.943+0000] {logging_mixin.py:188} INFO - [2024-02-14T16:20:52.943+0000] {dag.py:3033} INFO - Sync 1 DAGs
[2024-02-14T16:20:52.956+0000] {logging_mixin.py:188} INFO - [2024-02-14T16:20:52.956+0000] {dag.py:3820} INFO - Setting next_dagrun for example_setup_teardown to 2024-02-13T00:00:00+00:00, run_after=2024-02-14T00:00:00+00:00
[2024-02-14T16:20:52.968+0000] {processor.py:183} INFO - Processing /home/airflow/.local/lib/python3.8/site-packages/airflow/example_dags/example_setup_teardown.py took 0.049 seconds
[2024-02-14T16:21:23.535+0000] {processor.py:161} INFO - Started process (PID=2127) to work on /home/airflow/.local/lib/python3.8/site-packages/airflow/example_dags/example_setup_teardown.py
[2024-02-14T16:21:23.536+0000] {processor.py:830} INFO - Processing file /home/airflow/.local/lib/python3.8/site-packages/airflow/example_dags/example_setup_teardown.py for tasks to queue
[2024-02-14T16:21:23.538+0000] {logging_mixin.py:188} INFO - [2024-02-14T16:21:23.537+0000] {dagbag.py:538} INFO - Filling up the DagBag from /home/airflow/.local/lib/python3.8/site-packages/airflow/example_dags/example_setup_teardown.py
[2024-02-14T16:21:23.542+0000] {processor.py:840} INFO - DAG(s) 'example_setup_teardown' retrieved from /home/airflow/.local/lib/python3.8/site-packages/airflow/example_dags/example_setup_teardown.py
[2024-02-14T16:21:23.554+0000] {logging_mixin.py:188} INFO - [2024-02-14T16:21:23.554+0000] {dag.py:3033} INFO - Sync 1 DAGs
[2024-02-14T16:21:23.567+0000] {logging_mixin.py:188} INFO - [2024-02-14T16:21:23.567+0000] {dag.py:3820} INFO - Setting next_dagrun for example_setup_teardown to 2024-02-13T00:00:00+00:00, run_after=2024-02-14T00:00:00+00:00
[2024-02-14T16:21:23.576+0000] {processor.py:183} INFO - Processing /home/airflow/.local/lib/python3.8/site-packages/airflow/example_dags/example_setup_teardown.py took 0.043 seconds
[2024-02-14T16:21:53.981+0000] {processor.py:161} INFO - Started process (PID=2183) to work on /home/airflow/.local/lib/python3.8/site-packages/airflow/example_dags/example_setup_teardown.py
[2024-02-14T16:21:53.981+0000] {processor.py:830} INFO - Processing file /home/airflow/.local/lib/python3.8/site-packages/airflow/example_dags/example_setup_teardown.py for tasks to queue
[2024-02-14T16:21:53.983+0000] {logging_mixin.py:188} INFO - [2024-02-14T16:21:53.983+0000] {dagbag.py:538} INFO - Filling up the DagBag from /home/airflow/.local/lib/python3.8/site-packages/airflow/example_dags/example_setup_teardown.py
[2024-02-14T16:21:53.987+0000] {processor.py:840} INFO - DAG(s) 'example_setup_teardown' retrieved from /home/airflow/.local/lib/python3.8/site-packages/airflow/example_dags/example_setup_teardown.py
[2024-02-14T16:21:54.000+0000] {logging_mixin.py:188} INFO - [2024-02-14T16:21:54.000+0000] {dag.py:3033} INFO - Sync 1 DAGs
[2024-02-14T16:21:54.012+0000] {logging_mixin.py:188} INFO - [2024-02-14T16:21:54.012+0000] {dag.py:3820} INFO - Setting next_dagrun for example_setup_teardown to 2024-02-13T00:00:00+00:00, run_after=2024-02-14T00:00:00+00:00
[2024-02-14T16:21:54.021+0000] {processor.py:183} INFO - Processing /home/airflow/.local/lib/python3.8/site-packages/airflow/example_dags/example_setup_teardown.py took 0.043 seconds
[2024-02-14T16:22:24.818+0000] {processor.py:161} INFO - Started process (PID=2240) to work on /home/airflow/.local/lib/python3.8/site-packages/airflow/example_dags/example_setup_teardown.py
[2024-02-14T16:22:24.819+0000] {processor.py:830} INFO - Processing file /home/airflow/.local/lib/python3.8/site-packages/airflow/example_dags/example_setup_teardown.py for tasks to queue
[2024-02-14T16:22:24.821+0000] {logging_mixin.py:188} INFO - [2024-02-14T16:22:24.820+0000] {dagbag.py:538} INFO - Filling up the DagBag from /home/airflow/.local/lib/python3.8/site-packages/airflow/example_dags/example_setup_teardown.py
[2024-02-14T16:22:24.825+0000] {processor.py:840} INFO - DAG(s) 'example_setup_teardown' retrieved from /home/airflow/.local/lib/python3.8/site-packages/airflow/example_dags/example_setup_teardown.py
[2024-02-14T16:22:24.954+0000] {logging_mixin.py:188} INFO - [2024-02-14T16:22:24.954+0000] {dag.py:3033} INFO - Sync 1 DAGs
[2024-02-14T16:22:24.965+0000] {logging_mixin.py:188} INFO - [2024-02-14T16:22:24.965+0000] {dag.py:3820} INFO - Setting next_dagrun for example_setup_teardown to 2024-02-13T00:00:00+00:00, run_after=2024-02-14T00:00:00+00:00
[2024-02-14T16:22:24.976+0000] {processor.py:183} INFO - Processing /home/airflow/.local/lib/python3.8/site-packages/airflow/example_dags/example_setup_teardown.py took 0.159 seconds
[2024-02-14T16:22:55.061+0000] {processor.py:161} INFO - Started process (PID=2297) to work on /home/airflow/.local/lib/python3.8/site-packages/airflow/example_dags/example_setup_teardown.py
[2024-02-14T16:22:55.062+0000] {processor.py:830} INFO - Processing file /home/airflow/.local/lib/python3.8/site-packages/airflow/example_dags/example_setup_teardown.py for tasks to queue
[2024-02-14T16:22:55.063+0000] {logging_mixin.py:188} INFO - [2024-02-14T16:22:55.063+0000] {dagbag.py:538} INFO - Filling up the DagBag from /home/airflow/.local/lib/python3.8/site-packages/airflow/example_dags/example_setup_teardown.py
[2024-02-14T16:22:55.068+0000] {processor.py:840} INFO - DAG(s) 'example_setup_teardown' retrieved from /home/airflow/.local/lib/python3.8/site-packages/airflow/example_dags/example_setup_teardown.py
[2024-02-14T16:22:55.186+0000] {logging_mixin.py:188} INFO - [2024-02-14T16:22:55.186+0000] {dag.py:3033} INFO - Sync 1 DAGs
[2024-02-14T16:22:55.197+0000] {logging_mixin.py:188} INFO - [2024-02-14T16:22:55.196+0000] {dag.py:3820} INFO - Setting next_dagrun for example_setup_teardown to 2024-02-13T00:00:00+00:00, run_after=2024-02-14T00:00:00+00:00
[2024-02-14T16:22:55.206+0000] {processor.py:183} INFO - Processing /home/airflow/.local/lib/python3.8/site-packages/airflow/example_dags/example_setup_teardown.py took 0.147 seconds
[2024-02-14T16:23:25.550+0000] {processor.py:161} INFO - Started process (PID=2354) to work on /home/airflow/.local/lib/python3.8/site-packages/airflow/example_dags/example_setup_teardown.py
[2024-02-14T16:23:25.550+0000] {processor.py:830} INFO - Processing file /home/airflow/.local/lib/python3.8/site-packages/airflow/example_dags/example_setup_teardown.py for tasks to queue
[2024-02-14T16:23:25.552+0000] {logging_mixin.py:188} INFO - [2024-02-14T16:23:25.552+0000] {dagbag.py:538} INFO - Filling up the DagBag from /home/airflow/.local/lib/python3.8/site-packages/airflow/example_dags/example_setup_teardown.py
[2024-02-14T16:23:25.556+0000] {processor.py:840} INFO - DAG(s) 'example_setup_teardown' retrieved from /home/airflow/.local/lib/python3.8/site-packages/airflow/example_dags/example_setup_teardown.py
[2024-02-14T16:23:25.568+0000] {logging_mixin.py:188} INFO - [2024-02-14T16:23:25.568+0000] {dag.py:3033} INFO - Sync 1 DAGs
[2024-02-14T16:23:25.580+0000] {logging_mixin.py:188} INFO - [2024-02-14T16:23:25.580+0000] {dag.py:3820} INFO - Setting next_dagrun for example_setup_teardown to 2024-02-13T00:00:00+00:00, run_after=2024-02-14T00:00:00+00:00
[2024-02-14T16:23:25.589+0000] {processor.py:183} INFO - Processing /home/airflow/.local/lib/python3.8/site-packages/airflow/example_dags/example_setup_teardown.py took 0.041 seconds
[2024-02-14T16:23:55.793+0000] {processor.py:161} INFO - Started process (PID=2411) to work on /home/airflow/.local/lib/python3.8/site-packages/airflow/example_dags/example_setup_teardown.py
[2024-02-14T16:23:55.794+0000] {processor.py:830} INFO - Processing file /home/airflow/.local/lib/python3.8/site-packages/airflow/example_dags/example_setup_teardown.py for tasks to queue
[2024-02-14T16:23:55.795+0000] {logging_mixin.py:188} INFO - [2024-02-14T16:23:55.795+0000] {dagbag.py:538} INFO - Filling up the DagBag from /home/airflow/.local/lib/python3.8/site-packages/airflow/example_dags/example_setup_teardown.py
[2024-02-14T16:23:55.800+0000] {processor.py:840} INFO - DAG(s) 'example_setup_teardown' retrieved from /home/airflow/.local/lib/python3.8/site-packages/airflow/example_dags/example_setup_teardown.py
[2024-02-14T16:23:55.812+0000] {logging_mixin.py:188} INFO - [2024-02-14T16:23:55.811+0000] {dag.py:3033} INFO - Sync 1 DAGs
[2024-02-14T16:23:55.822+0000] {logging_mixin.py:188} INFO - [2024-02-14T16:23:55.822+0000] {dag.py:3820} INFO - Setting next_dagrun for example_setup_teardown to 2024-02-13T00:00:00+00:00, run_after=2024-02-14T00:00:00+00:00
[2024-02-14T16:23:55.832+0000] {processor.py:183} INFO - Processing /home/airflow/.local/lib/python3.8/site-packages/airflow/example_dags/example_setup_teardown.py took 0.041 seconds
[2024-02-14T16:24:26.029+0000] {processor.py:161} INFO - Started process (PID=2468) to work on /home/airflow/.local/lib/python3.8/site-packages/airflow/example_dags/example_setup_teardown.py
[2024-02-14T16:24:26.030+0000] {processor.py:830} INFO - Processing file /home/airflow/.local/lib/python3.8/site-packages/airflow/example_dags/example_setup_teardown.py for tasks to queue
[2024-02-14T16:24:26.031+0000] {logging_mixin.py:188} INFO - [2024-02-14T16:24:26.031+0000] {dagbag.py:538} INFO - Filling up the DagBag from /home/airflow/.local/lib/python3.8/site-packages/airflow/example_dags/example_setup_teardown.py
[2024-02-14T16:24:26.035+0000] {processor.py:840} INFO - DAG(s) 'example_setup_teardown' retrieved from /home/airflow/.local/lib/python3.8/site-packages/airflow/example_dags/example_setup_teardown.py
[2024-02-14T16:24:26.047+0000] {logging_mixin.py:188} INFO - [2024-02-14T16:24:26.047+0000] {dag.py:3033} INFO - Sync 1 DAGs
[2024-02-14T16:24:26.059+0000] {logging_mixin.py:188} INFO - [2024-02-14T16:24:26.059+0000] {dag.py:3820} INFO - Setting next_dagrun for example_setup_teardown to 2024-02-13T00:00:00+00:00, run_after=2024-02-14T00:00:00+00:00
[2024-02-14T16:24:26.069+0000] {processor.py:183} INFO - Processing /home/airflow/.local/lib/python3.8/site-packages/airflow/example_dags/example_setup_teardown.py took 0.042 seconds
