[2024-02-14T16:03:08.882+0000] {processor.py:161} INFO - Started process (PID=97) to work on /home/airflow/.local/lib/python3.8/site-packages/airflow/example_dags/example_branch_python_dop_operator_3.py
[2024-02-14T16:03:08.883+0000] {processor.py:830} INFO - Processing file /home/airflow/.local/lib/python3.8/site-packages/airflow/example_dags/example_branch_python_dop_operator_3.py for tasks to queue
[2024-02-14T16:03:08.886+0000] {logging_mixin.py:188} INFO - [2024-02-14T16:03:08.886+0000] {dagbag.py:538} INFO - Filling up the DagBag from /home/airflow/.local/lib/python3.8/site-packages/airflow/example_dags/example_branch_python_dop_operator_3.py
[2024-02-14T16:03:08.893+0000] {processor.py:840} INFO - DAG(s) 'example_branch_dop_operator_v3' retrieved from /home/airflow/.local/lib/python3.8/site-packages/airflow/example_dags/example_branch_python_dop_operator_3.py
[2024-02-14T16:03:08.901+0000] {logging_mixin.py:188} INFO - [2024-02-14T16:03:08.901+0000] {dag.py:3033} INFO - Sync 1 DAGs
[2024-02-14T16:03:08.923+0000] {logging_mixin.py:188} INFO - [2024-02-14T16:03:08.923+0000] {dag.py:3820} INFO - Setting next_dagrun for example_branch_dop_operator_v3 to 2024-02-14T16:02:00+00:00, run_after=2024-02-14T16:03:00+00:00
[2024-02-14T16:03:08.936+0000] {processor.py:183} INFO - Processing /home/airflow/.local/lib/python3.8/site-packages/airflow/example_dags/example_branch_python_dop_operator_3.py took 0.058 seconds
[2024-02-14T16:03:39.670+0000] {processor.py:161} INFO - Started process (PID=154) to work on /home/airflow/.local/lib/python3.8/site-packages/airflow/example_dags/example_branch_python_dop_operator_3.py
[2024-02-14T16:03:39.671+0000] {processor.py:830} INFO - Processing file /home/airflow/.local/lib/python3.8/site-packages/airflow/example_dags/example_branch_python_dop_operator_3.py for tasks to queue
[2024-02-14T16:03:39.673+0000] {logging_mixin.py:188} INFO - [2024-02-14T16:03:39.673+0000] {dagbag.py:538} INFO - Filling up the DagBag from /home/airflow/.local/lib/python3.8/site-packages/airflow/example_dags/example_branch_python_dop_operator_3.py
[2024-02-14T16:03:39.679+0000] {processor.py:840} INFO - DAG(s) 'example_branch_dop_operator_v3' retrieved from /home/airflow/.local/lib/python3.8/site-packages/airflow/example_dags/example_branch_python_dop_operator_3.py
[2024-02-14T16:03:39.730+0000] {logging_mixin.py:188} INFO - [2024-02-14T16:03:39.730+0000] {dag.py:3033} INFO - Sync 1 DAGs
[2024-02-14T16:03:39.741+0000] {logging_mixin.py:188} INFO - [2024-02-14T16:03:39.741+0000] {dag.py:3820} INFO - Setting next_dagrun for example_branch_dop_operator_v3 to 2024-02-14T16:02:00+00:00, run_after=2024-02-14T16:03:00+00:00
[2024-02-14T16:03:39.750+0000] {processor.py:183} INFO - Processing /home/airflow/.local/lib/python3.8/site-packages/airflow/example_dags/example_branch_python_dop_operator_3.py took 0.083 seconds
[2024-02-14T16:04:09.784+0000] {processor.py:161} INFO - Started process (PID=211) to work on /home/airflow/.local/lib/python3.8/site-packages/airflow/example_dags/example_branch_python_dop_operator_3.py
[2024-02-14T16:04:09.785+0000] {processor.py:830} INFO - Processing file /home/airflow/.local/lib/python3.8/site-packages/airflow/example_dags/example_branch_python_dop_operator_3.py for tasks to queue
[2024-02-14T16:04:09.786+0000] {logging_mixin.py:188} INFO - [2024-02-14T16:04:09.786+0000] {dagbag.py:538} INFO - Filling up the DagBag from /home/airflow/.local/lib/python3.8/site-packages/airflow/example_dags/example_branch_python_dop_operator_3.py
[2024-02-14T16:04:09.791+0000] {processor.py:840} INFO - DAG(s) 'example_branch_dop_operator_v3' retrieved from /home/airflow/.local/lib/python3.8/site-packages/airflow/example_dags/example_branch_python_dop_operator_3.py
[2024-02-14T16:04:09.803+0000] {logging_mixin.py:188} INFO - [2024-02-14T16:04:09.802+0000] {dag.py:3033} INFO - Sync 1 DAGs
[2024-02-14T16:04:09.815+0000] {logging_mixin.py:188} INFO - [2024-02-14T16:04:09.814+0000] {dag.py:3820} INFO - Setting next_dagrun for example_branch_dop_operator_v3 to 2024-02-14T16:03:00+00:00, run_after=2024-02-14T16:04:00+00:00
[2024-02-14T16:04:09.826+0000] {processor.py:183} INFO - Processing /home/airflow/.local/lib/python3.8/site-packages/airflow/example_dags/example_branch_python_dop_operator_3.py took 0.044 seconds
[2024-02-14T16:04:40.012+0000] {processor.py:161} INFO - Started process (PID=268) to work on /home/airflow/.local/lib/python3.8/site-packages/airflow/example_dags/example_branch_python_dop_operator_3.py
[2024-02-14T16:04:40.012+0000] {processor.py:830} INFO - Processing file /home/airflow/.local/lib/python3.8/site-packages/airflow/example_dags/example_branch_python_dop_operator_3.py for tasks to queue
[2024-02-14T16:04:40.014+0000] {logging_mixin.py:188} INFO - [2024-02-14T16:04:40.014+0000] {dagbag.py:538} INFO - Filling up the DagBag from /home/airflow/.local/lib/python3.8/site-packages/airflow/example_dags/example_branch_python_dop_operator_3.py
[2024-02-14T16:04:40.019+0000] {processor.py:840} INFO - DAG(s) 'example_branch_dop_operator_v3' retrieved from /home/airflow/.local/lib/python3.8/site-packages/airflow/example_dags/example_branch_python_dop_operator_3.py
[2024-02-14T16:04:40.032+0000] {logging_mixin.py:188} INFO - [2024-02-14T16:04:40.032+0000] {dag.py:3033} INFO - Sync 1 DAGs
[2024-02-14T16:04:40.045+0000] {logging_mixin.py:188} INFO - [2024-02-14T16:04:40.045+0000] {dag.py:3820} INFO - Setting next_dagrun for example_branch_dop_operator_v3 to 2024-02-14T16:03:00+00:00, run_after=2024-02-14T16:04:00+00:00
[2024-02-14T16:04:40.055+0000] {processor.py:183} INFO - Processing /home/airflow/.local/lib/python3.8/site-packages/airflow/example_dags/example_branch_python_dop_operator_3.py took 0.046 seconds
[2024-02-14T16:05:10.260+0000] {processor.py:161} INFO - Started process (PID=325) to work on /home/airflow/.local/lib/python3.8/site-packages/airflow/example_dags/example_branch_python_dop_operator_3.py
[2024-02-14T16:05:10.261+0000] {processor.py:830} INFO - Processing file /home/airflow/.local/lib/python3.8/site-packages/airflow/example_dags/example_branch_python_dop_operator_3.py for tasks to queue
[2024-02-14T16:05:10.263+0000] {logging_mixin.py:188} INFO - [2024-02-14T16:05:10.263+0000] {dagbag.py:538} INFO - Filling up the DagBag from /home/airflow/.local/lib/python3.8/site-packages/airflow/example_dags/example_branch_python_dop_operator_3.py
[2024-02-14T16:05:10.268+0000] {processor.py:840} INFO - DAG(s) 'example_branch_dop_operator_v3' retrieved from /home/airflow/.local/lib/python3.8/site-packages/airflow/example_dags/example_branch_python_dop_operator_3.py
[2024-02-14T16:05:10.281+0000] {logging_mixin.py:188} INFO - [2024-02-14T16:05:10.280+0000] {dag.py:3033} INFO - Sync 1 DAGs
[2024-02-14T16:05:10.294+0000] {logging_mixin.py:188} INFO - [2024-02-14T16:05:10.294+0000] {dag.py:3820} INFO - Setting next_dagrun for example_branch_dop_operator_v3 to 2024-02-14T16:04:00+00:00, run_after=2024-02-14T16:05:00+00:00
[2024-02-14T16:05:10.303+0000] {processor.py:183} INFO - Processing /home/airflow/.local/lib/python3.8/site-packages/airflow/example_dags/example_branch_python_dop_operator_3.py took 0.045 seconds
[2024-02-14T16:05:40.410+0000] {processor.py:161} INFO - Started process (PID=382) to work on /home/airflow/.local/lib/python3.8/site-packages/airflow/example_dags/example_branch_python_dop_operator_3.py
[2024-02-14T16:05:40.411+0000] {processor.py:830} INFO - Processing file /home/airflow/.local/lib/python3.8/site-packages/airflow/example_dags/example_branch_python_dop_operator_3.py for tasks to queue
[2024-02-14T16:05:40.412+0000] {logging_mixin.py:188} INFO - [2024-02-14T16:05:40.412+0000] {dagbag.py:538} INFO - Filling up the DagBag from /home/airflow/.local/lib/python3.8/site-packages/airflow/example_dags/example_branch_python_dop_operator_3.py
[2024-02-14T16:05:40.417+0000] {processor.py:840} INFO - DAG(s) 'example_branch_dop_operator_v3' retrieved from /home/airflow/.local/lib/python3.8/site-packages/airflow/example_dags/example_branch_python_dop_operator_3.py
[2024-02-14T16:05:40.429+0000] {logging_mixin.py:188} INFO - [2024-02-14T16:05:40.429+0000] {dag.py:3033} INFO - Sync 1 DAGs
[2024-02-14T16:05:40.442+0000] {logging_mixin.py:188} INFO - [2024-02-14T16:05:40.442+0000] {dag.py:3820} INFO - Setting next_dagrun for example_branch_dop_operator_v3 to 2024-02-14T16:04:00+00:00, run_after=2024-02-14T16:05:00+00:00
[2024-02-14T16:05:40.451+0000] {processor.py:183} INFO - Processing /home/airflow/.local/lib/python3.8/site-packages/airflow/example_dags/example_branch_python_dop_operator_3.py took 0.044 seconds
[2024-02-14T16:06:10.735+0000] {processor.py:161} INFO - Started process (PID=439) to work on /home/airflow/.local/lib/python3.8/site-packages/airflow/example_dags/example_branch_python_dop_operator_3.py
[2024-02-14T16:06:10.735+0000] {processor.py:830} INFO - Processing file /home/airflow/.local/lib/python3.8/site-packages/airflow/example_dags/example_branch_python_dop_operator_3.py for tasks to queue
[2024-02-14T16:06:10.737+0000] {logging_mixin.py:188} INFO - [2024-02-14T16:06:10.737+0000] {dagbag.py:538} INFO - Filling up the DagBag from /home/airflow/.local/lib/python3.8/site-packages/airflow/example_dags/example_branch_python_dop_operator_3.py
[2024-02-14T16:06:10.742+0000] {processor.py:840} INFO - DAG(s) 'example_branch_dop_operator_v3' retrieved from /home/airflow/.local/lib/python3.8/site-packages/airflow/example_dags/example_branch_python_dop_operator_3.py
[2024-02-14T16:06:10.756+0000] {logging_mixin.py:188} INFO - [2024-02-14T16:06:10.756+0000] {dag.py:3033} INFO - Sync 1 DAGs
[2024-02-14T16:06:10.769+0000] {logging_mixin.py:188} INFO - [2024-02-14T16:06:10.769+0000] {dag.py:3820} INFO - Setting next_dagrun for example_branch_dop_operator_v3 to 2024-02-14T16:05:00+00:00, run_after=2024-02-14T16:06:00+00:00
[2024-02-14T16:06:10.779+0000] {processor.py:183} INFO - Processing /home/airflow/.local/lib/python3.8/site-packages/airflow/example_dags/example_branch_python_dop_operator_3.py took 0.046 seconds
[2024-02-14T16:06:40.863+0000] {processor.py:161} INFO - Started process (PID=496) to work on /home/airflow/.local/lib/python3.8/site-packages/airflow/example_dags/example_branch_python_dop_operator_3.py
[2024-02-14T16:06:40.864+0000] {processor.py:830} INFO - Processing file /home/airflow/.local/lib/python3.8/site-packages/airflow/example_dags/example_branch_python_dop_operator_3.py for tasks to queue
[2024-02-14T16:06:40.866+0000] {logging_mixin.py:188} INFO - [2024-02-14T16:06:40.865+0000] {dagbag.py:538} INFO - Filling up the DagBag from /home/airflow/.local/lib/python3.8/site-packages/airflow/example_dags/example_branch_python_dop_operator_3.py
[2024-02-14T16:06:40.871+0000] {processor.py:840} INFO - DAG(s) 'example_branch_dop_operator_v3' retrieved from /home/airflow/.local/lib/python3.8/site-packages/airflow/example_dags/example_branch_python_dop_operator_3.py
[2024-02-14T16:06:40.884+0000] {logging_mixin.py:188} INFO - [2024-02-14T16:06:40.883+0000] {dag.py:3033} INFO - Sync 1 DAGs
[2024-02-14T16:06:40.897+0000] {logging_mixin.py:188} INFO - [2024-02-14T16:06:40.897+0000] {dag.py:3820} INFO - Setting next_dagrun for example_branch_dop_operator_v3 to 2024-02-14T16:05:00+00:00, run_after=2024-02-14T16:06:00+00:00
[2024-02-14T16:06:40.905+0000] {processor.py:183} INFO - Processing /home/airflow/.local/lib/python3.8/site-packages/airflow/example_dags/example_branch_python_dop_operator_3.py took 0.045 seconds
[2024-02-14T16:07:11.034+0000] {processor.py:161} INFO - Started process (PID=553) to work on /home/airflow/.local/lib/python3.8/site-packages/airflow/example_dags/example_branch_python_dop_operator_3.py
[2024-02-14T16:07:11.035+0000] {processor.py:830} INFO - Processing file /home/airflow/.local/lib/python3.8/site-packages/airflow/example_dags/example_branch_python_dop_operator_3.py for tasks to queue
[2024-02-14T16:07:11.036+0000] {logging_mixin.py:188} INFO - [2024-02-14T16:07:11.036+0000] {dagbag.py:538} INFO - Filling up the DagBag from /home/airflow/.local/lib/python3.8/site-packages/airflow/example_dags/example_branch_python_dop_operator_3.py
[2024-02-14T16:07:11.042+0000] {processor.py:840} INFO - DAG(s) 'example_branch_dop_operator_v3' retrieved from /home/airflow/.local/lib/python3.8/site-packages/airflow/example_dags/example_branch_python_dop_operator_3.py
[2024-02-14T16:07:11.055+0000] {logging_mixin.py:188} INFO - [2024-02-14T16:07:11.055+0000] {dag.py:3033} INFO - Sync 1 DAGs
[2024-02-14T16:07:11.068+0000] {logging_mixin.py:188} INFO - [2024-02-14T16:07:11.068+0000] {dag.py:3820} INFO - Setting next_dagrun for example_branch_dop_operator_v3 to 2024-02-14T16:06:00+00:00, run_after=2024-02-14T16:07:00+00:00
[2024-02-14T16:07:11.076+0000] {processor.py:183} INFO - Processing /home/airflow/.local/lib/python3.8/site-packages/airflow/example_dags/example_branch_python_dop_operator_3.py took 0.045 seconds
[2024-02-14T16:07:41.350+0000] {processor.py:161} INFO - Started process (PID=610) to work on /home/airflow/.local/lib/python3.8/site-packages/airflow/example_dags/example_branch_python_dop_operator_3.py
[2024-02-14T16:07:41.350+0000] {processor.py:830} INFO - Processing file /home/airflow/.local/lib/python3.8/site-packages/airflow/example_dags/example_branch_python_dop_operator_3.py for tasks to queue
[2024-02-14T16:07:41.352+0000] {logging_mixin.py:188} INFO - [2024-02-14T16:07:41.352+0000] {dagbag.py:538} INFO - Filling up the DagBag from /home/airflow/.local/lib/python3.8/site-packages/airflow/example_dags/example_branch_python_dop_operator_3.py
[2024-02-14T16:07:41.357+0000] {processor.py:840} INFO - DAG(s) 'example_branch_dop_operator_v3' retrieved from /home/airflow/.local/lib/python3.8/site-packages/airflow/example_dags/example_branch_python_dop_operator_3.py
[2024-02-14T16:07:41.370+0000] {logging_mixin.py:188} INFO - [2024-02-14T16:07:41.370+0000] {dag.py:3033} INFO - Sync 1 DAGs
[2024-02-14T16:07:41.383+0000] {logging_mixin.py:188} INFO - [2024-02-14T16:07:41.383+0000] {dag.py:3820} INFO - Setting next_dagrun for example_branch_dop_operator_v3 to 2024-02-14T16:06:00+00:00, run_after=2024-02-14T16:07:00+00:00
[2024-02-14T16:07:41.392+0000] {processor.py:183} INFO - Processing /home/airflow/.local/lib/python3.8/site-packages/airflow/example_dags/example_branch_python_dop_operator_3.py took 0.044 seconds
[2024-02-14T16:08:11.566+0000] {processor.py:161} INFO - Started process (PID=667) to work on /home/airflow/.local/lib/python3.8/site-packages/airflow/example_dags/example_branch_python_dop_operator_3.py
[2024-02-14T16:08:11.567+0000] {processor.py:830} INFO - Processing file /home/airflow/.local/lib/python3.8/site-packages/airflow/example_dags/example_branch_python_dop_operator_3.py for tasks to queue
[2024-02-14T16:08:11.568+0000] {logging_mixin.py:188} INFO - [2024-02-14T16:08:11.568+0000] {dagbag.py:538} INFO - Filling up the DagBag from /home/airflow/.local/lib/python3.8/site-packages/airflow/example_dags/example_branch_python_dop_operator_3.py
[2024-02-14T16:08:11.574+0000] {processor.py:840} INFO - DAG(s) 'example_branch_dop_operator_v3' retrieved from /home/airflow/.local/lib/python3.8/site-packages/airflow/example_dags/example_branch_python_dop_operator_3.py
[2024-02-14T16:08:11.585+0000] {logging_mixin.py:188} INFO - [2024-02-14T16:08:11.585+0000] {dag.py:3033} INFO - Sync 1 DAGs
[2024-02-14T16:08:11.598+0000] {logging_mixin.py:188} INFO - [2024-02-14T16:08:11.598+0000] {dag.py:3820} INFO - Setting next_dagrun for example_branch_dop_operator_v3 to 2024-02-14T16:07:00+00:00, run_after=2024-02-14T16:08:00+00:00
[2024-02-14T16:08:11.608+0000] {processor.py:183} INFO - Processing /home/airflow/.local/lib/python3.8/site-packages/airflow/example_dags/example_branch_python_dop_operator_3.py took 0.044 seconds
[2024-02-14T16:08:41.708+0000] {processor.py:161} INFO - Started process (PID=724) to work on /home/airflow/.local/lib/python3.8/site-packages/airflow/example_dags/example_branch_python_dop_operator_3.py
[2024-02-14T16:08:41.709+0000] {processor.py:830} INFO - Processing file /home/airflow/.local/lib/python3.8/site-packages/airflow/example_dags/example_branch_python_dop_operator_3.py for tasks to queue
[2024-02-14T16:08:41.710+0000] {logging_mixin.py:188} INFO - [2024-02-14T16:08:41.710+0000] {dagbag.py:538} INFO - Filling up the DagBag from /home/airflow/.local/lib/python3.8/site-packages/airflow/example_dags/example_branch_python_dop_operator_3.py
[2024-02-14T16:08:41.716+0000] {processor.py:840} INFO - DAG(s) 'example_branch_dop_operator_v3' retrieved from /home/airflow/.local/lib/python3.8/site-packages/airflow/example_dags/example_branch_python_dop_operator_3.py
[2024-02-14T16:08:41.728+0000] {logging_mixin.py:188} INFO - [2024-02-14T16:08:41.728+0000] {dag.py:3033} INFO - Sync 1 DAGs
[2024-02-14T16:08:41.741+0000] {logging_mixin.py:188} INFO - [2024-02-14T16:08:41.741+0000] {dag.py:3820} INFO - Setting next_dagrun for example_branch_dop_operator_v3 to 2024-02-14T16:07:00+00:00, run_after=2024-02-14T16:08:00+00:00
[2024-02-14T16:08:41.750+0000] {processor.py:183} INFO - Processing /home/airflow/.local/lib/python3.8/site-packages/airflow/example_dags/example_branch_python_dop_operator_3.py took 0.044 seconds
[2024-02-14T16:09:12.830+0000] {processor.py:161} INFO - Started process (PID=781) to work on /home/airflow/.local/lib/python3.8/site-packages/airflow/example_dags/example_branch_python_dop_operator_3.py
[2024-02-14T16:09:12.831+0000] {processor.py:830} INFO - Processing file /home/airflow/.local/lib/python3.8/site-packages/airflow/example_dags/example_branch_python_dop_operator_3.py for tasks to queue
[2024-02-14T16:09:12.833+0000] {logging_mixin.py:188} INFO - [2024-02-14T16:09:12.833+0000] {dagbag.py:538} INFO - Filling up the DagBag from /home/airflow/.local/lib/python3.8/site-packages/airflow/example_dags/example_branch_python_dop_operator_3.py
[2024-02-14T16:09:12.839+0000] {processor.py:840} INFO - DAG(s) 'example_branch_dop_operator_v3' retrieved from /home/airflow/.local/lib/python3.8/site-packages/airflow/example_dags/example_branch_python_dop_operator_3.py
[2024-02-14T16:09:12.852+0000] {logging_mixin.py:188} INFO - [2024-02-14T16:09:12.852+0000] {dag.py:3033} INFO - Sync 1 DAGs
[2024-02-14T16:09:12.866+0000] {logging_mixin.py:188} INFO - [2024-02-14T16:09:12.866+0000] {dag.py:3820} INFO - Setting next_dagrun for example_branch_dop_operator_v3 to 2024-02-14T16:08:00+00:00, run_after=2024-02-14T16:09:00+00:00
[2024-02-14T16:09:12.876+0000] {processor.py:183} INFO - Processing /home/airflow/.local/lib/python3.8/site-packages/airflow/example_dags/example_branch_python_dop_operator_3.py took 0.048 seconds
[2024-02-14T16:09:43.821+0000] {processor.py:161} INFO - Started process (PID=838) to work on /home/airflow/.local/lib/python3.8/site-packages/airflow/example_dags/example_branch_python_dop_operator_3.py
[2024-02-14T16:09:43.826+0000] {processor.py:830} INFO - Processing file /home/airflow/.local/lib/python3.8/site-packages/airflow/example_dags/example_branch_python_dop_operator_3.py for tasks to queue
[2024-02-14T16:09:43.828+0000] {logging_mixin.py:188} INFO - [2024-02-14T16:09:43.828+0000] {dagbag.py:538} INFO - Filling up the DagBag from /home/airflow/.local/lib/python3.8/site-packages/airflow/example_dags/example_branch_python_dop_operator_3.py
[2024-02-14T16:09:43.834+0000] {processor.py:840} INFO - DAG(s) 'example_branch_dop_operator_v3' retrieved from /home/airflow/.local/lib/python3.8/site-packages/airflow/example_dags/example_branch_python_dop_operator_3.py
[2024-02-14T16:09:43.847+0000] {logging_mixin.py:188} INFO - [2024-02-14T16:09:43.847+0000] {dag.py:3033} INFO - Sync 1 DAGs
[2024-02-14T16:09:43.861+0000] {logging_mixin.py:188} INFO - [2024-02-14T16:09:43.861+0000] {dag.py:3820} INFO - Setting next_dagrun for example_branch_dop_operator_v3 to 2024-02-14T16:08:00+00:00, run_after=2024-02-14T16:09:00+00:00
[2024-02-14T16:09:43.871+0000] {processor.py:183} INFO - Processing /home/airflow/.local/lib/python3.8/site-packages/airflow/example_dags/example_branch_python_dop_operator_3.py took 0.053 seconds
[2024-02-14T16:10:14.107+0000] {processor.py:161} INFO - Started process (PID=895) to work on /home/airflow/.local/lib/python3.8/site-packages/airflow/example_dags/example_branch_python_dop_operator_3.py
[2024-02-14T16:10:14.108+0000] {processor.py:830} INFO - Processing file /home/airflow/.local/lib/python3.8/site-packages/airflow/example_dags/example_branch_python_dop_operator_3.py for tasks to queue
[2024-02-14T16:10:14.109+0000] {logging_mixin.py:188} INFO - [2024-02-14T16:10:14.109+0000] {dagbag.py:538} INFO - Filling up the DagBag from /home/airflow/.local/lib/python3.8/site-packages/airflow/example_dags/example_branch_python_dop_operator_3.py
[2024-02-14T16:10:14.114+0000] {processor.py:840} INFO - DAG(s) 'example_branch_dop_operator_v3' retrieved from /home/airflow/.local/lib/python3.8/site-packages/airflow/example_dags/example_branch_python_dop_operator_3.py
[2024-02-14T16:10:14.127+0000] {logging_mixin.py:188} INFO - [2024-02-14T16:10:14.126+0000] {dag.py:3033} INFO - Sync 1 DAGs
[2024-02-14T16:10:14.143+0000] {logging_mixin.py:188} INFO - [2024-02-14T16:10:14.142+0000] {dag.py:3820} INFO - Setting next_dagrun for example_branch_dop_operator_v3 to 2024-02-14T16:09:00+00:00, run_after=2024-02-14T16:10:00+00:00
[2024-02-14T16:10:14.152+0000] {processor.py:183} INFO - Processing /home/airflow/.local/lib/python3.8/site-packages/airflow/example_dags/example_branch_python_dop_operator_3.py took 0.047 seconds
[2024-02-14T16:10:44.326+0000] {processor.py:161} INFO - Started process (PID=952) to work on /home/airflow/.local/lib/python3.8/site-packages/airflow/example_dags/example_branch_python_dop_operator_3.py
[2024-02-14T16:10:44.327+0000] {processor.py:830} INFO - Processing file /home/airflow/.local/lib/python3.8/site-packages/airflow/example_dags/example_branch_python_dop_operator_3.py for tasks to queue
[2024-02-14T16:10:44.328+0000] {logging_mixin.py:188} INFO - [2024-02-14T16:10:44.328+0000] {dagbag.py:538} INFO - Filling up the DagBag from /home/airflow/.local/lib/python3.8/site-packages/airflow/example_dags/example_branch_python_dop_operator_3.py
[2024-02-14T16:10:44.333+0000] {processor.py:840} INFO - DAG(s) 'example_branch_dop_operator_v3' retrieved from /home/airflow/.local/lib/python3.8/site-packages/airflow/example_dags/example_branch_python_dop_operator_3.py
[2024-02-14T16:10:44.346+0000] {logging_mixin.py:188} INFO - [2024-02-14T16:10:44.346+0000] {dag.py:3033} INFO - Sync 1 DAGs
[2024-02-14T16:10:44.361+0000] {logging_mixin.py:188} INFO - [2024-02-14T16:10:44.360+0000] {dag.py:3820} INFO - Setting next_dagrun for example_branch_dop_operator_v3 to 2024-02-14T16:09:00+00:00, run_after=2024-02-14T16:10:00+00:00
[2024-02-14T16:10:44.371+0000] {processor.py:183} INFO - Processing /home/airflow/.local/lib/python3.8/site-packages/airflow/example_dags/example_branch_python_dop_operator_3.py took 0.047 seconds
[2024-02-14T16:11:14.497+0000] {processor.py:161} INFO - Started process (PID=1009) to work on /home/airflow/.local/lib/python3.8/site-packages/airflow/example_dags/example_branch_python_dop_operator_3.py
[2024-02-14T16:11:14.498+0000] {processor.py:830} INFO - Processing file /home/airflow/.local/lib/python3.8/site-packages/airflow/example_dags/example_branch_python_dop_operator_3.py for tasks to queue
[2024-02-14T16:11:14.500+0000] {logging_mixin.py:188} INFO - [2024-02-14T16:11:14.500+0000] {dagbag.py:538} INFO - Filling up the DagBag from /home/airflow/.local/lib/python3.8/site-packages/airflow/example_dags/example_branch_python_dop_operator_3.py
[2024-02-14T16:11:14.506+0000] {processor.py:840} INFO - DAG(s) 'example_branch_dop_operator_v3' retrieved from /home/airflow/.local/lib/python3.8/site-packages/airflow/example_dags/example_branch_python_dop_operator_3.py
[2024-02-14T16:11:14.519+0000] {logging_mixin.py:188} INFO - [2024-02-14T16:11:14.519+0000] {dag.py:3033} INFO - Sync 1 DAGs
[2024-02-14T16:11:14.534+0000] {logging_mixin.py:188} INFO - [2024-02-14T16:11:14.534+0000] {dag.py:3820} INFO - Setting next_dagrun for example_branch_dop_operator_v3 to 2024-02-14T16:10:00+00:00, run_after=2024-02-14T16:11:00+00:00
[2024-02-14T16:11:14.544+0000] {processor.py:183} INFO - Processing /home/airflow/.local/lib/python3.8/site-packages/airflow/example_dags/example_branch_python_dop_operator_3.py took 0.048 seconds
[2024-02-14T16:11:44.761+0000] {processor.py:161} INFO - Started process (PID=1066) to work on /home/airflow/.local/lib/python3.8/site-packages/airflow/example_dags/example_branch_python_dop_operator_3.py
[2024-02-14T16:11:44.762+0000] {processor.py:830} INFO - Processing file /home/airflow/.local/lib/python3.8/site-packages/airflow/example_dags/example_branch_python_dop_operator_3.py for tasks to queue
[2024-02-14T16:11:44.763+0000] {logging_mixin.py:188} INFO - [2024-02-14T16:11:44.763+0000] {dagbag.py:538} INFO - Filling up the DagBag from /home/airflow/.local/lib/python3.8/site-packages/airflow/example_dags/example_branch_python_dop_operator_3.py
[2024-02-14T16:11:44.769+0000] {processor.py:840} INFO - DAG(s) 'example_branch_dop_operator_v3' retrieved from /home/airflow/.local/lib/python3.8/site-packages/airflow/example_dags/example_branch_python_dop_operator_3.py
[2024-02-14T16:11:44.782+0000] {logging_mixin.py:188} INFO - [2024-02-14T16:11:44.781+0000] {dag.py:3033} INFO - Sync 1 DAGs
[2024-02-14T16:11:44.797+0000] {logging_mixin.py:188} INFO - [2024-02-14T16:11:44.797+0000] {dag.py:3820} INFO - Setting next_dagrun for example_branch_dop_operator_v3 to 2024-02-14T16:10:00+00:00, run_after=2024-02-14T16:11:00+00:00
[2024-02-14T16:11:44.808+0000] {processor.py:183} INFO - Processing /home/airflow/.local/lib/python3.8/site-packages/airflow/example_dags/example_branch_python_dop_operator_3.py took 0.050 seconds
[2024-02-14T16:12:14.981+0000] {processor.py:161} INFO - Started process (PID=1122) to work on /home/airflow/.local/lib/python3.8/site-packages/airflow/example_dags/example_branch_python_dop_operator_3.py
[2024-02-14T16:12:14.982+0000] {processor.py:830} INFO - Processing file /home/airflow/.local/lib/python3.8/site-packages/airflow/example_dags/example_branch_python_dop_operator_3.py for tasks to queue
[2024-02-14T16:12:14.984+0000] {logging_mixin.py:188} INFO - [2024-02-14T16:12:14.984+0000] {dagbag.py:538} INFO - Filling up the DagBag from /home/airflow/.local/lib/python3.8/site-packages/airflow/example_dags/example_branch_python_dop_operator_3.py
[2024-02-14T16:12:14.989+0000] {processor.py:840} INFO - DAG(s) 'example_branch_dop_operator_v3' retrieved from /home/airflow/.local/lib/python3.8/site-packages/airflow/example_dags/example_branch_python_dop_operator_3.py
[2024-02-14T16:12:15.002+0000] {logging_mixin.py:188} INFO - [2024-02-14T16:12:15.002+0000] {dag.py:3033} INFO - Sync 1 DAGs
[2024-02-14T16:12:15.015+0000] {logging_mixin.py:188} INFO - [2024-02-14T16:12:15.015+0000] {dag.py:3820} INFO - Setting next_dagrun for example_branch_dop_operator_v3 to 2024-02-14T16:11:00+00:00, run_after=2024-02-14T16:12:00+00:00
[2024-02-14T16:12:15.025+0000] {processor.py:183} INFO - Processing /home/airflow/.local/lib/python3.8/site-packages/airflow/example_dags/example_branch_python_dop_operator_3.py took 0.046 seconds
[2024-02-14T16:12:45.154+0000] {processor.py:161} INFO - Started process (PID=1179) to work on /home/airflow/.local/lib/python3.8/site-packages/airflow/example_dags/example_branch_python_dop_operator_3.py
[2024-02-14T16:12:45.154+0000] {processor.py:830} INFO - Processing file /home/airflow/.local/lib/python3.8/site-packages/airflow/example_dags/example_branch_python_dop_operator_3.py for tasks to queue
[2024-02-14T16:12:45.156+0000] {logging_mixin.py:188} INFO - [2024-02-14T16:12:45.155+0000] {dagbag.py:538} INFO - Filling up the DagBag from /home/airflow/.local/lib/python3.8/site-packages/airflow/example_dags/example_branch_python_dop_operator_3.py
[2024-02-14T16:12:45.161+0000] {processor.py:840} INFO - DAG(s) 'example_branch_dop_operator_v3' retrieved from /home/airflow/.local/lib/python3.8/site-packages/airflow/example_dags/example_branch_python_dop_operator_3.py
[2024-02-14T16:12:45.173+0000] {logging_mixin.py:188} INFO - [2024-02-14T16:12:45.173+0000] {dag.py:3033} INFO - Sync 1 DAGs
[2024-02-14T16:12:45.187+0000] {logging_mixin.py:188} INFO - [2024-02-14T16:12:45.186+0000] {dag.py:3820} INFO - Setting next_dagrun for example_branch_dop_operator_v3 to 2024-02-14T16:11:00+00:00, run_after=2024-02-14T16:12:00+00:00
[2024-02-14T16:12:45.196+0000] {processor.py:183} INFO - Processing /home/airflow/.local/lib/python3.8/site-packages/airflow/example_dags/example_branch_python_dop_operator_3.py took 0.045 seconds
[2024-02-14T16:13:16.256+0000] {processor.py:161} INFO - Started process (PID=1236) to work on /home/airflow/.local/lib/python3.8/site-packages/airflow/example_dags/example_branch_python_dop_operator_3.py
[2024-02-14T16:13:16.257+0000] {processor.py:830} INFO - Processing file /home/airflow/.local/lib/python3.8/site-packages/airflow/example_dags/example_branch_python_dop_operator_3.py for tasks to queue
[2024-02-14T16:13:16.258+0000] {logging_mixin.py:188} INFO - [2024-02-14T16:13:16.258+0000] {dagbag.py:538} INFO - Filling up the DagBag from /home/airflow/.local/lib/python3.8/site-packages/airflow/example_dags/example_branch_python_dop_operator_3.py
[2024-02-14T16:13:16.264+0000] {processor.py:840} INFO - DAG(s) 'example_branch_dop_operator_v3' retrieved from /home/airflow/.local/lib/python3.8/site-packages/airflow/example_dags/example_branch_python_dop_operator_3.py
[2024-02-14T16:13:16.276+0000] {logging_mixin.py:188} INFO - [2024-02-14T16:13:16.276+0000] {dag.py:3033} INFO - Sync 1 DAGs
[2024-02-14T16:13:16.289+0000] {logging_mixin.py:188} INFO - [2024-02-14T16:13:16.289+0000] {dag.py:3820} INFO - Setting next_dagrun for example_branch_dop_operator_v3 to 2024-02-14T16:12:00+00:00, run_after=2024-02-14T16:13:00+00:00
[2024-02-14T16:13:16.297+0000] {processor.py:183} INFO - Processing /home/airflow/.local/lib/python3.8/site-packages/airflow/example_dags/example_branch_python_dop_operator_3.py took 0.044 seconds
[2024-02-14T16:13:46.590+0000] {processor.py:161} INFO - Started process (PID=1293) to work on /home/airflow/.local/lib/python3.8/site-packages/airflow/example_dags/example_branch_python_dop_operator_3.py
[2024-02-14T16:13:46.590+0000] {processor.py:830} INFO - Processing file /home/airflow/.local/lib/python3.8/site-packages/airflow/example_dags/example_branch_python_dop_operator_3.py for tasks to queue
[2024-02-14T16:13:46.592+0000] {logging_mixin.py:188} INFO - [2024-02-14T16:13:46.592+0000] {dagbag.py:538} INFO - Filling up the DagBag from /home/airflow/.local/lib/python3.8/site-packages/airflow/example_dags/example_branch_python_dop_operator_3.py
[2024-02-14T16:13:46.598+0000] {processor.py:840} INFO - DAG(s) 'example_branch_dop_operator_v3' retrieved from /home/airflow/.local/lib/python3.8/site-packages/airflow/example_dags/example_branch_python_dop_operator_3.py
[2024-02-14T16:13:46.610+0000] {logging_mixin.py:188} INFO - [2024-02-14T16:13:46.610+0000] {dag.py:3033} INFO - Sync 1 DAGs
[2024-02-14T16:13:46.623+0000] {logging_mixin.py:188} INFO - [2024-02-14T16:13:46.623+0000] {dag.py:3820} INFO - Setting next_dagrun for example_branch_dop_operator_v3 to 2024-02-14T16:12:00+00:00, run_after=2024-02-14T16:13:00+00:00
[2024-02-14T16:13:46.632+0000] {processor.py:183} INFO - Processing /home/airflow/.local/lib/python3.8/site-packages/airflow/example_dags/example_branch_python_dop_operator_3.py took 0.044 seconds
[2024-02-14T16:14:17.711+0000] {processor.py:161} INFO - Started process (PID=1350) to work on /home/airflow/.local/lib/python3.8/site-packages/airflow/example_dags/example_branch_python_dop_operator_3.py
[2024-02-14T16:14:17.711+0000] {processor.py:830} INFO - Processing file /home/airflow/.local/lib/python3.8/site-packages/airflow/example_dags/example_branch_python_dop_operator_3.py for tasks to queue
[2024-02-14T16:14:17.713+0000] {logging_mixin.py:188} INFO - [2024-02-14T16:14:17.713+0000] {dagbag.py:538} INFO - Filling up the DagBag from /home/airflow/.local/lib/python3.8/site-packages/airflow/example_dags/example_branch_python_dop_operator_3.py
[2024-02-14T16:14:17.718+0000] {processor.py:840} INFO - DAG(s) 'example_branch_dop_operator_v3' retrieved from /home/airflow/.local/lib/python3.8/site-packages/airflow/example_dags/example_branch_python_dop_operator_3.py
[2024-02-14T16:14:17.730+0000] {logging_mixin.py:188} INFO - [2024-02-14T16:14:17.730+0000] {dag.py:3033} INFO - Sync 1 DAGs
[2024-02-14T16:14:17.742+0000] {logging_mixin.py:188} INFO - [2024-02-14T16:14:17.742+0000] {dag.py:3820} INFO - Setting next_dagrun for example_branch_dop_operator_v3 to 2024-02-14T16:13:00+00:00, run_after=2024-02-14T16:14:00+00:00
[2024-02-14T16:14:17.751+0000] {processor.py:183} INFO - Processing /home/airflow/.local/lib/python3.8/site-packages/airflow/example_dags/example_branch_python_dop_operator_3.py took 0.042 seconds
[2024-02-14T16:14:47.896+0000] {processor.py:161} INFO - Started process (PID=1407) to work on /home/airflow/.local/lib/python3.8/site-packages/airflow/example_dags/example_branch_python_dop_operator_3.py
[2024-02-14T16:14:47.897+0000] {processor.py:830} INFO - Processing file /home/airflow/.local/lib/python3.8/site-packages/airflow/example_dags/example_branch_python_dop_operator_3.py for tasks to queue
[2024-02-14T16:14:47.898+0000] {logging_mixin.py:188} INFO - [2024-02-14T16:14:47.898+0000] {dagbag.py:538} INFO - Filling up the DagBag from /home/airflow/.local/lib/python3.8/site-packages/airflow/example_dags/example_branch_python_dop_operator_3.py
[2024-02-14T16:14:47.903+0000] {processor.py:840} INFO - DAG(s) 'example_branch_dop_operator_v3' retrieved from /home/airflow/.local/lib/python3.8/site-packages/airflow/example_dags/example_branch_python_dop_operator_3.py
[2024-02-14T16:14:47.915+0000] {logging_mixin.py:188} INFO - [2024-02-14T16:14:47.915+0000] {dag.py:3033} INFO - Sync 1 DAGs
[2024-02-14T16:14:47.927+0000] {logging_mixin.py:188} INFO - [2024-02-14T16:14:47.927+0000] {dag.py:3820} INFO - Setting next_dagrun for example_branch_dop_operator_v3 to 2024-02-14T16:13:00+00:00, run_after=2024-02-14T16:14:00+00:00
[2024-02-14T16:14:47.935+0000] {processor.py:183} INFO - Processing /home/airflow/.local/lib/python3.8/site-packages/airflow/example_dags/example_branch_python_dop_operator_3.py took 0.041 seconds
[2024-02-14T16:15:19.045+0000] {processor.py:161} INFO - Started process (PID=1463) to work on /home/airflow/.local/lib/python3.8/site-packages/airflow/example_dags/example_branch_python_dop_operator_3.py
[2024-02-14T16:15:19.045+0000] {processor.py:830} INFO - Processing file /home/airflow/.local/lib/python3.8/site-packages/airflow/example_dags/example_branch_python_dop_operator_3.py for tasks to queue
[2024-02-14T16:15:19.047+0000] {logging_mixin.py:188} INFO - [2024-02-14T16:15:19.047+0000] {dagbag.py:538} INFO - Filling up the DagBag from /home/airflow/.local/lib/python3.8/site-packages/airflow/example_dags/example_branch_python_dop_operator_3.py
[2024-02-14T16:15:19.052+0000] {processor.py:840} INFO - DAG(s) 'example_branch_dop_operator_v3' retrieved from /home/airflow/.local/lib/python3.8/site-packages/airflow/example_dags/example_branch_python_dop_operator_3.py
[2024-02-14T16:15:19.064+0000] {logging_mixin.py:188} INFO - [2024-02-14T16:15:19.064+0000] {dag.py:3033} INFO - Sync 1 DAGs
[2024-02-14T16:15:19.078+0000] {logging_mixin.py:188} INFO - [2024-02-14T16:15:19.078+0000] {dag.py:3820} INFO - Setting next_dagrun for example_branch_dop_operator_v3 to 2024-02-14T16:14:00+00:00, run_after=2024-02-14T16:15:00+00:00
[2024-02-14T16:15:19.087+0000] {processor.py:183} INFO - Processing /home/airflow/.local/lib/python3.8/site-packages/airflow/example_dags/example_branch_python_dop_operator_3.py took 0.045 seconds
[2024-02-14T16:15:49.491+0000] {processor.py:161} INFO - Started process (PID=1519) to work on /home/airflow/.local/lib/python3.8/site-packages/airflow/example_dags/example_branch_python_dop_operator_3.py
[2024-02-14T16:15:49.492+0000] {processor.py:830} INFO - Processing file /home/airflow/.local/lib/python3.8/site-packages/airflow/example_dags/example_branch_python_dop_operator_3.py for tasks to queue
[2024-02-14T16:15:49.493+0000] {logging_mixin.py:188} INFO - [2024-02-14T16:15:49.493+0000] {dagbag.py:538} INFO - Filling up the DagBag from /home/airflow/.local/lib/python3.8/site-packages/airflow/example_dags/example_branch_python_dop_operator_3.py
[2024-02-14T16:15:49.499+0000] {processor.py:840} INFO - DAG(s) 'example_branch_dop_operator_v3' retrieved from /home/airflow/.local/lib/python3.8/site-packages/airflow/example_dags/example_branch_python_dop_operator_3.py
[2024-02-14T16:15:49.512+0000] {logging_mixin.py:188} INFO - [2024-02-14T16:15:49.511+0000] {dag.py:3033} INFO - Sync 1 DAGs
[2024-02-14T16:15:49.525+0000] {logging_mixin.py:188} INFO - [2024-02-14T16:15:49.525+0000] {dag.py:3820} INFO - Setting next_dagrun for example_branch_dop_operator_v3 to 2024-02-14T16:14:00+00:00, run_after=2024-02-14T16:15:00+00:00
[2024-02-14T16:15:49.534+0000] {processor.py:183} INFO - Processing /home/airflow/.local/lib/python3.8/site-packages/airflow/example_dags/example_branch_python_dop_operator_3.py took 0.045 seconds
[2024-02-14T16:16:20.500+0000] {processor.py:161} INFO - Started process (PID=1576) to work on /home/airflow/.local/lib/python3.8/site-packages/airflow/example_dags/example_branch_python_dop_operator_3.py
[2024-02-14T16:16:20.501+0000] {processor.py:830} INFO - Processing file /home/airflow/.local/lib/python3.8/site-packages/airflow/example_dags/example_branch_python_dop_operator_3.py for tasks to queue
[2024-02-14T16:16:20.502+0000] {logging_mixin.py:188} INFO - [2024-02-14T16:16:20.502+0000] {dagbag.py:538} INFO - Filling up the DagBag from /home/airflow/.local/lib/python3.8/site-packages/airflow/example_dags/example_branch_python_dop_operator_3.py
[2024-02-14T16:16:20.508+0000] {processor.py:840} INFO - DAG(s) 'example_branch_dop_operator_v3' retrieved from /home/airflow/.local/lib/python3.8/site-packages/airflow/example_dags/example_branch_python_dop_operator_3.py
[2024-02-14T16:16:20.520+0000] {logging_mixin.py:188} INFO - [2024-02-14T16:16:20.520+0000] {dag.py:3033} INFO - Sync 1 DAGs
[2024-02-14T16:16:20.533+0000] {logging_mixin.py:188} INFO - [2024-02-14T16:16:20.533+0000] {dag.py:3820} INFO - Setting next_dagrun for example_branch_dop_operator_v3 to 2024-02-14T16:15:00+00:00, run_after=2024-02-14T16:16:00+00:00
[2024-02-14T16:16:20.542+0000] {processor.py:183} INFO - Processing /home/airflow/.local/lib/python3.8/site-packages/airflow/example_dags/example_branch_python_dop_operator_3.py took 0.044 seconds
[2024-02-14T16:16:51.578+0000] {processor.py:161} INFO - Started process (PID=1633) to work on /home/airflow/.local/lib/python3.8/site-packages/airflow/example_dags/example_branch_python_dop_operator_3.py
[2024-02-14T16:16:51.579+0000] {processor.py:830} INFO - Processing file /home/airflow/.local/lib/python3.8/site-packages/airflow/example_dags/example_branch_python_dop_operator_3.py for tasks to queue
[2024-02-14T16:16:51.581+0000] {logging_mixin.py:188} INFO - [2024-02-14T16:16:51.580+0000] {dagbag.py:538} INFO - Filling up the DagBag from /home/airflow/.local/lib/python3.8/site-packages/airflow/example_dags/example_branch_python_dop_operator_3.py
[2024-02-14T16:16:51.586+0000] {processor.py:840} INFO - DAG(s) 'example_branch_dop_operator_v3' retrieved from /home/airflow/.local/lib/python3.8/site-packages/airflow/example_dags/example_branch_python_dop_operator_3.py
[2024-02-14T16:16:51.599+0000] {logging_mixin.py:188} INFO - [2024-02-14T16:16:51.598+0000] {dag.py:3033} INFO - Sync 1 DAGs
[2024-02-14T16:16:51.612+0000] {logging_mixin.py:188} INFO - [2024-02-14T16:16:51.611+0000] {dag.py:3820} INFO - Setting next_dagrun for example_branch_dop_operator_v3 to 2024-02-14T16:15:00+00:00, run_after=2024-02-14T16:16:00+00:00
[2024-02-14T16:16:51.620+0000] {processor.py:183} INFO - Processing /home/airflow/.local/lib/python3.8/site-packages/airflow/example_dags/example_branch_python_dop_operator_3.py took 0.044 seconds
[2024-02-14T16:17:21.797+0000] {processor.py:161} INFO - Started process (PID=1690) to work on /home/airflow/.local/lib/python3.8/site-packages/airflow/example_dags/example_branch_python_dop_operator_3.py
[2024-02-14T16:17:21.797+0000] {processor.py:830} INFO - Processing file /home/airflow/.local/lib/python3.8/site-packages/airflow/example_dags/example_branch_python_dop_operator_3.py for tasks to queue
[2024-02-14T16:17:21.799+0000] {logging_mixin.py:188} INFO - [2024-02-14T16:17:21.799+0000] {dagbag.py:538} INFO - Filling up the DagBag from /home/airflow/.local/lib/python3.8/site-packages/airflow/example_dags/example_branch_python_dop_operator_3.py
[2024-02-14T16:17:21.804+0000] {processor.py:840} INFO - DAG(s) 'example_branch_dop_operator_v3' retrieved from /home/airflow/.local/lib/python3.8/site-packages/airflow/example_dags/example_branch_python_dop_operator_3.py
[2024-02-14T16:17:21.816+0000] {logging_mixin.py:188} INFO - [2024-02-14T16:17:21.816+0000] {dag.py:3033} INFO - Sync 1 DAGs
[2024-02-14T16:17:21.830+0000] {logging_mixin.py:188} INFO - [2024-02-14T16:17:21.830+0000] {dag.py:3820} INFO - Setting next_dagrun for example_branch_dop_operator_v3 to 2024-02-14T16:16:00+00:00, run_after=2024-02-14T16:17:00+00:00
[2024-02-14T16:17:21.840+0000] {processor.py:183} INFO - Processing /home/airflow/.local/lib/python3.8/site-packages/airflow/example_dags/example_branch_python_dop_operator_3.py took 0.045 seconds
[2024-02-14T16:17:52.042+0000] {processor.py:161} INFO - Started process (PID=1747) to work on /home/airflow/.local/lib/python3.8/site-packages/airflow/example_dags/example_branch_python_dop_operator_3.py
[2024-02-14T16:17:52.043+0000] {processor.py:830} INFO - Processing file /home/airflow/.local/lib/python3.8/site-packages/airflow/example_dags/example_branch_python_dop_operator_3.py for tasks to queue
[2024-02-14T16:17:52.044+0000] {logging_mixin.py:188} INFO - [2024-02-14T16:17:52.044+0000] {dagbag.py:538} INFO - Filling up the DagBag from /home/airflow/.local/lib/python3.8/site-packages/airflow/example_dags/example_branch_python_dop_operator_3.py
[2024-02-14T16:17:52.049+0000] {processor.py:840} INFO - DAG(s) 'example_branch_dop_operator_v3' retrieved from /home/airflow/.local/lib/python3.8/site-packages/airflow/example_dags/example_branch_python_dop_operator_3.py
[2024-02-14T16:17:52.061+0000] {logging_mixin.py:188} INFO - [2024-02-14T16:17:52.061+0000] {dag.py:3033} INFO - Sync 1 DAGs
[2024-02-14T16:17:52.075+0000] {logging_mixin.py:188} INFO - [2024-02-14T16:17:52.075+0000] {dag.py:3820} INFO - Setting next_dagrun for example_branch_dop_operator_v3 to 2024-02-14T16:16:00+00:00, run_after=2024-02-14T16:17:00+00:00
[2024-02-14T16:17:52.085+0000] {processor.py:183} INFO - Processing /home/airflow/.local/lib/python3.8/site-packages/airflow/example_dags/example_branch_python_dop_operator_3.py took 0.045 seconds
[2024-02-14T16:18:22.285+0000] {processor.py:161} INFO - Started process (PID=1804) to work on /home/airflow/.local/lib/python3.8/site-packages/airflow/example_dags/example_branch_python_dop_operator_3.py
[2024-02-14T16:18:22.286+0000] {processor.py:830} INFO - Processing file /home/airflow/.local/lib/python3.8/site-packages/airflow/example_dags/example_branch_python_dop_operator_3.py for tasks to queue
[2024-02-14T16:18:22.287+0000] {logging_mixin.py:188} INFO - [2024-02-14T16:18:22.287+0000] {dagbag.py:538} INFO - Filling up the DagBag from /home/airflow/.local/lib/python3.8/site-packages/airflow/example_dags/example_branch_python_dop_operator_3.py
[2024-02-14T16:18:22.293+0000] {processor.py:840} INFO - DAG(s) 'example_branch_dop_operator_v3' retrieved from /home/airflow/.local/lib/python3.8/site-packages/airflow/example_dags/example_branch_python_dop_operator_3.py
[2024-02-14T16:18:22.305+0000] {logging_mixin.py:188} INFO - [2024-02-14T16:18:22.305+0000] {dag.py:3033} INFO - Sync 1 DAGs
[2024-02-14T16:18:22.317+0000] {logging_mixin.py:188} INFO - [2024-02-14T16:18:22.317+0000] {dag.py:3820} INFO - Setting next_dagrun for example_branch_dop_operator_v3 to 2024-02-14T16:17:00+00:00, run_after=2024-02-14T16:18:00+00:00
[2024-02-14T16:18:22.327+0000] {processor.py:183} INFO - Processing /home/airflow/.local/lib/python3.8/site-packages/airflow/example_dags/example_branch_python_dop_operator_3.py took 0.044 seconds
[2024-02-14T16:18:52.565+0000] {processor.py:161} INFO - Started process (PID=1861) to work on /home/airflow/.local/lib/python3.8/site-packages/airflow/example_dags/example_branch_python_dop_operator_3.py
[2024-02-14T16:18:52.565+0000] {processor.py:830} INFO - Processing file /home/airflow/.local/lib/python3.8/site-packages/airflow/example_dags/example_branch_python_dop_operator_3.py for tasks to queue
[2024-02-14T16:18:52.567+0000] {logging_mixin.py:188} INFO - [2024-02-14T16:18:52.567+0000] {dagbag.py:538} INFO - Filling up the DagBag from /home/airflow/.local/lib/python3.8/site-packages/airflow/example_dags/example_branch_python_dop_operator_3.py
[2024-02-14T16:18:52.572+0000] {processor.py:840} INFO - DAG(s) 'example_branch_dop_operator_v3' retrieved from /home/airflow/.local/lib/python3.8/site-packages/airflow/example_dags/example_branch_python_dop_operator_3.py
[2024-02-14T16:18:52.585+0000] {logging_mixin.py:188} INFO - [2024-02-14T16:18:52.585+0000] {dag.py:3033} INFO - Sync 1 DAGs
[2024-02-14T16:18:52.600+0000] {logging_mixin.py:188} INFO - [2024-02-14T16:18:52.600+0000] {dag.py:3820} INFO - Setting next_dagrun for example_branch_dop_operator_v3 to 2024-02-14T16:17:00+00:00, run_after=2024-02-14T16:18:00+00:00
[2024-02-14T16:18:52.610+0000] {processor.py:183} INFO - Processing /home/airflow/.local/lib/python3.8/site-packages/airflow/example_dags/example_branch_python_dop_operator_3.py took 0.048 seconds
[2024-02-14T16:19:22.920+0000] {processor.py:161} INFO - Started process (PID=1918) to work on /home/airflow/.local/lib/python3.8/site-packages/airflow/example_dags/example_branch_python_dop_operator_3.py
[2024-02-14T16:19:22.921+0000] {processor.py:830} INFO - Processing file /home/airflow/.local/lib/python3.8/site-packages/airflow/example_dags/example_branch_python_dop_operator_3.py for tasks to queue
[2024-02-14T16:19:22.922+0000] {logging_mixin.py:188} INFO - [2024-02-14T16:19:22.922+0000] {dagbag.py:538} INFO - Filling up the DagBag from /home/airflow/.local/lib/python3.8/site-packages/airflow/example_dags/example_branch_python_dop_operator_3.py
[2024-02-14T16:19:22.927+0000] {processor.py:840} INFO - DAG(s) 'example_branch_dop_operator_v3' retrieved from /home/airflow/.local/lib/python3.8/site-packages/airflow/example_dags/example_branch_python_dop_operator_3.py
[2024-02-14T16:19:22.941+0000] {logging_mixin.py:188} INFO - [2024-02-14T16:19:22.941+0000] {dag.py:3033} INFO - Sync 1 DAGs
[2024-02-14T16:19:22.955+0000] {logging_mixin.py:188} INFO - [2024-02-14T16:19:22.955+0000] {dag.py:3820} INFO - Setting next_dagrun for example_branch_dop_operator_v3 to 2024-02-14T16:18:00+00:00, run_after=2024-02-14T16:19:00+00:00
[2024-02-14T16:19:22.965+0000] {processor.py:183} INFO - Processing /home/airflow/.local/lib/python3.8/site-packages/airflow/example_dags/example_branch_python_dop_operator_3.py took 0.048 seconds
[2024-02-14T16:19:53.067+0000] {processor.py:161} INFO - Started process (PID=1975) to work on /home/airflow/.local/lib/python3.8/site-packages/airflow/example_dags/example_branch_python_dop_operator_3.py
[2024-02-14T16:19:53.068+0000] {processor.py:830} INFO - Processing file /home/airflow/.local/lib/python3.8/site-packages/airflow/example_dags/example_branch_python_dop_operator_3.py for tasks to queue
[2024-02-14T16:19:53.070+0000] {logging_mixin.py:188} INFO - [2024-02-14T16:19:53.069+0000] {dagbag.py:538} INFO - Filling up the DagBag from /home/airflow/.local/lib/python3.8/site-packages/airflow/example_dags/example_branch_python_dop_operator_3.py
[2024-02-14T16:19:53.075+0000] {processor.py:840} INFO - DAG(s) 'example_branch_dop_operator_v3' retrieved from /home/airflow/.local/lib/python3.8/site-packages/airflow/example_dags/example_branch_python_dop_operator_3.py
[2024-02-14T16:19:53.087+0000] {logging_mixin.py:188} INFO - [2024-02-14T16:19:53.087+0000] {dag.py:3033} INFO - Sync 1 DAGs
[2024-02-14T16:19:53.101+0000] {logging_mixin.py:188} INFO - [2024-02-14T16:19:53.101+0000] {dag.py:3820} INFO - Setting next_dagrun for example_branch_dop_operator_v3 to 2024-02-14T16:18:00+00:00, run_after=2024-02-14T16:19:00+00:00
[2024-02-14T16:19:53.111+0000] {processor.py:183} INFO - Processing /home/airflow/.local/lib/python3.8/site-packages/airflow/example_dags/example_branch_python_dop_operator_3.py took 0.046 seconds
[2024-02-14T16:20:23.283+0000] {processor.py:161} INFO - Started process (PID=2032) to work on /home/airflow/.local/lib/python3.8/site-packages/airflow/example_dags/example_branch_python_dop_operator_3.py
[2024-02-14T16:20:23.284+0000] {processor.py:830} INFO - Processing file /home/airflow/.local/lib/python3.8/site-packages/airflow/example_dags/example_branch_python_dop_operator_3.py for tasks to queue
[2024-02-14T16:20:23.285+0000] {logging_mixin.py:188} INFO - [2024-02-14T16:20:23.285+0000] {dagbag.py:538} INFO - Filling up the DagBag from /home/airflow/.local/lib/python3.8/site-packages/airflow/example_dags/example_branch_python_dop_operator_3.py
[2024-02-14T16:20:23.291+0000] {processor.py:840} INFO - DAG(s) 'example_branch_dop_operator_v3' retrieved from /home/airflow/.local/lib/python3.8/site-packages/airflow/example_dags/example_branch_python_dop_operator_3.py
[2024-02-14T16:20:23.303+0000] {logging_mixin.py:188} INFO - [2024-02-14T16:20:23.303+0000] {dag.py:3033} INFO - Sync 1 DAGs
[2024-02-14T16:20:23.318+0000] {logging_mixin.py:188} INFO - [2024-02-14T16:20:23.317+0000] {dag.py:3820} INFO - Setting next_dagrun for example_branch_dop_operator_v3 to 2024-02-14T16:19:00+00:00, run_after=2024-02-14T16:20:00+00:00
[2024-02-14T16:20:23.327+0000] {processor.py:183} INFO - Processing /home/airflow/.local/lib/python3.8/site-packages/airflow/example_dags/example_branch_python_dop_operator_3.py took 0.047 seconds
[2024-02-14T16:20:53.679+0000] {processor.py:161} INFO - Started process (PID=2089) to work on /home/airflow/.local/lib/python3.8/site-packages/airflow/example_dags/example_branch_python_dop_operator_3.py
[2024-02-14T16:20:53.680+0000] {processor.py:830} INFO - Processing file /home/airflow/.local/lib/python3.8/site-packages/airflow/example_dags/example_branch_python_dop_operator_3.py for tasks to queue
[2024-02-14T16:20:53.681+0000] {logging_mixin.py:188} INFO - [2024-02-14T16:20:53.681+0000] {dagbag.py:538} INFO - Filling up the DagBag from /home/airflow/.local/lib/python3.8/site-packages/airflow/example_dags/example_branch_python_dop_operator_3.py
[2024-02-14T16:20:53.688+0000] {processor.py:840} INFO - DAG(s) 'example_branch_dop_operator_v3' retrieved from /home/airflow/.local/lib/python3.8/site-packages/airflow/example_dags/example_branch_python_dop_operator_3.py
[2024-02-14T16:20:53.704+0000] {logging_mixin.py:188} INFO - [2024-02-14T16:20:53.703+0000] {dag.py:3033} INFO - Sync 1 DAGs
[2024-02-14T16:20:53.719+0000] {logging_mixin.py:188} INFO - [2024-02-14T16:20:53.719+0000] {dag.py:3820} INFO - Setting next_dagrun for example_branch_dop_operator_v3 to 2024-02-14T16:19:00+00:00, run_after=2024-02-14T16:20:00+00:00
[2024-02-14T16:20:53.730+0000] {processor.py:183} INFO - Processing /home/airflow/.local/lib/python3.8/site-packages/airflow/example_dags/example_branch_python_dop_operator_3.py took 0.054 seconds
[2024-02-14T16:21:24.134+0000] {processor.py:161} INFO - Started process (PID=2146) to work on /home/airflow/.local/lib/python3.8/site-packages/airflow/example_dags/example_branch_python_dop_operator_3.py
[2024-02-14T16:21:24.135+0000] {processor.py:830} INFO - Processing file /home/airflow/.local/lib/python3.8/site-packages/airflow/example_dags/example_branch_python_dop_operator_3.py for tasks to queue
[2024-02-14T16:21:24.137+0000] {logging_mixin.py:188} INFO - [2024-02-14T16:21:24.136+0000] {dagbag.py:538} INFO - Filling up the DagBag from /home/airflow/.local/lib/python3.8/site-packages/airflow/example_dags/example_branch_python_dop_operator_3.py
[2024-02-14T16:21:24.142+0000] {processor.py:840} INFO - DAG(s) 'example_branch_dop_operator_v3' retrieved from /home/airflow/.local/lib/python3.8/site-packages/airflow/example_dags/example_branch_python_dop_operator_3.py
[2024-02-14T16:21:24.155+0000] {logging_mixin.py:188} INFO - [2024-02-14T16:21:24.155+0000] {dag.py:3033} INFO - Sync 1 DAGs
[2024-02-14T16:21:24.168+0000] {logging_mixin.py:188} INFO - [2024-02-14T16:21:24.168+0000] {dag.py:3820} INFO - Setting next_dagrun for example_branch_dop_operator_v3 to 2024-02-14T16:20:00+00:00, run_after=2024-02-14T16:21:00+00:00
[2024-02-14T16:21:24.177+0000] {processor.py:183} INFO - Processing /home/airflow/.local/lib/python3.8/site-packages/airflow/example_dags/example_branch_python_dop_operator_3.py took 0.045 seconds
[2024-02-14T16:21:54.544+0000] {processor.py:161} INFO - Started process (PID=2202) to work on /home/airflow/.local/lib/python3.8/site-packages/airflow/example_dags/example_branch_python_dop_operator_3.py
[2024-02-14T16:21:54.545+0000] {processor.py:830} INFO - Processing file /home/airflow/.local/lib/python3.8/site-packages/airflow/example_dags/example_branch_python_dop_operator_3.py for tasks to queue
[2024-02-14T16:21:54.547+0000] {logging_mixin.py:188} INFO - [2024-02-14T16:21:54.546+0000] {dagbag.py:538} INFO - Filling up the DagBag from /home/airflow/.local/lib/python3.8/site-packages/airflow/example_dags/example_branch_python_dop_operator_3.py
[2024-02-14T16:21:54.552+0000] {processor.py:840} INFO - DAG(s) 'example_branch_dop_operator_v3' retrieved from /home/airflow/.local/lib/python3.8/site-packages/airflow/example_dags/example_branch_python_dop_operator_3.py
[2024-02-14T16:21:54.565+0000] {logging_mixin.py:188} INFO - [2024-02-14T16:21:54.565+0000] {dag.py:3033} INFO - Sync 1 DAGs
[2024-02-14T16:21:54.579+0000] {logging_mixin.py:188} INFO - [2024-02-14T16:21:54.579+0000] {dag.py:3820} INFO - Setting next_dagrun for example_branch_dop_operator_v3 to 2024-02-14T16:20:00+00:00, run_after=2024-02-14T16:21:00+00:00
[2024-02-14T16:21:54.589+0000] {processor.py:183} INFO - Processing /home/airflow/.local/lib/python3.8/site-packages/airflow/example_dags/example_branch_python_dop_operator_3.py took 0.047 seconds
[2024-02-14T16:22:25.641+0000] {processor.py:161} INFO - Started process (PID=2259) to work on /home/airflow/.local/lib/python3.8/site-packages/airflow/example_dags/example_branch_python_dop_operator_3.py
[2024-02-14T16:22:25.642+0000] {processor.py:830} INFO - Processing file /home/airflow/.local/lib/python3.8/site-packages/airflow/example_dags/example_branch_python_dop_operator_3.py for tasks to queue
[2024-02-14T16:22:25.643+0000] {logging_mixin.py:188} INFO - [2024-02-14T16:22:25.643+0000] {dagbag.py:538} INFO - Filling up the DagBag from /home/airflow/.local/lib/python3.8/site-packages/airflow/example_dags/example_branch_python_dop_operator_3.py
[2024-02-14T16:22:25.649+0000] {processor.py:840} INFO - DAG(s) 'example_branch_dop_operator_v3' retrieved from /home/airflow/.local/lib/python3.8/site-packages/airflow/example_dags/example_branch_python_dop_operator_3.py
[2024-02-14T16:22:25.662+0000] {logging_mixin.py:188} INFO - [2024-02-14T16:22:25.662+0000] {dag.py:3033} INFO - Sync 1 DAGs
[2024-02-14T16:22:25.678+0000] {logging_mixin.py:188} INFO - [2024-02-14T16:22:25.677+0000] {dag.py:3820} INFO - Setting next_dagrun for example_branch_dop_operator_v3 to 2024-02-14T16:21:00+00:00, run_after=2024-02-14T16:22:00+00:00
[2024-02-14T16:22:25.691+0000] {processor.py:183} INFO - Processing /home/airflow/.local/lib/python3.8/site-packages/airflow/example_dags/example_branch_python_dop_operator_3.py took 0.052 seconds
[2024-02-14T16:22:56.823+0000] {processor.py:161} INFO - Started process (PID=2316) to work on /home/airflow/.local/lib/python3.8/site-packages/airflow/example_dags/example_branch_python_dop_operator_3.py
[2024-02-14T16:22:56.824+0000] {processor.py:830} INFO - Processing file /home/airflow/.local/lib/python3.8/site-packages/airflow/example_dags/example_branch_python_dop_operator_3.py for tasks to queue
[2024-02-14T16:22:56.825+0000] {logging_mixin.py:188} INFO - [2024-02-14T16:22:56.825+0000] {dagbag.py:538} INFO - Filling up the DagBag from /home/airflow/.local/lib/python3.8/site-packages/airflow/example_dags/example_branch_python_dop_operator_3.py
[2024-02-14T16:22:56.830+0000] {processor.py:840} INFO - DAG(s) 'example_branch_dop_operator_v3' retrieved from /home/airflow/.local/lib/python3.8/site-packages/airflow/example_dags/example_branch_python_dop_operator_3.py
[2024-02-14T16:22:56.927+0000] {logging_mixin.py:188} INFO - [2024-02-14T16:22:56.927+0000] {dag.py:3033} INFO - Sync 1 DAGs
[2024-02-14T16:22:56.939+0000] {logging_mixin.py:188} INFO - [2024-02-14T16:22:56.938+0000] {dag.py:3820} INFO - Setting next_dagrun for example_branch_dop_operator_v3 to 2024-02-14T16:21:00+00:00, run_after=2024-02-14T16:22:00+00:00
[2024-02-14T16:22:56.948+0000] {processor.py:183} INFO - Processing /home/airflow/.local/lib/python3.8/site-packages/airflow/example_dags/example_branch_python_dop_operator_3.py took 0.126 seconds
[2024-02-14T16:23:27.091+0000] {processor.py:161} INFO - Started process (PID=2373) to work on /home/airflow/.local/lib/python3.8/site-packages/airflow/example_dags/example_branch_python_dop_operator_3.py
[2024-02-14T16:23:27.091+0000] {processor.py:830} INFO - Processing file /home/airflow/.local/lib/python3.8/site-packages/airflow/example_dags/example_branch_python_dop_operator_3.py for tasks to queue
[2024-02-14T16:23:27.093+0000] {logging_mixin.py:188} INFO - [2024-02-14T16:23:27.093+0000] {dagbag.py:538} INFO - Filling up the DagBag from /home/airflow/.local/lib/python3.8/site-packages/airflow/example_dags/example_branch_python_dop_operator_3.py
[2024-02-14T16:23:27.098+0000] {processor.py:840} INFO - DAG(s) 'example_branch_dop_operator_v3' retrieved from /home/airflow/.local/lib/python3.8/site-packages/airflow/example_dags/example_branch_python_dop_operator_3.py
[2024-02-14T16:23:27.111+0000] {logging_mixin.py:188} INFO - [2024-02-14T16:23:27.110+0000] {dag.py:3033} INFO - Sync 1 DAGs
[2024-02-14T16:23:27.124+0000] {logging_mixin.py:188} INFO - [2024-02-14T16:23:27.124+0000] {dag.py:3820} INFO - Setting next_dagrun for example_branch_dop_operator_v3 to 2024-02-14T16:22:00+00:00, run_after=2024-02-14T16:23:00+00:00
[2024-02-14T16:23:27.134+0000] {processor.py:183} INFO - Processing /home/airflow/.local/lib/python3.8/site-packages/airflow/example_dags/example_branch_python_dop_operator_3.py took 0.045 seconds
[2024-02-14T16:23:57.489+0000] {processor.py:161} INFO - Started process (PID=2430) to work on /home/airflow/.local/lib/python3.8/site-packages/airflow/example_dags/example_branch_python_dop_operator_3.py
[2024-02-14T16:23:57.490+0000] {processor.py:830} INFO - Processing file /home/airflow/.local/lib/python3.8/site-packages/airflow/example_dags/example_branch_python_dop_operator_3.py for tasks to queue
[2024-02-14T16:23:57.491+0000] {logging_mixin.py:188} INFO - [2024-02-14T16:23:57.491+0000] {dagbag.py:538} INFO - Filling up the DagBag from /home/airflow/.local/lib/python3.8/site-packages/airflow/example_dags/example_branch_python_dop_operator_3.py
[2024-02-14T16:23:57.497+0000] {processor.py:840} INFO - DAG(s) 'example_branch_dop_operator_v3' retrieved from /home/airflow/.local/lib/python3.8/site-packages/airflow/example_dags/example_branch_python_dop_operator_3.py
[2024-02-14T16:23:57.510+0000] {logging_mixin.py:188} INFO - [2024-02-14T16:23:57.510+0000] {dag.py:3033} INFO - Sync 1 DAGs
[2024-02-14T16:23:57.523+0000] {logging_mixin.py:188} INFO - [2024-02-14T16:23:57.523+0000] {dag.py:3820} INFO - Setting next_dagrun for example_branch_dop_operator_v3 to 2024-02-14T16:22:00+00:00, run_after=2024-02-14T16:23:00+00:00
[2024-02-14T16:23:57.532+0000] {processor.py:183} INFO - Processing /home/airflow/.local/lib/python3.8/site-packages/airflow/example_dags/example_branch_python_dop_operator_3.py took 0.045 seconds
[2024-02-14T16:24:27.693+0000] {processor.py:161} INFO - Started process (PID=2487) to work on /home/airflow/.local/lib/python3.8/site-packages/airflow/example_dags/example_branch_python_dop_operator_3.py
[2024-02-14T16:24:27.694+0000] {processor.py:830} INFO - Processing file /home/airflow/.local/lib/python3.8/site-packages/airflow/example_dags/example_branch_python_dop_operator_3.py for tasks to queue
[2024-02-14T16:24:27.696+0000] {logging_mixin.py:188} INFO - [2024-02-14T16:24:27.696+0000] {dagbag.py:538} INFO - Filling up the DagBag from /home/airflow/.local/lib/python3.8/site-packages/airflow/example_dags/example_branch_python_dop_operator_3.py
[2024-02-14T16:24:27.702+0000] {processor.py:840} INFO - DAG(s) 'example_branch_dop_operator_v3' retrieved from /home/airflow/.local/lib/python3.8/site-packages/airflow/example_dags/example_branch_python_dop_operator_3.py
[2024-02-14T16:24:27.715+0000] {logging_mixin.py:188} INFO - [2024-02-14T16:24:27.715+0000] {dag.py:3033} INFO - Sync 1 DAGs
[2024-02-14T16:24:27.728+0000] {logging_mixin.py:188} INFO - [2024-02-14T16:24:27.728+0000] {dag.py:3820} INFO - Setting next_dagrun for example_branch_dop_operator_v3 to 2024-02-14T16:23:00+00:00, run_after=2024-02-14T16:24:00+00:00
[2024-02-14T16:24:27.737+0000] {processor.py:183} INFO - Processing /home/airflow/.local/lib/python3.8/site-packages/airflow/example_dags/example_branch_python_dop_operator_3.py took 0.046 seconds
