[2024-02-14T16:03:07.516+0000] {processor.py:161} INFO - Started process (PID=61) to work on /home/airflow/.local/lib/python3.8/site-packages/airflow/example_dags/example_xcomargs.py
[2024-02-14T16:03:07.517+0000] {processor.py:830} INFO - Processing file /home/airflow/.local/lib/python3.8/site-packages/airflow/example_dags/example_xcomargs.py for tasks to queue
[2024-02-14T16:03:07.518+0000] {logging_mixin.py:188} INFO - [2024-02-14T16:03:07.518+0000] {dagbag.py:538} INFO - Filling up the DagBag from /home/airflow/.local/lib/python3.8/site-packages/airflow/example_dags/example_xcomargs.py
[2024-02-14T16:03:07.526+0000] {processor.py:840} INFO - DAG(s) 'example_xcom_args', 'example_xcom_args_with_operators' retrieved from /home/airflow/.local/lib/python3.8/site-packages/airflow/example_dags/example_xcomargs.py
[2024-02-14T16:03:07.536+0000] {logging_mixin.py:188} INFO - [2024-02-14T16:03:07.536+0000] {dag.py:3033} INFO - Sync 2 DAGs
[2024-02-14T16:03:07.550+0000] {logging_mixin.py:188} INFO - [2024-02-14T16:03:07.550+0000] {dag.py:3820} INFO - Setting next_dagrun for example_xcom_args to None, run_after=None
[2024-02-14T16:03:07.552+0000] {logging_mixin.py:188} INFO - [2024-02-14T16:03:07.552+0000] {dag.py:3820} INFO - Setting next_dagrun for example_xcom_args_with_operators to None, run_after=None
[2024-02-14T16:03:07.564+0000] {processor.py:183} INFO - Processing /home/airflow/.local/lib/python3.8/site-packages/airflow/example_dags/example_xcomargs.py took 0.050 seconds
[2024-02-14T16:03:37.833+0000] {processor.py:161} INFO - Started process (PID=118) to work on /home/airflow/.local/lib/python3.8/site-packages/airflow/example_dags/example_xcomargs.py
[2024-02-14T16:03:37.834+0000] {processor.py:830} INFO - Processing file /home/airflow/.local/lib/python3.8/site-packages/airflow/example_dags/example_xcomargs.py for tasks to queue
[2024-02-14T16:03:37.835+0000] {logging_mixin.py:188} INFO - [2024-02-14T16:03:37.835+0000] {dagbag.py:538} INFO - Filling up the DagBag from /home/airflow/.local/lib/python3.8/site-packages/airflow/example_dags/example_xcomargs.py
[2024-02-14T16:03:37.840+0000] {processor.py:840} INFO - DAG(s) 'example_xcom_args', 'example_xcom_args_with_operators' retrieved from /home/airflow/.local/lib/python3.8/site-packages/airflow/example_dags/example_xcomargs.py
[2024-02-14T16:03:37.897+0000] {logging_mixin.py:188} INFO - [2024-02-14T16:03:37.897+0000] {dag.py:3033} INFO - Sync 2 DAGs
[2024-02-14T16:03:37.903+0000] {logging_mixin.py:188} INFO - [2024-02-14T16:03:37.903+0000] {dag.py:3820} INFO - Setting next_dagrun for example_xcom_args to None, run_after=None
[2024-02-14T16:03:37.904+0000] {logging_mixin.py:188} INFO - [2024-02-14T16:03:37.904+0000] {dag.py:3820} INFO - Setting next_dagrun for example_xcom_args_with_operators to None, run_after=None
[2024-02-14T16:03:37.914+0000] {processor.py:183} INFO - Processing /home/airflow/.local/lib/python3.8/site-packages/airflow/example_dags/example_xcomargs.py took 0.083 seconds
[2024-02-14T16:04:08.545+0000] {processor.py:161} INFO - Started process (PID=175) to work on /home/airflow/.local/lib/python3.8/site-packages/airflow/example_dags/example_xcomargs.py
[2024-02-14T16:04:08.545+0000] {processor.py:830} INFO - Processing file /home/airflow/.local/lib/python3.8/site-packages/airflow/example_dags/example_xcomargs.py for tasks to queue
[2024-02-14T16:04:08.547+0000] {logging_mixin.py:188} INFO - [2024-02-14T16:04:08.547+0000] {dagbag.py:538} INFO - Filling up the DagBag from /home/airflow/.local/lib/python3.8/site-packages/airflow/example_dags/example_xcomargs.py
[2024-02-14T16:04:08.559+0000] {processor.py:840} INFO - DAG(s) 'example_xcom_args_with_operators', 'example_xcom_args' retrieved from /home/airflow/.local/lib/python3.8/site-packages/airflow/example_dags/example_xcomargs.py
[2024-02-14T16:04:08.577+0000] {logging_mixin.py:188} INFO - [2024-02-14T16:04:08.576+0000] {dag.py:3033} INFO - Sync 2 DAGs
[2024-02-14T16:04:08.584+0000] {logging_mixin.py:188} INFO - [2024-02-14T16:04:08.584+0000] {dag.py:3820} INFO - Setting next_dagrun for example_xcom_args to None, run_after=None
[2024-02-14T16:04:08.586+0000] {logging_mixin.py:188} INFO - [2024-02-14T16:04:08.586+0000] {dag.py:3820} INFO - Setting next_dagrun for example_xcom_args_with_operators to None, run_after=None
[2024-02-14T16:04:08.594+0000] {processor.py:183} INFO - Processing /home/airflow/.local/lib/python3.8/site-packages/airflow/example_dags/example_xcomargs.py took 0.052 seconds
[2024-02-14T16:04:38.765+0000] {processor.py:161} INFO - Started process (PID=232) to work on /home/airflow/.local/lib/python3.8/site-packages/airflow/example_dags/example_xcomargs.py
[2024-02-14T16:04:38.766+0000] {processor.py:830} INFO - Processing file /home/airflow/.local/lib/python3.8/site-packages/airflow/example_dags/example_xcomargs.py for tasks to queue
[2024-02-14T16:04:38.767+0000] {logging_mixin.py:188} INFO - [2024-02-14T16:04:38.767+0000] {dagbag.py:538} INFO - Filling up the DagBag from /home/airflow/.local/lib/python3.8/site-packages/airflow/example_dags/example_xcomargs.py
[2024-02-14T16:04:38.772+0000] {processor.py:840} INFO - DAG(s) 'example_xcom_args_with_operators', 'example_xcom_args' retrieved from /home/airflow/.local/lib/python3.8/site-packages/airflow/example_dags/example_xcomargs.py
[2024-02-14T16:04:38.788+0000] {logging_mixin.py:188} INFO - [2024-02-14T16:04:38.788+0000] {dag.py:3033} INFO - Sync 2 DAGs
[2024-02-14T16:04:38.795+0000] {logging_mixin.py:188} INFO - [2024-02-14T16:04:38.795+0000] {dag.py:3820} INFO - Setting next_dagrun for example_xcom_args to None, run_after=None
[2024-02-14T16:04:38.797+0000] {logging_mixin.py:188} INFO - [2024-02-14T16:04:38.797+0000] {dag.py:3820} INFO - Setting next_dagrun for example_xcom_args_with_operators to None, run_after=None
[2024-02-14T16:04:38.805+0000] {processor.py:183} INFO - Processing /home/airflow/.local/lib/python3.8/site-packages/airflow/example_dags/example_xcomargs.py took 0.043 seconds
[2024-02-14T16:05:09.063+0000] {processor.py:161} INFO - Started process (PID=289) to work on /home/airflow/.local/lib/python3.8/site-packages/airflow/example_dags/example_xcomargs.py
[2024-02-14T16:05:09.063+0000] {processor.py:830} INFO - Processing file /home/airflow/.local/lib/python3.8/site-packages/airflow/example_dags/example_xcomargs.py for tasks to queue
[2024-02-14T16:05:09.065+0000] {logging_mixin.py:188} INFO - [2024-02-14T16:05:09.065+0000] {dagbag.py:538} INFO - Filling up the DagBag from /home/airflow/.local/lib/python3.8/site-packages/airflow/example_dags/example_xcomargs.py
[2024-02-14T16:05:09.069+0000] {processor.py:840} INFO - DAG(s) 'example_xcom_args_with_operators', 'example_xcom_args' retrieved from /home/airflow/.local/lib/python3.8/site-packages/airflow/example_dags/example_xcomargs.py
[2024-02-14T16:05:09.082+0000] {logging_mixin.py:188} INFO - [2024-02-14T16:05:09.082+0000] {dag.py:3033} INFO - Sync 2 DAGs
[2024-02-14T16:05:09.088+0000] {logging_mixin.py:188} INFO - [2024-02-14T16:05:09.088+0000] {dag.py:3820} INFO - Setting next_dagrun for example_xcom_args to None, run_after=None
[2024-02-14T16:05:09.090+0000] {logging_mixin.py:188} INFO - [2024-02-14T16:05:09.090+0000] {dag.py:3820} INFO - Setting next_dagrun for example_xcom_args_with_operators to None, run_after=None
[2024-02-14T16:05:09.099+0000] {processor.py:183} INFO - Processing /home/airflow/.local/lib/python3.8/site-packages/airflow/example_dags/example_xcomargs.py took 0.038 seconds
[2024-02-14T16:05:39.265+0000] {processor.py:161} INFO - Started process (PID=346) to work on /home/airflow/.local/lib/python3.8/site-packages/airflow/example_dags/example_xcomargs.py
[2024-02-14T16:05:39.265+0000] {processor.py:830} INFO - Processing file /home/airflow/.local/lib/python3.8/site-packages/airflow/example_dags/example_xcomargs.py for tasks to queue
[2024-02-14T16:05:39.267+0000] {logging_mixin.py:188} INFO - [2024-02-14T16:05:39.267+0000] {dagbag.py:538} INFO - Filling up the DagBag from /home/airflow/.local/lib/python3.8/site-packages/airflow/example_dags/example_xcomargs.py
[2024-02-14T16:05:39.272+0000] {processor.py:840} INFO - DAG(s) 'example_xcom_args', 'example_xcom_args_with_operators' retrieved from /home/airflow/.local/lib/python3.8/site-packages/airflow/example_dags/example_xcomargs.py
[2024-02-14T16:05:39.288+0000] {logging_mixin.py:188} INFO - [2024-02-14T16:05:39.287+0000] {dag.py:3033} INFO - Sync 2 DAGs
[2024-02-14T16:05:39.295+0000] {logging_mixin.py:188} INFO - [2024-02-14T16:05:39.295+0000] {dag.py:3820} INFO - Setting next_dagrun for example_xcom_args to None, run_after=None
[2024-02-14T16:05:39.297+0000] {logging_mixin.py:188} INFO - [2024-02-14T16:05:39.297+0000] {dag.py:3820} INFO - Setting next_dagrun for example_xcom_args_with_operators to None, run_after=None
[2024-02-14T16:05:39.307+0000] {processor.py:183} INFO - Processing /home/airflow/.local/lib/python3.8/site-packages/airflow/example_dags/example_xcomargs.py took 0.045 seconds
[2024-02-14T16:06:09.405+0000] {processor.py:161} INFO - Started process (PID=403) to work on /home/airflow/.local/lib/python3.8/site-packages/airflow/example_dags/example_xcomargs.py
[2024-02-14T16:06:09.406+0000] {processor.py:830} INFO - Processing file /home/airflow/.local/lib/python3.8/site-packages/airflow/example_dags/example_xcomargs.py for tasks to queue
[2024-02-14T16:06:09.408+0000] {logging_mixin.py:188} INFO - [2024-02-14T16:06:09.407+0000] {dagbag.py:538} INFO - Filling up the DagBag from /home/airflow/.local/lib/python3.8/site-packages/airflow/example_dags/example_xcomargs.py
[2024-02-14T16:06:09.412+0000] {processor.py:840} INFO - DAG(s) 'example_xcom_args', 'example_xcom_args_with_operators' retrieved from /home/airflow/.local/lib/python3.8/site-packages/airflow/example_dags/example_xcomargs.py
[2024-02-14T16:06:09.426+0000] {logging_mixin.py:188} INFO - [2024-02-14T16:06:09.426+0000] {dag.py:3033} INFO - Sync 2 DAGs
[2024-02-14T16:06:09.434+0000] {logging_mixin.py:188} INFO - [2024-02-14T16:06:09.434+0000] {dag.py:3820} INFO - Setting next_dagrun for example_xcom_args to None, run_after=None
[2024-02-14T16:06:09.436+0000] {logging_mixin.py:188} INFO - [2024-02-14T16:06:09.436+0000] {dag.py:3820} INFO - Setting next_dagrun for example_xcom_args_with_operators to None, run_after=None
[2024-02-14T16:06:09.446+0000] {processor.py:183} INFO - Processing /home/airflow/.local/lib/python3.8/site-packages/airflow/example_dags/example_xcomargs.py took 0.043 seconds
[2024-02-14T16:06:39.504+0000] {processor.py:161} INFO - Started process (PID=460) to work on /home/airflow/.local/lib/python3.8/site-packages/airflow/example_dags/example_xcomargs.py
[2024-02-14T16:06:39.504+0000] {processor.py:830} INFO - Processing file /home/airflow/.local/lib/python3.8/site-packages/airflow/example_dags/example_xcomargs.py for tasks to queue
[2024-02-14T16:06:39.506+0000] {logging_mixin.py:188} INFO - [2024-02-14T16:06:39.506+0000] {dagbag.py:538} INFO - Filling up the DagBag from /home/airflow/.local/lib/python3.8/site-packages/airflow/example_dags/example_xcomargs.py
[2024-02-14T16:06:39.510+0000] {processor.py:840} INFO - DAG(s) 'example_xcom_args_with_operators', 'example_xcom_args' retrieved from /home/airflow/.local/lib/python3.8/site-packages/airflow/example_dags/example_xcomargs.py
[2024-02-14T16:06:39.524+0000] {logging_mixin.py:188} INFO - [2024-02-14T16:06:39.524+0000] {dag.py:3033} INFO - Sync 2 DAGs
[2024-02-14T16:06:39.531+0000] {logging_mixin.py:188} INFO - [2024-02-14T16:06:39.531+0000] {dag.py:3820} INFO - Setting next_dagrun for example_xcom_args to None, run_after=None
[2024-02-14T16:06:39.533+0000] {logging_mixin.py:188} INFO - [2024-02-14T16:06:39.533+0000] {dag.py:3820} INFO - Setting next_dagrun for example_xcom_args_with_operators to None, run_after=None
[2024-02-14T16:06:39.541+0000] {processor.py:183} INFO - Processing /home/airflow/.local/lib/python3.8/site-packages/airflow/example_dags/example_xcomargs.py took 0.040 seconds
[2024-02-14T16:07:09.586+0000] {processor.py:161} INFO - Started process (PID=516) to work on /home/airflow/.local/lib/python3.8/site-packages/airflow/example_dags/example_xcomargs.py
[2024-02-14T16:07:09.586+0000] {processor.py:830} INFO - Processing file /home/airflow/.local/lib/python3.8/site-packages/airflow/example_dags/example_xcomargs.py for tasks to queue
[2024-02-14T16:07:09.588+0000] {logging_mixin.py:188} INFO - [2024-02-14T16:07:09.588+0000] {dagbag.py:538} INFO - Filling up the DagBag from /home/airflow/.local/lib/python3.8/site-packages/airflow/example_dags/example_xcomargs.py
[2024-02-14T16:07:09.592+0000] {processor.py:840} INFO - DAG(s) 'example_xcom_args', 'example_xcom_args_with_operators' retrieved from /home/airflow/.local/lib/python3.8/site-packages/airflow/example_dags/example_xcomargs.py
[2024-02-14T16:07:09.605+0000] {logging_mixin.py:188} INFO - [2024-02-14T16:07:09.605+0000] {dag.py:3033} INFO - Sync 2 DAGs
[2024-02-14T16:07:09.611+0000] {logging_mixin.py:188} INFO - [2024-02-14T16:07:09.611+0000] {dag.py:3820} INFO - Setting next_dagrun for example_xcom_args to None, run_after=None
[2024-02-14T16:07:09.613+0000] {logging_mixin.py:188} INFO - [2024-02-14T16:07:09.613+0000] {dag.py:3820} INFO - Setting next_dagrun for example_xcom_args_with_operators to None, run_after=None
[2024-02-14T16:07:09.621+0000] {processor.py:183} INFO - Processing /home/airflow/.local/lib/python3.8/site-packages/airflow/example_dags/example_xcomargs.py took 0.037 seconds
[2024-02-14T16:07:39.818+0000] {processor.py:161} INFO - Started process (PID=573) to work on /home/airflow/.local/lib/python3.8/site-packages/airflow/example_dags/example_xcomargs.py
[2024-02-14T16:07:39.819+0000] {processor.py:830} INFO - Processing file /home/airflow/.local/lib/python3.8/site-packages/airflow/example_dags/example_xcomargs.py for tasks to queue
[2024-02-14T16:07:39.820+0000] {logging_mixin.py:188} INFO - [2024-02-14T16:07:39.820+0000] {dagbag.py:538} INFO - Filling up the DagBag from /home/airflow/.local/lib/python3.8/site-packages/airflow/example_dags/example_xcomargs.py
[2024-02-14T16:07:39.825+0000] {processor.py:840} INFO - DAG(s) 'example_xcom_args', 'example_xcom_args_with_operators' retrieved from /home/airflow/.local/lib/python3.8/site-packages/airflow/example_dags/example_xcomargs.py
[2024-02-14T16:07:39.839+0000] {logging_mixin.py:188} INFO - [2024-02-14T16:07:39.839+0000] {dag.py:3033} INFO - Sync 2 DAGs
[2024-02-14T16:07:39.847+0000] {logging_mixin.py:188} INFO - [2024-02-14T16:07:39.846+0000] {dag.py:3820} INFO - Setting next_dagrun for example_xcom_args to None, run_after=None
[2024-02-14T16:07:39.848+0000] {logging_mixin.py:188} INFO - [2024-02-14T16:07:39.848+0000] {dag.py:3820} INFO - Setting next_dagrun for example_xcom_args_with_operators to None, run_after=None
[2024-02-14T16:07:39.858+0000] {processor.py:183} INFO - Processing /home/airflow/.local/lib/python3.8/site-packages/airflow/example_dags/example_xcomargs.py took 0.042 seconds
[2024-02-14T16:08:10.130+0000] {processor.py:161} INFO - Started process (PID=630) to work on /home/airflow/.local/lib/python3.8/site-packages/airflow/example_dags/example_xcomargs.py
[2024-02-14T16:08:10.131+0000] {processor.py:830} INFO - Processing file /home/airflow/.local/lib/python3.8/site-packages/airflow/example_dags/example_xcomargs.py for tasks to queue
[2024-02-14T16:08:10.133+0000] {logging_mixin.py:188} INFO - [2024-02-14T16:08:10.133+0000] {dagbag.py:538} INFO - Filling up the DagBag from /home/airflow/.local/lib/python3.8/site-packages/airflow/example_dags/example_xcomargs.py
[2024-02-14T16:08:10.138+0000] {processor.py:840} INFO - DAG(s) 'example_xcom_args', 'example_xcom_args_with_operators' retrieved from /home/airflow/.local/lib/python3.8/site-packages/airflow/example_dags/example_xcomargs.py
[2024-02-14T16:08:10.151+0000] {logging_mixin.py:188} INFO - [2024-02-14T16:08:10.151+0000] {dag.py:3033} INFO - Sync 2 DAGs
[2024-02-14T16:08:10.158+0000] {logging_mixin.py:188} INFO - [2024-02-14T16:08:10.158+0000] {dag.py:3820} INFO - Setting next_dagrun for example_xcom_args to None, run_after=None
[2024-02-14T16:08:10.160+0000] {logging_mixin.py:188} INFO - [2024-02-14T16:08:10.160+0000] {dag.py:3820} INFO - Setting next_dagrun for example_xcom_args_with_operators to None, run_after=None
[2024-02-14T16:08:10.170+0000] {processor.py:183} INFO - Processing /home/airflow/.local/lib/python3.8/site-packages/airflow/example_dags/example_xcomargs.py took 0.042 seconds
[2024-02-14T16:08:40.310+0000] {processor.py:161} INFO - Started process (PID=687) to work on /home/airflow/.local/lib/python3.8/site-packages/airflow/example_dags/example_xcomargs.py
[2024-02-14T16:08:40.310+0000] {processor.py:830} INFO - Processing file /home/airflow/.local/lib/python3.8/site-packages/airflow/example_dags/example_xcomargs.py for tasks to queue
[2024-02-14T16:08:40.312+0000] {logging_mixin.py:188} INFO - [2024-02-14T16:08:40.311+0000] {dagbag.py:538} INFO - Filling up the DagBag from /home/airflow/.local/lib/python3.8/site-packages/airflow/example_dags/example_xcomargs.py
[2024-02-14T16:08:40.316+0000] {processor.py:840} INFO - DAG(s) 'example_xcom_args_with_operators', 'example_xcom_args' retrieved from /home/airflow/.local/lib/python3.8/site-packages/airflow/example_dags/example_xcomargs.py
[2024-02-14T16:08:40.329+0000] {logging_mixin.py:188} INFO - [2024-02-14T16:08:40.329+0000] {dag.py:3033} INFO - Sync 2 DAGs
[2024-02-14T16:08:40.335+0000] {logging_mixin.py:188} INFO - [2024-02-14T16:08:40.335+0000] {dag.py:3820} INFO - Setting next_dagrun for example_xcom_args to None, run_after=None
[2024-02-14T16:08:40.337+0000] {logging_mixin.py:188} INFO - [2024-02-14T16:08:40.337+0000] {dag.py:3820} INFO - Setting next_dagrun for example_xcom_args_with_operators to None, run_after=None
[2024-02-14T16:08:40.344+0000] {processor.py:183} INFO - Processing /home/airflow/.local/lib/python3.8/site-packages/airflow/example_dags/example_xcomargs.py took 0.037 seconds
[2024-02-14T16:09:10.453+0000] {processor.py:161} INFO - Started process (PID=744) to work on /home/airflow/.local/lib/python3.8/site-packages/airflow/example_dags/example_xcomargs.py
[2024-02-14T16:09:10.454+0000] {processor.py:830} INFO - Processing file /home/airflow/.local/lib/python3.8/site-packages/airflow/example_dags/example_xcomargs.py for tasks to queue
[2024-02-14T16:09:10.456+0000] {logging_mixin.py:188} INFO - [2024-02-14T16:09:10.455+0000] {dagbag.py:538} INFO - Filling up the DagBag from /home/airflow/.local/lib/python3.8/site-packages/airflow/example_dags/example_xcomargs.py
[2024-02-14T16:09:10.460+0000] {processor.py:840} INFO - DAG(s) 'example_xcom_args', 'example_xcom_args_with_operators' retrieved from /home/airflow/.local/lib/python3.8/site-packages/airflow/example_dags/example_xcomargs.py
[2024-02-14T16:09:10.473+0000] {logging_mixin.py:188} INFO - [2024-02-14T16:09:10.473+0000] {dag.py:3033} INFO - Sync 2 DAGs
[2024-02-14T16:09:10.480+0000] {logging_mixin.py:188} INFO - [2024-02-14T16:09:10.480+0000] {dag.py:3820} INFO - Setting next_dagrun for example_xcom_args to None, run_after=None
[2024-02-14T16:09:10.482+0000] {logging_mixin.py:188} INFO - [2024-02-14T16:09:10.482+0000] {dag.py:3820} INFO - Setting next_dagrun for example_xcom_args_with_operators to None, run_after=None
[2024-02-14T16:09:10.491+0000] {processor.py:183} INFO - Processing /home/airflow/.local/lib/python3.8/site-packages/airflow/example_dags/example_xcomargs.py took 0.039 seconds
[2024-02-14T16:09:40.527+0000] {processor.py:161} INFO - Started process (PID=801) to work on /home/airflow/.local/lib/python3.8/site-packages/airflow/example_dags/example_xcomargs.py
[2024-02-14T16:09:40.527+0000] {processor.py:830} INFO - Processing file /home/airflow/.local/lib/python3.8/site-packages/airflow/example_dags/example_xcomargs.py for tasks to queue
[2024-02-14T16:09:40.529+0000] {logging_mixin.py:188} INFO - [2024-02-14T16:09:40.529+0000] {dagbag.py:538} INFO - Filling up the DagBag from /home/airflow/.local/lib/python3.8/site-packages/airflow/example_dags/example_xcomargs.py
[2024-02-14T16:09:40.533+0000] {processor.py:840} INFO - DAG(s) 'example_xcom_args', 'example_xcom_args_with_operators' retrieved from /home/airflow/.local/lib/python3.8/site-packages/airflow/example_dags/example_xcomargs.py
[2024-02-14T16:09:40.547+0000] {logging_mixin.py:188} INFO - [2024-02-14T16:09:40.547+0000] {dag.py:3033} INFO - Sync 2 DAGs
[2024-02-14T16:09:40.553+0000] {logging_mixin.py:188} INFO - [2024-02-14T16:09:40.553+0000] {dag.py:3820} INFO - Setting next_dagrun for example_xcom_args to None, run_after=None
[2024-02-14T16:09:40.555+0000] {logging_mixin.py:188} INFO - [2024-02-14T16:09:40.555+0000] {dag.py:3820} INFO - Setting next_dagrun for example_xcom_args_with_operators to None, run_after=None
[2024-02-14T16:09:40.563+0000] {processor.py:183} INFO - Processing /home/airflow/.local/lib/python3.8/site-packages/airflow/example_dags/example_xcomargs.py took 0.039 seconds
[2024-02-14T16:10:10.787+0000] {processor.py:161} INFO - Started process (PID=858) to work on /home/airflow/.local/lib/python3.8/site-packages/airflow/example_dags/example_xcomargs.py
[2024-02-14T16:10:10.787+0000] {processor.py:830} INFO - Processing file /home/airflow/.local/lib/python3.8/site-packages/airflow/example_dags/example_xcomargs.py for tasks to queue
[2024-02-14T16:10:10.789+0000] {logging_mixin.py:188} INFO - [2024-02-14T16:10:10.789+0000] {dagbag.py:538} INFO - Filling up the DagBag from /home/airflow/.local/lib/python3.8/site-packages/airflow/example_dags/example_xcomargs.py
[2024-02-14T16:10:10.794+0000] {processor.py:840} INFO - DAG(s) 'example_xcom_args_with_operators', 'example_xcom_args' retrieved from /home/airflow/.local/lib/python3.8/site-packages/airflow/example_dags/example_xcomargs.py
[2024-02-14T16:10:10.808+0000] {logging_mixin.py:188} INFO - [2024-02-14T16:10:10.808+0000] {dag.py:3033} INFO - Sync 2 DAGs
[2024-02-14T16:10:10.815+0000] {logging_mixin.py:188} INFO - [2024-02-14T16:10:10.815+0000] {dag.py:3820} INFO - Setting next_dagrun for example_xcom_args to None, run_after=None
[2024-02-14T16:10:10.817+0000] {logging_mixin.py:188} INFO - [2024-02-14T16:10:10.817+0000] {dag.py:3820} INFO - Setting next_dagrun for example_xcom_args_with_operators to None, run_after=None
[2024-02-14T16:10:10.825+0000] {processor.py:183} INFO - Processing /home/airflow/.local/lib/python3.8/site-packages/airflow/example_dags/example_xcomargs.py took 0.040 seconds
[2024-02-14T16:10:41.061+0000] {processor.py:161} INFO - Started process (PID=915) to work on /home/airflow/.local/lib/python3.8/site-packages/airflow/example_dags/example_xcomargs.py
[2024-02-14T16:10:41.062+0000] {processor.py:830} INFO - Processing file /home/airflow/.local/lib/python3.8/site-packages/airflow/example_dags/example_xcomargs.py for tasks to queue
[2024-02-14T16:10:41.064+0000] {logging_mixin.py:188} INFO - [2024-02-14T16:10:41.063+0000] {dagbag.py:538} INFO - Filling up the DagBag from /home/airflow/.local/lib/python3.8/site-packages/airflow/example_dags/example_xcomargs.py
[2024-02-14T16:10:41.068+0000] {processor.py:840} INFO - DAG(s) 'example_xcom_args_with_operators', 'example_xcom_args' retrieved from /home/airflow/.local/lib/python3.8/site-packages/airflow/example_dags/example_xcomargs.py
[2024-02-14T16:10:41.083+0000] {logging_mixin.py:188} INFO - [2024-02-14T16:10:41.082+0000] {dag.py:3033} INFO - Sync 2 DAGs
[2024-02-14T16:10:41.089+0000] {logging_mixin.py:188} INFO - [2024-02-14T16:10:41.089+0000] {dag.py:3820} INFO - Setting next_dagrun for example_xcom_args to None, run_after=None
[2024-02-14T16:10:41.091+0000] {logging_mixin.py:188} INFO - [2024-02-14T16:10:41.091+0000] {dag.py:3820} INFO - Setting next_dagrun for example_xcom_args_with_operators to None, run_after=None
[2024-02-14T16:10:41.099+0000] {processor.py:183} INFO - Processing /home/airflow/.local/lib/python3.8/site-packages/airflow/example_dags/example_xcomargs.py took 0.039 seconds
[2024-02-14T16:11:11.214+0000] {processor.py:161} INFO - Started process (PID=972) to work on /home/airflow/.local/lib/python3.8/site-packages/airflow/example_dags/example_xcomargs.py
[2024-02-14T16:11:11.214+0000] {processor.py:830} INFO - Processing file /home/airflow/.local/lib/python3.8/site-packages/airflow/example_dags/example_xcomargs.py for tasks to queue
[2024-02-14T16:11:11.215+0000] {logging_mixin.py:188} INFO - [2024-02-14T16:11:11.215+0000] {dagbag.py:538} INFO - Filling up the DagBag from /home/airflow/.local/lib/python3.8/site-packages/airflow/example_dags/example_xcomargs.py
[2024-02-14T16:11:11.220+0000] {processor.py:840} INFO - DAG(s) 'example_xcom_args_with_operators', 'example_xcom_args' retrieved from /home/airflow/.local/lib/python3.8/site-packages/airflow/example_dags/example_xcomargs.py
[2024-02-14T16:11:11.234+0000] {logging_mixin.py:188} INFO - [2024-02-14T16:11:11.234+0000] {dag.py:3033} INFO - Sync 2 DAGs
[2024-02-14T16:11:11.240+0000] {logging_mixin.py:188} INFO - [2024-02-14T16:11:11.240+0000] {dag.py:3820} INFO - Setting next_dagrun for example_xcom_args to None, run_after=None
[2024-02-14T16:11:11.242+0000] {logging_mixin.py:188} INFO - [2024-02-14T16:11:11.242+0000] {dag.py:3820} INFO - Setting next_dagrun for example_xcom_args_with_operators to None, run_after=None
[2024-02-14T16:11:11.250+0000] {processor.py:183} INFO - Processing /home/airflow/.local/lib/python3.8/site-packages/airflow/example_dags/example_xcomargs.py took 0.039 seconds
[2024-02-14T16:11:41.442+0000] {processor.py:161} INFO - Started process (PID=1029) to work on /home/airflow/.local/lib/python3.8/site-packages/airflow/example_dags/example_xcomargs.py
[2024-02-14T16:11:41.443+0000] {processor.py:830} INFO - Processing file /home/airflow/.local/lib/python3.8/site-packages/airflow/example_dags/example_xcomargs.py for tasks to queue
[2024-02-14T16:11:41.444+0000] {logging_mixin.py:188} INFO - [2024-02-14T16:11:41.444+0000] {dagbag.py:538} INFO - Filling up the DagBag from /home/airflow/.local/lib/python3.8/site-packages/airflow/example_dags/example_xcomargs.py
[2024-02-14T16:11:41.449+0000] {processor.py:840} INFO - DAG(s) 'example_xcom_args_with_operators', 'example_xcom_args' retrieved from /home/airflow/.local/lib/python3.8/site-packages/airflow/example_dags/example_xcomargs.py
[2024-02-14T16:11:41.465+0000] {logging_mixin.py:188} INFO - [2024-02-14T16:11:41.464+0000] {dag.py:3033} INFO - Sync 2 DAGs
[2024-02-14T16:11:41.471+0000] {logging_mixin.py:188} INFO - [2024-02-14T16:11:41.471+0000] {dag.py:3820} INFO - Setting next_dagrun for example_xcom_args to None, run_after=None
[2024-02-14T16:11:41.473+0000] {logging_mixin.py:188} INFO - [2024-02-14T16:11:41.473+0000] {dag.py:3820} INFO - Setting next_dagrun for example_xcom_args_with_operators to None, run_after=None
[2024-02-14T16:11:41.485+0000] {processor.py:183} INFO - Processing /home/airflow/.local/lib/python3.8/site-packages/airflow/example_dags/example_xcomargs.py took 0.045 seconds
[2024-02-14T16:12:11.548+0000] {processor.py:161} INFO - Started process (PID=1085) to work on /home/airflow/.local/lib/python3.8/site-packages/airflow/example_dags/example_xcomargs.py
[2024-02-14T16:12:11.549+0000] {processor.py:830} INFO - Processing file /home/airflow/.local/lib/python3.8/site-packages/airflow/example_dags/example_xcomargs.py for tasks to queue
[2024-02-14T16:12:11.550+0000] {logging_mixin.py:188} INFO - [2024-02-14T16:12:11.550+0000] {dagbag.py:538} INFO - Filling up the DagBag from /home/airflow/.local/lib/python3.8/site-packages/airflow/example_dags/example_xcomargs.py
[2024-02-14T16:12:11.555+0000] {processor.py:840} INFO - DAG(s) 'example_xcom_args', 'example_xcom_args_with_operators' retrieved from /home/airflow/.local/lib/python3.8/site-packages/airflow/example_dags/example_xcomargs.py
[2024-02-14T16:12:11.568+0000] {logging_mixin.py:188} INFO - [2024-02-14T16:12:11.568+0000] {dag.py:3033} INFO - Sync 2 DAGs
[2024-02-14T16:12:11.574+0000] {logging_mixin.py:188} INFO - [2024-02-14T16:12:11.574+0000] {dag.py:3820} INFO - Setting next_dagrun for example_xcom_args to None, run_after=None
[2024-02-14T16:12:11.576+0000] {logging_mixin.py:188} INFO - [2024-02-14T16:12:11.576+0000] {dag.py:3820} INFO - Setting next_dagrun for example_xcom_args_with_operators to None, run_after=None
[2024-02-14T16:12:11.584+0000] {processor.py:183} INFO - Processing /home/airflow/.local/lib/python3.8/site-packages/airflow/example_dags/example_xcomargs.py took 0.038 seconds
[2024-02-14T16:12:41.780+0000] {processor.py:161} INFO - Started process (PID=1142) to work on /home/airflow/.local/lib/python3.8/site-packages/airflow/example_dags/example_xcomargs.py
[2024-02-14T16:12:41.781+0000] {processor.py:830} INFO - Processing file /home/airflow/.local/lib/python3.8/site-packages/airflow/example_dags/example_xcomargs.py for tasks to queue
[2024-02-14T16:12:41.782+0000] {logging_mixin.py:188} INFO - [2024-02-14T16:12:41.782+0000] {dagbag.py:538} INFO - Filling up the DagBag from /home/airflow/.local/lib/python3.8/site-packages/airflow/example_dags/example_xcomargs.py
[2024-02-14T16:12:41.787+0000] {processor.py:840} INFO - DAG(s) 'example_xcom_args', 'example_xcom_args_with_operators' retrieved from /home/airflow/.local/lib/python3.8/site-packages/airflow/example_dags/example_xcomargs.py
[2024-02-14T16:12:41.801+0000] {logging_mixin.py:188} INFO - [2024-02-14T16:12:41.800+0000] {dag.py:3033} INFO - Sync 2 DAGs
[2024-02-14T16:12:41.809+0000] {logging_mixin.py:188} INFO - [2024-02-14T16:12:41.809+0000] {dag.py:3820} INFO - Setting next_dagrun for example_xcom_args to None, run_after=None
[2024-02-14T16:12:41.811+0000] {logging_mixin.py:188} INFO - [2024-02-14T16:12:41.811+0000] {dag.py:3820} INFO - Setting next_dagrun for example_xcom_args_with_operators to None, run_after=None
[2024-02-14T16:12:41.820+0000] {processor.py:183} INFO - Processing /home/airflow/.local/lib/python3.8/site-packages/airflow/example_dags/example_xcomargs.py took 0.041 seconds
[2024-02-14T16:13:11.949+0000] {processor.py:161} INFO - Started process (PID=1199) to work on /home/airflow/.local/lib/python3.8/site-packages/airflow/example_dags/example_xcomargs.py
[2024-02-14T16:13:11.950+0000] {processor.py:830} INFO - Processing file /home/airflow/.local/lib/python3.8/site-packages/airflow/example_dags/example_xcomargs.py for tasks to queue
[2024-02-14T16:13:11.951+0000] {logging_mixin.py:188} INFO - [2024-02-14T16:13:11.951+0000] {dagbag.py:538} INFO - Filling up the DagBag from /home/airflow/.local/lib/python3.8/site-packages/airflow/example_dags/example_xcomargs.py
[2024-02-14T16:13:11.956+0000] {processor.py:840} INFO - DAG(s) 'example_xcom_args_with_operators', 'example_xcom_args' retrieved from /home/airflow/.local/lib/python3.8/site-packages/airflow/example_dags/example_xcomargs.py
[2024-02-14T16:13:11.969+0000] {logging_mixin.py:188} INFO - [2024-02-14T16:13:11.969+0000] {dag.py:3033} INFO - Sync 2 DAGs
[2024-02-14T16:13:11.976+0000] {logging_mixin.py:188} INFO - [2024-02-14T16:13:11.976+0000] {dag.py:3820} INFO - Setting next_dagrun for example_xcom_args to None, run_after=None
[2024-02-14T16:13:11.978+0000] {logging_mixin.py:188} INFO - [2024-02-14T16:13:11.978+0000] {dag.py:3820} INFO - Setting next_dagrun for example_xcom_args_with_operators to None, run_after=None
[2024-02-14T16:13:11.986+0000] {processor.py:183} INFO - Processing /home/airflow/.local/lib/python3.8/site-packages/airflow/example_dags/example_xcomargs.py took 0.039 seconds
[2024-02-14T16:13:42.160+0000] {processor.py:161} INFO - Started process (PID=1256) to work on /home/airflow/.local/lib/python3.8/site-packages/airflow/example_dags/example_xcomargs.py
[2024-02-14T16:13:42.163+0000] {processor.py:830} INFO - Processing file /home/airflow/.local/lib/python3.8/site-packages/airflow/example_dags/example_xcomargs.py for tasks to queue
[2024-02-14T16:13:42.164+0000] {logging_mixin.py:188} INFO - [2024-02-14T16:13:42.164+0000] {dagbag.py:538} INFO - Filling up the DagBag from /home/airflow/.local/lib/python3.8/site-packages/airflow/example_dags/example_xcomargs.py
[2024-02-14T16:13:42.170+0000] {processor.py:840} INFO - DAG(s) 'example_xcom_args', 'example_xcom_args_with_operators' retrieved from /home/airflow/.local/lib/python3.8/site-packages/airflow/example_dags/example_xcomargs.py
[2024-02-14T16:13:42.186+0000] {logging_mixin.py:188} INFO - [2024-02-14T16:13:42.185+0000] {dag.py:3033} INFO - Sync 2 DAGs
[2024-02-14T16:13:42.193+0000] {logging_mixin.py:188} INFO - [2024-02-14T16:13:42.192+0000] {dag.py:3820} INFO - Setting next_dagrun for example_xcom_args to None, run_after=None
[2024-02-14T16:13:42.195+0000] {logging_mixin.py:188} INFO - [2024-02-14T16:13:42.195+0000] {dag.py:3820} INFO - Setting next_dagrun for example_xcom_args_with_operators to None, run_after=None
[2024-02-14T16:13:42.204+0000] {processor.py:183} INFO - Processing /home/airflow/.local/lib/python3.8/site-packages/airflow/example_dags/example_xcomargs.py took 0.046 seconds
[2024-02-14T16:14:12.332+0000] {processor.py:161} INFO - Started process (PID=1313) to work on /home/airflow/.local/lib/python3.8/site-packages/airflow/example_dags/example_xcomargs.py
[2024-02-14T16:14:12.333+0000] {processor.py:830} INFO - Processing file /home/airflow/.local/lib/python3.8/site-packages/airflow/example_dags/example_xcomargs.py for tasks to queue
[2024-02-14T16:14:12.334+0000] {logging_mixin.py:188} INFO - [2024-02-14T16:14:12.334+0000] {dagbag.py:538} INFO - Filling up the DagBag from /home/airflow/.local/lib/python3.8/site-packages/airflow/example_dags/example_xcomargs.py
[2024-02-14T16:14:12.339+0000] {processor.py:840} INFO - DAG(s) 'example_xcom_args', 'example_xcom_args_with_operators' retrieved from /home/airflow/.local/lib/python3.8/site-packages/airflow/example_dags/example_xcomargs.py
[2024-02-14T16:14:12.352+0000] {logging_mixin.py:188} INFO - [2024-02-14T16:14:12.352+0000] {dag.py:3033} INFO - Sync 2 DAGs
[2024-02-14T16:14:12.359+0000] {logging_mixin.py:188} INFO - [2024-02-14T16:14:12.359+0000] {dag.py:3820} INFO - Setting next_dagrun for example_xcom_args to None, run_after=None
[2024-02-14T16:14:12.361+0000] {logging_mixin.py:188} INFO - [2024-02-14T16:14:12.361+0000] {dag.py:3820} INFO - Setting next_dagrun for example_xcom_args_with_operators to None, run_after=None
[2024-02-14T16:14:12.369+0000] {processor.py:183} INFO - Processing /home/airflow/.local/lib/python3.8/site-packages/airflow/example_dags/example_xcomargs.py took 0.039 seconds
[2024-02-14T16:14:42.590+0000] {processor.py:161} INFO - Started process (PID=1370) to work on /home/airflow/.local/lib/python3.8/site-packages/airflow/example_dags/example_xcomargs.py
[2024-02-14T16:14:42.591+0000] {processor.py:830} INFO - Processing file /home/airflow/.local/lib/python3.8/site-packages/airflow/example_dags/example_xcomargs.py for tasks to queue
[2024-02-14T16:14:42.593+0000] {logging_mixin.py:188} INFO - [2024-02-14T16:14:42.592+0000] {dagbag.py:538} INFO - Filling up the DagBag from /home/airflow/.local/lib/python3.8/site-packages/airflow/example_dags/example_xcomargs.py
[2024-02-14T16:14:42.598+0000] {processor.py:840} INFO - DAG(s) 'example_xcom_args', 'example_xcom_args_with_operators' retrieved from /home/airflow/.local/lib/python3.8/site-packages/airflow/example_dags/example_xcomargs.py
[2024-02-14T16:14:42.611+0000] {logging_mixin.py:188} INFO - [2024-02-14T16:14:42.611+0000] {dag.py:3033} INFO - Sync 2 DAGs
[2024-02-14T16:14:42.618+0000] {logging_mixin.py:188} INFO - [2024-02-14T16:14:42.618+0000] {dag.py:3820} INFO - Setting next_dagrun for example_xcom_args to None, run_after=None
[2024-02-14T16:14:42.620+0000] {logging_mixin.py:188} INFO - [2024-02-14T16:14:42.620+0000] {dag.py:3820} INFO - Setting next_dagrun for example_xcom_args_with_operators to None, run_after=None
[2024-02-14T16:14:42.628+0000] {processor.py:183} INFO - Processing /home/airflow/.local/lib/python3.8/site-packages/airflow/example_dags/example_xcomargs.py took 0.040 seconds
[2024-02-14T16:15:12.795+0000] {processor.py:161} INFO - Started process (PID=1426) to work on /home/airflow/.local/lib/python3.8/site-packages/airflow/example_dags/example_xcomargs.py
[2024-02-14T16:15:12.795+0000] {processor.py:830} INFO - Processing file /home/airflow/.local/lib/python3.8/site-packages/airflow/example_dags/example_xcomargs.py for tasks to queue
[2024-02-14T16:15:12.797+0000] {logging_mixin.py:188} INFO - [2024-02-14T16:15:12.797+0000] {dagbag.py:538} INFO - Filling up the DagBag from /home/airflow/.local/lib/python3.8/site-packages/airflow/example_dags/example_xcomargs.py
[2024-02-14T16:15:12.802+0000] {processor.py:840} INFO - DAG(s) 'example_xcom_args', 'example_xcom_args_with_operators' retrieved from /home/airflow/.local/lib/python3.8/site-packages/airflow/example_dags/example_xcomargs.py
[2024-02-14T16:15:12.816+0000] {logging_mixin.py:188} INFO - [2024-02-14T16:15:12.815+0000] {dag.py:3033} INFO - Sync 2 DAGs
[2024-02-14T16:15:12.823+0000] {logging_mixin.py:188} INFO - [2024-02-14T16:15:12.823+0000] {dag.py:3820} INFO - Setting next_dagrun for example_xcom_args to None, run_after=None
[2024-02-14T16:15:12.825+0000] {logging_mixin.py:188} INFO - [2024-02-14T16:15:12.825+0000] {dag.py:3820} INFO - Setting next_dagrun for example_xcom_args_with_operators to None, run_after=None
[2024-02-14T16:15:12.833+0000] {processor.py:183} INFO - Processing /home/airflow/.local/lib/python3.8/site-packages/airflow/example_dags/example_xcomargs.py took 0.041 seconds
[2024-02-14T16:15:42.980+0000] {processor.py:161} INFO - Started process (PID=1482) to work on /home/airflow/.local/lib/python3.8/site-packages/airflow/example_dags/example_xcomargs.py
[2024-02-14T16:15:42.981+0000] {processor.py:830} INFO - Processing file /home/airflow/.local/lib/python3.8/site-packages/airflow/example_dags/example_xcomargs.py for tasks to queue
[2024-02-14T16:15:42.983+0000] {logging_mixin.py:188} INFO - [2024-02-14T16:15:42.982+0000] {dagbag.py:538} INFO - Filling up the DagBag from /home/airflow/.local/lib/python3.8/site-packages/airflow/example_dags/example_xcomargs.py
[2024-02-14T16:15:42.988+0000] {processor.py:840} INFO - DAG(s) 'example_xcom_args', 'example_xcom_args_with_operators' retrieved from /home/airflow/.local/lib/python3.8/site-packages/airflow/example_dags/example_xcomargs.py
[2024-02-14T16:15:43.004+0000] {logging_mixin.py:188} INFO - [2024-02-14T16:15:43.003+0000] {dag.py:3033} INFO - Sync 2 DAGs
[2024-02-14T16:15:43.011+0000] {logging_mixin.py:188} INFO - [2024-02-14T16:15:43.011+0000] {dag.py:3820} INFO - Setting next_dagrun for example_xcom_args to None, run_after=None
[2024-02-14T16:15:43.013+0000] {logging_mixin.py:188} INFO - [2024-02-14T16:15:43.013+0000] {dag.py:3820} INFO - Setting next_dagrun for example_xcom_args_with_operators to None, run_after=None
[2024-02-14T16:15:43.023+0000] {processor.py:183} INFO - Processing /home/airflow/.local/lib/python3.8/site-packages/airflow/example_dags/example_xcomargs.py took 0.045 seconds
[2024-02-14T16:16:13.072+0000] {processor.py:161} INFO - Started process (PID=1539) to work on /home/airflow/.local/lib/python3.8/site-packages/airflow/example_dags/example_xcomargs.py
[2024-02-14T16:16:13.072+0000] {processor.py:830} INFO - Processing file /home/airflow/.local/lib/python3.8/site-packages/airflow/example_dags/example_xcomargs.py for tasks to queue
[2024-02-14T16:16:13.074+0000] {logging_mixin.py:188} INFO - [2024-02-14T16:16:13.074+0000] {dagbag.py:538} INFO - Filling up the DagBag from /home/airflow/.local/lib/python3.8/site-packages/airflow/example_dags/example_xcomargs.py
[2024-02-14T16:16:13.078+0000] {processor.py:840} INFO - DAG(s) 'example_xcom_args_with_operators', 'example_xcom_args' retrieved from /home/airflow/.local/lib/python3.8/site-packages/airflow/example_dags/example_xcomargs.py
[2024-02-14T16:16:13.092+0000] {logging_mixin.py:188} INFO - [2024-02-14T16:16:13.092+0000] {dag.py:3033} INFO - Sync 2 DAGs
[2024-02-14T16:16:13.098+0000] {logging_mixin.py:188} INFO - [2024-02-14T16:16:13.098+0000] {dag.py:3820} INFO - Setting next_dagrun for example_xcom_args to None, run_after=None
[2024-02-14T16:16:13.100+0000] {logging_mixin.py:188} INFO - [2024-02-14T16:16:13.100+0000] {dag.py:3820} INFO - Setting next_dagrun for example_xcom_args_with_operators to None, run_after=None
[2024-02-14T16:16:13.107+0000] {processor.py:183} INFO - Processing /home/airflow/.local/lib/python3.8/site-packages/airflow/example_dags/example_xcomargs.py took 0.038 seconds
[2024-02-14T16:16:43.126+0000] {processor.py:161} INFO - Started process (PID=1595) to work on /home/airflow/.local/lib/python3.8/site-packages/airflow/example_dags/example_xcomargs.py
[2024-02-14T16:16:43.127+0000] {processor.py:830} INFO - Processing file /home/airflow/.local/lib/python3.8/site-packages/airflow/example_dags/example_xcomargs.py for tasks to queue
[2024-02-14T16:16:43.128+0000] {logging_mixin.py:188} INFO - [2024-02-14T16:16:43.128+0000] {dagbag.py:538} INFO - Filling up the DagBag from /home/airflow/.local/lib/python3.8/site-packages/airflow/example_dags/example_xcomargs.py
[2024-02-14T16:16:43.133+0000] {processor.py:840} INFO - DAG(s) 'example_xcom_args', 'example_xcom_args_with_operators' retrieved from /home/airflow/.local/lib/python3.8/site-packages/airflow/example_dags/example_xcomargs.py
[2024-02-14T16:16:43.149+0000] {logging_mixin.py:188} INFO - [2024-02-14T16:16:43.149+0000] {dag.py:3033} INFO - Sync 2 DAGs
[2024-02-14T16:16:43.156+0000] {logging_mixin.py:188} INFO - [2024-02-14T16:16:43.155+0000] {dag.py:3820} INFO - Setting next_dagrun for example_xcom_args to None, run_after=None
[2024-02-14T16:16:43.158+0000] {logging_mixin.py:188} INFO - [2024-02-14T16:16:43.158+0000] {dag.py:3820} INFO - Setting next_dagrun for example_xcom_args_with_operators to None, run_after=None
[2024-02-14T16:16:43.167+0000] {processor.py:183} INFO - Processing /home/airflow/.local/lib/python3.8/site-packages/airflow/example_dags/example_xcomargs.py took 0.042 seconds
[2024-02-14T16:17:13.374+0000] {processor.py:161} INFO - Started process (PID=1652) to work on /home/airflow/.local/lib/python3.8/site-packages/airflow/example_dags/example_xcomargs.py
[2024-02-14T16:17:13.375+0000] {processor.py:830} INFO - Processing file /home/airflow/.local/lib/python3.8/site-packages/airflow/example_dags/example_xcomargs.py for tasks to queue
[2024-02-14T16:17:13.376+0000] {logging_mixin.py:188} INFO - [2024-02-14T16:17:13.376+0000] {dagbag.py:538} INFO - Filling up the DagBag from /home/airflow/.local/lib/python3.8/site-packages/airflow/example_dags/example_xcomargs.py
[2024-02-14T16:17:13.381+0000] {processor.py:840} INFO - DAG(s) 'example_xcom_args', 'example_xcom_args_with_operators' retrieved from /home/airflow/.local/lib/python3.8/site-packages/airflow/example_dags/example_xcomargs.py
[2024-02-14T16:17:13.394+0000] {logging_mixin.py:188} INFO - [2024-02-14T16:17:13.394+0000] {dag.py:3033} INFO - Sync 2 DAGs
[2024-02-14T16:17:13.400+0000] {logging_mixin.py:188} INFO - [2024-02-14T16:17:13.400+0000] {dag.py:3820} INFO - Setting next_dagrun for example_xcom_args to None, run_after=None
[2024-02-14T16:17:13.402+0000] {logging_mixin.py:188} INFO - [2024-02-14T16:17:13.402+0000] {dag.py:3820} INFO - Setting next_dagrun for example_xcom_args_with_operators to None, run_after=None
[2024-02-14T16:17:13.410+0000] {processor.py:183} INFO - Processing /home/airflow/.local/lib/python3.8/site-packages/airflow/example_dags/example_xcomargs.py took 0.038 seconds
[2024-02-14T16:17:43.539+0000] {processor.py:161} INFO - Started process (PID=1709) to work on /home/airflow/.local/lib/python3.8/site-packages/airflow/example_dags/example_xcomargs.py
[2024-02-14T16:17:43.540+0000] {processor.py:830} INFO - Processing file /home/airflow/.local/lib/python3.8/site-packages/airflow/example_dags/example_xcomargs.py for tasks to queue
[2024-02-14T16:17:43.541+0000] {logging_mixin.py:188} INFO - [2024-02-14T16:17:43.541+0000] {dagbag.py:538} INFO - Filling up the DagBag from /home/airflow/.local/lib/python3.8/site-packages/airflow/example_dags/example_xcomargs.py
[2024-02-14T16:17:43.545+0000] {processor.py:840} INFO - DAG(s) 'example_xcom_args', 'example_xcom_args_with_operators' retrieved from /home/airflow/.local/lib/python3.8/site-packages/airflow/example_dags/example_xcomargs.py
[2024-02-14T16:17:43.558+0000] {logging_mixin.py:188} INFO - [2024-02-14T16:17:43.558+0000] {dag.py:3033} INFO - Sync 2 DAGs
[2024-02-14T16:17:43.564+0000] {logging_mixin.py:188} INFO - [2024-02-14T16:17:43.564+0000] {dag.py:3820} INFO - Setting next_dagrun for example_xcom_args to None, run_after=None
[2024-02-14T16:17:43.566+0000] {logging_mixin.py:188} INFO - [2024-02-14T16:17:43.566+0000] {dag.py:3820} INFO - Setting next_dagrun for example_xcom_args_with_operators to None, run_after=None
[2024-02-14T16:17:43.573+0000] {processor.py:183} INFO - Processing /home/airflow/.local/lib/python3.8/site-packages/airflow/example_dags/example_xcomargs.py took 0.036 seconds
[2024-02-14T16:18:13.843+0000] {processor.py:161} INFO - Started process (PID=1766) to work on /home/airflow/.local/lib/python3.8/site-packages/airflow/example_dags/example_xcomargs.py
[2024-02-14T16:18:13.844+0000] {processor.py:830} INFO - Processing file /home/airflow/.local/lib/python3.8/site-packages/airflow/example_dags/example_xcomargs.py for tasks to queue
[2024-02-14T16:18:13.846+0000] {logging_mixin.py:188} INFO - [2024-02-14T16:18:13.845+0000] {dagbag.py:538} INFO - Filling up the DagBag from /home/airflow/.local/lib/python3.8/site-packages/airflow/example_dags/example_xcomargs.py
[2024-02-14T16:18:13.851+0000] {processor.py:840} INFO - DAG(s) 'example_xcom_args', 'example_xcom_args_with_operators' retrieved from /home/airflow/.local/lib/python3.8/site-packages/airflow/example_dags/example_xcomargs.py
[2024-02-14T16:18:13.865+0000] {logging_mixin.py:188} INFO - [2024-02-14T16:18:13.864+0000] {dag.py:3033} INFO - Sync 2 DAGs
[2024-02-14T16:18:13.871+0000] {logging_mixin.py:188} INFO - [2024-02-14T16:18:13.871+0000] {dag.py:3820} INFO - Setting next_dagrun for example_xcom_args to None, run_after=None
[2024-02-14T16:18:13.873+0000] {logging_mixin.py:188} INFO - [2024-02-14T16:18:13.873+0000] {dag.py:3820} INFO - Setting next_dagrun for example_xcom_args_with_operators to None, run_after=None
[2024-02-14T16:18:13.881+0000] {processor.py:183} INFO - Processing /home/airflow/.local/lib/python3.8/site-packages/airflow/example_dags/example_xcomargs.py took 0.040 seconds
[2024-02-14T16:18:44.070+0000] {processor.py:161} INFO - Started process (PID=1823) to work on /home/airflow/.local/lib/python3.8/site-packages/airflow/example_dags/example_xcomargs.py
[2024-02-14T16:18:44.071+0000] {processor.py:830} INFO - Processing file /home/airflow/.local/lib/python3.8/site-packages/airflow/example_dags/example_xcomargs.py for tasks to queue
[2024-02-14T16:18:44.072+0000] {logging_mixin.py:188} INFO - [2024-02-14T16:18:44.072+0000] {dagbag.py:538} INFO - Filling up the DagBag from /home/airflow/.local/lib/python3.8/site-packages/airflow/example_dags/example_xcomargs.py
[2024-02-14T16:18:44.076+0000] {processor.py:840} INFO - DAG(s) 'example_xcom_args_with_operators', 'example_xcom_args' retrieved from /home/airflow/.local/lib/python3.8/site-packages/airflow/example_dags/example_xcomargs.py
[2024-02-14T16:18:44.090+0000] {logging_mixin.py:188} INFO - [2024-02-14T16:18:44.090+0000] {dag.py:3033} INFO - Sync 2 DAGs
[2024-02-14T16:18:44.096+0000] {logging_mixin.py:188} INFO - [2024-02-14T16:18:44.096+0000] {dag.py:3820} INFO - Setting next_dagrun for example_xcom_args to None, run_after=None
[2024-02-14T16:18:44.098+0000] {logging_mixin.py:188} INFO - [2024-02-14T16:18:44.098+0000] {dag.py:3820} INFO - Setting next_dagrun for example_xcom_args_with_operators to None, run_after=None
[2024-02-14T16:18:44.106+0000] {processor.py:183} INFO - Processing /home/airflow/.local/lib/python3.8/site-packages/airflow/example_dags/example_xcomargs.py took 0.039 seconds
[2024-02-14T16:19:14.361+0000] {processor.py:161} INFO - Started process (PID=1880) to work on /home/airflow/.local/lib/python3.8/site-packages/airflow/example_dags/example_xcomargs.py
[2024-02-14T16:19:14.361+0000] {processor.py:830} INFO - Processing file /home/airflow/.local/lib/python3.8/site-packages/airflow/example_dags/example_xcomargs.py for tasks to queue
[2024-02-14T16:19:14.363+0000] {logging_mixin.py:188} INFO - [2024-02-14T16:19:14.363+0000] {dagbag.py:538} INFO - Filling up the DagBag from /home/airflow/.local/lib/python3.8/site-packages/airflow/example_dags/example_xcomargs.py
[2024-02-14T16:19:14.368+0000] {processor.py:840} INFO - DAG(s) 'example_xcom_args_with_operators', 'example_xcom_args' retrieved from /home/airflow/.local/lib/python3.8/site-packages/airflow/example_dags/example_xcomargs.py
[2024-02-14T16:19:14.382+0000] {logging_mixin.py:188} INFO - [2024-02-14T16:19:14.382+0000] {dag.py:3033} INFO - Sync 2 DAGs
[2024-02-14T16:19:14.389+0000] {logging_mixin.py:188} INFO - [2024-02-14T16:19:14.389+0000] {dag.py:3820} INFO - Setting next_dagrun for example_xcom_args to None, run_after=None
[2024-02-14T16:19:14.391+0000] {logging_mixin.py:188} INFO - [2024-02-14T16:19:14.391+0000] {dag.py:3820} INFO - Setting next_dagrun for example_xcom_args_with_operators to None, run_after=None
[2024-02-14T16:19:14.399+0000] {processor.py:183} INFO - Processing /home/airflow/.local/lib/python3.8/site-packages/airflow/example_dags/example_xcomargs.py took 0.040 seconds
[2024-02-14T16:19:44.503+0000] {processor.py:161} INFO - Started process (PID=1937) to work on /home/airflow/.local/lib/python3.8/site-packages/airflow/example_dags/example_xcomargs.py
[2024-02-14T16:19:44.503+0000] {processor.py:830} INFO - Processing file /home/airflow/.local/lib/python3.8/site-packages/airflow/example_dags/example_xcomargs.py for tasks to queue
[2024-02-14T16:19:44.505+0000] {logging_mixin.py:188} INFO - [2024-02-14T16:19:44.505+0000] {dagbag.py:538} INFO - Filling up the DagBag from /home/airflow/.local/lib/python3.8/site-packages/airflow/example_dags/example_xcomargs.py
[2024-02-14T16:19:44.510+0000] {processor.py:840} INFO - DAG(s) 'example_xcom_args_with_operators', 'example_xcom_args' retrieved from /home/airflow/.local/lib/python3.8/site-packages/airflow/example_dags/example_xcomargs.py
[2024-02-14T16:19:44.523+0000] {logging_mixin.py:188} INFO - [2024-02-14T16:19:44.523+0000] {dag.py:3033} INFO - Sync 2 DAGs
[2024-02-14T16:19:44.531+0000] {logging_mixin.py:188} INFO - [2024-02-14T16:19:44.531+0000] {dag.py:3820} INFO - Setting next_dagrun for example_xcom_args to None, run_after=None
[2024-02-14T16:19:44.533+0000] {logging_mixin.py:188} INFO - [2024-02-14T16:19:44.533+0000] {dag.py:3820} INFO - Setting next_dagrun for example_xcom_args_with_operators to None, run_after=None
[2024-02-14T16:19:44.541+0000] {processor.py:183} INFO - Processing /home/airflow/.local/lib/python3.8/site-packages/airflow/example_dags/example_xcomargs.py took 0.041 seconds
[2024-02-14T16:20:14.758+0000] {processor.py:161} INFO - Started process (PID=1994) to work on /home/airflow/.local/lib/python3.8/site-packages/airflow/example_dags/example_xcomargs.py
[2024-02-14T16:20:14.759+0000] {processor.py:830} INFO - Processing file /home/airflow/.local/lib/python3.8/site-packages/airflow/example_dags/example_xcomargs.py for tasks to queue
[2024-02-14T16:20:14.760+0000] {logging_mixin.py:188} INFO - [2024-02-14T16:20:14.760+0000] {dagbag.py:538} INFO - Filling up the DagBag from /home/airflow/.local/lib/python3.8/site-packages/airflow/example_dags/example_xcomargs.py
[2024-02-14T16:20:14.764+0000] {processor.py:840} INFO - DAG(s) 'example_xcom_args', 'example_xcom_args_with_operators' retrieved from /home/airflow/.local/lib/python3.8/site-packages/airflow/example_dags/example_xcomargs.py
[2024-02-14T16:20:14.777+0000] {logging_mixin.py:188} INFO - [2024-02-14T16:20:14.777+0000] {dag.py:3033} INFO - Sync 2 DAGs
[2024-02-14T16:20:14.783+0000] {logging_mixin.py:188} INFO - [2024-02-14T16:20:14.783+0000] {dag.py:3820} INFO - Setting next_dagrun for example_xcom_args to None, run_after=None
[2024-02-14T16:20:14.785+0000] {logging_mixin.py:188} INFO - [2024-02-14T16:20:14.785+0000] {dag.py:3820} INFO - Setting next_dagrun for example_xcom_args_with_operators to None, run_after=None
[2024-02-14T16:20:14.792+0000] {processor.py:183} INFO - Processing /home/airflow/.local/lib/python3.8/site-packages/airflow/example_dags/example_xcomargs.py took 0.036 seconds
[2024-02-14T16:20:45.054+0000] {processor.py:161} INFO - Started process (PID=2051) to work on /home/airflow/.local/lib/python3.8/site-packages/airflow/example_dags/example_xcomargs.py
[2024-02-14T16:20:45.055+0000] {processor.py:830} INFO - Processing file /home/airflow/.local/lib/python3.8/site-packages/airflow/example_dags/example_xcomargs.py for tasks to queue
[2024-02-14T16:20:45.057+0000] {logging_mixin.py:188} INFO - [2024-02-14T16:20:45.056+0000] {dagbag.py:538} INFO - Filling up the DagBag from /home/airflow/.local/lib/python3.8/site-packages/airflow/example_dags/example_xcomargs.py
[2024-02-14T16:20:45.062+0000] {processor.py:840} INFO - DAG(s) 'example_xcom_args', 'example_xcom_args_with_operators' retrieved from /home/airflow/.local/lib/python3.8/site-packages/airflow/example_dags/example_xcomargs.py
[2024-02-14T16:20:45.077+0000] {logging_mixin.py:188} INFO - [2024-02-14T16:20:45.077+0000] {dag.py:3033} INFO - Sync 2 DAGs
[2024-02-14T16:20:45.085+0000] {logging_mixin.py:188} INFO - [2024-02-14T16:20:45.085+0000] {dag.py:3820} INFO - Setting next_dagrun for example_xcom_args to None, run_after=None
[2024-02-14T16:20:45.087+0000] {logging_mixin.py:188} INFO - [2024-02-14T16:20:45.087+0000] {dag.py:3820} INFO - Setting next_dagrun for example_xcom_args_with_operators to None, run_after=None
[2024-02-14T16:20:45.104+0000] {processor.py:183} INFO - Processing /home/airflow/.local/lib/python3.8/site-packages/airflow/example_dags/example_xcomargs.py took 0.052 seconds
[2024-02-14T16:21:15.427+0000] {processor.py:161} INFO - Started process (PID=2108) to work on /home/airflow/.local/lib/python3.8/site-packages/airflow/example_dags/example_xcomargs.py
[2024-02-14T16:21:15.427+0000] {processor.py:830} INFO - Processing file /home/airflow/.local/lib/python3.8/site-packages/airflow/example_dags/example_xcomargs.py for tasks to queue
[2024-02-14T16:21:15.429+0000] {logging_mixin.py:188} INFO - [2024-02-14T16:21:15.428+0000] {dagbag.py:538} INFO - Filling up the DagBag from /home/airflow/.local/lib/python3.8/site-packages/airflow/example_dags/example_xcomargs.py
[2024-02-14T16:21:15.433+0000] {processor.py:840} INFO - DAG(s) 'example_xcom_args_with_operators', 'example_xcom_args' retrieved from /home/airflow/.local/lib/python3.8/site-packages/airflow/example_dags/example_xcomargs.py
[2024-02-14T16:21:15.447+0000] {logging_mixin.py:188} INFO - [2024-02-14T16:21:15.447+0000] {dag.py:3033} INFO - Sync 2 DAGs
[2024-02-14T16:21:15.454+0000] {logging_mixin.py:188} INFO - [2024-02-14T16:21:15.454+0000] {dag.py:3820} INFO - Setting next_dagrun for example_xcom_args to None, run_after=None
[2024-02-14T16:21:15.456+0000] {logging_mixin.py:188} INFO - [2024-02-14T16:21:15.456+0000] {dag.py:3820} INFO - Setting next_dagrun for example_xcom_args_with_operators to None, run_after=None
[2024-02-14T16:21:15.464+0000] {processor.py:183} INFO - Processing /home/airflow/.local/lib/python3.8/site-packages/airflow/example_dags/example_xcomargs.py took 0.040 seconds
[2024-02-14T16:21:45.825+0000] {processor.py:161} INFO - Started process (PID=2164) to work on /home/airflow/.local/lib/python3.8/site-packages/airflow/example_dags/example_xcomargs.py
[2024-02-14T16:21:45.826+0000] {processor.py:830} INFO - Processing file /home/airflow/.local/lib/python3.8/site-packages/airflow/example_dags/example_xcomargs.py for tasks to queue
[2024-02-14T16:21:45.827+0000] {logging_mixin.py:188} INFO - [2024-02-14T16:21:45.827+0000] {dagbag.py:538} INFO - Filling up the DagBag from /home/airflow/.local/lib/python3.8/site-packages/airflow/example_dags/example_xcomargs.py
[2024-02-14T16:21:45.832+0000] {processor.py:840} INFO - DAG(s) 'example_xcom_args', 'example_xcom_args_with_operators' retrieved from /home/airflow/.local/lib/python3.8/site-packages/airflow/example_dags/example_xcomargs.py
[2024-02-14T16:21:45.847+0000] {logging_mixin.py:188} INFO - [2024-02-14T16:21:45.847+0000] {dag.py:3033} INFO - Sync 2 DAGs
[2024-02-14T16:21:45.854+0000] {logging_mixin.py:188} INFO - [2024-02-14T16:21:45.854+0000] {dag.py:3820} INFO - Setting next_dagrun for example_xcom_args to None, run_after=None
[2024-02-14T16:21:45.856+0000] {logging_mixin.py:188} INFO - [2024-02-14T16:21:45.856+0000] {dag.py:3820} INFO - Setting next_dagrun for example_xcom_args_with_operators to None, run_after=None
[2024-02-14T16:21:45.865+0000] {processor.py:183} INFO - Processing /home/airflow/.local/lib/python3.8/site-packages/airflow/example_dags/example_xcomargs.py took 0.043 seconds
[2024-02-14T16:22:16.233+0000] {processor.py:161} INFO - Started process (PID=2221) to work on /home/airflow/.local/lib/python3.8/site-packages/airflow/example_dags/example_xcomargs.py
[2024-02-14T16:22:16.234+0000] {processor.py:830} INFO - Processing file /home/airflow/.local/lib/python3.8/site-packages/airflow/example_dags/example_xcomargs.py for tasks to queue
[2024-02-14T16:22:16.236+0000] {logging_mixin.py:188} INFO - [2024-02-14T16:22:16.235+0000] {dagbag.py:538} INFO - Filling up the DagBag from /home/airflow/.local/lib/python3.8/site-packages/airflow/example_dags/example_xcomargs.py
[2024-02-14T16:22:16.241+0000] {processor.py:840} INFO - DAG(s) 'example_xcom_args', 'example_xcom_args_with_operators' retrieved from /home/airflow/.local/lib/python3.8/site-packages/airflow/example_dags/example_xcomargs.py
[2024-02-14T16:22:16.254+0000] {logging_mixin.py:188} INFO - [2024-02-14T16:22:16.253+0000] {dag.py:3033} INFO - Sync 2 DAGs
[2024-02-14T16:22:16.260+0000] {logging_mixin.py:188} INFO - [2024-02-14T16:22:16.260+0000] {dag.py:3820} INFO - Setting next_dagrun for example_xcom_args to None, run_after=None
[2024-02-14T16:22:16.262+0000] {logging_mixin.py:188} INFO - [2024-02-14T16:22:16.262+0000] {dag.py:3820} INFO - Setting next_dagrun for example_xcom_args_with_operators to None, run_after=None
[2024-02-14T16:22:16.270+0000] {processor.py:183} INFO - Processing /home/airflow/.local/lib/python3.8/site-packages/airflow/example_dags/example_xcomargs.py took 0.039 seconds
[2024-02-14T16:22:47.289+0000] {processor.py:161} INFO - Started process (PID=2278) to work on /home/airflow/.local/lib/python3.8/site-packages/airflow/example_dags/example_xcomargs.py
[2024-02-14T16:22:47.289+0000] {processor.py:830} INFO - Processing file /home/airflow/.local/lib/python3.8/site-packages/airflow/example_dags/example_xcomargs.py for tasks to queue
[2024-02-14T16:22:47.291+0000] {logging_mixin.py:188} INFO - [2024-02-14T16:22:47.291+0000] {dagbag.py:538} INFO - Filling up the DagBag from /home/airflow/.local/lib/python3.8/site-packages/airflow/example_dags/example_xcomargs.py
[2024-02-14T16:22:47.296+0000] {processor.py:840} INFO - DAG(s) 'example_xcom_args_with_operators', 'example_xcom_args' retrieved from /home/airflow/.local/lib/python3.8/site-packages/airflow/example_dags/example_xcomargs.py
[2024-02-14T16:22:47.310+0000] {logging_mixin.py:188} INFO - [2024-02-14T16:22:47.310+0000] {dag.py:3033} INFO - Sync 2 DAGs
[2024-02-14T16:22:47.316+0000] {logging_mixin.py:188} INFO - [2024-02-14T16:22:47.316+0000] {dag.py:3820} INFO - Setting next_dagrun for example_xcom_args to None, run_after=None
[2024-02-14T16:22:47.319+0000] {logging_mixin.py:188} INFO - [2024-02-14T16:22:47.319+0000] {dag.py:3820} INFO - Setting next_dagrun for example_xcom_args_with_operators to None, run_after=None
[2024-02-14T16:22:47.331+0000] {processor.py:183} INFO - Processing /home/airflow/.local/lib/python3.8/site-packages/airflow/example_dags/example_xcomargs.py took 0.044 seconds
[2024-02-14T16:23:17.735+0000] {processor.py:161} INFO - Started process (PID=2335) to work on /home/airflow/.local/lib/python3.8/site-packages/airflow/example_dags/example_xcomargs.py
[2024-02-14T16:23:17.736+0000] {processor.py:830} INFO - Processing file /home/airflow/.local/lib/python3.8/site-packages/airflow/example_dags/example_xcomargs.py for tasks to queue
[2024-02-14T16:23:17.737+0000] {logging_mixin.py:188} INFO - [2024-02-14T16:23:17.737+0000] {dagbag.py:538} INFO - Filling up the DagBag from /home/airflow/.local/lib/python3.8/site-packages/airflow/example_dags/example_xcomargs.py
[2024-02-14T16:23:17.742+0000] {processor.py:840} INFO - DAG(s) 'example_xcom_args_with_operators', 'example_xcom_args' retrieved from /home/airflow/.local/lib/python3.8/site-packages/airflow/example_dags/example_xcomargs.py
[2024-02-14T16:23:17.754+0000] {logging_mixin.py:188} INFO - [2024-02-14T16:23:17.754+0000] {dag.py:3033} INFO - Sync 2 DAGs
[2024-02-14T16:23:17.760+0000] {logging_mixin.py:188} INFO - [2024-02-14T16:23:17.760+0000] {dag.py:3820} INFO - Setting next_dagrun for example_xcom_args to None, run_after=None
[2024-02-14T16:23:17.762+0000] {logging_mixin.py:188} INFO - [2024-02-14T16:23:17.762+0000] {dag.py:3820} INFO - Setting next_dagrun for example_xcom_args_with_operators to None, run_after=None
[2024-02-14T16:23:17.769+0000] {processor.py:183} INFO - Processing /home/airflow/.local/lib/python3.8/site-packages/airflow/example_dags/example_xcomargs.py took 0.037 seconds
[2024-02-14T16:23:47.825+0000] {processor.py:161} INFO - Started process (PID=2392) to work on /home/airflow/.local/lib/python3.8/site-packages/airflow/example_dags/example_xcomargs.py
[2024-02-14T16:23:47.826+0000] {processor.py:830} INFO - Processing file /home/airflow/.local/lib/python3.8/site-packages/airflow/example_dags/example_xcomargs.py for tasks to queue
[2024-02-14T16:23:47.827+0000] {logging_mixin.py:188} INFO - [2024-02-14T16:23:47.827+0000] {dagbag.py:538} INFO - Filling up the DagBag from /home/airflow/.local/lib/python3.8/site-packages/airflow/example_dags/example_xcomargs.py
[2024-02-14T16:23:47.832+0000] {processor.py:840} INFO - DAG(s) 'example_xcom_args', 'example_xcom_args_with_operators' retrieved from /home/airflow/.local/lib/python3.8/site-packages/airflow/example_dags/example_xcomargs.py
[2024-02-14T16:23:47.847+0000] {logging_mixin.py:188} INFO - [2024-02-14T16:23:47.847+0000] {dag.py:3033} INFO - Sync 2 DAGs
[2024-02-14T16:23:47.854+0000] {logging_mixin.py:188} INFO - [2024-02-14T16:23:47.854+0000] {dag.py:3820} INFO - Setting next_dagrun for example_xcom_args to None, run_after=None
[2024-02-14T16:23:47.856+0000] {logging_mixin.py:188} INFO - [2024-02-14T16:23:47.856+0000] {dag.py:3820} INFO - Setting next_dagrun for example_xcom_args_with_operators to None, run_after=None
[2024-02-14T16:23:47.865+0000] {processor.py:183} INFO - Processing /home/airflow/.local/lib/python3.8/site-packages/airflow/example_dags/example_xcomargs.py took 0.042 seconds
[2024-02-14T16:24:18.181+0000] {processor.py:161} INFO - Started process (PID=2449) to work on /home/airflow/.local/lib/python3.8/site-packages/airflow/example_dags/example_xcomargs.py
[2024-02-14T16:24:18.181+0000] {processor.py:830} INFO - Processing file /home/airflow/.local/lib/python3.8/site-packages/airflow/example_dags/example_xcomargs.py for tasks to queue
[2024-02-14T16:24:18.183+0000] {logging_mixin.py:188} INFO - [2024-02-14T16:24:18.183+0000] {dagbag.py:538} INFO - Filling up the DagBag from /home/airflow/.local/lib/python3.8/site-packages/airflow/example_dags/example_xcomargs.py
[2024-02-14T16:24:18.187+0000] {processor.py:840} INFO - DAG(s) 'example_xcom_args_with_operators', 'example_xcom_args' retrieved from /home/airflow/.local/lib/python3.8/site-packages/airflow/example_dags/example_xcomargs.py
[2024-02-14T16:24:18.200+0000] {logging_mixin.py:188} INFO - [2024-02-14T16:24:18.200+0000] {dag.py:3033} INFO - Sync 2 DAGs
[2024-02-14T16:24:18.207+0000] {logging_mixin.py:188} INFO - [2024-02-14T16:24:18.207+0000] {dag.py:3820} INFO - Setting next_dagrun for example_xcom_args to None, run_after=None
[2024-02-14T16:24:18.209+0000] {logging_mixin.py:188} INFO - [2024-02-14T16:24:18.208+0000] {dag.py:3820} INFO - Setting next_dagrun for example_xcom_args_with_operators to None, run_after=None
[2024-02-14T16:24:18.216+0000] {processor.py:183} INFO - Processing /home/airflow/.local/lib/python3.8/site-packages/airflow/example_dags/example_xcomargs.py took 0.038 seconds
