[2024-02-14T16:03:08.323+0000] {processor.py:161} INFO - Started process (PID=81) to work on /home/airflow/.local/lib/python3.8/site-packages/airflow/example_dags/example_nested_branch_dag.py
[2024-02-14T16:03:08.324+0000] {processor.py:830} INFO - Processing file /home/airflow/.local/lib/python3.8/site-packages/airflow/example_dags/example_nested_branch_dag.py for tasks to queue
[2024-02-14T16:03:08.326+0000] {logging_mixin.py:188} INFO - [2024-02-14T16:03:08.326+0000] {dagbag.py:538} INFO - Filling up the DagBag from /home/airflow/.local/lib/python3.8/site-packages/airflow/example_dags/example_nested_branch_dag.py
[2024-02-14T16:03:08.334+0000] {processor.py:840} INFO - DAG(s) 'example_nested_branch_dag' retrieved from /home/airflow/.local/lib/python3.8/site-packages/airflow/example_dags/example_nested_branch_dag.py
[2024-02-14T16:03:08.343+0000] {logging_mixin.py:188} INFO - [2024-02-14T16:03:08.343+0000] {dag.py:3033} INFO - Sync 1 DAGs
[2024-02-14T16:03:08.359+0000] {logging_mixin.py:188} INFO - [2024-02-14T16:03:08.359+0000] {dag.py:3820} INFO - Setting next_dagrun for example_nested_branch_dag to 2024-02-13T00:00:00+00:00, run_after=2024-02-14T00:00:00+00:00
[2024-02-14T16:03:08.375+0000] {processor.py:183} INFO - Processing /home/airflow/.local/lib/python3.8/site-packages/airflow/example_dags/example_nested_branch_dag.py took 0.055 seconds
[2024-02-14T16:03:38.905+0000] {processor.py:161} INFO - Started process (PID=138) to work on /home/airflow/.local/lib/python3.8/site-packages/airflow/example_dags/example_nested_branch_dag.py
[2024-02-14T16:03:38.906+0000] {processor.py:830} INFO - Processing file /home/airflow/.local/lib/python3.8/site-packages/airflow/example_dags/example_nested_branch_dag.py for tasks to queue
[2024-02-14T16:03:38.907+0000] {logging_mixin.py:188} INFO - [2024-02-14T16:03:38.907+0000] {dagbag.py:538} INFO - Filling up the DagBag from /home/airflow/.local/lib/python3.8/site-packages/airflow/example_dags/example_nested_branch_dag.py
[2024-02-14T16:03:38.913+0000] {processor.py:840} INFO - DAG(s) 'example_nested_branch_dag' retrieved from /home/airflow/.local/lib/python3.8/site-packages/airflow/example_dags/example_nested_branch_dag.py
[2024-02-14T16:03:38.966+0000] {logging_mixin.py:188} INFO - [2024-02-14T16:03:38.966+0000] {dag.py:3033} INFO - Sync 1 DAGs
[2024-02-14T16:03:38.977+0000] {logging_mixin.py:188} INFO - [2024-02-14T16:03:38.977+0000] {dag.py:3820} INFO - Setting next_dagrun for example_nested_branch_dag to 2024-02-13T00:00:00+00:00, run_after=2024-02-14T00:00:00+00:00
[2024-02-14T16:03:38.987+0000] {processor.py:183} INFO - Processing /home/airflow/.local/lib/python3.8/site-packages/airflow/example_dags/example_nested_branch_dag.py took 0.084 seconds
[2024-02-14T16:04:09.223+0000] {processor.py:161} INFO - Started process (PID=195) to work on /home/airflow/.local/lib/python3.8/site-packages/airflow/example_dags/example_nested_branch_dag.py
[2024-02-14T16:04:09.223+0000] {processor.py:830} INFO - Processing file /home/airflow/.local/lib/python3.8/site-packages/airflow/example_dags/example_nested_branch_dag.py for tasks to queue
[2024-02-14T16:04:09.225+0000] {logging_mixin.py:188} INFO - [2024-02-14T16:04:09.225+0000] {dagbag.py:538} INFO - Filling up the DagBag from /home/airflow/.local/lib/python3.8/site-packages/airflow/example_dags/example_nested_branch_dag.py
[2024-02-14T16:04:09.231+0000] {processor.py:840} INFO - DAG(s) 'example_nested_branch_dag' retrieved from /home/airflow/.local/lib/python3.8/site-packages/airflow/example_dags/example_nested_branch_dag.py
[2024-02-14T16:04:09.244+0000] {logging_mixin.py:188} INFO - [2024-02-14T16:04:09.244+0000] {dag.py:3033} INFO - Sync 1 DAGs
[2024-02-14T16:04:09.257+0000] {logging_mixin.py:188} INFO - [2024-02-14T16:04:09.257+0000] {dag.py:3820} INFO - Setting next_dagrun for example_nested_branch_dag to 2024-02-13T00:00:00+00:00, run_after=2024-02-14T00:00:00+00:00
[2024-02-14T16:04:09.267+0000] {processor.py:183} INFO - Processing /home/airflow/.local/lib/python3.8/site-packages/airflow/example_dags/example_nested_branch_dag.py took 0.047 seconds
[2024-02-14T16:04:39.557+0000] {processor.py:161} INFO - Started process (PID=252) to work on /home/airflow/.local/lib/python3.8/site-packages/airflow/example_dags/example_nested_branch_dag.py
[2024-02-14T16:04:39.557+0000] {processor.py:830} INFO - Processing file /home/airflow/.local/lib/python3.8/site-packages/airflow/example_dags/example_nested_branch_dag.py for tasks to queue
[2024-02-14T16:04:39.559+0000] {logging_mixin.py:188} INFO - [2024-02-14T16:04:39.559+0000] {dagbag.py:538} INFO - Filling up the DagBag from /home/airflow/.local/lib/python3.8/site-packages/airflow/example_dags/example_nested_branch_dag.py
[2024-02-14T16:04:39.565+0000] {processor.py:840} INFO - DAG(s) 'example_nested_branch_dag' retrieved from /home/airflow/.local/lib/python3.8/site-packages/airflow/example_dags/example_nested_branch_dag.py
[2024-02-14T16:04:39.578+0000] {logging_mixin.py:188} INFO - [2024-02-14T16:04:39.578+0000] {dag.py:3033} INFO - Sync 1 DAGs
[2024-02-14T16:04:39.590+0000] {logging_mixin.py:188} INFO - [2024-02-14T16:04:39.590+0000] {dag.py:3820} INFO - Setting next_dagrun for example_nested_branch_dag to 2024-02-13T00:00:00+00:00, run_after=2024-02-14T00:00:00+00:00
[2024-02-14T16:04:39.600+0000] {processor.py:183} INFO - Processing /home/airflow/.local/lib/python3.8/site-packages/airflow/example_dags/example_nested_branch_dag.py took 0.046 seconds
[2024-02-14T16:05:09.786+0000] {processor.py:161} INFO - Started process (PID=309) to work on /home/airflow/.local/lib/python3.8/site-packages/airflow/example_dags/example_nested_branch_dag.py
[2024-02-14T16:05:09.786+0000] {processor.py:830} INFO - Processing file /home/airflow/.local/lib/python3.8/site-packages/airflow/example_dags/example_nested_branch_dag.py for tasks to queue
[2024-02-14T16:05:09.788+0000] {logging_mixin.py:188} INFO - [2024-02-14T16:05:09.788+0000] {dagbag.py:538} INFO - Filling up the DagBag from /home/airflow/.local/lib/python3.8/site-packages/airflow/example_dags/example_nested_branch_dag.py
[2024-02-14T16:05:09.794+0000] {processor.py:840} INFO - DAG(s) 'example_nested_branch_dag' retrieved from /home/airflow/.local/lib/python3.8/site-packages/airflow/example_dags/example_nested_branch_dag.py
[2024-02-14T16:05:09.806+0000] {logging_mixin.py:188} INFO - [2024-02-14T16:05:09.806+0000] {dag.py:3033} INFO - Sync 1 DAGs
[2024-02-14T16:05:09.818+0000] {logging_mixin.py:188} INFO - [2024-02-14T16:05:09.818+0000] {dag.py:3820} INFO - Setting next_dagrun for example_nested_branch_dag to 2024-02-13T00:00:00+00:00, run_after=2024-02-14T00:00:00+00:00
[2024-02-14T16:05:09.827+0000] {processor.py:183} INFO - Processing /home/airflow/.local/lib/python3.8/site-packages/airflow/example_dags/example_nested_branch_dag.py took 0.044 seconds
[2024-02-14T16:05:39.946+0000] {processor.py:161} INFO - Started process (PID=366) to work on /home/airflow/.local/lib/python3.8/site-packages/airflow/example_dags/example_nested_branch_dag.py
[2024-02-14T16:05:39.947+0000] {processor.py:830} INFO - Processing file /home/airflow/.local/lib/python3.8/site-packages/airflow/example_dags/example_nested_branch_dag.py for tasks to queue
[2024-02-14T16:05:39.948+0000] {logging_mixin.py:188} INFO - [2024-02-14T16:05:39.948+0000] {dagbag.py:538} INFO - Filling up the DagBag from /home/airflow/.local/lib/python3.8/site-packages/airflow/example_dags/example_nested_branch_dag.py
[2024-02-14T16:05:39.954+0000] {processor.py:840} INFO - DAG(s) 'example_nested_branch_dag' retrieved from /home/airflow/.local/lib/python3.8/site-packages/airflow/example_dags/example_nested_branch_dag.py
[2024-02-14T16:05:39.967+0000] {logging_mixin.py:188} INFO - [2024-02-14T16:05:39.967+0000] {dag.py:3033} INFO - Sync 1 DAGs
[2024-02-14T16:05:39.981+0000] {logging_mixin.py:188} INFO - [2024-02-14T16:05:39.981+0000] {dag.py:3820} INFO - Setting next_dagrun for example_nested_branch_dag to 2024-02-13T00:00:00+00:00, run_after=2024-02-14T00:00:00+00:00
[2024-02-14T16:05:39.992+0000] {processor.py:183} INFO - Processing /home/airflow/.local/lib/python3.8/site-packages/airflow/example_dags/example_nested_branch_dag.py took 0.048 seconds
[2024-02-14T16:06:10.188+0000] {processor.py:161} INFO - Started process (PID=423) to work on /home/airflow/.local/lib/python3.8/site-packages/airflow/example_dags/example_nested_branch_dag.py
[2024-02-14T16:06:10.189+0000] {processor.py:830} INFO - Processing file /home/airflow/.local/lib/python3.8/site-packages/airflow/example_dags/example_nested_branch_dag.py for tasks to queue
[2024-02-14T16:06:10.190+0000] {logging_mixin.py:188} INFO - [2024-02-14T16:06:10.190+0000] {dagbag.py:538} INFO - Filling up the DagBag from /home/airflow/.local/lib/python3.8/site-packages/airflow/example_dags/example_nested_branch_dag.py
[2024-02-14T16:06:10.196+0000] {processor.py:840} INFO - DAG(s) 'example_nested_branch_dag' retrieved from /home/airflow/.local/lib/python3.8/site-packages/airflow/example_dags/example_nested_branch_dag.py
[2024-02-14T16:06:10.209+0000] {logging_mixin.py:188} INFO - [2024-02-14T16:06:10.209+0000] {dag.py:3033} INFO - Sync 1 DAGs
[2024-02-14T16:06:10.222+0000] {logging_mixin.py:188} INFO - [2024-02-14T16:06:10.221+0000] {dag.py:3820} INFO - Setting next_dagrun for example_nested_branch_dag to 2024-02-13T00:00:00+00:00, run_after=2024-02-14T00:00:00+00:00
[2024-02-14T16:06:10.232+0000] {processor.py:183} INFO - Processing /home/airflow/.local/lib/python3.8/site-packages/airflow/example_dags/example_nested_branch_dag.py took 0.046 seconds
[2024-02-14T16:06:40.286+0000] {processor.py:161} INFO - Started process (PID=480) to work on /home/airflow/.local/lib/python3.8/site-packages/airflow/example_dags/example_nested_branch_dag.py
[2024-02-14T16:06:40.287+0000] {processor.py:830} INFO - Processing file /home/airflow/.local/lib/python3.8/site-packages/airflow/example_dags/example_nested_branch_dag.py for tasks to queue
[2024-02-14T16:06:40.288+0000] {logging_mixin.py:188} INFO - [2024-02-14T16:06:40.288+0000] {dagbag.py:538} INFO - Filling up the DagBag from /home/airflow/.local/lib/python3.8/site-packages/airflow/example_dags/example_nested_branch_dag.py
[2024-02-14T16:06:40.294+0000] {processor.py:840} INFO - DAG(s) 'example_nested_branch_dag' retrieved from /home/airflow/.local/lib/python3.8/site-packages/airflow/example_dags/example_nested_branch_dag.py
[2024-02-14T16:06:40.306+0000] {logging_mixin.py:188} INFO - [2024-02-14T16:06:40.306+0000] {dag.py:3033} INFO - Sync 1 DAGs
[2024-02-14T16:06:40.318+0000] {logging_mixin.py:188} INFO - [2024-02-14T16:06:40.318+0000] {dag.py:3820} INFO - Setting next_dagrun for example_nested_branch_dag to 2024-02-13T00:00:00+00:00, run_after=2024-02-14T00:00:00+00:00
[2024-02-14T16:06:40.328+0000] {processor.py:183} INFO - Processing /home/airflow/.local/lib/python3.8/site-packages/airflow/example_dags/example_nested_branch_dag.py took 0.044 seconds
[2024-02-14T16:07:10.520+0000] {processor.py:161} INFO - Started process (PID=537) to work on /home/airflow/.local/lib/python3.8/site-packages/airflow/example_dags/example_nested_branch_dag.py
[2024-02-14T16:07:10.521+0000] {processor.py:830} INFO - Processing file /home/airflow/.local/lib/python3.8/site-packages/airflow/example_dags/example_nested_branch_dag.py for tasks to queue
[2024-02-14T16:07:10.524+0000] {logging_mixin.py:188} INFO - [2024-02-14T16:07:10.524+0000] {dagbag.py:538} INFO - Filling up the DagBag from /home/airflow/.local/lib/python3.8/site-packages/airflow/example_dags/example_nested_branch_dag.py
[2024-02-14T16:07:10.531+0000] {processor.py:840} INFO - DAG(s) 'example_nested_branch_dag' retrieved from /home/airflow/.local/lib/python3.8/site-packages/airflow/example_dags/example_nested_branch_dag.py
[2024-02-14T16:07:10.545+0000] {logging_mixin.py:188} INFO - [2024-02-14T16:07:10.545+0000] {dag.py:3033} INFO - Sync 1 DAGs
[2024-02-14T16:07:10.560+0000] {logging_mixin.py:188} INFO - [2024-02-14T16:07:10.560+0000] {dag.py:3820} INFO - Setting next_dagrun for example_nested_branch_dag to 2024-02-13T00:00:00+00:00, run_after=2024-02-14T00:00:00+00:00
[2024-02-14T16:07:10.572+0000] {processor.py:183} INFO - Processing /home/airflow/.local/lib/python3.8/site-packages/airflow/example_dags/example_nested_branch_dag.py took 0.055 seconds
[2024-02-14T16:07:40.823+0000] {processor.py:161} INFO - Started process (PID=594) to work on /home/airflow/.local/lib/python3.8/site-packages/airflow/example_dags/example_nested_branch_dag.py
[2024-02-14T16:07:40.824+0000] {processor.py:830} INFO - Processing file /home/airflow/.local/lib/python3.8/site-packages/airflow/example_dags/example_nested_branch_dag.py for tasks to queue
[2024-02-14T16:07:40.825+0000] {logging_mixin.py:188} INFO - [2024-02-14T16:07:40.825+0000] {dagbag.py:538} INFO - Filling up the DagBag from /home/airflow/.local/lib/python3.8/site-packages/airflow/example_dags/example_nested_branch_dag.py
[2024-02-14T16:07:40.831+0000] {processor.py:840} INFO - DAG(s) 'example_nested_branch_dag' retrieved from /home/airflow/.local/lib/python3.8/site-packages/airflow/example_dags/example_nested_branch_dag.py
[2024-02-14T16:07:40.845+0000] {logging_mixin.py:188} INFO - [2024-02-14T16:07:40.845+0000] {dag.py:3033} INFO - Sync 1 DAGs
[2024-02-14T16:07:40.858+0000] {logging_mixin.py:188} INFO - [2024-02-14T16:07:40.858+0000] {dag.py:3820} INFO - Setting next_dagrun for example_nested_branch_dag to 2024-02-13T00:00:00+00:00, run_after=2024-02-14T00:00:00+00:00
[2024-02-14T16:07:40.868+0000] {processor.py:183} INFO - Processing /home/airflow/.local/lib/python3.8/site-packages/airflow/example_dags/example_nested_branch_dag.py took 0.047 seconds
[2024-02-14T16:08:10.995+0000] {processor.py:161} INFO - Started process (PID=651) to work on /home/airflow/.local/lib/python3.8/site-packages/airflow/example_dags/example_nested_branch_dag.py
[2024-02-14T16:08:10.996+0000] {processor.py:830} INFO - Processing file /home/airflow/.local/lib/python3.8/site-packages/airflow/example_dags/example_nested_branch_dag.py for tasks to queue
[2024-02-14T16:08:10.997+0000] {logging_mixin.py:188} INFO - [2024-02-14T16:08:10.997+0000] {dagbag.py:538} INFO - Filling up the DagBag from /home/airflow/.local/lib/python3.8/site-packages/airflow/example_dags/example_nested_branch_dag.py
[2024-02-14T16:08:11.003+0000] {processor.py:840} INFO - DAG(s) 'example_nested_branch_dag' retrieved from /home/airflow/.local/lib/python3.8/site-packages/airflow/example_dags/example_nested_branch_dag.py
[2024-02-14T16:08:11.016+0000] {logging_mixin.py:188} INFO - [2024-02-14T16:08:11.016+0000] {dag.py:3033} INFO - Sync 1 DAGs
[2024-02-14T16:08:11.027+0000] {logging_mixin.py:188} INFO - [2024-02-14T16:08:11.027+0000] {dag.py:3820} INFO - Setting next_dagrun for example_nested_branch_dag to 2024-02-13T00:00:00+00:00, run_after=2024-02-14T00:00:00+00:00
[2024-02-14T16:08:11.036+0000] {processor.py:183} INFO - Processing /home/airflow/.local/lib/python3.8/site-packages/airflow/example_dags/example_nested_branch_dag.py took 0.043 seconds
[2024-02-14T16:08:41.243+0000] {processor.py:161} INFO - Started process (PID=708) to work on /home/airflow/.local/lib/python3.8/site-packages/airflow/example_dags/example_nested_branch_dag.py
[2024-02-14T16:08:41.244+0000] {processor.py:830} INFO - Processing file /home/airflow/.local/lib/python3.8/site-packages/airflow/example_dags/example_nested_branch_dag.py for tasks to queue
[2024-02-14T16:08:41.245+0000] {logging_mixin.py:188} INFO - [2024-02-14T16:08:41.245+0000] {dagbag.py:538} INFO - Filling up the DagBag from /home/airflow/.local/lib/python3.8/site-packages/airflow/example_dags/example_nested_branch_dag.py
[2024-02-14T16:08:41.250+0000] {processor.py:840} INFO - DAG(s) 'example_nested_branch_dag' retrieved from /home/airflow/.local/lib/python3.8/site-packages/airflow/example_dags/example_nested_branch_dag.py
[2024-02-14T16:08:41.263+0000] {logging_mixin.py:188} INFO - [2024-02-14T16:08:41.263+0000] {dag.py:3033} INFO - Sync 1 DAGs
[2024-02-14T16:08:41.275+0000] {logging_mixin.py:188} INFO - [2024-02-14T16:08:41.275+0000] {dag.py:3820} INFO - Setting next_dagrun for example_nested_branch_dag to 2024-02-13T00:00:00+00:00, run_after=2024-02-14T00:00:00+00:00
[2024-02-14T16:08:41.284+0000] {processor.py:183} INFO - Processing /home/airflow/.local/lib/python3.8/site-packages/airflow/example_dags/example_nested_branch_dag.py took 0.043 seconds
[2024-02-14T16:09:12.362+0000] {processor.py:161} INFO - Started process (PID=765) to work on /home/airflow/.local/lib/python3.8/site-packages/airflow/example_dags/example_nested_branch_dag.py
[2024-02-14T16:09:12.363+0000] {processor.py:830} INFO - Processing file /home/airflow/.local/lib/python3.8/site-packages/airflow/example_dags/example_nested_branch_dag.py for tasks to queue
[2024-02-14T16:09:12.364+0000] {logging_mixin.py:188} INFO - [2024-02-14T16:09:12.364+0000] {dagbag.py:538} INFO - Filling up the DagBag from /home/airflow/.local/lib/python3.8/site-packages/airflow/example_dags/example_nested_branch_dag.py
[2024-02-14T16:09:12.370+0000] {processor.py:840} INFO - DAG(s) 'example_nested_branch_dag' retrieved from /home/airflow/.local/lib/python3.8/site-packages/airflow/example_dags/example_nested_branch_dag.py
[2024-02-14T16:09:12.383+0000] {logging_mixin.py:188} INFO - [2024-02-14T16:09:12.383+0000] {dag.py:3033} INFO - Sync 1 DAGs
[2024-02-14T16:09:12.396+0000] {logging_mixin.py:188} INFO - [2024-02-14T16:09:12.396+0000] {dag.py:3820} INFO - Setting next_dagrun for example_nested_branch_dag to 2024-02-13T00:00:00+00:00, run_after=2024-02-14T00:00:00+00:00
[2024-02-14T16:09:12.405+0000] {processor.py:183} INFO - Processing /home/airflow/.local/lib/python3.8/site-packages/airflow/example_dags/example_nested_branch_dag.py took 0.046 seconds
[2024-02-14T16:09:43.352+0000] {processor.py:161} INFO - Started process (PID=822) to work on /home/airflow/.local/lib/python3.8/site-packages/airflow/example_dags/example_nested_branch_dag.py
[2024-02-14T16:09:43.352+0000] {processor.py:830} INFO - Processing file /home/airflow/.local/lib/python3.8/site-packages/airflow/example_dags/example_nested_branch_dag.py for tasks to queue
[2024-02-14T16:09:43.354+0000] {logging_mixin.py:188} INFO - [2024-02-14T16:09:43.354+0000] {dagbag.py:538} INFO - Filling up the DagBag from /home/airflow/.local/lib/python3.8/site-packages/airflow/example_dags/example_nested_branch_dag.py
[2024-02-14T16:09:43.360+0000] {processor.py:840} INFO - DAG(s) 'example_nested_branch_dag' retrieved from /home/airflow/.local/lib/python3.8/site-packages/airflow/example_dags/example_nested_branch_dag.py
[2024-02-14T16:09:43.373+0000] {logging_mixin.py:188} INFO - [2024-02-14T16:09:43.373+0000] {dag.py:3033} INFO - Sync 1 DAGs
[2024-02-14T16:09:43.385+0000] {logging_mixin.py:188} INFO - [2024-02-14T16:09:43.385+0000] {dag.py:3820} INFO - Setting next_dagrun for example_nested_branch_dag to 2024-02-13T00:00:00+00:00, run_after=2024-02-14T00:00:00+00:00
[2024-02-14T16:09:43.394+0000] {processor.py:183} INFO - Processing /home/airflow/.local/lib/python3.8/site-packages/airflow/example_dags/example_nested_branch_dag.py took 0.045 seconds
[2024-02-14T16:10:13.648+0000] {processor.py:161} INFO - Started process (PID=879) to work on /home/airflow/.local/lib/python3.8/site-packages/airflow/example_dags/example_nested_branch_dag.py
[2024-02-14T16:10:13.649+0000] {processor.py:830} INFO - Processing file /home/airflow/.local/lib/python3.8/site-packages/airflow/example_dags/example_nested_branch_dag.py for tasks to queue
[2024-02-14T16:10:13.650+0000] {logging_mixin.py:188} INFO - [2024-02-14T16:10:13.650+0000] {dagbag.py:538} INFO - Filling up the DagBag from /home/airflow/.local/lib/python3.8/site-packages/airflow/example_dags/example_nested_branch_dag.py
[2024-02-14T16:10:13.656+0000] {processor.py:840} INFO - DAG(s) 'example_nested_branch_dag' retrieved from /home/airflow/.local/lib/python3.8/site-packages/airflow/example_dags/example_nested_branch_dag.py
[2024-02-14T16:10:13.669+0000] {logging_mixin.py:188} INFO - [2024-02-14T16:10:13.669+0000] {dag.py:3033} INFO - Sync 1 DAGs
[2024-02-14T16:10:13.682+0000] {logging_mixin.py:188} INFO - [2024-02-14T16:10:13.682+0000] {dag.py:3820} INFO - Setting next_dagrun for example_nested_branch_dag to 2024-02-13T00:00:00+00:00, run_after=2024-02-14T00:00:00+00:00
[2024-02-14T16:10:13.693+0000] {processor.py:183} INFO - Processing /home/airflow/.local/lib/python3.8/site-packages/airflow/example_dags/example_nested_branch_dag.py took 0.047 seconds
[2024-02-14T16:10:43.849+0000] {processor.py:161} INFO - Started process (PID=936) to work on /home/airflow/.local/lib/python3.8/site-packages/airflow/example_dags/example_nested_branch_dag.py
[2024-02-14T16:10:43.850+0000] {processor.py:830} INFO - Processing file /home/airflow/.local/lib/python3.8/site-packages/airflow/example_dags/example_nested_branch_dag.py for tasks to queue
[2024-02-14T16:10:43.851+0000] {logging_mixin.py:188} INFO - [2024-02-14T16:10:43.851+0000] {dagbag.py:538} INFO - Filling up the DagBag from /home/airflow/.local/lib/python3.8/site-packages/airflow/example_dags/example_nested_branch_dag.py
[2024-02-14T16:10:43.858+0000] {processor.py:840} INFO - DAG(s) 'example_nested_branch_dag' retrieved from /home/airflow/.local/lib/python3.8/site-packages/airflow/example_dags/example_nested_branch_dag.py
[2024-02-14T16:10:43.871+0000] {logging_mixin.py:188} INFO - [2024-02-14T16:10:43.870+0000] {dag.py:3033} INFO - Sync 1 DAGs
[2024-02-14T16:10:43.883+0000] {logging_mixin.py:188} INFO - [2024-02-14T16:10:43.883+0000] {dag.py:3820} INFO - Setting next_dagrun for example_nested_branch_dag to 2024-02-13T00:00:00+00:00, run_after=2024-02-14T00:00:00+00:00
[2024-02-14T16:10:43.893+0000] {processor.py:183} INFO - Processing /home/airflow/.local/lib/python3.8/site-packages/airflow/example_dags/example_nested_branch_dag.py took 0.047 seconds
[2024-02-14T16:11:14.005+0000] {processor.py:161} INFO - Started process (PID=993) to work on /home/airflow/.local/lib/python3.8/site-packages/airflow/example_dags/example_nested_branch_dag.py
[2024-02-14T16:11:14.005+0000] {processor.py:830} INFO - Processing file /home/airflow/.local/lib/python3.8/site-packages/airflow/example_dags/example_nested_branch_dag.py for tasks to queue
[2024-02-14T16:11:14.007+0000] {logging_mixin.py:188} INFO - [2024-02-14T16:11:14.007+0000] {dagbag.py:538} INFO - Filling up the DagBag from /home/airflow/.local/lib/python3.8/site-packages/airflow/example_dags/example_nested_branch_dag.py
[2024-02-14T16:11:14.013+0000] {processor.py:840} INFO - DAG(s) 'example_nested_branch_dag' retrieved from /home/airflow/.local/lib/python3.8/site-packages/airflow/example_dags/example_nested_branch_dag.py
[2024-02-14T16:11:14.027+0000] {logging_mixin.py:188} INFO - [2024-02-14T16:11:14.027+0000] {dag.py:3033} INFO - Sync 1 DAGs
[2024-02-14T16:11:14.040+0000] {logging_mixin.py:188} INFO - [2024-02-14T16:11:14.040+0000] {dag.py:3820} INFO - Setting next_dagrun for example_nested_branch_dag to 2024-02-13T00:00:00+00:00, run_after=2024-02-14T00:00:00+00:00
[2024-02-14T16:11:14.052+0000] {processor.py:183} INFO - Processing /home/airflow/.local/lib/python3.8/site-packages/airflow/example_dags/example_nested_branch_dag.py took 0.050 seconds
[2024-02-14T16:11:44.283+0000] {processor.py:161} INFO - Started process (PID=1050) to work on /home/airflow/.local/lib/python3.8/site-packages/airflow/example_dags/example_nested_branch_dag.py
[2024-02-14T16:11:44.283+0000] {processor.py:830} INFO - Processing file /home/airflow/.local/lib/python3.8/site-packages/airflow/example_dags/example_nested_branch_dag.py for tasks to queue
[2024-02-14T16:11:44.285+0000] {logging_mixin.py:188} INFO - [2024-02-14T16:11:44.285+0000] {dagbag.py:538} INFO - Filling up the DagBag from /home/airflow/.local/lib/python3.8/site-packages/airflow/example_dags/example_nested_branch_dag.py
[2024-02-14T16:11:44.291+0000] {processor.py:840} INFO - DAG(s) 'example_nested_branch_dag' retrieved from /home/airflow/.local/lib/python3.8/site-packages/airflow/example_dags/example_nested_branch_dag.py
[2024-02-14T16:11:44.305+0000] {logging_mixin.py:188} INFO - [2024-02-14T16:11:44.305+0000] {dag.py:3033} INFO - Sync 1 DAGs
[2024-02-14T16:11:44.317+0000] {logging_mixin.py:188} INFO - [2024-02-14T16:11:44.317+0000] {dag.py:3820} INFO - Setting next_dagrun for example_nested_branch_dag to 2024-02-13T00:00:00+00:00, run_after=2024-02-14T00:00:00+00:00
[2024-02-14T16:11:44.326+0000] {processor.py:183} INFO - Processing /home/airflow/.local/lib/python3.8/site-packages/airflow/example_dags/example_nested_branch_dag.py took 0.046 seconds
[2024-02-14T16:12:14.484+0000] {processor.py:161} INFO - Started process (PID=1106) to work on /home/airflow/.local/lib/python3.8/site-packages/airflow/example_dags/example_nested_branch_dag.py
[2024-02-14T16:12:14.484+0000] {processor.py:830} INFO - Processing file /home/airflow/.local/lib/python3.8/site-packages/airflow/example_dags/example_nested_branch_dag.py for tasks to queue
[2024-02-14T16:12:14.486+0000] {logging_mixin.py:188} INFO - [2024-02-14T16:12:14.485+0000] {dagbag.py:538} INFO - Filling up the DagBag from /home/airflow/.local/lib/python3.8/site-packages/airflow/example_dags/example_nested_branch_dag.py
[2024-02-14T16:12:14.492+0000] {processor.py:840} INFO - DAG(s) 'example_nested_branch_dag' retrieved from /home/airflow/.local/lib/python3.8/site-packages/airflow/example_dags/example_nested_branch_dag.py
[2024-02-14T16:12:14.504+0000] {logging_mixin.py:188} INFO - [2024-02-14T16:12:14.504+0000] {dag.py:3033} INFO - Sync 1 DAGs
[2024-02-14T16:12:14.516+0000] {logging_mixin.py:188} INFO - [2024-02-14T16:12:14.516+0000] {dag.py:3820} INFO - Setting next_dagrun for example_nested_branch_dag to 2024-02-13T00:00:00+00:00, run_after=2024-02-14T00:00:00+00:00
[2024-02-14T16:12:14.525+0000] {processor.py:183} INFO - Processing /home/airflow/.local/lib/python3.8/site-packages/airflow/example_dags/example_nested_branch_dag.py took 0.044 seconds
[2024-02-14T16:12:44.670+0000] {processor.py:161} INFO - Started process (PID=1163) to work on /home/airflow/.local/lib/python3.8/site-packages/airflow/example_dags/example_nested_branch_dag.py
[2024-02-14T16:12:44.671+0000] {processor.py:830} INFO - Processing file /home/airflow/.local/lib/python3.8/site-packages/airflow/example_dags/example_nested_branch_dag.py for tasks to queue
[2024-02-14T16:12:44.673+0000] {logging_mixin.py:188} INFO - [2024-02-14T16:12:44.672+0000] {dagbag.py:538} INFO - Filling up the DagBag from /home/airflow/.local/lib/python3.8/site-packages/airflow/example_dags/example_nested_branch_dag.py
[2024-02-14T16:12:44.679+0000] {processor.py:840} INFO - DAG(s) 'example_nested_branch_dag' retrieved from /home/airflow/.local/lib/python3.8/site-packages/airflow/example_dags/example_nested_branch_dag.py
[2024-02-14T16:12:44.691+0000] {logging_mixin.py:188} INFO - [2024-02-14T16:12:44.691+0000] {dag.py:3033} INFO - Sync 1 DAGs
[2024-02-14T16:12:44.703+0000] {logging_mixin.py:188} INFO - [2024-02-14T16:12:44.703+0000] {dag.py:3820} INFO - Setting next_dagrun for example_nested_branch_dag to 2024-02-13T00:00:00+00:00, run_after=2024-02-14T00:00:00+00:00
[2024-02-14T16:12:44.713+0000] {processor.py:183} INFO - Processing /home/airflow/.local/lib/python3.8/site-packages/airflow/example_dags/example_nested_branch_dag.py took 0.045 seconds
[2024-02-14T16:13:15.762+0000] {processor.py:161} INFO - Started process (PID=1220) to work on /home/airflow/.local/lib/python3.8/site-packages/airflow/example_dags/example_nested_branch_dag.py
[2024-02-14T16:13:15.763+0000] {processor.py:830} INFO - Processing file /home/airflow/.local/lib/python3.8/site-packages/airflow/example_dags/example_nested_branch_dag.py for tasks to queue
[2024-02-14T16:13:15.765+0000] {logging_mixin.py:188} INFO - [2024-02-14T16:13:15.764+0000] {dagbag.py:538} INFO - Filling up the DagBag from /home/airflow/.local/lib/python3.8/site-packages/airflow/example_dags/example_nested_branch_dag.py
[2024-02-14T16:13:15.770+0000] {processor.py:840} INFO - DAG(s) 'example_nested_branch_dag' retrieved from /home/airflow/.local/lib/python3.8/site-packages/airflow/example_dags/example_nested_branch_dag.py
[2024-02-14T16:13:15.783+0000] {logging_mixin.py:188} INFO - [2024-02-14T16:13:15.782+0000] {dag.py:3033} INFO - Sync 1 DAGs
[2024-02-14T16:13:15.794+0000] {logging_mixin.py:188} INFO - [2024-02-14T16:13:15.794+0000] {dag.py:3820} INFO - Setting next_dagrun for example_nested_branch_dag to 2024-02-13T00:00:00+00:00, run_after=2024-02-14T00:00:00+00:00
[2024-02-14T16:13:15.804+0000] {processor.py:183} INFO - Processing /home/airflow/.local/lib/python3.8/site-packages/airflow/example_dags/example_nested_branch_dag.py took 0.044 seconds
[2024-02-14T16:13:46.130+0000] {processor.py:161} INFO - Started process (PID=1277) to work on /home/airflow/.local/lib/python3.8/site-packages/airflow/example_dags/example_nested_branch_dag.py
[2024-02-14T16:13:46.131+0000] {processor.py:830} INFO - Processing file /home/airflow/.local/lib/python3.8/site-packages/airflow/example_dags/example_nested_branch_dag.py for tasks to queue
[2024-02-14T16:13:46.132+0000] {logging_mixin.py:188} INFO - [2024-02-14T16:13:46.132+0000] {dagbag.py:538} INFO - Filling up the DagBag from /home/airflow/.local/lib/python3.8/site-packages/airflow/example_dags/example_nested_branch_dag.py
[2024-02-14T16:13:46.138+0000] {processor.py:840} INFO - DAG(s) 'example_nested_branch_dag' retrieved from /home/airflow/.local/lib/python3.8/site-packages/airflow/example_dags/example_nested_branch_dag.py
[2024-02-14T16:13:46.151+0000] {logging_mixin.py:188} INFO - [2024-02-14T16:13:46.151+0000] {dag.py:3033} INFO - Sync 1 DAGs
[2024-02-14T16:13:46.164+0000] {logging_mixin.py:188} INFO - [2024-02-14T16:13:46.164+0000] {dag.py:3820} INFO - Setting next_dagrun for example_nested_branch_dag to 2024-02-13T00:00:00+00:00, run_after=2024-02-14T00:00:00+00:00
[2024-02-14T16:13:46.175+0000] {processor.py:183} INFO - Processing /home/airflow/.local/lib/python3.8/site-packages/airflow/example_dags/example_nested_branch_dag.py took 0.047 seconds
[2024-02-14T16:14:17.212+0000] {processor.py:161} INFO - Started process (PID=1334) to work on /home/airflow/.local/lib/python3.8/site-packages/airflow/example_dags/example_nested_branch_dag.py
[2024-02-14T16:14:17.212+0000] {processor.py:830} INFO - Processing file /home/airflow/.local/lib/python3.8/site-packages/airflow/example_dags/example_nested_branch_dag.py for tasks to queue
[2024-02-14T16:14:17.214+0000] {logging_mixin.py:188} INFO - [2024-02-14T16:14:17.214+0000] {dagbag.py:538} INFO - Filling up the DagBag from /home/airflow/.local/lib/python3.8/site-packages/airflow/example_dags/example_nested_branch_dag.py
[2024-02-14T16:14:17.220+0000] {processor.py:840} INFO - DAG(s) 'example_nested_branch_dag' retrieved from /home/airflow/.local/lib/python3.8/site-packages/airflow/example_dags/example_nested_branch_dag.py
[2024-02-14T16:14:17.233+0000] {logging_mixin.py:188} INFO - [2024-02-14T16:14:17.233+0000] {dag.py:3033} INFO - Sync 1 DAGs
[2024-02-14T16:14:17.246+0000] {logging_mixin.py:188} INFO - [2024-02-14T16:14:17.246+0000] {dag.py:3820} INFO - Setting next_dagrun for example_nested_branch_dag to 2024-02-13T00:00:00+00:00, run_after=2024-02-14T00:00:00+00:00
[2024-02-14T16:14:17.256+0000] {processor.py:183} INFO - Processing /home/airflow/.local/lib/python3.8/site-packages/airflow/example_dags/example_nested_branch_dag.py took 0.047 seconds
[2024-02-14T16:14:47.436+0000] {processor.py:161} INFO - Started process (PID=1391) to work on /home/airflow/.local/lib/python3.8/site-packages/airflow/example_dags/example_nested_branch_dag.py
[2024-02-14T16:14:47.436+0000] {processor.py:830} INFO - Processing file /home/airflow/.local/lib/python3.8/site-packages/airflow/example_dags/example_nested_branch_dag.py for tasks to queue
[2024-02-14T16:14:47.438+0000] {logging_mixin.py:188} INFO - [2024-02-14T16:14:47.438+0000] {dagbag.py:538} INFO - Filling up the DagBag from /home/airflow/.local/lib/python3.8/site-packages/airflow/example_dags/example_nested_branch_dag.py
[2024-02-14T16:14:47.444+0000] {processor.py:840} INFO - DAG(s) 'example_nested_branch_dag' retrieved from /home/airflow/.local/lib/python3.8/site-packages/airflow/example_dags/example_nested_branch_dag.py
[2024-02-14T16:14:47.457+0000] {logging_mixin.py:188} INFO - [2024-02-14T16:14:47.457+0000] {dag.py:3033} INFO - Sync 1 DAGs
[2024-02-14T16:14:47.469+0000] {logging_mixin.py:188} INFO - [2024-02-14T16:14:47.469+0000] {dag.py:3820} INFO - Setting next_dagrun for example_nested_branch_dag to 2024-02-13T00:00:00+00:00, run_after=2024-02-14T00:00:00+00:00
[2024-02-14T16:14:47.479+0000] {processor.py:183} INFO - Processing /home/airflow/.local/lib/python3.8/site-packages/airflow/example_dags/example_nested_branch_dag.py took 0.045 seconds
[2024-02-14T16:15:18.602+0000] {processor.py:161} INFO - Started process (PID=1447) to work on /home/airflow/.local/lib/python3.8/site-packages/airflow/example_dags/example_nested_branch_dag.py
[2024-02-14T16:15:18.602+0000] {processor.py:830} INFO - Processing file /home/airflow/.local/lib/python3.8/site-packages/airflow/example_dags/example_nested_branch_dag.py for tasks to queue
[2024-02-14T16:15:18.604+0000] {logging_mixin.py:188} INFO - [2024-02-14T16:15:18.603+0000] {dagbag.py:538} INFO - Filling up the DagBag from /home/airflow/.local/lib/python3.8/site-packages/airflow/example_dags/example_nested_branch_dag.py
[2024-02-14T16:15:18.609+0000] {processor.py:840} INFO - DAG(s) 'example_nested_branch_dag' retrieved from /home/airflow/.local/lib/python3.8/site-packages/airflow/example_dags/example_nested_branch_dag.py
[2024-02-14T16:15:18.622+0000] {logging_mixin.py:188} INFO - [2024-02-14T16:15:18.622+0000] {dag.py:3033} INFO - Sync 1 DAGs
[2024-02-14T16:15:18.633+0000] {logging_mixin.py:188} INFO - [2024-02-14T16:15:18.633+0000] {dag.py:3820} INFO - Setting next_dagrun for example_nested_branch_dag to 2024-02-13T00:00:00+00:00, run_after=2024-02-14T00:00:00+00:00
[2024-02-14T16:15:18.642+0000] {processor.py:183} INFO - Processing /home/airflow/.local/lib/python3.8/site-packages/airflow/example_dags/example_nested_branch_dag.py took 0.043 seconds
[2024-02-14T16:15:48.904+0000] {processor.py:161} INFO - Started process (PID=1503) to work on /home/airflow/.local/lib/python3.8/site-packages/airflow/example_dags/example_nested_branch_dag.py
[2024-02-14T16:15:48.905+0000] {processor.py:830} INFO - Processing file /home/airflow/.local/lib/python3.8/site-packages/airflow/example_dags/example_nested_branch_dag.py for tasks to queue
[2024-02-14T16:15:48.907+0000] {logging_mixin.py:188} INFO - [2024-02-14T16:15:48.906+0000] {dagbag.py:538} INFO - Filling up the DagBag from /home/airflow/.local/lib/python3.8/site-packages/airflow/example_dags/example_nested_branch_dag.py
[2024-02-14T16:15:48.913+0000] {processor.py:840} INFO - DAG(s) 'example_nested_branch_dag' retrieved from /home/airflow/.local/lib/python3.8/site-packages/airflow/example_dags/example_nested_branch_dag.py
[2024-02-14T16:15:48.925+0000] {logging_mixin.py:188} INFO - [2024-02-14T16:15:48.925+0000] {dag.py:3033} INFO - Sync 1 DAGs
[2024-02-14T16:15:48.937+0000] {logging_mixin.py:188} INFO - [2024-02-14T16:15:48.937+0000] {dag.py:3820} INFO - Setting next_dagrun for example_nested_branch_dag to 2024-02-13T00:00:00+00:00, run_after=2024-02-14T00:00:00+00:00
[2024-02-14T16:15:48.946+0000] {processor.py:183} INFO - Processing /home/airflow/.local/lib/python3.8/site-packages/airflow/example_dags/example_nested_branch_dag.py took 0.044 seconds
[2024-02-14T16:16:20.046+0000] {processor.py:161} INFO - Started process (PID=1560) to work on /home/airflow/.local/lib/python3.8/site-packages/airflow/example_dags/example_nested_branch_dag.py
[2024-02-14T16:16:20.047+0000] {processor.py:830} INFO - Processing file /home/airflow/.local/lib/python3.8/site-packages/airflow/example_dags/example_nested_branch_dag.py for tasks to queue
[2024-02-14T16:16:20.048+0000] {logging_mixin.py:188} INFO - [2024-02-14T16:16:20.048+0000] {dagbag.py:538} INFO - Filling up the DagBag from /home/airflow/.local/lib/python3.8/site-packages/airflow/example_dags/example_nested_branch_dag.py
[2024-02-14T16:16:20.055+0000] {processor.py:840} INFO - DAG(s) 'example_nested_branch_dag' retrieved from /home/airflow/.local/lib/python3.8/site-packages/airflow/example_dags/example_nested_branch_dag.py
[2024-02-14T16:16:20.068+0000] {logging_mixin.py:188} INFO - [2024-02-14T16:16:20.068+0000] {dag.py:3033} INFO - Sync 1 DAGs
[2024-02-14T16:16:20.081+0000] {logging_mixin.py:188} INFO - [2024-02-14T16:16:20.081+0000] {dag.py:3820} INFO - Setting next_dagrun for example_nested_branch_dag to 2024-02-13T00:00:00+00:00, run_after=2024-02-14T00:00:00+00:00
[2024-02-14T16:16:20.090+0000] {processor.py:183} INFO - Processing /home/airflow/.local/lib/python3.8/site-packages/airflow/example_dags/example_nested_branch_dag.py took 0.046 seconds
[2024-02-14T16:16:51.036+0000] {processor.py:161} INFO - Started process (PID=1617) to work on /home/airflow/.local/lib/python3.8/site-packages/airflow/example_dags/example_nested_branch_dag.py
[2024-02-14T16:16:51.037+0000] {processor.py:830} INFO - Processing file /home/airflow/.local/lib/python3.8/site-packages/airflow/example_dags/example_nested_branch_dag.py for tasks to queue
[2024-02-14T16:16:51.038+0000] {logging_mixin.py:188} INFO - [2024-02-14T16:16:51.038+0000] {dagbag.py:538} INFO - Filling up the DagBag from /home/airflow/.local/lib/python3.8/site-packages/airflow/example_dags/example_nested_branch_dag.py
[2024-02-14T16:16:51.044+0000] {processor.py:840} INFO - DAG(s) 'example_nested_branch_dag' retrieved from /home/airflow/.local/lib/python3.8/site-packages/airflow/example_dags/example_nested_branch_dag.py
[2024-02-14T16:16:51.056+0000] {logging_mixin.py:188} INFO - [2024-02-14T16:16:51.056+0000] {dag.py:3033} INFO - Sync 1 DAGs
[2024-02-14T16:16:51.068+0000] {logging_mixin.py:188} INFO - [2024-02-14T16:16:51.068+0000] {dag.py:3820} INFO - Setting next_dagrun for example_nested_branch_dag to 2024-02-13T00:00:00+00:00, run_after=2024-02-14T00:00:00+00:00
[2024-02-14T16:16:51.077+0000] {processor.py:183} INFO - Processing /home/airflow/.local/lib/python3.8/site-packages/airflow/example_dags/example_nested_branch_dag.py took 0.044 seconds
[2024-02-14T16:17:21.352+0000] {processor.py:161} INFO - Started process (PID=1674) to work on /home/airflow/.local/lib/python3.8/site-packages/airflow/example_dags/example_nested_branch_dag.py
[2024-02-14T16:17:21.352+0000] {processor.py:830} INFO - Processing file /home/airflow/.local/lib/python3.8/site-packages/airflow/example_dags/example_nested_branch_dag.py for tasks to queue
[2024-02-14T16:17:21.354+0000] {logging_mixin.py:188} INFO - [2024-02-14T16:17:21.354+0000] {dagbag.py:538} INFO - Filling up the DagBag from /home/airflow/.local/lib/python3.8/site-packages/airflow/example_dags/example_nested_branch_dag.py
[2024-02-14T16:17:21.360+0000] {processor.py:840} INFO - DAG(s) 'example_nested_branch_dag' retrieved from /home/airflow/.local/lib/python3.8/site-packages/airflow/example_dags/example_nested_branch_dag.py
[2024-02-14T16:17:21.372+0000] {logging_mixin.py:188} INFO - [2024-02-14T16:17:21.372+0000] {dag.py:3033} INFO - Sync 1 DAGs
[2024-02-14T16:17:21.384+0000] {logging_mixin.py:188} INFO - [2024-02-14T16:17:21.384+0000] {dag.py:3820} INFO - Setting next_dagrun for example_nested_branch_dag to 2024-02-13T00:00:00+00:00, run_after=2024-02-14T00:00:00+00:00
[2024-02-14T16:17:21.393+0000] {processor.py:183} INFO - Processing /home/airflow/.local/lib/python3.8/site-packages/airflow/example_dags/example_nested_branch_dag.py took 0.044 seconds
[2024-02-14T16:17:51.552+0000] {processor.py:161} INFO - Started process (PID=1731) to work on /home/airflow/.local/lib/python3.8/site-packages/airflow/example_dags/example_nested_branch_dag.py
[2024-02-14T16:17:51.553+0000] {processor.py:830} INFO - Processing file /home/airflow/.local/lib/python3.8/site-packages/airflow/example_dags/example_nested_branch_dag.py for tasks to queue
[2024-02-14T16:17:51.554+0000] {logging_mixin.py:188} INFO - [2024-02-14T16:17:51.554+0000] {dagbag.py:538} INFO - Filling up the DagBag from /home/airflow/.local/lib/python3.8/site-packages/airflow/example_dags/example_nested_branch_dag.py
[2024-02-14T16:17:51.560+0000] {processor.py:840} INFO - DAG(s) 'example_nested_branch_dag' retrieved from /home/airflow/.local/lib/python3.8/site-packages/airflow/example_dags/example_nested_branch_dag.py
[2024-02-14T16:17:51.571+0000] {logging_mixin.py:188} INFO - [2024-02-14T16:17:51.571+0000] {dag.py:3033} INFO - Sync 1 DAGs
[2024-02-14T16:17:51.582+0000] {logging_mixin.py:188} INFO - [2024-02-14T16:17:51.582+0000] {dag.py:3820} INFO - Setting next_dagrun for example_nested_branch_dag to 2024-02-13T00:00:00+00:00, run_after=2024-02-14T00:00:00+00:00
[2024-02-14T16:17:51.590+0000] {processor.py:183} INFO - Processing /home/airflow/.local/lib/python3.8/site-packages/airflow/example_dags/example_nested_branch_dag.py took 0.040 seconds
[2024-02-14T16:18:21.791+0000] {processor.py:161} INFO - Started process (PID=1788) to work on /home/airflow/.local/lib/python3.8/site-packages/airflow/example_dags/example_nested_branch_dag.py
[2024-02-14T16:18:21.792+0000] {processor.py:830} INFO - Processing file /home/airflow/.local/lib/python3.8/site-packages/airflow/example_dags/example_nested_branch_dag.py for tasks to queue
[2024-02-14T16:18:21.793+0000] {logging_mixin.py:188} INFO - [2024-02-14T16:18:21.793+0000] {dagbag.py:538} INFO - Filling up the DagBag from /home/airflow/.local/lib/python3.8/site-packages/airflow/example_dags/example_nested_branch_dag.py
[2024-02-14T16:18:21.799+0000] {processor.py:840} INFO - DAG(s) 'example_nested_branch_dag' retrieved from /home/airflow/.local/lib/python3.8/site-packages/airflow/example_dags/example_nested_branch_dag.py
[2024-02-14T16:18:21.812+0000] {logging_mixin.py:188} INFO - [2024-02-14T16:18:21.811+0000] {dag.py:3033} INFO - Sync 1 DAGs
[2024-02-14T16:18:21.823+0000] {logging_mixin.py:188} INFO - [2024-02-14T16:18:21.823+0000] {dag.py:3820} INFO - Setting next_dagrun for example_nested_branch_dag to 2024-02-13T00:00:00+00:00, run_after=2024-02-14T00:00:00+00:00
[2024-02-14T16:18:21.832+0000] {processor.py:183} INFO - Processing /home/airflow/.local/lib/python3.8/site-packages/airflow/example_dags/example_nested_branch_dag.py took 0.044 seconds
[2024-02-14T16:18:52.030+0000] {processor.py:161} INFO - Started process (PID=1845) to work on /home/airflow/.local/lib/python3.8/site-packages/airflow/example_dags/example_nested_branch_dag.py
[2024-02-14T16:18:52.031+0000] {processor.py:830} INFO - Processing file /home/airflow/.local/lib/python3.8/site-packages/airflow/example_dags/example_nested_branch_dag.py for tasks to queue
[2024-02-14T16:18:52.032+0000] {logging_mixin.py:188} INFO - [2024-02-14T16:18:52.032+0000] {dagbag.py:538} INFO - Filling up the DagBag from /home/airflow/.local/lib/python3.8/site-packages/airflow/example_dags/example_nested_branch_dag.py
[2024-02-14T16:18:52.038+0000] {processor.py:840} INFO - DAG(s) 'example_nested_branch_dag' retrieved from /home/airflow/.local/lib/python3.8/site-packages/airflow/example_dags/example_nested_branch_dag.py
[2024-02-14T16:18:52.051+0000] {logging_mixin.py:188} INFO - [2024-02-14T16:18:52.051+0000] {dag.py:3033} INFO - Sync 1 DAGs
[2024-02-14T16:18:52.063+0000] {logging_mixin.py:188} INFO - [2024-02-14T16:18:52.063+0000] {dag.py:3820} INFO - Setting next_dagrun for example_nested_branch_dag to 2024-02-13T00:00:00+00:00, run_after=2024-02-14T00:00:00+00:00
[2024-02-14T16:18:52.073+0000] {processor.py:183} INFO - Processing /home/airflow/.local/lib/python3.8/site-packages/airflow/example_dags/example_nested_branch_dag.py took 0.045 seconds
[2024-02-14T16:19:22.434+0000] {processor.py:161} INFO - Started process (PID=1902) to work on /home/airflow/.local/lib/python3.8/site-packages/airflow/example_dags/example_nested_branch_dag.py
[2024-02-14T16:19:22.435+0000] {processor.py:830} INFO - Processing file /home/airflow/.local/lib/python3.8/site-packages/airflow/example_dags/example_nested_branch_dag.py for tasks to queue
[2024-02-14T16:19:22.436+0000] {logging_mixin.py:188} INFO - [2024-02-14T16:19:22.436+0000] {dagbag.py:538} INFO - Filling up the DagBag from /home/airflow/.local/lib/python3.8/site-packages/airflow/example_dags/example_nested_branch_dag.py
[2024-02-14T16:19:22.442+0000] {processor.py:840} INFO - DAG(s) 'example_nested_branch_dag' retrieved from /home/airflow/.local/lib/python3.8/site-packages/airflow/example_dags/example_nested_branch_dag.py
[2024-02-14T16:19:22.456+0000] {logging_mixin.py:188} INFO - [2024-02-14T16:19:22.456+0000] {dag.py:3033} INFO - Sync 1 DAGs
[2024-02-14T16:19:22.469+0000] {logging_mixin.py:188} INFO - [2024-02-14T16:19:22.469+0000] {dag.py:3820} INFO - Setting next_dagrun for example_nested_branch_dag to 2024-02-13T00:00:00+00:00, run_after=2024-02-14T00:00:00+00:00
[2024-02-14T16:19:22.480+0000] {processor.py:183} INFO - Processing /home/airflow/.local/lib/python3.8/site-packages/airflow/example_dags/example_nested_branch_dag.py took 0.048 seconds
[2024-02-14T16:19:52.618+0000] {processor.py:161} INFO - Started process (PID=1959) to work on /home/airflow/.local/lib/python3.8/site-packages/airflow/example_dags/example_nested_branch_dag.py
[2024-02-14T16:19:52.619+0000] {processor.py:830} INFO - Processing file /home/airflow/.local/lib/python3.8/site-packages/airflow/example_dags/example_nested_branch_dag.py for tasks to queue
[2024-02-14T16:19:52.620+0000] {logging_mixin.py:188} INFO - [2024-02-14T16:19:52.620+0000] {dagbag.py:538} INFO - Filling up the DagBag from /home/airflow/.local/lib/python3.8/site-packages/airflow/example_dags/example_nested_branch_dag.py
[2024-02-14T16:19:52.626+0000] {processor.py:840} INFO - DAG(s) 'example_nested_branch_dag' retrieved from /home/airflow/.local/lib/python3.8/site-packages/airflow/example_dags/example_nested_branch_dag.py
[2024-02-14T16:19:52.638+0000] {logging_mixin.py:188} INFO - [2024-02-14T16:19:52.638+0000] {dag.py:3033} INFO - Sync 1 DAGs
[2024-02-14T16:19:52.650+0000] {logging_mixin.py:188} INFO - [2024-02-14T16:19:52.650+0000] {dag.py:3820} INFO - Setting next_dagrun for example_nested_branch_dag to 2024-02-13T00:00:00+00:00, run_after=2024-02-14T00:00:00+00:00
[2024-02-14T16:19:52.659+0000] {processor.py:183} INFO - Processing /home/airflow/.local/lib/python3.8/site-packages/airflow/example_dags/example_nested_branch_dag.py took 0.044 seconds
[2024-02-14T16:20:22.824+0000] {processor.py:161} INFO - Started process (PID=2016) to work on /home/airflow/.local/lib/python3.8/site-packages/airflow/example_dags/example_nested_branch_dag.py
[2024-02-14T16:20:22.825+0000] {processor.py:830} INFO - Processing file /home/airflow/.local/lib/python3.8/site-packages/airflow/example_dags/example_nested_branch_dag.py for tasks to queue
[2024-02-14T16:20:22.827+0000] {logging_mixin.py:188} INFO - [2024-02-14T16:20:22.826+0000] {dagbag.py:538} INFO - Filling up the DagBag from /home/airflow/.local/lib/python3.8/site-packages/airflow/example_dags/example_nested_branch_dag.py
[2024-02-14T16:20:22.832+0000] {processor.py:840} INFO - DAG(s) 'example_nested_branch_dag' retrieved from /home/airflow/.local/lib/python3.8/site-packages/airflow/example_dags/example_nested_branch_dag.py
[2024-02-14T16:20:22.845+0000] {logging_mixin.py:188} INFO - [2024-02-14T16:20:22.845+0000] {dag.py:3033} INFO - Sync 1 DAGs
[2024-02-14T16:20:22.857+0000] {logging_mixin.py:188} INFO - [2024-02-14T16:20:22.856+0000] {dag.py:3820} INFO - Setting next_dagrun for example_nested_branch_dag to 2024-02-13T00:00:00+00:00, run_after=2024-02-14T00:00:00+00:00
[2024-02-14T16:20:22.866+0000] {processor.py:183} INFO - Processing /home/airflow/.local/lib/python3.8/site-packages/airflow/example_dags/example_nested_branch_dag.py took 0.044 seconds
[2024-02-14T16:20:53.149+0000] {processor.py:161} INFO - Started process (PID=2073) to work on /home/airflow/.local/lib/python3.8/site-packages/airflow/example_dags/example_nested_branch_dag.py
[2024-02-14T16:20:53.150+0000] {processor.py:830} INFO - Processing file /home/airflow/.local/lib/python3.8/site-packages/airflow/example_dags/example_nested_branch_dag.py for tasks to queue
[2024-02-14T16:20:53.152+0000] {logging_mixin.py:188} INFO - [2024-02-14T16:20:53.151+0000] {dagbag.py:538} INFO - Filling up the DagBag from /home/airflow/.local/lib/python3.8/site-packages/airflow/example_dags/example_nested_branch_dag.py
[2024-02-14T16:20:53.158+0000] {processor.py:840} INFO - DAG(s) 'example_nested_branch_dag' retrieved from /home/airflow/.local/lib/python3.8/site-packages/airflow/example_dags/example_nested_branch_dag.py
[2024-02-14T16:20:53.173+0000] {logging_mixin.py:188} INFO - [2024-02-14T16:20:53.173+0000] {dag.py:3033} INFO - Sync 1 DAGs
[2024-02-14T16:20:53.188+0000] {logging_mixin.py:188} INFO - [2024-02-14T16:20:53.188+0000] {dag.py:3820} INFO - Setting next_dagrun for example_nested_branch_dag to 2024-02-13T00:00:00+00:00, run_after=2024-02-14T00:00:00+00:00
[2024-02-14T16:20:53.200+0000] {processor.py:183} INFO - Processing /home/airflow/.local/lib/python3.8/site-packages/airflow/example_dags/example_nested_branch_dag.py took 0.054 seconds
[2024-02-14T16:21:23.620+0000] {processor.py:161} INFO - Started process (PID=2130) to work on /home/airflow/.local/lib/python3.8/site-packages/airflow/example_dags/example_nested_branch_dag.py
[2024-02-14T16:21:23.621+0000] {processor.py:830} INFO - Processing file /home/airflow/.local/lib/python3.8/site-packages/airflow/example_dags/example_nested_branch_dag.py for tasks to queue
[2024-02-14T16:21:23.623+0000] {logging_mixin.py:188} INFO - [2024-02-14T16:21:23.622+0000] {dagbag.py:538} INFO - Filling up the DagBag from /home/airflow/.local/lib/python3.8/site-packages/airflow/example_dags/example_nested_branch_dag.py
[2024-02-14T16:21:23.629+0000] {processor.py:840} INFO - DAG(s) 'example_nested_branch_dag' retrieved from /home/airflow/.local/lib/python3.8/site-packages/airflow/example_dags/example_nested_branch_dag.py
[2024-02-14T16:21:23.642+0000] {logging_mixin.py:188} INFO - [2024-02-14T16:21:23.642+0000] {dag.py:3033} INFO - Sync 1 DAGs
[2024-02-14T16:21:23.655+0000] {logging_mixin.py:188} INFO - [2024-02-14T16:21:23.655+0000] {dag.py:3820} INFO - Setting next_dagrun for example_nested_branch_dag to 2024-02-13T00:00:00+00:00, run_after=2024-02-14T00:00:00+00:00
[2024-02-14T16:21:23.665+0000] {processor.py:183} INFO - Processing /home/airflow/.local/lib/python3.8/site-packages/airflow/example_dags/example_nested_branch_dag.py took 0.047 seconds
[2024-02-14T16:21:54.068+0000] {processor.py:161} INFO - Started process (PID=2186) to work on /home/airflow/.local/lib/python3.8/site-packages/airflow/example_dags/example_nested_branch_dag.py
[2024-02-14T16:21:54.069+0000] {processor.py:830} INFO - Processing file /home/airflow/.local/lib/python3.8/site-packages/airflow/example_dags/example_nested_branch_dag.py for tasks to queue
[2024-02-14T16:21:54.070+0000] {logging_mixin.py:188} INFO - [2024-02-14T16:21:54.070+0000] {dagbag.py:538} INFO - Filling up the DagBag from /home/airflow/.local/lib/python3.8/site-packages/airflow/example_dags/example_nested_branch_dag.py
[2024-02-14T16:21:54.076+0000] {processor.py:840} INFO - DAG(s) 'example_nested_branch_dag' retrieved from /home/airflow/.local/lib/python3.8/site-packages/airflow/example_dags/example_nested_branch_dag.py
[2024-02-14T16:21:54.090+0000] {logging_mixin.py:188} INFO - [2024-02-14T16:21:54.089+0000] {dag.py:3033} INFO - Sync 1 DAGs
[2024-02-14T16:21:54.102+0000] {logging_mixin.py:188} INFO - [2024-02-14T16:21:54.102+0000] {dag.py:3820} INFO - Setting next_dagrun for example_nested_branch_dag to 2024-02-13T00:00:00+00:00, run_after=2024-02-14T00:00:00+00:00
[2024-02-14T16:21:54.111+0000] {processor.py:183} INFO - Processing /home/airflow/.local/lib/python3.8/site-packages/airflow/example_dags/example_nested_branch_dag.py took 0.045 seconds
[2024-02-14T16:22:25.157+0000] {processor.py:161} INFO - Started process (PID=2243) to work on /home/airflow/.local/lib/python3.8/site-packages/airflow/example_dags/example_nested_branch_dag.py
[2024-02-14T16:22:25.158+0000] {processor.py:830} INFO - Processing file /home/airflow/.local/lib/python3.8/site-packages/airflow/example_dags/example_nested_branch_dag.py for tasks to queue
[2024-02-14T16:22:25.160+0000] {logging_mixin.py:188} INFO - [2024-02-14T16:22:25.160+0000] {dagbag.py:538} INFO - Filling up the DagBag from /home/airflow/.local/lib/python3.8/site-packages/airflow/example_dags/example_nested_branch_dag.py
[2024-02-14T16:22:25.166+0000] {processor.py:840} INFO - DAG(s) 'example_nested_branch_dag' retrieved from /home/airflow/.local/lib/python3.8/site-packages/airflow/example_dags/example_nested_branch_dag.py
[2024-02-14T16:22:25.180+0000] {logging_mixin.py:188} INFO - [2024-02-14T16:22:25.180+0000] {dag.py:3033} INFO - Sync 1 DAGs
[2024-02-14T16:22:25.192+0000] {logging_mixin.py:188} INFO - [2024-02-14T16:22:25.192+0000] {dag.py:3820} INFO - Setting next_dagrun for example_nested_branch_dag to 2024-02-13T00:00:00+00:00, run_after=2024-02-14T00:00:00+00:00
[2024-02-14T16:22:25.202+0000] {processor.py:183} INFO - Processing /home/airflow/.local/lib/python3.8/site-packages/airflow/example_dags/example_nested_branch_dag.py took 0.047 seconds
[2024-02-14T16:22:55.362+0000] {processor.py:161} INFO - Started process (PID=2300) to work on /home/airflow/.local/lib/python3.8/site-packages/airflow/example_dags/example_nested_branch_dag.py
[2024-02-14T16:22:55.362+0000] {processor.py:830} INFO - Processing file /home/airflow/.local/lib/python3.8/site-packages/airflow/example_dags/example_nested_branch_dag.py for tasks to queue
[2024-02-14T16:22:55.364+0000] {logging_mixin.py:188} INFO - [2024-02-14T16:22:55.364+0000] {dagbag.py:538} INFO - Filling up the DagBag from /home/airflow/.local/lib/python3.8/site-packages/airflow/example_dags/example_nested_branch_dag.py
[2024-02-14T16:22:55.370+0000] {processor.py:840} INFO - DAG(s) 'example_nested_branch_dag' retrieved from /home/airflow/.local/lib/python3.8/site-packages/airflow/example_dags/example_nested_branch_dag.py
[2024-02-14T16:22:55.479+0000] {logging_mixin.py:188} INFO - [2024-02-14T16:22:55.479+0000] {dag.py:3033} INFO - Sync 1 DAGs
[2024-02-14T16:22:55.491+0000] {logging_mixin.py:188} INFO - [2024-02-14T16:22:55.491+0000] {dag.py:3820} INFO - Setting next_dagrun for example_nested_branch_dag to 2024-02-13T00:00:00+00:00, run_after=2024-02-14T00:00:00+00:00
[2024-02-14T16:22:55.500+0000] {processor.py:183} INFO - Processing /home/airflow/.local/lib/python3.8/site-packages/airflow/example_dags/example_nested_branch_dag.py took 0.141 seconds
[2024-02-14T16:23:25.633+0000] {processor.py:161} INFO - Started process (PID=2357) to work on /home/airflow/.local/lib/python3.8/site-packages/airflow/example_dags/example_nested_branch_dag.py
[2024-02-14T16:23:25.633+0000] {processor.py:830} INFO - Processing file /home/airflow/.local/lib/python3.8/site-packages/airflow/example_dags/example_nested_branch_dag.py for tasks to queue
[2024-02-14T16:23:25.635+0000] {logging_mixin.py:188} INFO - [2024-02-14T16:23:25.635+0000] {dagbag.py:538} INFO - Filling up the DagBag from /home/airflow/.local/lib/python3.8/site-packages/airflow/example_dags/example_nested_branch_dag.py
[2024-02-14T16:23:25.641+0000] {processor.py:840} INFO - DAG(s) 'example_nested_branch_dag' retrieved from /home/airflow/.local/lib/python3.8/site-packages/airflow/example_dags/example_nested_branch_dag.py
[2024-02-14T16:23:25.654+0000] {logging_mixin.py:188} INFO - [2024-02-14T16:23:25.654+0000] {dag.py:3033} INFO - Sync 1 DAGs
[2024-02-14T16:23:25.665+0000] {logging_mixin.py:188} INFO - [2024-02-14T16:23:25.665+0000] {dag.py:3820} INFO - Setting next_dagrun for example_nested_branch_dag to 2024-02-13T00:00:00+00:00, run_after=2024-02-14T00:00:00+00:00
[2024-02-14T16:23:25.675+0000] {processor.py:183} INFO - Processing /home/airflow/.local/lib/python3.8/site-packages/airflow/example_dags/example_nested_branch_dag.py took 0.044 seconds
[2024-02-14T16:23:55.877+0000] {processor.py:161} INFO - Started process (PID=2414) to work on /home/airflow/.local/lib/python3.8/site-packages/airflow/example_dags/example_nested_branch_dag.py
[2024-02-14T16:23:55.877+0000] {processor.py:830} INFO - Processing file /home/airflow/.local/lib/python3.8/site-packages/airflow/example_dags/example_nested_branch_dag.py for tasks to queue
[2024-02-14T16:23:55.879+0000] {logging_mixin.py:188} INFO - [2024-02-14T16:23:55.879+0000] {dagbag.py:538} INFO - Filling up the DagBag from /home/airflow/.local/lib/python3.8/site-packages/airflow/example_dags/example_nested_branch_dag.py
[2024-02-14T16:23:55.885+0000] {processor.py:840} INFO - DAG(s) 'example_nested_branch_dag' retrieved from /home/airflow/.local/lib/python3.8/site-packages/airflow/example_dags/example_nested_branch_dag.py
[2024-02-14T16:23:55.899+0000] {logging_mixin.py:188} INFO - [2024-02-14T16:23:55.898+0000] {dag.py:3033} INFO - Sync 1 DAGs
[2024-02-14T16:23:55.913+0000] {logging_mixin.py:188} INFO - [2024-02-14T16:23:55.913+0000] {dag.py:3820} INFO - Setting next_dagrun for example_nested_branch_dag to 2024-02-13T00:00:00+00:00, run_after=2024-02-14T00:00:00+00:00
[2024-02-14T16:23:55.922+0000] {processor.py:183} INFO - Processing /home/airflow/.local/lib/python3.8/site-packages/airflow/example_dags/example_nested_branch_dag.py took 0.048 seconds
[2024-02-14T16:24:26.108+0000] {processor.py:161} INFO - Started process (PID=2471) to work on /home/airflow/.local/lib/python3.8/site-packages/airflow/example_dags/example_nested_branch_dag.py
[2024-02-14T16:24:26.108+0000] {processor.py:830} INFO - Processing file /home/airflow/.local/lib/python3.8/site-packages/airflow/example_dags/example_nested_branch_dag.py for tasks to queue
[2024-02-14T16:24:26.110+0000] {logging_mixin.py:188} INFO - [2024-02-14T16:24:26.110+0000] {dagbag.py:538} INFO - Filling up the DagBag from /home/airflow/.local/lib/python3.8/site-packages/airflow/example_dags/example_nested_branch_dag.py
[2024-02-14T16:24:26.116+0000] {processor.py:840} INFO - DAG(s) 'example_nested_branch_dag' retrieved from /home/airflow/.local/lib/python3.8/site-packages/airflow/example_dags/example_nested_branch_dag.py
[2024-02-14T16:24:26.129+0000] {logging_mixin.py:188} INFO - [2024-02-14T16:24:26.129+0000] {dag.py:3033} INFO - Sync 1 DAGs
[2024-02-14T16:24:26.142+0000] {logging_mixin.py:188} INFO - [2024-02-14T16:24:26.141+0000] {dag.py:3820} INFO - Setting next_dagrun for example_nested_branch_dag to 2024-02-13T00:00:00+00:00, run_after=2024-02-14T00:00:00+00:00
[2024-02-14T16:24:26.150+0000] {processor.py:183} INFO - Processing /home/airflow/.local/lib/python3.8/site-packages/airflow/example_dags/example_nested_branch_dag.py took 0.045 seconds
