[2024-02-14T16:03:07.897+0000] {processor.py:161} INFO - Started process (PID=69) to work on /home/airflow/.local/lib/python3.8/site-packages/airflow/example_dags/example_complex.py
[2024-02-14T16:03:07.898+0000] {processor.py:830} INFO - Processing file /home/airflow/.local/lib/python3.8/site-packages/airflow/example_dags/example_complex.py for tasks to queue
[2024-02-14T16:03:07.900+0000] {logging_mixin.py:188} INFO - [2024-02-14T16:03:07.900+0000] {dagbag.py:538} INFO - Filling up the DagBag from /home/airflow/.local/lib/python3.8/site-packages/airflow/example_dags/example_complex.py
[2024-02-14T16:03:07.910+0000] {processor.py:840} INFO - DAG(s) 'example_complex' retrieved from /home/airflow/.local/lib/python3.8/site-packages/airflow/example_dags/example_complex.py
[2024-02-14T16:03:07.920+0000] {logging_mixin.py:188} INFO - [2024-02-14T16:03:07.920+0000] {dag.py:3033} INFO - Sync 1 DAGs
[2024-02-14T16:03:07.929+0000] {logging_mixin.py:188} INFO - [2024-02-14T16:03:07.929+0000] {dag.py:3820} INFO - Setting next_dagrun for example_complex to None, run_after=None
[2024-02-14T16:03:07.941+0000] {processor.py:183} INFO - Processing /home/airflow/.local/lib/python3.8/site-packages/airflow/example_dags/example_complex.py took 0.048 seconds
[2024-02-14T16:03:38.299+0000] {processor.py:161} INFO - Started process (PID=126) to work on /home/airflow/.local/lib/python3.8/site-packages/airflow/example_dags/example_complex.py
[2024-02-14T16:03:38.299+0000] {processor.py:830} INFO - Processing file /home/airflow/.local/lib/python3.8/site-packages/airflow/example_dags/example_complex.py for tasks to queue
[2024-02-14T16:03:38.301+0000] {logging_mixin.py:188} INFO - [2024-02-14T16:03:38.300+0000] {dagbag.py:538} INFO - Filling up the DagBag from /home/airflow/.local/lib/python3.8/site-packages/airflow/example_dags/example_complex.py
[2024-02-14T16:03:38.307+0000] {processor.py:840} INFO - DAG(s) 'example_complex' retrieved from /home/airflow/.local/lib/python3.8/site-packages/airflow/example_dags/example_complex.py
[2024-02-14T16:03:38.359+0000] {logging_mixin.py:188} INFO - [2024-02-14T16:03:38.359+0000] {dag.py:3033} INFO - Sync 1 DAGs
[2024-02-14T16:03:38.366+0000] {logging_mixin.py:188} INFO - [2024-02-14T16:03:38.365+0000] {dag.py:3820} INFO - Setting next_dagrun for example_complex to None, run_after=None
[2024-02-14T16:03:38.376+0000] {processor.py:183} INFO - Processing /home/airflow/.local/lib/python3.8/site-packages/airflow/example_dags/example_complex.py took 0.079 seconds
[2024-02-14T16:04:08.846+0000] {processor.py:161} INFO - Started process (PID=183) to work on /home/airflow/.local/lib/python3.8/site-packages/airflow/example_dags/example_complex.py
[2024-02-14T16:04:08.847+0000] {processor.py:830} INFO - Processing file /home/airflow/.local/lib/python3.8/site-packages/airflow/example_dags/example_complex.py for tasks to queue
[2024-02-14T16:04:08.849+0000] {logging_mixin.py:188} INFO - [2024-02-14T16:04:08.848+0000] {dagbag.py:538} INFO - Filling up the DagBag from /home/airflow/.local/lib/python3.8/site-packages/airflow/example_dags/example_complex.py
[2024-02-14T16:04:08.855+0000] {processor.py:840} INFO - DAG(s) 'example_complex' retrieved from /home/airflow/.local/lib/python3.8/site-packages/airflow/example_dags/example_complex.py
[2024-02-14T16:04:08.872+0000] {logging_mixin.py:188} INFO - [2024-02-14T16:04:08.872+0000] {dag.py:3033} INFO - Sync 1 DAGs
[2024-02-14T16:04:08.879+0000] {logging_mixin.py:188} INFO - [2024-02-14T16:04:08.879+0000] {dag.py:3820} INFO - Setting next_dagrun for example_complex to None, run_after=None
[2024-02-14T16:04:08.889+0000] {processor.py:183} INFO - Processing /home/airflow/.local/lib/python3.8/site-packages/airflow/example_dags/example_complex.py took 0.046 seconds
[2024-02-14T16:04:39.195+0000] {processor.py:161} INFO - Started process (PID=240) to work on /home/airflow/.local/lib/python3.8/site-packages/airflow/example_dags/example_complex.py
[2024-02-14T16:04:39.196+0000] {processor.py:830} INFO - Processing file /home/airflow/.local/lib/python3.8/site-packages/airflow/example_dags/example_complex.py for tasks to queue
[2024-02-14T16:04:39.198+0000] {logging_mixin.py:188} INFO - [2024-02-14T16:04:39.198+0000] {dagbag.py:538} INFO - Filling up the DagBag from /home/airflow/.local/lib/python3.8/site-packages/airflow/example_dags/example_complex.py
[2024-02-14T16:04:39.204+0000] {processor.py:840} INFO - DAG(s) 'example_complex' retrieved from /home/airflow/.local/lib/python3.8/site-packages/airflow/example_dags/example_complex.py
[2024-02-14T16:04:39.221+0000] {logging_mixin.py:188} INFO - [2024-02-14T16:04:39.221+0000] {dag.py:3033} INFO - Sync 1 DAGs
[2024-02-14T16:04:39.227+0000] {logging_mixin.py:188} INFO - [2024-02-14T16:04:39.227+0000] {dag.py:3820} INFO - Setting next_dagrun for example_complex to None, run_after=None
[2024-02-14T16:04:39.237+0000] {processor.py:183} INFO - Processing /home/airflow/.local/lib/python3.8/site-packages/airflow/example_dags/example_complex.py took 0.044 seconds
[2024-02-14T16:05:09.417+0000] {processor.py:161} INFO - Started process (PID=297) to work on /home/airflow/.local/lib/python3.8/site-packages/airflow/example_dags/example_complex.py
[2024-02-14T16:05:09.418+0000] {processor.py:830} INFO - Processing file /home/airflow/.local/lib/python3.8/site-packages/airflow/example_dags/example_complex.py for tasks to queue
[2024-02-14T16:05:09.419+0000] {logging_mixin.py:188} INFO - [2024-02-14T16:05:09.419+0000] {dagbag.py:538} INFO - Filling up the DagBag from /home/airflow/.local/lib/python3.8/site-packages/airflow/example_dags/example_complex.py
[2024-02-14T16:05:09.426+0000] {processor.py:840} INFO - DAG(s) 'example_complex' retrieved from /home/airflow/.local/lib/python3.8/site-packages/airflow/example_dags/example_complex.py
[2024-02-14T16:05:09.443+0000] {logging_mixin.py:188} INFO - [2024-02-14T16:05:09.443+0000] {dag.py:3033} INFO - Sync 1 DAGs
[2024-02-14T16:05:09.451+0000] {logging_mixin.py:188} INFO - [2024-02-14T16:05:09.451+0000] {dag.py:3820} INFO - Setting next_dagrun for example_complex to None, run_after=None
[2024-02-14T16:05:09.461+0000] {processor.py:183} INFO - Processing /home/airflow/.local/lib/python3.8/site-packages/airflow/example_dags/example_complex.py took 0.047 seconds
[2024-02-14T16:05:39.536+0000] {processor.py:161} INFO - Started process (PID=354) to work on /home/airflow/.local/lib/python3.8/site-packages/airflow/example_dags/example_complex.py
[2024-02-14T16:05:39.537+0000] {processor.py:830} INFO - Processing file /home/airflow/.local/lib/python3.8/site-packages/airflow/example_dags/example_complex.py for tasks to queue
[2024-02-14T16:05:39.539+0000] {logging_mixin.py:188} INFO - [2024-02-14T16:05:39.539+0000] {dagbag.py:538} INFO - Filling up the DagBag from /home/airflow/.local/lib/python3.8/site-packages/airflow/example_dags/example_complex.py
[2024-02-14T16:05:39.547+0000] {processor.py:840} INFO - DAG(s) 'example_complex' retrieved from /home/airflow/.local/lib/python3.8/site-packages/airflow/example_dags/example_complex.py
[2024-02-14T16:05:39.565+0000] {logging_mixin.py:188} INFO - [2024-02-14T16:05:39.565+0000] {dag.py:3033} INFO - Sync 1 DAGs
[2024-02-14T16:05:39.572+0000] {logging_mixin.py:188} INFO - [2024-02-14T16:05:39.572+0000] {dag.py:3820} INFO - Setting next_dagrun for example_complex to None, run_after=None
[2024-02-14T16:05:39.582+0000] {processor.py:183} INFO - Processing /home/airflow/.local/lib/python3.8/site-packages/airflow/example_dags/example_complex.py took 0.048 seconds
[2024-02-14T16:06:09.755+0000] {processor.py:161} INFO - Started process (PID=411) to work on /home/airflow/.local/lib/python3.8/site-packages/airflow/example_dags/example_complex.py
[2024-02-14T16:06:09.756+0000] {processor.py:830} INFO - Processing file /home/airflow/.local/lib/python3.8/site-packages/airflow/example_dags/example_complex.py for tasks to queue
[2024-02-14T16:06:09.757+0000] {logging_mixin.py:188} INFO - [2024-02-14T16:06:09.757+0000] {dagbag.py:538} INFO - Filling up the DagBag from /home/airflow/.local/lib/python3.8/site-packages/airflow/example_dags/example_complex.py
[2024-02-14T16:06:09.763+0000] {processor.py:840} INFO - DAG(s) 'example_complex' retrieved from /home/airflow/.local/lib/python3.8/site-packages/airflow/example_dags/example_complex.py
[2024-02-14T16:06:09.779+0000] {logging_mixin.py:188} INFO - [2024-02-14T16:06:09.779+0000] {dag.py:3033} INFO - Sync 1 DAGs
[2024-02-14T16:06:09.786+0000] {logging_mixin.py:188} INFO - [2024-02-14T16:06:09.786+0000] {dag.py:3820} INFO - Setting next_dagrun for example_complex to None, run_after=None
[2024-02-14T16:06:09.796+0000] {processor.py:183} INFO - Processing /home/airflow/.local/lib/python3.8/site-packages/airflow/example_dags/example_complex.py took 0.043 seconds
[2024-02-14T16:06:39.863+0000] {processor.py:161} INFO - Started process (PID=468) to work on /home/airflow/.local/lib/python3.8/site-packages/airflow/example_dags/example_complex.py
[2024-02-14T16:06:39.863+0000] {processor.py:830} INFO - Processing file /home/airflow/.local/lib/python3.8/site-packages/airflow/example_dags/example_complex.py for tasks to queue
[2024-02-14T16:06:39.865+0000] {logging_mixin.py:188} INFO - [2024-02-14T16:06:39.864+0000] {dagbag.py:538} INFO - Filling up the DagBag from /home/airflow/.local/lib/python3.8/site-packages/airflow/example_dags/example_complex.py
[2024-02-14T16:06:39.871+0000] {processor.py:840} INFO - DAG(s) 'example_complex' retrieved from /home/airflow/.local/lib/python3.8/site-packages/airflow/example_dags/example_complex.py
[2024-02-14T16:06:39.891+0000] {logging_mixin.py:188} INFO - [2024-02-14T16:06:39.891+0000] {dag.py:3033} INFO - Sync 1 DAGs
[2024-02-14T16:06:39.898+0000] {logging_mixin.py:188} INFO - [2024-02-14T16:06:39.897+0000] {dag.py:3820} INFO - Setting next_dagrun for example_complex to None, run_after=None
[2024-02-14T16:06:39.909+0000] {processor.py:183} INFO - Processing /home/airflow/.local/lib/python3.8/site-packages/airflow/example_dags/example_complex.py took 0.049 seconds
[2024-02-14T16:07:10.129+0000] {processor.py:161} INFO - Started process (PID=525) to work on /home/airflow/.local/lib/python3.8/site-packages/airflow/example_dags/example_complex.py
[2024-02-14T16:07:10.130+0000] {processor.py:830} INFO - Processing file /home/airflow/.local/lib/python3.8/site-packages/airflow/example_dags/example_complex.py for tasks to queue
[2024-02-14T16:07:10.132+0000] {logging_mixin.py:188} INFO - [2024-02-14T16:07:10.132+0000] {dagbag.py:538} INFO - Filling up the DagBag from /home/airflow/.local/lib/python3.8/site-packages/airflow/example_dags/example_complex.py
[2024-02-14T16:07:10.138+0000] {processor.py:840} INFO - DAG(s) 'example_complex' retrieved from /home/airflow/.local/lib/python3.8/site-packages/airflow/example_dags/example_complex.py
[2024-02-14T16:07:10.154+0000] {logging_mixin.py:188} INFO - [2024-02-14T16:07:10.154+0000] {dag.py:3033} INFO - Sync 1 DAGs
[2024-02-14T16:07:10.160+0000] {logging_mixin.py:188} INFO - [2024-02-14T16:07:10.160+0000] {dag.py:3820} INFO - Setting next_dagrun for example_complex to None, run_after=None
[2024-02-14T16:07:10.170+0000] {processor.py:183} INFO - Processing /home/airflow/.local/lib/python3.8/site-packages/airflow/example_dags/example_complex.py took 0.042 seconds
[2024-02-14T16:07:40.409+0000] {processor.py:161} INFO - Started process (PID=582) to work on /home/airflow/.local/lib/python3.8/site-packages/airflow/example_dags/example_complex.py
[2024-02-14T16:07:40.409+0000] {processor.py:830} INFO - Processing file /home/airflow/.local/lib/python3.8/site-packages/airflow/example_dags/example_complex.py for tasks to queue
[2024-02-14T16:07:40.411+0000] {logging_mixin.py:188} INFO - [2024-02-14T16:07:40.411+0000] {dagbag.py:538} INFO - Filling up the DagBag from /home/airflow/.local/lib/python3.8/site-packages/airflow/example_dags/example_complex.py
[2024-02-14T16:07:40.417+0000] {processor.py:840} INFO - DAG(s) 'example_complex' retrieved from /home/airflow/.local/lib/python3.8/site-packages/airflow/example_dags/example_complex.py
[2024-02-14T16:07:40.434+0000] {logging_mixin.py:188} INFO - [2024-02-14T16:07:40.434+0000] {dag.py:3033} INFO - Sync 1 DAGs
[2024-02-14T16:07:40.442+0000] {logging_mixin.py:188} INFO - [2024-02-14T16:07:40.441+0000] {dag.py:3820} INFO - Setting next_dagrun for example_complex to None, run_after=None
[2024-02-14T16:07:40.453+0000] {processor.py:183} INFO - Processing /home/airflow/.local/lib/python3.8/site-packages/airflow/example_dags/example_complex.py took 0.047 seconds
[2024-02-14T16:08:10.636+0000] {processor.py:161} INFO - Started process (PID=639) to work on /home/airflow/.local/lib/python3.8/site-packages/airflow/example_dags/example_complex.py
[2024-02-14T16:08:10.637+0000] {processor.py:830} INFO - Processing file /home/airflow/.local/lib/python3.8/site-packages/airflow/example_dags/example_complex.py for tasks to queue
[2024-02-14T16:08:10.639+0000] {logging_mixin.py:188} INFO - [2024-02-14T16:08:10.638+0000] {dagbag.py:538} INFO - Filling up the DagBag from /home/airflow/.local/lib/python3.8/site-packages/airflow/example_dags/example_complex.py
[2024-02-14T16:08:10.645+0000] {processor.py:840} INFO - DAG(s) 'example_complex' retrieved from /home/airflow/.local/lib/python3.8/site-packages/airflow/example_dags/example_complex.py
[2024-02-14T16:08:10.663+0000] {logging_mixin.py:188} INFO - [2024-02-14T16:08:10.663+0000] {dag.py:3033} INFO - Sync 1 DAGs
[2024-02-14T16:08:10.670+0000] {logging_mixin.py:188} INFO - [2024-02-14T16:08:10.669+0000] {dag.py:3820} INFO - Setting next_dagrun for example_complex to None, run_after=None
[2024-02-14T16:08:10.679+0000] {processor.py:183} INFO - Processing /home/airflow/.local/lib/python3.8/site-packages/airflow/example_dags/example_complex.py took 0.045 seconds
[2024-02-14T16:08:40.874+0000] {processor.py:161} INFO - Started process (PID=696) to work on /home/airflow/.local/lib/python3.8/site-packages/airflow/example_dags/example_complex.py
[2024-02-14T16:08:40.874+0000] {processor.py:830} INFO - Processing file /home/airflow/.local/lib/python3.8/site-packages/airflow/example_dags/example_complex.py for tasks to queue
[2024-02-14T16:08:40.876+0000] {logging_mixin.py:188} INFO - [2024-02-14T16:08:40.876+0000] {dagbag.py:538} INFO - Filling up the DagBag from /home/airflow/.local/lib/python3.8/site-packages/airflow/example_dags/example_complex.py
[2024-02-14T16:08:40.882+0000] {processor.py:840} INFO - DAG(s) 'example_complex' retrieved from /home/airflow/.local/lib/python3.8/site-packages/airflow/example_dags/example_complex.py
[2024-02-14T16:08:40.901+0000] {logging_mixin.py:188} INFO - [2024-02-14T16:08:40.900+0000] {dag.py:3033} INFO - Sync 1 DAGs
[2024-02-14T16:08:40.908+0000] {logging_mixin.py:188} INFO - [2024-02-14T16:08:40.908+0000] {dag.py:3820} INFO - Setting next_dagrun for example_complex to None, run_after=None
[2024-02-14T16:08:40.918+0000] {processor.py:183} INFO - Processing /home/airflow/.local/lib/python3.8/site-packages/airflow/example_dags/example_complex.py took 0.047 seconds
[2024-02-14T16:09:11.969+0000] {processor.py:161} INFO - Started process (PID=753) to work on /home/airflow/.local/lib/python3.8/site-packages/airflow/example_dags/example_complex.py
[2024-02-14T16:09:11.970+0000] {processor.py:830} INFO - Processing file /home/airflow/.local/lib/python3.8/site-packages/airflow/example_dags/example_complex.py for tasks to queue
[2024-02-14T16:09:11.972+0000] {logging_mixin.py:188} INFO - [2024-02-14T16:09:11.972+0000] {dagbag.py:538} INFO - Filling up the DagBag from /home/airflow/.local/lib/python3.8/site-packages/airflow/example_dags/example_complex.py
[2024-02-14T16:09:11.978+0000] {processor.py:840} INFO - DAG(s) 'example_complex' retrieved from /home/airflow/.local/lib/python3.8/site-packages/airflow/example_dags/example_complex.py
[2024-02-14T16:09:11.997+0000] {logging_mixin.py:188} INFO - [2024-02-14T16:09:11.997+0000] {dag.py:3033} INFO - Sync 1 DAGs
[2024-02-14T16:09:12.005+0000] {logging_mixin.py:188} INFO - [2024-02-14T16:09:12.005+0000] {dag.py:3820} INFO - Setting next_dagrun for example_complex to None, run_after=None
[2024-02-14T16:09:12.017+0000] {processor.py:183} INFO - Processing /home/airflow/.local/lib/python3.8/site-packages/airflow/example_dags/example_complex.py took 0.050 seconds
[2024-02-14T16:09:42.987+0000] {processor.py:161} INFO - Started process (PID=810) to work on /home/airflow/.local/lib/python3.8/site-packages/airflow/example_dags/example_complex.py
[2024-02-14T16:09:42.988+0000] {processor.py:830} INFO - Processing file /home/airflow/.local/lib/python3.8/site-packages/airflow/example_dags/example_complex.py for tasks to queue
[2024-02-14T16:09:42.989+0000] {logging_mixin.py:188} INFO - [2024-02-14T16:09:42.989+0000] {dagbag.py:538} INFO - Filling up the DagBag from /home/airflow/.local/lib/python3.8/site-packages/airflow/example_dags/example_complex.py
[2024-02-14T16:09:42.996+0000] {processor.py:840} INFO - DAG(s) 'example_complex' retrieved from /home/airflow/.local/lib/python3.8/site-packages/airflow/example_dags/example_complex.py
[2024-02-14T16:09:43.012+0000] {logging_mixin.py:188} INFO - [2024-02-14T16:09:43.012+0000] {dag.py:3033} INFO - Sync 1 DAGs
[2024-02-14T16:09:43.020+0000] {logging_mixin.py:188} INFO - [2024-02-14T16:09:43.019+0000] {dag.py:3820} INFO - Setting next_dagrun for example_complex to None, run_after=None
[2024-02-14T16:09:43.029+0000] {processor.py:183} INFO - Processing /home/airflow/.local/lib/python3.8/site-packages/airflow/example_dags/example_complex.py took 0.045 seconds
[2024-02-14T16:10:13.181+0000] {processor.py:161} INFO - Started process (PID=867) to work on /home/airflow/.local/lib/python3.8/site-packages/airflow/example_dags/example_complex.py
[2024-02-14T16:10:13.181+0000] {processor.py:830} INFO - Processing file /home/airflow/.local/lib/python3.8/site-packages/airflow/example_dags/example_complex.py for tasks to queue
[2024-02-14T16:10:13.183+0000] {logging_mixin.py:188} INFO - [2024-02-14T16:10:13.183+0000] {dagbag.py:538} INFO - Filling up the DagBag from /home/airflow/.local/lib/python3.8/site-packages/airflow/example_dags/example_complex.py
[2024-02-14T16:10:13.189+0000] {processor.py:840} INFO - DAG(s) 'example_complex' retrieved from /home/airflow/.local/lib/python3.8/site-packages/airflow/example_dags/example_complex.py
[2024-02-14T16:10:13.205+0000] {logging_mixin.py:188} INFO - [2024-02-14T16:10:13.205+0000] {dag.py:3033} INFO - Sync 1 DAGs
[2024-02-14T16:10:13.212+0000] {logging_mixin.py:188} INFO - [2024-02-14T16:10:13.212+0000] {dag.py:3820} INFO - Setting next_dagrun for example_complex to None, run_after=None
[2024-02-14T16:10:13.223+0000] {processor.py:183} INFO - Processing /home/airflow/.local/lib/python3.8/site-packages/airflow/example_dags/example_complex.py took 0.044 seconds
[2024-02-14T16:10:43.373+0000] {processor.py:161} INFO - Started process (PID=924) to work on /home/airflow/.local/lib/python3.8/site-packages/airflow/example_dags/example_complex.py
[2024-02-14T16:10:43.374+0000] {processor.py:830} INFO - Processing file /home/airflow/.local/lib/python3.8/site-packages/airflow/example_dags/example_complex.py for tasks to queue
[2024-02-14T16:10:43.376+0000] {logging_mixin.py:188} INFO - [2024-02-14T16:10:43.376+0000] {dagbag.py:538} INFO - Filling up the DagBag from /home/airflow/.local/lib/python3.8/site-packages/airflow/example_dags/example_complex.py
[2024-02-14T16:10:43.384+0000] {processor.py:840} INFO - DAG(s) 'example_complex' retrieved from /home/airflow/.local/lib/python3.8/site-packages/airflow/example_dags/example_complex.py
[2024-02-14T16:10:43.402+0000] {logging_mixin.py:188} INFO - [2024-02-14T16:10:43.402+0000] {dag.py:3033} INFO - Sync 1 DAGs
[2024-02-14T16:10:43.410+0000] {logging_mixin.py:188} INFO - [2024-02-14T16:10:43.409+0000] {dag.py:3820} INFO - Setting next_dagrun for example_complex to None, run_after=None
[2024-02-14T16:10:43.421+0000] {processor.py:183} INFO - Processing /home/airflow/.local/lib/python3.8/site-packages/airflow/example_dags/example_complex.py took 0.050 seconds
[2024-02-14T16:11:13.499+0000] {processor.py:161} INFO - Started process (PID=980) to work on /home/airflow/.local/lib/python3.8/site-packages/airflow/example_dags/example_complex.py
[2024-02-14T16:11:13.499+0000] {processor.py:830} INFO - Processing file /home/airflow/.local/lib/python3.8/site-packages/airflow/example_dags/example_complex.py for tasks to queue
[2024-02-14T16:11:13.501+0000] {logging_mixin.py:188} INFO - [2024-02-14T16:11:13.501+0000] {dagbag.py:538} INFO - Filling up the DagBag from /home/airflow/.local/lib/python3.8/site-packages/airflow/example_dags/example_complex.py
[2024-02-14T16:11:13.507+0000] {processor.py:840} INFO - DAG(s) 'example_complex' retrieved from /home/airflow/.local/lib/python3.8/site-packages/airflow/example_dags/example_complex.py
[2024-02-14T16:11:13.524+0000] {logging_mixin.py:188} INFO - [2024-02-14T16:11:13.524+0000] {dag.py:3033} INFO - Sync 1 DAGs
[2024-02-14T16:11:13.530+0000] {logging_mixin.py:188} INFO - [2024-02-14T16:11:13.530+0000] {dag.py:3820} INFO - Setting next_dagrun for example_complex to None, run_after=None
[2024-02-14T16:11:13.541+0000] {processor.py:183} INFO - Processing /home/airflow/.local/lib/python3.8/site-packages/airflow/example_dags/example_complex.py took 0.044 seconds
[2024-02-14T16:11:43.750+0000] {processor.py:161} INFO - Started process (PID=1037) to work on /home/airflow/.local/lib/python3.8/site-packages/airflow/example_dags/example_complex.py
[2024-02-14T16:11:43.751+0000] {processor.py:830} INFO - Processing file /home/airflow/.local/lib/python3.8/site-packages/airflow/example_dags/example_complex.py for tasks to queue
[2024-02-14T16:11:43.752+0000] {logging_mixin.py:188} INFO - [2024-02-14T16:11:43.752+0000] {dagbag.py:538} INFO - Filling up the DagBag from /home/airflow/.local/lib/python3.8/site-packages/airflow/example_dags/example_complex.py
[2024-02-14T16:11:43.758+0000] {processor.py:840} INFO - DAG(s) 'example_complex' retrieved from /home/airflow/.local/lib/python3.8/site-packages/airflow/example_dags/example_complex.py
[2024-02-14T16:11:43.775+0000] {logging_mixin.py:188} INFO - [2024-02-14T16:11:43.775+0000] {dag.py:3033} INFO - Sync 1 DAGs
[2024-02-14T16:11:43.782+0000] {logging_mixin.py:188} INFO - [2024-02-14T16:11:43.782+0000] {dag.py:3820} INFO - Setting next_dagrun for example_complex to None, run_after=None
[2024-02-14T16:11:43.791+0000] {processor.py:183} INFO - Processing /home/airflow/.local/lib/python3.8/site-packages/airflow/example_dags/example_complex.py took 0.043 seconds
[2024-02-14T16:12:13.913+0000] {processor.py:161} INFO - Started process (PID=1093) to work on /home/airflow/.local/lib/python3.8/site-packages/airflow/example_dags/example_complex.py
[2024-02-14T16:12:13.913+0000] {processor.py:830} INFO - Processing file /home/airflow/.local/lib/python3.8/site-packages/airflow/example_dags/example_complex.py for tasks to queue
[2024-02-14T16:12:13.915+0000] {logging_mixin.py:188} INFO - [2024-02-14T16:12:13.915+0000] {dagbag.py:538} INFO - Filling up the DagBag from /home/airflow/.local/lib/python3.8/site-packages/airflow/example_dags/example_complex.py
[2024-02-14T16:12:13.922+0000] {processor.py:840} INFO - DAG(s) 'example_complex' retrieved from /home/airflow/.local/lib/python3.8/site-packages/airflow/example_dags/example_complex.py
[2024-02-14T16:12:13.939+0000] {logging_mixin.py:188} INFO - [2024-02-14T16:12:13.939+0000] {dag.py:3033} INFO - Sync 1 DAGs
[2024-02-14T16:12:13.946+0000] {logging_mixin.py:188} INFO - [2024-02-14T16:12:13.946+0000] {dag.py:3820} INFO - Setting next_dagrun for example_complex to None, run_after=None
[2024-02-14T16:12:13.957+0000] {processor.py:183} INFO - Processing /home/airflow/.local/lib/python3.8/site-packages/airflow/example_dags/example_complex.py took 0.046 seconds
[2024-02-14T16:12:44.143+0000] {processor.py:161} INFO - Started process (PID=1150) to work on /home/airflow/.local/lib/python3.8/site-packages/airflow/example_dags/example_complex.py
[2024-02-14T16:12:44.144+0000] {processor.py:830} INFO - Processing file /home/airflow/.local/lib/python3.8/site-packages/airflow/example_dags/example_complex.py for tasks to queue
[2024-02-14T16:12:44.145+0000] {logging_mixin.py:188} INFO - [2024-02-14T16:12:44.145+0000] {dagbag.py:538} INFO - Filling up the DagBag from /home/airflow/.local/lib/python3.8/site-packages/airflow/example_dags/example_complex.py
[2024-02-14T16:12:44.151+0000] {processor.py:840} INFO - DAG(s) 'example_complex' retrieved from /home/airflow/.local/lib/python3.8/site-packages/airflow/example_dags/example_complex.py
[2024-02-14T16:12:44.169+0000] {logging_mixin.py:188} INFO - [2024-02-14T16:12:44.168+0000] {dag.py:3033} INFO - Sync 1 DAGs
[2024-02-14T16:12:44.175+0000] {logging_mixin.py:188} INFO - [2024-02-14T16:12:44.175+0000] {dag.py:3820} INFO - Setting next_dagrun for example_complex to None, run_after=None
[2024-02-14T16:12:44.186+0000] {processor.py:183} INFO - Processing /home/airflow/.local/lib/python3.8/site-packages/airflow/example_dags/example_complex.py took 0.046 seconds
[2024-02-14T16:13:15.376+0000] {processor.py:161} INFO - Started process (PID=1208) to work on /home/airflow/.local/lib/python3.8/site-packages/airflow/example_dags/example_complex.py
[2024-02-14T16:13:15.376+0000] {processor.py:830} INFO - Processing file /home/airflow/.local/lib/python3.8/site-packages/airflow/example_dags/example_complex.py for tasks to queue
[2024-02-14T16:13:15.378+0000] {logging_mixin.py:188} INFO - [2024-02-14T16:13:15.378+0000] {dagbag.py:538} INFO - Filling up the DagBag from /home/airflow/.local/lib/python3.8/site-packages/airflow/example_dags/example_complex.py
[2024-02-14T16:13:15.384+0000] {processor.py:840} INFO - DAG(s) 'example_complex' retrieved from /home/airflow/.local/lib/python3.8/site-packages/airflow/example_dags/example_complex.py
[2024-02-14T16:13:15.400+0000] {logging_mixin.py:188} INFO - [2024-02-14T16:13:15.400+0000] {dag.py:3033} INFO - Sync 1 DAGs
[2024-02-14T16:13:15.407+0000] {logging_mixin.py:188} INFO - [2024-02-14T16:13:15.407+0000] {dag.py:3820} INFO - Setting next_dagrun for example_complex to None, run_after=None
[2024-02-14T16:13:15.416+0000] {processor.py:183} INFO - Processing /home/airflow/.local/lib/python3.8/site-packages/airflow/example_dags/example_complex.py took 0.043 seconds
[2024-02-14T16:13:45.667+0000] {processor.py:161} INFO - Started process (PID=1265) to work on /home/airflow/.local/lib/python3.8/site-packages/airflow/example_dags/example_complex.py
[2024-02-14T16:13:45.668+0000] {processor.py:830} INFO - Processing file /home/airflow/.local/lib/python3.8/site-packages/airflow/example_dags/example_complex.py for tasks to queue
[2024-02-14T16:13:45.669+0000] {logging_mixin.py:188} INFO - [2024-02-14T16:13:45.669+0000] {dagbag.py:538} INFO - Filling up the DagBag from /home/airflow/.local/lib/python3.8/site-packages/airflow/example_dags/example_complex.py
[2024-02-14T16:13:45.675+0000] {processor.py:840} INFO - DAG(s) 'example_complex' retrieved from /home/airflow/.local/lib/python3.8/site-packages/airflow/example_dags/example_complex.py
[2024-02-14T16:13:45.693+0000] {logging_mixin.py:188} INFO - [2024-02-14T16:13:45.693+0000] {dag.py:3033} INFO - Sync 1 DAGs
[2024-02-14T16:13:45.699+0000] {logging_mixin.py:188} INFO - [2024-02-14T16:13:45.699+0000] {dag.py:3820} INFO - Setting next_dagrun for example_complex to None, run_after=None
[2024-02-14T16:13:45.709+0000] {processor.py:183} INFO - Processing /home/airflow/.local/lib/python3.8/site-packages/airflow/example_dags/example_complex.py took 0.044 seconds
[2024-02-14T16:14:16.786+0000] {processor.py:161} INFO - Started process (PID=1322) to work on /home/airflow/.local/lib/python3.8/site-packages/airflow/example_dags/example_complex.py
[2024-02-14T16:14:16.787+0000] {processor.py:830} INFO - Processing file /home/airflow/.local/lib/python3.8/site-packages/airflow/example_dags/example_complex.py for tasks to queue
[2024-02-14T16:14:16.788+0000] {logging_mixin.py:188} INFO - [2024-02-14T16:14:16.788+0000] {dagbag.py:538} INFO - Filling up the DagBag from /home/airflow/.local/lib/python3.8/site-packages/airflow/example_dags/example_complex.py
[2024-02-14T16:14:16.794+0000] {processor.py:840} INFO - DAG(s) 'example_complex' retrieved from /home/airflow/.local/lib/python3.8/site-packages/airflow/example_dags/example_complex.py
[2024-02-14T16:14:16.811+0000] {logging_mixin.py:188} INFO - [2024-02-14T16:14:16.811+0000] {dag.py:3033} INFO - Sync 1 DAGs
[2024-02-14T16:14:16.817+0000] {logging_mixin.py:188} INFO - [2024-02-14T16:14:16.817+0000] {dag.py:3820} INFO - Setting next_dagrun for example_complex to None, run_after=None
[2024-02-14T16:14:16.826+0000] {processor.py:183} INFO - Processing /home/airflow/.local/lib/python3.8/site-packages/airflow/example_dags/example_complex.py took 0.042 seconds
[2024-02-14T16:14:47.075+0000] {processor.py:161} INFO - Started process (PID=1379) to work on /home/airflow/.local/lib/python3.8/site-packages/airflow/example_dags/example_complex.py
[2024-02-14T16:14:47.075+0000] {processor.py:830} INFO - Processing file /home/airflow/.local/lib/python3.8/site-packages/airflow/example_dags/example_complex.py for tasks to queue
[2024-02-14T16:14:47.077+0000] {logging_mixin.py:188} INFO - [2024-02-14T16:14:47.077+0000] {dagbag.py:538} INFO - Filling up the DagBag from /home/airflow/.local/lib/python3.8/site-packages/airflow/example_dags/example_complex.py
[2024-02-14T16:14:47.083+0000] {processor.py:840} INFO - DAG(s) 'example_complex' retrieved from /home/airflow/.local/lib/python3.8/site-packages/airflow/example_dags/example_complex.py
[2024-02-14T16:14:47.100+0000] {logging_mixin.py:188} INFO - [2024-02-14T16:14:47.100+0000] {dag.py:3033} INFO - Sync 1 DAGs
[2024-02-14T16:14:47.107+0000] {logging_mixin.py:188} INFO - [2024-02-14T16:14:47.107+0000] {dag.py:3820} INFO - Setting next_dagrun for example_complex to None, run_after=None
[2024-02-14T16:14:47.117+0000] {processor.py:183} INFO - Processing /home/airflow/.local/lib/python3.8/site-packages/airflow/example_dags/example_complex.py took 0.045 seconds
[2024-02-14T16:15:18.245+0000] {processor.py:161} INFO - Started process (PID=1435) to work on /home/airflow/.local/lib/python3.8/site-packages/airflow/example_dags/example_complex.py
[2024-02-14T16:15:18.246+0000] {processor.py:830} INFO - Processing file /home/airflow/.local/lib/python3.8/site-packages/airflow/example_dags/example_complex.py for tasks to queue
[2024-02-14T16:15:18.247+0000] {logging_mixin.py:188} INFO - [2024-02-14T16:15:18.247+0000] {dagbag.py:538} INFO - Filling up the DagBag from /home/airflow/.local/lib/python3.8/site-packages/airflow/example_dags/example_complex.py
[2024-02-14T16:15:18.253+0000] {processor.py:840} INFO - DAG(s) 'example_complex' retrieved from /home/airflow/.local/lib/python3.8/site-packages/airflow/example_dags/example_complex.py
[2024-02-14T16:15:18.271+0000] {logging_mixin.py:188} INFO - [2024-02-14T16:15:18.271+0000] {dag.py:3033} INFO - Sync 1 DAGs
[2024-02-14T16:15:18.277+0000] {logging_mixin.py:188} INFO - [2024-02-14T16:15:18.277+0000] {dag.py:3820} INFO - Setting next_dagrun for example_complex to None, run_after=None
[2024-02-14T16:15:18.286+0000] {processor.py:183} INFO - Processing /home/airflow/.local/lib/python3.8/site-packages/airflow/example_dags/example_complex.py took 0.043 seconds
[2024-02-14T16:15:48.523+0000] {processor.py:161} INFO - Started process (PID=1491) to work on /home/airflow/.local/lib/python3.8/site-packages/airflow/example_dags/example_complex.py
[2024-02-14T16:15:48.524+0000] {processor.py:830} INFO - Processing file /home/airflow/.local/lib/python3.8/site-packages/airflow/example_dags/example_complex.py for tasks to queue
[2024-02-14T16:15:48.525+0000] {logging_mixin.py:188} INFO - [2024-02-14T16:15:48.525+0000] {dagbag.py:538} INFO - Filling up the DagBag from /home/airflow/.local/lib/python3.8/site-packages/airflow/example_dags/example_complex.py
[2024-02-14T16:15:48.531+0000] {processor.py:840} INFO - DAG(s) 'example_complex' retrieved from /home/airflow/.local/lib/python3.8/site-packages/airflow/example_dags/example_complex.py
[2024-02-14T16:15:48.547+0000] {logging_mixin.py:188} INFO - [2024-02-14T16:15:48.547+0000] {dag.py:3033} INFO - Sync 1 DAGs
[2024-02-14T16:15:48.554+0000] {logging_mixin.py:188} INFO - [2024-02-14T16:15:48.554+0000] {dag.py:3820} INFO - Setting next_dagrun for example_complex to None, run_after=None
[2024-02-14T16:15:48.564+0000] {processor.py:183} INFO - Processing /home/airflow/.local/lib/python3.8/site-packages/airflow/example_dags/example_complex.py took 0.043 seconds
[2024-02-14T16:16:19.683+0000] {processor.py:161} INFO - Started process (PID=1548) to work on /home/airflow/.local/lib/python3.8/site-packages/airflow/example_dags/example_complex.py
[2024-02-14T16:16:19.684+0000] {processor.py:830} INFO - Processing file /home/airflow/.local/lib/python3.8/site-packages/airflow/example_dags/example_complex.py for tasks to queue
[2024-02-14T16:16:19.685+0000] {logging_mixin.py:188} INFO - [2024-02-14T16:16:19.685+0000] {dagbag.py:538} INFO - Filling up the DagBag from /home/airflow/.local/lib/python3.8/site-packages/airflow/example_dags/example_complex.py
[2024-02-14T16:16:19.691+0000] {processor.py:840} INFO - DAG(s) 'example_complex' retrieved from /home/airflow/.local/lib/python3.8/site-packages/airflow/example_dags/example_complex.py
[2024-02-14T16:16:19.707+0000] {logging_mixin.py:188} INFO - [2024-02-14T16:16:19.707+0000] {dag.py:3033} INFO - Sync 1 DAGs
[2024-02-14T16:16:19.714+0000] {logging_mixin.py:188} INFO - [2024-02-14T16:16:19.714+0000] {dag.py:3820} INFO - Setting next_dagrun for example_complex to None, run_after=None
[2024-02-14T16:16:19.723+0000] {processor.py:183} INFO - Processing /home/airflow/.local/lib/python3.8/site-packages/airflow/example_dags/example_complex.py took 0.042 seconds
[2024-02-14T16:16:50.664+0000] {processor.py:161} INFO - Started process (PID=1605) to work on /home/airflow/.local/lib/python3.8/site-packages/airflow/example_dags/example_complex.py
[2024-02-14T16:16:50.665+0000] {processor.py:830} INFO - Processing file /home/airflow/.local/lib/python3.8/site-packages/airflow/example_dags/example_complex.py for tasks to queue
[2024-02-14T16:16:50.666+0000] {logging_mixin.py:188} INFO - [2024-02-14T16:16:50.666+0000] {dagbag.py:538} INFO - Filling up the DagBag from /home/airflow/.local/lib/python3.8/site-packages/airflow/example_dags/example_complex.py
[2024-02-14T16:16:50.672+0000] {processor.py:840} INFO - DAG(s) 'example_complex' retrieved from /home/airflow/.local/lib/python3.8/site-packages/airflow/example_dags/example_complex.py
[2024-02-14T16:16:50.689+0000] {logging_mixin.py:188} INFO - [2024-02-14T16:16:50.689+0000] {dag.py:3033} INFO - Sync 1 DAGs
[2024-02-14T16:16:50.695+0000] {logging_mixin.py:188} INFO - [2024-02-14T16:16:50.695+0000] {dag.py:3820} INFO - Setting next_dagrun for example_complex to None, run_after=None
[2024-02-14T16:16:50.705+0000] {processor.py:183} INFO - Processing /home/airflow/.local/lib/python3.8/site-packages/airflow/example_dags/example_complex.py took 0.043 seconds
[2024-02-14T16:17:20.931+0000] {processor.py:161} INFO - Started process (PID=1662) to work on /home/airflow/.local/lib/python3.8/site-packages/airflow/example_dags/example_complex.py
[2024-02-14T16:17:20.932+0000] {processor.py:830} INFO - Processing file /home/airflow/.local/lib/python3.8/site-packages/airflow/example_dags/example_complex.py for tasks to queue
[2024-02-14T16:17:20.933+0000] {logging_mixin.py:188} INFO - [2024-02-14T16:17:20.933+0000] {dagbag.py:538} INFO - Filling up the DagBag from /home/airflow/.local/lib/python3.8/site-packages/airflow/example_dags/example_complex.py
[2024-02-14T16:17:20.939+0000] {processor.py:840} INFO - DAG(s) 'example_complex' retrieved from /home/airflow/.local/lib/python3.8/site-packages/airflow/example_dags/example_complex.py
[2024-02-14T16:17:20.956+0000] {logging_mixin.py:188} INFO - [2024-02-14T16:17:20.956+0000] {dag.py:3033} INFO - Sync 1 DAGs
[2024-02-14T16:17:20.962+0000] {logging_mixin.py:188} INFO - [2024-02-14T16:17:20.962+0000] {dag.py:3820} INFO - Setting next_dagrun for example_complex to None, run_after=None
[2024-02-14T16:17:20.972+0000] {processor.py:183} INFO - Processing /home/airflow/.local/lib/python3.8/site-packages/airflow/example_dags/example_complex.py took 0.043 seconds
[2024-02-14T16:17:51.181+0000] {processor.py:161} INFO - Started process (PID=1719) to work on /home/airflow/.local/lib/python3.8/site-packages/airflow/example_dags/example_complex.py
[2024-02-14T16:17:51.181+0000] {processor.py:830} INFO - Processing file /home/airflow/.local/lib/python3.8/site-packages/airflow/example_dags/example_complex.py for tasks to queue
[2024-02-14T16:17:51.183+0000] {logging_mixin.py:188} INFO - [2024-02-14T16:17:51.183+0000] {dagbag.py:538} INFO - Filling up the DagBag from /home/airflow/.local/lib/python3.8/site-packages/airflow/example_dags/example_complex.py
[2024-02-14T16:17:51.189+0000] {processor.py:840} INFO - DAG(s) 'example_complex' retrieved from /home/airflow/.local/lib/python3.8/site-packages/airflow/example_dags/example_complex.py
[2024-02-14T16:17:51.205+0000] {logging_mixin.py:188} INFO - [2024-02-14T16:17:51.205+0000] {dag.py:3033} INFO - Sync 1 DAGs
[2024-02-14T16:17:51.212+0000] {logging_mixin.py:188} INFO - [2024-02-14T16:17:51.212+0000] {dag.py:3820} INFO - Setting next_dagrun for example_complex to None, run_after=None
[2024-02-14T16:17:51.221+0000] {processor.py:183} INFO - Processing /home/airflow/.local/lib/python3.8/site-packages/airflow/example_dags/example_complex.py took 0.043 seconds
[2024-02-14T16:18:21.308+0000] {processor.py:161} INFO - Started process (PID=1776) to work on /home/airflow/.local/lib/python3.8/site-packages/airflow/example_dags/example_complex.py
[2024-02-14T16:18:21.308+0000] {processor.py:830} INFO - Processing file /home/airflow/.local/lib/python3.8/site-packages/airflow/example_dags/example_complex.py for tasks to queue
[2024-02-14T16:18:21.310+0000] {logging_mixin.py:188} INFO - [2024-02-14T16:18:21.310+0000] {dagbag.py:538} INFO - Filling up the DagBag from /home/airflow/.local/lib/python3.8/site-packages/airflow/example_dags/example_complex.py
[2024-02-14T16:18:21.316+0000] {processor.py:840} INFO - DAG(s) 'example_complex' retrieved from /home/airflow/.local/lib/python3.8/site-packages/airflow/example_dags/example_complex.py
[2024-02-14T16:18:21.333+0000] {logging_mixin.py:188} INFO - [2024-02-14T16:18:21.333+0000] {dag.py:3033} INFO - Sync 1 DAGs
[2024-02-14T16:18:21.340+0000] {logging_mixin.py:188} INFO - [2024-02-14T16:18:21.340+0000] {dag.py:3820} INFO - Setting next_dagrun for example_complex to None, run_after=None
[2024-02-14T16:18:21.350+0000] {processor.py:183} INFO - Processing /home/airflow/.local/lib/python3.8/site-packages/airflow/example_dags/example_complex.py took 0.044 seconds
[2024-02-14T16:18:51.440+0000] {processor.py:161} INFO - Started process (PID=1832) to work on /home/airflow/.local/lib/python3.8/site-packages/airflow/example_dags/example_complex.py
[2024-02-14T16:18:51.440+0000] {processor.py:830} INFO - Processing file /home/airflow/.local/lib/python3.8/site-packages/airflow/example_dags/example_complex.py for tasks to queue
[2024-02-14T16:18:51.442+0000] {logging_mixin.py:188} INFO - [2024-02-14T16:18:51.442+0000] {dagbag.py:538} INFO - Filling up the DagBag from /home/airflow/.local/lib/python3.8/site-packages/airflow/example_dags/example_complex.py
[2024-02-14T16:18:51.448+0000] {processor.py:840} INFO - DAG(s) 'example_complex' retrieved from /home/airflow/.local/lib/python3.8/site-packages/airflow/example_dags/example_complex.py
[2024-02-14T16:18:51.466+0000] {logging_mixin.py:188} INFO - [2024-02-14T16:18:51.466+0000] {dag.py:3033} INFO - Sync 1 DAGs
[2024-02-14T16:18:51.473+0000] {logging_mixin.py:188} INFO - [2024-02-14T16:18:51.473+0000] {dag.py:3820} INFO - Setting next_dagrun for example_complex to None, run_after=None
[2024-02-14T16:18:51.484+0000] {processor.py:183} INFO - Processing /home/airflow/.local/lib/python3.8/site-packages/airflow/example_dags/example_complex.py took 0.047 seconds
[2024-02-14T16:19:21.847+0000] {processor.py:161} INFO - Started process (PID=1889) to work on /home/airflow/.local/lib/python3.8/site-packages/airflow/example_dags/example_complex.py
[2024-02-14T16:19:21.847+0000] {processor.py:830} INFO - Processing file /home/airflow/.local/lib/python3.8/site-packages/airflow/example_dags/example_complex.py for tasks to queue
[2024-02-14T16:19:21.849+0000] {logging_mixin.py:188} INFO - [2024-02-14T16:19:21.849+0000] {dagbag.py:538} INFO - Filling up the DagBag from /home/airflow/.local/lib/python3.8/site-packages/airflow/example_dags/example_complex.py
[2024-02-14T16:19:21.856+0000] {processor.py:840} INFO - DAG(s) 'example_complex' retrieved from /home/airflow/.local/lib/python3.8/site-packages/airflow/example_dags/example_complex.py
[2024-02-14T16:19:21.875+0000] {logging_mixin.py:188} INFO - [2024-02-14T16:19:21.875+0000] {dag.py:3033} INFO - Sync 1 DAGs
[2024-02-14T16:19:21.883+0000] {logging_mixin.py:188} INFO - [2024-02-14T16:19:21.883+0000] {dag.py:3820} INFO - Setting next_dagrun for example_complex to None, run_after=None
[2024-02-14T16:19:21.894+0000] {processor.py:183} INFO - Processing /home/airflow/.local/lib/python3.8/site-packages/airflow/example_dags/example_complex.py took 0.050 seconds
[2024-02-14T16:19:51.932+0000] {processor.py:161} INFO - Started process (PID=1945) to work on /home/airflow/.local/lib/python3.8/site-packages/airflow/example_dags/example_complex.py
[2024-02-14T16:19:51.933+0000] {processor.py:830} INFO - Processing file /home/airflow/.local/lib/python3.8/site-packages/airflow/example_dags/example_complex.py for tasks to queue
[2024-02-14T16:19:51.935+0000] {logging_mixin.py:188} INFO - [2024-02-14T16:19:51.935+0000] {dagbag.py:538} INFO - Filling up the DagBag from /home/airflow/.local/lib/python3.8/site-packages/airflow/example_dags/example_complex.py
[2024-02-14T16:19:51.943+0000] {processor.py:840} INFO - DAG(s) 'example_complex' retrieved from /home/airflow/.local/lib/python3.8/site-packages/airflow/example_dags/example_complex.py
[2024-02-14T16:19:51.963+0000] {logging_mixin.py:188} INFO - [2024-02-14T16:19:51.963+0000] {dag.py:3033} INFO - Sync 1 DAGs
[2024-02-14T16:19:51.970+0000] {logging_mixin.py:188} INFO - [2024-02-14T16:19:51.970+0000] {dag.py:3820} INFO - Setting next_dagrun for example_complex to None, run_after=None
[2024-02-14T16:19:51.980+0000] {processor.py:183} INFO - Processing /home/airflow/.local/lib/python3.8/site-packages/airflow/example_dags/example_complex.py took 0.053 seconds
[2024-02-14T16:20:22.028+0000] {processor.py:161} INFO - Started process (PID=2002) to work on /home/airflow/.local/lib/python3.8/site-packages/airflow/example_dags/example_complex.py
[2024-02-14T16:20:22.029+0000] {processor.py:830} INFO - Processing file /home/airflow/.local/lib/python3.8/site-packages/airflow/example_dags/example_complex.py for tasks to queue
[2024-02-14T16:20:22.032+0000] {logging_mixin.py:188} INFO - [2024-02-14T16:20:22.031+0000] {dagbag.py:538} INFO - Filling up the DagBag from /home/airflow/.local/lib/python3.8/site-packages/airflow/example_dags/example_complex.py
[2024-02-14T16:20:22.041+0000] {processor.py:840} INFO - DAG(s) 'example_complex' retrieved from /home/airflow/.local/lib/python3.8/site-packages/airflow/example_dags/example_complex.py
[2024-02-14T16:20:22.060+0000] {logging_mixin.py:188} INFO - [2024-02-14T16:20:22.060+0000] {dag.py:3033} INFO - Sync 1 DAGs
[2024-02-14T16:20:22.067+0000] {logging_mixin.py:188} INFO - [2024-02-14T16:20:22.067+0000] {dag.py:3820} INFO - Setting next_dagrun for example_complex to None, run_after=None
[2024-02-14T16:20:22.076+0000] {processor.py:183} INFO - Processing /home/airflow/.local/lib/python3.8/site-packages/airflow/example_dags/example_complex.py took 0.051 seconds
[2024-02-14T16:20:52.482+0000] {processor.py:161} INFO - Started process (PID=2059) to work on /home/airflow/.local/lib/python3.8/site-packages/airflow/example_dags/example_complex.py
[2024-02-14T16:20:52.482+0000] {processor.py:830} INFO - Processing file /home/airflow/.local/lib/python3.8/site-packages/airflow/example_dags/example_complex.py for tasks to queue
[2024-02-14T16:20:52.484+0000] {logging_mixin.py:188} INFO - [2024-02-14T16:20:52.484+0000] {dagbag.py:538} INFO - Filling up the DagBag from /home/airflow/.local/lib/python3.8/site-packages/airflow/example_dags/example_complex.py
[2024-02-14T16:20:52.491+0000] {processor.py:840} INFO - DAG(s) 'example_complex' retrieved from /home/airflow/.local/lib/python3.8/site-packages/airflow/example_dags/example_complex.py
[2024-02-14T16:20:52.511+0000] {logging_mixin.py:188} INFO - [2024-02-14T16:20:52.511+0000] {dag.py:3033} INFO - Sync 1 DAGs
[2024-02-14T16:20:52.520+0000] {logging_mixin.py:188} INFO - [2024-02-14T16:20:52.519+0000] {dag.py:3820} INFO - Setting next_dagrun for example_complex to None, run_after=None
[2024-02-14T16:20:52.532+0000] {processor.py:183} INFO - Processing /home/airflow/.local/lib/python3.8/site-packages/airflow/example_dags/example_complex.py took 0.053 seconds
[2024-02-14T16:21:22.981+0000] {processor.py:161} INFO - Started process (PID=2116) to work on /home/airflow/.local/lib/python3.8/site-packages/airflow/example_dags/example_complex.py
[2024-02-14T16:21:22.983+0000] {processor.py:830} INFO - Processing file /home/airflow/.local/lib/python3.8/site-packages/airflow/example_dags/example_complex.py for tasks to queue
[2024-02-14T16:21:22.986+0000] {logging_mixin.py:188} INFO - [2024-02-14T16:21:22.986+0000] {dagbag.py:538} INFO - Filling up the DagBag from /home/airflow/.local/lib/python3.8/site-packages/airflow/example_dags/example_complex.py
[2024-02-14T16:21:22.998+0000] {processor.py:840} INFO - DAG(s) 'example_complex' retrieved from /home/airflow/.local/lib/python3.8/site-packages/airflow/example_dags/example_complex.py
[2024-02-14T16:21:23.019+0000] {logging_mixin.py:188} INFO - [2024-02-14T16:21:23.019+0000] {dag.py:3033} INFO - Sync 1 DAGs
[2024-02-14T16:21:23.027+0000] {logging_mixin.py:188} INFO - [2024-02-14T16:21:23.027+0000] {dag.py:3820} INFO - Setting next_dagrun for example_complex to None, run_after=None
[2024-02-14T16:21:23.039+0000] {processor.py:183} INFO - Processing /home/airflow/.local/lib/python3.8/site-packages/airflow/example_dags/example_complex.py took 0.063 seconds
[2024-02-14T16:21:53.375+0000] {processor.py:161} INFO - Started process (PID=2172) to work on /home/airflow/.local/lib/python3.8/site-packages/airflow/example_dags/example_complex.py
[2024-02-14T16:21:53.376+0000] {processor.py:830} INFO - Processing file /home/airflow/.local/lib/python3.8/site-packages/airflow/example_dags/example_complex.py for tasks to queue
[2024-02-14T16:21:53.378+0000] {logging_mixin.py:188} INFO - [2024-02-14T16:21:53.378+0000] {dagbag.py:538} INFO - Filling up the DagBag from /home/airflow/.local/lib/python3.8/site-packages/airflow/example_dags/example_complex.py
[2024-02-14T16:21:53.387+0000] {processor.py:840} INFO - DAG(s) 'example_complex' retrieved from /home/airflow/.local/lib/python3.8/site-packages/airflow/example_dags/example_complex.py
[2024-02-14T16:21:53.414+0000] {logging_mixin.py:188} INFO - [2024-02-14T16:21:53.414+0000] {dag.py:3033} INFO - Sync 1 DAGs
[2024-02-14T16:21:53.423+0000] {logging_mixin.py:188} INFO - [2024-02-14T16:21:53.423+0000] {dag.py:3820} INFO - Setting next_dagrun for example_complex to None, run_after=None
[2024-02-14T16:21:53.436+0000] {processor.py:183} INFO - Processing /home/airflow/.local/lib/python3.8/site-packages/airflow/example_dags/example_complex.py took 0.063 seconds
[2024-02-14T16:22:23.743+0000] {processor.py:161} INFO - Started process (PID=2229) to work on /home/airflow/.local/lib/python3.8/site-packages/airflow/example_dags/example_complex.py
[2024-02-14T16:22:23.743+0000] {processor.py:830} INFO - Processing file /home/airflow/.local/lib/python3.8/site-packages/airflow/example_dags/example_complex.py for tasks to queue
[2024-02-14T16:22:23.745+0000] {logging_mixin.py:188} INFO - [2024-02-14T16:22:23.745+0000] {dagbag.py:538} INFO - Filling up the DagBag from /home/airflow/.local/lib/python3.8/site-packages/airflow/example_dags/example_complex.py
[2024-02-14T16:22:23.753+0000] {processor.py:840} INFO - DAG(s) 'example_complex' retrieved from /home/airflow/.local/lib/python3.8/site-packages/airflow/example_dags/example_complex.py
[2024-02-14T16:22:23.873+0000] {logging_mixin.py:188} INFO - [2024-02-14T16:22:23.873+0000] {dag.py:3033} INFO - Sync 1 DAGs
[2024-02-14T16:22:23.879+0000] {logging_mixin.py:188} INFO - [2024-02-14T16:22:23.879+0000] {dag.py:3820} INFO - Setting next_dagrun for example_complex to None, run_after=None
[2024-02-14T16:22:23.888+0000] {processor.py:183} INFO - Processing /home/airflow/.local/lib/python3.8/site-packages/airflow/example_dags/example_complex.py took 0.148 seconds
[2024-02-14T16:22:53.924+0000] {processor.py:161} INFO - Started process (PID=2285) to work on /home/airflow/.local/lib/python3.8/site-packages/airflow/example_dags/example_complex.py
[2024-02-14T16:22:53.926+0000] {processor.py:830} INFO - Processing file /home/airflow/.local/lib/python3.8/site-packages/airflow/example_dags/example_complex.py for tasks to queue
[2024-02-14T16:22:53.930+0000] {logging_mixin.py:188} INFO - [2024-02-14T16:22:53.929+0000] {dagbag.py:538} INFO - Filling up the DagBag from /home/airflow/.local/lib/python3.8/site-packages/airflow/example_dags/example_complex.py
[2024-02-14T16:22:53.942+0000] {processor.py:840} INFO - DAG(s) 'example_complex' retrieved from /home/airflow/.local/lib/python3.8/site-packages/airflow/example_dags/example_complex.py
[2024-02-14T16:22:53.969+0000] {logging_mixin.py:188} INFO - [2024-02-14T16:22:53.969+0000] {dag.py:3033} INFO - Sync 1 DAGs
[2024-02-14T16:22:54.054+0000] {logging_mixin.py:188} INFO - [2024-02-14T16:22:54.054+0000] {dag.py:3820} INFO - Setting next_dagrun for example_complex to None, run_after=None
[2024-02-14T16:22:54.062+0000] {processor.py:183} INFO - Processing /home/airflow/.local/lib/python3.8/site-packages/airflow/example_dags/example_complex.py took 0.144 seconds
[2024-02-14T16:23:24.129+0000] {processor.py:161} INFO - Started process (PID=2342) to work on /home/airflow/.local/lib/python3.8/site-packages/airflow/example_dags/example_complex.py
[2024-02-14T16:23:24.130+0000] {processor.py:830} INFO - Processing file /home/airflow/.local/lib/python3.8/site-packages/airflow/example_dags/example_complex.py for tasks to queue
[2024-02-14T16:23:24.134+0000] {logging_mixin.py:188} INFO - [2024-02-14T16:23:24.133+0000] {dagbag.py:538} INFO - Filling up the DagBag from /home/airflow/.local/lib/python3.8/site-packages/airflow/example_dags/example_complex.py
[2024-02-14T16:23:24.145+0000] {processor.py:840} INFO - DAG(s) 'example_complex' retrieved from /home/airflow/.local/lib/python3.8/site-packages/airflow/example_dags/example_complex.py
[2024-02-14T16:23:24.172+0000] {logging_mixin.py:188} INFO - [2024-02-14T16:23:24.172+0000] {dag.py:3033} INFO - Sync 1 DAGs
[2024-02-14T16:23:24.179+0000] {logging_mixin.py:188} INFO - [2024-02-14T16:23:24.179+0000] {dag.py:3820} INFO - Setting next_dagrun for example_complex to None, run_after=None
[2024-02-14T16:23:24.188+0000] {processor.py:183} INFO - Processing /home/airflow/.local/lib/python3.8/site-packages/airflow/example_dags/example_complex.py took 0.066 seconds
[2024-02-14T16:23:54.256+0000] {processor.py:161} INFO - Started process (PID=2399) to work on /home/airflow/.local/lib/python3.8/site-packages/airflow/example_dags/example_complex.py
[2024-02-14T16:23:54.258+0000] {processor.py:830} INFO - Processing file /home/airflow/.local/lib/python3.8/site-packages/airflow/example_dags/example_complex.py for tasks to queue
[2024-02-14T16:23:54.262+0000] {logging_mixin.py:188} INFO - [2024-02-14T16:23:54.261+0000] {dagbag.py:538} INFO - Filling up the DagBag from /home/airflow/.local/lib/python3.8/site-packages/airflow/example_dags/example_complex.py
[2024-02-14T16:23:54.274+0000] {processor.py:840} INFO - DAG(s) 'example_complex' retrieved from /home/airflow/.local/lib/python3.8/site-packages/airflow/example_dags/example_complex.py
[2024-02-14T16:23:54.304+0000] {logging_mixin.py:188} INFO - [2024-02-14T16:23:54.304+0000] {dag.py:3033} INFO - Sync 1 DAGs
[2024-02-14T16:23:54.312+0000] {logging_mixin.py:188} INFO - [2024-02-14T16:23:54.312+0000] {dag.py:3820} INFO - Setting next_dagrun for example_complex to None, run_after=None
[2024-02-14T16:23:54.325+0000] {processor.py:183} INFO - Processing /home/airflow/.local/lib/python3.8/site-packages/airflow/example_dags/example_complex.py took 0.075 seconds
[2024-02-14T16:24:24.537+0000] {processor.py:161} INFO - Started process (PID=2456) to work on /home/airflow/.local/lib/python3.8/site-packages/airflow/example_dags/example_complex.py
[2024-02-14T16:24:24.539+0000] {processor.py:830} INFO - Processing file /home/airflow/.local/lib/python3.8/site-packages/airflow/example_dags/example_complex.py for tasks to queue
[2024-02-14T16:24:24.542+0000] {logging_mixin.py:188} INFO - [2024-02-14T16:24:24.542+0000] {dagbag.py:538} INFO - Filling up the DagBag from /home/airflow/.local/lib/python3.8/site-packages/airflow/example_dags/example_complex.py
[2024-02-14T16:24:24.552+0000] {processor.py:840} INFO - DAG(s) 'example_complex' retrieved from /home/airflow/.local/lib/python3.8/site-packages/airflow/example_dags/example_complex.py
[2024-02-14T16:24:24.575+0000] {logging_mixin.py:188} INFO - [2024-02-14T16:24:24.574+0000] {dag.py:3033} INFO - Sync 1 DAGs
[2024-02-14T16:24:24.582+0000] {logging_mixin.py:188} INFO - [2024-02-14T16:24:24.582+0000] {dag.py:3820} INFO - Setting next_dagrun for example_complex to None, run_after=None
[2024-02-14T16:24:24.592+0000] {processor.py:183} INFO - Processing /home/airflow/.local/lib/python3.8/site-packages/airflow/example_dags/example_complex.py took 0.061 seconds
