[2024-02-14T16:03:07.394+0000] {processor.py:161} INFO - Started process (PID=58) to work on /home/airflow/.local/lib/python3.8/site-packages/airflow/example_dags/tutorial.py
[2024-02-14T16:03:07.395+0000] {processor.py:830} INFO - Processing file /home/airflow/.local/lib/python3.8/site-packages/airflow/example_dags/tutorial.py for tasks to queue
[2024-02-14T16:03:07.398+0000] {logging_mixin.py:188} INFO - [2024-02-14T16:03:07.398+0000] {dagbag.py:538} INFO - Filling up the DagBag from /home/airflow/.local/lib/python3.8/site-packages/airflow/example_dags/tutorial.py
[2024-02-14T16:03:07.406+0000] {processor.py:840} INFO - DAG(s) 'tutorial' retrieved from /home/airflow/.local/lib/python3.8/site-packages/airflow/example_dags/tutorial.py
[2024-02-14T16:03:07.416+0000] {logging_mixin.py:188} INFO - [2024-02-14T16:03:07.416+0000] {dag.py:3033} INFO - Sync 1 DAGs
[2024-02-14T16:03:07.433+0000] {logging_mixin.py:188} INFO - [2024-02-14T16:03:07.433+0000] {dag.py:3820} INFO - Setting next_dagrun for tutorial to 2024-02-13T00:00:00+00:00, run_after=2024-02-14T00:00:00+00:00
[2024-02-14T16:03:07.446+0000] {processor.py:183} INFO - Processing /home/airflow/.local/lib/python3.8/site-packages/airflow/example_dags/tutorial.py took 0.055 seconds
[2024-02-14T16:03:37.693+0000] {processor.py:161} INFO - Started process (PID=115) to work on /home/airflow/.local/lib/python3.8/site-packages/airflow/example_dags/tutorial.py
[2024-02-14T16:03:37.694+0000] {processor.py:830} INFO - Processing file /home/airflow/.local/lib/python3.8/site-packages/airflow/example_dags/tutorial.py for tasks to queue
[2024-02-14T16:03:37.695+0000] {logging_mixin.py:188} INFO - [2024-02-14T16:03:37.695+0000] {dagbag.py:538} INFO - Filling up the DagBag from /home/airflow/.local/lib/python3.8/site-packages/airflow/example_dags/tutorial.py
[2024-02-14T16:03:37.699+0000] {processor.py:840} INFO - DAG(s) 'tutorial' retrieved from /home/airflow/.local/lib/python3.8/site-packages/airflow/example_dags/tutorial.py
[2024-02-14T16:03:37.750+0000] {logging_mixin.py:188} INFO - [2024-02-14T16:03:37.750+0000] {dag.py:3033} INFO - Sync 1 DAGs
[2024-02-14T16:03:37.760+0000] {logging_mixin.py:188} INFO - [2024-02-14T16:03:37.760+0000] {dag.py:3820} INFO - Setting next_dagrun for tutorial to 2024-02-13T00:00:00+00:00, run_after=2024-02-14T00:00:00+00:00
[2024-02-14T16:03:37.770+0000] {processor.py:183} INFO - Processing /home/airflow/.local/lib/python3.8/site-packages/airflow/example_dags/tutorial.py took 0.078 seconds
[2024-02-14T16:04:08.430+0000] {processor.py:161} INFO - Started process (PID=172) to work on /home/airflow/.local/lib/python3.8/site-packages/airflow/example_dags/tutorial.py
[2024-02-14T16:04:08.431+0000] {processor.py:830} INFO - Processing file /home/airflow/.local/lib/python3.8/site-packages/airflow/example_dags/tutorial.py for tasks to queue
[2024-02-14T16:04:08.432+0000] {logging_mixin.py:188} INFO - [2024-02-14T16:04:08.432+0000] {dagbag.py:538} INFO - Filling up the DagBag from /home/airflow/.local/lib/python3.8/site-packages/airflow/example_dags/tutorial.py
[2024-02-14T16:04:08.436+0000] {processor.py:840} INFO - DAG(s) 'tutorial' retrieved from /home/airflow/.local/lib/python3.8/site-packages/airflow/example_dags/tutorial.py
[2024-02-14T16:04:08.447+0000] {logging_mixin.py:188} INFO - [2024-02-14T16:04:08.447+0000] {dag.py:3033} INFO - Sync 1 DAGs
[2024-02-14T16:04:08.457+0000] {logging_mixin.py:188} INFO - [2024-02-14T16:04:08.457+0000] {dag.py:3820} INFO - Setting next_dagrun for tutorial to 2024-02-13T00:00:00+00:00, run_after=2024-02-14T00:00:00+00:00
[2024-02-14T16:04:08.466+0000] {processor.py:183} INFO - Processing /home/airflow/.local/lib/python3.8/site-packages/airflow/example_dags/tutorial.py took 0.038 seconds
[2024-02-14T16:04:38.627+0000] {processor.py:161} INFO - Started process (PID=229) to work on /home/airflow/.local/lib/python3.8/site-packages/airflow/example_dags/tutorial.py
[2024-02-14T16:04:38.628+0000] {processor.py:830} INFO - Processing file /home/airflow/.local/lib/python3.8/site-packages/airflow/example_dags/tutorial.py for tasks to queue
[2024-02-14T16:04:38.629+0000] {logging_mixin.py:188} INFO - [2024-02-14T16:04:38.629+0000] {dagbag.py:538} INFO - Filling up the DagBag from /home/airflow/.local/lib/python3.8/site-packages/airflow/example_dags/tutorial.py
[2024-02-14T16:04:38.634+0000] {processor.py:840} INFO - DAG(s) 'tutorial' retrieved from /home/airflow/.local/lib/python3.8/site-packages/airflow/example_dags/tutorial.py
[2024-02-14T16:04:38.661+0000] {logging_mixin.py:188} INFO - [2024-02-14T16:04:38.661+0000] {dag.py:3033} INFO - Sync 1 DAGs
[2024-02-14T16:04:38.677+0000] {logging_mixin.py:188} INFO - [2024-02-14T16:04:38.677+0000] {dag.py:3820} INFO - Setting next_dagrun for tutorial to 2024-02-13T00:00:00+00:00, run_after=2024-02-14T00:00:00+00:00
[2024-02-14T16:04:38.693+0000] {processor.py:183} INFO - Processing /home/airflow/.local/lib/python3.8/site-packages/airflow/example_dags/tutorial.py took 0.068 seconds
[2024-02-14T16:05:08.956+0000] {processor.py:161} INFO - Started process (PID=286) to work on /home/airflow/.local/lib/python3.8/site-packages/airflow/example_dags/tutorial.py
[2024-02-14T16:05:08.957+0000] {processor.py:830} INFO - Processing file /home/airflow/.local/lib/python3.8/site-packages/airflow/example_dags/tutorial.py for tasks to queue
[2024-02-14T16:05:08.958+0000] {logging_mixin.py:188} INFO - [2024-02-14T16:05:08.958+0000] {dagbag.py:538} INFO - Filling up the DagBag from /home/airflow/.local/lib/python3.8/site-packages/airflow/example_dags/tutorial.py
[2024-02-14T16:05:08.962+0000] {processor.py:840} INFO - DAG(s) 'tutorial' retrieved from /home/airflow/.local/lib/python3.8/site-packages/airflow/example_dags/tutorial.py
[2024-02-14T16:05:08.972+0000] {logging_mixin.py:188} INFO - [2024-02-14T16:05:08.972+0000] {dag.py:3033} INFO - Sync 1 DAGs
[2024-02-14T16:05:08.983+0000] {logging_mixin.py:188} INFO - [2024-02-14T16:05:08.983+0000] {dag.py:3820} INFO - Setting next_dagrun for tutorial to 2024-02-13T00:00:00+00:00, run_after=2024-02-14T00:00:00+00:00
[2024-02-14T16:05:08.992+0000] {processor.py:183} INFO - Processing /home/airflow/.local/lib/python3.8/site-packages/airflow/example_dags/tutorial.py took 0.037 seconds
[2024-02-14T16:05:39.140+0000] {processor.py:161} INFO - Started process (PID=343) to work on /home/airflow/.local/lib/python3.8/site-packages/airflow/example_dags/tutorial.py
[2024-02-14T16:05:39.140+0000] {processor.py:830} INFO - Processing file /home/airflow/.local/lib/python3.8/site-packages/airflow/example_dags/tutorial.py for tasks to queue
[2024-02-14T16:05:39.142+0000] {logging_mixin.py:188} INFO - [2024-02-14T16:05:39.142+0000] {dagbag.py:538} INFO - Filling up the DagBag from /home/airflow/.local/lib/python3.8/site-packages/airflow/example_dags/tutorial.py
[2024-02-14T16:05:39.146+0000] {processor.py:840} INFO - DAG(s) 'tutorial' retrieved from /home/airflow/.local/lib/python3.8/site-packages/airflow/example_dags/tutorial.py
[2024-02-14T16:05:39.160+0000] {logging_mixin.py:188} INFO - [2024-02-14T16:05:39.160+0000] {dag.py:3033} INFO - Sync 1 DAGs
[2024-02-14T16:05:39.172+0000] {logging_mixin.py:188} INFO - [2024-02-14T16:05:39.172+0000] {dag.py:3820} INFO - Setting next_dagrun for tutorial to 2024-02-13T00:00:00+00:00, run_after=2024-02-14T00:00:00+00:00
[2024-02-14T16:05:39.183+0000] {processor.py:183} INFO - Processing /home/airflow/.local/lib/python3.8/site-packages/airflow/example_dags/tutorial.py took 0.045 seconds
[2024-02-14T16:06:09.234+0000] {processor.py:161} INFO - Started process (PID=400) to work on /home/airflow/.local/lib/python3.8/site-packages/airflow/example_dags/tutorial.py
[2024-02-14T16:06:09.234+0000] {processor.py:830} INFO - Processing file /home/airflow/.local/lib/python3.8/site-packages/airflow/example_dags/tutorial.py for tasks to queue
[2024-02-14T16:06:09.236+0000] {logging_mixin.py:188} INFO - [2024-02-14T16:06:09.236+0000] {dagbag.py:538} INFO - Filling up the DagBag from /home/airflow/.local/lib/python3.8/site-packages/airflow/example_dags/tutorial.py
[2024-02-14T16:06:09.240+0000] {processor.py:840} INFO - DAG(s) 'tutorial' retrieved from /home/airflow/.local/lib/python3.8/site-packages/airflow/example_dags/tutorial.py
[2024-02-14T16:06:09.252+0000] {logging_mixin.py:188} INFO - [2024-02-14T16:06:09.252+0000] {dag.py:3033} INFO - Sync 1 DAGs
[2024-02-14T16:06:09.263+0000] {logging_mixin.py:188} INFO - [2024-02-14T16:06:09.263+0000] {dag.py:3820} INFO - Setting next_dagrun for tutorial to 2024-02-13T00:00:00+00:00, run_after=2024-02-14T00:00:00+00:00
[2024-02-14T16:06:09.272+0000] {processor.py:183} INFO - Processing /home/airflow/.local/lib/python3.8/site-packages/airflow/example_dags/tutorial.py took 0.041 seconds
[2024-02-14T16:06:39.339+0000] {processor.py:161} INFO - Started process (PID=456) to work on /home/airflow/.local/lib/python3.8/site-packages/airflow/example_dags/tutorial.py
[2024-02-14T16:06:39.339+0000] {processor.py:830} INFO - Processing file /home/airflow/.local/lib/python3.8/site-packages/airflow/example_dags/tutorial.py for tasks to queue
[2024-02-14T16:06:39.341+0000] {logging_mixin.py:188} INFO - [2024-02-14T16:06:39.341+0000] {dagbag.py:538} INFO - Filling up the DagBag from /home/airflow/.local/lib/python3.8/site-packages/airflow/example_dags/tutorial.py
[2024-02-14T16:06:39.345+0000] {processor.py:840} INFO - DAG(s) 'tutorial' retrieved from /home/airflow/.local/lib/python3.8/site-packages/airflow/example_dags/tutorial.py
[2024-02-14T16:06:39.358+0000] {logging_mixin.py:188} INFO - [2024-02-14T16:06:39.358+0000] {dag.py:3033} INFO - Sync 1 DAGs
[2024-02-14T16:06:39.368+0000] {logging_mixin.py:188} INFO - [2024-02-14T16:06:39.368+0000] {dag.py:3820} INFO - Setting next_dagrun for tutorial to 2024-02-13T00:00:00+00:00, run_after=2024-02-14T00:00:00+00:00
[2024-02-14T16:06:39.377+0000] {processor.py:183} INFO - Processing /home/airflow/.local/lib/python3.8/site-packages/airflow/example_dags/tutorial.py took 0.041 seconds
[2024-02-14T16:07:09.525+0000] {processor.py:161} INFO - Started process (PID=513) to work on /home/airflow/.local/lib/python3.8/site-packages/airflow/example_dags/tutorial.py
[2024-02-14T16:07:09.526+0000] {processor.py:830} INFO - Processing file /home/airflow/.local/lib/python3.8/site-packages/airflow/example_dags/tutorial.py for tasks to queue
[2024-02-14T16:07:09.527+0000] {logging_mixin.py:188} INFO - [2024-02-14T16:07:09.527+0000] {dagbag.py:538} INFO - Filling up the DagBag from /home/airflow/.local/lib/python3.8/site-packages/airflow/example_dags/tutorial.py
[2024-02-14T16:07:09.531+0000] {processor.py:840} INFO - DAG(s) 'tutorial' retrieved from /home/airflow/.local/lib/python3.8/site-packages/airflow/example_dags/tutorial.py
[2024-02-14T16:07:09.543+0000] {logging_mixin.py:188} INFO - [2024-02-14T16:07:09.543+0000] {dag.py:3033} INFO - Sync 1 DAGs
[2024-02-14T16:07:09.555+0000] {logging_mixin.py:188} INFO - [2024-02-14T16:07:09.554+0000] {dag.py:3820} INFO - Setting next_dagrun for tutorial to 2024-02-13T00:00:00+00:00, run_after=2024-02-14T00:00:00+00:00
[2024-02-14T16:07:09.564+0000] {processor.py:183} INFO - Processing /home/airflow/.local/lib/python3.8/site-packages/airflow/example_dags/tutorial.py took 0.042 seconds
[2024-02-14T16:07:39.754+0000] {processor.py:161} INFO - Started process (PID=570) to work on /home/airflow/.local/lib/python3.8/site-packages/airflow/example_dags/tutorial.py
[2024-02-14T16:07:39.755+0000] {processor.py:830} INFO - Processing file /home/airflow/.local/lib/python3.8/site-packages/airflow/example_dags/tutorial.py for tasks to queue
[2024-02-14T16:07:39.756+0000] {logging_mixin.py:188} INFO - [2024-02-14T16:07:39.756+0000] {dagbag.py:538} INFO - Filling up the DagBag from /home/airflow/.local/lib/python3.8/site-packages/airflow/example_dags/tutorial.py
[2024-02-14T16:07:39.761+0000] {processor.py:840} INFO - DAG(s) 'tutorial' retrieved from /home/airflow/.local/lib/python3.8/site-packages/airflow/example_dags/tutorial.py
[2024-02-14T16:07:39.774+0000] {logging_mixin.py:188} INFO - [2024-02-14T16:07:39.774+0000] {dag.py:3033} INFO - Sync 1 DAGs
[2024-02-14T16:07:39.786+0000] {logging_mixin.py:188} INFO - [2024-02-14T16:07:39.786+0000] {dag.py:3820} INFO - Setting next_dagrun for tutorial to 2024-02-13T00:00:00+00:00, run_after=2024-02-14T00:00:00+00:00
[2024-02-14T16:07:39.796+0000] {processor.py:183} INFO - Processing /home/airflow/.local/lib/python3.8/site-packages/airflow/example_dags/tutorial.py took 0.044 seconds
[2024-02-14T16:08:10.066+0000] {processor.py:161} INFO - Started process (PID=627) to work on /home/airflow/.local/lib/python3.8/site-packages/airflow/example_dags/tutorial.py
[2024-02-14T16:08:10.066+0000] {processor.py:830} INFO - Processing file /home/airflow/.local/lib/python3.8/site-packages/airflow/example_dags/tutorial.py for tasks to queue
[2024-02-14T16:08:10.068+0000] {logging_mixin.py:188} INFO - [2024-02-14T16:08:10.067+0000] {dagbag.py:538} INFO - Filling up the DagBag from /home/airflow/.local/lib/python3.8/site-packages/airflow/example_dags/tutorial.py
[2024-02-14T16:08:10.071+0000] {processor.py:840} INFO - DAG(s) 'tutorial' retrieved from /home/airflow/.local/lib/python3.8/site-packages/airflow/example_dags/tutorial.py
[2024-02-14T16:08:10.084+0000] {logging_mixin.py:188} INFO - [2024-02-14T16:08:10.084+0000] {dag.py:3033} INFO - Sync 1 DAGs
[2024-02-14T16:08:10.097+0000] {logging_mixin.py:188} INFO - [2024-02-14T16:08:10.097+0000] {dag.py:3820} INFO - Setting next_dagrun for tutorial to 2024-02-13T00:00:00+00:00, run_after=2024-02-14T00:00:00+00:00
[2024-02-14T16:08:10.106+0000] {processor.py:183} INFO - Processing /home/airflow/.local/lib/python3.8/site-packages/airflow/example_dags/tutorial.py took 0.043 seconds
[2024-02-14T16:08:40.251+0000] {processor.py:161} INFO - Started process (PID=684) to work on /home/airflow/.local/lib/python3.8/site-packages/airflow/example_dags/tutorial.py
[2024-02-14T16:08:40.252+0000] {processor.py:830} INFO - Processing file /home/airflow/.local/lib/python3.8/site-packages/airflow/example_dags/tutorial.py for tasks to queue
[2024-02-14T16:08:40.253+0000] {logging_mixin.py:188} INFO - [2024-02-14T16:08:40.253+0000] {dagbag.py:538} INFO - Filling up the DagBag from /home/airflow/.local/lib/python3.8/site-packages/airflow/example_dags/tutorial.py
[2024-02-14T16:08:40.257+0000] {processor.py:840} INFO - DAG(s) 'tutorial' retrieved from /home/airflow/.local/lib/python3.8/site-packages/airflow/example_dags/tutorial.py
[2024-02-14T16:08:40.269+0000] {logging_mixin.py:188} INFO - [2024-02-14T16:08:40.269+0000] {dag.py:3033} INFO - Sync 1 DAGs
[2024-02-14T16:08:40.280+0000] {logging_mixin.py:188} INFO - [2024-02-14T16:08:40.280+0000] {dag.py:3820} INFO - Setting next_dagrun for tutorial to 2024-02-13T00:00:00+00:00, run_after=2024-02-14T00:00:00+00:00
[2024-02-14T16:08:40.290+0000] {processor.py:183} INFO - Processing /home/airflow/.local/lib/python3.8/site-packages/airflow/example_dags/tutorial.py took 0.041 seconds
[2024-02-14T16:09:10.333+0000] {processor.py:161} INFO - Started process (PID=741) to work on /home/airflow/.local/lib/python3.8/site-packages/airflow/example_dags/tutorial.py
[2024-02-14T16:09:10.333+0000] {processor.py:830} INFO - Processing file /home/airflow/.local/lib/python3.8/site-packages/airflow/example_dags/tutorial.py for tasks to queue
[2024-02-14T16:09:10.335+0000] {logging_mixin.py:188} INFO - [2024-02-14T16:09:10.335+0000] {dagbag.py:538} INFO - Filling up the DagBag from /home/airflow/.local/lib/python3.8/site-packages/airflow/example_dags/tutorial.py
[2024-02-14T16:09:10.339+0000] {processor.py:840} INFO - DAG(s) 'tutorial' retrieved from /home/airflow/.local/lib/python3.8/site-packages/airflow/example_dags/tutorial.py
[2024-02-14T16:09:10.351+0000] {logging_mixin.py:188} INFO - [2024-02-14T16:09:10.351+0000] {dag.py:3033} INFO - Sync 1 DAGs
[2024-02-14T16:09:10.364+0000] {logging_mixin.py:188} INFO - [2024-02-14T16:09:10.364+0000] {dag.py:3820} INFO - Setting next_dagrun for tutorial to 2024-02-13T00:00:00+00:00, run_after=2024-02-14T00:00:00+00:00
[2024-02-14T16:09:10.373+0000] {processor.py:183} INFO - Processing /home/airflow/.local/lib/python3.8/site-packages/airflow/example_dags/tutorial.py took 0.042 seconds
[2024-02-14T16:09:40.413+0000] {processor.py:161} INFO - Started process (PID=798) to work on /home/airflow/.local/lib/python3.8/site-packages/airflow/example_dags/tutorial.py
[2024-02-14T16:09:40.413+0000] {processor.py:830} INFO - Processing file /home/airflow/.local/lib/python3.8/site-packages/airflow/example_dags/tutorial.py for tasks to queue
[2024-02-14T16:09:40.415+0000] {logging_mixin.py:188} INFO - [2024-02-14T16:09:40.415+0000] {dagbag.py:538} INFO - Filling up the DagBag from /home/airflow/.local/lib/python3.8/site-packages/airflow/example_dags/tutorial.py
[2024-02-14T16:09:40.419+0000] {processor.py:840} INFO - DAG(s) 'tutorial' retrieved from /home/airflow/.local/lib/python3.8/site-packages/airflow/example_dags/tutorial.py
[2024-02-14T16:09:40.431+0000] {logging_mixin.py:188} INFO - [2024-02-14T16:09:40.431+0000] {dag.py:3033} INFO - Sync 1 DAGs
[2024-02-14T16:09:40.442+0000] {logging_mixin.py:188} INFO - [2024-02-14T16:09:40.442+0000] {dag.py:3820} INFO - Setting next_dagrun for tutorial to 2024-02-13T00:00:00+00:00, run_after=2024-02-14T00:00:00+00:00
[2024-02-14T16:09:40.452+0000] {processor.py:183} INFO - Processing /home/airflow/.local/lib/python3.8/site-packages/airflow/example_dags/tutorial.py took 0.041 seconds
[2024-02-14T16:10:10.678+0000] {processor.py:161} INFO - Started process (PID=855) to work on /home/airflow/.local/lib/python3.8/site-packages/airflow/example_dags/tutorial.py
[2024-02-14T16:10:10.678+0000] {processor.py:830} INFO - Processing file /home/airflow/.local/lib/python3.8/site-packages/airflow/example_dags/tutorial.py for tasks to queue
[2024-02-14T16:10:10.680+0000] {logging_mixin.py:188} INFO - [2024-02-14T16:10:10.680+0000] {dagbag.py:538} INFO - Filling up the DagBag from /home/airflow/.local/lib/python3.8/site-packages/airflow/example_dags/tutorial.py
[2024-02-14T16:10:10.684+0000] {processor.py:840} INFO - DAG(s) 'tutorial' retrieved from /home/airflow/.local/lib/python3.8/site-packages/airflow/example_dags/tutorial.py
[2024-02-14T16:10:10.696+0000] {logging_mixin.py:188} INFO - [2024-02-14T16:10:10.696+0000] {dag.py:3033} INFO - Sync 1 DAGs
[2024-02-14T16:10:10.708+0000] {logging_mixin.py:188} INFO - [2024-02-14T16:10:10.708+0000] {dag.py:3820} INFO - Setting next_dagrun for tutorial to 2024-02-13T00:00:00+00:00, run_after=2024-02-14T00:00:00+00:00
[2024-02-14T16:10:10.717+0000] {processor.py:183} INFO - Processing /home/airflow/.local/lib/python3.8/site-packages/airflow/example_dags/tutorial.py took 0.042 seconds
[2024-02-14T16:10:41.000+0000] {processor.py:161} INFO - Started process (PID=912) to work on /home/airflow/.local/lib/python3.8/site-packages/airflow/example_dags/tutorial.py
[2024-02-14T16:10:41.000+0000] {processor.py:830} INFO - Processing file /home/airflow/.local/lib/python3.8/site-packages/airflow/example_dags/tutorial.py for tasks to queue
[2024-02-14T16:10:41.002+0000] {logging_mixin.py:188} INFO - [2024-02-14T16:10:41.002+0000] {dagbag.py:538} INFO - Filling up the DagBag from /home/airflow/.local/lib/python3.8/site-packages/airflow/example_dags/tutorial.py
[2024-02-14T16:10:41.006+0000] {processor.py:840} INFO - DAG(s) 'tutorial' retrieved from /home/airflow/.local/lib/python3.8/site-packages/airflow/example_dags/tutorial.py
[2024-02-14T16:10:41.019+0000] {logging_mixin.py:188} INFO - [2024-02-14T16:10:41.018+0000] {dag.py:3033} INFO - Sync 1 DAGs
[2024-02-14T16:10:41.029+0000] {logging_mixin.py:188} INFO - [2024-02-14T16:10:41.029+0000] {dag.py:3820} INFO - Setting next_dagrun for tutorial to 2024-02-13T00:00:00+00:00, run_after=2024-02-14T00:00:00+00:00
[2024-02-14T16:10:41.038+0000] {processor.py:183} INFO - Processing /home/airflow/.local/lib/python3.8/site-packages/airflow/example_dags/tutorial.py took 0.041 seconds
[2024-02-14T16:11:11.154+0000] {processor.py:161} INFO - Started process (PID=969) to work on /home/airflow/.local/lib/python3.8/site-packages/airflow/example_dags/tutorial.py
[2024-02-14T16:11:11.155+0000] {processor.py:830} INFO - Processing file /home/airflow/.local/lib/python3.8/site-packages/airflow/example_dags/tutorial.py for tasks to queue
[2024-02-14T16:11:11.156+0000] {logging_mixin.py:188} INFO - [2024-02-14T16:11:11.156+0000] {dagbag.py:538} INFO - Filling up the DagBag from /home/airflow/.local/lib/python3.8/site-packages/airflow/example_dags/tutorial.py
[2024-02-14T16:11:11.160+0000] {processor.py:840} INFO - DAG(s) 'tutorial' retrieved from /home/airflow/.local/lib/python3.8/site-packages/airflow/example_dags/tutorial.py
[2024-02-14T16:11:11.172+0000] {logging_mixin.py:188} INFO - [2024-02-14T16:11:11.172+0000] {dag.py:3033} INFO - Sync 1 DAGs
[2024-02-14T16:11:11.184+0000] {logging_mixin.py:188} INFO - [2024-02-14T16:11:11.183+0000] {dag.py:3820} INFO - Setting next_dagrun for tutorial to 2024-02-13T00:00:00+00:00, run_after=2024-02-14T00:00:00+00:00
[2024-02-14T16:11:11.192+0000] {processor.py:183} INFO - Processing /home/airflow/.local/lib/python3.8/site-packages/airflow/example_dags/tutorial.py took 0.040 seconds
[2024-02-14T16:11:41.331+0000] {processor.py:161} INFO - Started process (PID=1026) to work on /home/airflow/.local/lib/python3.8/site-packages/airflow/example_dags/tutorial.py
[2024-02-14T16:11:41.332+0000] {processor.py:830} INFO - Processing file /home/airflow/.local/lib/python3.8/site-packages/airflow/example_dags/tutorial.py for tasks to queue
[2024-02-14T16:11:41.333+0000] {logging_mixin.py:188} INFO - [2024-02-14T16:11:41.333+0000] {dagbag.py:538} INFO - Filling up the DagBag from /home/airflow/.local/lib/python3.8/site-packages/airflow/example_dags/tutorial.py
[2024-02-14T16:11:41.337+0000] {processor.py:840} INFO - DAG(s) 'tutorial' retrieved from /home/airflow/.local/lib/python3.8/site-packages/airflow/example_dags/tutorial.py
[2024-02-14T16:11:41.350+0000] {logging_mixin.py:188} INFO - [2024-02-14T16:11:41.350+0000] {dag.py:3033} INFO - Sync 1 DAGs
[2024-02-14T16:11:41.362+0000] {logging_mixin.py:188} INFO - [2024-02-14T16:11:41.362+0000] {dag.py:3820} INFO - Setting next_dagrun for tutorial to 2024-02-13T00:00:00+00:00, run_after=2024-02-14T00:00:00+00:00
[2024-02-14T16:11:41.373+0000] {processor.py:183} INFO - Processing /home/airflow/.local/lib/python3.8/site-packages/airflow/example_dags/tutorial.py took 0.044 seconds
[2024-02-14T16:12:11.424+0000] {processor.py:161} INFO - Started process (PID=1082) to work on /home/airflow/.local/lib/python3.8/site-packages/airflow/example_dags/tutorial.py
[2024-02-14T16:12:11.424+0000] {processor.py:830} INFO - Processing file /home/airflow/.local/lib/python3.8/site-packages/airflow/example_dags/tutorial.py for tasks to queue
[2024-02-14T16:12:11.426+0000] {logging_mixin.py:188} INFO - [2024-02-14T16:12:11.426+0000] {dagbag.py:538} INFO - Filling up the DagBag from /home/airflow/.local/lib/python3.8/site-packages/airflow/example_dags/tutorial.py
[2024-02-14T16:12:11.430+0000] {processor.py:840} INFO - DAG(s) 'tutorial' retrieved from /home/airflow/.local/lib/python3.8/site-packages/airflow/example_dags/tutorial.py
[2024-02-14T16:12:11.443+0000] {logging_mixin.py:188} INFO - [2024-02-14T16:12:11.443+0000] {dag.py:3033} INFO - Sync 1 DAGs
[2024-02-14T16:12:11.454+0000] {logging_mixin.py:188} INFO - [2024-02-14T16:12:11.454+0000] {dag.py:3820} INFO - Setting next_dagrun for tutorial to 2024-02-13T00:00:00+00:00, run_after=2024-02-14T00:00:00+00:00
[2024-02-14T16:12:11.463+0000] {processor.py:183} INFO - Processing /home/airflow/.local/lib/python3.8/site-packages/airflow/example_dags/tutorial.py took 0.042 seconds
[2024-02-14T16:12:41.681+0000] {processor.py:161} INFO - Started process (PID=1139) to work on /home/airflow/.local/lib/python3.8/site-packages/airflow/example_dags/tutorial.py
[2024-02-14T16:12:41.681+0000] {processor.py:830} INFO - Processing file /home/airflow/.local/lib/python3.8/site-packages/airflow/example_dags/tutorial.py for tasks to queue
[2024-02-14T16:12:41.682+0000] {logging_mixin.py:188} INFO - [2024-02-14T16:12:41.682+0000] {dagbag.py:538} INFO - Filling up the DagBag from /home/airflow/.local/lib/python3.8/site-packages/airflow/example_dags/tutorial.py
[2024-02-14T16:12:41.686+0000] {processor.py:840} INFO - DAG(s) 'tutorial' retrieved from /home/airflow/.local/lib/python3.8/site-packages/airflow/example_dags/tutorial.py
[2024-02-14T16:12:41.697+0000] {logging_mixin.py:188} INFO - [2024-02-14T16:12:41.697+0000] {dag.py:3033} INFO - Sync 1 DAGs
[2024-02-14T16:12:41.707+0000] {logging_mixin.py:188} INFO - [2024-02-14T16:12:41.707+0000] {dag.py:3820} INFO - Setting next_dagrun for tutorial to 2024-02-13T00:00:00+00:00, run_after=2024-02-14T00:00:00+00:00
[2024-02-14T16:12:41.715+0000] {processor.py:183} INFO - Processing /home/airflow/.local/lib/python3.8/site-packages/airflow/example_dags/tutorial.py took 0.036 seconds
[2024-02-14T16:13:11.890+0000] {processor.py:161} INFO - Started process (PID=1196) to work on /home/airflow/.local/lib/python3.8/site-packages/airflow/example_dags/tutorial.py
[2024-02-14T16:13:11.890+0000] {processor.py:830} INFO - Processing file /home/airflow/.local/lib/python3.8/site-packages/airflow/example_dags/tutorial.py for tasks to queue
[2024-02-14T16:13:11.892+0000] {logging_mixin.py:188} INFO - [2024-02-14T16:13:11.892+0000] {dagbag.py:538} INFO - Filling up the DagBag from /home/airflow/.local/lib/python3.8/site-packages/airflow/example_dags/tutorial.py
[2024-02-14T16:13:11.896+0000] {processor.py:840} INFO - DAG(s) 'tutorial' retrieved from /home/airflow/.local/lib/python3.8/site-packages/airflow/example_dags/tutorial.py
[2024-02-14T16:13:11.907+0000] {logging_mixin.py:188} INFO - [2024-02-14T16:13:11.907+0000] {dag.py:3033} INFO - Sync 1 DAGs
[2024-02-14T16:13:11.919+0000] {logging_mixin.py:188} INFO - [2024-02-14T16:13:11.919+0000] {dag.py:3820} INFO - Setting next_dagrun for tutorial to 2024-02-13T00:00:00+00:00, run_after=2024-02-14T00:00:00+00:00
[2024-02-14T16:13:11.929+0000] {processor.py:183} INFO - Processing /home/airflow/.local/lib/python3.8/site-packages/airflow/example_dags/tutorial.py took 0.041 seconds
[2024-02-14T16:13:42.089+0000] {processor.py:161} INFO - Started process (PID=1253) to work on /home/airflow/.local/lib/python3.8/site-packages/airflow/example_dags/tutorial.py
[2024-02-14T16:13:42.090+0000] {processor.py:830} INFO - Processing file /home/airflow/.local/lib/python3.8/site-packages/airflow/example_dags/tutorial.py for tasks to queue
[2024-02-14T16:13:42.091+0000] {logging_mixin.py:188} INFO - [2024-02-14T16:13:42.091+0000] {dagbag.py:538} INFO - Filling up the DagBag from /home/airflow/.local/lib/python3.8/site-packages/airflow/example_dags/tutorial.py
[2024-02-14T16:13:42.095+0000] {processor.py:840} INFO - DAG(s) 'tutorial' retrieved from /home/airflow/.local/lib/python3.8/site-packages/airflow/example_dags/tutorial.py
[2024-02-14T16:13:42.108+0000] {logging_mixin.py:188} INFO - [2024-02-14T16:13:42.108+0000] {dag.py:3033} INFO - Sync 1 DAGs
[2024-02-14T16:13:42.120+0000] {logging_mixin.py:188} INFO - [2024-02-14T16:13:42.120+0000] {dag.py:3820} INFO - Setting next_dagrun for tutorial to 2024-02-13T00:00:00+00:00, run_after=2024-02-14T00:00:00+00:00
[2024-02-14T16:13:42.131+0000] {processor.py:183} INFO - Processing /home/airflow/.local/lib/python3.8/site-packages/airflow/example_dags/tutorial.py took 0.044 seconds
[2024-02-14T16:14:12.225+0000] {processor.py:161} INFO - Started process (PID=1310) to work on /home/airflow/.local/lib/python3.8/site-packages/airflow/example_dags/tutorial.py
[2024-02-14T16:14:12.226+0000] {processor.py:830} INFO - Processing file /home/airflow/.local/lib/python3.8/site-packages/airflow/example_dags/tutorial.py for tasks to queue
[2024-02-14T16:14:12.227+0000] {logging_mixin.py:188} INFO - [2024-02-14T16:14:12.227+0000] {dagbag.py:538} INFO - Filling up the DagBag from /home/airflow/.local/lib/python3.8/site-packages/airflow/example_dags/tutorial.py
[2024-02-14T16:14:12.231+0000] {processor.py:840} INFO - DAG(s) 'tutorial' retrieved from /home/airflow/.local/lib/python3.8/site-packages/airflow/example_dags/tutorial.py
[2024-02-14T16:14:12.244+0000] {logging_mixin.py:188} INFO - [2024-02-14T16:14:12.244+0000] {dag.py:3033} INFO - Sync 1 DAGs
[2024-02-14T16:14:12.256+0000] {logging_mixin.py:188} INFO - [2024-02-14T16:14:12.256+0000] {dag.py:3820} INFO - Setting next_dagrun for tutorial to 2024-02-13T00:00:00+00:00, run_after=2024-02-14T00:00:00+00:00
[2024-02-14T16:14:12.266+0000] {processor.py:183} INFO - Processing /home/airflow/.local/lib/python3.8/site-packages/airflow/example_dags/tutorial.py took 0.043 seconds
[2024-02-14T16:14:42.490+0000] {processor.py:161} INFO - Started process (PID=1367) to work on /home/airflow/.local/lib/python3.8/site-packages/airflow/example_dags/tutorial.py
[2024-02-14T16:14:42.491+0000] {processor.py:830} INFO - Processing file /home/airflow/.local/lib/python3.8/site-packages/airflow/example_dags/tutorial.py for tasks to queue
[2024-02-14T16:14:42.493+0000] {logging_mixin.py:188} INFO - [2024-02-14T16:14:42.493+0000] {dagbag.py:538} INFO - Filling up the DagBag from /home/airflow/.local/lib/python3.8/site-packages/airflow/example_dags/tutorial.py
[2024-02-14T16:14:42.497+0000] {processor.py:840} INFO - DAG(s) 'tutorial' retrieved from /home/airflow/.local/lib/python3.8/site-packages/airflow/example_dags/tutorial.py
[2024-02-14T16:14:42.509+0000] {logging_mixin.py:188} INFO - [2024-02-14T16:14:42.509+0000] {dag.py:3033} INFO - Sync 1 DAGs
[2024-02-14T16:14:42.521+0000] {logging_mixin.py:188} INFO - [2024-02-14T16:14:42.520+0000] {dag.py:3820} INFO - Setting next_dagrun for tutorial to 2024-02-13T00:00:00+00:00, run_after=2024-02-14T00:00:00+00:00
[2024-02-14T16:14:42.531+0000] {processor.py:183} INFO - Processing /home/airflow/.local/lib/python3.8/site-packages/airflow/example_dags/tutorial.py took 0.045 seconds
[2024-02-14T16:15:12.627+0000] {processor.py:161} INFO - Started process (PID=1423) to work on /home/airflow/.local/lib/python3.8/site-packages/airflow/example_dags/tutorial.py
[2024-02-14T16:15:12.627+0000] {processor.py:830} INFO - Processing file /home/airflow/.local/lib/python3.8/site-packages/airflow/example_dags/tutorial.py for tasks to queue
[2024-02-14T16:15:12.629+0000] {logging_mixin.py:188} INFO - [2024-02-14T16:15:12.629+0000] {dagbag.py:538} INFO - Filling up the DagBag from /home/airflow/.local/lib/python3.8/site-packages/airflow/example_dags/tutorial.py
[2024-02-14T16:15:12.633+0000] {processor.py:840} INFO - DAG(s) 'tutorial' retrieved from /home/airflow/.local/lib/python3.8/site-packages/airflow/example_dags/tutorial.py
[2024-02-14T16:15:12.645+0000] {logging_mixin.py:188} INFO - [2024-02-14T16:15:12.645+0000] {dag.py:3033} INFO - Sync 1 DAGs
[2024-02-14T16:15:12.655+0000] {logging_mixin.py:188} INFO - [2024-02-14T16:15:12.655+0000] {dag.py:3820} INFO - Setting next_dagrun for tutorial to 2024-02-13T00:00:00+00:00, run_after=2024-02-14T00:00:00+00:00
[2024-02-14T16:15:12.664+0000] {processor.py:183} INFO - Processing /home/airflow/.local/lib/python3.8/site-packages/airflow/example_dags/tutorial.py took 0.040 seconds
[2024-02-14T16:15:42.811+0000] {processor.py:161} INFO - Started process (PID=1478) to work on /home/airflow/.local/lib/python3.8/site-packages/airflow/example_dags/tutorial.py
[2024-02-14T16:15:42.812+0000] {processor.py:830} INFO - Processing file /home/airflow/.local/lib/python3.8/site-packages/airflow/example_dags/tutorial.py for tasks to queue
[2024-02-14T16:15:42.813+0000] {logging_mixin.py:188} INFO - [2024-02-14T16:15:42.813+0000] {dagbag.py:538} INFO - Filling up the DagBag from /home/airflow/.local/lib/python3.8/site-packages/airflow/example_dags/tutorial.py
[2024-02-14T16:15:42.817+0000] {processor.py:840} INFO - DAG(s) 'tutorial' retrieved from /home/airflow/.local/lib/python3.8/site-packages/airflow/example_dags/tutorial.py
[2024-02-14T16:15:42.829+0000] {logging_mixin.py:188} INFO - [2024-02-14T16:15:42.829+0000] {dag.py:3033} INFO - Sync 1 DAGs
[2024-02-14T16:15:42.840+0000] {logging_mixin.py:188} INFO - [2024-02-14T16:15:42.839+0000] {dag.py:3820} INFO - Setting next_dagrun for tutorial to 2024-02-13T00:00:00+00:00, run_after=2024-02-14T00:00:00+00:00
[2024-02-14T16:15:42.848+0000] {processor.py:183} INFO - Processing /home/airflow/.local/lib/python3.8/site-packages/airflow/example_dags/tutorial.py took 0.039 seconds
[2024-02-14T16:16:12.920+0000] {processor.py:161} INFO - Started process (PID=1535) to work on /home/airflow/.local/lib/python3.8/site-packages/airflow/example_dags/tutorial.py
[2024-02-14T16:16:12.920+0000] {processor.py:830} INFO - Processing file /home/airflow/.local/lib/python3.8/site-packages/airflow/example_dags/tutorial.py for tasks to queue
[2024-02-14T16:16:12.922+0000] {logging_mixin.py:188} INFO - [2024-02-14T16:16:12.922+0000] {dagbag.py:538} INFO - Filling up the DagBag from /home/airflow/.local/lib/python3.8/site-packages/airflow/example_dags/tutorial.py
[2024-02-14T16:16:12.925+0000] {processor.py:840} INFO - DAG(s) 'tutorial' retrieved from /home/airflow/.local/lib/python3.8/site-packages/airflow/example_dags/tutorial.py
[2024-02-14T16:16:12.937+0000] {logging_mixin.py:188} INFO - [2024-02-14T16:16:12.937+0000] {dag.py:3033} INFO - Sync 1 DAGs
[2024-02-14T16:16:12.947+0000] {logging_mixin.py:188} INFO - [2024-02-14T16:16:12.947+0000] {dag.py:3820} INFO - Setting next_dagrun for tutorial to 2024-02-13T00:00:00+00:00, run_after=2024-02-14T00:00:00+00:00
[2024-02-14T16:16:12.955+0000] {processor.py:183} INFO - Processing /home/airflow/.local/lib/python3.8/site-packages/airflow/example_dags/tutorial.py took 0.037 seconds
[2024-02-14T16:16:43.026+0000] {processor.py:161} INFO - Started process (PID=1592) to work on /home/airflow/.local/lib/python3.8/site-packages/airflow/example_dags/tutorial.py
[2024-02-14T16:16:43.027+0000] {processor.py:830} INFO - Processing file /home/airflow/.local/lib/python3.8/site-packages/airflow/example_dags/tutorial.py for tasks to queue
[2024-02-14T16:16:43.028+0000] {logging_mixin.py:188} INFO - [2024-02-14T16:16:43.028+0000] {dagbag.py:538} INFO - Filling up the DagBag from /home/airflow/.local/lib/python3.8/site-packages/airflow/example_dags/tutorial.py
[2024-02-14T16:16:43.033+0000] {processor.py:840} INFO - DAG(s) 'tutorial' retrieved from /home/airflow/.local/lib/python3.8/site-packages/airflow/example_dags/tutorial.py
[2024-02-14T16:16:43.045+0000] {logging_mixin.py:188} INFO - [2024-02-14T16:16:43.045+0000] {dag.py:3033} INFO - Sync 1 DAGs
[2024-02-14T16:16:43.056+0000] {logging_mixin.py:188} INFO - [2024-02-14T16:16:43.056+0000] {dag.py:3820} INFO - Setting next_dagrun for tutorial to 2024-02-13T00:00:00+00:00, run_after=2024-02-14T00:00:00+00:00
[2024-02-14T16:16:43.066+0000] {processor.py:183} INFO - Processing /home/airflow/.local/lib/python3.8/site-packages/airflow/example_dags/tutorial.py took 0.042 seconds
[2024-02-14T16:17:13.265+0000] {processor.py:161} INFO - Started process (PID=1649) to work on /home/airflow/.local/lib/python3.8/site-packages/airflow/example_dags/tutorial.py
[2024-02-14T16:17:13.266+0000] {processor.py:830} INFO - Processing file /home/airflow/.local/lib/python3.8/site-packages/airflow/example_dags/tutorial.py for tasks to queue
[2024-02-14T16:17:13.267+0000] {logging_mixin.py:188} INFO - [2024-02-14T16:17:13.267+0000] {dagbag.py:538} INFO - Filling up the DagBag from /home/airflow/.local/lib/python3.8/site-packages/airflow/example_dags/tutorial.py
[2024-02-14T16:17:13.271+0000] {processor.py:840} INFO - DAG(s) 'tutorial' retrieved from /home/airflow/.local/lib/python3.8/site-packages/airflow/example_dags/tutorial.py
[2024-02-14T16:17:13.284+0000] {logging_mixin.py:188} INFO - [2024-02-14T16:17:13.284+0000] {dag.py:3033} INFO - Sync 1 DAGs
[2024-02-14T16:17:13.294+0000] {logging_mixin.py:188} INFO - [2024-02-14T16:17:13.294+0000] {dag.py:3820} INFO - Setting next_dagrun for tutorial to 2024-02-13T00:00:00+00:00, run_after=2024-02-14T00:00:00+00:00
[2024-02-14T16:17:13.303+0000] {processor.py:183} INFO - Processing /home/airflow/.local/lib/python3.8/site-packages/airflow/example_dags/tutorial.py took 0.040 seconds
[2024-02-14T16:17:43.430+0000] {processor.py:161} INFO - Started process (PID=1706) to work on /home/airflow/.local/lib/python3.8/site-packages/airflow/example_dags/tutorial.py
[2024-02-14T16:17:43.431+0000] {processor.py:830} INFO - Processing file /home/airflow/.local/lib/python3.8/site-packages/airflow/example_dags/tutorial.py for tasks to queue
[2024-02-14T16:17:43.432+0000] {logging_mixin.py:188} INFO - [2024-02-14T16:17:43.432+0000] {dagbag.py:538} INFO - Filling up the DagBag from /home/airflow/.local/lib/python3.8/site-packages/airflow/example_dags/tutorial.py
[2024-02-14T16:17:43.436+0000] {processor.py:840} INFO - DAG(s) 'tutorial' retrieved from /home/airflow/.local/lib/python3.8/site-packages/airflow/example_dags/tutorial.py
[2024-02-14T16:17:43.448+0000] {logging_mixin.py:188} INFO - [2024-02-14T16:17:43.448+0000] {dag.py:3033} INFO - Sync 1 DAGs
[2024-02-14T16:17:43.459+0000] {logging_mixin.py:188} INFO - [2024-02-14T16:17:43.459+0000] {dag.py:3820} INFO - Setting next_dagrun for tutorial to 2024-02-13T00:00:00+00:00, run_after=2024-02-14T00:00:00+00:00
[2024-02-14T16:17:43.468+0000] {processor.py:183} INFO - Processing /home/airflow/.local/lib/python3.8/site-packages/airflow/example_dags/tutorial.py took 0.040 seconds
[2024-02-14T16:18:13.776+0000] {processor.py:161} INFO - Started process (PID=1763) to work on /home/airflow/.local/lib/python3.8/site-packages/airflow/example_dags/tutorial.py
[2024-02-14T16:18:13.777+0000] {processor.py:830} INFO - Processing file /home/airflow/.local/lib/python3.8/site-packages/airflow/example_dags/tutorial.py for tasks to queue
[2024-02-14T16:18:13.779+0000] {logging_mixin.py:188} INFO - [2024-02-14T16:18:13.779+0000] {dagbag.py:538} INFO - Filling up the DagBag from /home/airflow/.local/lib/python3.8/site-packages/airflow/example_dags/tutorial.py
[2024-02-14T16:18:13.783+0000] {processor.py:840} INFO - DAG(s) 'tutorial' retrieved from /home/airflow/.local/lib/python3.8/site-packages/airflow/example_dags/tutorial.py
[2024-02-14T16:18:13.796+0000] {logging_mixin.py:188} INFO - [2024-02-14T16:18:13.796+0000] {dag.py:3033} INFO - Sync 1 DAGs
[2024-02-14T16:18:13.810+0000] {logging_mixin.py:188} INFO - [2024-02-14T16:18:13.810+0000] {dag.py:3820} INFO - Setting next_dagrun for tutorial to 2024-02-13T00:00:00+00:00, run_after=2024-02-14T00:00:00+00:00
[2024-02-14T16:18:13.820+0000] {processor.py:183} INFO - Processing /home/airflow/.local/lib/python3.8/site-packages/airflow/example_dags/tutorial.py took 0.046 seconds
[2024-02-14T16:18:43.961+0000] {processor.py:161} INFO - Started process (PID=1820) to work on /home/airflow/.local/lib/python3.8/site-packages/airflow/example_dags/tutorial.py
[2024-02-14T16:18:43.962+0000] {processor.py:830} INFO - Processing file /home/airflow/.local/lib/python3.8/site-packages/airflow/example_dags/tutorial.py for tasks to queue
[2024-02-14T16:18:43.963+0000] {logging_mixin.py:188} INFO - [2024-02-14T16:18:43.963+0000] {dagbag.py:538} INFO - Filling up the DagBag from /home/airflow/.local/lib/python3.8/site-packages/airflow/example_dags/tutorial.py
[2024-02-14T16:18:43.967+0000] {processor.py:840} INFO - DAG(s) 'tutorial' retrieved from /home/airflow/.local/lib/python3.8/site-packages/airflow/example_dags/tutorial.py
[2024-02-14T16:18:43.978+0000] {logging_mixin.py:188} INFO - [2024-02-14T16:18:43.978+0000] {dag.py:3033} INFO - Sync 1 DAGs
[2024-02-14T16:18:43.988+0000] {logging_mixin.py:188} INFO - [2024-02-14T16:18:43.988+0000] {dag.py:3820} INFO - Setting next_dagrun for tutorial to 2024-02-13T00:00:00+00:00, run_after=2024-02-14T00:00:00+00:00
[2024-02-14T16:18:43.997+0000] {processor.py:183} INFO - Processing /home/airflow/.local/lib/python3.8/site-packages/airflow/example_dags/tutorial.py took 0.038 seconds
[2024-02-14T16:19:14.285+0000] {processor.py:161} INFO - Started process (PID=1877) to work on /home/airflow/.local/lib/python3.8/site-packages/airflow/example_dags/tutorial.py
[2024-02-14T16:19:14.285+0000] {processor.py:830} INFO - Processing file /home/airflow/.local/lib/python3.8/site-packages/airflow/example_dags/tutorial.py for tasks to queue
[2024-02-14T16:19:14.288+0000] {logging_mixin.py:188} INFO - [2024-02-14T16:19:14.287+0000] {dagbag.py:538} INFO - Filling up the DagBag from /home/airflow/.local/lib/python3.8/site-packages/airflow/example_dags/tutorial.py
[2024-02-14T16:19:14.292+0000] {processor.py:840} INFO - DAG(s) 'tutorial' retrieved from /home/airflow/.local/lib/python3.8/site-packages/airflow/example_dags/tutorial.py
[2024-02-14T16:19:14.309+0000] {logging_mixin.py:188} INFO - [2024-02-14T16:19:14.309+0000] {dag.py:3033} INFO - Sync 1 DAGs
[2024-02-14T16:19:14.323+0000] {logging_mixin.py:188} INFO - [2024-02-14T16:19:14.322+0000] {dag.py:3820} INFO - Setting next_dagrun for tutorial to 2024-02-13T00:00:00+00:00, run_after=2024-02-14T00:00:00+00:00
[2024-02-14T16:19:14.336+0000] {processor.py:183} INFO - Processing /home/airflow/.local/lib/python3.8/site-packages/airflow/example_dags/tutorial.py took 0.054 seconds
[2024-02-14T16:19:44.436+0000] {processor.py:161} INFO - Started process (PID=1934) to work on /home/airflow/.local/lib/python3.8/site-packages/airflow/example_dags/tutorial.py
[2024-02-14T16:19:44.436+0000] {processor.py:830} INFO - Processing file /home/airflow/.local/lib/python3.8/site-packages/airflow/example_dags/tutorial.py for tasks to queue
[2024-02-14T16:19:44.438+0000] {logging_mixin.py:188} INFO - [2024-02-14T16:19:44.438+0000] {dagbag.py:538} INFO - Filling up the DagBag from /home/airflow/.local/lib/python3.8/site-packages/airflow/example_dags/tutorial.py
[2024-02-14T16:19:44.442+0000] {processor.py:840} INFO - DAG(s) 'tutorial' retrieved from /home/airflow/.local/lib/python3.8/site-packages/airflow/example_dags/tutorial.py
[2024-02-14T16:19:44.455+0000] {logging_mixin.py:188} INFO - [2024-02-14T16:19:44.455+0000] {dag.py:3033} INFO - Sync 1 DAGs
[2024-02-14T16:19:44.468+0000] {logging_mixin.py:188} INFO - [2024-02-14T16:19:44.468+0000] {dag.py:3820} INFO - Setting next_dagrun for tutorial to 2024-02-13T00:00:00+00:00, run_after=2024-02-14T00:00:00+00:00
[2024-02-14T16:19:44.478+0000] {processor.py:183} INFO - Processing /home/airflow/.local/lib/python3.8/site-packages/airflow/example_dags/tutorial.py took 0.045 seconds
[2024-02-14T16:20:14.563+0000] {processor.py:161} INFO - Started process (PID=1991) to work on /home/airflow/.local/lib/python3.8/site-packages/airflow/example_dags/tutorial.py
[2024-02-14T16:20:14.564+0000] {processor.py:830} INFO - Processing file /home/airflow/.local/lib/python3.8/site-packages/airflow/example_dags/tutorial.py for tasks to queue
[2024-02-14T16:20:14.566+0000] {logging_mixin.py:188} INFO - [2024-02-14T16:20:14.566+0000] {dagbag.py:538} INFO - Filling up the DagBag from /home/airflow/.local/lib/python3.8/site-packages/airflow/example_dags/tutorial.py
[2024-02-14T16:20:14.570+0000] {processor.py:840} INFO - DAG(s) 'tutorial' retrieved from /home/airflow/.local/lib/python3.8/site-packages/airflow/example_dags/tutorial.py
[2024-02-14T16:20:14.583+0000] {logging_mixin.py:188} INFO - [2024-02-14T16:20:14.583+0000] {dag.py:3033} INFO - Sync 1 DAGs
[2024-02-14T16:20:14.594+0000] {logging_mixin.py:188} INFO - [2024-02-14T16:20:14.594+0000] {dag.py:3820} INFO - Setting next_dagrun for tutorial to 2024-02-13T00:00:00+00:00, run_after=2024-02-14T00:00:00+00:00
[2024-02-14T16:20:14.694+0000] {processor.py:183} INFO - Processing /home/airflow/.local/lib/python3.8/site-packages/airflow/example_dags/tutorial.py took 0.133 seconds
[2024-02-14T16:20:44.835+0000] {processor.py:161} INFO - Started process (PID=2048) to work on /home/airflow/.local/lib/python3.8/site-packages/airflow/example_dags/tutorial.py
[2024-02-14T16:20:44.836+0000] {processor.py:830} INFO - Processing file /home/airflow/.local/lib/python3.8/site-packages/airflow/example_dags/tutorial.py for tasks to queue
[2024-02-14T16:20:44.838+0000] {logging_mixin.py:188} INFO - [2024-02-14T16:20:44.837+0000] {dagbag.py:538} INFO - Filling up the DagBag from /home/airflow/.local/lib/python3.8/site-packages/airflow/example_dags/tutorial.py
[2024-02-14T16:20:44.842+0000] {processor.py:840} INFO - DAG(s) 'tutorial' retrieved from /home/airflow/.local/lib/python3.8/site-packages/airflow/example_dags/tutorial.py
[2024-02-14T16:20:44.855+0000] {logging_mixin.py:188} INFO - [2024-02-14T16:20:44.855+0000] {dag.py:3033} INFO - Sync 1 DAGs
[2024-02-14T16:20:44.866+0000] {logging_mixin.py:188} INFO - [2024-02-14T16:20:44.866+0000] {dag.py:3820} INFO - Setting next_dagrun for tutorial to 2024-02-13T00:00:00+00:00, run_after=2024-02-14T00:00:00+00:00
[2024-02-14T16:20:44.981+0000] {processor.py:183} INFO - Processing /home/airflow/.local/lib/python3.8/site-packages/airflow/example_dags/tutorial.py took 0.148 seconds
[2024-02-14T16:21:15.223+0000] {processor.py:161} INFO - Started process (PID=2105) to work on /home/airflow/.local/lib/python3.8/site-packages/airflow/example_dags/tutorial.py
[2024-02-14T16:21:15.224+0000] {processor.py:830} INFO - Processing file /home/airflow/.local/lib/python3.8/site-packages/airflow/example_dags/tutorial.py for tasks to queue
[2024-02-14T16:21:15.225+0000] {logging_mixin.py:188} INFO - [2024-02-14T16:21:15.225+0000] {dagbag.py:538} INFO - Filling up the DagBag from /home/airflow/.local/lib/python3.8/site-packages/airflow/example_dags/tutorial.py
[2024-02-14T16:21:15.229+0000] {processor.py:840} INFO - DAG(s) 'tutorial' retrieved from /home/airflow/.local/lib/python3.8/site-packages/airflow/example_dags/tutorial.py
[2024-02-14T16:21:15.243+0000] {logging_mixin.py:188} INFO - [2024-02-14T16:21:15.243+0000] {dag.py:3033} INFO - Sync 1 DAGs
[2024-02-14T16:21:15.255+0000] {logging_mixin.py:188} INFO - [2024-02-14T16:21:15.254+0000] {dag.py:3820} INFO - Setting next_dagrun for tutorial to 2024-02-13T00:00:00+00:00, run_after=2024-02-14T00:00:00+00:00
[2024-02-14T16:21:15.360+0000] {processor.py:183} INFO - Processing /home/airflow/.local/lib/python3.8/site-packages/airflow/example_dags/tutorial.py took 0.139 seconds
[2024-02-14T16:21:45.658+0000] {processor.py:161} INFO - Started process (PID=2161) to work on /home/airflow/.local/lib/python3.8/site-packages/airflow/example_dags/tutorial.py
[2024-02-14T16:21:45.659+0000] {processor.py:830} INFO - Processing file /home/airflow/.local/lib/python3.8/site-packages/airflow/example_dags/tutorial.py for tasks to queue
[2024-02-14T16:21:45.661+0000] {logging_mixin.py:188} INFO - [2024-02-14T16:21:45.660+0000] {dagbag.py:538} INFO - Filling up the DagBag from /home/airflow/.local/lib/python3.8/site-packages/airflow/example_dags/tutorial.py
[2024-02-14T16:21:45.665+0000] {processor.py:840} INFO - DAG(s) 'tutorial' retrieved from /home/airflow/.local/lib/python3.8/site-packages/airflow/example_dags/tutorial.py
[2024-02-14T16:21:45.678+0000] {logging_mixin.py:188} INFO - [2024-02-14T16:21:45.678+0000] {dag.py:3033} INFO - Sync 1 DAGs
[2024-02-14T16:21:45.690+0000] {logging_mixin.py:188} INFO - [2024-02-14T16:21:45.690+0000] {dag.py:3820} INFO - Setting next_dagrun for tutorial to 2024-02-13T00:00:00+00:00, run_after=2024-02-14T00:00:00+00:00
[2024-02-14T16:21:45.799+0000] {processor.py:183} INFO - Processing /home/airflow/.local/lib/python3.8/site-packages/airflow/example_dags/tutorial.py took 0.143 seconds
[2024-02-14T16:22:16.022+0000] {processor.py:161} INFO - Started process (PID=2218) to work on /home/airflow/.local/lib/python3.8/site-packages/airflow/example_dags/tutorial.py
[2024-02-14T16:22:16.022+0000] {processor.py:830} INFO - Processing file /home/airflow/.local/lib/python3.8/site-packages/airflow/example_dags/tutorial.py for tasks to queue
[2024-02-14T16:22:16.024+0000] {logging_mixin.py:188} INFO - [2024-02-14T16:22:16.024+0000] {dagbag.py:538} INFO - Filling up the DagBag from /home/airflow/.local/lib/python3.8/site-packages/airflow/example_dags/tutorial.py
[2024-02-14T16:22:16.028+0000] {processor.py:840} INFO - DAG(s) 'tutorial' retrieved from /home/airflow/.local/lib/python3.8/site-packages/airflow/example_dags/tutorial.py
[2024-02-14T16:22:16.039+0000] {logging_mixin.py:188} INFO - [2024-02-14T16:22:16.039+0000] {dag.py:3033} INFO - Sync 1 DAGs
[2024-02-14T16:22:16.049+0000] {logging_mixin.py:188} INFO - [2024-02-14T16:22:16.049+0000] {dag.py:3820} INFO - Setting next_dagrun for tutorial to 2024-02-13T00:00:00+00:00, run_after=2024-02-14T00:00:00+00:00
[2024-02-14T16:22:16.155+0000] {processor.py:183} INFO - Processing /home/airflow/.local/lib/python3.8/site-packages/airflow/example_dags/tutorial.py took 0.136 seconds
[2024-02-14T16:22:46.174+0000] {processor.py:161} INFO - Started process (PID=2275) to work on /home/airflow/.local/lib/python3.8/site-packages/airflow/example_dags/tutorial.py
[2024-02-14T16:22:46.174+0000] {processor.py:830} INFO - Processing file /home/airflow/.local/lib/python3.8/site-packages/airflow/example_dags/tutorial.py for tasks to queue
[2024-02-14T16:22:46.176+0000] {logging_mixin.py:188} INFO - [2024-02-14T16:22:46.176+0000] {dagbag.py:538} INFO - Filling up the DagBag from /home/airflow/.local/lib/python3.8/site-packages/airflow/example_dags/tutorial.py
[2024-02-14T16:22:46.179+0000] {processor.py:840} INFO - DAG(s) 'tutorial' retrieved from /home/airflow/.local/lib/python3.8/site-packages/airflow/example_dags/tutorial.py
[2024-02-14T16:22:46.192+0000] {logging_mixin.py:188} INFO - [2024-02-14T16:22:46.192+0000] {dag.py:3033} INFO - Sync 1 DAGs
[2024-02-14T16:22:46.204+0000] {logging_mixin.py:188} INFO - [2024-02-14T16:22:46.204+0000] {dag.py:3820} INFO - Setting next_dagrun for tutorial to 2024-02-13T00:00:00+00:00, run_after=2024-02-14T00:00:00+00:00
[2024-02-14T16:22:46.213+0000] {processor.py:183} INFO - Processing /home/airflow/.local/lib/python3.8/site-packages/airflow/example_dags/tutorial.py took 0.042 seconds
[2024-02-14T16:23:16.638+0000] {processor.py:161} INFO - Started process (PID=2332) to work on /home/airflow/.local/lib/python3.8/site-packages/airflow/example_dags/tutorial.py
[2024-02-14T16:23:16.639+0000] {processor.py:830} INFO - Processing file /home/airflow/.local/lib/python3.8/site-packages/airflow/example_dags/tutorial.py for tasks to queue
[2024-02-14T16:23:16.640+0000] {logging_mixin.py:188} INFO - [2024-02-14T16:23:16.640+0000] {dagbag.py:538} INFO - Filling up the DagBag from /home/airflow/.local/lib/python3.8/site-packages/airflow/example_dags/tutorial.py
[2024-02-14T16:23:16.644+0000] {processor.py:840} INFO - DAG(s) 'tutorial' retrieved from /home/airflow/.local/lib/python3.8/site-packages/airflow/example_dags/tutorial.py
[2024-02-14T16:23:16.655+0000] {logging_mixin.py:188} INFO - [2024-02-14T16:23:16.655+0000] {dag.py:3033} INFO - Sync 1 DAGs
[2024-02-14T16:23:16.665+0000] {logging_mixin.py:188} INFO - [2024-02-14T16:23:16.665+0000] {dag.py:3820} INFO - Setting next_dagrun for tutorial to 2024-02-13T00:00:00+00:00, run_after=2024-02-14T00:00:00+00:00
[2024-02-14T16:23:16.674+0000] {processor.py:183} INFO - Processing /home/airflow/.local/lib/python3.8/site-packages/airflow/example_dags/tutorial.py took 0.038 seconds
[2024-02-14T16:23:46.747+0000] {processor.py:161} INFO - Started process (PID=2389) to work on /home/airflow/.local/lib/python3.8/site-packages/airflow/example_dags/tutorial.py
[2024-02-14T16:23:46.748+0000] {processor.py:830} INFO - Processing file /home/airflow/.local/lib/python3.8/site-packages/airflow/example_dags/tutorial.py for tasks to queue
[2024-02-14T16:23:46.749+0000] {logging_mixin.py:188} INFO - [2024-02-14T16:23:46.749+0000] {dagbag.py:538} INFO - Filling up the DagBag from /home/airflow/.local/lib/python3.8/site-packages/airflow/example_dags/tutorial.py
[2024-02-14T16:23:46.753+0000] {processor.py:840} INFO - DAG(s) 'tutorial' retrieved from /home/airflow/.local/lib/python3.8/site-packages/airflow/example_dags/tutorial.py
[2024-02-14T16:23:46.765+0000] {logging_mixin.py:188} INFO - [2024-02-14T16:23:46.765+0000] {dag.py:3033} INFO - Sync 1 DAGs
[2024-02-14T16:23:46.775+0000] {logging_mixin.py:188} INFO - [2024-02-14T16:23:46.775+0000] {dag.py:3820} INFO - Setting next_dagrun for tutorial to 2024-02-13T00:00:00+00:00, run_after=2024-02-14T00:00:00+00:00
[2024-02-14T16:23:46.784+0000] {processor.py:183} INFO - Processing /home/airflow/.local/lib/python3.8/site-packages/airflow/example_dags/tutorial.py took 0.039 seconds
[2024-02-14T16:24:17.059+0000] {processor.py:161} INFO - Started process (PID=2446) to work on /home/airflow/.local/lib/python3.8/site-packages/airflow/example_dags/tutorial.py
[2024-02-14T16:24:17.059+0000] {processor.py:830} INFO - Processing file /home/airflow/.local/lib/python3.8/site-packages/airflow/example_dags/tutorial.py for tasks to queue
[2024-02-14T16:24:17.061+0000] {logging_mixin.py:188} INFO - [2024-02-14T16:24:17.060+0000] {dagbag.py:538} INFO - Filling up the DagBag from /home/airflow/.local/lib/python3.8/site-packages/airflow/example_dags/tutorial.py
[2024-02-14T16:24:17.064+0000] {processor.py:840} INFO - DAG(s) 'tutorial' retrieved from /home/airflow/.local/lib/python3.8/site-packages/airflow/example_dags/tutorial.py
[2024-02-14T16:24:17.076+0000] {logging_mixin.py:188} INFO - [2024-02-14T16:24:17.076+0000] {dag.py:3033} INFO - Sync 1 DAGs
[2024-02-14T16:24:17.087+0000] {logging_mixin.py:188} INFO - [2024-02-14T16:24:17.086+0000] {dag.py:3820} INFO - Setting next_dagrun for tutorial to 2024-02-13T00:00:00+00:00, run_after=2024-02-14T00:00:00+00:00
[2024-02-14T16:24:17.095+0000] {processor.py:183} INFO - Processing /home/airflow/.local/lib/python3.8/site-packages/airflow/example_dags/tutorial.py took 0.038 seconds
