[2024-02-14T16:03:07.136+0000] {processor.py:161} INFO - Started process (PID=53) to work on /opt/airflow/dags/l3_e4_s3_to_redshift.py
[2024-02-14T16:03:07.137+0000] {processor.py:830} INFO - Processing file /opt/airflow/dags/l3_e4_s3_to_redshift.py for tasks to queue
[2024-02-14T16:03:07.140+0000] {logging_mixin.py:188} INFO - [2024-02-14T16:03:07.140+0000] {dagbag.py:538} INFO - Filling up the DagBag from /opt/airflow/dags/l3_e4_s3_to_redshift.py
[2024-02-14T16:03:07.163+0000] {processor.py:840} INFO - DAG(s) 'load_data_to_redshift' retrieved from /opt/airflow/dags/l3_e4_s3_to_redshift.py
[2024-02-14T16:03:07.243+0000] {logging_mixin.py:188} INFO - [2024-02-14T16:03:07.243+0000] {dag.py:3033} INFO - Sync 1 DAGs
[2024-02-14T16:03:07.254+0000] {logging_mixin.py:188} INFO - [2024-02-14T16:03:07.254+0000] {dag.py:3820} INFO - Setting next_dagrun for load_data_to_redshift to 2024-02-14T16:03:07.157632+00:00, run_after=2024-02-15T16:03:07.157632+00:00
[2024-02-14T16:03:07.266+0000] {processor.py:183} INFO - Processing /opt/airflow/dags/l3_e4_s3_to_redshift.py took 0.133 seconds
[2024-02-14T16:03:37.448+0000] {processor.py:161} INFO - Started process (PID=110) to work on /opt/airflow/dags/l3_e4_s3_to_redshift.py
[2024-02-14T16:03:37.449+0000] {processor.py:830} INFO - Processing file /opt/airflow/dags/l3_e4_s3_to_redshift.py for tasks to queue
[2024-02-14T16:03:37.452+0000] {logging_mixin.py:188} INFO - [2024-02-14T16:03:37.451+0000] {dagbag.py:538} INFO - Filling up the DagBag from /opt/airflow/dags/l3_e4_s3_to_redshift.py
[2024-02-14T16:03:37.470+0000] {processor.py:840} INFO - DAG(s) 'load_data_to_redshift' retrieved from /opt/airflow/dags/l3_e4_s3_to_redshift.py
[2024-02-14T16:03:37.524+0000] {logging_mixin.py:188} INFO - [2024-02-14T16:03:37.524+0000] {dag.py:3033} INFO - Sync 1 DAGs
[2024-02-14T16:03:37.535+0000] {logging_mixin.py:188} INFO - [2024-02-14T16:03:37.535+0000] {dag.py:3820} INFO - Setting next_dagrun for load_data_to_redshift to 2024-02-14T16:03:37.467671+00:00, run_after=2024-02-15T16:03:37.467671+00:00
[2024-02-14T16:03:37.544+0000] {processor.py:183} INFO - Processing /opt/airflow/dags/l3_e4_s3_to_redshift.py took 0.103 seconds
[2024-02-14T16:04:08.219+0000] {processor.py:161} INFO - Started process (PID=167) to work on /opt/airflow/dags/l3_e4_s3_to_redshift.py
[2024-02-14T16:04:08.221+0000] {processor.py:830} INFO - Processing file /opt/airflow/dags/l3_e4_s3_to_redshift.py for tasks to queue
[2024-02-14T16:04:08.224+0000] {logging_mixin.py:188} INFO - [2024-02-14T16:04:08.224+0000] {dagbag.py:538} INFO - Filling up the DagBag from /opt/airflow/dags/l3_e4_s3_to_redshift.py
[2024-02-14T16:04:08.245+0000] {processor.py:840} INFO - DAG(s) 'load_data_to_redshift' retrieved from /opt/airflow/dags/l3_e4_s3_to_redshift.py
[2024-02-14T16:04:08.301+0000] {logging_mixin.py:188} INFO - [2024-02-14T16:04:08.300+0000] {dag.py:3033} INFO - Sync 1 DAGs
[2024-02-14T16:04:08.311+0000] {logging_mixin.py:188} INFO - [2024-02-14T16:04:08.311+0000] {dag.py:3820} INFO - Setting next_dagrun for load_data_to_redshift to 2024-02-14T16:04:08.242762+00:00, run_after=2024-02-15T16:04:08.242762+00:00
[2024-02-14T16:04:08.321+0000] {processor.py:183} INFO - Processing /opt/airflow/dags/l3_e4_s3_to_redshift.py took 0.108 seconds
[2024-02-14T16:04:38.369+0000] {processor.py:161} INFO - Started process (PID=224) to work on /opt/airflow/dags/l3_e4_s3_to_redshift.py
[2024-02-14T16:04:38.370+0000] {processor.py:830} INFO - Processing file /opt/airflow/dags/l3_e4_s3_to_redshift.py for tasks to queue
[2024-02-14T16:04:38.372+0000] {logging_mixin.py:188} INFO - [2024-02-14T16:04:38.372+0000] {dagbag.py:538} INFO - Filling up the DagBag from /opt/airflow/dags/l3_e4_s3_to_redshift.py
[2024-02-14T16:04:38.392+0000] {processor.py:840} INFO - DAG(s) 'load_data_to_redshift' retrieved from /opt/airflow/dags/l3_e4_s3_to_redshift.py
[2024-02-14T16:04:38.444+0000] {logging_mixin.py:188} INFO - [2024-02-14T16:04:38.444+0000] {dag.py:3033} INFO - Sync 1 DAGs
[2024-02-14T16:04:38.454+0000] {logging_mixin.py:188} INFO - [2024-02-14T16:04:38.454+0000] {dag.py:3820} INFO - Setting next_dagrun for load_data_to_redshift to 2024-02-14T16:04:38.389099+00:00, run_after=2024-02-15T16:04:38.389099+00:00
[2024-02-14T16:04:38.463+0000] {processor.py:183} INFO - Processing /opt/airflow/dags/l3_e4_s3_to_redshift.py took 0.099 seconds
[2024-02-14T16:05:08.750+0000] {processor.py:161} INFO - Started process (PID=281) to work on /opt/airflow/dags/l3_e4_s3_to_redshift.py
[2024-02-14T16:05:08.752+0000] {processor.py:830} INFO - Processing file /opt/airflow/dags/l3_e4_s3_to_redshift.py for tasks to queue
[2024-02-14T16:05:08.755+0000] {logging_mixin.py:188} INFO - [2024-02-14T16:05:08.755+0000] {dagbag.py:538} INFO - Filling up the DagBag from /opt/airflow/dags/l3_e4_s3_to_redshift.py
[2024-02-14T16:05:08.779+0000] {processor.py:840} INFO - DAG(s) 'load_data_to_redshift' retrieved from /opt/airflow/dags/l3_e4_s3_to_redshift.py
[2024-02-14T16:05:08.830+0000] {logging_mixin.py:188} INFO - [2024-02-14T16:05:08.830+0000] {dag.py:3033} INFO - Sync 1 DAGs
[2024-02-14T16:05:08.840+0000] {logging_mixin.py:188} INFO - [2024-02-14T16:05:08.840+0000] {dag.py:3820} INFO - Setting next_dagrun for load_data_to_redshift to 2024-02-14T16:05:08.776032+00:00, run_after=2024-02-15T16:05:08.776032+00:00
[2024-02-14T16:05:08.851+0000] {processor.py:183} INFO - Processing /opt/airflow/dags/l3_e4_s3_to_redshift.py took 0.107 seconds
[2024-02-14T16:05:38.894+0000] {processor.py:161} INFO - Started process (PID=338) to work on /opt/airflow/dags/l3_e4_s3_to_redshift.py
[2024-02-14T16:05:38.896+0000] {processor.py:830} INFO - Processing file /opt/airflow/dags/l3_e4_s3_to_redshift.py for tasks to queue
[2024-02-14T16:05:38.899+0000] {logging_mixin.py:188} INFO - [2024-02-14T16:05:38.898+0000] {dagbag.py:538} INFO - Filling up the DagBag from /opt/airflow/dags/l3_e4_s3_to_redshift.py
[2024-02-14T16:05:38.916+0000] {processor.py:840} INFO - DAG(s) 'load_data_to_redshift' retrieved from /opt/airflow/dags/l3_e4_s3_to_redshift.py
[2024-02-14T16:05:38.960+0000] {logging_mixin.py:188} INFO - [2024-02-14T16:05:38.960+0000] {dag.py:3033} INFO - Sync 1 DAGs
[2024-02-14T16:05:38.969+0000] {logging_mixin.py:188} INFO - [2024-02-14T16:05:38.969+0000] {dag.py:3820} INFO - Setting next_dagrun for load_data_to_redshift to 2024-02-14T16:05:38.913871+00:00, run_after=2024-02-15T16:05:38.913871+00:00
[2024-02-14T16:05:38.977+0000] {processor.py:183} INFO - Processing /opt/airflow/dags/l3_e4_s3_to_redshift.py took 0.087 seconds
[2024-02-14T16:06:09.071+0000] {processor.py:161} INFO - Started process (PID=395) to work on /opt/airflow/dags/l3_e4_s3_to_redshift.py
[2024-02-14T16:06:09.073+0000] {processor.py:830} INFO - Processing file /opt/airflow/dags/l3_e4_s3_to_redshift.py for tasks to queue
[2024-02-14T16:06:09.077+0000] {logging_mixin.py:188} INFO - [2024-02-14T16:06:09.077+0000] {dagbag.py:538} INFO - Filling up the DagBag from /opt/airflow/dags/l3_e4_s3_to_redshift.py
[2024-02-14T16:06:09.098+0000] {processor.py:840} INFO - DAG(s) 'load_data_to_redshift' retrieved from /opt/airflow/dags/l3_e4_s3_to_redshift.py
[2024-02-14T16:06:09.150+0000] {logging_mixin.py:188} INFO - [2024-02-14T16:06:09.150+0000] {dag.py:3033} INFO - Sync 1 DAGs
[2024-02-14T16:06:09.160+0000] {logging_mixin.py:188} INFO - [2024-02-14T16:06:09.159+0000] {dag.py:3820} INFO - Setting next_dagrun for load_data_to_redshift to 2024-02-14T16:06:09.096058+00:00, run_after=2024-02-15T16:06:09.096058+00:00
[2024-02-14T16:06:09.169+0000] {processor.py:183} INFO - Processing /opt/airflow/dags/l3_e4_s3_to_redshift.py took 0.103 seconds
[2024-02-14T16:06:39.238+0000] {processor.py:161} INFO - Started process (PID=453) to work on /opt/airflow/dags/l3_e4_s3_to_redshift.py
[2024-02-14T16:06:39.239+0000] {processor.py:830} INFO - Processing file /opt/airflow/dags/l3_e4_s3_to_redshift.py for tasks to queue
[2024-02-14T16:06:39.240+0000] {logging_mixin.py:188} INFO - [2024-02-14T16:06:39.240+0000] {dagbag.py:538} INFO - Filling up the DagBag from /opt/airflow/dags/l3_e4_s3_to_redshift.py
[2024-02-14T16:06:39.254+0000] {processor.py:840} INFO - DAG(s) 'load_data_to_redshift' retrieved from /opt/airflow/dags/l3_e4_s3_to_redshift.py
[2024-02-14T16:06:39.305+0000] {logging_mixin.py:188} INFO - [2024-02-14T16:06:39.305+0000] {dag.py:3033} INFO - Sync 1 DAGs
[2024-02-14T16:06:39.315+0000] {logging_mixin.py:188} INFO - [2024-02-14T16:06:39.315+0000] {dag.py:3820} INFO - Setting next_dagrun for load_data_to_redshift to 2024-02-14T16:06:39.252212+00:00, run_after=2024-02-15T16:06:39.252212+00:00
[2024-02-14T16:06:39.324+0000] {processor.py:183} INFO - Processing /opt/airflow/dags/l3_e4_s3_to_redshift.py took 0.089 seconds
[2024-02-14T16:07:09.369+0000] {processor.py:161} INFO - Started process (PID=509) to work on /opt/airflow/dags/l3_e4_s3_to_redshift.py
[2024-02-14T16:07:09.370+0000] {processor.py:830} INFO - Processing file /opt/airflow/dags/l3_e4_s3_to_redshift.py for tasks to queue
[2024-02-14T16:07:09.373+0000] {logging_mixin.py:188} INFO - [2024-02-14T16:07:09.372+0000] {dagbag.py:538} INFO - Filling up the DagBag from /opt/airflow/dags/l3_e4_s3_to_redshift.py
[2024-02-14T16:07:09.391+0000] {processor.py:840} INFO - DAG(s) 'load_data_to_redshift' retrieved from /opt/airflow/dags/l3_e4_s3_to_redshift.py
[2024-02-14T16:07:09.443+0000] {logging_mixin.py:188} INFO - [2024-02-14T16:07:09.443+0000] {dag.py:3033} INFO - Sync 1 DAGs
[2024-02-14T16:07:09.454+0000] {logging_mixin.py:188} INFO - [2024-02-14T16:07:09.454+0000] {dag.py:3820} INFO - Setting next_dagrun for load_data_to_redshift to 2024-02-14T16:07:09.388918+00:00, run_after=2024-02-15T16:07:09.388918+00:00
[2024-02-14T16:07:09.463+0000] {processor.py:183} INFO - Processing /opt/airflow/dags/l3_e4_s3_to_redshift.py took 0.097 seconds
[2024-02-14T16:07:39.575+0000] {processor.py:161} INFO - Started process (PID=566) to work on /opt/airflow/dags/l3_e4_s3_to_redshift.py
[2024-02-14T16:07:39.577+0000] {processor.py:830} INFO - Processing file /opt/airflow/dags/l3_e4_s3_to_redshift.py for tasks to queue
[2024-02-14T16:07:39.581+0000] {logging_mixin.py:188} INFO - [2024-02-14T16:07:39.581+0000] {dagbag.py:538} INFO - Filling up the DagBag from /opt/airflow/dags/l3_e4_s3_to_redshift.py
[2024-02-14T16:07:39.609+0000] {processor.py:840} INFO - DAG(s) 'load_data_to_redshift' retrieved from /opt/airflow/dags/l3_e4_s3_to_redshift.py
[2024-02-14T16:07:39.669+0000] {logging_mixin.py:188} INFO - [2024-02-14T16:07:39.669+0000] {dag.py:3033} INFO - Sync 1 DAGs
[2024-02-14T16:07:39.681+0000] {logging_mixin.py:188} INFO - [2024-02-14T16:07:39.680+0000] {dag.py:3820} INFO - Setting next_dagrun for load_data_to_redshift to 2024-02-14T16:07:39.605523+00:00, run_after=2024-02-15T16:07:39.605523+00:00
[2024-02-14T16:07:39.690+0000] {processor.py:183} INFO - Processing /opt/airflow/dags/l3_e4_s3_to_redshift.py took 0.121 seconds
[2024-02-14T16:08:09.913+0000] {processor.py:161} INFO - Started process (PID=623) to work on /opt/airflow/dags/l3_e4_s3_to_redshift.py
[2024-02-14T16:08:09.914+0000] {processor.py:830} INFO - Processing file /opt/airflow/dags/l3_e4_s3_to_redshift.py for tasks to queue
[2024-02-14T16:08:09.916+0000] {logging_mixin.py:188} INFO - [2024-02-14T16:08:09.916+0000] {dagbag.py:538} INFO - Filling up the DagBag from /opt/airflow/dags/l3_e4_s3_to_redshift.py
[2024-02-14T16:08:09.932+0000] {processor.py:840} INFO - DAG(s) 'load_data_to_redshift' retrieved from /opt/airflow/dags/l3_e4_s3_to_redshift.py
[2024-02-14T16:08:09.985+0000] {logging_mixin.py:188} INFO - [2024-02-14T16:08:09.985+0000] {dag.py:3033} INFO - Sync 1 DAGs
[2024-02-14T16:08:09.996+0000] {logging_mixin.py:188} INFO - [2024-02-14T16:08:09.996+0000] {dag.py:3820} INFO - Setting next_dagrun for load_data_to_redshift to 2024-02-14T16:08:09.930608+00:00, run_after=2024-02-15T16:08:09.930608+00:00
[2024-02-14T16:08:10.005+0000] {processor.py:183} INFO - Processing /opt/airflow/dags/l3_e4_s3_to_redshift.py took 0.095 seconds
[2024-02-14T16:08:40.101+0000] {processor.py:161} INFO - Started process (PID=680) to work on /opt/airflow/dags/l3_e4_s3_to_redshift.py
[2024-02-14T16:08:40.102+0000] {processor.py:830} INFO - Processing file /opt/airflow/dags/l3_e4_s3_to_redshift.py for tasks to queue
[2024-02-14T16:08:40.104+0000] {logging_mixin.py:188} INFO - [2024-02-14T16:08:40.104+0000] {dagbag.py:538} INFO - Filling up the DagBag from /opt/airflow/dags/l3_e4_s3_to_redshift.py
[2024-02-14T16:08:40.119+0000] {processor.py:840} INFO - DAG(s) 'load_data_to_redshift' retrieved from /opt/airflow/dags/l3_e4_s3_to_redshift.py
[2024-02-14T16:08:40.169+0000] {logging_mixin.py:188} INFO - [2024-02-14T16:08:40.169+0000] {dag.py:3033} INFO - Sync 1 DAGs
[2024-02-14T16:08:40.179+0000] {logging_mixin.py:188} INFO - [2024-02-14T16:08:40.179+0000] {dag.py:3820} INFO - Setting next_dagrun for load_data_to_redshift to 2024-02-14T16:08:40.117260+00:00, run_after=2024-02-15T16:08:40.117260+00:00
[2024-02-14T16:08:40.188+0000] {processor.py:183} INFO - Processing /opt/airflow/dags/l3_e4_s3_to_redshift.py took 0.089 seconds
[2024-02-14T16:09:10.217+0000] {processor.py:161} INFO - Started process (PID=738) to work on /opt/airflow/dags/l3_e4_s3_to_redshift.py
[2024-02-14T16:09:10.218+0000] {processor.py:830} INFO - Processing file /opt/airflow/dags/l3_e4_s3_to_redshift.py for tasks to queue
[2024-02-14T16:09:10.222+0000] {logging_mixin.py:188} INFO - [2024-02-14T16:09:10.221+0000] {dagbag.py:538} INFO - Filling up the DagBag from /opt/airflow/dags/l3_e4_s3_to_redshift.py
[2024-02-14T16:09:10.240+0000] {processor.py:840} INFO - DAG(s) 'load_data_to_redshift' retrieved from /opt/airflow/dags/l3_e4_s3_to_redshift.py
[2024-02-14T16:09:10.295+0000] {logging_mixin.py:188} INFO - [2024-02-14T16:09:10.295+0000] {dag.py:3033} INFO - Sync 1 DAGs
[2024-02-14T16:09:10.307+0000] {logging_mixin.py:188} INFO - [2024-02-14T16:09:10.306+0000] {dag.py:3820} INFO - Setting next_dagrun for load_data_to_redshift to 2024-02-14T16:09:10.238154+00:00, run_after=2024-02-15T16:09:10.238154+00:00
[2024-02-14T16:09:10.318+0000] {processor.py:183} INFO - Processing /opt/airflow/dags/l3_e4_s3_to_redshift.py took 0.104 seconds
[2024-02-14T16:09:40.357+0000] {processor.py:161} INFO - Started process (PID=796) to work on /opt/airflow/dags/l3_e4_s3_to_redshift.py
[2024-02-14T16:09:40.357+0000] {processor.py:830} INFO - Processing file /opt/airflow/dags/l3_e4_s3_to_redshift.py for tasks to queue
[2024-02-14T16:09:40.359+0000] {logging_mixin.py:188} INFO - [2024-02-14T16:09:40.359+0000] {dagbag.py:538} INFO - Filling up the DagBag from /opt/airflow/dags/l3_e4_s3_to_redshift.py
[2024-02-14T16:09:40.372+0000] {processor.py:840} INFO - DAG(s) 'load_data_to_redshift' retrieved from /opt/airflow/dags/l3_e4_s3_to_redshift.py
[2024-02-14T16:09:40.426+0000] {logging_mixin.py:188} INFO - [2024-02-14T16:09:40.426+0000] {dag.py:3033} INFO - Sync 1 DAGs
[2024-02-14T16:09:40.437+0000] {logging_mixin.py:188} INFO - [2024-02-14T16:09:40.437+0000] {dag.py:3820} INFO - Setting next_dagrun for load_data_to_redshift to 2024-02-14T16:09:40.370661+00:00, run_after=2024-02-15T16:09:40.370661+00:00
[2024-02-14T16:09:40.446+0000] {processor.py:183} INFO - Processing /opt/airflow/dags/l3_e4_s3_to_redshift.py took 0.092 seconds
[2024-02-14T16:10:10.512+0000] {processor.py:161} INFO - Started process (PID=851) to work on /opt/airflow/dags/l3_e4_s3_to_redshift.py
[2024-02-14T16:10:10.512+0000] {processor.py:830} INFO - Processing file /opt/airflow/dags/l3_e4_s3_to_redshift.py for tasks to queue
[2024-02-14T16:10:10.514+0000] {logging_mixin.py:188} INFO - [2024-02-14T16:10:10.514+0000] {dagbag.py:538} INFO - Filling up the DagBag from /opt/airflow/dags/l3_e4_s3_to_redshift.py
[2024-02-14T16:10:10.532+0000] {processor.py:840} INFO - DAG(s) 'load_data_to_redshift' retrieved from /opt/airflow/dags/l3_e4_s3_to_redshift.py
[2024-02-14T16:10:10.591+0000] {logging_mixin.py:188} INFO - [2024-02-14T16:10:10.590+0000] {dag.py:3033} INFO - Sync 1 DAGs
[2024-02-14T16:10:10.600+0000] {logging_mixin.py:188} INFO - [2024-02-14T16:10:10.600+0000] {dag.py:3820} INFO - Setting next_dagrun for load_data_to_redshift to 2024-02-14T16:10:10.530333+00:00, run_after=2024-02-15T16:10:10.530333+00:00
[2024-02-14T16:10:10.612+0000] {processor.py:183} INFO - Processing /opt/airflow/dags/l3_e4_s3_to_redshift.py took 0.103 seconds
[2024-02-14T16:10:40.830+0000] {processor.py:161} INFO - Started process (PID=908) to work on /opt/airflow/dags/l3_e4_s3_to_redshift.py
[2024-02-14T16:10:40.832+0000] {processor.py:830} INFO - Processing file /opt/airflow/dags/l3_e4_s3_to_redshift.py for tasks to queue
[2024-02-14T16:10:40.836+0000] {logging_mixin.py:188} INFO - [2024-02-14T16:10:40.835+0000] {dagbag.py:538} INFO - Filling up the DagBag from /opt/airflow/dags/l3_e4_s3_to_redshift.py
[2024-02-14T16:10:40.863+0000] {processor.py:840} INFO - DAG(s) 'load_data_to_redshift' retrieved from /opt/airflow/dags/l3_e4_s3_to_redshift.py
[2024-02-14T16:10:40.918+0000] {logging_mixin.py:188} INFO - [2024-02-14T16:10:40.918+0000] {dag.py:3033} INFO - Sync 1 DAGs
[2024-02-14T16:10:40.927+0000] {logging_mixin.py:188} INFO - [2024-02-14T16:10:40.927+0000] {dag.py:3820} INFO - Setting next_dagrun for load_data_to_redshift to 2024-02-14T16:10:40.860339+00:00, run_after=2024-02-15T16:10:40.860339+00:00
[2024-02-14T16:10:40.937+0000] {processor.py:183} INFO - Processing /opt/airflow/dags/l3_e4_s3_to_redshift.py took 0.115 seconds
[2024-02-14T16:11:10.999+0000] {processor.py:161} INFO - Started process (PID=965) to work on /opt/airflow/dags/l3_e4_s3_to_redshift.py
[2024-02-14T16:11:11.000+0000] {processor.py:830} INFO - Processing file /opt/airflow/dags/l3_e4_s3_to_redshift.py for tasks to queue
[2024-02-14T16:11:11.004+0000] {logging_mixin.py:188} INFO - [2024-02-14T16:11:11.003+0000] {dagbag.py:538} INFO - Filling up the DagBag from /opt/airflow/dags/l3_e4_s3_to_redshift.py
[2024-02-14T16:11:11.024+0000] {processor.py:840} INFO - DAG(s) 'load_data_to_redshift' retrieved from /opt/airflow/dags/l3_e4_s3_to_redshift.py
[2024-02-14T16:11:11.076+0000] {logging_mixin.py:188} INFO - [2024-02-14T16:11:11.075+0000] {dag.py:3033} INFO - Sync 1 DAGs
[2024-02-14T16:11:11.085+0000] {logging_mixin.py:188} INFO - [2024-02-14T16:11:11.085+0000] {dag.py:3820} INFO - Setting next_dagrun for load_data_to_redshift to 2024-02-14T16:11:11.022200+00:00, run_after=2024-02-15T16:11:11.022200+00:00
[2024-02-14T16:11:11.094+0000] {processor.py:183} INFO - Processing /opt/airflow/dags/l3_e4_s3_to_redshift.py took 0.101 seconds
[2024-02-14T16:11:41.172+0000] {processor.py:161} INFO - Started process (PID=1022) to work on /opt/airflow/dags/l3_e4_s3_to_redshift.py
[2024-02-14T16:11:41.173+0000] {processor.py:830} INFO - Processing file /opt/airflow/dags/l3_e4_s3_to_redshift.py for tasks to queue
[2024-02-14T16:11:41.176+0000] {logging_mixin.py:188} INFO - [2024-02-14T16:11:41.175+0000] {dagbag.py:538} INFO - Filling up the DagBag from /opt/airflow/dags/l3_e4_s3_to_redshift.py
[2024-02-14T16:11:41.197+0000] {processor.py:840} INFO - DAG(s) 'load_data_to_redshift' retrieved from /opt/airflow/dags/l3_e4_s3_to_redshift.py
[2024-02-14T16:11:41.250+0000] {logging_mixin.py:188} INFO - [2024-02-14T16:11:41.250+0000] {dag.py:3033} INFO - Sync 1 DAGs
[2024-02-14T16:11:41.260+0000] {logging_mixin.py:188} INFO - [2024-02-14T16:11:41.260+0000] {dag.py:3820} INFO - Setting next_dagrun for load_data_to_redshift to 2024-02-14T16:11:41.194476+00:00, run_after=2024-02-15T16:11:41.194476+00:00
[2024-02-14T16:11:41.269+0000] {processor.py:183} INFO - Processing /opt/airflow/dags/l3_e4_s3_to_redshift.py took 0.101 seconds
[2024-02-14T16:12:11.321+0000] {processor.py:161} INFO - Started process (PID=1079) to work on /opt/airflow/dags/l3_e4_s3_to_redshift.py
[2024-02-14T16:12:11.321+0000] {processor.py:830} INFO - Processing file /opt/airflow/dags/l3_e4_s3_to_redshift.py for tasks to queue
[2024-02-14T16:12:11.323+0000] {logging_mixin.py:188} INFO - [2024-02-14T16:12:11.323+0000] {dagbag.py:538} INFO - Filling up the DagBag from /opt/airflow/dags/l3_e4_s3_to_redshift.py
[2024-02-14T16:12:11.337+0000] {processor.py:840} INFO - DAG(s) 'load_data_to_redshift' retrieved from /opt/airflow/dags/l3_e4_s3_to_redshift.py
[2024-02-14T16:12:11.388+0000] {logging_mixin.py:188} INFO - [2024-02-14T16:12:11.388+0000] {dag.py:3033} INFO - Sync 1 DAGs
[2024-02-14T16:12:11.399+0000] {logging_mixin.py:188} INFO - [2024-02-14T16:12:11.399+0000] {dag.py:3820} INFO - Setting next_dagrun for load_data_to_redshift to 2024-02-14T16:12:11.334900+00:00, run_after=2024-02-15T16:12:11.334900+00:00
[2024-02-14T16:12:11.408+0000] {processor.py:183} INFO - Processing /opt/airflow/dags/l3_e4_s3_to_redshift.py took 0.090 seconds
[2024-02-14T16:12:41.524+0000] {processor.py:161} INFO - Started process (PID=1135) to work on /opt/airflow/dags/l3_e4_s3_to_redshift.py
[2024-02-14T16:12:41.525+0000] {processor.py:830} INFO - Processing file /opt/airflow/dags/l3_e4_s3_to_redshift.py for tasks to queue
[2024-02-14T16:12:41.529+0000] {logging_mixin.py:188} INFO - [2024-02-14T16:12:41.528+0000] {dagbag.py:538} INFO - Filling up the DagBag from /opt/airflow/dags/l3_e4_s3_to_redshift.py
[2024-02-14T16:12:41.549+0000] {processor.py:840} INFO - DAG(s) 'load_data_to_redshift' retrieved from /opt/airflow/dags/l3_e4_s3_to_redshift.py
[2024-02-14T16:12:41.602+0000] {logging_mixin.py:188} INFO - [2024-02-14T16:12:41.602+0000] {dag.py:3033} INFO - Sync 1 DAGs
[2024-02-14T16:12:41.612+0000] {logging_mixin.py:188} INFO - [2024-02-14T16:12:41.612+0000] {dag.py:3820} INFO - Setting next_dagrun for load_data_to_redshift to 2024-02-14T16:12:41.546659+00:00, run_after=2024-02-15T16:12:41.546659+00:00
[2024-02-14T16:12:41.621+0000] {processor.py:183} INFO - Processing /opt/airflow/dags/l3_e4_s3_to_redshift.py took 0.103 seconds
[2024-02-14T16:13:11.729+0000] {processor.py:161} INFO - Started process (PID=1192) to work on /opt/airflow/dags/l3_e4_s3_to_redshift.py
[2024-02-14T16:13:11.731+0000] {processor.py:830} INFO - Processing file /opt/airflow/dags/l3_e4_s3_to_redshift.py for tasks to queue
[2024-02-14T16:13:11.734+0000] {logging_mixin.py:188} INFO - [2024-02-14T16:13:11.734+0000] {dagbag.py:538} INFO - Filling up the DagBag from /opt/airflow/dags/l3_e4_s3_to_redshift.py
[2024-02-14T16:13:11.756+0000] {processor.py:840} INFO - DAG(s) 'load_data_to_redshift' retrieved from /opt/airflow/dags/l3_e4_s3_to_redshift.py
[2024-02-14T16:13:11.809+0000] {logging_mixin.py:188} INFO - [2024-02-14T16:13:11.809+0000] {dag.py:3033} INFO - Sync 1 DAGs
[2024-02-14T16:13:11.819+0000] {logging_mixin.py:188} INFO - [2024-02-14T16:13:11.819+0000] {dag.py:3820} INFO - Setting next_dagrun for load_data_to_redshift to 2024-02-14T16:13:11.753087+00:00, run_after=2024-02-15T16:13:11.753087+00:00
[2024-02-14T16:13:11.828+0000] {processor.py:183} INFO - Processing /opt/airflow/dags/l3_e4_s3_to_redshift.py took 0.105 seconds
[2024-02-14T16:13:41.924+0000] {processor.py:161} INFO - Started process (PID=1249) to work on /opt/airflow/dags/l3_e4_s3_to_redshift.py
[2024-02-14T16:13:41.926+0000] {processor.py:830} INFO - Processing file /opt/airflow/dags/l3_e4_s3_to_redshift.py for tasks to queue
[2024-02-14T16:13:41.930+0000] {logging_mixin.py:188} INFO - [2024-02-14T16:13:41.930+0000] {dagbag.py:538} INFO - Filling up the DagBag from /opt/airflow/dags/l3_e4_s3_to_redshift.py
[2024-02-14T16:13:41.951+0000] {processor.py:840} INFO - DAG(s) 'load_data_to_redshift' retrieved from /opt/airflow/dags/l3_e4_s3_to_redshift.py
[2024-02-14T16:13:42.005+0000] {logging_mixin.py:188} INFO - [2024-02-14T16:13:42.005+0000] {dag.py:3033} INFO - Sync 1 DAGs
[2024-02-14T16:13:42.015+0000] {logging_mixin.py:188} INFO - [2024-02-14T16:13:42.015+0000] {dag.py:3820} INFO - Setting next_dagrun for load_data_to_redshift to 2024-02-14T16:13:41.947902+00:00, run_after=2024-02-15T16:13:41.947902+00:00
[2024-02-14T16:13:42.025+0000] {processor.py:183} INFO - Processing /opt/airflow/dags/l3_e4_s3_to_redshift.py took 0.108 seconds
[2024-02-14T16:14:12.118+0000] {processor.py:161} INFO - Started process (PID=1307) to work on /opt/airflow/dags/l3_e4_s3_to_redshift.py
[2024-02-14T16:14:12.119+0000] {processor.py:830} INFO - Processing file /opt/airflow/dags/l3_e4_s3_to_redshift.py for tasks to queue
[2024-02-14T16:14:12.121+0000] {logging_mixin.py:188} INFO - [2024-02-14T16:14:12.121+0000] {dagbag.py:538} INFO - Filling up the DagBag from /opt/airflow/dags/l3_e4_s3_to_redshift.py
[2024-02-14T16:14:12.137+0000] {processor.py:840} INFO - DAG(s) 'load_data_to_redshift' retrieved from /opt/airflow/dags/l3_e4_s3_to_redshift.py
[2024-02-14T16:14:12.190+0000] {logging_mixin.py:188} INFO - [2024-02-14T16:14:12.190+0000] {dag.py:3033} INFO - Sync 1 DAGs
[2024-02-14T16:14:12.200+0000] {logging_mixin.py:188} INFO - [2024-02-14T16:14:12.200+0000] {dag.py:3820} INFO - Setting next_dagrun for load_data_to_redshift to 2024-02-14T16:14:12.135622+00:00, run_after=2024-02-15T16:14:12.135622+00:00
[2024-02-14T16:14:12.211+0000] {processor.py:183} INFO - Processing /opt/airflow/dags/l3_e4_s3_to_redshift.py took 0.095 seconds
[2024-02-14T16:14:42.327+0000] {processor.py:161} INFO - Started process (PID=1363) to work on /opt/airflow/dags/l3_e4_s3_to_redshift.py
[2024-02-14T16:14:42.328+0000] {processor.py:830} INFO - Processing file /opt/airflow/dags/l3_e4_s3_to_redshift.py for tasks to queue
[2024-02-14T16:14:42.330+0000] {logging_mixin.py:188} INFO - [2024-02-14T16:14:42.330+0000] {dagbag.py:538} INFO - Filling up the DagBag from /opt/airflow/dags/l3_e4_s3_to_redshift.py
[2024-02-14T16:14:42.346+0000] {processor.py:840} INFO - DAG(s) 'load_data_to_redshift' retrieved from /opt/airflow/dags/l3_e4_s3_to_redshift.py
[2024-02-14T16:14:42.395+0000] {logging_mixin.py:188} INFO - [2024-02-14T16:14:42.395+0000] {dag.py:3033} INFO - Sync 1 DAGs
[2024-02-14T16:14:42.498+0000] {logging_mixin.py:188} INFO - [2024-02-14T16:14:42.498+0000] {dag.py:3820} INFO - Setting next_dagrun for load_data_to_redshift to 2024-02-14T16:14:42.343446+00:00, run_after=2024-02-15T16:14:42.343446+00:00
[2024-02-14T16:14:42.507+0000] {processor.py:183} INFO - Processing /opt/airflow/dags/l3_e4_s3_to_redshift.py took 0.183 seconds
[2024-02-14T16:15:12.624+0000] {processor.py:161} INFO - Started process (PID=1422) to work on /opt/airflow/dags/l3_e4_s3_to_redshift.py
[2024-02-14T16:15:12.624+0000] {processor.py:830} INFO - Processing file /opt/airflow/dags/l3_e4_s3_to_redshift.py for tasks to queue
[2024-02-14T16:15:12.626+0000] {logging_mixin.py:188} INFO - [2024-02-14T16:15:12.626+0000] {dagbag.py:538} INFO - Filling up the DagBag from /opt/airflow/dags/l3_e4_s3_to_redshift.py
[2024-02-14T16:15:12.640+0000] {processor.py:840} INFO - DAG(s) 'load_data_to_redshift' retrieved from /opt/airflow/dags/l3_e4_s3_to_redshift.py
[2024-02-14T16:15:12.688+0000] {logging_mixin.py:188} INFO - [2024-02-14T16:15:12.688+0000] {dag.py:3033} INFO - Sync 1 DAGs
[2024-02-14T16:15:12.788+0000] {logging_mixin.py:188} INFO - [2024-02-14T16:15:12.788+0000] {dag.py:3820} INFO - Setting next_dagrun for load_data_to_redshift to 2024-02-14T16:15:12.638031+00:00, run_after=2024-02-15T16:15:12.638031+00:00
[2024-02-14T16:15:12.797+0000] {processor.py:183} INFO - Processing /opt/airflow/dags/l3_e4_s3_to_redshift.py took 0.175 seconds
[2024-02-14T16:15:42.862+0000] {processor.py:161} INFO - Started process (PID=1479) to work on /opt/airflow/dags/l3_e4_s3_to_redshift.py
[2024-02-14T16:15:42.862+0000] {processor.py:830} INFO - Processing file /opt/airflow/dags/l3_e4_s3_to_redshift.py for tasks to queue
[2024-02-14T16:15:42.864+0000] {logging_mixin.py:188} INFO - [2024-02-14T16:15:42.864+0000] {dagbag.py:538} INFO - Filling up the DagBag from /opt/airflow/dags/l3_e4_s3_to_redshift.py
[2024-02-14T16:15:42.878+0000] {processor.py:840} INFO - DAG(s) 'load_data_to_redshift' retrieved from /opt/airflow/dags/l3_e4_s3_to_redshift.py
[2024-02-14T16:15:42.930+0000] {logging_mixin.py:188} INFO - [2024-02-14T16:15:42.930+0000] {dag.py:3033} INFO - Sync 1 DAGs
[2024-02-14T16:15:43.033+0000] {logging_mixin.py:188} INFO - [2024-02-14T16:15:43.033+0000] {dag.py:3820} INFO - Setting next_dagrun for load_data_to_redshift to 2024-02-14T16:15:42.876089+00:00, run_after=2024-02-15T16:15:42.876089+00:00
[2024-02-14T16:15:43.043+0000] {processor.py:183} INFO - Processing /opt/airflow/dags/l3_e4_s3_to_redshift.py took 0.183 seconds
[2024-02-14T16:16:13.069+0000] {processor.py:161} INFO - Started process (PID=1538) to work on /opt/airflow/dags/l3_e4_s3_to_redshift.py
[2024-02-14T16:16:13.070+0000] {processor.py:830} INFO - Processing file /opt/airflow/dags/l3_e4_s3_to_redshift.py for tasks to queue
[2024-02-14T16:16:13.071+0000] {logging_mixin.py:188} INFO - [2024-02-14T16:16:13.071+0000] {dagbag.py:538} INFO - Filling up the DagBag from /opt/airflow/dags/l3_e4_s3_to_redshift.py
[2024-02-14T16:16:13.086+0000] {processor.py:840} INFO - DAG(s) 'load_data_to_redshift' retrieved from /opt/airflow/dags/l3_e4_s3_to_redshift.py
[2024-02-14T16:16:13.134+0000] {logging_mixin.py:188} INFO - [2024-02-14T16:16:13.134+0000] {dag.py:3033} INFO - Sync 1 DAGs
[2024-02-14T16:16:13.144+0000] {logging_mixin.py:188} INFO - [2024-02-14T16:16:13.144+0000] {dag.py:3820} INFO - Setting next_dagrun for load_data_to_redshift to 2024-02-14T16:16:13.083982+00:00, run_after=2024-02-15T16:16:13.083982+00:00
[2024-02-14T16:16:13.240+0000] {processor.py:183} INFO - Processing /opt/airflow/dags/l3_e4_s3_to_redshift.py took 0.174 seconds
[2024-02-14T16:16:44.175+0000] {processor.py:161} INFO - Started process (PID=1596) to work on /opt/airflow/dags/l3_e4_s3_to_redshift.py
[2024-02-14T16:16:44.177+0000] {processor.py:830} INFO - Processing file /opt/airflow/dags/l3_e4_s3_to_redshift.py for tasks to queue
[2024-02-14T16:16:44.181+0000] {logging_mixin.py:188} INFO - [2024-02-14T16:16:44.181+0000] {dagbag.py:538} INFO - Filling up the DagBag from /opt/airflow/dags/l3_e4_s3_to_redshift.py
[2024-02-14T16:16:44.208+0000] {processor.py:840} INFO - DAG(s) 'load_data_to_redshift' retrieved from /opt/airflow/dags/l3_e4_s3_to_redshift.py
[2024-02-14T16:16:44.259+0000] {logging_mixin.py:188} INFO - [2024-02-14T16:16:44.259+0000] {dag.py:3033} INFO - Sync 1 DAGs
[2024-02-14T16:16:44.272+0000] {logging_mixin.py:188} INFO - [2024-02-14T16:16:44.272+0000] {dag.py:3820} INFO - Setting next_dagrun for load_data_to_redshift to 2024-02-14T16:16:44.205294+00:00, run_after=2024-02-15T16:16:44.205294+00:00
[2024-02-14T16:16:44.284+0000] {processor.py:183} INFO - Processing /opt/airflow/dags/l3_e4_s3_to_redshift.py took 0.115 seconds
[2024-02-14T16:17:14.403+0000] {processor.py:161} INFO - Started process (PID=1653) to work on /opt/airflow/dags/l3_e4_s3_to_redshift.py
[2024-02-14T16:17:14.404+0000] {processor.py:830} INFO - Processing file /opt/airflow/dags/l3_e4_s3_to_redshift.py for tasks to queue
[2024-02-14T16:17:14.407+0000] {logging_mixin.py:188} INFO - [2024-02-14T16:17:14.407+0000] {dagbag.py:538} INFO - Filling up the DagBag from /opt/airflow/dags/l3_e4_s3_to_redshift.py
[2024-02-14T16:17:14.429+0000] {processor.py:840} INFO - DAG(s) 'load_data_to_redshift' retrieved from /opt/airflow/dags/l3_e4_s3_to_redshift.py
[2024-02-14T16:17:14.486+0000] {logging_mixin.py:188} INFO - [2024-02-14T16:17:14.485+0000] {dag.py:3033} INFO - Sync 1 DAGs
[2024-02-14T16:17:14.496+0000] {logging_mixin.py:188} INFO - [2024-02-14T16:17:14.496+0000] {dag.py:3820} INFO - Setting next_dagrun for load_data_to_redshift to 2024-02-14T16:17:14.426516+00:00, run_after=2024-02-15T16:17:14.426516+00:00
[2024-02-14T16:17:14.505+0000] {processor.py:183} INFO - Processing /opt/airflow/dags/l3_e4_s3_to_redshift.py took 0.106 seconds
[2024-02-14T16:17:44.584+0000] {processor.py:161} INFO - Started process (PID=1710) to work on /opt/airflow/dags/l3_e4_s3_to_redshift.py
[2024-02-14T16:17:44.585+0000] {processor.py:830} INFO - Processing file /opt/airflow/dags/l3_e4_s3_to_redshift.py for tasks to queue
[2024-02-14T16:17:44.588+0000] {logging_mixin.py:188} INFO - [2024-02-14T16:17:44.588+0000] {dagbag.py:538} INFO - Filling up the DagBag from /opt/airflow/dags/l3_e4_s3_to_redshift.py
[2024-02-14T16:17:44.608+0000] {processor.py:840} INFO - DAG(s) 'load_data_to_redshift' retrieved from /opt/airflow/dags/l3_e4_s3_to_redshift.py
[2024-02-14T16:17:44.744+0000] {logging_mixin.py:188} INFO - [2024-02-14T16:17:44.744+0000] {dag.py:3033} INFO - Sync 1 DAGs
[2024-02-14T16:17:44.753+0000] {logging_mixin.py:188} INFO - [2024-02-14T16:17:44.752+0000] {dag.py:3820} INFO - Setting next_dagrun for load_data_to_redshift to 2024-02-14T16:17:44.605493+00:00, run_after=2024-02-15T16:17:44.605493+00:00
[2024-02-14T16:17:44.760+0000] {processor.py:183} INFO - Processing /opt/airflow/dags/l3_e4_s3_to_redshift.py took 0.183 seconds
[2024-02-14T16:18:14.893+0000] {processor.py:161} INFO - Started process (PID=1767) to work on /opt/airflow/dags/l3_e4_s3_to_redshift.py
[2024-02-14T16:18:14.893+0000] {processor.py:830} INFO - Processing file /opt/airflow/dags/l3_e4_s3_to_redshift.py for tasks to queue
[2024-02-14T16:18:14.895+0000] {logging_mixin.py:188} INFO - [2024-02-14T16:18:14.895+0000] {dagbag.py:538} INFO - Filling up the DagBag from /opt/airflow/dags/l3_e4_s3_to_redshift.py
[2024-02-14T16:18:14.912+0000] {processor.py:840} INFO - DAG(s) 'load_data_to_redshift' retrieved from /opt/airflow/dags/l3_e4_s3_to_redshift.py
[2024-02-14T16:18:15.096+0000] {logging_mixin.py:188} INFO - [2024-02-14T16:18:15.096+0000] {dag.py:3033} INFO - Sync 1 DAGs
[2024-02-14T16:18:15.106+0000] {logging_mixin.py:188} INFO - [2024-02-14T16:18:15.106+0000] {dag.py:3820} INFO - Setting next_dagrun for load_data_to_redshift to 2024-02-14T16:18:14.909747+00:00, run_after=2024-02-15T16:18:14.909747+00:00
[2024-02-14T16:18:15.115+0000] {processor.py:183} INFO - Processing /opt/airflow/dags/l3_e4_s3_to_redshift.py took 0.224 seconds
[2024-02-14T16:18:45.143+0000] {processor.py:161} INFO - Started process (PID=1826) to work on /opt/airflow/dags/l3_e4_s3_to_redshift.py
[2024-02-14T16:18:45.144+0000] {processor.py:830} INFO - Processing file /opt/airflow/dags/l3_e4_s3_to_redshift.py for tasks to queue
[2024-02-14T16:18:45.146+0000] {logging_mixin.py:188} INFO - [2024-02-14T16:18:45.146+0000] {dagbag.py:538} INFO - Filling up the DagBag from /opt/airflow/dags/l3_e4_s3_to_redshift.py
[2024-02-14T16:18:45.160+0000] {processor.py:840} INFO - DAG(s) 'load_data_to_redshift' retrieved from /opt/airflow/dags/l3_e4_s3_to_redshift.py
[2024-02-14T16:18:45.294+0000] {logging_mixin.py:188} INFO - [2024-02-14T16:18:45.294+0000] {dag.py:3033} INFO - Sync 1 DAGs
[2024-02-14T16:18:45.302+0000] {logging_mixin.py:188} INFO - [2024-02-14T16:18:45.302+0000] {dag.py:3820} INFO - Setting next_dagrun for load_data_to_redshift to 2024-02-14T16:18:45.158025+00:00, run_after=2024-02-15T16:18:45.158025+00:00
[2024-02-14T16:18:45.311+0000] {processor.py:183} INFO - Processing /opt/airflow/dags/l3_e4_s3_to_redshift.py took 0.170 seconds
[2024-02-14T16:19:15.436+0000] {processor.py:161} INFO - Started process (PID=1881) to work on /opt/airflow/dags/l3_e4_s3_to_redshift.py
[2024-02-14T16:19:15.438+0000] {processor.py:830} INFO - Processing file /opt/airflow/dags/l3_e4_s3_to_redshift.py for tasks to queue
[2024-02-14T16:19:15.441+0000] {logging_mixin.py:188} INFO - [2024-02-14T16:19:15.441+0000] {dagbag.py:538} INFO - Filling up the DagBag from /opt/airflow/dags/l3_e4_s3_to_redshift.py
[2024-02-14T16:19:15.465+0000] {processor.py:840} INFO - DAG(s) 'load_data_to_redshift' retrieved from /opt/airflow/dags/l3_e4_s3_to_redshift.py
[2024-02-14T16:19:15.613+0000] {logging_mixin.py:188} INFO - [2024-02-14T16:19:15.613+0000] {dag.py:3033} INFO - Sync 1 DAGs
[2024-02-14T16:19:15.623+0000] {logging_mixin.py:188} INFO - [2024-02-14T16:19:15.622+0000] {dag.py:3820} INFO - Setting next_dagrun for load_data_to_redshift to 2024-02-14T16:19:15.462811+00:00, run_after=2024-02-15T16:19:15.462811+00:00
[2024-02-14T16:19:15.632+0000] {processor.py:183} INFO - Processing /opt/airflow/dags/l3_e4_s3_to_redshift.py took 0.202 seconds
[2024-02-14T16:19:45.702+0000] {processor.py:161} INFO - Started process (PID=1940) to work on /opt/airflow/dags/l3_e4_s3_to_redshift.py
[2024-02-14T16:19:45.703+0000] {processor.py:830} INFO - Processing file /opt/airflow/dags/l3_e4_s3_to_redshift.py for tasks to queue
[2024-02-14T16:19:45.704+0000] {logging_mixin.py:188} INFO - [2024-02-14T16:19:45.704+0000] {dagbag.py:538} INFO - Filling up the DagBag from /opt/airflow/dags/l3_e4_s3_to_redshift.py
[2024-02-14T16:19:45.719+0000] {processor.py:840} INFO - DAG(s) 'load_data_to_redshift' retrieved from /opt/airflow/dags/l3_e4_s3_to_redshift.py
[2024-02-14T16:19:45.852+0000] {logging_mixin.py:188} INFO - [2024-02-14T16:19:45.852+0000] {dag.py:3033} INFO - Sync 1 DAGs
[2024-02-14T16:19:45.860+0000] {logging_mixin.py:188} INFO - [2024-02-14T16:19:45.860+0000] {dag.py:3820} INFO - Setting next_dagrun for load_data_to_redshift to 2024-02-14T16:19:45.716609+00:00, run_after=2024-02-15T16:19:45.716609+00:00
[2024-02-14T16:19:45.869+0000] {processor.py:183} INFO - Processing /opt/airflow/dags/l3_e4_s3_to_redshift.py took 0.169 seconds
[2024-02-14T16:20:16.878+0000] {processor.py:161} INFO - Started process (PID=1997) to work on /opt/airflow/dags/l3_e4_s3_to_redshift.py
[2024-02-14T16:20:16.880+0000] {processor.py:830} INFO - Processing file /opt/airflow/dags/l3_e4_s3_to_redshift.py for tasks to queue
[2024-02-14T16:20:16.882+0000] {logging_mixin.py:188} INFO - [2024-02-14T16:20:16.882+0000] {dagbag.py:538} INFO - Filling up the DagBag from /opt/airflow/dags/l3_e4_s3_to_redshift.py
[2024-02-14T16:20:16.903+0000] {processor.py:840} INFO - DAG(s) 'load_data_to_redshift' retrieved from /opt/airflow/dags/l3_e4_s3_to_redshift.py
[2024-02-14T16:20:17.035+0000] {logging_mixin.py:188} INFO - [2024-02-14T16:20:17.035+0000] {dag.py:3033} INFO - Sync 1 DAGs
[2024-02-14T16:20:17.045+0000] {logging_mixin.py:188} INFO - [2024-02-14T16:20:17.044+0000] {dag.py:3820} INFO - Setting next_dagrun for load_data_to_redshift to 2024-02-14T16:20:16.901043+00:00, run_after=2024-02-15T16:20:16.901043+00:00
[2024-02-14T16:20:17.054+0000] {processor.py:183} INFO - Processing /opt/airflow/dags/l3_e4_s3_to_redshift.py took 0.180 seconds
[2024-02-14T16:20:47.300+0000] {processor.py:161} INFO - Started process (PID=2054) to work on /opt/airflow/dags/l3_e4_s3_to_redshift.py
[2024-02-14T16:20:47.301+0000] {processor.py:830} INFO - Processing file /opt/airflow/dags/l3_e4_s3_to_redshift.py for tasks to queue
[2024-02-14T16:20:47.302+0000] {logging_mixin.py:188} INFO - [2024-02-14T16:20:47.302+0000] {dagbag.py:538} INFO - Filling up the DagBag from /opt/airflow/dags/l3_e4_s3_to_redshift.py
[2024-02-14T16:20:47.316+0000] {processor.py:840} INFO - DAG(s) 'load_data_to_redshift' retrieved from /opt/airflow/dags/l3_e4_s3_to_redshift.py
[2024-02-14T16:20:47.444+0000] {logging_mixin.py:188} INFO - [2024-02-14T16:20:47.444+0000] {dag.py:3033} INFO - Sync 1 DAGs
[2024-02-14T16:20:47.454+0000] {logging_mixin.py:188} INFO - [2024-02-14T16:20:47.454+0000] {dag.py:3820} INFO - Setting next_dagrun for load_data_to_redshift to 2024-02-14T16:20:47.314004+00:00, run_after=2024-02-15T16:20:47.314004+00:00
[2024-02-14T16:20:47.467+0000] {processor.py:183} INFO - Processing /opt/airflow/dags/l3_e4_s3_to_redshift.py took 0.170 seconds
[2024-02-14T16:21:17.675+0000] {processor.py:161} INFO - Started process (PID=2111) to work on /opt/airflow/dags/l3_e4_s3_to_redshift.py
[2024-02-14T16:21:17.676+0000] {processor.py:830} INFO - Processing file /opt/airflow/dags/l3_e4_s3_to_redshift.py for tasks to queue
[2024-02-14T16:21:17.680+0000] {logging_mixin.py:188} INFO - [2024-02-14T16:21:17.679+0000] {dagbag.py:538} INFO - Filling up the DagBag from /opt/airflow/dags/l3_e4_s3_to_redshift.py
[2024-02-14T16:21:17.707+0000] {processor.py:840} INFO - DAG(s) 'load_data_to_redshift' retrieved from /opt/airflow/dags/l3_e4_s3_to_redshift.py
[2024-02-14T16:21:17.854+0000] {logging_mixin.py:188} INFO - [2024-02-14T16:21:17.854+0000] {dag.py:3033} INFO - Sync 1 DAGs
[2024-02-14T16:21:17.864+0000] {logging_mixin.py:188} INFO - [2024-02-14T16:21:17.864+0000] {dag.py:3820} INFO - Setting next_dagrun for load_data_to_redshift to 2024-02-14T16:21:17.703507+00:00, run_after=2024-02-15T16:21:17.703507+00:00
[2024-02-14T16:21:17.874+0000] {processor.py:183} INFO - Processing /opt/airflow/dags/l3_e4_s3_to_redshift.py took 0.204 seconds
[2024-02-14T16:21:48.097+0000] {processor.py:161} INFO - Started process (PID=2167) to work on /opt/airflow/dags/l3_e4_s3_to_redshift.py
[2024-02-14T16:21:48.099+0000] {processor.py:830} INFO - Processing file /opt/airflow/dags/l3_e4_s3_to_redshift.py for tasks to queue
[2024-02-14T16:21:48.103+0000] {logging_mixin.py:188} INFO - [2024-02-14T16:21:48.102+0000] {dagbag.py:538} INFO - Filling up the DagBag from /opt/airflow/dags/l3_e4_s3_to_redshift.py
[2024-02-14T16:21:48.128+0000] {processor.py:840} INFO - DAG(s) 'load_data_to_redshift' retrieved from /opt/airflow/dags/l3_e4_s3_to_redshift.py
[2024-02-14T16:21:48.293+0000] {logging_mixin.py:188} INFO - [2024-02-14T16:21:48.293+0000] {dag.py:3033} INFO - Sync 1 DAGs
[2024-02-14T16:21:48.305+0000] {logging_mixin.py:188} INFO - [2024-02-14T16:21:48.305+0000] {dag.py:3820} INFO - Setting next_dagrun for load_data_to_redshift to 2024-02-14T16:21:48.124587+00:00, run_after=2024-02-15T16:21:48.124587+00:00
[2024-02-14T16:21:48.314+0000] {processor.py:183} INFO - Processing /opt/airflow/dags/l3_e4_s3_to_redshift.py took 0.223 seconds
[2024-02-14T16:22:18.483+0000] {processor.py:161} INFO - Started process (PID=2224) to work on /opt/airflow/dags/l3_e4_s3_to_redshift.py
[2024-02-14T16:22:18.485+0000] {processor.py:830} INFO - Processing file /opt/airflow/dags/l3_e4_s3_to_redshift.py for tasks to queue
[2024-02-14T16:22:18.489+0000] {logging_mixin.py:188} INFO - [2024-02-14T16:22:18.489+0000] {dagbag.py:538} INFO - Filling up the DagBag from /opt/airflow/dags/l3_e4_s3_to_redshift.py
[2024-02-14T16:22:18.515+0000] {processor.py:840} INFO - DAG(s) 'load_data_to_redshift' retrieved from /opt/airflow/dags/l3_e4_s3_to_redshift.py
[2024-02-14T16:22:18.638+0000] {logging_mixin.py:188} INFO - [2024-02-14T16:22:18.637+0000] {dag.py:3033} INFO - Sync 1 DAGs
[2024-02-14T16:22:18.645+0000] {logging_mixin.py:188} INFO - [2024-02-14T16:22:18.645+0000] {dag.py:3820} INFO - Setting next_dagrun for load_data_to_redshift to 2024-02-14T16:22:18.512184+00:00, run_after=2024-02-15T16:22:18.512184+00:00
[2024-02-14T16:22:18.654+0000] {processor.py:183} INFO - Processing /opt/airflow/dags/l3_e4_s3_to_redshift.py took 0.176 seconds
[2024-02-14T16:22:49.370+0000] {processor.py:161} INFO - Started process (PID=2281) to work on /opt/airflow/dags/l3_e4_s3_to_redshift.py
[2024-02-14T16:22:49.372+0000] {processor.py:830} INFO - Processing file /opt/airflow/dags/l3_e4_s3_to_redshift.py for tasks to queue
[2024-02-14T16:22:49.375+0000] {logging_mixin.py:188} INFO - [2024-02-14T16:22:49.374+0000] {dagbag.py:538} INFO - Filling up the DagBag from /opt/airflow/dags/l3_e4_s3_to_redshift.py
[2024-02-14T16:22:49.402+0000] {processor.py:840} INFO - DAG(s) 'load_data_to_redshift' retrieved from /opt/airflow/dags/l3_e4_s3_to_redshift.py
[2024-02-14T16:22:49.544+0000] {logging_mixin.py:188} INFO - [2024-02-14T16:22:49.543+0000] {dag.py:3033} INFO - Sync 1 DAGs
[2024-02-14T16:22:49.552+0000] {logging_mixin.py:188} INFO - [2024-02-14T16:22:49.552+0000] {dag.py:3820} INFO - Setting next_dagrun for load_data_to_redshift to 2024-02-14T16:22:49.399094+00:00, run_after=2024-02-15T16:22:49.399094+00:00
[2024-02-14T16:22:49.560+0000] {processor.py:183} INFO - Processing /opt/airflow/dags/l3_e4_s3_to_redshift.py took 0.194 seconds
[2024-02-14T16:23:19.895+0000] {processor.py:161} INFO - Started process (PID=2338) to work on /opt/airflow/dags/l3_e4_s3_to_redshift.py
[2024-02-14T16:23:19.896+0000] {processor.py:830} INFO - Processing file /opt/airflow/dags/l3_e4_s3_to_redshift.py for tasks to queue
[2024-02-14T16:23:19.899+0000] {logging_mixin.py:188} INFO - [2024-02-14T16:23:19.899+0000] {dagbag.py:538} INFO - Filling up the DagBag from /opt/airflow/dags/l3_e4_s3_to_redshift.py
[2024-02-14T16:23:19.919+0000] {processor.py:840} INFO - DAG(s) 'load_data_to_redshift' retrieved from /opt/airflow/dags/l3_e4_s3_to_redshift.py
[2024-02-14T16:23:19.974+0000] {logging_mixin.py:188} INFO - [2024-02-14T16:23:19.974+0000] {dag.py:3033} INFO - Sync 1 DAGs
[2024-02-14T16:23:19.984+0000] {logging_mixin.py:188} INFO - [2024-02-14T16:23:19.984+0000] {dag.py:3820} INFO - Setting next_dagrun for load_data_to_redshift to 2024-02-14T16:23:19.916460+00:00, run_after=2024-02-15T16:23:19.916460+00:00
[2024-02-14T16:23:19.995+0000] {processor.py:183} INFO - Processing /opt/airflow/dags/l3_e4_s3_to_redshift.py took 0.103 seconds
[2024-02-14T16:23:50.980+0000] {processor.py:161} INFO - Started process (PID=2395) to work on /opt/airflow/dags/l3_e4_s3_to_redshift.py
[2024-02-14T16:23:50.985+0000] {processor.py:830} INFO - Processing file /opt/airflow/dags/l3_e4_s3_to_redshift.py for tasks to queue
[2024-02-14T16:23:50.992+0000] {logging_mixin.py:188} INFO - [2024-02-14T16:23:50.992+0000] {dagbag.py:538} INFO - Filling up the DagBag from /opt/airflow/dags/l3_e4_s3_to_redshift.py
[2024-02-14T16:23:51.018+0000] {processor.py:840} INFO - DAG(s) 'load_data_to_redshift' retrieved from /opt/airflow/dags/l3_e4_s3_to_redshift.py
[2024-02-14T16:23:51.071+0000] {logging_mixin.py:188} INFO - [2024-02-14T16:23:51.071+0000] {dag.py:3033} INFO - Sync 1 DAGs
[2024-02-14T16:23:51.080+0000] {logging_mixin.py:188} INFO - [2024-02-14T16:23:51.080+0000] {dag.py:3820} INFO - Setting next_dagrun for load_data_to_redshift to 2024-02-14T16:23:51.014639+00:00, run_after=2024-02-15T16:23:51.014639+00:00
[2024-02-14T16:23:51.088+0000] {processor.py:183} INFO - Processing /opt/airflow/dags/l3_e4_s3_to_redshift.py took 0.113 seconds
[2024-02-14T16:24:21.370+0000] {processor.py:161} INFO - Started process (PID=2452) to work on /opt/airflow/dags/l3_e4_s3_to_redshift.py
[2024-02-14T16:24:21.372+0000] {processor.py:830} INFO - Processing file /opt/airflow/dags/l3_e4_s3_to_redshift.py for tasks to queue
[2024-02-14T16:24:21.375+0000] {logging_mixin.py:188} INFO - [2024-02-14T16:24:21.375+0000] {dagbag.py:538} INFO - Filling up the DagBag from /opt/airflow/dags/l3_e4_s3_to_redshift.py
[2024-02-14T16:24:21.399+0000] {processor.py:840} INFO - DAG(s) 'load_data_to_redshift' retrieved from /opt/airflow/dags/l3_e4_s3_to_redshift.py
[2024-02-14T16:24:21.452+0000] {logging_mixin.py:188} INFO - [2024-02-14T16:24:21.452+0000] {dag.py:3033} INFO - Sync 1 DAGs
[2024-02-14T16:24:21.462+0000] {logging_mixin.py:188} INFO - [2024-02-14T16:24:21.461+0000] {dag.py:3820} INFO - Setting next_dagrun for load_data_to_redshift to 2024-02-14T16:24:21.396185+00:00, run_after=2024-02-15T16:24:21.396185+00:00
[2024-02-14T16:24:21.471+0000] {processor.py:183} INFO - Processing /opt/airflow/dags/l3_e4_s3_to_redshift.py took 0.107 seconds
