[2024-02-18T08:55:31.900+0000] {taskinstance.py:1957} INFO - Dependencies all met for dep_context=non-requeueable deps ti=<TaskInstance: final_project.create_staging_songs_table manual__2024-02-18T08:55:13.724214+00:00 [queued]>
[2024-02-18T08:55:31.904+0000] {taskinstance.py:1957} INFO - Dependencies all met for dep_context=requeueable deps ti=<TaskInstance: final_project.create_staging_songs_table manual__2024-02-18T08:55:13.724214+00:00 [queued]>
[2024-02-18T08:55:31.904+0000] {taskinstance.py:2171} INFO - Starting attempt 1 of 1
[2024-02-18T08:55:31.910+0000] {taskinstance.py:2192} INFO - Executing <Task(PostgresOperator): create_staging_songs_table> on 2024-02-18 08:55:13.724214+00:00
[2024-02-18T08:55:31.914+0000] {standard_task_runner.py:60} INFO - Started process 23279 to run task
[2024-02-18T08:55:31.916+0000] {standard_task_runner.py:87} INFO - Running: ['***', 'tasks', 'run', 'final_project', 'create_staging_songs_table', 'manual__2024-02-18T08:55:13.724214+00:00', '--job-id', '65', '--raw', '--subdir', 'DAGS_FOLDER/final_project.py', '--cfg-path', '/tmp/tmpfzo5pm3g']
[2024-02-18T08:55:31.918+0000] {standard_task_runner.py:88} INFO - Job 65: Subtask create_staging_songs_table
[2024-02-18T08:55:31.941+0000] {task_command.py:423} INFO - Running <TaskInstance: final_project.create_staging_songs_table manual__2024-02-18T08:55:13.724214+00:00 [running]> on host 6b28116ad14a
[2024-02-18T08:55:31.982+0000] {taskinstance.py:2481} INFO - Exporting env vars: AIRFLOW_CTX_DAG_OWNER='udacity' AIRFLOW_CTX_DAG_ID='final_project' AIRFLOW_CTX_TASK_ID='create_staging_songs_table' AIRFLOW_CTX_EXECUTION_DATE='2024-02-18T08:55:13.724214+00:00' AIRFLOW_CTX_TRY_NUMBER='1' AIRFLOW_CTX_DAG_RUN_ID='manual__2024-02-18T08:55:13.724214+00:00'
[2024-02-18T08:55:31.984+0000] {sql.py:276} INFO - Executing: 
    create table if not exists staging.staging_songs (
        artist_id varchar(200) not null,
        artist_latitude double precision,
        artist_location varchar(max),
        artist_longitude double precision,
        artist_name text,
        duration double precision,
        num_songs int,
        song_id varchar(200) not null distkey,        
        title text,  
        year int
    )
    
[2024-02-18T08:55:31.988+0000] {base.py:83} INFO - Using connection ID 'redshift' for task execution.
[2024-02-18T08:55:32.009+0000] {base.py:83} INFO - Using connection ID 'redshift' for task execution.
[2024-02-18T08:55:35.391+0000] {sql.py:432} INFO - Running statement: 
    create table if not exists staging.staging_songs (
        artist_id varchar(200) not null,
        artist_latitude double precision,
        artist_location varchar(max),
        artist_longitude double precision,
        artist_name text,
        duration double precision,
        num_songs int,
        song_id varchar(200) not null distkey,        
        title text,  
        year int
    )
    , parameters: None
[2024-02-18T08:55:40.601+0000] {taskinstance.py:1138} INFO - Marking task as SUCCESS. dag_id=final_project, task_id=create_staging_songs_table, execution_date=20240218T085513, start_date=20240218T085531, end_date=20240218T085540
[2024-02-18T08:55:40.647+0000] {local_task_job_runner.py:234} INFO - Task exited with return code 0
[2024-02-18T08:55:40.663+0000] {taskinstance.py:3281} INFO - 0 downstream tasks scheduled from follow-on schedule check
